Clock: clk
Sources: clk 
Generated: no
Virtual: no
Propagated: no
Period: 25.000000

===========================================================================
report_clock_properties
============================================================================
Clock                   Period          Waveform
----------------------------------------------------
clk                  25.000000    0.000000 12.500000

===========================================================================
report_clock_latency
============================================================================
Clock clk
rise -> rise
    min     max
0.000000 0.000000 source latency
1.217849         network latency _44749_/CLK
        1.472766 network latency _43081_/CLK
---------------
1.217849 1.472766 latency
        0.254917 skew

fall -> fall
    min     max
0.000000 0.000000 source latency
1.275097         network latency _44749_/CLK
        1.517161 network latency _43081_/CLK
---------------
1.275097 1.517161 latency
        0.242063 skew



===========================================================================
report_clock_min_period
============================================================================
clk period_min = 22.76 fmax = 43.93
