Clock: clk
Sources: clk 
Generated: no
Virtual: yes
Propagated: no
Period: 25.000000

===========================================================================
report_clock_properties
============================================================================
Clock                   Period          Waveform
----------------------------------------------------
clk                  25.000000    0.000000 12.500000

===========================================================================
report_clock_latency
============================================================================
Clock clk
rise -> rise
    min     max
0.000000 0.000000 source latency
1.229659         network latency _48453_/CLK
        1.331567 network latency _47009_/CLK
---------------
1.229659 1.331567 latency
        0.101908 skew

fall -> fall
    min     max
0.000000 0.000000 source latency
1.239223         network latency _48453_/CLK
        1.322000 network latency _47009_/CLK
---------------
1.239223 1.322000 latency
        0.082777 skew



===========================================================================
report_clock_min_period
============================================================================
clk period_min = 14.99 fmax = 66.72
