тФПтФБтФБтФБтФБтФБтФБтФБтФ│тФБтФБтФБтФБтФБтФБтФБтФБтФБтФ│тФБтФБтФБтФБтФБтФБтФБтФБтФБтФБтФ│тФБтФБтФБтФБтФБтФБтФБтФБтФБтФБтФБтФБтФБтФБтФБтФБтФБтФБтФБтФБтФБтФБтФБтФБтФБтФ│тФБтФБтФБтФБтФБтФБтФБтФБтФБтФБтФБтФБтФБтФБтФБтФБтФБтФБтФБтФБтФ│тФБтФБтФБтФБтФБтФБтФБтФУ
тФГ P / R тФГ Partial тФГ Required тФГ Net                     тФГ Pin                тФГ Layer тФГ
тФбтФБтФБтФБтФБтФБтФБтФБтХЗтФБтФБтФБтФБтФБтФБтФБтФБтФБтХЗтФБтФБтФБтФБтФБтФБтФБтФБтФБтФБтХЗтФБтФБтФБтФБтФБтФБтФБтФБтФБтФБтФБтФБтФБтФБтФБтФБтФБтФБтФБтФБтФБтФБтФБтФБтФБтХЗтФБтФБтФБтФБтФБтФБтФБтФБтФБтФБтФБтФБтФБтФБтФБтФБтФБтФБтФБтФБтХЗтФБтФБтФБтФБтФБтФБтФБтФй
тФВ 6.59  тФВ 2637.52 тФВ 400.00   тФВ _00105_                 тФВ _45401_/D          тФВ met3  тФВ
тФВ 6.59  тФВ 2637.52 тФВ 400.00   тФВ _00106_                 тФВ _45402_/D          тФВ met3  тФВ
тФВ 3.91  тФВ 1565.41 тФВ 400.00   тФВ sq_enq_counter[16\]     тФВ fanout1121/A       тФВ met3  тФВ
тФВ 3.78  тФВ 1513.58 тФВ 400.00   тФВ sq_enq_counter[14\]     тФВ fanout1147/A       тФВ met3  тФВ
тФВ 3.09  тФВ 1235.94 тФВ 400.00   тФВ net431                  тФВ _35252_/B          тФВ met3  тФВ
тФВ 3.09  тФВ 1235.62 тФВ 400.00   тФВ _00735_                 тФВ _45171_/D          тФВ met3  тФВ
тФВ 3.02  тФВ 1209.21 тФВ 400.00   тФВ _17845_                 тФВ _34680_/A2         тФВ met3  тФВ
тФВ 3.01  тФВ 1202.74 тФВ 400.00   тФВ net773                  тФВ _40341_/A          тФВ met3  тФВ
тФВ 2.70  тФВ 1078.51 тФВ 400.00   тФВ net1768                 тФВ wire1767/A         тФВ met1  тФВ
тФВ 2.57  тФВ 1028.28 тФВ 400.00   тФВ net594                  тФВ _24531_/B1         тФВ met3  тФВ
тФВ 2.46  тФВ 985.89  тФВ 400.00   тФВ ctrl_cmd_word2[16\]     тФВ _25912_/A1         тФВ met3  тФВ
тФВ 2.43  тФВ 972.76  тФВ 400.00   тФВ net1307                 тФВ _27629_/A1         тФВ met3  тФВ
тФВ 2.35  тФВ 941.28  тФВ 400.00   тФВ ctrl_cmd_word2[21\]     тФВ _25970_/A1         тФВ met3  тФВ
тФВ 2.33  тФВ 933.08  тФВ 400.00   тФВ _00731_                 тФВ _45168_/D          тФВ met1  тФВ
тФВ 2.14  тФВ 856.81  тФВ 400.00   тФВ net295                  тФВ _25999_/B          тФВ met1  тФВ
тФВ 2.13  тФВ 852.97  тФВ 400.00   тФВ net444                  тФВ _26546_/A          тФВ met3  тФВ
тФВ 2.13  тФВ 852.97  тФВ 400.00   тФВ net444                  тФВ _26983_/B          тФВ met3  тФВ
тФВ 2.13  тФВ 852.97  тФВ 400.00   тФВ net444                  тФВ _35492_/B          тФВ met3  тФВ
тФВ 2.13  тФВ 852.20  тФВ 400.00   тФВ net368                  тФВ _26849_/A2         тФВ met3  тФВ
тФВ 2.09  тФВ 834.59  тФВ 400.00   тФВ sq_enq_counter[13\]     тФВ fanout1160/A       тФВ met3  тФВ
тФВ 2.02  тФВ 807.56  тФВ 400.00   тФВ _06817_                 тФВ _23670_/A1         тФВ met3  тФВ
тФВ 2.02  тФВ 807.56  тФВ 400.00   тФВ _06817_                 тФВ _24375_/A3         тФВ met3  тФВ
тФВ 2.02  тФВ 806.48  тФВ 400.00   тФВ net320                  тФВ _35049_/C          тФВ met3  тФВ
тФВ 1.99  тФВ 797.52  тФВ 400.00   тФВ net1957                 тФВ _34264_/A1         тФВ met3  тФВ
тФВ 1.91  тФВ 762.86  тФВ 400.00   тФВ _10364_                 тФВ _25793_/C1         тФВ met3  тФВ
тФВ 1.90  тФВ 760.58  тФВ 400.00   тФВ _11598_                 тФВ _30557_/B          тФВ met3  тФВ
тФВ 1.89  тФВ 757.78  тФВ 400.00   тФВ _13813_                 тФВ _30823_/A1         тФВ met1  тФВ
тФВ 1.85  тФВ 739.44  тФВ 400.00   тФВ net194                  тФВ _21800_/B2         тФВ met3  тФВ
тФВ 1.85  тФВ 739.44  тФВ 400.00   тФВ net194                  тФВ _25020_/A1         тФВ met3  тФВ
тФВ 1.85  тФВ 738.28  тФВ 400.00   тФВ _11646_                 тФВ _30561_/B          тФВ met3  тФВ
тФВ 1.82  тФВ 728.67  тФВ 400.00   тФВ _00107_                 тФВ _45403_/D          тФВ met1  тФВ
тФВ 1.80  тФВ 720.55  тФВ 400.00   тФВ net749                  тФВ _40288_/A          тФВ met3  тФВ
тФВ 1.80  тФВ 720.55  тФВ 400.00   тФВ net749                  тФВ _40684_/B          тФВ met3  тФВ
тФВ 1.80  тФВ 718.42  тФВ 400.00   тФВ net390                  тФВ _35026_/B2         тФВ met3  тФВ
тФВ 1.79  тФВ 715.98  тФВ 400.00   тФВ _07025_                 тФВ _24824_/B1         тФВ met3  тФВ
тФВ 1.79  тФВ 715.98  тФВ 400.00   тФВ _10538_                 тФВ _28754_/B          тФВ met3  тФВ
тФВ 1.75  тФВ 698.28  тФВ 400.00   тФВ net733                  тФВ _28313_/A1         тФВ met1  тФВ
тФВ 1.73  тФВ 693.67  тФВ 400.00   тФВ _18511_                 тФВ _40969_/A          тФВ met3  тФВ
тФВ 1.68  тФВ 673.65  тФВ 400.00   тФВ net361                  тФВ _26453_/A1         тФВ met3  тФВ
тФВ 1.59  тФВ 634.10  тФВ 400.00   тФВ _17767_                 тФВ _26236_/A          тФВ met1  тФВ
тФВ 1.57  тФВ 626.44  тФВ 400.00   тФВ _20066_                 тФВ _42529_/A          тФВ met1  тФВ
тФВ 1.57  тФВ 626.08  тФВ 400.00   тФВ _00735_                 тФВ _45171_/D          тФВ met1  тФВ
тФВ 1.56  тФВ 622.29  тФВ 400.00   тФВ ctrl_cmd_word[11\]      тФВ _28201_/A1         тФВ met3  тФВ
тФВ 1.47  тФВ 588.08  тФВ 400.00   тФВ u_ctrl.tt_wr_status[2\] тФВ _30430_/B          тФВ met1  тФВ
тФВ 1.46  тФВ 582.16  тФВ 400.00   тФВ _10521_                 тФВ _28741_/B          тФВ met3  тФВ
тФВ 1.42  тФВ 566.26  тФВ 400.00   тФВ _03768_                 тФВ _40092_/C          тФВ met1  тФВ
тФВ 1.41  тФВ 563.42  тФВ 400.00   тФВ _00725_                 тФВ _45162_/D          тФВ met1  тФВ
тФВ 1.41  тФВ 562.64  тФВ 400.00   тФВ _02845_                 тФВ _44717_/D          тФВ met1  тФВ
тФВ 1.40  тФВ 559.85  тФВ 400.00   тФВ net1187                 тФВ _22087_/A2         тФВ met3  тФВ
тФВ 1.37  тФВ 548.01  тФВ 400.00   тФВ net890                  тФВ _25493_/A2         тФВ met2  тФВ
тФВ 1.37  тФВ 548.01  тФВ 400.00   тФВ net890                  тФВ _27635_/A0         тФВ met2  тФВ
тФВ 1.36  тФВ 543.62  тФВ 400.00   тФВ net889                  тФВ _27637_/A0         тФВ met3  тФВ
тФВ 1.36  тФВ 542.50  тФВ 400.00   тФВ _14123_                 тФВ _31634_/A1         тФВ met1  тФВ
тФВ 1.35  тФВ 539.83  тФВ 400.00   тФВ _06923_                 тФВ _24735_/A1         тФВ met3  тФВ
тФВ 1.35  тФВ 538.65  тФВ 400.00   тФВ net953                  тФВ fanout945/A        тФВ met1  тФВ
тФВ 1.34  тФВ 534.67  тФВ 400.00   тФВ _02852_                 тФВ _44724_/D          тФВ met3  тФВ
тФВ 1.34  тФВ 534.67  тФВ 400.00   тФВ sq_enq_counter[20\]     тФВ _39534_/A          тФВ met3  тФВ
тФВ 1.31  тФВ 523.61  тФВ 400.00   тФВ _12746_                 тФВ _30940_/A          тФВ met3  тФВ
тФВ 1.29  тФВ 515.25  тФВ 400.00   тФВ net1171                 тФВ _21804_/A1         тФВ met3  тФВ
тФВ 1.27  тФВ 509.42  тФВ 400.00   тФВ _05687_                 тФВ _41912_/A          тФВ met1  тФВ
тФВ 1.26  тФВ 505.69  тФВ 400.00   тФВ net468                  тФВ _26521_/B          тФВ met2  тФВ
тФВ 1.24  тФВ 495.15  тФВ 400.00   тФВ net954                  тФВ fanout933/A        тФВ met3  тФВ
тФВ 1.24  тФВ 495.15  тФВ 400.00   тФВ net954                  тФВ wire953/A          тФВ met3  тФВ
тФВ 1.23  тФВ 493.09  тФВ 400.00   тФВ _07059_                 тФВ _24403_/A          тФВ met3  тФВ
тФВ 1.23  тФВ 492.98  тФВ 400.00   тФВ net362                  тФВ _26892_/B1         тФВ met3  тФВ
тФВ 1.23  тФВ 492.98  тФВ 400.00   тФВ net362                  тФВ _35117_/B1         тФВ met3  тФВ
тФВ 1.23  тФВ 492.95  тФВ 400.00   тФВ _06911_                 тФВ _22025_/A1         тФВ met3  тФВ
тФВ 1.21  тФВ 483.62  тФВ 400.00   тФВ net751                  тФВ _23416_/A1         тФВ met3  тФВ
тФВ 1.21  тФВ 483.62  тФВ 400.00   тФВ net751                  тФВ _24358_/A3         тФВ met3  тФВ
тФВ 1.21  тФВ 483.62  тФВ 400.00   тФВ net751                  тФВ _36667_/C          тФВ met3  тФВ
тФВ 1.19  тФВ 475.35  тФВ 400.00   тФВ net16                   тФВ output16/A         тФВ met1  тФВ
тФВ 1.18  тФВ 473.31  тФВ 400.00   тФВ net409                  тФВ _25822_/A          тФВ met3  тФВ
тФВ 1.18  тФВ 473.31  тФВ 400.00   тФВ net409                  тФВ _35252_/A          тФВ met3  тФВ
тФВ 1.18  тФВ 473.31  тФВ 400.00   тФВ net409                  тФВ _35468_/A          тФВ met3  тФВ
тФВ 1.17  тФВ 469.59  тФВ 400.00   тФВ net743                  тФВ _39627_/B          тФВ met3  тФВ
тФВ 1.17  тФВ 469.59  тФВ 400.00   тФВ net743                  тФВ _42197_/B          тФВ met3  тФВ
тФВ 1.16  тФВ 462.52  тФВ 400.00   тФВ _07002_                 тФВ _24800_/A1         тФВ met3  тФВ
тФВ 1.16  тФВ 462.52  тФВ 400.00   тФВ _07002_                 тФВ max_cap192/A       тФВ met3  тФВ
тФВ 1.14  тФВ 455.27  тФВ 400.00   тФВ _03875_                 тФВ _40103_/A1         тФВ met3  тФВ
тФВ 1.14  тФВ 455.24  тФВ 400.00   тФВ _03510_                 тФВ _40632_/A2         тФВ met3  тФВ
тФВ 1.13  тФВ 453.85  тФВ 400.00   тФВ net360                  тФВ _35300_/B1         тФВ met2  тФВ
тФВ 1.13  тФВ 450.78  тФВ 400.00   тФВ net187                  тФВ _22696_/B1         тФВ met3  тФВ
тФВ 1.12  тФВ 448.34  тФВ 400.00   тФВ _11736_                 тФВ _30569_/B          тФВ met3  тФВ
тФВ 1.12  тФВ 448.34  тФВ 400.00   тФВ net605                  тФВ _24331_/C1         тФВ met3  тФВ
тФВ 1.12  тФВ 447.30  тФВ 400.00   тФВ ctrl_cmd_word[23\]      тФВ _28513_/C          тФВ met3  тФВ
тФВ 1.12  тФВ 447.05  тФВ 400.00   тФВ _02850_                 тФВ _44722_/D          тФВ met3  тФВ
тФВ 1.11  тФВ 444.11  тФВ 400.00   тФВ _11280_                 тФВ _34614_/A1         тФВ met1  тФВ
тФВ 1.11  тФВ 442.57  тФВ 400.00   тФВ _17047_                 тФВ _34627_/A_N        тФВ met3  тФВ
тФВ 1.11  тФВ 442.57  тФВ 400.00   тФВ _17047_                 тФВ _34628_/B          тФВ met3  тФВ
тФВ 1.10  тФВ 439.76  тФВ 400.00   тФВ net1266                 тФВ _21742_/A1         тФВ met3  тФВ
тФВ 1.10  тФВ 439.76  тФВ 400.00   тФВ net1266                 тФВ wire1263/A         тФВ met3  тФВ
тФВ 1.09  тФВ 437.07  тФВ 400.00   тФВ _10561_                 тФВ _26007_/C          тФВ met1  тФВ
тФВ 1.08  тФВ 432.08  тФВ 400.00   тФВ _07207_                 тФВ _22081_/A          тФВ met1  тФВ
тФВ 1.08  тФВ 431.21  тФВ 400.00   тФВ _07285_                 тФВ _23161_/B1         тФВ met2  тФВ
тФВ 1.07  тФВ 429.00  тФВ 400.00   тФВ _20646_                 тФВ _40092_/B          тФВ met1  тФВ
тФВ 1.07  тФВ 428.27  тФВ 400.00   тФВ net195                  тФВ _25015_/A1         тФВ met3  тФВ
тФВ 1.07  тФВ 426.12  тФВ 400.00   тФВ net740                  тФВ _22348_/A1         тФВ met3  тФВ
тФВ 1.07  тФВ 426.04  тФВ 400.00   тФВ _06939_                 тФВ _22647_/A2         тФВ met3  тФВ
тФВ 1.07  тФВ 426.04  тФВ 400.00   тФВ _10513_                 тФВ _28737_/B          тФВ met3  тФВ
тФВ 1.06  тФВ 424.67  тФВ 400.00   тФВ _00713_                 тФВ _45151_/D          тФВ met1  тФВ
тФВ 1.05  тФВ 418.44  тФВ 400.00   тФВ _13789_                 тФВ _30550_/A          тФВ met3  тФВ
тФВ 1.05  тФВ 418.44  тФВ 400.00   тФВ _13789_                 тФВ _30807_/A1         тФВ met3  тФВ
тФВ 1.05  тФВ 418.44  тФВ 400.00   тФВ _13789_                 тФВ _30841_/A0         тФВ met3  тФВ
тФВ 1.05  тФВ 418.44  тФВ 400.00   тФВ _13789_                 тФВ _30943_/A1         тФВ met3  тФВ
тФВ 1.05  тФВ 418.44  тФВ 400.00   тФВ _13789_                 тФВ _31011_/A1         тФВ met3  тФВ
тФВ 1.05  тФВ 418.44  тФВ 400.00   тФВ _13789_                 тФВ _31045_/A1         тФВ met3  тФВ
тФВ 1.05  тФВ 418.44  тФВ 400.00   тФВ _13789_                 тФВ _31079_/A1         тФВ met3  тФВ
тФВ 1.05  тФВ 418.17  тФВ 400.00   тФВ ctrl_cmd_word2[22\]     тФВ _25973_/A1         тФВ met1  тФВ
тФВ 1.04  тФВ 417.86  тФВ 400.00   тФВ net601                  тФВ _22001_/B1         тФВ met3  тФВ
тФВ 1.04  тФВ 417.86  тФВ 400.00   тФВ net601                  тФВ _22020_/B1         тФВ met3  тФВ
тФВ 1.04  тФВ 417.86  тФВ 400.00   тФВ net601                  тФВ _24857_/B1         тФВ met3  тФВ
тФВ 1.02  тФВ 406.01  тФВ 400.00   тФВ _07006_                 тФВ _23650_/A3         тФВ met3  тФВ
тФВ 1.02  тФВ 406.01  тФВ 400.00   тФВ net419                  тФВ _26726_/B2         тФВ met3  тФВ
тФВ 1.01  тФВ 403.73  тФВ 400.00   тФВ _10547_                 тФВ _28758_/B          тФВ met3  тФВ
тФВ 1.01  тФВ 403.30  тФВ 400.00   тФВ net658                  тФВ _29791_/S          тФВ met3  тФВ
тФВ 1.01  тФВ 403.14  тФВ 400.00   тФВ _17898_                 тФВ _25483_/A          тФВ met3  тФВ
тФВ 1.01  тФВ 403.14  тФВ 400.00   тФВ _17898_                 тФВ _35512_/A_N        тФВ met3  тФВ
тФВ 1.01  тФВ 402.22  тФВ 400.00   тФВ _19827_                 тФВ _21840_/A          тФВ met1  тФВ
тФВ 1.00  тФВ 400.44  тФВ 400.00   тФВ clknet_0_clk            тФВ clkbuf_2_2_0_clk/A тФВ met1  тФВ
тФФтФАтФАтФАтФАтФАтФАтФАтФ┤тФАтФАтФАтФАтФАтФАтФАтФАтФАтФ┤тФАтФАтФАтФАтФАтФАтФАтФАтФАтФАтФ┤тФАтФАтФАтФАтФАтФАтФАтФАтФАтФАтФАтФАтФАтФАтФАтФАтФАтФАтФАтФАтФАтФАтФАтФАтФАтФ┤тФАтФАтФАтФАтФАтФАтФАтФАтФАтФАтФАтФАтФАтФАтФАтФАтФАтФАтФАтФАтФ┤тФАтФАтФАтФАтФАтФАтФАтФШ
