
Magic 8.3 revision 623 - Compiled on Mon Apr  6 12:03:54 UTC 2026.
Starting magic under Tcl interpreter
Using the terminal as the console.
WARNING: RLIMIT_NOFILE is above 1024 and Tcl_Version<9 this may cause runtime issues [rlim_cur=9223372036854775807]
Using NULL graphics device.
Processing system .magicrc file
Switching to WIRING tool.
Switching to NETLIST tool.
Switching to PICK tool.
Switching to BOX tool.
Sourcing design .magicrc for technology sky130A ...
2 Magic internal units = 1 Lambda
Input style sky130(): scaleFactor=2, multiplier=2
The following types are not handled by extraction and will be treated as non-electrical types:
    ubm 
Scaled tech values by 2 / 1 to match internal grid scaling
Loading sky130A Device Generator Menu ...
Loading "/Users/yomna/librelane/librelane/scripts/magic/wrapper.tcl" from command line.
> lef read /Users/yomna/.ciel/ciel/sky130/versions/8afc8346a57fe1ab7934ba5a6056ea8b43078e71/sky130A/libs.ref/sky130_fd_sc_hd/techlef/sky130_fd_sc_hd__max.tlef
Reading LEF data from file /Users/yomna/.ciel/ciel/sky130/versions/8afc8346a57fe1ab7934ba5a6056ea8b43078e71/sky130A/libs.ref/sky130_fd_sc_hd/techlef/sky130_fd_sc_hd__max.tlef.
This action cannot be undone.
LEF read, Line 82 (Message): Unknown keyword "ANTENNAMODEL" in LEF file; ignoring.
LEF read, Line 83 (Message): Unknown keyword "ANTENNADIFFSIDEAREARATIO" in LEF file; ignoring.
LEF read, Line 116 (Message): Unknown keyword "MINENCLOSEDAREA" in LEF file; ignoring.
LEF read, Line 118 (Message): Unknown keyword "ANTENNAMODEL" in LEF file; ignoring.
LEF read, Line 119 (Message): Unknown keyword "ANTENNADIFFSIDEAREARATIO" in LEF file; ignoring.
LEF read, Line 125 (Message): Unknown keyword "MAXIMUMDENSITY" in LEF file; ignoring.
LEF read, Line 126 (Message): Unknown keyword "DENSITYCHECKWINDOW" in LEF file; ignoring.
LEF read, Line 127 (Message): Unknown keyword "DENSITYCHECKSTEP" in LEF file; ignoring.
LEF read, Line 160 (Message): Unknown keyword "MINENCLOSEDAREA" in LEF file; ignoring.
LEF read, Line 168 (Message): Unknown keyword "ANTENNAMODEL" in LEF file; ignoring.
LEF read, Line 169 (Message): Unknown keyword "ANTENNADIFFSIDEAREARATIO" in LEF file; ignoring.
LEF read, Line 171 (Message): Unknown keyword "MAXIMUMDENSITY" in LEF file; ignoring.
LEF read, Line 172 (Message): Unknown keyword "DENSITYCHECKWINDOW" in LEF file; ignoring.
LEF read, Line 173 (Message): Unknown keyword "DENSITYCHECKSTEP" in LEF file; ignoring.
LEF read, Line 210 (Message): Unknown keyword "ANTENNAMODEL" in LEF file; ignoring.
LEF read, Line 211 (Message): Unknown keyword "ANTENNADIFFSIDEAREARATIO" in LEF file; ignoring.
LEF read, Line 213 (Message): Unknown keyword "MAXIMUMDENSITY" in LEF file; ignoring.
LEF read, Line 214 (Message): Unknown keyword "DENSITYCHECKWINDOW" in LEF file; ignoring.
LEF read, Line 215 (Message): Unknown keyword "DENSITYCHECKSTEP" in LEF file; ignoring.
LEF read, Line 252 (Message): Unknown keyword "ANTENNAMODEL" in LEF file; ignoring.
LEF read, Line 253 (Message): Unknown keyword "ANTENNADIFFSIDEAREARATIO" in LEF file; ignoring.
LEF read, Line 255 (Message): Unknown keyword "MAXIMUMDENSITY" in LEF file; ignoring.
LEF read, Line 256 (Message): Unknown keyword "DENSITYCHECKWINDOW" in LEF file; ignoring.
LEF read, Line 257 (Message): Unknown keyword "DENSITYCHECKSTEP" in LEF file; ignoring.
LEF read, Line 294 (Message): Unknown keyword "ANTENNAMODEL" in LEF file; ignoring.
LEF read, Line 295 (Message): Unknown keyword "ANTENNADIFFSIDEAREARATIO" in LEF file; ignoring.
LEF read: Processed 801 lines.
> lef read /Users/yomna/.ciel/ciel/sky130/versions/8afc8346a57fe1ab7934ba5a6056ea8b43078e71/sky130A/libs.ref/sky130_fd_sc_hd/lef/sky130_ef_sc_hd.lef
Reading LEF data from file /Users/yomna/.ciel/ciel/sky130/versions/8afc8346a57fe1ab7934ba5a6056ea8b43078e71/sky130A/libs.ref/sky130_fd_sc_hd/lef/sky130_ef_sc_hd.lef.
This action cannot be undone.
LEF read: Processed 582 lines.
> lef read /Users/yomna/.ciel/ciel/sky130/versions/8afc8346a57fe1ab7934ba5a6056ea8b43078e71/sky130A/libs.ref/sky130_fd_sc_hd/lef/sky130_fd_sc_hd.lef
Reading LEF data from file /Users/yomna/.ciel/ciel/sky130/versions/8afc8346a57fe1ab7934ba5a6056ea8b43078e71/sky130A/libs.ref/sky130_fd_sc_hd/lef/sky130_fd_sc_hd.lef.
This action cannot be undone.
LEF read: Processed 56536 lines.
> def read /Users/yomna/Documents/projects/harts/flow/openlane/runs/classic-flow/54-odb-cellfrequencytables/hw_scheduler_top.def -noblockage
Reading DEF data from file /Users/yomna/Documents/projects/harts/flow/openlane/runs/classic-flow/54-odb-cellfrequencytables/hw_scheduler_top.def.
This action cannot be undone.
  Processed 3 vias total.
  Processed 1 non-default rules total.
  Processed 136938 subcell instances total.
  Processed 18 pins total.
  Processed 2 special nets total.
  Processed 28513 nets total.
DEF read: Processed 611557 lines.
> spice read /Users/yomna/.ciel/ciel/sky130/versions/8afc8346a57fe1ab7934ba5a6056ea8b43078e71/sky130A/libs.ref/sky130_fd_sc_hd/spice/sky130_ef_sc_hd__decap_12.spice
Annotating port orders from /Users/yomna/.ciel/ciel/sky130/versions/8afc8346a57fe1ab7934ba5a6056ea8b43078e71/sky130A/libs.ref/sky130_fd_sc_hd/spice/sky130_ef_sc_hd__decap_12.spice
Annotating cell sky130_ef_sc_hd__decap_12
Cell sky130_ef_sc_hd__decap_12 port order was modified.
> spice read /Users/yomna/.ciel/ciel/sky130/versions/8afc8346a57fe1ab7934ba5a6056ea8b43078e71/sky130A/libs.ref/sky130_fd_sc_hd/spice/sky130_ef_sc_hd__decap_20_12.spice
Annotating port orders from /Users/yomna/.ciel/ciel/sky130/versions/8afc8346a57fe1ab7934ba5a6056ea8b43078e71/sky130A/libs.ref/sky130_fd_sc_hd/spice/sky130_ef_sc_hd__decap_20_12.spice
Annotating cell sky130_ef_sc_hd__decap_20_12
Cell sky130_ef_sc_hd__decap_20_12 port order was modified.
> spice read /Users/yomna/.ciel/ciel/sky130/versions/8afc8346a57fe1ab7934ba5a6056ea8b43078e71/sky130A/libs.ref/sky130_fd_sc_hd/spice/sky130_ef_sc_hd__decap_40_12.spice
Annotating port orders from /Users/yomna/.ciel/ciel/sky130/versions/8afc8346a57fe1ab7934ba5a6056ea8b43078e71/sky130A/libs.ref/sky130_fd_sc_hd/spice/sky130_ef_sc_hd__decap_40_12.spice
Annotating cell sky130_ef_sc_hd__decap_40_12
Cell sky130_ef_sc_hd__decap_40_12 port order was modified.
> spice read /Users/yomna/.ciel/ciel/sky130/versions/8afc8346a57fe1ab7934ba5a6056ea8b43078e71/sky130A/libs.ref/sky130_fd_sc_hd/spice/sky130_ef_sc_hd__decap_60_12.spice
Annotating port orders from /Users/yomna/.ciel/ciel/sky130/versions/8afc8346a57fe1ab7934ba5a6056ea8b43078e71/sky130A/libs.ref/sky130_fd_sc_hd/spice/sky130_ef_sc_hd__decap_60_12.spice
Annotating cell sky130_ef_sc_hd__decap_60_12
Cell sky130_ef_sc_hd__decap_60_12 port order was modified.
> spice read /Users/yomna/.ciel/ciel/sky130/versions/8afc8346a57fe1ab7934ba5a6056ea8b43078e71/sky130A/libs.ref/sky130_fd_sc_hd/spice/sky130_ef_sc_hd__decap_80_12.spice
Annotating port orders from /Users/yomna/.ciel/ciel/sky130/versions/8afc8346a57fe1ab7934ba5a6056ea8b43078e71/sky130A/libs.ref/sky130_fd_sc_hd/spice/sky130_ef_sc_hd__decap_80_12.spice
Annotating cell sky130_ef_sc_hd__decap_80_12
Cell sky130_ef_sc_hd__decap_80_12 port order was modified.
> spice read /Users/yomna/.ciel/ciel/sky130/versions/8afc8346a57fe1ab7934ba5a6056ea8b43078e71/sky130A/libs.ref/sky130_fd_sc_hd/spice/sky130_ef_sc_hd__fill_12.spice
Annotating port orders from /Users/yomna/.ciel/ciel/sky130/versions/8afc8346a57fe1ab7934ba5a6056ea8b43078e71/sky130A/libs.ref/sky130_fd_sc_hd/spice/sky130_ef_sc_hd__fill_12.spice
Annotating cell sky130_ef_sc_hd__fill_12
Cell sky130_ef_sc_hd__fill_12 port order was modified.
> spice read /Users/yomna/.ciel/ciel/sky130/versions/8afc8346a57fe1ab7934ba5a6056ea8b43078e71/sky130A/libs.ref/sky130_fd_sc_hd/spice/sky130_ef_sc_hd__fill_2.spice
Annotating port orders from /Users/yomna/.ciel/ciel/sky130/versions/8afc8346a57fe1ab7934ba5a6056ea8b43078e71/sky130A/libs.ref/sky130_fd_sc_hd/spice/sky130_ef_sc_hd__fill_2.spice
Cell sky130_ef_sc_hd__fill_2 in netlist has not been loaded.
> spice read /Users/yomna/.ciel/ciel/sky130/versions/8afc8346a57fe1ab7934ba5a6056ea8b43078e71/sky130A/libs.ref/sky130_fd_sc_hd/spice/sky130_ef_sc_hd__fill_4.spice
Annotating port orders from /Users/yomna/.ciel/ciel/sky130/versions/8afc8346a57fe1ab7934ba5a6056ea8b43078e71/sky130A/libs.ref/sky130_fd_sc_hd/spice/sky130_ef_sc_hd__fill_4.spice
Annotating cell sky130_ef_sc_hd__fill_4
Cell sky130_ef_sc_hd__fill_4 port order was modified.
> spice read /Users/yomna/.ciel/ciel/sky130/versions/8afc8346a57fe1ab7934ba5a6056ea8b43078e71/sky130A/libs.ref/sky130_fd_sc_hd/spice/sky130_ef_sc_hd__fill_8.spice
Annotating port orders from /Users/yomna/.ciel/ciel/sky130/versions/8afc8346a57fe1ab7934ba5a6056ea8b43078e71/sky130A/libs.ref/sky130_fd_sc_hd/spice/sky130_ef_sc_hd__fill_8.spice
Annotating cell sky130_ef_sc_hd__fill_8
Cell sky130_ef_sc_hd__fill_8 port order was modified.
> spice read /Users/yomna/.ciel/ciel/sky130/versions/8afc8346a57fe1ab7934ba5a6056ea8b43078e71/sky130A/libs.ref/sky130_fd_sc_hd/spice/sky130_fd_sc_hd.spice
Annotating port orders from /Users/yomna/.ciel/ciel/sky130/versions/8afc8346a57fe1ab7934ba5a6056ea8b43078e71/sky130A/libs.ref/sky130_fd_sc_hd/spice/sky130_fd_sc_hd.spice
Annotating cell sky130_fd_sc_hd__a2bb2o_1
Cell sky130_fd_sc_hd__a2bb2o_1 port order was modified.
Annotating cell sky130_fd_sc_hd__a2bb2o_2
Cell sky130_fd_sc_hd__a2bb2o_2 port order was modified.
Annotating cell sky130_fd_sc_hd__a2bb2o_4
Cell sky130_fd_sc_hd__a2bb2o_4 port order was modified.
Annotating cell sky130_fd_sc_hd__a2bb2oi_1
Cell sky130_fd_sc_hd__a2bb2oi_1 port order was modified.
Annotating cell sky130_fd_sc_hd__a2bb2oi_2
Cell sky130_fd_sc_hd__a2bb2oi_2 port order was modified.
Annotating cell sky130_fd_sc_hd__a2bb2oi_4
Cell sky130_fd_sc_hd__a2bb2oi_4 port order was modified.
Annotating cell sky130_fd_sc_hd__a21bo_1
Cell sky130_fd_sc_hd__a21bo_1 port order was modified.
Annotating cell sky130_fd_sc_hd__a21bo_2
Cell sky130_fd_sc_hd__a21bo_2 port order was modified.
Annotating cell sky130_fd_sc_hd__a21bo_4
Cell sky130_fd_sc_hd__a21bo_4 port order was modified.
Annotating cell sky130_fd_sc_hd__a21boi_0
Cell sky130_fd_sc_hd__a21boi_0 port order was modified.
Annotating cell sky130_fd_sc_hd__a21boi_1
Cell sky130_fd_sc_hd__a21boi_1 port order was modified.
Annotating cell sky130_fd_sc_hd__a21boi_2
Cell sky130_fd_sc_hd__a21boi_2 port order was modified.
Annotating cell sky130_fd_sc_hd__a21boi_4
Cell sky130_fd_sc_hd__a21boi_4 port order was modified.
Annotating cell sky130_fd_sc_hd__a21o_1
Cell sky130_fd_sc_hd__a21o_1 port order was modified.
Annotating cell sky130_fd_sc_hd__a21o_2
Cell sky130_fd_sc_hd__a21o_2 port order was modified.
Annotating cell sky130_fd_sc_hd__a21o_4
Cell sky130_fd_sc_hd__a21o_4 port order was modified.
Annotating cell sky130_fd_sc_hd__a21oi_1
Cell sky130_fd_sc_hd__a21oi_1 port order was modified.
Annotating cell sky130_fd_sc_hd__a21oi_2
Cell sky130_fd_sc_hd__a21oi_2 port order was modified.
Annotating cell sky130_fd_sc_hd__a21oi_4
Cell sky130_fd_sc_hd__a21oi_4 port order was modified.
Annotating cell sky130_fd_sc_hd__a22o_1
Cell sky130_fd_sc_hd__a22o_1 port order was modified.
Annotating cell sky130_fd_sc_hd__a22o_2
Cell sky130_fd_sc_hd__a22o_2 port order was modified.
Annotating cell sky130_fd_sc_hd__a22o_4
Cell sky130_fd_sc_hd__a22o_4 port order was modified.
Annotating cell sky130_fd_sc_hd__a22oi_1
Cell sky130_fd_sc_hd__a22oi_1 port order was modified.
Annotating cell sky130_fd_sc_hd__a22oi_2
Cell sky130_fd_sc_hd__a22oi_2 port order was modified.
Annotating cell sky130_fd_sc_hd__a22oi_4
Cell sky130_fd_sc_hd__a22oi_4 port order was modified.
Annotating cell sky130_fd_sc_hd__a31o_1
Cell sky130_fd_sc_hd__a31o_1 port order was modified.
Annotating cell sky130_fd_sc_hd__a31o_2
Cell sky130_fd_sc_hd__a31o_2 port order was modified.
Annotating cell sky130_fd_sc_hd__a31o_4
Cell sky130_fd_sc_hd__a31o_4 port order was modified.
Annotating cell sky130_fd_sc_hd__a31oi_1
Cell sky130_fd_sc_hd__a31oi_1 port order was modified.
Annotating cell sky130_fd_sc_hd__a31oi_2
Cell sky130_fd_sc_hd__a31oi_2 port order was modified.
Annotating cell sky130_fd_sc_hd__a31oi_4
Cell sky130_fd_sc_hd__a31oi_4 port order was modified.
Annotating cell sky130_fd_sc_hd__a32o_1
Cell sky130_fd_sc_hd__a32o_1 port order was modified.
Annotating cell sky130_fd_sc_hd__a32o_2
Cell sky130_fd_sc_hd__a32o_2 port order was modified.
Annotating cell sky130_fd_sc_hd__a32o_4
Cell sky130_fd_sc_hd__a32o_4 port order was modified.
Annotating cell sky130_fd_sc_hd__a32oi_1
Cell sky130_fd_sc_hd__a32oi_1 port order was modified.
Annotating cell sky130_fd_sc_hd__a32oi_2
Cell sky130_fd_sc_hd__a32oi_2 port order was modified.
Annotating cell sky130_fd_sc_hd__a32oi_4
Cell sky130_fd_sc_hd__a32oi_4 port order was modified.
Annotating cell sky130_fd_sc_hd__a41o_1
Cell sky130_fd_sc_hd__a41o_1 port order was modified.
Annotating cell sky130_fd_sc_hd__a41o_2
Cell sky130_fd_sc_hd__a41o_2 port order was modified.
Annotating cell sky130_fd_sc_hd__a41o_4
Cell sky130_fd_sc_hd__a41o_4 port order was modified.
Annotating cell sky130_fd_sc_hd__a41oi_1
Cell sky130_fd_sc_hd__a41oi_1 port order was modified.
Annotating cell sky130_fd_sc_hd__a41oi_2
Cell sky130_fd_sc_hd__a41oi_2 port order was modified.
Annotating cell sky130_fd_sc_hd__a41oi_4
Cell sky130_fd_sc_hd__a41oi_4 port order was modified.
Annotating cell sky130_fd_sc_hd__a211o_1
Cell sky130_fd_sc_hd__a211o_1 port order was modified.
Annotating cell sky130_fd_sc_hd__a211o_2
Cell sky130_fd_sc_hd__a211o_2 port order was modified.
Annotating cell sky130_fd_sc_hd__a211o_4
Cell sky130_fd_sc_hd__a211o_4 port order was modified.
Annotating cell sky130_fd_sc_hd__a211oi_1
Cell sky130_fd_sc_hd__a211oi_1 port order was modified.
Annotating cell sky130_fd_sc_hd__a211oi_2
Cell sky130_fd_sc_hd__a211oi_2 port order was modified.
Annotating cell sky130_fd_sc_hd__a211oi_4
Cell sky130_fd_sc_hd__a211oi_4 port order was modified.
Annotating cell sky130_fd_sc_hd__a221o_1
Cell sky130_fd_sc_hd__a221o_1 port order was modified.
Annotating cell sky130_fd_sc_hd__a221o_2
Cell sky130_fd_sc_hd__a221o_2 port order was modified.
Annotating cell sky130_fd_sc_hd__a221o_4
Cell sky130_fd_sc_hd__a221o_4 port order was modified.
Annotating cell sky130_fd_sc_hd__a221oi_1
Cell sky130_fd_sc_hd__a221oi_1 port order was modified.
Annotating cell sky130_fd_sc_hd__a221oi_2
Cell sky130_fd_sc_hd__a221oi_2 port order was modified.
Annotating cell sky130_fd_sc_hd__a221oi_4
Cell sky130_fd_sc_hd__a221oi_4 port order was modified.
Annotating cell sky130_fd_sc_hd__a222oi_1
Cell sky130_fd_sc_hd__a222oi_1 port order was modified.
Annotating cell sky130_fd_sc_hd__a311o_1
Cell sky130_fd_sc_hd__a311o_1 port order was modified.
Annotating cell sky130_fd_sc_hd__a311o_2
Cell sky130_fd_sc_hd__a311o_2 port order was modified.
Annotating cell sky130_fd_sc_hd__a311o_4
Cell sky130_fd_sc_hd__a311o_4 port order was modified.
Annotating cell sky130_fd_sc_hd__a311oi_1
Cell sky130_fd_sc_hd__a311oi_1 port order was modified.
Annotating cell sky130_fd_sc_hd__a311oi_2
Cell sky130_fd_sc_hd__a311oi_2 port order was modified.
Annotating cell sky130_fd_sc_hd__a311oi_4
Cell sky130_fd_sc_hd__a311oi_4 port order was modified.
Annotating cell sky130_fd_sc_hd__a2111o_1
Cell sky130_fd_sc_hd__a2111o_1 port order was modified.
Annotating cell sky130_fd_sc_hd__a2111o_2
Cell sky130_fd_sc_hd__a2111o_2 port order was modified.
Annotating cell sky130_fd_sc_hd__a2111o_4
Cell sky130_fd_sc_hd__a2111o_4 port order was modified.
Annotating cell sky130_fd_sc_hd__a2111oi_0
Cell sky130_fd_sc_hd__a2111oi_0 port order was modified.
Annotating cell sky130_fd_sc_hd__a2111oi_1
Cell sky130_fd_sc_hd__a2111oi_1 port order was modified.
Annotating cell sky130_fd_sc_hd__a2111oi_2
Cell sky130_fd_sc_hd__a2111oi_2 port order was modified.
Annotating cell sky130_fd_sc_hd__a2111oi_4
Cell sky130_fd_sc_hd__a2111oi_4 port order was modified.
Annotating cell sky130_fd_sc_hd__and2_0
Cell sky130_fd_sc_hd__and2_0 port order was modified.
Annotating cell sky130_fd_sc_hd__and2_1
Cell sky130_fd_sc_hd__and2_1 port order was modified.
Annotating cell sky130_fd_sc_hd__and2_2
Cell sky130_fd_sc_hd__and2_2 port order was modified.
Annotating cell sky130_fd_sc_hd__and2_4
Cell sky130_fd_sc_hd__and2_4 port order was modified.
Annotating cell sky130_fd_sc_hd__and2b_1
Cell sky130_fd_sc_hd__and2b_1 port order was modified.
Annotating cell sky130_fd_sc_hd__and2b_2
Cell sky130_fd_sc_hd__and2b_2 port order was modified.
Annotating cell sky130_fd_sc_hd__and2b_4
Cell sky130_fd_sc_hd__and2b_4 port order was modified.
Annotating cell sky130_fd_sc_hd__and3_1
Cell sky130_fd_sc_hd__and3_1 port order was modified.
Annotating cell sky130_fd_sc_hd__and3_2
Cell sky130_fd_sc_hd__and3_2 port order was modified.
Annotating cell sky130_fd_sc_hd__and3_4
Cell sky130_fd_sc_hd__and3_4 port order was modified.
Annotating cell sky130_fd_sc_hd__and3b_1
Cell sky130_fd_sc_hd__and3b_1 port order was modified.
Annotating cell sky130_fd_sc_hd__and3b_2
Cell sky130_fd_sc_hd__and3b_2 port order was modified.
Annotating cell sky130_fd_sc_hd__and3b_4
Cell sky130_fd_sc_hd__and3b_4 port order was modified.
Annotating cell sky130_fd_sc_hd__and4_1
Cell sky130_fd_sc_hd__and4_1 port order was modified.
Annotating cell sky130_fd_sc_hd__and4_2
Cell sky130_fd_sc_hd__and4_2 port order was modified.
Annotating cell sky130_fd_sc_hd__and4_4
Cell sky130_fd_sc_hd__and4_4 port order was modified.
Annotating cell sky130_fd_sc_hd__and4b_1
Cell sky130_fd_sc_hd__and4b_1 port order was modified.
Annotating cell sky130_fd_sc_hd__and4b_2
Cell sky130_fd_sc_hd__and4b_2 port order was modified.
Annotating cell sky130_fd_sc_hd__and4b_4
Cell sky130_fd_sc_hd__and4b_4 port order was modified.
Annotating cell sky130_fd_sc_hd__and4bb_1
Cell sky130_fd_sc_hd__and4bb_1 port order was modified.
Annotating cell sky130_fd_sc_hd__and4bb_2
Cell sky130_fd_sc_hd__and4bb_2 port order was modified.
Annotating cell sky130_fd_sc_hd__and4bb_4
Cell sky130_fd_sc_hd__and4bb_4 port order was modified.
Annotating cell sky130_fd_sc_hd__buf_1
Cell sky130_fd_sc_hd__buf_1 port order was modified.
Annotating cell sky130_fd_sc_hd__buf_2
Cell sky130_fd_sc_hd__buf_2 port order was modified.
Annotating cell sky130_fd_sc_hd__buf_4
Cell sky130_fd_sc_hd__buf_4 port order was modified.
Annotating cell sky130_fd_sc_hd__buf_6
Cell sky130_fd_sc_hd__buf_6 port order was modified.
Annotating cell sky130_fd_sc_hd__buf_8
Cell sky130_fd_sc_hd__buf_8 port order was modified.
Annotating cell sky130_fd_sc_hd__buf_12
Cell sky130_fd_sc_hd__buf_12 port order was modified.
Annotating cell sky130_fd_sc_hd__buf_16
Cell sky130_fd_sc_hd__buf_16 port order was modified.
Annotating cell sky130_fd_sc_hd__bufbuf_8
Cell sky130_fd_sc_hd__bufbuf_8 port order was modified.
Annotating cell sky130_fd_sc_hd__bufbuf_16
Cell sky130_fd_sc_hd__bufbuf_16 port order was modified.
Annotating cell sky130_fd_sc_hd__bufinv_8
Cell sky130_fd_sc_hd__bufinv_8 port order was modified.
Annotating cell sky130_fd_sc_hd__bufinv_16
Cell sky130_fd_sc_hd__bufinv_16 port order was modified.
Annotating cell sky130_fd_sc_hd__clkbuf_1
Cell sky130_fd_sc_hd__clkbuf_1 port order was modified.
Annotating cell sky130_fd_sc_hd__clkbuf_2
Cell sky130_fd_sc_hd__clkbuf_2 port order was modified.
Annotating cell sky130_fd_sc_hd__clkbuf_4
Cell sky130_fd_sc_hd__clkbuf_4 port order was modified.
Annotating cell sky130_fd_sc_hd__clkbuf_8
Cell sky130_fd_sc_hd__clkbuf_8 port order was modified.
Annotating cell sky130_fd_sc_hd__clkbuf_16
Cell sky130_fd_sc_hd__clkbuf_16 port order was modified.
Annotating cell sky130_fd_sc_hd__clkdlybuf4s15_1
Cell sky130_fd_sc_hd__clkdlybuf4s15_1 port order was modified.
Annotating cell sky130_fd_sc_hd__clkdlybuf4s15_2
Cell sky130_fd_sc_hd__clkdlybuf4s15_2 port order was modified.
Annotating cell sky130_fd_sc_hd__clkdlybuf4s18_1
Cell sky130_fd_sc_hd__clkdlybuf4s18_1 port order was modified.
Annotating cell sky130_fd_sc_hd__clkdlybuf4s18_2
Cell sky130_fd_sc_hd__clkdlybuf4s18_2 port order was modified.
Annotating cell sky130_fd_sc_hd__clkdlybuf4s25_1
Cell sky130_fd_sc_hd__clkdlybuf4s25_1 port order was modified.
Annotating cell sky130_fd_sc_hd__clkdlybuf4s25_2
Cell sky130_fd_sc_hd__clkdlybuf4s25_2 port order was modified.
Annotating cell sky130_fd_sc_hd__clkdlybuf4s50_1
Cell sky130_fd_sc_hd__clkdlybuf4s50_1 port order was modified.
Annotating cell sky130_fd_sc_hd__clkdlybuf4s50_2
Cell sky130_fd_sc_hd__clkdlybuf4s50_2 port order was modified.
Annotating cell sky130_fd_sc_hd__clkinv_1
Cell sky130_fd_sc_hd__clkinv_1 port order was modified.
Annotating cell sky130_fd_sc_hd__clkinv_2
Cell sky130_fd_sc_hd__clkinv_2 port order was modified.
Annotating cell sky130_fd_sc_hd__clkinv_4
Cell sky130_fd_sc_hd__clkinv_4 port order was modified.
Annotating cell sky130_fd_sc_hd__clkinv_8
Cell sky130_fd_sc_hd__clkinv_8 port order was modified.
Annotating cell sky130_fd_sc_hd__clkinv_16
Cell sky130_fd_sc_hd__clkinv_16 port order was modified.
Annotating cell sky130_fd_sc_hd__clkinvlp_2
Cell sky130_fd_sc_hd__clkinvlp_2 port order was modified.
Annotating cell sky130_fd_sc_hd__clkinvlp_4
Cell sky130_fd_sc_hd__clkinvlp_4 port order was modified.
Annotating cell sky130_fd_sc_hd__conb_1
Cell sky130_fd_sc_hd__conb_1 port order was modified.
Annotating cell sky130_fd_sc_hd__decap_3
Cell sky130_fd_sc_hd__decap_3 port order was modified.
Annotating cell sky130_fd_sc_hd__decap_4
Cell sky130_fd_sc_hd__decap_4 port order was modified.
Annotating cell sky130_fd_sc_hd__decap_6
Cell sky130_fd_sc_hd__decap_6 port order was modified.
Annotating cell sky130_fd_sc_hd__decap_8
Cell sky130_fd_sc_hd__decap_8 port order was modified.
Annotating cell sky130_fd_sc_hd__decap_12
Cell sky130_fd_sc_hd__decap_12 port order was modified.
Annotating cell sky130_fd_sc_hd__dfbbn_1
Cell sky130_fd_sc_hd__dfbbn_1 port order was modified.
Annotating cell sky130_fd_sc_hd__dfbbn_2
Cell sky130_fd_sc_hd__dfbbn_2 port order was modified.
Annotating cell sky130_fd_sc_hd__dfbbp_1
Cell sky130_fd_sc_hd__dfbbp_1 port order was modified.
Annotating cell sky130_fd_sc_hd__dfrbp_1
Cell sky130_fd_sc_hd__dfrbp_1 port order was modified.
Annotating cell sky130_fd_sc_hd__dfrbp_2
Cell sky130_fd_sc_hd__dfrbp_2 port order was modified.
Annotating cell sky130_fd_sc_hd__dfrtn_1
Cell sky130_fd_sc_hd__dfrtn_1 port order was modified.
Annotating cell sky130_fd_sc_hd__dfrtp_1
Cell sky130_fd_sc_hd__dfrtp_1 port order was modified.
Annotating cell sky130_fd_sc_hd__dfrtp_2
Cell sky130_fd_sc_hd__dfrtp_2 port order was modified.
Annotating cell sky130_fd_sc_hd__dfrtp_4
Cell sky130_fd_sc_hd__dfrtp_4 port order was modified.
Annotating cell sky130_fd_sc_hd__dfsbp_1
Cell sky130_fd_sc_hd__dfsbp_1 port order was modified.
Annotating cell sky130_fd_sc_hd__dfsbp_2
Cell sky130_fd_sc_hd__dfsbp_2 port order was modified.
Annotating cell sky130_fd_sc_hd__dfstp_1
Cell sky130_fd_sc_hd__dfstp_1 port order was modified.
Annotating cell sky130_fd_sc_hd__dfstp_2
Cell sky130_fd_sc_hd__dfstp_2 port order was modified.
Annotating cell sky130_fd_sc_hd__dfstp_4
Cell sky130_fd_sc_hd__dfstp_4 port order was modified.
Annotating cell sky130_fd_sc_hd__dfxbp_1
Cell sky130_fd_sc_hd__dfxbp_1 port order was modified.
Annotating cell sky130_fd_sc_hd__dfxbp_2
Cell sky130_fd_sc_hd__dfxbp_2 port order was modified.
Annotating cell sky130_fd_sc_hd__dfxtp_1
Cell sky130_fd_sc_hd__dfxtp_1 port order was modified.
Annotating cell sky130_fd_sc_hd__dfxtp_2
Cell sky130_fd_sc_hd__dfxtp_2 port order was modified.
Annotating cell sky130_fd_sc_hd__dfxtp_4
Cell sky130_fd_sc_hd__dfxtp_4 port order was modified.
Annotating cell sky130_fd_sc_hd__diode_2
Cell sky130_fd_sc_hd__diode_2 port order was modified.
Annotating cell sky130_fd_sc_hd__dlclkp_1
Cell sky130_fd_sc_hd__dlclkp_1 port order was modified.
Annotating cell sky130_fd_sc_hd__dlclkp_2
Cell sky130_fd_sc_hd__dlclkp_2 port order was modified.
Annotating cell sky130_fd_sc_hd__dlclkp_4
Cell sky130_fd_sc_hd__dlclkp_4 port order was modified.
Annotating cell sky130_fd_sc_hd__dlrbn_1
Cell sky130_fd_sc_hd__dlrbn_1 port order was modified.
Annotating cell sky130_fd_sc_hd__dlrbn_2
Cell sky130_fd_sc_hd__dlrbn_2 port order was modified.
Annotating cell sky130_fd_sc_hd__dlrbp_1
Cell sky130_fd_sc_hd__dlrbp_1 port order was modified.
Annotating cell sky130_fd_sc_hd__dlrbp_2
Cell sky130_fd_sc_hd__dlrbp_2 port order was modified.
Annotating cell sky130_fd_sc_hd__dlrtn_1
Cell sky130_fd_sc_hd__dlrtn_1 port order was modified.
Annotating cell sky130_fd_sc_hd__dlrtn_2
Cell sky130_fd_sc_hd__dlrtn_2 port order was modified.
Annotating cell sky130_fd_sc_hd__dlrtn_4
Cell sky130_fd_sc_hd__dlrtn_4 port order was modified.
Annotating cell sky130_fd_sc_hd__dlrtp_1
Cell sky130_fd_sc_hd__dlrtp_1 port order was modified.
Annotating cell sky130_fd_sc_hd__dlrtp_2
Cell sky130_fd_sc_hd__dlrtp_2 port order was modified.
Annotating cell sky130_fd_sc_hd__dlrtp_4
Cell sky130_fd_sc_hd__dlrtp_4 port order was modified.
Annotating cell sky130_fd_sc_hd__dlxbn_1
Cell sky130_fd_sc_hd__dlxbn_1 port order was modified.
Annotating cell sky130_fd_sc_hd__dlxbn_2
Cell sky130_fd_sc_hd__dlxbn_2 port order was modified.
Annotating cell sky130_fd_sc_hd__dlxbp_1
Cell sky130_fd_sc_hd__dlxbp_1 port order was modified.
Annotating cell sky130_fd_sc_hd__dlxtn_1
Cell sky130_fd_sc_hd__dlxtn_1 port order was modified.
Annotating cell sky130_fd_sc_hd__dlxtn_2
Cell sky130_fd_sc_hd__dlxtn_2 port order was modified.
Annotating cell sky130_fd_sc_hd__dlxtn_4
Cell sky130_fd_sc_hd__dlxtn_4 port order was modified.
Annotating cell sky130_fd_sc_hd__dlxtp_1
Cell sky130_fd_sc_hd__dlxtp_1 port order was modified.
Annotating cell sky130_fd_sc_hd__dlygate4sd1_1
Cell sky130_fd_sc_hd__dlygate4sd1_1 port order was modified.
Annotating cell sky130_fd_sc_hd__dlygate4sd2_1
Cell sky130_fd_sc_hd__dlygate4sd2_1 port order was modified.
Annotating cell sky130_fd_sc_hd__dlygate4sd3_1
Cell sky130_fd_sc_hd__dlygate4sd3_1 port order was modified.
Annotating cell sky130_fd_sc_hd__dlymetal6s2s_1
Cell sky130_fd_sc_hd__dlymetal6s2s_1 port order was modified.
Annotating cell sky130_fd_sc_hd__dlymetal6s4s_1
Cell sky130_fd_sc_hd__dlymetal6s4s_1 port order was modified.
Annotating cell sky130_fd_sc_hd__dlymetal6s6s_1
Cell sky130_fd_sc_hd__dlymetal6s6s_1 port order was modified.
Annotating cell sky130_fd_sc_hd__ebufn_1
Cell sky130_fd_sc_hd__ebufn_1 port order was modified.
Annotating cell sky130_fd_sc_hd__ebufn_2
Cell sky130_fd_sc_hd__ebufn_2 port order was modified.
Annotating cell sky130_fd_sc_hd__ebufn_4
Cell sky130_fd_sc_hd__ebufn_4 port order was modified.
Annotating cell sky130_fd_sc_hd__ebufn_8
Cell sky130_fd_sc_hd__ebufn_8 port order was modified.
Annotating cell sky130_fd_sc_hd__edfxbp_1
Cell sky130_fd_sc_hd__edfxbp_1 port order was modified.
Annotating cell sky130_fd_sc_hd__edfxtp_1
Cell sky130_fd_sc_hd__edfxtp_1 port order was modified.
Annotating cell sky130_fd_sc_hd__einvn_0
Cell sky130_fd_sc_hd__einvn_0 port order was modified.
Annotating cell sky130_fd_sc_hd__einvn_1
Cell sky130_fd_sc_hd__einvn_1 port order was modified.
Annotating cell sky130_fd_sc_hd__einvn_2
Cell sky130_fd_sc_hd__einvn_2 port order was modified.
Annotating cell sky130_fd_sc_hd__einvn_4
Cell sky130_fd_sc_hd__einvn_4 port order was modified.
Annotating cell sky130_fd_sc_hd__einvn_8
Cell sky130_fd_sc_hd__einvn_8 port order was modified.
Annotating cell sky130_fd_sc_hd__einvp_1
Cell sky130_fd_sc_hd__einvp_1 port order was modified.
Annotating cell sky130_fd_sc_hd__einvp_2
Cell sky130_fd_sc_hd__einvp_2 port order was modified.
Annotating cell sky130_fd_sc_hd__einvp_4
Cell sky130_fd_sc_hd__einvp_4 port order was modified.
Annotating cell sky130_fd_sc_hd__einvp_8
Cell sky130_fd_sc_hd__einvp_8 port order was modified.
Annotating cell sky130_fd_sc_hd__fa_1
Cell sky130_fd_sc_hd__fa_1 port order was modified.
Annotating cell sky130_fd_sc_hd__fa_2
Cell sky130_fd_sc_hd__fa_2 port order was modified.
Annotating cell sky130_fd_sc_hd__fa_4
Cell sky130_fd_sc_hd__fa_4 port order was modified.
Annotating cell sky130_fd_sc_hd__fah_1
Cell sky130_fd_sc_hd__fah_1 port order was modified.
Annotating cell sky130_fd_sc_hd__fahcin_1
Cell sky130_fd_sc_hd__fahcin_1 port order was modified.
Annotating cell sky130_fd_sc_hd__fahcon_1
Cell sky130_fd_sc_hd__fahcon_1 port order was modified.
Annotating cell sky130_fd_sc_hd__fill_1
Cell sky130_fd_sc_hd__fill_1 port order was modified.
Annotating cell sky130_fd_sc_hd__fill_2
Cell sky130_fd_sc_hd__fill_2 port order was modified.
Annotating cell sky130_fd_sc_hd__fill_4
Cell sky130_fd_sc_hd__fill_4 port order was modified.
Annotating cell sky130_fd_sc_hd__fill_8
Cell sky130_fd_sc_hd__fill_8 port order was modified.
Annotating cell sky130_fd_sc_hd__ha_1
Cell sky130_fd_sc_hd__ha_1 port order was modified.
Annotating cell sky130_fd_sc_hd__ha_2
Cell sky130_fd_sc_hd__ha_2 port order was modified.
Annotating cell sky130_fd_sc_hd__ha_4
Cell sky130_fd_sc_hd__ha_4 port order was modified.
Annotating cell sky130_fd_sc_hd__inv_1
Cell sky130_fd_sc_hd__inv_1 port order was modified.
Annotating cell sky130_fd_sc_hd__inv_2
Cell sky130_fd_sc_hd__inv_2 port order was modified.
Annotating cell sky130_fd_sc_hd__inv_4
Cell sky130_fd_sc_hd__inv_4 port order was modified.
Annotating cell sky130_fd_sc_hd__inv_6
Cell sky130_fd_sc_hd__inv_6 port order was modified.
Annotating cell sky130_fd_sc_hd__inv_8
Cell sky130_fd_sc_hd__inv_8 port order was modified.
Annotating cell sky130_fd_sc_hd__inv_12
Cell sky130_fd_sc_hd__inv_12 port order was modified.
Annotating cell sky130_fd_sc_hd__inv_16
Cell sky130_fd_sc_hd__inv_16 port order was modified.
Annotating cell sky130_fd_sc_hd__lpflow_bleeder_1
Cell sky130_fd_sc_hd__lpflow_bleeder_1 port order was modified.
Annotating cell sky130_fd_sc_hd__lpflow_clkbufkapwr_1
Cell sky130_fd_sc_hd__lpflow_clkbufkapwr_1 port order was modified.
Annotating cell sky130_fd_sc_hd__lpflow_clkbufkapwr_2
Cell sky130_fd_sc_hd__lpflow_clkbufkapwr_2 port order was modified.
Annotating cell sky130_fd_sc_hd__lpflow_clkbufkapwr_4
Cell sky130_fd_sc_hd__lpflow_clkbufkapwr_4 port order was modified.
Annotating cell sky130_fd_sc_hd__lpflow_clkbufkapwr_8
Cell sky130_fd_sc_hd__lpflow_clkbufkapwr_8 port order was modified.
Annotating cell sky130_fd_sc_hd__lpflow_clkbufkapwr_16
Cell sky130_fd_sc_hd__lpflow_clkbufkapwr_16 port order was modified.
Annotating cell sky130_fd_sc_hd__lpflow_clkinvkapwr_1
Cell sky130_fd_sc_hd__lpflow_clkinvkapwr_1 port order was modified.
Annotating cell sky130_fd_sc_hd__lpflow_clkinvkapwr_2
Cell sky130_fd_sc_hd__lpflow_clkinvkapwr_2 port order was modified.
Annotating cell sky130_fd_sc_hd__lpflow_clkinvkapwr_4
Cell sky130_fd_sc_hd__lpflow_clkinvkapwr_4 port order was modified.
Annotating cell sky130_fd_sc_hd__lpflow_clkinvkapwr_8
Cell sky130_fd_sc_hd__lpflow_clkinvkapwr_8 port order was modified.
Annotating cell sky130_fd_sc_hd__lpflow_clkinvkapwr_16
Cell sky130_fd_sc_hd__lpflow_clkinvkapwr_16 port order was modified.
Annotating cell sky130_fd_sc_hd__lpflow_decapkapwr_3
Cell sky130_fd_sc_hd__lpflow_decapkapwr_3 port order was modified.
Annotating cell sky130_fd_sc_hd__lpflow_decapkapwr_4
Cell sky130_fd_sc_hd__lpflow_decapkapwr_4 port order was modified.
Annotating cell sky130_fd_sc_hd__lpflow_decapkapwr_6
Cell sky130_fd_sc_hd__lpflow_decapkapwr_6 port order was modified.
Annotating cell sky130_fd_sc_hd__lpflow_decapkapwr_8
Cell sky130_fd_sc_hd__lpflow_decapkapwr_8 port order was modified.
Annotating cell sky130_fd_sc_hd__lpflow_decapkapwr_12
Cell sky130_fd_sc_hd__lpflow_decapkapwr_12 port order was modified.
Annotating cell sky130_fd_sc_hd__lpflow_inputiso0n_1
Cell sky130_fd_sc_hd__lpflow_inputiso0n_1 port order was modified.
Annotating cell sky130_fd_sc_hd__lpflow_inputiso0p_1
Cell sky130_fd_sc_hd__lpflow_inputiso0p_1 port order was modified.
Annotating cell sky130_fd_sc_hd__lpflow_inputiso1n_1
Cell sky130_fd_sc_hd__lpflow_inputiso1n_1 port order was modified.
Annotating cell sky130_fd_sc_hd__lpflow_inputiso1p_1
Cell sky130_fd_sc_hd__lpflow_inputiso1p_1 port order was modified.
Annotating cell sky130_fd_sc_hd__lpflow_inputisolatch_1
Cell sky130_fd_sc_hd__lpflow_inputisolatch_1 port order was modified.
Annotating cell sky130_fd_sc_hd__lpflow_isobufsrc_1
Cell sky130_fd_sc_hd__lpflow_isobufsrc_1 port order was modified.
Annotating cell sky130_fd_sc_hd__lpflow_isobufsrc_2
Cell sky130_fd_sc_hd__lpflow_isobufsrc_2 port order was modified.
Annotating cell sky130_fd_sc_hd__lpflow_isobufsrc_4
Cell sky130_fd_sc_hd__lpflow_isobufsrc_4 port order was modified.
Annotating cell sky130_fd_sc_hd__lpflow_isobufsrc_8
Cell sky130_fd_sc_hd__lpflow_isobufsrc_8 port order was modified.
Annotating cell sky130_fd_sc_hd__lpflow_isobufsrc_16
Cell sky130_fd_sc_hd__lpflow_isobufsrc_16 port order was modified.
Annotating cell sky130_fd_sc_hd__lpflow_isobufsrckapwr_16
Cell sky130_fd_sc_hd__lpflow_isobufsrckapwr_16 port order was modified.
Annotating cell sky130_fd_sc_hd__lpflow_lsbuf_lh_hl_isowell_tap_1
Cell sky130_fd_sc_hd__lpflow_lsbuf_lh_hl_isowell_tap_1 port order was modified.
Annotating cell sky130_fd_sc_hd__lpflow_lsbuf_lh_hl_isowell_tap_2
Cell sky130_fd_sc_hd__lpflow_lsbuf_lh_hl_isowell_tap_2 port order was modified.
Annotating cell sky130_fd_sc_hd__lpflow_lsbuf_lh_hl_isowell_tap_4
Cell sky130_fd_sc_hd__lpflow_lsbuf_lh_hl_isowell_tap_4 port order was modified.
Annotating cell sky130_fd_sc_hd__lpflow_lsbuf_lh_isowell_4
Cell sky130_fd_sc_hd__lpflow_lsbuf_lh_isowell_4 port order was modified.
Annotating cell sky130_fd_sc_hd__lpflow_lsbuf_lh_isowell_tap_1
Cell sky130_fd_sc_hd__lpflow_lsbuf_lh_isowell_tap_1 port order was modified.
Annotating cell sky130_fd_sc_hd__lpflow_lsbuf_lh_isowell_tap_2
Cell sky130_fd_sc_hd__lpflow_lsbuf_lh_isowell_tap_2 port order was modified.
Annotating cell sky130_fd_sc_hd__lpflow_lsbuf_lh_isowell_tap_4
Cell sky130_fd_sc_hd__lpflow_lsbuf_lh_isowell_tap_4 port order was modified.
Annotating cell sky130_fd_sc_hd__macro_sparecell
Cell sky130_fd_sc_hd__macro_sparecell port order was modified.
Annotating cell sky130_fd_sc_hd__maj3_1
Cell sky130_fd_sc_hd__maj3_1 port order was modified.
Annotating cell sky130_fd_sc_hd__maj3_2
Cell sky130_fd_sc_hd__maj3_2 port order was modified.
Annotating cell sky130_fd_sc_hd__maj3_4
Cell sky130_fd_sc_hd__maj3_4 port order was modified.
Annotating cell sky130_fd_sc_hd__mux2_1
Cell sky130_fd_sc_hd__mux2_1 port order was modified.
Annotating cell sky130_fd_sc_hd__mux2_2
Cell sky130_fd_sc_hd__mux2_2 port order was modified.
Annotating cell sky130_fd_sc_hd__mux2_4
Cell sky130_fd_sc_hd__mux2_4 port order was modified.
Annotating cell sky130_fd_sc_hd__mux2_8
Cell sky130_fd_sc_hd__mux2_8 port order was modified.
Annotating cell sky130_fd_sc_hd__mux2i_1
Cell sky130_fd_sc_hd__mux2i_1 port order was modified.
Annotating cell sky130_fd_sc_hd__mux2i_2
Cell sky130_fd_sc_hd__mux2i_2 port order was modified.
Annotating cell sky130_fd_sc_hd__mux2i_4
Cell sky130_fd_sc_hd__mux2i_4 port order was modified.
Annotating cell sky130_fd_sc_hd__mux4_1
Cell sky130_fd_sc_hd__mux4_1 port order was modified.
Annotating cell sky130_fd_sc_hd__mux4_2
Cell sky130_fd_sc_hd__mux4_2 port order was modified.
Annotating cell sky130_fd_sc_hd__mux4_4
Cell sky130_fd_sc_hd__mux4_4 port order was modified.
Annotating cell sky130_fd_sc_hd__nand2_1
Cell sky130_fd_sc_hd__nand2_1 port order was modified.
Annotating cell sky130_fd_sc_hd__nand2_2
Cell sky130_fd_sc_hd__nand2_2 port order was modified.
Annotating cell sky130_fd_sc_hd__nand2_4
Cell sky130_fd_sc_hd__nand2_4 port order was modified.
Annotating cell sky130_fd_sc_hd__nand2_8
Cell sky130_fd_sc_hd__nand2_8 port order was modified.
Annotating cell sky130_fd_sc_hd__nand2b_1
Cell sky130_fd_sc_hd__nand2b_1 port order was modified.
Annotating cell sky130_fd_sc_hd__nand2b_2
Cell sky130_fd_sc_hd__nand2b_2 port order was modified.
Annotating cell sky130_fd_sc_hd__nand2b_4
Cell sky130_fd_sc_hd__nand2b_4 port order was modified.
Annotating cell sky130_fd_sc_hd__nand3_1
Cell sky130_fd_sc_hd__nand3_1 port order was modified.
Annotating cell sky130_fd_sc_hd__nand3_2
Cell sky130_fd_sc_hd__nand3_2 port order was modified.
Annotating cell sky130_fd_sc_hd__nand3_4
Cell sky130_fd_sc_hd__nand3_4 port order was modified.
Annotating cell sky130_fd_sc_hd__nand3b_1
Cell sky130_fd_sc_hd__nand3b_1 port order was modified.
Annotating cell sky130_fd_sc_hd__nand3b_2
Cell sky130_fd_sc_hd__nand3b_2 port order was modified.
Annotating cell sky130_fd_sc_hd__nand3b_4
Cell sky130_fd_sc_hd__nand3b_4 port order was modified.
Annotating cell sky130_fd_sc_hd__nand4_1
Cell sky130_fd_sc_hd__nand4_1 port order was modified.
Annotating cell sky130_fd_sc_hd__nand4_2
Cell sky130_fd_sc_hd__nand4_2 port order was modified.
Annotating cell sky130_fd_sc_hd__nand4_4
Cell sky130_fd_sc_hd__nand4_4 port order was modified.
Annotating cell sky130_fd_sc_hd__nand4b_1
Cell sky130_fd_sc_hd__nand4b_1 port order was modified.
Annotating cell sky130_fd_sc_hd__nand4b_2
Cell sky130_fd_sc_hd__nand4b_2 port order was modified.
Annotating cell sky130_fd_sc_hd__nand4b_4
Cell sky130_fd_sc_hd__nand4b_4 port order was modified.
Annotating cell sky130_fd_sc_hd__nand4bb_1
Cell sky130_fd_sc_hd__nand4bb_1 port order was modified.
Annotating cell sky130_fd_sc_hd__nand4bb_2
Cell sky130_fd_sc_hd__nand4bb_2 port order was modified.
Annotating cell sky130_fd_sc_hd__nand4bb_4
Cell sky130_fd_sc_hd__nand4bb_4 port order was modified.
Annotating cell sky130_fd_sc_hd__nor2_1
Cell sky130_fd_sc_hd__nor2_1 port order was modified.
Annotating cell sky130_fd_sc_hd__nor2_2
Cell sky130_fd_sc_hd__nor2_2 port order was modified.
Annotating cell sky130_fd_sc_hd__nor2_4
Cell sky130_fd_sc_hd__nor2_4 port order was modified.
Annotating cell sky130_fd_sc_hd__nor2_8
Cell sky130_fd_sc_hd__nor2_8 port order was modified.
Annotating cell sky130_fd_sc_hd__nor2b_1
Cell sky130_fd_sc_hd__nor2b_1 port order was modified.
Annotating cell sky130_fd_sc_hd__nor2b_2
Cell sky130_fd_sc_hd__nor2b_2 port order was modified.
Annotating cell sky130_fd_sc_hd__nor2b_4
Cell sky130_fd_sc_hd__nor2b_4 port order was modified.
Annotating cell sky130_fd_sc_hd__nor3_1
Cell sky130_fd_sc_hd__nor3_1 port order was modified.
Annotating cell sky130_fd_sc_hd__nor3_2
Cell sky130_fd_sc_hd__nor3_2 port order was modified.
Annotating cell sky130_fd_sc_hd__nor3_4
Cell sky130_fd_sc_hd__nor3_4 port order was modified.
Annotating cell sky130_fd_sc_hd__nor3b_1
Cell sky130_fd_sc_hd__nor3b_1 port order was modified.
Annotating cell sky130_fd_sc_hd__nor3b_2
Cell sky130_fd_sc_hd__nor3b_2 port order was modified.
Annotating cell sky130_fd_sc_hd__nor3b_4
Cell sky130_fd_sc_hd__nor3b_4 port order was modified.
Annotating cell sky130_fd_sc_hd__nor4_1
Cell sky130_fd_sc_hd__nor4_1 port order was modified.
Annotating cell sky130_fd_sc_hd__nor4_2
Cell sky130_fd_sc_hd__nor4_2 port order was modified.
Annotating cell sky130_fd_sc_hd__nor4_4
Cell sky130_fd_sc_hd__nor4_4 port order was modified.
Annotating cell sky130_fd_sc_hd__nor4b_1
Cell sky130_fd_sc_hd__nor4b_1 port order was modified.
Annotating cell sky130_fd_sc_hd__nor4b_2
Cell sky130_fd_sc_hd__nor4b_2 port order was modified.
Annotating cell sky130_fd_sc_hd__nor4b_4
Cell sky130_fd_sc_hd__nor4b_4 port order was modified.
Annotating cell sky130_fd_sc_hd__nor4bb_1
Cell sky130_fd_sc_hd__nor4bb_1 port order was modified.
Annotating cell sky130_fd_sc_hd__nor4bb_2
Cell sky130_fd_sc_hd__nor4bb_2 port order was modified.
Annotating cell sky130_fd_sc_hd__nor4bb_4
Cell sky130_fd_sc_hd__nor4bb_4 port order was modified.
Annotating cell sky130_fd_sc_hd__o2bb2a_1
Cell sky130_fd_sc_hd__o2bb2a_1 port order was modified.
Annotating cell sky130_fd_sc_hd__o2bb2a_2
Cell sky130_fd_sc_hd__o2bb2a_2 port order was modified.
Annotating cell sky130_fd_sc_hd__o2bb2a_4
Cell sky130_fd_sc_hd__o2bb2a_4 port order was modified.
Annotating cell sky130_fd_sc_hd__o2bb2ai_1
Cell sky130_fd_sc_hd__o2bb2ai_1 port order was modified.
Annotating cell sky130_fd_sc_hd__o2bb2ai_2
Cell sky130_fd_sc_hd__o2bb2ai_2 port order was modified.
Annotating cell sky130_fd_sc_hd__o2bb2ai_4
Cell sky130_fd_sc_hd__o2bb2ai_4 port order was modified.
Annotating cell sky130_fd_sc_hd__o21a_1
Cell sky130_fd_sc_hd__o21a_1 port order was modified.
Annotating cell sky130_fd_sc_hd__o21a_2
Cell sky130_fd_sc_hd__o21a_2 port order was modified.
Annotating cell sky130_fd_sc_hd__o21a_4
Cell sky130_fd_sc_hd__o21a_4 port order was modified.
Annotating cell sky130_fd_sc_hd__o21ai_0
Cell sky130_fd_sc_hd__o21ai_0 port order was modified.
Annotating cell sky130_fd_sc_hd__o21ai_1
Cell sky130_fd_sc_hd__o21ai_1 port order was modified.
Annotating cell sky130_fd_sc_hd__o21ai_2
Cell sky130_fd_sc_hd__o21ai_2 port order was modified.
Annotating cell sky130_fd_sc_hd__o21ai_4
Cell sky130_fd_sc_hd__o21ai_4 port order was modified.
Annotating cell sky130_fd_sc_hd__o21ba_1
Cell sky130_fd_sc_hd__o21ba_1 port order was modified.
Annotating cell sky130_fd_sc_hd__o21ba_2
Cell sky130_fd_sc_hd__o21ba_2 port order was modified.
Annotating cell sky130_fd_sc_hd__o21ba_4
Cell sky130_fd_sc_hd__o21ba_4 port order was modified.
Annotating cell sky130_fd_sc_hd__o21bai_1
Cell sky130_fd_sc_hd__o21bai_1 port order was modified.
Annotating cell sky130_fd_sc_hd__o21bai_2
Cell sky130_fd_sc_hd__o21bai_2 port order was modified.
Annotating cell sky130_fd_sc_hd__o21bai_4
Cell sky130_fd_sc_hd__o21bai_4 port order was modified.
Annotating cell sky130_fd_sc_hd__o22a_1
Cell sky130_fd_sc_hd__o22a_1 port order was modified.
Annotating cell sky130_fd_sc_hd__o22a_2
Cell sky130_fd_sc_hd__o22a_2 port order was modified.
Annotating cell sky130_fd_sc_hd__o22a_4
Cell sky130_fd_sc_hd__o22a_4 port order was modified.
Annotating cell sky130_fd_sc_hd__o22ai_1
Cell sky130_fd_sc_hd__o22ai_1 port order was modified.
Annotating cell sky130_fd_sc_hd__o22ai_2
Cell sky130_fd_sc_hd__o22ai_2 port order was modified.
Annotating cell sky130_fd_sc_hd__o22ai_4
Cell sky130_fd_sc_hd__o22ai_4 port order was modified.
Annotating cell sky130_fd_sc_hd__o31a_1
Cell sky130_fd_sc_hd__o31a_1 port order was modified.
Annotating cell sky130_fd_sc_hd__o31a_2
Cell sky130_fd_sc_hd__o31a_2 port order was modified.
Annotating cell sky130_fd_sc_hd__o31a_4
Cell sky130_fd_sc_hd__o31a_4 port order was modified.
Annotating cell sky130_fd_sc_hd__o31ai_1
Cell sky130_fd_sc_hd__o31ai_1 port order was modified.
Annotating cell sky130_fd_sc_hd__o31ai_2
Cell sky130_fd_sc_hd__o31ai_2 port order was modified.
Annotating cell sky130_fd_sc_hd__o31ai_4
Cell sky130_fd_sc_hd__o31ai_4 port order was modified.
Annotating cell sky130_fd_sc_hd__o32a_1
Cell sky130_fd_sc_hd__o32a_1 port order was modified.
Annotating cell sky130_fd_sc_hd__o32a_2
Cell sky130_fd_sc_hd__o32a_2 port order was modified.
Annotating cell sky130_fd_sc_hd__o32a_4
Cell sky130_fd_sc_hd__o32a_4 port order was modified.
Annotating cell sky130_fd_sc_hd__o32ai_1
Cell sky130_fd_sc_hd__o32ai_1 port order was modified.
Annotating cell sky130_fd_sc_hd__o32ai_2
Cell sky130_fd_sc_hd__o32ai_2 port order was modified.
Annotating cell sky130_fd_sc_hd__o32ai_4
Cell sky130_fd_sc_hd__o32ai_4 port order was modified.
Annotating cell sky130_fd_sc_hd__o41a_1
Cell sky130_fd_sc_hd__o41a_1 port order was modified.
Annotating cell sky130_fd_sc_hd__o41a_2
Cell sky130_fd_sc_hd__o41a_2 port order was modified.
Annotating cell sky130_fd_sc_hd__o41a_4
Cell sky130_fd_sc_hd__o41a_4 port order was modified.
Annotating cell sky130_fd_sc_hd__o41ai_1
Cell sky130_fd_sc_hd__o41ai_1 port order was modified.
Annotating cell sky130_fd_sc_hd__o41ai_2
Cell sky130_fd_sc_hd__o41ai_2 port order was modified.
Annotating cell sky130_fd_sc_hd__o41ai_4
Cell sky130_fd_sc_hd__o41ai_4 port order was modified.
Annotating cell sky130_fd_sc_hd__o211a_1
Cell sky130_fd_sc_hd__o211a_1 port order was modified.
Annotating cell sky130_fd_sc_hd__o211a_2
Cell sky130_fd_sc_hd__o211a_2 port order was modified.
Annotating cell sky130_fd_sc_hd__o211a_4
Cell sky130_fd_sc_hd__o211a_4 port order was modified.
Annotating cell sky130_fd_sc_hd__o211ai_1
Cell sky130_fd_sc_hd__o211ai_1 port order was modified.
Annotating cell sky130_fd_sc_hd__o211ai_2
Cell sky130_fd_sc_hd__o211ai_2 port order was modified.
Annotating cell sky130_fd_sc_hd__o211ai_4
Cell sky130_fd_sc_hd__o211ai_4 port order was modified.
Annotating cell sky130_fd_sc_hd__o221a_1
Cell sky130_fd_sc_hd__o221a_1 port order was modified.
Annotating cell sky130_fd_sc_hd__o221a_2
Cell sky130_fd_sc_hd__o221a_2 port order was modified.
Annotating cell sky130_fd_sc_hd__o221a_4
Cell sky130_fd_sc_hd__o221a_4 port order was modified.
Annotating cell sky130_fd_sc_hd__o221ai_1
Cell sky130_fd_sc_hd__o221ai_1 port order was modified.
Annotating cell sky130_fd_sc_hd__o221ai_2
Cell sky130_fd_sc_hd__o221ai_2 port order was modified.
Annotating cell sky130_fd_sc_hd__o221ai_4
Cell sky130_fd_sc_hd__o221ai_4 port order was modified.
Annotating cell sky130_fd_sc_hd__o311a_1
Cell sky130_fd_sc_hd__o311a_1 port order was modified.
Annotating cell sky130_fd_sc_hd__o311a_2
Cell sky130_fd_sc_hd__o311a_2 port order was modified.
Annotating cell sky130_fd_sc_hd__o311a_4
Cell sky130_fd_sc_hd__o311a_4 port order was modified.
Annotating cell sky130_fd_sc_hd__o311ai_0
Cell sky130_fd_sc_hd__o311ai_0 port order was modified.
Annotating cell sky130_fd_sc_hd__o311ai_1
Cell sky130_fd_sc_hd__o311ai_1 port order was modified.
Annotating cell sky130_fd_sc_hd__o311ai_2
Cell sky130_fd_sc_hd__o311ai_2 port order was modified.
Annotating cell sky130_fd_sc_hd__o311ai_4
Cell sky130_fd_sc_hd__o311ai_4 port order was modified.
Annotating cell sky130_fd_sc_hd__o2111a_1
Cell sky130_fd_sc_hd__o2111a_1 port order was modified.
Annotating cell sky130_fd_sc_hd__o2111a_2
Cell sky130_fd_sc_hd__o2111a_2 port order was modified.
Annotating cell sky130_fd_sc_hd__o2111a_4
Cell sky130_fd_sc_hd__o2111a_4 port order was modified.
Annotating cell sky130_fd_sc_hd__o2111ai_1
Cell sky130_fd_sc_hd__o2111ai_1 port order was modified.
Annotating cell sky130_fd_sc_hd__o2111ai_2
Cell sky130_fd_sc_hd__o2111ai_2 port order was modified.
Annotating cell sky130_fd_sc_hd__o2111ai_4
Cell sky130_fd_sc_hd__o2111ai_4 port order was modified.
Annotating cell sky130_fd_sc_hd__or2_0
Cell sky130_fd_sc_hd__or2_0 port order was modified.
Annotating cell sky130_fd_sc_hd__or2_1
Cell sky130_fd_sc_hd__or2_1 port order was modified.
Annotating cell sky130_fd_sc_hd__or2_2
Cell sky130_fd_sc_hd__or2_2 port order was modified.
Annotating cell sky130_fd_sc_hd__or2_4
Cell sky130_fd_sc_hd__or2_4 port order was modified.
Annotating cell sky130_fd_sc_hd__or2b_1
Cell sky130_fd_sc_hd__or2b_1 port order was modified.
Annotating cell sky130_fd_sc_hd__or2b_2
Cell sky130_fd_sc_hd__or2b_2 port order was modified.
Annotating cell sky130_fd_sc_hd__or2b_4
Cell sky130_fd_sc_hd__or2b_4 port order was modified.
Annotating cell sky130_fd_sc_hd__or3_1
Cell sky130_fd_sc_hd__or3_1 port order was modified.
Annotating cell sky130_fd_sc_hd__or3_2
Cell sky130_fd_sc_hd__or3_2 port order was modified.
Annotating cell sky130_fd_sc_hd__or3_4
Cell sky130_fd_sc_hd__or3_4 port order was modified.
Annotating cell sky130_fd_sc_hd__or3b_1
Cell sky130_fd_sc_hd__or3b_1 port order was modified.
Annotating cell sky130_fd_sc_hd__or3b_2
Cell sky130_fd_sc_hd__or3b_2 port order was modified.
Annotating cell sky130_fd_sc_hd__or3b_4
Cell sky130_fd_sc_hd__or3b_4 port order was modified.
Annotating cell sky130_fd_sc_hd__or4_1
Cell sky130_fd_sc_hd__or4_1 port order was modified.
Annotating cell sky130_fd_sc_hd__or4_2
Cell sky130_fd_sc_hd__or4_2 port order was modified.
Annotating cell sky130_fd_sc_hd__or4_4
Cell sky130_fd_sc_hd__or4_4 port order was modified.
Annotating cell sky130_fd_sc_hd__or4b_1
Cell sky130_fd_sc_hd__or4b_1 port order was modified.
Annotating cell sky130_fd_sc_hd__or4b_2
Cell sky130_fd_sc_hd__or4b_2 port order was modified.
Annotating cell sky130_fd_sc_hd__or4b_4
Cell sky130_fd_sc_hd__or4b_4 port order was modified.
Annotating cell sky130_fd_sc_hd__or4bb_1
Cell sky130_fd_sc_hd__or4bb_1 port order was modified.
Annotating cell sky130_fd_sc_hd__or4bb_2
Cell sky130_fd_sc_hd__or4bb_2 port order was modified.
Annotating cell sky130_fd_sc_hd__or4bb_4
Cell sky130_fd_sc_hd__or4bb_4 port order was modified.
Annotating cell sky130_fd_sc_hd__probe_p_8
Cell sky130_fd_sc_hd__probe_p_8 port order was modified.
Annotating cell sky130_fd_sc_hd__probec_p_8
Cell sky130_fd_sc_hd__probec_p_8 port order was modified.
Annotating cell sky130_fd_sc_hd__sdfbbn_1
Cell sky130_fd_sc_hd__sdfbbn_1 port order was modified.
Annotating cell sky130_fd_sc_hd__sdfbbn_2
Cell sky130_fd_sc_hd__sdfbbn_2 port order was modified.
Annotating cell sky130_fd_sc_hd__sdfbbp_1
Cell sky130_fd_sc_hd__sdfbbp_1 port order was modified.
Annotating cell sky130_fd_sc_hd__sdfrbp_1
Cell sky130_fd_sc_hd__sdfrbp_1 port order was modified.
Annotating cell sky130_fd_sc_hd__sdfrbp_2
Cell sky130_fd_sc_hd__sdfrbp_2 port order was modified.
Annotating cell sky130_fd_sc_hd__sdfrtn_1
Cell sky130_fd_sc_hd__sdfrtn_1 port order was modified.
Annotating cell sky130_fd_sc_hd__sdfrtp_1
Cell sky130_fd_sc_hd__sdfrtp_1 port order was modified.
Annotating cell sky130_fd_sc_hd__sdfrtp_2
Cell sky130_fd_sc_hd__sdfrtp_2 port order was modified.
Annotating cell sky130_fd_sc_hd__sdfrtp_4
Cell sky130_fd_sc_hd__sdfrtp_4 port order was modified.
Annotating cell sky130_fd_sc_hd__sdfsbp_1
Cell sky130_fd_sc_hd__sdfsbp_1 port order was modified.
Annotating cell sky130_fd_sc_hd__sdfsbp_2
Cell sky130_fd_sc_hd__sdfsbp_2 port order was modified.
Annotating cell sky130_fd_sc_hd__sdfstp_1
Cell sky130_fd_sc_hd__sdfstp_1 port order was modified.
Annotating cell sky130_fd_sc_hd__sdfstp_2
Cell sky130_fd_sc_hd__sdfstp_2 port order was modified.
Annotating cell sky130_fd_sc_hd__sdfstp_4
Cell sky130_fd_sc_hd__sdfstp_4 port order was modified.
Annotating cell sky130_fd_sc_hd__sdfxbp_1
Cell sky130_fd_sc_hd__sdfxbp_1 port order was modified.
Annotating cell sky130_fd_sc_hd__sdfxbp_2
Cell sky130_fd_sc_hd__sdfxbp_2 port order was modified.
Annotating cell sky130_fd_sc_hd__sdfxtp_1
Cell sky130_fd_sc_hd__sdfxtp_1 port order was modified.
Annotating cell sky130_fd_sc_hd__sdfxtp_2
Cell sky130_fd_sc_hd__sdfxtp_2 port order was modified.
Annotating cell sky130_fd_sc_hd__sdfxtp_4
Cell sky130_fd_sc_hd__sdfxtp_4 port order was modified.
Annotating cell sky130_fd_sc_hd__sdlclkp_1
Cell sky130_fd_sc_hd__sdlclkp_1 port order was modified.
Annotating cell sky130_fd_sc_hd__sdlclkp_2
Cell sky130_fd_sc_hd__sdlclkp_2 port order was modified.
Annotating cell sky130_fd_sc_hd__sdlclkp_4
Cell sky130_fd_sc_hd__sdlclkp_4 port order was modified.
Annotating cell sky130_fd_sc_hd__sedfxbp_1
Cell sky130_fd_sc_hd__sedfxbp_1 port order was modified.
Annotating cell sky130_fd_sc_hd__sedfxbp_2
Cell sky130_fd_sc_hd__sedfxbp_2 port order was modified.
Annotating cell sky130_fd_sc_hd__sedfxtp_1
Cell sky130_fd_sc_hd__sedfxtp_1 port order was modified.
Annotating cell sky130_fd_sc_hd__sedfxtp_2
Cell sky130_fd_sc_hd__sedfxtp_2 port order was modified.
Annotating cell sky130_fd_sc_hd__sedfxtp_4
Cell sky130_fd_sc_hd__sedfxtp_4 port order was modified.
Annotating cell sky130_fd_sc_hd__tap_1
Cell sky130_fd_sc_hd__tap_1 port order was modified.
Annotating cell sky130_fd_sc_hd__tap_2
Cell sky130_fd_sc_hd__tap_2 port order was modified.
Annotating cell sky130_fd_sc_hd__tapvgnd2_1
Cell sky130_fd_sc_hd__tapvgnd2_1 port order was modified.
Annotating cell sky130_fd_sc_hd__tapvgnd_1
Cell sky130_fd_sc_hd__tapvgnd_1 port order was modified.
Annotating cell sky130_fd_sc_hd__tapvpwrvgnd_1
Cell sky130_fd_sc_hd__tapvpwrvgnd_1 port order was modified.
Annotating cell sky130_fd_sc_hd__xnor2_1
Cell sky130_fd_sc_hd__xnor2_1 port order was modified.
Annotating cell sky130_fd_sc_hd__xnor2_2
Cell sky130_fd_sc_hd__xnor2_2 port order was modified.
Annotating cell sky130_fd_sc_hd__xnor2_4
Cell sky130_fd_sc_hd__xnor2_4 port order was modified.
Annotating cell sky130_fd_sc_hd__xnor3_1
Cell sky130_fd_sc_hd__xnor3_1 port order was modified.
Annotating cell sky130_fd_sc_hd__xnor3_2
Cell sky130_fd_sc_hd__xnor3_2 port order was modified.
Annotating cell sky130_fd_sc_hd__xnor3_4
Cell sky130_fd_sc_hd__xnor3_4 port order was modified.
Annotating cell sky130_fd_sc_hd__xor2_1
Cell sky130_fd_sc_hd__xor2_1 port order was modified.
Annotating cell sky130_fd_sc_hd__xor2_2
Cell sky130_fd_sc_hd__xor2_2 port order was modified.
Annotating cell sky130_fd_sc_hd__xor2_4
Cell sky130_fd_sc_hd__xor2_4 port order was modified.
Annotating cell sky130_fd_sc_hd__xor3_1
Cell sky130_fd_sc_hd__xor3_1 port order was modified.
Annotating cell sky130_fd_sc_hd__xor3_2
Cell sky130_fd_sc_hd__xor3_2 port order was modified.
Annotating cell sky130_fd_sc_hd__xor3_4
Cell sky130_fd_sc_hd__xor3_4 port order was modified.
Processing hw_scheduler_top
Extracting sky130_fd_sc_hd__decap_3 into sky130_fd_sc_hd__decap_3.ext:
Extracting sky130_fd_sc_hd__tapvpwrvgnd_1 into sky130_fd_sc_hd__tapvpwrvgnd_1.ext:
Extracting sky130_fd_sc_hd__fill_1 into sky130_fd_sc_hd__fill_1.ext:
Extracting sky130_fd_sc_hd__fill_2 into sky130_fd_sc_hd__fill_2.ext:
Extracting sky130_fd_sc_hd__buf_2 into sky130_fd_sc_hd__buf_2.ext:
Extracting sky130_fd_sc_hd__diode_2 into sky130_fd_sc_hd__diode_2.ext:
Extracting sky130_fd_sc_hd__buf_1 into sky130_fd_sc_hd__buf_1.ext:
Extracting sky130_fd_sc_hd__clkdlybuf4s25_1 into sky130_fd_sc_hd__clkdlybuf4s25_1.ext:
Extracting sky130_fd_sc_hd__dfrtp_2 into sky130_fd_sc_hd__dfrtp_2.ext:
Extracting sky130_fd_sc_hd__dlygate4sd3_1 into sky130_fd_sc_hd__dlygate4sd3_1.ext:
Extracting sky130_fd_sc_hd__and2_2 into sky130_fd_sc_hd__and2_2.ext:
Extracting sky130_fd_sc_hd__inv_2 into sky130_fd_sc_hd__inv_2.ext:
Extracting sky130_fd_sc_hd__nor2_2 into sky130_fd_sc_hd__nor2_2.ext:
Extracting sky130_fd_sc_hd__clkbuf_4 into sky130_fd_sc_hd__clkbuf_4.ext:
Extracting sky130_fd_sc_hd__xor2_2 into sky130_fd_sc_hd__xor2_2.ext:
Extracting sky130_fd_sc_hd__nand2_2 into sky130_fd_sc_hd__nand2_2.ext:
Extracting sky130_fd_sc_hd__buf_4 into sky130_fd_sc_hd__buf_4.ext:
Extracting sky130_fd_sc_hd__buf_12 into sky130_fd_sc_hd__buf_12.ext:
Extracting sky130_fd_sc_hd__dfstp_2 into sky130_fd_sc_hd__dfstp_2.ext:
Extracting sky130_fd_sc_hd__or2_2 into sky130_fd_sc_hd__or2_2.ext:
Extracting sky130_fd_sc_hd__mux2_2 into sky130_fd_sc_hd__mux2_2.ext:
Extracting sky130_fd_sc_hd__a211o_2 into sky130_fd_sc_hd__a211o_2.ext:
Extracting sky130_fd_sc_hd__o22a_2 into sky130_fd_sc_hd__o22a_2.ext:
Extracting sky130_fd_sc_hd__o21ai_2 into sky130_fd_sc_hd__o21ai_2.ext:
Extracting sky130_fd_sc_hd__clkbuf_2 into sky130_fd_sc_hd__clkbuf_2.ext:
Extracting sky130_fd_sc_hd__and3_2 into sky130_fd_sc_hd__and3_2.ext:
Extracting sky130_fd_sc_hd__o21a_2 into sky130_fd_sc_hd__o21a_2.ext:
Extracting sky130_fd_sc_hd__a31o_2 into sky130_fd_sc_hd__a31o_2.ext:
Extracting sky130_fd_sc_hd__clkinv_2 into sky130_fd_sc_hd__clkinv_2.ext:
Extracting sky130_fd_sc_hd__clkbuf_8 into sky130_fd_sc_hd__clkbuf_8.ext:
Extracting sky130_fd_sc_hd__or4_2 into sky130_fd_sc_hd__or4_2.ext:
Extracting sky130_fd_sc_hd__xnor2_2 into sky130_fd_sc_hd__xnor2_2.ext:
Extracting sky130_fd_sc_hd__a21oi_2 into sky130_fd_sc_hd__a21oi_2.ext:
Extracting sky130_fd_sc_hd__a21o_2 into sky130_fd_sc_hd__a21o_2.ext:
Extracting sky130_fd_sc_hd__a32o_2 into sky130_fd_sc_hd__a32o_2.ext:
Extracting sky130_fd_sc_hd__o211a_2 into sky130_fd_sc_hd__o211a_2.ext:
Extracting sky130_fd_sc_hd__or3b_2 into sky130_fd_sc_hd__or3b_2.ext:
Extracting sky130_fd_sc_hd__a22o_2 into sky130_fd_sc_hd__a22o_2.ext:
Extracting sky130_fd_sc_hd__o221a_2 into sky130_fd_sc_hd__o221a_2.ext:
Extracting sky130_fd_sc_hd__o31ai_2 into sky130_fd_sc_hd__o31ai_2.ext:
Extracting sky130_fd_sc_hd__or3_2 into sky130_fd_sc_hd__or3_2.ext:
Extracting sky130_fd_sc_hd__buf_8 into sky130_fd_sc_hd__buf_8.ext:
Extracting sky130_fd_sc_hd__nand3_2 into sky130_fd_sc_hd__nand3_2.ext:
Extracting sky130_fd_sc_hd__a221o_2 into sky130_fd_sc_hd__a221o_2.ext:
Extracting sky130_fd_sc_hd__and4b_2 into sky130_fd_sc_hd__and4b_2.ext:
Extracting sky130_fd_sc_hd__or2b_2 into sky130_fd_sc_hd__or2b_2.ext:
Extracting sky130_fd_sc_hd__a21boi_2 into sky130_fd_sc_hd__a21boi_2.ext:
Extracting sky130_fd_sc_hd__nor3_2 into sky130_fd_sc_hd__nor3_2.ext:
Extracting sky130_fd_sc_hd__o2111a_2 into sky130_fd_sc_hd__o2111a_2.ext:
Extracting sky130_fd_sc_hd__and2b_2 into sky130_fd_sc_hd__and2b_2.ext:
Extracting sky130_fd_sc_hd__or4b_2 into sky130_fd_sc_hd__or4b_2.ext:
Extracting sky130_fd_sc_hd__dfxtp_2 into sky130_fd_sc_hd__dfxtp_2.ext:
Extracting sky130_fd_sc_hd__o21ba_2 into sky130_fd_sc_hd__o21ba_2.ext:
Extracting sky130_fd_sc_hd__a21bo_2 into sky130_fd_sc_hd__a21bo_2.ext:
Extracting sky130_fd_sc_hd__and3b_2 into sky130_fd_sc_hd__and3b_2.ext:
Extracting sky130_fd_sc_hd__o22ai_2 into sky130_fd_sc_hd__o22ai_2.ext:
Extracting sky130_fd_sc_hd__o211ai_2 into sky130_fd_sc_hd__o211ai_2.ext:
Extracting sky130_fd_sc_hd__clkbuf_1 into sky130_fd_sc_hd__clkbuf_1.ext:
Extracting sky130_fd_sc_hd__and4_2 into sky130_fd_sc_hd__and4_2.ext:
Extracting sky130_fd_sc_hd__o32a_2 into sky130_fd_sc_hd__o32a_2.ext:
Extracting sky130_fd_sc_hd__buf_6 into sky130_fd_sc_hd__buf_6.ext:
Extracting sky130_fd_sc_hd__bufinv_16 into sky130_fd_sc_hd__bufinv_16.ext:
Extracting sky130_fd_sc_hd__nor3b_2 into sky130_fd_sc_hd__nor3b_2.ext:
Extracting sky130_fd_sc_hd__inv_4 into sky130_fd_sc_hd__inv_4.ext:
Extracting sky130_fd_sc_hd__clkinv_8 into sky130_fd_sc_hd__clkinv_8.ext:
Extracting sky130_fd_sc_hd__nand3b_2 into sky130_fd_sc_hd__nand3b_2.ext:
Extracting sky130_fd_sc_hd__clkbuf_16 into sky130_fd_sc_hd__clkbuf_16.ext:
Extracting sky130_fd_sc_hd__or2_4 into sky130_fd_sc_hd__or2_4.ext:
Extracting sky130_fd_sc_hd__a22oi_2 into sky130_fd_sc_hd__a22oi_2.ext:
Extracting sky130_fd_sc_hd__nand2_4 into sky130_fd_sc_hd__nand2_4.ext:
Extracting sky130_fd_sc_hd__clkinvlp_4 into sky130_fd_sc_hd__clkinvlp_4.ext:
Extracting sky130_fd_sc_hd__o21bai_2 into sky130_fd_sc_hd__o21bai_2.ext:
Extracting sky130_fd_sc_hd__a2111o_2 into sky130_fd_sc_hd__a2111o_2.ext:
Extracting sky130_fd_sc_hd__nor2b_2 into sky130_fd_sc_hd__nor2b_2.ext:
Extracting sky130_fd_sc_hd__inv_6 into sky130_fd_sc_hd__inv_6.ext:
Extracting sky130_fd_sc_hd__a41o_2 into sky130_fd_sc_hd__a41o_2.ext:
Extracting sky130_fd_sc_hd__a211oi_2 into sky130_fd_sc_hd__a211oi_2.ext:
Extracting sky130_fd_sc_hd__o41a_2 into sky130_fd_sc_hd__o41a_2.ext:
Extracting sky130_fd_sc_hd__o2bb2a_2 into sky130_fd_sc_hd__o2bb2a_2.ext:
Extracting sky130_fd_sc_hd__clkinv_4 into sky130_fd_sc_hd__clkinv_4.ext:
Extracting sky130_fd_sc_hd__a2bb2o_2 into sky130_fd_sc_hd__a2bb2o_2.ext:
Extracting sky130_fd_sc_hd__o311a_2 into sky130_fd_sc_hd__o311a_2.ext:
Extracting sky130_fd_sc_hd__dfstp_4 into sky130_fd_sc_hd__dfstp_4.ext:
Extracting sky130_fd_sc_hd__o31a_2 into sky130_fd_sc_hd__o31a_2.ext:
Extracting sky130_fd_sc_hd__nor2_4 into sky130_fd_sc_hd__nor2_4.ext:
Extracting sky130_fd_sc_hd__inv_8 into sky130_fd_sc_hd__inv_8.ext:
Extracting sky130_fd_sc_hd__a21oi_4 into sky130_fd_sc_hd__a21oi_4.ext:
Extracting sky130_fd_sc_hd__o211ai_4 into sky130_fd_sc_hd__o211ai_4.ext:
Extracting sky130_fd_sc_hd__inv_16 into sky130_fd_sc_hd__inv_16.ext:
Extracting sky130_fd_sc_hd__a311o_2 into sky130_fd_sc_hd__a311o_2.ext:
Extracting sky130_fd_sc_hd__o21ai_4 into sky130_fd_sc_hd__o21ai_4.ext:
Extracting sky130_fd_sc_hd__a221oi_2 into sky130_fd_sc_hd__a221oi_2.ext:
Extracting sky130_fd_sc_hd__a31oi_2 into sky130_fd_sc_hd__a31oi_2.ext:
Extracting sky130_fd_sc_hd__clkinv_1 into sky130_fd_sc_hd__clkinv_1.ext:
Extracting sky130_fd_sc_hd__or3_4 into sky130_fd_sc_hd__or3_4.ext:
Extracting sky130_fd_sc_hd__dfxtp_4 into sky130_fd_sc_hd__dfxtp_4.ext:
Extracting sky130_fd_sc_hd__a31oi_4 into sky130_fd_sc_hd__a31oi_4.ext:
Extracting sky130_fd_sc_hd__o221ai_2 into sky130_fd_sc_hd__o221ai_2.ext:
Extracting sky130_fd_sc_hd__inv_12 into sky130_fd_sc_hd__inv_12.ext:
Extracting sky130_fd_sc_hd__a2111oi_2 into sky130_fd_sc_hd__a2111oi_2.ext:
Extracting sky130_fd_sc_hd__nand2b_2 into sky130_fd_sc_hd__nand2b_2.ext:
Extracting sky130_fd_sc_hd__nor2b_4 into sky130_fd_sc_hd__nor2b_4.ext:
Extracting sky130_fd_sc_hd__nor2_1 into sky130_fd_sc_hd__nor2_1.ext:
Extracting sky130_fd_sc_hd__nand3_1 into sky130_fd_sc_hd__nand3_1.ext:
Extracting sky130_fd_sc_hd__o2111ai_2 into sky130_fd_sc_hd__o2111ai_2.ext:
Extracting sky130_fd_sc_hd__nand3_4 into sky130_fd_sc_hd__nand3_4.ext:
Extracting sky130_fd_sc_hd__and2_4 into sky130_fd_sc_hd__and2_4.ext:
Extracting sky130_fd_sc_hd__nand2_8 into sky130_fd_sc_hd__nand2_8.ext:
Extracting sky130_fd_sc_hd__mux2_1 into sky130_fd_sc_hd__mux2_1.ext:
Extracting sky130_fd_sc_hd__o31ai_4 into sky130_fd_sc_hd__o31ai_4.ext:
Extracting sky130_fd_sc_hd__o21ai_1 into sky130_fd_sc_hd__o21ai_1.ext:
Extracting sky130_fd_sc_hd__nor2_8 into sky130_fd_sc_hd__nor2_8.ext:
Extracting sky130_fd_sc_hd__bufinv_8 into sky130_fd_sc_hd__bufinv_8.ext:
Extracting sky130_fd_sc_hd__nand3b_4 into sky130_fd_sc_hd__nand3b_4.ext:
Extracting hw_scheduler_top into hw_scheduler_top.ext:
exttospice finished.
