Reading timing models for corner nom_ss_100C_1v60…
Reading timing library for the 'nom_ss_100C_1v60' corner at '/Users/yomna/.ciel/ciel/sky130/versions/8afc8346a57fe1ab7934ba5a6056ea8b43078e71/sky130A/libs.ref/sky130_fd_sc_hd/lib/sky130_fd_sc_hd__ss_100C_1v60.lib'…
Reading OpenROAD database at '/Users/yomna/Documents/projects/harts/flow/openlane/runs/classic-flow/45-odb-diodesonports/3-openroad-globalrouting/hw_scheduler_top.odb'…
Reading design constraints file at '/Users/yomna/Documents/projects/harts/flow/openlane/sdc/hw_scheduler_top_pnr.sdc'…
[INFO]: Creating clock {clk} for port clk with period: 25
[INFO]: Setting clock uncertainty to: 0.12
[INFO]: Source clock latency 0 (macro boundary)
+ repair_antennas sky130_fd_sc_hd__diode_2 -iterations 10 -ratio_margin 15
[INFO GRT-0012] Found 140 antenna violations.
[INFO GRT-0302] Inserted 67 jumpers for 61 nets.
[INFO GRT-0012] Found 83 antenna violations.
[INFO GRT-0015] Inserted 128 diodes.
[INFO GRT-0012] Found 22 antenna violations.
[INFO GRT-0302] Inserted 23 jumpers for 22 nets.
[INFO GRT-0012] Found 0 antenna violations.
Setting global connections for newly added cells…
[INFO] Setting global connections...
[INFO ODB-0403] 512 connections made, 0 conflicts skipped.
Updating metrics…
Cell type report:                       Count       Area
  Fill cell                               602    2259.67
  Tap cell                               9544   11941.45
  Antenna cell                            146     365.35
  Buffer                                 2847   13510.46
  Clock buffer                            541    7148.11
  Timing Repair Buffer                   1968   16878.69
  Inverter                               2201    8992.37
  Clock inverter                           95    1226.18
  Sequential cell                        2860   74503.96
  Multi-Input combinational cell        16407  139204.76
  Total                                 37211  276030.99
Writing OpenROAD database to '/Users/yomna/Documents/projects/harts/flow/openlane/runs/classic-flow/46-openroad-repairantennas/1-openroad-diodeinsertion/hw_scheduler_top.odb'…
Writing layout to '/Users/yomna/Documents/projects/harts/flow/openlane/runs/classic-flow/46-openroad-repairantennas/1-openroad-diodeinsertion/hw_scheduler_top.def'…
