153. Printing statistics.

=== hw_scheduler_top ===

        +----------Local Count, excluding submodules.
        |        +-Local Area, excluding submodules.
        |        | 
    24741        - wires
    24748        - wire bits
     2870        - public wires
     2877        - public wire bits
       11        - ports
       18        - port bits
    24733 2.36E+05 cells
       58  725.696   sky130_fd_sc_hd__a2111o_2
        3   45.043   sky130_fd_sc_hd__a2111oi_2
      403 4.03E+03   sky130_fd_sc_hd__a211o_2
        1   17.517   sky130_fd_sc_hd__a211o_4
       13  162.656   sky130_fd_sc_hd__a211oi_2
        3   60.058   sky130_fd_sc_hd__a211oi_4
       45  450.432   sky130_fd_sc_hd__a21bo_2
       44  495.475   sky130_fd_sc_hd__a21boi_2
      512 4.48E+03   sky130_fd_sc_hd__a21o_2
      701 6.14E+03   sky130_fd_sc_hd__a21oi_2
       52  845.811   sky130_fd_sc_hd__a21oi_4
      398 4.48E+03   sky130_fd_sc_hd__a221o_2
        8  120.115   sky130_fd_sc_hd__a221oi_2
      467 4.67E+03   sky130_fd_sc_hd__a22o_2
        5    62.56   sky130_fd_sc_hd__a22oi_2
       14  157.651   sky130_fd_sc_hd__a2bb2o_2
        7   78.826   sky130_fd_sc_hd__a311o_2
      169  1480.17   sky130_fd_sc_hd__a31o_2
       65   813.28   sky130_fd_sc_hd__a31oi_2
       94 1.06E+03   sky130_fd_sc_hd__a32o_2
       10  112.608   sky130_fd_sc_hd__a41o_2
      271 2.03E+03   sky130_fd_sc_hd__and2_2
        1    8.758   sky130_fd_sc_hd__and2_4
       34  297.786   sky130_fd_sc_hd__and2b_2
        1    10.01   sky130_fd_sc_hd__and2b_4
      263 1.97E+03   sky130_fd_sc_hd__and3_2
       28  280.269   sky130_fd_sc_hd__and3b_2
       25   250.24   sky130_fd_sc_hd__and4_2
        2   22.522   sky130_fd_sc_hd__and4b_2
     2487 9.34E+03   sky130_fd_sc_hd__buf_1
      216 1.08E+03   sky130_fd_sc_hd__buf_2
       64  480.461   sky130_fd_sc_hd__buf_4
       59  664.387   sky130_fd_sc_hd__buf_6
        1   15.014   sky130_fd_sc_hd__buf_8
        1    3.754   sky130_fd_sc_hd__conb_1
     2711 7.12E+04   sky130_fd_sc_hd__dfrtp_2
       22  578.054   sky130_fd_sc_hd__dfstp_2
      129 2.74E+03   sky130_fd_sc_hd__dfxtp_2
     2070 7.77E+03   sky130_fd_sc_hd__inv_2
       18  112.608   sky130_fd_sc_hd__inv_4
     1743 1.96E+04   sky130_fd_sc_hd__mux2_2
     5396 3.38E+04   sky130_fd_sc_hd__nand2_2
       46  517.997   sky130_fd_sc_hd__nand2_4
       31   271.51   sky130_fd_sc_hd__nand2b_2
     1267 1.27E+04   sky130_fd_sc_hd__nand3_2
        3    52.55   sky130_fd_sc_hd__nand3_4
       79  889.603   sky130_fd_sc_hd__nand3b_2
     1697 1.06E+04   sky130_fd_sc_hd__nor2_2
       29  326.563   sky130_fd_sc_hd__nor2_4
        5  100.096   sky130_fd_sc_hd__nor2_8
       12  105.101   sky130_fd_sc_hd__nor2b_2
       41  410.394   sky130_fd_sc_hd__nor3_2
       20   250.24   sky130_fd_sc_hd__nor3b_2
        2   25.024   sky130_fd_sc_hd__o2111a_2
        3   45.043   sky130_fd_sc_hd__o2111ai_2
      238 2.38E+03   sky130_fd_sc_hd__o211a_2
      309 3.87E+03   sky130_fd_sc_hd__o211ai_2
      332 2.91E+03   sky130_fd_sc_hd__o21a_2
      715 6.26E+03   sky130_fd_sc_hd__o21ai_2
        3   30.029   sky130_fd_sc_hd__o21ba_2
       19  213.955   sky130_fd_sc_hd__o21bai_2
       37   416.65   sky130_fd_sc_hd__o221a_2
       35  525.504   sky130_fd_sc_hd__o221ai_2
       40  400.384   sky130_fd_sc_hd__o22a_2
        8  100.096   sky130_fd_sc_hd__o22ai_2
       18  202.694   sky130_fd_sc_hd__o2bb2a_2
        1   15.014   sky130_fd_sc_hd__o2bb2ai_2
        7   78.826   sky130_fd_sc_hd__o311a_2
       27  270.259   sky130_fd_sc_hd__o31a_2
        8  100.096   sky130_fd_sc_hd__o31ai_2
       46  517.997   sky130_fd_sc_hd__o32a_2
        2   32.531   sky130_fd_sc_hd__o32ai_2
        1   12.512   sky130_fd_sc_hd__o41a_2
        1   16.266   sky130_fd_sc_hd__o41ai_2
      566 3.54E+03   sky130_fd_sc_hd__or2_2
        5   43.792   sky130_fd_sc_hd__or2_4
       93  814.531   sky130_fd_sc_hd__or2b_2
      116  870.835   sky130_fd_sc_hd__or3_2
        3   33.782   sky130_fd_sc_hd__or3_4
       23  201.443   sky130_fd_sc_hd__or3b_2
      111  972.182   sky130_fd_sc_hd__or4_2
        9   90.086   sky130_fd_sc_hd__or4b_2
        1   13.763   sky130_fd_sc_hd__or4b_4
       20  325.312   sky130_fd_sc_hd__xnor2_2
       90 1.46E+03   sky130_fd_sc_hd__xor2_2

   Chip area for module '\hw_scheduler_top': 235794.896000
     of which used for sequential elements: 74554.003200 (31.62%)

