
===========================================================================
Violator List
============================================================================
[hold in-reg] rst_n -> _29154_/RESET_B : -0.304780
[hold in-reg] rst_n -> _29155_/RESET_B : -0.304780
[hold in-reg] cs_n -> _29157_/D : -0.096197
[hold in-reg] sclk -> _29156_/D : -0.090686
[hold in-reg] ext_irq[7] -> _29775_/D : -0.050449
[hold in-reg] mosi -> _28988_/D : -0.026480
[hold in-reg] scan_in -> _29941_/D : -0.022493
[hold in-reg] scan_en -> _29963_/D : -0.019585
[hold in-reg] scan_en -> _29993_/D : -0.019585
[hold in-reg] scan_en -> _29992_/D : -0.019584
[hold in-reg] scan_en -> _29991_/D : -0.019584
[hold in-reg] scan_en -> _29972_/D : -0.019583
[hold in-reg] scan_en -> _29957_/D : -0.019578
[hold in-reg] scan_en -> _29961_/D : -0.019577
[hold in-reg] scan_en -> _29954_/D : -0.019576
[hold in-reg] scan_en -> _29979_/D : -0.019569
[hold in-reg] scan_en -> _29942_/D : -0.019566
[hold in-reg] scan_en -> _29943_/D : -0.019566
[hold in-reg] scan_en -> _29944_/D : -0.019566
[hold in-reg] scan_en -> _29945_/D : -0.019566
[hold in-reg] scan_en -> _29946_/D : -0.019566
[hold in-reg] scan_en -> _29947_/D : -0.019566
[hold in-reg] scan_en -> _29948_/D : -0.019566
[hold in-reg] scan_en -> _29951_/D : -0.019566
[hold in-reg] scan_en -> _29952_/D : -0.019566
[hold in-reg] scan_en -> _29953_/D : -0.019566
[hold in-reg] scan_en -> _29955_/D : -0.019566
[hold in-reg] scan_en -> _29956_/D : -0.019566
[hold in-reg] scan_en -> _29958_/D : -0.019566
[hold in-reg] scan_en -> _29959_/D : -0.019566
[hold in-reg] scan_en -> _29960_/D : -0.019566
[hold in-reg] scan_en -> _29962_/D : -0.019566
[hold in-reg] scan_en -> _29964_/D : -0.019566
[hold in-reg] scan_en -> _29965_/D : -0.019566
[hold in-reg] scan_en -> _29966_/D : -0.019566
[hold in-reg] scan_en -> _29967_/D : -0.019566
[hold in-reg] scan_en -> _29968_/D : -0.019566
[hold in-reg] scan_en -> _29969_/D : -0.019566
[hold in-reg] scan_en -> _29970_/D : -0.019566
[hold in-reg] scan_en -> _29971_/D : -0.019566
[hold in-reg] scan_en -> _29973_/D : -0.019566
[hold in-reg] scan_en -> _29974_/D : -0.019566
[hold in-reg] scan_en -> _29975_/D : -0.019566
[hold in-reg] scan_en -> _29976_/D : -0.019566
[hold in-reg] scan_en -> _29977_/D : -0.019566
[hold in-reg] scan_en -> _29978_/D : -0.019566
[hold in-reg] scan_en -> _29980_/D : -0.019566
[hold in-reg] scan_en -> _29981_/D : -0.019566
[hold in-reg] scan_en -> _29982_/D : -0.019566
[hold in-reg] scan_en -> _29983_/D : -0.019566
[hold in-reg] scan_en -> _29984_/D : -0.019566
[hold in-reg] scan_en -> _29985_/D : -0.019566
[hold in-reg] scan_en -> _29986_/D : -0.019566
[hold in-reg] scan_en -> _29987_/D : -0.019566
[hold in-reg] scan_en -> _29988_/D : -0.019566
[hold in-reg] scan_en -> _29989_/D : -0.019566
[hold in-reg] scan_en -> _29990_/D : -0.019566
[hold in-reg] scan_en -> _29949_/D : -0.018499
[hold in-reg] scan_en -> _29950_/D : -0.018499
[hold in-reg] scan_en -> _29994_/D : -0.018499
[hold in-reg] scan_en -> _29995_/D : -0.018499
[hold in-reg] scan_en -> _29996_/D : -0.018499
[hold in-reg] scan_en -> _29997_/D : -0.018499
[hold in-reg] scan_en -> _29998_/D : -0.018499
[hold in-reg] scan_en -> _29999_/D : -0.018499
[hold in-reg] scan_en -> _30000_/D : -0.018499
[hold in-reg] scan_en -> _30001_/D : -0.018499
[hold in-reg] scan_en -> _30002_/D : -0.018499
[hold in-reg] scan_en -> _30003_/D : -0.018499
[hold in-reg] scan_en -> _30004_/D : -0.018499
[hold in-reg] scan_en -> _30005_/D : -0.018499
[hold in-reg] scan_en -> _30006_/D : -0.018499
[hold in-reg] scan_en -> _30007_/D : -0.018499
[hold in-reg] scan_en -> _30008_/D : -0.018499
[hold in-reg] scan_en -> _30009_/D : -0.018499
[hold in-reg] scan_en -> _30010_/D : -0.018499
[hold in-reg] scan_en -> _30011_/D : -0.018499
[hold in-reg] scan_en -> _30012_/D : -0.018499
[hold in-reg] scan_en -> _30013_/D : -0.018499
[hold in-reg] scan_en -> _30014_/D : -0.018499
[hold in-reg] scan_en -> _30015_/D : -0.018499
[hold in-reg] scan_en -> _30016_/D : -0.018499
[hold in-reg] scan_en -> _30017_/D : -0.018499
[hold in-reg] scan_en -> _30018_/D : -0.018499
[hold in-reg] scan_en -> _30019_/D : -0.018499
[hold in-reg] scan_en -> _30020_/D : -0.018499
[hold in-reg] scan_en -> _30021_/D : -0.018499
[hold in-reg] scan_en -> _30022_/D : -0.018499
[hold in-reg] scan_en -> _30023_/D : -0.018499
[hold in-reg] scan_en -> _30024_/D : -0.018499
[hold in-reg] scan_en -> _30025_/D : -0.018499
[hold in-reg] scan_en -> _30026_/D : -0.018499
[hold in-reg] scan_en -> _30027_/D : -0.018499
[hold in-reg] scan_en -> _30028_/D : -0.018499
[hold in-reg] scan_en -> _30029_/D : -0.018499
[hold in-reg] scan_en -> _30030_/D : -0.018499
[hold in-reg] scan_en -> _30031_/D : -0.018499
[hold in-reg] scan_en -> _30032_/D : -0.018499
[hold in-reg] scan_en -> _30033_/D : -0.018499
[hold in-reg] scan_en -> _30034_/D : -0.018499
[hold in-reg] scan_en -> _30035_/D : -0.018499
[hold in-reg] scan_en -> _30036_/D : -0.018499
[hold in-reg] scan_en -> _30037_/D : -0.018499
[hold in-reg] scan_en -> _30038_/D : -0.018499
[hold in-reg] scan_en -> _30039_/D : -0.018499
[hold in-reg] scan_en -> _30040_/D : -0.018499
[hold in-reg] scan_en -> _30041_/D : -0.018499
[hold in-reg] scan_en -> _30042_/D : -0.018499
[hold in-reg] scan_en -> _30043_/D : -0.018499
[hold in-reg] scan_en -> _30044_/D : -0.018499
[hold in-reg] scan_en -> _30045_/D : -0.018499
[hold in-reg] scan_en -> _30046_/D : -0.018499
[hold in-reg] scan_en -> _30047_/D : -0.018499
[hold in-reg] scan_en -> _30048_/D : -0.018499
[hold in-reg] scan_en -> _30049_/D : -0.018499
[hold in-reg] scan_en -> _30050_/D : -0.018499
[hold in-reg] scan_en -> _30051_/D : -0.018499
[hold in-reg] scan_en -> _30052_/D : -0.018499
[hold in-reg] scan_en -> _30053_/D : -0.018499
[hold in-reg] scan_en -> _30054_/D : -0.018499
[hold in-reg] scan_en -> _30055_/D : -0.018499
[hold in-reg] scan_en -> _30056_/D : -0.018499
[hold in-reg] scan_en -> _30057_/D : -0.018499
[hold in-reg] scan_en -> _30058_/D : -0.018499
[hold in-reg] scan_en -> _30059_/D : -0.018499
[hold in-reg] scan_en -> _30060_/D : -0.018499
[hold in-reg] scan_en -> _30061_/D : -0.018499
[hold in-reg] scan_en -> _30062_/D : -0.018499
[hold in-reg] scan_en -> _30063_/D : -0.018499
[hold in-reg] scan_en -> _30064_/D : -0.018499
[hold in-reg] scan_en -> _30065_/D : -0.018499
[hold in-reg] scan_en -> _30066_/D : -0.018499
[hold in-reg] scan_en -> _30067_/D : -0.018499
[hold in-reg] scan_en -> _30068_/D : -0.018499
[hold in-reg] scan_en -> _30069_/D : -0.018499
[hold in-reg] scan_en -> _30070_/D : -0.018499
[hold in-reg] scan_en -> _30071_/D : -0.018499
[hold in-reg] scan_en -> _30072_/D : -0.018499
[hold in-reg] scan_en -> _30073_/D : -0.018499
[hold in-reg] scan_en -> _30074_/D : -0.018499
[hold in-reg] scan_en -> _30075_/D : -0.018499
[hold in-reg] scan_en -> _30076_/D : -0.018499
[hold in-reg] scan_en -> _30077_/D : -0.018499
[hold in-reg] scan_en -> _30078_/D : -0.018499
[hold in-reg] scan_en -> _30079_/D : -0.018499
[hold in-reg] scan_en -> _30080_/D : -0.018499
[hold in-reg] scan_en -> _30081_/D : -0.018499
[hold in-reg] scan_en -> _30082_/D : -0.018499
[hold in-reg] scan_en -> _30083_/D : -0.018499
[hold in-reg] scan_en -> _30084_/D : -0.018499
[hold in-reg] scan_en -> _30085_/D : -0.018499
[hold in-reg] scan_en -> _30086_/D : -0.018499
[hold in-reg] scan_en -> _30087_/D : -0.018499
[hold in-reg] scan_en -> _30088_/D : -0.018499
[hold in-reg] scan_en -> _30089_/D : -0.018499
[hold in-reg] scan_en -> _30090_/D : -0.018499
[hold in-reg] scan_en -> _30091_/D : -0.018499
[hold in-reg] scan_en -> _30092_/D : -0.018499
[hold in-reg] scan_en -> _30093_/D : -0.018499
[hold in-reg] scan_en -> _30094_/D : -0.018499
[hold in-reg] scan_en -> _30095_/D : -0.018499
[hold in-reg] scan_en -> _30096_/D : -0.018499
[hold in-reg] scan_en -> _30097_/D : -0.018499
[hold in-reg] scan_en -> _30098_/D : -0.018499
[hold in-reg] scan_en -> _30099_/D : -0.018499
[hold in-reg] scan_en -> _30100_/D : -0.018499
[hold in-reg] scan_en -> _30101_/D : -0.018499
[hold in-reg] scan_en -> _30102_/D : -0.018499
[hold in-reg] scan_en -> _30103_/D : -0.018499
[hold in-reg] scan_en -> _30104_/D : -0.018499
[hold in-reg] scan_en -> _30105_/D : -0.018499
[hold in-reg] scan_en -> _30106_/D : -0.018499
[hold in-reg] scan_en -> _30107_/D : -0.018499
[hold in-reg] scan_en -> _30108_/D : -0.018499
[hold in-reg] scan_en -> _30109_/D : -0.018499
[hold in-reg] scan_en -> _30110_/D : -0.018499
[hold in-reg] scan_en -> _30111_/D : -0.018499
[hold in-reg] scan_en -> _30112_/D : -0.018499
[hold in-reg] scan_en -> _30113_/D : -0.018499
[hold in-reg] scan_en -> _30114_/D : -0.018499
[hold in-reg] scan_en -> _30115_/D : -0.018499
[hold in-reg] scan_en -> _30116_/D : -0.018499
[hold in-reg] scan_en -> _30117_/D : -0.018499
[hold in-reg] scan_en -> _30118_/D : -0.018499
[hold in-reg] scan_en -> _30119_/D : -0.018499
[hold in-reg] scan_en -> _30120_/D : -0.018499
[hold in-reg] scan_en -> _30121_/D : -0.018499
[hold in-reg] scan_en -> _30122_/D : -0.018499
[hold in-reg] scan_en -> _30123_/D : -0.018499
[hold in-reg] scan_en -> _30124_/D : -0.018499
[hold in-reg] scan_en -> _30125_/D : -0.018499
[hold in-reg] scan_en -> _30126_/D : -0.018499
[hold in-reg] scan_en -> _30127_/D : -0.018499
[hold in-reg] scan_en -> _30128_/D : -0.018499
[hold in-reg] scan_en -> _30129_/D : -0.018499
[hold in-reg] scan_en -> _30130_/D : -0.018499
[hold in-reg] scan_en -> _30131_/D : -0.018499
[hold in-reg] scan_en -> _30132_/D : -0.018499
[hold in-reg] scan_en -> _30133_/D : -0.018499
[hold in-reg] scan_en -> _30134_/D : -0.018499
[hold in-reg] scan_en -> _30135_/D : -0.018499
[hold in-reg] scan_en -> _30136_/D : -0.018499
[hold in-reg] scan_en -> _30137_/D : -0.018499
[hold in-reg] scan_en -> _30138_/D : -0.018499
[hold in-reg] scan_en -> _30139_/D : -0.018499
[hold in-reg] scan_en -> _30140_/D : -0.018499
[hold in-reg] scan_en -> _30141_/D : -0.018499
[hold in-reg] scan_en -> _30142_/D : -0.018499
[hold in-reg] scan_en -> _30143_/D : -0.018499
[hold in-reg] scan_en -> _30144_/D : -0.018499
[hold in-reg] scan_en -> _30145_/D : -0.018499
[hold in-reg] scan_en -> _30146_/D : -0.018499
[hold in-reg] scan_en -> _30147_/D : -0.018499
[hold in-reg] scan_en -> _30148_/D : -0.018499
[hold in-reg] scan_en -> _30149_/D : -0.018499
[hold in-reg] scan_en -> _30150_/D : -0.018499
[hold in-reg] scan_en -> _30151_/D : -0.018499
[hold in-reg] scan_en -> _30152_/D : -0.018499
[hold in-reg] scan_en -> _30153_/D : -0.018499
[hold in-reg] scan_en -> _30154_/D : -0.018499
[hold in-reg] scan_en -> _30155_/D : -0.018499
[hold in-reg] scan_en -> _30156_/D : -0.018499
[hold in-reg] scan_en -> _30157_/D : -0.018499
[hold in-reg] scan_en -> _30158_/D : -0.018499
[hold in-reg] scan_en -> _30159_/D : -0.018499
[hold in-reg] scan_en -> _30160_/D : -0.018499
[hold in-reg] scan_en -> _30161_/D : -0.018499
[hold in-reg] scan_en -> _30162_/D : -0.018499
[hold in-reg] scan_en -> _30163_/D : -0.018499
[hold in-reg] scan_en -> _30164_/D : -0.018499
[hold in-reg] scan_en -> _30165_/D : -0.018499
[hold in-reg] scan_en -> _30166_/D : -0.018499
[hold in-reg] scan_en -> _30167_/D : -0.018499
[hold in-reg] scan_en -> _30168_/D : -0.018499
[hold in-reg] scan_en -> _30169_/D : -0.018499
[hold in-reg] scan_en -> _30170_/D : -0.018499
[hold in-reg] scan_en -> _30171_/D : -0.018499
[hold in-reg] scan_en -> _30172_/D : -0.018499
[hold in-reg] scan_en -> _30173_/D : -0.018499
[hold in-reg] scan_en -> _30174_/D : -0.018499
[hold in-reg] scan_en -> _30175_/D : -0.018499
[hold in-reg] scan_en -> _30176_/D : -0.018499
[hold in-reg] scan_en -> _30177_/D : -0.018499
[hold in-reg] scan_en -> _30178_/D : -0.018499
[hold in-reg] scan_en -> _30179_/D : -0.018499
[hold in-reg] scan_en -> _30180_/D : -0.018499
[hold in-reg] scan_en -> _30181_/D : -0.018499
[hold in-reg] scan_en -> _30182_/D : -0.018499
[hold in-reg] scan_en -> _30183_/D : -0.018499
[hold in-reg] scan_en -> _30184_/D : -0.018499
[hold in-reg] scan_en -> _30185_/D : -0.018499
[hold in-reg] scan_en -> _30186_/D : -0.018499
[hold in-reg] scan_en -> _30187_/D : -0.018499
[hold in-reg] scan_en -> _30188_/D : -0.018499
[hold in-reg] scan_en -> _30189_/D : -0.018499
[hold in-reg] scan_en -> _30190_/D : -0.018499
[hold in-reg] scan_en -> _30191_/D : -0.018499
[hold in-reg] scan_en -> _30192_/D : -0.018499
[hold in-reg] scan_en -> _30193_/D : -0.018499
[hold in-reg] scan_en -> _30194_/D : -0.018499
[hold in-reg] scan_en -> _30195_/D : -0.018499
[hold in-reg] scan_en -> _30196_/D : -0.018499
[hold in-reg] cs_n -> _28955_/D : -0.015217
