
===========================================================================
report_checks -unconstrained
===========================================================================
======================= max_ss_100C_1v60 Corner ===================================

Startpoint: rst_n (input port clocked by clk)
Endpoint: _47174_ (recovery check against rising-edge clock clk)
Path Group: asynchronous
Path Type: max

Fanout         Cap        Slew       Delay        Time   Description
---------------------------------------------------------------------------------------------
                                  0.000000    0.000000   clock clk (rise edge)
                                  0.000000    0.000000   clock network delay (propagated)
                                 12.500000   12.500000 ^ input external delay
     2    0.003926    0.000000    0.000000   12.500000 ^ rst_n (in)
                                                         rst_n (net)
                      0.000352    0.000176   12.500175 ^ input9/A (sky130_fd_sc_hd__buf_2)
     2    0.088243    0.676964    0.576449   13.076625 ^ input9/X (sky130_fd_sc_hd__buf_2)
                                                         net9 (net)
                      0.676964    0.000213   13.076838 ^ max_cap1892/A (sky130_fd_sc_hd__buf_4)
     3    0.065193    0.295362    0.616542   13.693379 ^ max_cap1892/X (sky130_fd_sc_hd__buf_4)
                                                         net1892 (net)
                      0.295393    0.003361   13.696740 ^ fanout1429/A (sky130_fd_sc_hd__clkdlybuf4s25_1)
     4    0.034750    0.561475    0.909735   14.606475 ^ fanout1429/X (sky130_fd_sc_hd__clkdlybuf4s25_1)
                                                         net1429 (net)
                      0.561487    0.003348   14.609822 ^ wire1432/A (sky130_fd_sc_hd__clkbuf_4)
     6    0.065967    0.320528    0.644708   15.254531 ^ wire1432/X (sky130_fd_sc_hd__clkbuf_4)
                                                         net1432 (net)
                      0.321080    0.009322   15.263853 ^ fanout1416/A (sky130_fd_sc_hd__clkdlybuf4s25_1)
     6    0.042820    0.688349    1.007519   16.271372 ^ fanout1416/X (sky130_fd_sc_hd__clkdlybuf4s25_1)
                                                         net1416 (net)
                      0.688374    0.004823   16.276196 ^ load_slew1417/A (sky130_fd_sc_hd__clkbuf_4)
     7    0.046359    0.235830    0.632241   16.908436 ^ load_slew1417/X (sky130_fd_sc_hd__clkbuf_4)
                                                         net1417 (net)
                      0.236063    0.006647   16.915083 ^ fanout1413/A (sky130_fd_sc_hd__clkdlybuf4s25_1)
     4    0.024018    0.395380    0.770799   17.685883 ^ fanout1413/X (sky130_fd_sc_hd__clkdlybuf4s25_1)
                                                         net1413 (net)
                      0.395380    0.000624   17.686504 ^ load_slew1415/A (sky130_fd_sc_hd__buf_4)
     7    0.047249    0.219858    0.457241   18.143747 ^ load_slew1415/X (sky130_fd_sc_hd__buf_4)
                                                         net1415 (net)
                      0.219860    0.001403   18.145149 ^ fanout1401/A (sky130_fd_sc_hd__clkdlybuf4s25_1)
     5    0.023208    0.382819    0.755891   18.901041 ^ fanout1401/X (sky130_fd_sc_hd__clkdlybuf4s25_1)
                                                         net1401 (net)
                      0.382819    0.000190   18.901232 ^ fanout1397/A (sky130_fd_sc_hd__clkdlybuf4s25_1)
     4    0.018457    0.309358    0.761995   19.663227 ^ fanout1397/X (sky130_fd_sc_hd__clkdlybuf4s25_1)
                                                         net1397 (net)
                      0.309358    0.001087   19.664314 ^ load_slew1400/A (sky130_fd_sc_hd__clkbuf_4)
     9    0.039676    0.204069    0.453653   20.117966 ^ load_slew1400/X (sky130_fd_sc_hd__clkbuf_4)
                                                         net1400 (net)
                      0.204093    0.002316   20.120283 ^ load_slew1399/A (sky130_fd_sc_hd__clkbuf_4)
     8    0.035684    0.185468    0.394179   20.514462 ^ load_slew1399/X (sky130_fd_sc_hd__clkbuf_4)
                                                         net1399 (net)
                      0.185498    0.002375   20.516836 ^ _47174_/RESET_B (sky130_fd_sc_hd__dfrtp_2)
                                             20.516836   data arrival time

                                 25.000000   25.000000   clock clk (rise edge)
                                  0.000000   25.000000   clock source latency
     2    0.132556    0.610000    0.000000   25.000000 ^ clk (in)
                                                         clk (net)
                      0.711677    0.050839   25.050838 ^ clkbuf_0_clk/A (sky130_fd_sc_hd__clkbuf_16)
     5    0.165131    0.274706    0.639192   25.690031 ^ clkbuf_0_clk/X (sky130_fd_sc_hd__clkbuf_16)
                                                         clknet_0_clk (net)
                      0.275855    0.013641   25.703671 ^ clkbuf_2_0_0_clk/A (sky130_fd_sc_hd__clkbuf_8)
     8    0.227769    0.598897    0.693586   26.397257 ^ clkbuf_2_0_0_clk/X (sky130_fd_sc_hd__clkbuf_8)
                                                         clknet_2_0_0_clk (net)
                      0.601322    0.031358   26.428616 ^ clkbuf_5_2__f_clk/A (sky130_fd_sc_hd__clkbuf_16)
    13    0.131631    0.225330    0.570674   26.999289 ^ clkbuf_5_2__f_clk/X (sky130_fd_sc_hd__clkbuf_16)
                                                         clknet_5_2__leaf_clk (net)
                      0.225754    0.008692   27.007980 ^ clkbuf_leaf_30_clk/A (sky130_fd_sc_hd__clkbuf_8)
    11    0.037584    0.124000    0.344562   27.352543 ^ clkbuf_leaf_30_clk/X (sky130_fd_sc_hd__clkbuf_8)
                                                         clknet_leaf_30_clk (net)
                      0.124000    0.000345   27.352886 ^ _47174_/CLK (sky130_fd_sc_hd__dfrtp_2)
                                 -0.100000   27.252888   clock uncertainty
                                  0.000000   27.252888   clock reconvergence pessimism
                                  0.413419   27.666306   library recovery time
                                             27.666306   data required time
---------------------------------------------------------------------------------------------
                                             27.666306   data required time
                                            -20.516836   data arrival time
---------------------------------------------------------------------------------------------
                                              7.149469   slack (MET)


Startpoint: _48227_ (rising edge-triggered flip-flop clocked by clk)
Endpoint: _48693_ (rising edge-triggered flip-flop clocked by clk)
Path Group: clk
Path Type: max

Fanout         Cap        Slew       Delay        Time   Description
---------------------------------------------------------------------------------------------
                                  0.000000    0.000000   clock clk (rise edge)
                                  0.000000    0.000000   clock source latency
     2    0.132556    0.610000    0.000000    0.000000 ^ clk (in)
                                                         clk (net)
                      0.711677    0.050839    0.050839 ^ clkbuf_0_clk/A (sky130_fd_sc_hd__clkbuf_16)
     5    0.165131    0.274706    0.639192    0.690031 ^ clkbuf_0_clk/X (sky130_fd_sc_hd__clkbuf_16)
                                                         clknet_0_clk (net)
                      0.276779    0.018638    0.708669 ^ clkbuf_2_2_0_clk/A (sky130_fd_sc_hd__clkbuf_8)
     8    0.206113    0.543008    0.663465    1.372134 ^ clkbuf_2_2_0_clk/X (sky130_fd_sc_hd__clkbuf_8)
                                                         clknet_2_2_0_clk (net)
                      0.543511    0.013799    1.385933 ^ clkbuf_5_19__f_clk/A (sky130_fd_sc_hd__clkbuf_16)
    14    0.129535    0.221876    0.544357    1.930289 ^ clkbuf_5_19__f_clk/X (sky130_fd_sc_hd__clkbuf_16)
                                                         clknet_5_19__leaf_clk (net)
                      0.223160    0.013579    1.943868 ^ clkbuf_leaf_267_clk/A (sky130_fd_sc_hd__clkbuf_8)
    11    0.033345    0.113841    0.335350    2.279218 ^ clkbuf_leaf_267_clk/X (sky130_fd_sc_hd__clkbuf_8)
                                                         clknet_leaf_267_clk (net)
                      0.113849    0.001089    2.280308 ^ _48227_/CLK (sky130_fd_sc_hd__dfxtp_2)
     4    0.073917    0.588414    1.044512    3.324819 ^ _48227_/Q (sky130_fd_sc_hd__dfxtp_2)
                                                         tick_pulse_r_ctrl (net)
                      0.588445    0.005336    3.330156 ^ max_cap1126/A (sky130_fd_sc_hd__buf_6)
     5    0.120701    0.379314    0.588215    3.918370 ^ max_cap1126/X (sky130_fd_sc_hd__buf_6)
                                                         net1126 (net)
                      0.383944    0.033747    3.952117 ^ fanout1121/A (sky130_fd_sc_hd__clkdlybuf4s25_1)
     3    0.011663    0.205439    0.687399    4.639516 ^ fanout1121/X (sky130_fd_sc_hd__clkdlybuf4s25_1)
                                                         net1121 (net)
                      0.205439    0.000524    4.640040 ^ load_slew1125/A (sky130_fd_sc_hd__clkbuf_4)
     6    0.077100    0.369569    0.519424    5.159464 ^ load_slew1125/X (sky130_fd_sc_hd__clkbuf_4)
                                                         net1125 (net)
                      0.371165    0.019832    5.179296 ^ fanout1112/A (sky130_fd_sc_hd__clkdlybuf4s25_1)
     4    0.030997    0.503384    0.895398    6.074694 ^ fanout1112/X (sky130_fd_sc_hd__clkdlybuf4s25_1)
                                                         net1112 (net)
                      0.503384    0.000188    6.074883 ^ load_slew1117/A (sky130_fd_sc_hd__buf_4)
     6    0.038873    0.186700    0.476555    6.551438 ^ load_slew1117/X (sky130_fd_sc_hd__buf_4)
                                                         net1117 (net)
                      0.186793    0.003860    6.555298 ^ load_slew1116/A (sky130_fd_sc_hd__clkbuf_4)
     6    0.041004    0.208554    0.402235    6.957533 ^ load_slew1116/X (sky130_fd_sc_hd__clkbuf_4)
                                                         net1116 (net)
                      0.208667    0.004513    6.962046 ^ load_slew1115/A (sky130_fd_sc_hd__buf_2)
     6    0.036285    0.287934    0.416955    7.379001 ^ load_slew1115/X (sky130_fd_sc_hd__buf_2)
                                                         net1115 (net)
                      0.287998    0.004170    7.383171 ^ load_slew1113/A (sky130_fd_sc_hd__buf_4)
     3    0.039199    0.185880    0.390399    7.773570 ^ load_slew1113/X (sky130_fd_sc_hd__buf_4)
                                                         net1113 (net)
                      0.186076    0.005417    7.778986 ^ _44054_/A (sky130_fd_sc_hd__inv_8)
    10    0.066516    0.094265    0.144784    7.923770 v _44054_/Y (sky130_fd_sc_hd__inv_8)
                                                         _19888_ (net)
                      0.094417    0.003078    7.926849 v _44055_/A (sky130_fd_sc_hd__buf_4)
    10    0.124594    0.281460    0.449679    8.376527 v _44055_/X (sky130_fd_sc_hd__buf_4)
                                                         _19889_ (net)
                      0.282918    0.016662    8.393189 v _44822_/B (sky130_fd_sc_hd__nor2_2)
     1    0.005146    0.155006    0.231558    8.624747 ^ _44822_/Y (sky130_fd_sc_hd__nor2_2)
                                                         _20566_ (net)
                      0.155007    0.000382    8.625130 ^ _44825_/B (sky130_fd_sc_hd__nand3_2)
     2    0.012432    0.236501    0.253696    8.878825 v _44825_/Y (sky130_fd_sc_hd__nand3_2)
                                                         _20569_ (net)
                      0.236501    0.000723    8.879548 v _44826_/A (sky130_fd_sc_hd__nand2_2)
     2    0.009581    0.113271    0.192812    9.072360 ^ _44826_/Y (sky130_fd_sc_hd__nand2_2)
                                                         _20570_ (net)
                      0.113271    0.000212    9.072573 ^ _44830_/A (sky130_fd_sc_hd__nand3_2)
     1    0.006171    0.127175    0.151567    9.224139 v _44830_/Y (sky130_fd_sc_hd__nand3_2)
                                                         _20574_ (net)
                      0.127176    0.000490    9.224629 v _44831_/B (sky130_fd_sc_hd__nor2_2)
     1    0.006075    0.153153    0.182818    9.407448 ^ _44831_/Y (sky130_fd_sc_hd__nor2_2)
                                                         _20575_ (net)
                      0.153153    0.000441    9.407889 ^ _44832_/B (sky130_fd_sc_hd__nand2_2)
     2    0.016711    0.158575    0.205220    9.613109 v _44832_/Y (sky130_fd_sc_hd__nand2_2)
                                                         _20576_ (net)
                      0.158640    0.001370    9.614478 v _44868_/A (sky130_fd_sc_hd__nor2_4)
     1    0.009358    0.144905    0.232074    9.846552 ^ _44868_/Y (sky130_fd_sc_hd__nor2_4)
                                                         _20612_ (net)
                      0.144905    0.000449    9.847001 ^ _44941_/A (sky130_fd_sc_hd__nand3_4)
     3    0.039279    0.313659    0.296141   10.143142 v _44941_/Y (sky130_fd_sc_hd__nand3_4)
                                                         _20685_ (net)
                      0.313911    0.005034   10.148176 v _45366_/A (sky130_fd_sc_hd__inv_2)
     6    0.091573    0.660794    0.611171   10.759347 ^ _45366_/Y (sky130_fd_sc_hd__inv_2)
                                                         _21104_ (net)
                      0.661532    0.018390   10.777737 ^ _45454_/A (sky130_fd_sc_hd__buf_6)
    10    0.129950    0.408513    0.632870   11.410606 ^ _45454_/X (sky130_fd_sc_hd__buf_6)
                                                         _21192_ (net)
                      0.408639    0.006104   11.416711 ^ _23137_/A (sky130_fd_sc_hd__buf_4)
    10    0.178762    0.775303    0.830363   12.247074 ^ _23137_/X (sky130_fd_sc_hd__buf_4)
                                                         _22004_ (net)
                      0.779265    0.045583   12.292657 ^ _23269_/A (sky130_fd_sc_hd__buf_4)
    10    0.152118    0.660058    0.891631   13.184288 ^ _23269_/X (sky130_fd_sc_hd__buf_4)
                                                         _22136_ (net)
                      0.660922    0.019927   13.204215 ^ _23726_/A (sky130_fd_sc_hd__buf_2)
     5    0.080366    0.612436    0.818766   14.022981 ^ _23726_/X (sky130_fd_sc_hd__buf_2)
                                                         _22593_ (net)
                      0.613110    0.014027   14.037007 ^ max_cap342/A (sky130_fd_sc_hd__clkbuf_8)
     6    0.122566    0.342711    0.638192   14.675200 ^ max_cap342/X (sky130_fd_sc_hd__clkbuf_8)
                                                         net342 (net)
                      0.354757    0.050719   14.725918 ^ _25961_/A (sky130_fd_sc_hd__buf_2)
    10    0.068836    0.529130    0.647018   15.372935 ^ _25961_/X (sky130_fd_sc_hd__buf_2)
                                                         _04777_ (net)
                      0.529148    0.003665   15.376600 ^ _25977_/A (sky130_fd_sc_hd__buf_2)
    10    0.082584    0.631452    0.783142   16.159742 ^ _25977_/X (sky130_fd_sc_hd__buf_2)
                                                         _04793_ (net)
                      0.631910    0.010740   16.170483 ^ _27026_/A (sky130_fd_sc_hd__clkbuf_2)
     4    0.037489    0.322252    0.595008   16.765491 ^ _27026_/X (sky130_fd_sc_hd__clkbuf_2)
                                                         _05842_ (net)
                      0.322316    0.004484   16.769974 ^ max_cap249/A (sky130_fd_sc_hd__buf_6)
     7    0.114739    0.362652    0.489075   17.259050 ^ max_cap249/X (sky130_fd_sc_hd__buf_6)
                                                         net249 (net)
                      0.363820    0.016911   17.275961 ^ _28364_/A (sky130_fd_sc_hd__buf_2)
    10    0.115396    0.877784    0.887392   18.163353 ^ _28364_/X (sky130_fd_sc_hd__buf_2)
                                                         _07180_ (net)
                      0.878712    0.023675   18.187027 ^ _29334_/A (sky130_fd_sc_hd__and2_2)
     1    0.010579    0.131794    0.601601   18.788628 ^ _29334_/X (sky130_fd_sc_hd__and2_2)
                                                         _08150_ (net)
                      0.131798    0.000878   18.789505 ^ _29335_/A (sky130_fd_sc_hd__clkbuf_2)
     9    0.089498    0.741303    0.685890   19.475395 ^ _29335_/X (sky130_fd_sc_hd__clkbuf_2)
                                                         _08151_ (net)
                      0.741467    0.009303   19.484699 ^ _29384_/A (sky130_fd_sc_hd__nor2_2)
     3    0.020228    0.198599    0.364011   19.848709 v _29384_/Y (sky130_fd_sc_hd__nor2_2)
                                                         _08200_ (net)
                      0.198618    0.002014   19.850725 v _29386_/A (sky130_fd_sc_hd__nand2_2)
     1    0.002500    0.077849    0.127965   19.978689 ^ _29386_/Y (sky130_fd_sc_hd__nand2_2)
                                                         _08202_ (net)
                      0.077849    0.000169   19.978859 ^ _29387_/B_N (sky130_fd_sc_hd__or2b_2)
     2    0.006468    0.128549    0.693438   20.672297 v _29387_/X (sky130_fd_sc_hd__or2b_2)
                                                         _08203_ (net)
                      0.128549    0.000391   20.672688 v _29388_/B (sky130_fd_sc_hd__or2_2)
     1    0.003864    0.115948    0.648697   21.321384 v _29388_/X (sky130_fd_sc_hd__or2_2)
                                                         _08204_ (net)
                      0.115948    0.000249   21.321632 v _29389_/B1 (sky130_fd_sc_hd__a21o_2)
     1    0.003074    0.058296    0.353532   21.675165 v _29389_/X (sky130_fd_sc_hd__a21o_2)
                                                         _08205_ (net)
                      0.058296    0.000206   21.675371 v _29390_/B1 (sky130_fd_sc_hd__a31o_2)
     2    0.005901    0.078468    0.404636   22.080008 v _29390_/X (sky130_fd_sc_hd__a31o_2)
                                                         _08206_ (net)
                      0.078468    0.000496   22.080503 v _29391_/C1 (sky130_fd_sc_hd__a211o_2)
     2    0.008858    0.112287    0.554474   22.634977 v _29391_/X (sky130_fd_sc_hd__a211o_2)
                                                         _08207_ (net)
                      0.112287    0.000345   22.635323 v _29408_/A_N (sky130_fd_sc_hd__and3b_2)
     2    0.024910    0.235048    0.633891   23.269213 ^ _29408_/X (sky130_fd_sc_hd__and3b_2)
                                                         _08224_ (net)
                      0.235074    0.002625   23.271839 ^ _29493_/B (sky130_fd_sc_hd__and4_2)
     1    0.013136    0.179286    0.591625   23.863462 ^ _29493_/X (sky130_fd_sc_hd__and4_2)
                                                         _08309_ (net)
                      0.179292    0.001288   23.864750 ^ _29494_/B1_N (sky130_fd_sc_hd__a21boi_2)
     1    0.010976    0.260009    0.401259   24.266010 ^ _29494_/Y (sky130_fd_sc_hd__a21boi_2)
                                                         _08310_ (net)
                      0.260009    0.000842   24.266851 ^ _29495_/D1 (sky130_fd_sc_hd__a2111oi_2)
     1    0.006337    0.144146    0.145302   24.412155 v _29495_/Y (sky130_fd_sc_hd__a2111oi_2)
                                                         _08311_ (net)
                      0.144146    0.000474   24.412628 v wire59/A (sky130_fd_sc_hd__clkdlybuf4s25_1)
     1    0.009356    0.152676    0.561235   24.973864 v wire59/X (sky130_fd_sc_hd__clkdlybuf4s25_1)
                                                         net59 (net)
                      0.152676    0.000595   24.974459 v wire58/A (sky130_fd_sc_hd__clkdlybuf4s25_1)
     1    0.008918    0.147304    0.560529   25.534988 v wire58/X (sky130_fd_sc_hd__clkdlybuf4s25_1)
                                                         net58 (net)
                      0.147305    0.000625   25.535614 v wire57/A (sky130_fd_sc_hd__clkbuf_1)
     1    0.007892    0.102817    0.240403   25.776016 v wire57/X (sky130_fd_sc_hd__clkbuf_1)
                                                         net57 (net)
                      0.102819    0.000602   25.776619 v _29497_/B1 (sky130_fd_sc_hd__o2111ai_2)
     3    0.016712    0.443330    0.219243   25.995863 ^ _29497_/Y (sky130_fd_sc_hd__o2111ai_2)
                                                         _08313_ (net)
                      0.443330    0.000856   25.996717 ^ max_cap48/A (sky130_fd_sc_hd__clkbuf_2)
     2    0.014846    0.142770    0.395538   26.392256 ^ max_cap48/X (sky130_fd_sc_hd__clkbuf_2)
                                                         net48 (net)
                      0.142770    0.000574   26.392830 ^ max_cap47/A (sky130_fd_sc_hd__clkbuf_2)
     2    0.015014    0.140703    0.275724   26.668554 ^ max_cap47/X (sky130_fd_sc_hd__clkbuf_2)
                                                         net47 (net)
                      0.140708    0.001011   26.669565 ^ _29501_/B (sky130_fd_sc_hd__nand3_4)
     9    0.069596    0.489082    0.458954   27.128519 v _29501_/Y (sky130_fd_sc_hd__nand3_4)
                                                         _08317_ (net)
                      0.489105    0.002833   27.131351 v _29943_/A (sky130_fd_sc_hd__inv_2)
     2    0.016867    0.202394    0.313714   27.445066 ^ _29943_/Y (sky130_fd_sc_hd__inv_2)
                                                         _08685_ (net)
                      0.202396    0.000883   27.445948 ^ _29945_/A (sky130_fd_sc_hd__nand2_2)
     3    0.067237    0.563181    0.507550   27.953499 v _29945_/Y (sky130_fd_sc_hd__nand2_2)
                                                         _08687_ (net)
                      0.563276    0.006203   27.959702 v _29950_/A (sky130_fd_sc_hd__nor2_2)
     2    0.040079    0.715807    0.811205   28.770906 ^ _29950_/Y (sky130_fd_sc_hd__nor2_2)
                                                         _08692_ (net)
                      0.716057    0.005484   28.776390 ^ _30568_/A (sky130_fd_sc_hd__nand2_2)
     9    0.058890    0.522205    0.674254   29.450644 v _30568_/Y (sky130_fd_sc_hd__nand2_2)
                                                         _09236_ (net)
                      0.522523    0.007162   29.457806 v _30585_/A (sky130_fd_sc_hd__inv_2)
     3    0.007302    0.146376    0.239549   29.697355 ^ _30585_/Y (sky130_fd_sc_hd__inv_2)
                                                         _09252_ (net)
                      0.146376    0.000416   29.697771 ^ _30586_/A (sky130_fd_sc_hd__buf_2)
    10    0.105754    0.802420    0.742624   30.440393 ^ _30586_/X (sky130_fd_sc_hd__buf_2)
                                                         _09253_ (net)
                      0.803674    0.026269   30.466663 ^ _30708_/A (sky130_fd_sc_hd__nand2_2)
     1    0.007442    0.190670    0.302485   30.769148 v _30708_/Y (sky130_fd_sc_hd__nand2_2)
                                                         _09360_ (net)
                      0.190670    0.000583   30.769732 v _30710_/A (sky130_fd_sc_hd__nand3_2)
     1    0.005219    0.152053    0.152209   30.921940 ^ _30710_/Y (sky130_fd_sc_hd__nand3_2)
                                                         _09362_ (net)
                      0.152053    0.000252   30.922192 ^ _30713_/A1 (sky130_fd_sc_hd__a31oi_2)
     1    0.029573    0.470897    0.429981   31.352173 v _30713_/Y (sky130_fd_sc_hd__a31oi_2)
                                                         _00763_ (net)
                      0.470901    0.002348   31.354521 v _48693_/D (sky130_fd_sc_hd__dfrtp_2)
                                             31.354521   data arrival time

                                 25.000000   25.000000   clock clk (rise edge)
                                  0.000000   25.000000   clock source latency
     2    0.132556    0.610000    0.000000   25.000000 ^ clk (in)
                                                         clk (net)
                      0.711677    0.050839   25.050838 ^ clkbuf_0_clk/A (sky130_fd_sc_hd__clkbuf_16)
     5    0.165131    0.274706    0.639192   25.690031 ^ clkbuf_0_clk/X (sky130_fd_sc_hd__clkbuf_16)
                                                         clknet_0_clk (net)
                      0.275929    0.014106   25.704136 ^ clkbuf_2_1_0_clk/A (sky130_fd_sc_hd__clkbuf_8)
     8    0.210768    0.555258    0.668274   26.372412 ^ clkbuf_2_1_0_clk/X (sky130_fd_sc_hd__clkbuf_8)
                                                         clknet_2_1_0_clk (net)
                      0.558148    0.032651   26.405062 ^ clkbuf_5_15__f_clk/A (sky130_fd_sc_hd__clkbuf_16)
    13    0.151724    0.253284    0.573973   26.979034 ^ clkbuf_5_15__f_clk/X (sky130_fd_sc_hd__clkbuf_16)
                                                         clknet_5_15__leaf_clk (net)
                      0.254137    0.011145   26.990179 ^ clkbuf_leaf_154_clk/A (sky130_fd_sc_hd__clkbuf_8)
     8    0.034800    0.117791    0.351228   27.341408 ^ clkbuf_leaf_154_clk/X (sky130_fd_sc_hd__clkbuf_8)
                                                         clknet_leaf_154_clk (net)
                      0.117800    0.001123   27.342531 ^ _48693_/CLK (sky130_fd_sc_hd__dfrtp_2)
                                 -0.100000   27.242531   clock uncertainty
                                  0.000000   27.242531   clock reconvergence pessimism
                                 -0.431217   26.811314   library setup time
                                             26.811314   data required time
---------------------------------------------------------------------------------------------
                                             26.811314   data required time
                                            -31.354521   data arrival time
---------------------------------------------------------------------------------------------
                                             -4.543209   slack (VIOLATED)




===========================================================================
report_checks --slack_max -0.01
============================================================================
======================= max_ss_100C_1v60 Corner ===================================

Startpoint: _48227_ (rising edge-triggered flip-flop clocked by clk)
Endpoint: _48693_ (rising edge-triggered flip-flop clocked by clk)
Path Group: clk
Path Type: max

Fanout         Cap        Slew       Delay        Time   Description
---------------------------------------------------------------------------------------------
                                  0.000000    0.000000   clock clk (rise edge)
                                  0.000000    0.000000   clock source latency
     2    0.132556    0.610000    0.000000    0.000000 ^ clk (in)
                                                         clk (net)
                      0.711677    0.050839    0.050839 ^ clkbuf_0_clk/A (sky130_fd_sc_hd__clkbuf_16)
     5    0.165131    0.274706    0.639192    0.690031 ^ clkbuf_0_clk/X (sky130_fd_sc_hd__clkbuf_16)
                                                         clknet_0_clk (net)
                      0.276779    0.018638    0.708669 ^ clkbuf_2_2_0_clk/A (sky130_fd_sc_hd__clkbuf_8)
     8    0.206113    0.543008    0.663465    1.372134 ^ clkbuf_2_2_0_clk/X (sky130_fd_sc_hd__clkbuf_8)
                                                         clknet_2_2_0_clk (net)
                      0.543511    0.013799    1.385933 ^ clkbuf_5_19__f_clk/A (sky130_fd_sc_hd__clkbuf_16)
    14    0.129535    0.221876    0.544357    1.930289 ^ clkbuf_5_19__f_clk/X (sky130_fd_sc_hd__clkbuf_16)
                                                         clknet_5_19__leaf_clk (net)
                      0.223160    0.013579    1.943868 ^ clkbuf_leaf_267_clk/A (sky130_fd_sc_hd__clkbuf_8)
    11    0.033345    0.113841    0.335350    2.279218 ^ clkbuf_leaf_267_clk/X (sky130_fd_sc_hd__clkbuf_8)
                                                         clknet_leaf_267_clk (net)
                      0.113849    0.001089    2.280308 ^ _48227_/CLK (sky130_fd_sc_hd__dfxtp_2)
     4    0.073917    0.588414    1.044512    3.324819 ^ _48227_/Q (sky130_fd_sc_hd__dfxtp_2)
                                                         tick_pulse_r_ctrl (net)
                      0.588445    0.005336    3.330156 ^ max_cap1126/A (sky130_fd_sc_hd__buf_6)
     5    0.120701    0.379314    0.588215    3.918370 ^ max_cap1126/X (sky130_fd_sc_hd__buf_6)
                                                         net1126 (net)
                      0.383944    0.033747    3.952117 ^ fanout1121/A (sky130_fd_sc_hd__clkdlybuf4s25_1)
     3    0.011663    0.205439    0.687399    4.639516 ^ fanout1121/X (sky130_fd_sc_hd__clkdlybuf4s25_1)
                                                         net1121 (net)
                      0.205439    0.000524    4.640040 ^ load_slew1125/A (sky130_fd_sc_hd__clkbuf_4)
     6    0.077100    0.369569    0.519424    5.159464 ^ load_slew1125/X (sky130_fd_sc_hd__clkbuf_4)
                                                         net1125 (net)
                      0.371165    0.019832    5.179296 ^ fanout1112/A (sky130_fd_sc_hd__clkdlybuf4s25_1)
     4    0.030997    0.503384    0.895398    6.074694 ^ fanout1112/X (sky130_fd_sc_hd__clkdlybuf4s25_1)
                                                         net1112 (net)
                      0.503384    0.000188    6.074883 ^ load_slew1117/A (sky130_fd_sc_hd__buf_4)
     6    0.038873    0.186700    0.476555    6.551438 ^ load_slew1117/X (sky130_fd_sc_hd__buf_4)
                                                         net1117 (net)
                      0.186793    0.003860    6.555298 ^ load_slew1116/A (sky130_fd_sc_hd__clkbuf_4)
     6    0.041004    0.208554    0.402235    6.957533 ^ load_slew1116/X (sky130_fd_sc_hd__clkbuf_4)
                                                         net1116 (net)
                      0.208667    0.004513    6.962046 ^ load_slew1115/A (sky130_fd_sc_hd__buf_2)
     6    0.036285    0.287934    0.416955    7.379001 ^ load_slew1115/X (sky130_fd_sc_hd__buf_2)
                                                         net1115 (net)
                      0.287998    0.004170    7.383171 ^ load_slew1113/A (sky130_fd_sc_hd__buf_4)
     3    0.039199    0.185880    0.390399    7.773570 ^ load_slew1113/X (sky130_fd_sc_hd__buf_4)
                                                         net1113 (net)
                      0.186076    0.005417    7.778986 ^ _44054_/A (sky130_fd_sc_hd__inv_8)
    10    0.066516    0.094265    0.144784    7.923770 v _44054_/Y (sky130_fd_sc_hd__inv_8)
                                                         _19888_ (net)
                      0.094417    0.003078    7.926849 v _44055_/A (sky130_fd_sc_hd__buf_4)
    10    0.124594    0.281460    0.449679    8.376527 v _44055_/X (sky130_fd_sc_hd__buf_4)
                                                         _19889_ (net)
                      0.282918    0.016662    8.393189 v _44822_/B (sky130_fd_sc_hd__nor2_2)
     1    0.005146    0.155006    0.231558    8.624747 ^ _44822_/Y (sky130_fd_sc_hd__nor2_2)
                                                         _20566_ (net)
                      0.155007    0.000382    8.625130 ^ _44825_/B (sky130_fd_sc_hd__nand3_2)
     2    0.012432    0.236501    0.253696    8.878825 v _44825_/Y (sky130_fd_sc_hd__nand3_2)
                                                         _20569_ (net)
                      0.236501    0.000723    8.879548 v _44826_/A (sky130_fd_sc_hd__nand2_2)
     2    0.009581    0.113271    0.192812    9.072360 ^ _44826_/Y (sky130_fd_sc_hd__nand2_2)
                                                         _20570_ (net)
                      0.113271    0.000212    9.072573 ^ _44830_/A (sky130_fd_sc_hd__nand3_2)
     1    0.006171    0.127175    0.151567    9.224139 v _44830_/Y (sky130_fd_sc_hd__nand3_2)
                                                         _20574_ (net)
                      0.127176    0.000490    9.224629 v _44831_/B (sky130_fd_sc_hd__nor2_2)
     1    0.006075    0.153153    0.182818    9.407448 ^ _44831_/Y (sky130_fd_sc_hd__nor2_2)
                                                         _20575_ (net)
                      0.153153    0.000441    9.407889 ^ _44832_/B (sky130_fd_sc_hd__nand2_2)
     2    0.016711    0.158575    0.205220    9.613109 v _44832_/Y (sky130_fd_sc_hd__nand2_2)
                                                         _20576_ (net)
                      0.158640    0.001370    9.614478 v _44868_/A (sky130_fd_sc_hd__nor2_4)
     1    0.009358    0.144905    0.232074    9.846552 ^ _44868_/Y (sky130_fd_sc_hd__nor2_4)
                                                         _20612_ (net)
                      0.144905    0.000449    9.847001 ^ _44941_/A (sky130_fd_sc_hd__nand3_4)
     3    0.039279    0.313659    0.296141   10.143142 v _44941_/Y (sky130_fd_sc_hd__nand3_4)
                                                         _20685_ (net)
                      0.313911    0.005034   10.148176 v _45366_/A (sky130_fd_sc_hd__inv_2)
     6    0.091573    0.660794    0.611171   10.759347 ^ _45366_/Y (sky130_fd_sc_hd__inv_2)
                                                         _21104_ (net)
                      0.661532    0.018390   10.777737 ^ _45454_/A (sky130_fd_sc_hd__buf_6)
    10    0.129950    0.408513    0.632870   11.410606 ^ _45454_/X (sky130_fd_sc_hd__buf_6)
                                                         _21192_ (net)
                      0.408639    0.006104   11.416711 ^ _23137_/A (sky130_fd_sc_hd__buf_4)
    10    0.178762    0.775303    0.830363   12.247074 ^ _23137_/X (sky130_fd_sc_hd__buf_4)
                                                         _22004_ (net)
                      0.779265    0.045583   12.292657 ^ _23269_/A (sky130_fd_sc_hd__buf_4)
    10    0.152118    0.660058    0.891631   13.184288 ^ _23269_/X (sky130_fd_sc_hd__buf_4)
                                                         _22136_ (net)
                      0.660922    0.019927   13.204215 ^ _23726_/A (sky130_fd_sc_hd__buf_2)
     5    0.080366    0.612436    0.818766   14.022981 ^ _23726_/X (sky130_fd_sc_hd__buf_2)
                                                         _22593_ (net)
                      0.613110    0.014027   14.037007 ^ max_cap342/A (sky130_fd_sc_hd__clkbuf_8)
     6    0.122566    0.342711    0.638192   14.675200 ^ max_cap342/X (sky130_fd_sc_hd__clkbuf_8)
                                                         net342 (net)
                      0.354757    0.050719   14.725918 ^ _25961_/A (sky130_fd_sc_hd__buf_2)
    10    0.068836    0.529130    0.647018   15.372935 ^ _25961_/X (sky130_fd_sc_hd__buf_2)
                                                         _04777_ (net)
                      0.529148    0.003665   15.376600 ^ _25977_/A (sky130_fd_sc_hd__buf_2)
    10    0.082584    0.631452    0.783142   16.159742 ^ _25977_/X (sky130_fd_sc_hd__buf_2)
                                                         _04793_ (net)
                      0.631910    0.010740   16.170483 ^ _27026_/A (sky130_fd_sc_hd__clkbuf_2)
     4    0.037489    0.322252    0.595008   16.765491 ^ _27026_/X (sky130_fd_sc_hd__clkbuf_2)
                                                         _05842_ (net)
                      0.322316    0.004484   16.769974 ^ max_cap249/A (sky130_fd_sc_hd__buf_6)
     7    0.114739    0.362652    0.489075   17.259050 ^ max_cap249/X (sky130_fd_sc_hd__buf_6)
                                                         net249 (net)
                      0.363820    0.016911   17.275961 ^ _28364_/A (sky130_fd_sc_hd__buf_2)
    10    0.115396    0.877784    0.887392   18.163353 ^ _28364_/X (sky130_fd_sc_hd__buf_2)
                                                         _07180_ (net)
                      0.878712    0.023675   18.187027 ^ _29334_/A (sky130_fd_sc_hd__and2_2)
     1    0.010579    0.131794    0.601601   18.788628 ^ _29334_/X (sky130_fd_sc_hd__and2_2)
                                                         _08150_ (net)
                      0.131798    0.000878   18.789505 ^ _29335_/A (sky130_fd_sc_hd__clkbuf_2)
     9    0.089498    0.741303    0.685890   19.475395 ^ _29335_/X (sky130_fd_sc_hd__clkbuf_2)
                                                         _08151_ (net)
                      0.741467    0.009303   19.484699 ^ _29384_/A (sky130_fd_sc_hd__nor2_2)
     3    0.020228    0.198599    0.364011   19.848709 v _29384_/Y (sky130_fd_sc_hd__nor2_2)
                                                         _08200_ (net)
                      0.198618    0.002014   19.850725 v _29386_/A (sky130_fd_sc_hd__nand2_2)
     1    0.002500    0.077849    0.127965   19.978689 ^ _29386_/Y (sky130_fd_sc_hd__nand2_2)
                                                         _08202_ (net)
                      0.077849    0.000169   19.978859 ^ _29387_/B_N (sky130_fd_sc_hd__or2b_2)
     2    0.006468    0.128549    0.693438   20.672297 v _29387_/X (sky130_fd_sc_hd__or2b_2)
                                                         _08203_ (net)
                      0.128549    0.000391   20.672688 v _29388_/B (sky130_fd_sc_hd__or2_2)
     1    0.003864    0.115948    0.648697   21.321384 v _29388_/X (sky130_fd_sc_hd__or2_2)
                                                         _08204_ (net)
                      0.115948    0.000249   21.321632 v _29389_/B1 (sky130_fd_sc_hd__a21o_2)
     1    0.003074    0.058296    0.353532   21.675165 v _29389_/X (sky130_fd_sc_hd__a21o_2)
                                                         _08205_ (net)
                      0.058296    0.000206   21.675371 v _29390_/B1 (sky130_fd_sc_hd__a31o_2)
     2    0.005901    0.078468    0.404636   22.080008 v _29390_/X (sky130_fd_sc_hd__a31o_2)
                                                         _08206_ (net)
                      0.078468    0.000496   22.080503 v _29391_/C1 (sky130_fd_sc_hd__a211o_2)
     2    0.008858    0.112287    0.554474   22.634977 v _29391_/X (sky130_fd_sc_hd__a211o_2)
                                                         _08207_ (net)
                      0.112287    0.000345   22.635323 v _29408_/A_N (sky130_fd_sc_hd__and3b_2)
     2    0.024910    0.235048    0.633891   23.269213 ^ _29408_/X (sky130_fd_sc_hd__and3b_2)
                                                         _08224_ (net)
                      0.235074    0.002625   23.271839 ^ _29493_/B (sky130_fd_sc_hd__and4_2)
     1    0.013136    0.179286    0.591625   23.863462 ^ _29493_/X (sky130_fd_sc_hd__and4_2)
                                                         _08309_ (net)
                      0.179292    0.001288   23.864750 ^ _29494_/B1_N (sky130_fd_sc_hd__a21boi_2)
     1    0.010976    0.260009    0.401259   24.266010 ^ _29494_/Y (sky130_fd_sc_hd__a21boi_2)
                                                         _08310_ (net)
                      0.260009    0.000842   24.266851 ^ _29495_/D1 (sky130_fd_sc_hd__a2111oi_2)
     1    0.006337    0.144146    0.145302   24.412155 v _29495_/Y (sky130_fd_sc_hd__a2111oi_2)
                                                         _08311_ (net)
                      0.144146    0.000474   24.412628 v wire59/A (sky130_fd_sc_hd__clkdlybuf4s25_1)
     1    0.009356    0.152676    0.561235   24.973864 v wire59/X (sky130_fd_sc_hd__clkdlybuf4s25_1)
                                                         net59 (net)
                      0.152676    0.000595   24.974459 v wire58/A (sky130_fd_sc_hd__clkdlybuf4s25_1)
     1    0.008918    0.147304    0.560529   25.534988 v wire58/X (sky130_fd_sc_hd__clkdlybuf4s25_1)
                                                         net58 (net)
                      0.147305    0.000625   25.535614 v wire57/A (sky130_fd_sc_hd__clkbuf_1)
     1    0.007892    0.102817    0.240403   25.776016 v wire57/X (sky130_fd_sc_hd__clkbuf_1)
                                                         net57 (net)
                      0.102819    0.000602   25.776619 v _29497_/B1 (sky130_fd_sc_hd__o2111ai_2)
     3    0.016712    0.443330    0.219243   25.995863 ^ _29497_/Y (sky130_fd_sc_hd__o2111ai_2)
                                                         _08313_ (net)
                      0.443330    0.000856   25.996717 ^ max_cap48/A (sky130_fd_sc_hd__clkbuf_2)
     2    0.014846    0.142770    0.395538   26.392256 ^ max_cap48/X (sky130_fd_sc_hd__clkbuf_2)
                                                         net48 (net)
                      0.142770    0.000574   26.392830 ^ max_cap47/A (sky130_fd_sc_hd__clkbuf_2)
     2    0.015014    0.140703    0.275724   26.668554 ^ max_cap47/X (sky130_fd_sc_hd__clkbuf_2)
                                                         net47 (net)
                      0.140708    0.001011   26.669565 ^ _29501_/B (sky130_fd_sc_hd__nand3_4)
     9    0.069596    0.489082    0.458954   27.128519 v _29501_/Y (sky130_fd_sc_hd__nand3_4)
                                                         _08317_ (net)
                      0.489105    0.002833   27.131351 v _29943_/A (sky130_fd_sc_hd__inv_2)
     2    0.016867    0.202394    0.313714   27.445066 ^ _29943_/Y (sky130_fd_sc_hd__inv_2)
                                                         _08685_ (net)
                      0.202396    0.000883   27.445948 ^ _29945_/A (sky130_fd_sc_hd__nand2_2)
     3    0.067237    0.563181    0.507550   27.953499 v _29945_/Y (sky130_fd_sc_hd__nand2_2)
                                                         _08687_ (net)
                      0.563276    0.006203   27.959702 v _29950_/A (sky130_fd_sc_hd__nor2_2)
     2    0.040079    0.715807    0.811205   28.770906 ^ _29950_/Y (sky130_fd_sc_hd__nor2_2)
                                                         _08692_ (net)
                      0.716057    0.005484   28.776390 ^ _30568_/A (sky130_fd_sc_hd__nand2_2)
     9    0.058890    0.522205    0.674254   29.450644 v _30568_/Y (sky130_fd_sc_hd__nand2_2)
                                                         _09236_ (net)
                      0.522523    0.007162   29.457806 v _30585_/A (sky130_fd_sc_hd__inv_2)
     3    0.007302    0.146376    0.239549   29.697355 ^ _30585_/Y (sky130_fd_sc_hd__inv_2)
                                                         _09252_ (net)
                      0.146376    0.000416   29.697771 ^ _30586_/A (sky130_fd_sc_hd__buf_2)
    10    0.105754    0.802420    0.742624   30.440393 ^ _30586_/X (sky130_fd_sc_hd__buf_2)
                                                         _09253_ (net)
                      0.803674    0.026269   30.466663 ^ _30708_/A (sky130_fd_sc_hd__nand2_2)
     1    0.007442    0.190670    0.302485   30.769148 v _30708_/Y (sky130_fd_sc_hd__nand2_2)
                                                         _09360_ (net)
                      0.190670    0.000583   30.769732 v _30710_/A (sky130_fd_sc_hd__nand3_2)
     1    0.005219    0.152053    0.152209   30.921940 ^ _30710_/Y (sky130_fd_sc_hd__nand3_2)
                                                         _09362_ (net)
                      0.152053    0.000252   30.922192 ^ _30713_/A1 (sky130_fd_sc_hd__a31oi_2)
     1    0.029573    0.470897    0.429981   31.352173 v _30713_/Y (sky130_fd_sc_hd__a31oi_2)
                                                         _00763_ (net)
                      0.470901    0.002348   31.354521 v _48693_/D (sky130_fd_sc_hd__dfrtp_2)
                                             31.354521   data arrival time

                                 25.000000   25.000000   clock clk (rise edge)
                                  0.000000   25.000000   clock source latency
     2    0.132556    0.610000    0.000000   25.000000 ^ clk (in)
                                                         clk (net)
                      0.711677    0.050839   25.050838 ^ clkbuf_0_clk/A (sky130_fd_sc_hd__clkbuf_16)
     5    0.165131    0.274706    0.639192   25.690031 ^ clkbuf_0_clk/X (sky130_fd_sc_hd__clkbuf_16)
                                                         clknet_0_clk (net)
                      0.275929    0.014106   25.704136 ^ clkbuf_2_1_0_clk/A (sky130_fd_sc_hd__clkbuf_8)
     8    0.210768    0.555258    0.668274   26.372412 ^ clkbuf_2_1_0_clk/X (sky130_fd_sc_hd__clkbuf_8)
                                                         clknet_2_1_0_clk (net)
                      0.558148    0.032651   26.405062 ^ clkbuf_5_15__f_clk/A (sky130_fd_sc_hd__clkbuf_16)
    13    0.151724    0.253284    0.573973   26.979034 ^ clkbuf_5_15__f_clk/X (sky130_fd_sc_hd__clkbuf_16)
                                                         clknet_5_15__leaf_clk (net)
                      0.254137    0.011145   26.990179 ^ clkbuf_leaf_154_clk/A (sky130_fd_sc_hd__clkbuf_8)
     8    0.034800    0.117791    0.351228   27.341408 ^ clkbuf_leaf_154_clk/X (sky130_fd_sc_hd__clkbuf_8)
                                                         clknet_leaf_154_clk (net)
                      0.117800    0.001123   27.342531 ^ _48693_/CLK (sky130_fd_sc_hd__dfrtp_2)
                                 -0.100000   27.242531   clock uncertainty
                                  0.000000   27.242531   clock reconvergence pessimism
                                 -0.431217   26.811314   library setup time
                                             26.811314   data required time
---------------------------------------------------------------------------------------------
                                             26.811314   data required time
                                            -31.354521   data arrival time
---------------------------------------------------------------------------------------------
                                             -4.543209   slack (VIOLATED)




===========================================================================
 report_check_types -max_slew -max_cap -max_fanout -violators
============================================================================
======================= max_ss_100C_1v60 Corner ===================================



===========================================================================
report_parasitic_annotation -report_unannotated
============================================================================
Found 311 unannotated drivers.
 clkload0/Y
 clkload1/Y
 clkload10/Y
 clkload100/Y
 clkload101/X
 clkload102/X
 clkload103/X
 clkload104/X
 clkload105/X
 clkload106/X
 clkload107/X
 clkload108/Y
 clkload109/X
 clkload11/Y
 clkload110/X
 clkload111/Y
 clkload112/Y
 clkload113/X
 clkload114/X
 clkload115/X
 clkload116/Y
 clkload117/X
 clkload118/Y
 clkload119/X
 clkload12/X
 clkload120/Y
 clkload121/X
 clkload122/Y
 clkload123/X
 clkload124/X
 clkload125/X
 clkload126/X
 clkload127/X
 clkload128/X
 clkload129/X
 clkload13/Y
 clkload130/X
 clkload131/X
 clkload132/Y
 clkload133/X
 clkload134/X
 clkload135/X
 clkload136/Y
 clkload137/X
 clkload138/X
 clkload139/X
 clkload14/Y
 clkload140/X
 clkload141/X
 clkload142/X
 clkload143/X
 clkload144/X
 clkload145/X
 clkload146/X
 clkload147/X
 clkload148/X
 clkload149/X
 clkload15/Y
 clkload150/X
 clkload151/X
 clkload152/X
 clkload153/X
 clkload154/X
 clkload155/X
 clkload156/X
 clkload157/X
 clkload158/X
 clkload159/X
 clkload16/X
 clkload160/X
 clkload161/X
 clkload162/X
 clkload163/X
 clkload164/X
 clkload165/X
 clkload166/X
 clkload167/Y
 clkload168/Y
 clkload169/Y
 clkload17/Y
 clkload170/Y
 clkload171/X
 clkload172/X
 clkload173/X
 clkload174/Y
 clkload175/X
 clkload176/X
 clkload177/X
 clkload178/X
 clkload179/X
 clkload18/Y
 clkload180/X
 clkload181/X
 clkload182/X
 clkload183/X
 clkload184/X
 clkload185/X
 clkload186/Y
 clkload187/Y
 clkload188/Y
 clkload189/Y
 clkload19/Y
 clkload190/Y
 clkload191/Y
 clkload192/Y
 clkload193/X
 clkload194/X
 clkload195/X
 clkload196/X
 clkload197/X
 clkload198/Y
 clkload199/X
 clkload2/Y
 clkload20/Y
 clkload200/Y
 clkload201/Y
 clkload202/X
 clkload203/X
 clkload204/Y
 clkload205/X
 clkload206/X
 clkload207/Y
 clkload208/X
 clkload209/Y
 clkload21/Y
 clkload210/X
 clkload211/X
 clkload212/X
 clkload213/Y
 clkload214/Y
 clkload215/Y
 clkload216/Y
 clkload217/X
 clkload218/X
 clkload219/Y
 clkload22/Y
 clkload220/X
 clkload221/Y
 clkload222/Y
 clkload223/X
 clkload224/X
 clkload225/X
 clkload226/X
 clkload227/X
 clkload228/X
 clkload229/X
 clkload23/Y
 clkload230/X
 clkload231/X
 clkload232/Y
 clkload233/Y
 clkload234/Y
 clkload235/Y
 clkload236/X
 clkload237/X
 clkload238/X
 clkload239/X
 clkload24/Y
 clkload240/Y
 clkload241/Y
 clkload242/Y
 clkload243/Y
 clkload244/Y
 clkload245/Y
 clkload246/X
 clkload247/Y
 clkload248/X
 clkload249/X
 clkload25/Y
 clkload250/X
 clkload251/X
 clkload252/X
 clkload253/X
 clkload254/Y
 clkload255/Y
 clkload256/Y
 clkload257/Y
 clkload258/Y
 clkload259/X
 clkload26/Y
 clkload260/X
 clkload261/Y
 clkload262/Y
 clkload263/Y
 clkload264/Y
 clkload265/X
 clkload266/X
 clkload267/X
 clkload268/X
 clkload269/X
 clkload27/X
 clkload270/X
 clkload271/X
 clkload272/X
 clkload273/X
 clkload274/X
 clkload275/X
 clkload276/X
 clkload277/X
 clkload278/X
 clkload279/X
 clkload28/X
 clkload280/X
 clkload281/X
 clkload282/Y
 clkload283/X
 clkload284/Y
 clkload285/X
 clkload286/X
 clkload287/Y
 clkload288/X
 clkload289/X
 clkload29/X
 clkload290/Y
 clkload291/Y
 clkload292/Y
 clkload293/Y
 clkload294/X
 clkload295/X
 clkload296/X
 clkload297/X
 clkload298/X
 clkload299/X
 clkload3/Y
 clkload30/Y
 clkload300/X
 clkload301/X
 clkload302/X
 clkload303/Y
 clkload304/X
 clkload305/X
 clkload306/Y
 clkload307/Y
 clkload308/X
 clkload309/X
 clkload31/X
 clkload310/Y
 clkload32/X
 clkload33/X
 clkload34/X
 clkload35/X
 clkload36/X
 clkload37/X
 clkload38/X
 clkload39/X
 clkload4/Y
 clkload40/X
 clkload41/Y
 clkload42/Y
 clkload43/X
 clkload44/X
 clkload45/X
 clkload46/X
 clkload47/X
 clkload48/X
 clkload49/X
 clkload5/Y
 clkload50/X
 clkload51/X
 clkload52/Y
 clkload53/X
 clkload54/X
 clkload55/X
 clkload56/X
 clkload57/Y
 clkload58/X
 clkload59/X
 clkload6/Y
 clkload60/X
 clkload61/X
 clkload62/X
 clkload63/X
 clkload64/X
 clkload65/Y
 clkload66/X
 clkload67/Y
 clkload68/Y
 clkload69/X
 clkload7/Y
 clkload70/X
 clkload71/X
 clkload72/X
 clkload73/Y
 clkload74/X
 clkload75/X
 clkload76/X
 clkload77/X
 clkload78/X
 clkload79/X
 clkload8/Y
 clkload80/X
 clkload81/X
 clkload82/X
 clkload83/X
 clkload84/Y
 clkload85/X
 clkload86/X
 clkload87/X
 clkload88/Y
 clkload89/Y
 clkload9/Y
 clkload90/Y
 clkload91/Y
 clkload92/X
 clkload93/Y
 clkload94/X
 clkload95/Y
 clkload96/Y
 clkload97/Y
 clkload98/Y
 clkload99/Y
Found 0 partially unannotated drivers.

===========================================================================
max slew violation count 0
max fanout violation count 0
max cap violation count 0
============================================================================

===========================================================================
check_setup -verbose -unconstrained_endpoints -multiple_clock -no_clock -no_input_delay -loops -generated_clocks
===========================================================================
