
===========================================================================
report_checks -unconstrained
===========================================================================
======================= min_ss_100C_1v60 Corner ===================================

Startpoint: rst_n (input port clocked by clk)
Endpoint: _47174_ (recovery check against rising-edge clock clk)
Path Group: asynchronous
Path Type: max

Fanout         Cap        Slew       Delay        Time   Description
---------------------------------------------------------------------------------------------
                                  0.000000    0.000000   clock clk (rise edge)
                                  0.000000    0.000000   clock network delay (propagated)
                                 12.500000   12.500000 ^ input external delay
     2    0.003802    0.000000    0.000000   12.500000 ^ rst_n (in)
                                                         rst_n (net)
                      0.000065    0.000033   12.500032 ^ input9/A (sky130_fd_sc_hd__buf_2)
     2    0.074430    0.572112    0.513006   13.013038 ^ input9/X (sky130_fd_sc_hd__buf_2)
                                                         net9 (net)
                      0.572112    0.000028   13.013066 ^ max_cap1892/A (sky130_fd_sc_hd__buf_4)
     3    0.057351    0.263243    0.560487   13.573553 ^ max_cap1892/X (sky130_fd_sc_hd__buf_4)
                                                         net1892 (net)
                      0.263243    0.000734   13.574287 ^ fanout1429/A (sky130_fd_sc_hd__clkdlybuf4s25_1)
     4    0.029681    0.482749    0.843456   14.417743 ^ fanout1429/X (sky130_fd_sc_hd__clkdlybuf4s25_1)
                                                         net1429 (net)
                      0.482749    0.001361   14.419104 ^ wire1432/A (sky130_fd_sc_hd__clkbuf_4)
     6    0.056165    0.276957    0.582319   15.001423 ^ wire1432/X (sky130_fd_sc_hd__clkbuf_4)
                                                         net1432 (net)
                      0.277001    0.003604   15.005027 ^ fanout1416/A (sky130_fd_sc_hd__clkdlybuf4s25_1)
     6    0.037433    0.603787    0.933747   15.938774 ^ fanout1416/X (sky130_fd_sc_hd__clkdlybuf4s25_1)
                                                         net1416 (net)
                      0.603787    0.001458   15.940232 ^ load_slew1417/A (sky130_fd_sc_hd__clkbuf_4)
     7    0.041162    0.212740    0.588495   16.528727 ^ load_slew1417/X (sky130_fd_sc_hd__clkbuf_4)
                                                         net1417 (net)
                      0.212751    0.001805   16.530533 ^ fanout1413/A (sky130_fd_sc_hd__clkdlybuf4s25_1)
     4    0.021597    0.357746    0.735470   17.266003 ^ fanout1413/X (sky130_fd_sc_hd__clkdlybuf4s25_1)
                                                         net1413 (net)
                      0.357746    0.000048   17.266050 ^ load_slew1415/A (sky130_fd_sc_hd__buf_4)
     7    0.041122    0.194933    0.426077   17.692127 ^ load_slew1415/X (sky130_fd_sc_hd__buf_4)
                                                         net1415 (net)
                      0.194933    0.000210   17.692337 ^ fanout1401/A (sky130_fd_sc_hd__clkdlybuf4s25_1)
     5    0.021495    0.356133    0.726375   18.418713 ^ fanout1401/X (sky130_fd_sc_hd__clkdlybuf4s25_1)
                                                         net1401 (net)
                      0.356133    0.000021   18.418734 ^ fanout1397/A (sky130_fd_sc_hd__clkdlybuf4s25_1)
     4    0.017226    0.290247    0.739377   19.158110 ^ fanout1397/X (sky130_fd_sc_hd__clkdlybuf4s25_1)
                                                         net1397 (net)
                      0.290247    0.000258   19.158367 ^ load_slew1400/A (sky130_fd_sc_hd__clkbuf_4)
     9    0.037188    0.192843    0.438348   19.596716 ^ load_slew1400/X (sky130_fd_sc_hd__clkbuf_4)
                                                         net1400 (net)
                      0.192843    0.000577   19.597294 ^ load_slew1399/A (sky130_fd_sc_hd__clkbuf_4)
     8    0.033759    0.177343    0.383823   19.981115 ^ load_slew1399/X (sky130_fd_sc_hd__clkbuf_4)
                                                         net1399 (net)
                      0.177343    0.000400   19.981516 ^ _47174_/RESET_B (sky130_fd_sc_hd__dfrtp_2)
                                             19.981516   data arrival time

                                 25.000000   25.000000   clock clk (rise edge)
                                  0.000000   25.000000   clock source latency
     2    0.109762    0.610000    0.000000   25.000000 ^ clk (in)
                                                         clk (net)
                      0.661725    0.025862   25.025862 ^ clkbuf_0_clk/A (sky130_fd_sc_hd__clkbuf_16)
     5    0.137050    0.231914    0.601419   25.627281 ^ clkbuf_0_clk/X (sky130_fd_sc_hd__clkbuf_16)
                                                         clknet_0_clk (net)
                      0.231970    0.003642   25.630922 ^ clkbuf_2_0_0_clk/A (sky130_fd_sc_hd__clkbuf_8)
     8    0.194434    0.510127    0.627482   26.258404 ^ clkbuf_2_0_0_clk/X (sky130_fd_sc_hd__clkbuf_8)
                                                         clknet_2_0_0_clk (net)
                      0.510486    0.011299   26.269703 ^ clkbuf_5_2__f_clk/A (sky130_fd_sc_hd__clkbuf_16)
    13    0.118253    0.204867    0.523080   26.792784 ^ clkbuf_5_2__f_clk/X (sky130_fd_sc_hd__clkbuf_16)
                                                         clknet_5_2__leaf_clk (net)
                      0.204900    0.002638   26.795422 ^ clkbuf_leaf_30_clk/A (sky130_fd_sc_hd__clkbuf_8)
    11    0.034089    0.115731    0.329006   27.124428 ^ clkbuf_leaf_30_clk/X (sky130_fd_sc_hd__clkbuf_8)
                                                         clknet_leaf_30_clk (net)
                      0.115731    0.000028   27.124456 ^ _47174_/CLK (sky130_fd_sc_hd__dfrtp_2)
                                 -0.100000   27.024456   clock uncertainty
                                  0.000000   27.024456   clock reconvergence pessimism
                                  0.414102   27.438559   library recovery time
                                             27.438559   data required time
---------------------------------------------------------------------------------------------
                                             27.438559   data required time
                                            -19.981516   data arrival time
---------------------------------------------------------------------------------------------
                                              7.457043   slack (MET)


Startpoint: _48227_ (rising edge-triggered flip-flop clocked by clk)
Endpoint: _48693_ (rising edge-triggered flip-flop clocked by clk)
Path Group: clk
Path Type: max

Fanout         Cap        Slew       Delay        Time   Description
---------------------------------------------------------------------------------------------
                                  0.000000    0.000000   clock clk (rise edge)
                                  0.000000    0.000000   clock source latency
     2    0.109762    0.610000    0.000000    0.000000 ^ clk (in)
                                                         clk (net)
                      0.661725    0.025862    0.025862 ^ clkbuf_0_clk/A (sky130_fd_sc_hd__clkbuf_16)
     5    0.137050    0.231914    0.601419    0.627282 ^ clkbuf_0_clk/X (sky130_fd_sc_hd__clkbuf_16)
                                                         clknet_0_clk (net)
                      0.232134    0.006465    0.633746 ^ clkbuf_2_2_0_clk/A (sky130_fd_sc_hd__clkbuf_8)
     8    0.182135    0.479174    0.607706    1.241452 ^ clkbuf_2_2_0_clk/X (sky130_fd_sc_hd__clkbuf_8)
                                                         clknet_2_2_0_clk (net)
                      0.479454    0.006559    1.248011 ^ clkbuf_5_19__f_clk/A (sky130_fd_sc_hd__clkbuf_16)
    14    0.116861    0.202049    0.508386    1.756397 ^ clkbuf_5_19__f_clk/X (sky130_fd_sc_hd__clkbuf_16)
                                                         clknet_5_19__leaf_clk (net)
                      0.202172    0.004733    1.761130 ^ clkbuf_leaf_267_clk/A (sky130_fd_sc_hd__clkbuf_8)
    11    0.031190    0.109223    0.322079    2.083209 ^ clkbuf_leaf_267_clk/X (sky130_fd_sc_hd__clkbuf_8)
                                                         clknet_leaf_267_clk (net)
                      0.109223    0.000244    2.083453 ^ _48227_/CLK (sky130_fd_sc_hd__dfxtp_2)
     4    0.063157    0.503894    0.992173    3.075626 ^ _48227_/Q (sky130_fd_sc_hd__dfxtp_2)
                                                         tick_pulse_r_ctrl (net)
                      0.503894    0.001696    3.077322 ^ max_cap1126/A (sky130_fd_sc_hd__buf_6)
     5    0.099511    0.317800    0.524192    3.601514 ^ max_cap1126/X (sky130_fd_sc_hd__buf_6)
                                                         net1126 (net)
                      0.318929    0.014434    3.615947 ^ fanout1121/A (sky130_fd_sc_hd__clkdlybuf4s25_1)
     3    0.010682    0.195063    0.653505    4.269452 ^ fanout1121/X (sky130_fd_sc_hd__clkdlybuf4s25_1)
                                                         net1121 (net)
                      0.195063    0.000075    4.269527 ^ load_slew1125/A (sky130_fd_sc_hd__clkbuf_4)
     6    0.063601    0.307240    0.477119    4.746646 ^ load_slew1125/X (sky130_fd_sc_hd__clkbuf_4)
                                                         net1125 (net)
                      0.307750    0.009019    4.755665 ^ fanout1112/A (sky130_fd_sc_hd__clkdlybuf4s25_1)
     4    0.027221    0.444737    0.832102    5.587766 ^ fanout1112/X (sky130_fd_sc_hd__clkdlybuf4s25_1)
                                                         net1112 (net)
                      0.444737    0.000014    5.587780 ^ load_slew1117/A (sky130_fd_sc_hd__buf_4)
     6    0.035613    0.173184    0.444717    6.032497 ^ load_slew1117/X (sky130_fd_sc_hd__buf_4)
                                                         net1117 (net)
                      0.173189    0.001156    6.033652 ^ load_slew1116/A (sky130_fd_sc_hd__clkbuf_4)
     6    0.038209    0.196856    0.388393    6.422046 ^ load_slew1116/X (sky130_fd_sc_hd__clkbuf_4)
                                                         net1116 (net)
                      0.196869    0.001785    6.423831 ^ load_slew1115/A (sky130_fd_sc_hd__buf_2)
     6    0.034091    0.271157    0.401664    6.825495 ^ load_slew1115/X (sky130_fd_sc_hd__buf_2)
                                                         net1115 (net)
                      0.271159    0.001302    6.826796 ^ load_slew1113/A (sky130_fd_sc_hd__buf_4)
     3    0.036956    0.176969    0.378829    7.205625 ^ load_slew1113/X (sky130_fd_sc_hd__buf_4)
                                                         net1113 (net)
                      0.176986    0.001858    7.207482 ^ _44054_/A (sky130_fd_sc_hd__inv_8)
    10    0.061181    0.087067    0.138668    7.346150 v _44054_/Y (sky130_fd_sc_hd__inv_8)
                                                         _19888_ (net)
                      0.087083    0.000963    7.347114 v _44911_/A (sky130_fd_sc_hd__or3b_2)
     1    0.005034    0.179270    1.106341    8.453455 v _44911_/X (sky130_fd_sc_hd__or3b_2)
                                                         _20655_ (net)
                      0.179270    0.000057    8.453512 v _44912_/A (sky130_fd_sc_hd__inv_2)
     1    0.004984    0.069151    0.122537    8.576049 ^ _44912_/Y (sky130_fd_sc_hd__inv_2)
                                                         _20656_ (net)
                      0.069151    0.000045    8.576094 ^ _44913_/B (sky130_fd_sc_hd__nand2_2)
     3    0.013965    0.179829    0.157196    8.733290 v _44913_/Y (sky130_fd_sc_hd__nand2_2)
                                                         _20657_ (net)
                      0.179829    0.000256    8.733545 v _44915_/B (sky130_fd_sc_hd__nand3_2)
     1    0.005856    0.095177    0.169977    8.903522 ^ _44915_/Y (sky130_fd_sc_hd__nand3_2)
                                                         _20659_ (net)
                      0.095177    0.000094    8.903617 ^ _44916_/B (sky130_fd_sc_hd__nor2_2)
     1    0.005256    0.049944    0.076101    8.979717 v _44916_/Y (sky130_fd_sc_hd__nor2_2)
                                                         _20660_ (net)
                      0.049944    0.000061    8.979779 v _44935_/A (sky130_fd_sc_hd__nand3_2)
     1    0.005316    0.086690    0.087974    9.067753 ^ _44935_/Y (sky130_fd_sc_hd__nand3_2)
                                                         _20679_ (net)
                      0.086690    0.000038    9.067791 ^ _44936_/B (sky130_fd_sc_hd__nor2_2)
     1    0.011812    0.067289    0.093858    9.161650 v _44936_/Y (sky130_fd_sc_hd__nor2_2)
                                                         _20680_ (net)
                      0.067289    0.000315    9.161964 v _44941_/B (sky130_fd_sc_hd__nand3_4)
     3    0.035225    0.220771    0.205126    9.367090 ^ _44941_/Y (sky130_fd_sc_hd__nand3_4)
                                                         _20685_ (net)
                      0.220790    0.002143    9.369234 ^ _44942_/A (sky130_fd_sc_hd__buf_8)
    10    0.108468    0.278343    0.394574    9.763808 ^ _44942_/X (sky130_fd_sc_hd__buf_8)
                                                         _20686_ (net)
                      0.278640    0.007545    9.771353 ^ _45096_/A (sky130_fd_sc_hd__buf_6)
    10    0.144811    0.451671    0.540316   10.311669 ^ _45096_/X (sky130_fd_sc_hd__buf_6)
                                                         _20837_ (net)
                      0.452352    0.014503   10.326172 ^ _45097_/A (sky130_fd_sc_hd__buf_8)
    10    0.176269    0.438201    0.587167   10.913339 ^ _45097_/X (sky130_fd_sc_hd__buf_8)
                                                         _20838_ (net)
                      0.438370    0.007222   10.920561 ^ _45118_/A (sky130_fd_sc_hd__buf_6)
    10    0.095154    0.303993    0.497302   11.417863 ^ _45118_/X (sky130_fd_sc_hd__buf_6)
                                                         _20856_ (net)
                      0.304013    0.002693   11.420555 ^ _45119_/A (sky130_fd_sc_hd__buf_6)
    10    0.216944    0.667550    0.697449   12.118005 ^ _45119_/X (sky130_fd_sc_hd__buf_6)
                                                         _20857_ (net)
                      0.669434    0.029135   12.147140 ^ _45120_/A (sky130_fd_sc_hd__buf_2)
    10    0.083991    0.641790    0.841348   12.988488 ^ _45120_/X (sky130_fd_sc_hd__buf_2)
                                                         _20858_ (net)
                      0.641790    0.000436   12.988924 ^ _45121_/A (sky130_fd_sc_hd__buf_4)
    10    0.065040    0.295045    0.610309   13.599234 ^ _45121_/X (sky130_fd_sc_hd__buf_4)
                                                         _20859_ (net)
                      0.295045    0.000245   13.599479 ^ _45122_/A (sky130_fd_sc_hd__buf_2)
    10    0.048572    0.378793    0.519378   14.118856 ^ _45122_/X (sky130_fd_sc_hd__buf_2)
                                                         _20860_ (net)
                      0.378793    0.000329   14.119185 ^ _45123_/A (sky130_fd_sc_hd__buf_2)
    10    0.078595    0.601750    0.707090   14.826275 ^ _45123_/X (sky130_fd_sc_hd__buf_2)
                                                         _20861_ (net)
                      0.601853    0.006604   14.832878 ^ _45124_/A (sky130_fd_sc_hd__buf_2)
    10    0.090722    0.691364    0.857845   15.690723 ^ _45124_/X (sky130_fd_sc_hd__buf_2)
                                                         _20862_ (net)
                      0.691364    0.001290   15.692014 ^ _27085_/B1 (sky130_fd_sc_hd__a31o_2)
     1    0.005457    0.091930    0.413106   16.105120 ^ _27085_/X (sky130_fd_sc_hd__a31o_2)
                                                         _05901_ (net)
                      0.091930    0.000062   16.105181 ^ _27086_/B1 (sky130_fd_sc_hd__o21ai_2)
     3    0.020804    0.198972    0.206716   16.311897 v _27086_/Y (sky130_fd_sc_hd__o21ai_2)
                                                         _05902_ (net)
                      0.198972    0.000233   16.312130 v max_cap124/A (sky130_fd_sc_hd__clkbuf_2)
     3    0.021413    0.156961    0.335170   16.647301 v max_cap124/X (sky130_fd_sc_hd__clkbuf_2)
                                                         net124 (net)
                      0.156962    0.000636   16.647938 v _27087_/B (sky130_fd_sc_hd__or2_2)
     1    0.004915    0.122890    0.672916   17.320852 v _27087_/X (sky130_fd_sc_hd__or2_2)
                                                         _05903_ (net)
                      0.122890    0.000048   17.320900 v _27089_/A (sky130_fd_sc_hd__nand2_2)
     1    0.005539    0.078584    0.118165   17.439066 ^ _27089_/Y (sky130_fd_sc_hd__nand2_2)
                                                         _05905_ (net)
                      0.078584    0.000068   17.439133 ^ _27090_/B (sky130_fd_sc_hd__nor2_2)
     2    0.005938    0.048107    0.072326   17.511459 v _27090_/Y (sky130_fd_sc_hd__nor2_2)
                                                         _05906_ (net)
                      0.048107    0.000020   17.511478 v _27091_/B (sky130_fd_sc_hd__and2_2)
     1    0.006447    0.086789    0.405990   17.917469 v _27091_/X (sky130_fd_sc_hd__and2_2)
                                                         _05907_ (net)
                      0.086789    0.000083   17.917553 v _27092_/C (sky130_fd_sc_hd__nand3_2)
     1    0.005289    0.086799    0.121940   18.039492 ^ _27092_/Y (sky130_fd_sc_hd__nand3_2)
                                                         _05908_ (net)
                      0.086799    0.000059   18.039551 ^ _27102_/A (sky130_fd_sc_hd__nand2_2)
     1    0.026285    0.231820    0.225919   18.265471 v _27102_/Y (sky130_fd_sc_hd__nand2_2)
                                                         _05918_ (net)
                      0.231820    0.000506   18.265976 v _27266_/A1 (sky130_fd_sc_hd__a21oi_2)
     1    0.028263    0.576302    0.599419   18.865395 ^ _27266_/Y (sky130_fd_sc_hd__a21oi_2)
                                                         _06082_ (net)
                      0.576316    0.002403   18.867798 ^ _27285_/A (sky130_fd_sc_hd__nand3_2)
     1    0.004645    0.181699    0.278753   19.146551 v _27285_/Y (sky130_fd_sc_hd__nand3_2)
                                                         _06101_ (net)
                      0.181699    0.000025   19.146576 v _27286_/B (sky130_fd_sc_hd__nor2_2)
     1    0.006539    0.163012    0.211246   19.357822 ^ _27286_/Y (sky130_fd_sc_hd__nor2_2)
                                                         _06102_ (net)
                      0.163012    0.000103   19.357925 ^ _27287_/B (sky130_fd_sc_hd__nand2_2)
     1    0.005178    0.069747    0.138622   19.496548 v _27287_/Y (sky130_fd_sc_hd__nand2_2)
                                                         _06103_ (net)
                      0.069747    0.000057   19.496605 v _27288_/A (sky130_fd_sc_hd__inv_2)
     1    0.009711    0.080038    0.101858   19.598461 ^ _27288_/Y (sky130_fd_sc_hd__inv_2)
                                                         _06104_ (net)
                      0.080038    0.000107   19.598568 ^ _27291_/A (sky130_fd_sc_hd__nand2_4)
     3    0.018851    0.101108    0.121817   19.720387 v _27291_/Y (sky130_fd_sc_hd__nand2_4)
                                                         _06107_ (net)
                      0.101108    0.000165   19.720551 v _27292_/B (sky130_fd_sc_hd__nor2_4)
     5    0.025563    0.290109    0.282110   20.002661 ^ _27292_/Y (sky130_fd_sc_hd__nor2_4)
                                                         _06108_ (net)
                      0.290109    0.000179   20.002840 ^ _27697_/B (sky130_fd_sc_hd__nor2_2)
     2    0.012203    0.093017    0.175367   20.178207 v _27697_/Y (sky130_fd_sc_hd__nor2_2)
                                                         _06513_ (net)
                      0.093017    0.000167   20.178375 v _27698_/B (sky130_fd_sc_hd__nor2_2)
     2    0.016656    0.323705    0.300581   20.478956 ^ _27698_/Y (sky130_fd_sc_hd__nor2_2)
                                                         _06514_ (net)
                      0.323705    0.000234   20.479191 ^ _27702_/A (sky130_fd_sc_hd__nor2_4)
     2    0.013677    0.085666    0.171051   20.650242 v _27702_/Y (sky130_fd_sc_hd__nor2_4)
                                                         _06518_ (net)
                      0.085669    0.000101   20.650343 v _27703_/B (sky130_fd_sc_hd__nand2_4)
     5    0.029488    0.159912    0.181062   20.831406 ^ _27703_/Y (sky130_fd_sc_hd__nand2_4)
                                                         _06519_ (net)
                      0.159923    0.001078   20.832483 ^ _28561_/A (sky130_fd_sc_hd__nand2_2)
     2    0.010081    0.109952    0.157300   20.989782 v _28561_/Y (sky130_fd_sc_hd__nand2_2)
                                                         _07377_ (net)
                      0.109952    0.000099   20.989882 v _28562_/A (sky130_fd_sc_hd__nand2_2)
     1    0.005069    0.094758    0.109255   21.099136 ^ _28562_/Y (sky130_fd_sc_hd__nand2_2)
                                                         _07378_ (net)
                      0.094758    0.000044   21.099182 ^ _28563_/C (sky130_fd_sc_hd__nand3_2)
     5    0.026242    0.368765    0.368525   21.467707 v _28563_/Y (sky130_fd_sc_hd__nand3_2)
                                                         _07379_ (net)
                      0.368765    0.000265   21.467972 v _28576_/A2 (sky130_fd_sc_hd__o21bai_2)
     2    0.015779    0.353278    0.450727   21.918699 ^ _28576_/Y (sky130_fd_sc_hd__o21bai_2)
                                                         _07392_ (net)
                      0.353278    0.000529   21.919228 ^ _28577_/A (sky130_fd_sc_hd__nand2_2)
     3    0.021735    0.228748    0.304283   22.223511 v _28577_/Y (sky130_fd_sc_hd__nand2_2)
                                                         _07393_ (net)
                      0.228748    0.000689   22.224199 v _28578_/B (sky130_fd_sc_hd__nand2_2)
     2    0.011885    0.131273    0.219734   22.443933 ^ _28578_/Y (sky130_fd_sc_hd__nand2_2)
                                                         _07394_ (net)
                      0.131273    0.000169   22.444103 ^ _28579_/B (sky130_fd_sc_hd__nor2_2)
     1    0.004556    0.043831    0.086089   22.530191 v _28579_/Y (sky130_fd_sc_hd__nor2_2)
                                                         _07395_ (net)
                      0.043831    0.000041   22.530233 v _28580_/B (sky130_fd_sc_hd__nand2_2)
     3    0.022657    0.204715    0.191655   22.721888 ^ _28580_/Y (sky130_fd_sc_hd__nand2_2)
                                                         _07396_ (net)
                      0.204716    0.000401   22.722288 ^ _28961_/A (sky130_fd_sc_hd__nand2_2)
     2    0.012801    0.140768    0.192303   22.914591 v _28961_/Y (sky130_fd_sc_hd__nand2_2)
                                                         _07777_ (net)
                      0.140768    0.000124   22.914717 v _28962_/A (sky130_fd_sc_hd__nand2_2)
     2    0.010345    0.119825    0.154253   23.068970 ^ _28962_/Y (sky130_fd_sc_hd__nand2_2)
                                                         _07778_ (net)
                      0.119825    0.000101   23.069071 ^ _28963_/A (sky130_fd_sc_hd__nand2_2)
     1    0.004906    0.094969    0.108717   23.177788 v _28963_/Y (sky130_fd_sc_hd__nand2_2)
                                                         _07779_ (net)
                      0.094969    0.000052   23.177839 v _28964_/B (sky130_fd_sc_hd__nor2_2)
     1    0.010019    0.222307    0.219126   23.396965 ^ _28964_/Y (sky130_fd_sc_hd__nor2_2)
                                                         _07780_ (net)
                      0.222307    0.000073   23.397038 ^ _28965_/B (sky130_fd_sc_hd__nand2_4)
     5    0.027997    0.154054    0.213769   23.610806 v _28965_/Y (sky130_fd_sc_hd__nand2_4)
                                                         _07781_ (net)
                      0.154054    0.000600   23.611406 v _29327_/A (sky130_fd_sc_hd__nand2_2)
     3    0.021795    0.198080    0.225473   23.836880 ^ _29327_/Y (sky130_fd_sc_hd__nand2_2)
                                                         _08143_ (net)
                      0.198083    0.000540   23.837420 ^ _29496_/A (sky130_fd_sc_hd__inv_2)
     2    0.009318    0.066026    0.126077   23.963497 v _29496_/Y (sky130_fd_sc_hd__inv_2)
                                                         _08312_ (net)
                      0.066026    0.000121   23.963617 v _29497_/D1 (sky130_fd_sc_hd__o2111ai_2)
     3    0.015743    0.427797    0.163419   24.127037 ^ _29497_/Y (sky130_fd_sc_hd__o2111ai_2)
                                                         _08313_ (net)
                      0.427797    0.000165   24.127203 ^ max_cap48/A (sky130_fd_sc_hd__clkbuf_2)
     2    0.014092    0.136569    0.385413   24.512615 ^ max_cap48/X (sky130_fd_sc_hd__clkbuf_2)
                                                         net48 (net)
                      0.136569    0.000169   24.512783 ^ max_cap47/A (sky130_fd_sc_hd__clkbuf_2)
     2    0.014661    0.137747    0.271253   24.784037 ^ max_cap47/X (sky130_fd_sc_hd__clkbuf_2)
                                                         net47 (net)
                      0.137747    0.000156   24.784193 ^ _29501_/B (sky130_fd_sc_hd__nand3_4)
     9    0.062604    0.445693    0.427303   25.211496 v _29501_/Y (sky130_fd_sc_hd__nand3_4)
                                                         _08317_ (net)
                      0.445693    0.000416   25.211912 v _29943_/A (sky130_fd_sc_hd__inv_2)
     2    0.016275    0.187484    0.292427   25.504339 ^ _29943_/Y (sky130_fd_sc_hd__inv_2)
                                                         _08685_ (net)
                      0.187484    0.000114   25.504452 ^ _29945_/A (sky130_fd_sc_hd__nand2_2)
     3    0.056495    0.478942    0.442991   25.947445 v _29945_/Y (sky130_fd_sc_hd__nand2_2)
                                                         _08687_ (net)
                      0.478948    0.001441   25.948885 v _29950_/A (sky130_fd_sc_hd__nor2_2)
     2    0.034091    0.616105    0.706413   26.655298 ^ _29950_/Y (sky130_fd_sc_hd__nor2_2)
                                                         _08692_ (net)
                      0.616105    0.001886   26.657185 ^ _30568_/A (sky130_fd_sc_hd__nand2_2)
     9    0.051352    0.460057    0.591726   27.248909 v _30568_/Y (sky130_fd_sc_hd__nand2_2)
                                                         _09236_ (net)
                      0.460061    0.002062   27.250973 v _30585_/A (sky130_fd_sc_hd__inv_2)
     3    0.007039    0.133496    0.219952   27.470924 ^ _30585_/Y (sky130_fd_sc_hd__inv_2)
                                                         _09252_ (net)
                      0.133496    0.000060   27.470985 ^ _30586_/A (sky130_fd_sc_hd__buf_2)
    10    0.093198    0.711247    0.680672   28.151655 ^ _30586_/X (sky130_fd_sc_hd__buf_2)
                                                         _09253_ (net)
                      0.711353    0.007292   28.158949 ^ _30708_/A (sky130_fd_sc_hd__nand2_2)
     1    0.006681    0.173580    0.279899   28.438847 v _30708_/Y (sky130_fd_sc_hd__nand2_2)
                                                         _09360_ (net)
                      0.173580    0.000115   28.438963 v _30710_/A (sky130_fd_sc_hd__nand3_2)
     1    0.005105    0.141966    0.143800   28.582762 ^ _30710_/Y (sky130_fd_sc_hd__nand3_2)
                                                         _09362_ (net)
                      0.141966    0.000028   28.582790 ^ _30713_/A1 (sky130_fd_sc_hd__a31oi_2)
     1    0.024231    0.396205    0.377325   28.960115 v _30713_/Y (sky130_fd_sc_hd__a31oi_2)
                                                         _00763_ (net)
                      0.396205    0.000417   28.960533 v _48693_/D (sky130_fd_sc_hd__dfrtp_2)
                                             28.960533   data arrival time

                                 25.000000   25.000000   clock clk (rise edge)
                                  0.000000   25.000000   clock source latency
     2    0.109762    0.610000    0.000000   25.000000 ^ clk (in)
                                                         clk (net)
                      0.661725    0.025862   25.025862 ^ clkbuf_0_clk/A (sky130_fd_sc_hd__clkbuf_16)
     5    0.137050    0.231914    0.601419   25.627281 ^ clkbuf_0_clk/X (sky130_fd_sc_hd__clkbuf_16)
                                                         clknet_0_clk (net)
                      0.231981    0.003920   25.631201 ^ clkbuf_2_1_0_clk/A (sky130_fd_sc_hd__clkbuf_8)
     8    0.181667    0.478074    0.605489   26.236691 ^ clkbuf_2_1_0_clk/X (sky130_fd_sc_hd__clkbuf_8)
                                                         clknet_2_1_0_clk (net)
                      0.478954    0.016900   26.253590 ^ clkbuf_5_15__f_clk/A (sky130_fd_sc_hd__clkbuf_16)
    13    0.136862    0.230615    0.530253   26.783844 ^ clkbuf_5_15__f_clk/X (sky130_fd_sc_hd__clkbuf_16)
                                                         clknet_5_15__leaf_clk (net)
                      0.230667    0.003412   26.787256 ^ clkbuf_leaf_154_clk/A (sky130_fd_sc_hd__clkbuf_8)
     8    0.031841    0.110554    0.336454   27.123711 ^ clkbuf_leaf_154_clk/X (sky130_fd_sc_hd__clkbuf_8)
                                                         clknet_leaf_154_clk (net)
                      0.110554    0.000242   27.123951 ^ _48693_/CLK (sky130_fd_sc_hd__dfrtp_2)
                                 -0.100000   27.023952   clock uncertainty
                                  0.000000   27.023952   clock reconvergence pessimism
                                 -0.401986   26.621965   library setup time
                                             26.621965   data required time
---------------------------------------------------------------------------------------------
                                             26.621965   data required time
                                            -28.960533   data arrival time
---------------------------------------------------------------------------------------------
                                             -2.338567   slack (VIOLATED)




===========================================================================
report_checks --slack_max -0.01
============================================================================
======================= min_ss_100C_1v60 Corner ===================================

Startpoint: _48227_ (rising edge-triggered flip-flop clocked by clk)
Endpoint: _48693_ (rising edge-triggered flip-flop clocked by clk)
Path Group: clk
Path Type: max

Fanout         Cap        Slew       Delay        Time   Description
---------------------------------------------------------------------------------------------
                                  0.000000    0.000000   clock clk (rise edge)
                                  0.000000    0.000000   clock source latency
     2    0.109762    0.610000    0.000000    0.000000 ^ clk (in)
                                                         clk (net)
                      0.661725    0.025862    0.025862 ^ clkbuf_0_clk/A (sky130_fd_sc_hd__clkbuf_16)
     5    0.137050    0.231914    0.601419    0.627282 ^ clkbuf_0_clk/X (sky130_fd_sc_hd__clkbuf_16)
                                                         clknet_0_clk (net)
                      0.232134    0.006465    0.633746 ^ clkbuf_2_2_0_clk/A (sky130_fd_sc_hd__clkbuf_8)
     8    0.182135    0.479174    0.607706    1.241452 ^ clkbuf_2_2_0_clk/X (sky130_fd_sc_hd__clkbuf_8)
                                                         clknet_2_2_0_clk (net)
                      0.479454    0.006559    1.248011 ^ clkbuf_5_19__f_clk/A (sky130_fd_sc_hd__clkbuf_16)
    14    0.116861    0.202049    0.508386    1.756397 ^ clkbuf_5_19__f_clk/X (sky130_fd_sc_hd__clkbuf_16)
                                                         clknet_5_19__leaf_clk (net)
                      0.202172    0.004733    1.761130 ^ clkbuf_leaf_267_clk/A (sky130_fd_sc_hd__clkbuf_8)
    11    0.031190    0.109223    0.322079    2.083209 ^ clkbuf_leaf_267_clk/X (sky130_fd_sc_hd__clkbuf_8)
                                                         clknet_leaf_267_clk (net)
                      0.109223    0.000244    2.083453 ^ _48227_/CLK (sky130_fd_sc_hd__dfxtp_2)
     4    0.063157    0.503894    0.992173    3.075626 ^ _48227_/Q (sky130_fd_sc_hd__dfxtp_2)
                                                         tick_pulse_r_ctrl (net)
                      0.503894    0.001696    3.077322 ^ max_cap1126/A (sky130_fd_sc_hd__buf_6)
     5    0.099511    0.317800    0.524192    3.601514 ^ max_cap1126/X (sky130_fd_sc_hd__buf_6)
                                                         net1126 (net)
                      0.318929    0.014434    3.615947 ^ fanout1121/A (sky130_fd_sc_hd__clkdlybuf4s25_1)
     3    0.010682    0.195063    0.653505    4.269452 ^ fanout1121/X (sky130_fd_sc_hd__clkdlybuf4s25_1)
                                                         net1121 (net)
                      0.195063    0.000075    4.269527 ^ load_slew1125/A (sky130_fd_sc_hd__clkbuf_4)
     6    0.063601    0.307240    0.477119    4.746646 ^ load_slew1125/X (sky130_fd_sc_hd__clkbuf_4)
                                                         net1125 (net)
                      0.307750    0.009019    4.755665 ^ fanout1112/A (sky130_fd_sc_hd__clkdlybuf4s25_1)
     4    0.027221    0.444737    0.832102    5.587766 ^ fanout1112/X (sky130_fd_sc_hd__clkdlybuf4s25_1)
                                                         net1112 (net)
                      0.444737    0.000014    5.587780 ^ load_slew1117/A (sky130_fd_sc_hd__buf_4)
     6    0.035613    0.173184    0.444717    6.032497 ^ load_slew1117/X (sky130_fd_sc_hd__buf_4)
                                                         net1117 (net)
                      0.173189    0.001156    6.033652 ^ load_slew1116/A (sky130_fd_sc_hd__clkbuf_4)
     6    0.038209    0.196856    0.388393    6.422046 ^ load_slew1116/X (sky130_fd_sc_hd__clkbuf_4)
                                                         net1116 (net)
                      0.196869    0.001785    6.423831 ^ load_slew1115/A (sky130_fd_sc_hd__buf_2)
     6    0.034091    0.271157    0.401664    6.825495 ^ load_slew1115/X (sky130_fd_sc_hd__buf_2)
                                                         net1115 (net)
                      0.271159    0.001302    6.826796 ^ load_slew1113/A (sky130_fd_sc_hd__buf_4)
     3    0.036956    0.176969    0.378829    7.205625 ^ load_slew1113/X (sky130_fd_sc_hd__buf_4)
                                                         net1113 (net)
                      0.176986    0.001858    7.207482 ^ _44054_/A (sky130_fd_sc_hd__inv_8)
    10    0.061181    0.087067    0.138668    7.346150 v _44054_/Y (sky130_fd_sc_hd__inv_8)
                                                         _19888_ (net)
                      0.087083    0.000963    7.347114 v _44911_/A (sky130_fd_sc_hd__or3b_2)
     1    0.005034    0.179270    1.106341    8.453455 v _44911_/X (sky130_fd_sc_hd__or3b_2)
                                                         _20655_ (net)
                      0.179270    0.000057    8.453512 v _44912_/A (sky130_fd_sc_hd__inv_2)
     1    0.004984    0.069151    0.122537    8.576049 ^ _44912_/Y (sky130_fd_sc_hd__inv_2)
                                                         _20656_ (net)
                      0.069151    0.000045    8.576094 ^ _44913_/B (sky130_fd_sc_hd__nand2_2)
     3    0.013965    0.179829    0.157196    8.733290 v _44913_/Y (sky130_fd_sc_hd__nand2_2)
                                                         _20657_ (net)
                      0.179829    0.000256    8.733545 v _44915_/B (sky130_fd_sc_hd__nand3_2)
     1    0.005856    0.095177    0.169977    8.903522 ^ _44915_/Y (sky130_fd_sc_hd__nand3_2)
                                                         _20659_ (net)
                      0.095177    0.000094    8.903617 ^ _44916_/B (sky130_fd_sc_hd__nor2_2)
     1    0.005256    0.049944    0.076101    8.979717 v _44916_/Y (sky130_fd_sc_hd__nor2_2)
                                                         _20660_ (net)
                      0.049944    0.000061    8.979779 v _44935_/A (sky130_fd_sc_hd__nand3_2)
     1    0.005316    0.086690    0.087974    9.067753 ^ _44935_/Y (sky130_fd_sc_hd__nand3_2)
                                                         _20679_ (net)
                      0.086690    0.000038    9.067791 ^ _44936_/B (sky130_fd_sc_hd__nor2_2)
     1    0.011812    0.067289    0.093858    9.161650 v _44936_/Y (sky130_fd_sc_hd__nor2_2)
                                                         _20680_ (net)
                      0.067289    0.000315    9.161964 v _44941_/B (sky130_fd_sc_hd__nand3_4)
     3    0.035225    0.220771    0.205126    9.367090 ^ _44941_/Y (sky130_fd_sc_hd__nand3_4)
                                                         _20685_ (net)
                      0.220790    0.002143    9.369234 ^ _44942_/A (sky130_fd_sc_hd__buf_8)
    10    0.108468    0.278343    0.394574    9.763808 ^ _44942_/X (sky130_fd_sc_hd__buf_8)
                                                         _20686_ (net)
                      0.278640    0.007545    9.771353 ^ _45096_/A (sky130_fd_sc_hd__buf_6)
    10    0.144811    0.451671    0.540316   10.311669 ^ _45096_/X (sky130_fd_sc_hd__buf_6)
                                                         _20837_ (net)
                      0.452352    0.014503   10.326172 ^ _45097_/A (sky130_fd_sc_hd__buf_8)
    10    0.176269    0.438201    0.587167   10.913339 ^ _45097_/X (sky130_fd_sc_hd__buf_8)
                                                         _20838_ (net)
                      0.438370    0.007222   10.920561 ^ _45118_/A (sky130_fd_sc_hd__buf_6)
    10    0.095154    0.303993    0.497302   11.417863 ^ _45118_/X (sky130_fd_sc_hd__buf_6)
                                                         _20856_ (net)
                      0.304013    0.002693   11.420555 ^ _45119_/A (sky130_fd_sc_hd__buf_6)
    10    0.216944    0.667550    0.697449   12.118005 ^ _45119_/X (sky130_fd_sc_hd__buf_6)
                                                         _20857_ (net)
                      0.669434    0.029135   12.147140 ^ _45120_/A (sky130_fd_sc_hd__buf_2)
    10    0.083991    0.641790    0.841348   12.988488 ^ _45120_/X (sky130_fd_sc_hd__buf_2)
                                                         _20858_ (net)
                      0.641790    0.000436   12.988924 ^ _45121_/A (sky130_fd_sc_hd__buf_4)
    10    0.065040    0.295045    0.610309   13.599234 ^ _45121_/X (sky130_fd_sc_hd__buf_4)
                                                         _20859_ (net)
                      0.295045    0.000245   13.599479 ^ _45122_/A (sky130_fd_sc_hd__buf_2)
    10    0.048572    0.378793    0.519378   14.118856 ^ _45122_/X (sky130_fd_sc_hd__buf_2)
                                                         _20860_ (net)
                      0.378793    0.000329   14.119185 ^ _45123_/A (sky130_fd_sc_hd__buf_2)
    10    0.078595    0.601750    0.707090   14.826275 ^ _45123_/X (sky130_fd_sc_hd__buf_2)
                                                         _20861_ (net)
                      0.601853    0.006604   14.832878 ^ _45124_/A (sky130_fd_sc_hd__buf_2)
    10    0.090722    0.691364    0.857845   15.690723 ^ _45124_/X (sky130_fd_sc_hd__buf_2)
                                                         _20862_ (net)
                      0.691364    0.001290   15.692014 ^ _27085_/B1 (sky130_fd_sc_hd__a31o_2)
     1    0.005457    0.091930    0.413106   16.105120 ^ _27085_/X (sky130_fd_sc_hd__a31o_2)
                                                         _05901_ (net)
                      0.091930    0.000062   16.105181 ^ _27086_/B1 (sky130_fd_sc_hd__o21ai_2)
     3    0.020804    0.198972    0.206716   16.311897 v _27086_/Y (sky130_fd_sc_hd__o21ai_2)
                                                         _05902_ (net)
                      0.198972    0.000233   16.312130 v max_cap124/A (sky130_fd_sc_hd__clkbuf_2)
     3    0.021413    0.156961    0.335170   16.647301 v max_cap124/X (sky130_fd_sc_hd__clkbuf_2)
                                                         net124 (net)
                      0.156962    0.000636   16.647938 v _27087_/B (sky130_fd_sc_hd__or2_2)
     1    0.004915    0.122890    0.672916   17.320852 v _27087_/X (sky130_fd_sc_hd__or2_2)
                                                         _05903_ (net)
                      0.122890    0.000048   17.320900 v _27089_/A (sky130_fd_sc_hd__nand2_2)
     1    0.005539    0.078584    0.118165   17.439066 ^ _27089_/Y (sky130_fd_sc_hd__nand2_2)
                                                         _05905_ (net)
                      0.078584    0.000068   17.439133 ^ _27090_/B (sky130_fd_sc_hd__nor2_2)
     2    0.005938    0.048107    0.072326   17.511459 v _27090_/Y (sky130_fd_sc_hd__nor2_2)
                                                         _05906_ (net)
                      0.048107    0.000020   17.511478 v _27091_/B (sky130_fd_sc_hd__and2_2)
     1    0.006447    0.086789    0.405990   17.917469 v _27091_/X (sky130_fd_sc_hd__and2_2)
                                                         _05907_ (net)
                      0.086789    0.000083   17.917553 v _27092_/C (sky130_fd_sc_hd__nand3_2)
     1    0.005289    0.086799    0.121940   18.039492 ^ _27092_/Y (sky130_fd_sc_hd__nand3_2)
                                                         _05908_ (net)
                      0.086799    0.000059   18.039551 ^ _27102_/A (sky130_fd_sc_hd__nand2_2)
     1    0.026285    0.231820    0.225919   18.265471 v _27102_/Y (sky130_fd_sc_hd__nand2_2)
                                                         _05918_ (net)
                      0.231820    0.000506   18.265976 v _27266_/A1 (sky130_fd_sc_hd__a21oi_2)
     1    0.028263    0.576302    0.599419   18.865395 ^ _27266_/Y (sky130_fd_sc_hd__a21oi_2)
                                                         _06082_ (net)
                      0.576316    0.002403   18.867798 ^ _27285_/A (sky130_fd_sc_hd__nand3_2)
     1    0.004645    0.181699    0.278753   19.146551 v _27285_/Y (sky130_fd_sc_hd__nand3_2)
                                                         _06101_ (net)
                      0.181699    0.000025   19.146576 v _27286_/B (sky130_fd_sc_hd__nor2_2)
     1    0.006539    0.163012    0.211246   19.357822 ^ _27286_/Y (sky130_fd_sc_hd__nor2_2)
                                                         _06102_ (net)
                      0.163012    0.000103   19.357925 ^ _27287_/B (sky130_fd_sc_hd__nand2_2)
     1    0.005178    0.069747    0.138622   19.496548 v _27287_/Y (sky130_fd_sc_hd__nand2_2)
                                                         _06103_ (net)
                      0.069747    0.000057   19.496605 v _27288_/A (sky130_fd_sc_hd__inv_2)
     1    0.009711    0.080038    0.101858   19.598461 ^ _27288_/Y (sky130_fd_sc_hd__inv_2)
                                                         _06104_ (net)
                      0.080038    0.000107   19.598568 ^ _27291_/A (sky130_fd_sc_hd__nand2_4)
     3    0.018851    0.101108    0.121817   19.720387 v _27291_/Y (sky130_fd_sc_hd__nand2_4)
                                                         _06107_ (net)
                      0.101108    0.000165   19.720551 v _27292_/B (sky130_fd_sc_hd__nor2_4)
     5    0.025563    0.290109    0.282110   20.002661 ^ _27292_/Y (sky130_fd_sc_hd__nor2_4)
                                                         _06108_ (net)
                      0.290109    0.000179   20.002840 ^ _27697_/B (sky130_fd_sc_hd__nor2_2)
     2    0.012203    0.093017    0.175367   20.178207 v _27697_/Y (sky130_fd_sc_hd__nor2_2)
                                                         _06513_ (net)
                      0.093017    0.000167   20.178375 v _27698_/B (sky130_fd_sc_hd__nor2_2)
     2    0.016656    0.323705    0.300581   20.478956 ^ _27698_/Y (sky130_fd_sc_hd__nor2_2)
                                                         _06514_ (net)
                      0.323705    0.000234   20.479191 ^ _27702_/A (sky130_fd_sc_hd__nor2_4)
     2    0.013677    0.085666    0.171051   20.650242 v _27702_/Y (sky130_fd_sc_hd__nor2_4)
                                                         _06518_ (net)
                      0.085669    0.000101   20.650343 v _27703_/B (sky130_fd_sc_hd__nand2_4)
     5    0.029488    0.159912    0.181062   20.831406 ^ _27703_/Y (sky130_fd_sc_hd__nand2_4)
                                                         _06519_ (net)
                      0.159923    0.001078   20.832483 ^ _28561_/A (sky130_fd_sc_hd__nand2_2)
     2    0.010081    0.109952    0.157300   20.989782 v _28561_/Y (sky130_fd_sc_hd__nand2_2)
                                                         _07377_ (net)
                      0.109952    0.000099   20.989882 v _28562_/A (sky130_fd_sc_hd__nand2_2)
     1    0.005069    0.094758    0.109255   21.099136 ^ _28562_/Y (sky130_fd_sc_hd__nand2_2)
                                                         _07378_ (net)
                      0.094758    0.000044   21.099182 ^ _28563_/C (sky130_fd_sc_hd__nand3_2)
     5    0.026242    0.368765    0.368525   21.467707 v _28563_/Y (sky130_fd_sc_hd__nand3_2)
                                                         _07379_ (net)
                      0.368765    0.000265   21.467972 v _28576_/A2 (sky130_fd_sc_hd__o21bai_2)
     2    0.015779    0.353278    0.450727   21.918699 ^ _28576_/Y (sky130_fd_sc_hd__o21bai_2)
                                                         _07392_ (net)
                      0.353278    0.000529   21.919228 ^ _28577_/A (sky130_fd_sc_hd__nand2_2)
     3    0.021735    0.228748    0.304283   22.223511 v _28577_/Y (sky130_fd_sc_hd__nand2_2)
                                                         _07393_ (net)
                      0.228748    0.000689   22.224199 v _28578_/B (sky130_fd_sc_hd__nand2_2)
     2    0.011885    0.131273    0.219734   22.443933 ^ _28578_/Y (sky130_fd_sc_hd__nand2_2)
                                                         _07394_ (net)
                      0.131273    0.000169   22.444103 ^ _28579_/B (sky130_fd_sc_hd__nor2_2)
     1    0.004556    0.043831    0.086089   22.530191 v _28579_/Y (sky130_fd_sc_hd__nor2_2)
                                                         _07395_ (net)
                      0.043831    0.000041   22.530233 v _28580_/B (sky130_fd_sc_hd__nand2_2)
     3    0.022657    0.204715    0.191655   22.721888 ^ _28580_/Y (sky130_fd_sc_hd__nand2_2)
                                                         _07396_ (net)
                      0.204716    0.000401   22.722288 ^ _28961_/A (sky130_fd_sc_hd__nand2_2)
     2    0.012801    0.140768    0.192303   22.914591 v _28961_/Y (sky130_fd_sc_hd__nand2_2)
                                                         _07777_ (net)
                      0.140768    0.000124   22.914717 v _28962_/A (sky130_fd_sc_hd__nand2_2)
     2    0.010345    0.119825    0.154253   23.068970 ^ _28962_/Y (sky130_fd_sc_hd__nand2_2)
                                                         _07778_ (net)
                      0.119825    0.000101   23.069071 ^ _28963_/A (sky130_fd_sc_hd__nand2_2)
     1    0.004906    0.094969    0.108717   23.177788 v _28963_/Y (sky130_fd_sc_hd__nand2_2)
                                                         _07779_ (net)
                      0.094969    0.000052   23.177839 v _28964_/B (sky130_fd_sc_hd__nor2_2)
     1    0.010019    0.222307    0.219126   23.396965 ^ _28964_/Y (sky130_fd_sc_hd__nor2_2)
                                                         _07780_ (net)
                      0.222307    0.000073   23.397038 ^ _28965_/B (sky130_fd_sc_hd__nand2_4)
     5    0.027997    0.154054    0.213769   23.610806 v _28965_/Y (sky130_fd_sc_hd__nand2_4)
                                                         _07781_ (net)
                      0.154054    0.000600   23.611406 v _29327_/A (sky130_fd_sc_hd__nand2_2)
     3    0.021795    0.198080    0.225473   23.836880 ^ _29327_/Y (sky130_fd_sc_hd__nand2_2)
                                                         _08143_ (net)
                      0.198083    0.000540   23.837420 ^ _29496_/A (sky130_fd_sc_hd__inv_2)
     2    0.009318    0.066026    0.126077   23.963497 v _29496_/Y (sky130_fd_sc_hd__inv_2)
                                                         _08312_ (net)
                      0.066026    0.000121   23.963617 v _29497_/D1 (sky130_fd_sc_hd__o2111ai_2)
     3    0.015743    0.427797    0.163419   24.127037 ^ _29497_/Y (sky130_fd_sc_hd__o2111ai_2)
                                                         _08313_ (net)
                      0.427797    0.000165   24.127203 ^ max_cap48/A (sky130_fd_sc_hd__clkbuf_2)
     2    0.014092    0.136569    0.385413   24.512615 ^ max_cap48/X (sky130_fd_sc_hd__clkbuf_2)
                                                         net48 (net)
                      0.136569    0.000169   24.512783 ^ max_cap47/A (sky130_fd_sc_hd__clkbuf_2)
     2    0.014661    0.137747    0.271253   24.784037 ^ max_cap47/X (sky130_fd_sc_hd__clkbuf_2)
                                                         net47 (net)
                      0.137747    0.000156   24.784193 ^ _29501_/B (sky130_fd_sc_hd__nand3_4)
     9    0.062604    0.445693    0.427303   25.211496 v _29501_/Y (sky130_fd_sc_hd__nand3_4)
                                                         _08317_ (net)
                      0.445693    0.000416   25.211912 v _29943_/A (sky130_fd_sc_hd__inv_2)
     2    0.016275    0.187484    0.292427   25.504339 ^ _29943_/Y (sky130_fd_sc_hd__inv_2)
                                                         _08685_ (net)
                      0.187484    0.000114   25.504452 ^ _29945_/A (sky130_fd_sc_hd__nand2_2)
     3    0.056495    0.478942    0.442991   25.947445 v _29945_/Y (sky130_fd_sc_hd__nand2_2)
                                                         _08687_ (net)
                      0.478948    0.001441   25.948885 v _29950_/A (sky130_fd_sc_hd__nor2_2)
     2    0.034091    0.616105    0.706413   26.655298 ^ _29950_/Y (sky130_fd_sc_hd__nor2_2)
                                                         _08692_ (net)
                      0.616105    0.001886   26.657185 ^ _30568_/A (sky130_fd_sc_hd__nand2_2)
     9    0.051352    0.460057    0.591726   27.248909 v _30568_/Y (sky130_fd_sc_hd__nand2_2)
                                                         _09236_ (net)
                      0.460061    0.002062   27.250973 v _30585_/A (sky130_fd_sc_hd__inv_2)
     3    0.007039    0.133496    0.219952   27.470924 ^ _30585_/Y (sky130_fd_sc_hd__inv_2)
                                                         _09252_ (net)
                      0.133496    0.000060   27.470985 ^ _30586_/A (sky130_fd_sc_hd__buf_2)
    10    0.093198    0.711247    0.680672   28.151655 ^ _30586_/X (sky130_fd_sc_hd__buf_2)
                                                         _09253_ (net)
                      0.711353    0.007292   28.158949 ^ _30708_/A (sky130_fd_sc_hd__nand2_2)
     1    0.006681    0.173580    0.279899   28.438847 v _30708_/Y (sky130_fd_sc_hd__nand2_2)
                                                         _09360_ (net)
                      0.173580    0.000115   28.438963 v _30710_/A (sky130_fd_sc_hd__nand3_2)
     1    0.005105    0.141966    0.143800   28.582762 ^ _30710_/Y (sky130_fd_sc_hd__nand3_2)
                                                         _09362_ (net)
                      0.141966    0.000028   28.582790 ^ _30713_/A1 (sky130_fd_sc_hd__a31oi_2)
     1    0.024231    0.396205    0.377325   28.960115 v _30713_/Y (sky130_fd_sc_hd__a31oi_2)
                                                         _00763_ (net)
                      0.396205    0.000417   28.960533 v _48693_/D (sky130_fd_sc_hd__dfrtp_2)
                                             28.960533   data arrival time

                                 25.000000   25.000000   clock clk (rise edge)
                                  0.000000   25.000000   clock source latency
     2    0.109762    0.610000    0.000000   25.000000 ^ clk (in)
                                                         clk (net)
                      0.661725    0.025862   25.025862 ^ clkbuf_0_clk/A (sky130_fd_sc_hd__clkbuf_16)
     5    0.137050    0.231914    0.601419   25.627281 ^ clkbuf_0_clk/X (sky130_fd_sc_hd__clkbuf_16)
                                                         clknet_0_clk (net)
                      0.231981    0.003920   25.631201 ^ clkbuf_2_1_0_clk/A (sky130_fd_sc_hd__clkbuf_8)
     8    0.181667    0.478074    0.605489   26.236691 ^ clkbuf_2_1_0_clk/X (sky130_fd_sc_hd__clkbuf_8)
                                                         clknet_2_1_0_clk (net)
                      0.478954    0.016900   26.253590 ^ clkbuf_5_15__f_clk/A (sky130_fd_sc_hd__clkbuf_16)
    13    0.136862    0.230615    0.530253   26.783844 ^ clkbuf_5_15__f_clk/X (sky130_fd_sc_hd__clkbuf_16)
                                                         clknet_5_15__leaf_clk (net)
                      0.230667    0.003412   26.787256 ^ clkbuf_leaf_154_clk/A (sky130_fd_sc_hd__clkbuf_8)
     8    0.031841    0.110554    0.336454   27.123711 ^ clkbuf_leaf_154_clk/X (sky130_fd_sc_hd__clkbuf_8)
                                                         clknet_leaf_154_clk (net)
                      0.110554    0.000242   27.123951 ^ _48693_/CLK (sky130_fd_sc_hd__dfrtp_2)
                                 -0.100000   27.023952   clock uncertainty
                                  0.000000   27.023952   clock reconvergence pessimism
                                 -0.401986   26.621965   library setup time
                                             26.621965   data required time
---------------------------------------------------------------------------------------------
                                             26.621965   data required time
                                            -28.960533   data arrival time
---------------------------------------------------------------------------------------------
                                             -2.338567   slack (VIOLATED)




===========================================================================
 report_check_types -max_slew -max_cap -max_fanout -violators
============================================================================
======================= min_ss_100C_1v60 Corner ===================================



===========================================================================
report_parasitic_annotation -report_unannotated
============================================================================
Found 311 unannotated drivers.
 clkload0/Y
 clkload1/Y
 clkload10/Y
 clkload100/Y
 clkload101/X
 clkload102/X
 clkload103/X
 clkload104/X
 clkload105/X
 clkload106/X
 clkload107/X
 clkload108/Y
 clkload109/X
 clkload11/Y
 clkload110/X
 clkload111/Y
 clkload112/Y
 clkload113/X
 clkload114/X
 clkload115/X
 clkload116/Y
 clkload117/X
 clkload118/Y
 clkload119/X
 clkload12/X
 clkload120/Y
 clkload121/X
 clkload122/Y
 clkload123/X
 clkload124/X
 clkload125/X
 clkload126/X
 clkload127/X
 clkload128/X
 clkload129/X
 clkload13/Y
 clkload130/X
 clkload131/X
 clkload132/Y
 clkload133/X
 clkload134/X
 clkload135/X
 clkload136/Y
 clkload137/X
 clkload138/X
 clkload139/X
 clkload14/Y
 clkload140/X
 clkload141/X
 clkload142/X
 clkload143/X
 clkload144/X
 clkload145/X
 clkload146/X
 clkload147/X
 clkload148/X
 clkload149/X
 clkload15/Y
 clkload150/X
 clkload151/X
 clkload152/X
 clkload153/X
 clkload154/X
 clkload155/X
 clkload156/X
 clkload157/X
 clkload158/X
 clkload159/X
 clkload16/X
 clkload160/X
 clkload161/X
 clkload162/X
 clkload163/X
 clkload164/X
 clkload165/X
 clkload166/X
 clkload167/Y
 clkload168/Y
 clkload169/Y
 clkload17/Y
 clkload170/Y
 clkload171/X
 clkload172/X
 clkload173/X
 clkload174/Y
 clkload175/X
 clkload176/X
 clkload177/X
 clkload178/X
 clkload179/X
 clkload18/Y
 clkload180/X
 clkload181/X
 clkload182/X
 clkload183/X
 clkload184/X
 clkload185/X
 clkload186/Y
 clkload187/Y
 clkload188/Y
 clkload189/Y
 clkload19/Y
 clkload190/Y
 clkload191/Y
 clkload192/Y
 clkload193/X
 clkload194/X
 clkload195/X
 clkload196/X
 clkload197/X
 clkload198/Y
 clkload199/X
 clkload2/Y
 clkload20/Y
 clkload200/Y
 clkload201/Y
 clkload202/X
 clkload203/X
 clkload204/Y
 clkload205/X
 clkload206/X
 clkload207/Y
 clkload208/X
 clkload209/Y
 clkload21/Y
 clkload210/X
 clkload211/X
 clkload212/X
 clkload213/Y
 clkload214/Y
 clkload215/Y
 clkload216/Y
 clkload217/X
 clkload218/X
 clkload219/Y
 clkload22/Y
 clkload220/X
 clkload221/Y
 clkload222/Y
 clkload223/X
 clkload224/X
 clkload225/X
 clkload226/X
 clkload227/X
 clkload228/X
 clkload229/X
 clkload23/Y
 clkload230/X
 clkload231/X
 clkload232/Y
 clkload233/Y
 clkload234/Y
 clkload235/Y
 clkload236/X
 clkload237/X
 clkload238/X
 clkload239/X
 clkload24/Y
 clkload240/Y
 clkload241/Y
 clkload242/Y
 clkload243/Y
 clkload244/Y
 clkload245/Y
 clkload246/X
 clkload247/Y
 clkload248/X
 clkload249/X
 clkload25/Y
 clkload250/X
 clkload251/X
 clkload252/X
 clkload253/X
 clkload254/Y
 clkload255/Y
 clkload256/Y
 clkload257/Y
 clkload258/Y
 clkload259/X
 clkload26/Y
 clkload260/X
 clkload261/Y
 clkload262/Y
 clkload263/Y
 clkload264/Y
 clkload265/X
 clkload266/X
 clkload267/X
 clkload268/X
 clkload269/X
 clkload27/X
 clkload270/X
 clkload271/X
 clkload272/X
 clkload273/X
 clkload274/X
 clkload275/X
 clkload276/X
 clkload277/X
 clkload278/X
 clkload279/X
 clkload28/X
 clkload280/X
 clkload281/X
 clkload282/Y
 clkload283/X
 clkload284/Y
 clkload285/X
 clkload286/X
 clkload287/Y
 clkload288/X
 clkload289/X
 clkload29/X
 clkload290/Y
 clkload291/Y
 clkload292/Y
 clkload293/Y
 clkload294/X
 clkload295/X
 clkload296/X
 clkload297/X
 clkload298/X
 clkload299/X
 clkload3/Y
 clkload30/Y
 clkload300/X
 clkload301/X
 clkload302/X
 clkload303/Y
 clkload304/X
 clkload305/X
 clkload306/Y
 clkload307/Y
 clkload308/X
 clkload309/X
 clkload31/X
 clkload310/Y
 clkload32/X
 clkload33/X
 clkload34/X
 clkload35/X
 clkload36/X
 clkload37/X
 clkload38/X
 clkload39/X
 clkload4/Y
 clkload40/X
 clkload41/Y
 clkload42/Y
 clkload43/X
 clkload44/X
 clkload45/X
 clkload46/X
 clkload47/X
 clkload48/X
 clkload49/X
 clkload5/Y
 clkload50/X
 clkload51/X
 clkload52/Y
 clkload53/X
 clkload54/X
 clkload55/X
 clkload56/X
 clkload57/Y
 clkload58/X
 clkload59/X
 clkload6/Y
 clkload60/X
 clkload61/X
 clkload62/X
 clkload63/X
 clkload64/X
 clkload65/Y
 clkload66/X
 clkload67/Y
 clkload68/Y
 clkload69/X
 clkload7/Y
 clkload70/X
 clkload71/X
 clkload72/X
 clkload73/Y
 clkload74/X
 clkload75/X
 clkload76/X
 clkload77/X
 clkload78/X
 clkload79/X
 clkload8/Y
 clkload80/X
 clkload81/X
 clkload82/X
 clkload83/X
 clkload84/Y
 clkload85/X
 clkload86/X
 clkload87/X
 clkload88/Y
 clkload89/Y
 clkload9/Y
 clkload90/Y
 clkload91/Y
 clkload92/X
 clkload93/Y
 clkload94/X
 clkload95/Y
 clkload96/Y
 clkload97/Y
 clkload98/Y
 clkload99/Y
Found 0 partially unannotated drivers.

===========================================================================
max slew violation count 0
max fanout violation count 0
max cap violation count 0
============================================================================

===========================================================================
check_setup -verbose -unconstrained_endpoints -multiple_clock -no_clock -no_input_delay -loops -generated_clocks
===========================================================================
