Clock: clk
Sources: clk 
Generated: no
Virtual: yes
Propagated: no
Period: 25.000000

===========================================================================
report_clock_properties
============================================================================
Clock                   Period          Waveform
----------------------------------------------------
clk                  25.000000    0.000000 12.500000

===========================================================================
report_clock_latency
============================================================================
Clock clk
rise -> rise
    min     max
0.000000 0.000000 source latency
2.027021         network latency _48453_/CLK
        2.168422 network latency _49020_/CLK
---------------
2.027021 2.168422 latency
        0.141402 skew

fall -> fall
    min     max
0.000000 0.000000 source latency
1.912521         network latency _48453_/CLK
        2.015489 network latency _47001_/CLK
---------------
1.912521 2.015489 latency
        0.102968 skew



===========================================================================
report_clock_min_period
============================================================================
clk period_min = 27.34 fmax = 36.58
