
===========================================================================
report_checks -unconstrained
===========================================================================
======================= nom_ss_100C_1v60 Corner ===================================

Startpoint: rst_n (input port clocked by clk)
Endpoint: _47174_ (recovery check against rising-edge clock clk)
Path Group: asynchronous
Path Type: max

Fanout         Cap        Slew       Delay        Time   Description
---------------------------------------------------------------------------------------------
                                  0.000000    0.000000   clock clk (rise edge)
                                  0.000000    0.000000   clock network delay (propagated)
                                 12.500000   12.500000 ^ input external delay
     2    0.003873    0.000000    0.000000   12.500000 ^ rst_n (in)
                                                         rst_n (net)
                      0.000160    0.000080   12.500079 ^ input9/A (sky130_fd_sc_hd__buf_2)
     2    0.081097    0.622600    0.544228   13.044308 ^ input9/X (sky130_fd_sc_hd__buf_2)
                                                         net9 (net)
                      0.622600    0.000087   13.044394 ^ max_cap1892/A (sky130_fd_sc_hd__buf_4)
     3    0.062419    0.283482    0.595024   13.639418 ^ max_cap1892/X (sky130_fd_sc_hd__buf_4)
                                                         net1892 (net)
                      0.283484    0.001561   13.640979 ^ fanout1429/A (sky130_fd_sc_hd__clkdlybuf4s25_1)
     4    0.031906    0.517262    0.874853   14.515832 ^ fanout1429/X (sky130_fd_sc_hd__clkdlybuf4s25_1)
                                                         net1429 (net)
                      0.517263    0.002045   14.517877 ^ wire1432/A (sky130_fd_sc_hd__clkbuf_4)
     6    0.060408    0.294589    0.610084   15.127960 ^ wire1432/X (sky130_fd_sc_hd__clkbuf_4)
                                                         net1432 (net)
                      0.294698    0.005448   15.133408 ^ fanout1416/A (sky130_fd_sc_hd__clkdlybuf4s25_1)
     6    0.040208    0.647225    0.970379   16.103786 ^ fanout1416/X (sky130_fd_sc_hd__clkdlybuf4s25_1)
                                                         net1416 (net)
                      0.647227    0.002434   16.106220 ^ load_slew1417/A (sky130_fd_sc_hd__clkbuf_4)
     7    0.043654    0.224082    0.612669   16.718889 ^ load_slew1417/X (sky130_fd_sc_hd__clkbuf_4)
                                                         net1417 (net)
                      0.224127    0.003141   16.722031 ^ fanout1413/A (sky130_fd_sc_hd__clkdlybuf4s25_1)
     4    0.022654    0.374172    0.751973   17.474003 ^ fanout1413/X (sky130_fd_sc_hd__clkdlybuf4s25_1)
                                                         net1413 (net)
                      0.374172    0.000245   17.474249 ^ load_slew1415/A (sky130_fd_sc_hd__buf_4)
     7    0.043799    0.205588    0.440183   17.914431 ^ load_slew1415/X (sky130_fd_sc_hd__buf_4)
                                                         net1415 (net)
                      0.205588    0.000620   17.915051 ^ fanout1401/A (sky130_fd_sc_hd__clkdlybuf4s25_1)
     5    0.022384    0.369946    0.740789   18.655840 ^ fanout1401/X (sky130_fd_sc_hd__clkdlybuf4s25_1)
                                                         net1401 (net)
                      0.369946    0.000075   18.655914 ^ fanout1397/A (sky130_fd_sc_hd__clkdlybuf4s25_1)
     4    0.017854    0.299972    0.751076   19.406990 ^ fanout1397/X (sky130_fd_sc_hd__clkdlybuf4s25_1)
                                                         net1397 (net)
                      0.299972    0.000515   19.407505 ^ load_slew1400/A (sky130_fd_sc_hd__clkbuf_4)
     9    0.038367    0.198126    0.446102   19.853607 ^ load_slew1400/X (sky130_fd_sc_hd__clkbuf_4)
                                                         net1400 (net)
                      0.198129    0.001114   19.854721 ^ load_slew1399/A (sky130_fd_sc_hd__clkbuf_4)
     8    0.034645    0.181261    0.388830   20.243551 ^ load_slew1399/X (sky130_fd_sc_hd__clkbuf_4)
                                                         net1399 (net)
                      0.181262    0.000922   20.244473 ^ _47174_/RESET_B (sky130_fd_sc_hd__dfrtp_2)
                                             20.244473   data arrival time

                                 25.000000   25.000000   clock clk (rise edge)
                                  0.000000   25.000000   clock source latency
     2    0.119468    0.610000    0.000000   25.000000 ^ clk (in)
                                                         clk (net)
                      0.680105    0.035053   25.035051 ^ clkbuf_0_clk/A (sky130_fd_sc_hd__clkbuf_16)
     5    0.149728    0.250032    0.618170   25.653223 ^ clkbuf_0_clk/X (sky130_fd_sc_hd__clkbuf_16)
                                                         clknet_0_clk (net)
                      0.250272    0.007077   25.660299 ^ clkbuf_2_0_0_clk/A (sky130_fd_sc_hd__clkbuf_8)
     8    0.210200    0.553283    0.659229   26.319529 ^ clkbuf_2_0_0_clk/X (sky130_fd_sc_hd__clkbuf_8)
                                                         clknet_2_0_0_clk (net)
                      0.554107    0.017740   26.337269 ^ clkbuf_5_2__f_clk/A (sky130_fd_sc_hd__clkbuf_16)
    13    0.124433    0.213416    0.546372   26.883640 ^ clkbuf_5_2__f_clk/X (sky130_fd_sc_hd__clkbuf_16)
                                                         clknet_5_2__leaf_clk (net)
                      0.213527    0.004547   26.888189 ^ clkbuf_leaf_30_clk/A (sky130_fd_sc_hd__clkbuf_8)
    11    0.035841    0.119936    0.336112   27.224300 ^ clkbuf_leaf_30_clk/X (sky130_fd_sc_hd__clkbuf_8)
                                                         clknet_leaf_30_clk (net)
                      0.119936    0.000137   27.224438 ^ _47174_/CLK (sky130_fd_sc_hd__dfrtp_2)
                                 -0.100000   27.124437   clock uncertainty
                                  0.000000   27.124437   clock reconvergence pessimism
                                  0.413851   27.538288   library recovery time
                                             27.538288   data required time
---------------------------------------------------------------------------------------------
                                             27.538288   data required time
                                            -20.244473   data arrival time
---------------------------------------------------------------------------------------------
                                              7.293816   slack (MET)


Startpoint: _48227_ (rising edge-triggered flip-flop clocked by clk)
Endpoint: _48693_ (rising edge-triggered flip-flop clocked by clk)
Path Group: clk
Path Type: max

Fanout         Cap        Slew       Delay        Time   Description
---------------------------------------------------------------------------------------------
                                  0.000000    0.000000   clock clk (rise edge)
                                  0.000000    0.000000   clock source latency
     2    0.119468    0.610000    0.000000    0.000000 ^ clk (in)
                                                         clk (net)
                      0.680105    0.035053    0.035053 ^ clkbuf_0_clk/A (sky130_fd_sc_hd__clkbuf_16)
     5    0.149728    0.250032    0.618172    0.653224 ^ clkbuf_0_clk/X (sky130_fd_sc_hd__clkbuf_16)
                                                         clknet_0_clk (net)
                      0.250639    0.010707    0.663931 ^ clkbuf_2_2_0_clk/A (sky130_fd_sc_hd__clkbuf_8)
     8    0.195935    0.513933    0.637962    1.301892 ^ clkbuf_2_2_0_clk/X (sky130_fd_sc_hd__clkbuf_8)
                                                         clknet_2_2_0_clk (net)
                      0.514175    0.009359    1.311252 ^ clkbuf_5_19__f_clk/A (sky130_fd_sc_hd__clkbuf_16)
    14    0.123610    0.211824    0.528782    1.840034 ^ clkbuf_5_19__f_clk/X (sky130_fd_sc_hd__clkbuf_16)
                                                         clknet_5_19__leaf_clk (net)
                      0.212360    0.007364    1.847398 ^ clkbuf_leaf_267_clk/A (sky130_fd_sc_hd__clkbuf_8)
    11    0.032381    0.111602    0.329023    2.176422 ^ clkbuf_leaf_267_clk/X (sky130_fd_sc_hd__clkbuf_8)
                                                         clknet_leaf_267_clk (net)
                      0.111603    0.000554    2.176975 ^ _48227_/CLK (sky130_fd_sc_hd__dfxtp_2)
     4    0.068840    0.545544    1.022082    3.199057 ^ _48227_/Q (sky130_fd_sc_hd__dfxtp_2)
                                                         tick_pulse_r_ctrl (net)
                      0.545548    0.002888    3.201946 ^ max_cap1126/A (sky130_fd_sc_hd__buf_6)
     5    0.109606    0.348518    0.556724    3.758669 ^ max_cap1126/X (sky130_fd_sc_hd__buf_6)
                                                         net1126 (net)
                      0.350393    0.020783    3.779452 ^ fanout1121/A (sky130_fd_sc_hd__clkdlybuf4s25_1)
     3    0.011208    0.198458    0.670499    4.449952 ^ fanout1121/X (sky130_fd_sc_hd__clkdlybuf4s25_1)
                                                         net1121 (net)
                      0.198458    0.000215    4.450167 ^ load_slew1125/A (sky130_fd_sc_hd__clkbuf_4)
     6    0.070602    0.339919    0.499003    4.949170 ^ load_slew1125/X (sky130_fd_sc_hd__clkbuf_4)
                                                         net1125 (net)
                      0.340688    0.013267    4.962436 ^ fanout1112/A (sky130_fd_sc_hd__clkdlybuf4s25_1)
     4    0.029017    0.472572    0.863366    5.825803 ^ fanout1112/X (sky130_fd_sc_hd__clkdlybuf4s25_1)
                                                         net1112 (net)
                      0.472572    0.000075    5.825878 ^ load_slew1117/A (sky130_fd_sc_hd__buf_4)
     6    0.037347    0.180641    0.460659    6.286537 ^ load_slew1117/X (sky130_fd_sc_hd__buf_4)
                                                         net1117 (net)
                      0.180660    0.001947    6.288485 ^ load_slew1116/A (sky130_fd_sc_hd__clkbuf_4)
     6    0.039612    0.203072    0.395894    6.684379 ^ load_slew1116/X (sky130_fd_sc_hd__clkbuf_4)
                                                         net1116 (net)
                      0.203106    0.002650    6.687028 ^ load_slew1115/A (sky130_fd_sc_hd__buf_2)
     6    0.035244    0.279885    0.410164    7.097192 ^ load_slew1115/X (sky130_fd_sc_hd__buf_2)
                                                         net1115 (net)
                      0.279897    0.002129    7.099321 ^ load_slew1113/A (sky130_fd_sc_hd__buf_4)
     3    0.037889    0.180467    0.384622    7.483943 ^ load_slew1113/X (sky130_fd_sc_hd__buf_4)
                                                         net1113 (net)
                      0.180519    0.002943    7.486886 ^ _44054_/A (sky130_fd_sc_hd__inv_8)
    10    0.063902    0.090235    0.141785    7.628671 v _44054_/Y (sky130_fd_sc_hd__inv_8)
                                                         _19888_ (net)
                      0.090263    0.001299    7.629971 v _44055_/A (sky130_fd_sc_hd__buf_4)
    10    0.117712    0.265549    0.444803    8.074774 v _44055_/X (sky130_fd_sc_hd__buf_4)
                                                         _19889_ (net)
                      0.265948    0.008535    8.083308 v _44822_/B (sky130_fd_sc_hd__nor2_2)
     1    0.005079    0.150936    0.224899    8.308208 ^ _44822_/Y (sky130_fd_sc_hd__nor2_2)
                                                         _20566_ (net)
                      0.150936    0.000150    8.308358 ^ _44825_/B (sky130_fd_sc_hd__nand3_2)
     2    0.011945    0.228843    0.247797    8.556155 v _44825_/Y (sky130_fd_sc_hd__nand3_2)
                                                         _20569_ (net)
                      0.228843    0.000373    8.556528 v _44826_/A (sky130_fd_sc_hd__nand2_2)
     2    0.009546    0.111857    0.189954    8.746482 ^ _44826_/Y (sky130_fd_sc_hd__nand2_2)
                                                         _20570_ (net)
                      0.111857    0.000087    8.746569 ^ _44830_/A (sky130_fd_sc_hd__nand3_2)
     1    0.005922    0.124441    0.148767    8.895336 v _44830_/Y (sky130_fd_sc_hd__nand3_2)
                                                         _20574_ (net)
                      0.124441    0.000212    8.895549 v _44831_/B (sky130_fd_sc_hd__nor2_2)
     1    0.005956    0.151211    0.180295    9.075844 ^ _44831_/Y (sky130_fd_sc_hd__nor2_2)
                                                         _20575_ (net)
                      0.151211    0.000197    9.076040 ^ _44832_/B (sky130_fd_sc_hd__nand2_2)
     2    0.016231    0.154877    0.201969    9.278009 v _44832_/Y (sky130_fd_sc_hd__nand2_2)
                                                         _20576_ (net)
                      0.154878    0.000675    9.278685 v _44868_/A (sky130_fd_sc_hd__nor2_4)
     1    0.009325    0.144604    0.230327    9.509011 ^ _44868_/Y (sky130_fd_sc_hd__nor2_4)
                                                         _20612_ (net)
                      0.144604    0.000194    9.509205 ^ _44941_/A (sky130_fd_sc_hd__nand3_4)
     3    0.037467    0.301014    0.288029    9.797235 v _44941_/Y (sky130_fd_sc_hd__nand3_4)
                                                         _20685_ (net)
                      0.301189    0.003359    9.800593 v _45366_/A (sky130_fd_sc_hd__inv_2)
     6    0.086108    0.618334    0.585223   10.385816 ^ _45366_/Y (sky130_fd_sc_hd__inv_2)
                                                         _21104_ (net)
                      0.618564    0.009985   10.395801 ^ _45454_/A (sky130_fd_sc_hd__buf_6)
    10    0.121413    0.381630    0.609891   11.005692 ^ _45454_/X (sky130_fd_sc_hd__buf_6)
                                                         _21192_ (net)
                      0.381654    0.002583   11.008275 ^ _23137_/A (sky130_fd_sc_hd__buf_4)
    10    0.165652    0.718126    0.792569   11.800843 ^ _23137_/X (sky130_fd_sc_hd__buf_4)
                                                         _22004_ (net)
                      0.719736    0.028192   11.829035 ^ _23269_/A (sky130_fd_sc_hd__buf_4)
    10    0.141942    0.612715    0.855229   12.684264 ^ _23269_/X (sky130_fd_sc_hd__buf_4)
                                                         _22136_ (net)
                      0.612893    0.008787   12.693050 ^ _23726_/A (sky130_fd_sc_hd__buf_2)
     5    0.074944    0.574152    0.778083   13.471134 ^ _23726_/X (sky130_fd_sc_hd__buf_2)
                                                         _22593_ (net)
                      0.574550    0.009051   13.480186 ^ max_cap342/A (sky130_fd_sc_hd__clkbuf_8)
     6    0.115212    0.321196    0.619933   14.100118 ^ max_cap342/X (sky130_fd_sc_hd__clkbuf_8)
                                                         net342 (net)
                      0.325824    0.030977   14.131095 ^ _25961_/A (sky130_fd_sc_hd__buf_2)
    10    0.065655    0.505022    0.620744   14.751840 ^ _25961_/X (sky130_fd_sc_hd__buf_2)
                                                         _04777_ (net)
                      0.505022    0.001532   14.753371 ^ _25977_/A (sky130_fd_sc_hd__buf_2)
    10    0.078560    0.601469    0.755173   15.508544 ^ _25977_/X (sky130_fd_sc_hd__buf_2)
                                                         _04793_ (net)
                      0.601750    0.006727   15.515271 ^ _27026_/A (sky130_fd_sc_hd__clkbuf_2)
     4    0.035465    0.306833    0.573266   16.088537 ^ _27026_/X (sky130_fd_sc_hd__clkbuf_2)
                                                         _05842_ (net)
                      0.306854    0.002755   16.091291 ^ max_cap249/A (sky130_fd_sc_hd__buf_6)
     7    0.107320    0.339156    0.473897   16.565189 ^ max_cap249/X (sky130_fd_sc_hd__buf_6)
                                                         net249 (net)
                      0.339426    0.007981   16.573170 ^ _28364_/A (sky130_fd_sc_hd__buf_2)
    10    0.107292    0.816401    0.840432   17.413601 ^ _28364_/X (sky130_fd_sc_hd__buf_2)
                                                         _07180_ (net)
                      0.816690    0.012852   17.426455 ^ _29334_/A (sky130_fd_sc_hd__and2_2)
     1    0.009782    0.124945    0.579682   18.006136 ^ _29334_/X (sky130_fd_sc_hd__and2_2)
                                                         _08150_ (net)
                      0.124945    0.000432   18.006567 ^ _29335_/A (sky130_fd_sc_hd__clkbuf_2)
     9    0.083639    0.696626    0.654140   18.660707 ^ _29335_/X (sky130_fd_sc_hd__clkbuf_2)
                                                         _08151_ (net)
                      0.696669    0.004658   18.665365 ^ _29384_/A (sky130_fd_sc_hd__nor2_2)
     3    0.019245    0.188100    0.349104   19.014469 v _29384_/Y (sky130_fd_sc_hd__nor2_2)
                                                         _08200_ (net)
                      0.188102    0.000959   19.015429 v _29386_/A (sky130_fd_sc_hd__nand2_2)
     1    0.002392    0.073865    0.122894   19.138321 ^ _29386_/Y (sky130_fd_sc_hd__nand2_2)
                                                         _08202_ (net)
                      0.073865    0.000073   19.138395 ^ _29387_/B_N (sky130_fd_sc_hd__or2b_2)
     2    0.006175    0.127350    0.689546   19.827940 v _29387_/X (sky130_fd_sc_hd__or2b_2)
                                                         _08203_ (net)
                      0.127350    0.000158   19.828098 v _29388_/B (sky130_fd_sc_hd__or2_2)
     1    0.003688    0.114936    0.646114   20.474213 v _29388_/X (sky130_fd_sc_hd__or2_2)
                                                         _08204_ (net)
                      0.114936    0.000119   20.474333 v _29389_/B1 (sky130_fd_sc_hd__a21o_2)
     1    0.002972    0.057768    0.352358   20.826691 v _29389_/X (sky130_fd_sc_hd__a21o_2)
                                                         _08205_ (net)
                      0.057768    0.000087   20.826777 v _29390_/B1 (sky130_fd_sc_hd__a31o_2)
     2    0.005669    0.077572    0.403269   21.230045 v _29390_/X (sky130_fd_sc_hd__a31o_2)
                                                         _08206_ (net)
                      0.077572    0.000194   21.230240 v _29391_/C1 (sky130_fd_sc_hd__a211o_2)
     2    0.008559    0.110870    0.552369   21.782608 v _29391_/X (sky130_fd_sc_hd__a211o_2)
                                                         _08207_ (net)
                      0.110870    0.000162   21.782770 v _29408_/A_N (sky130_fd_sc_hd__and3b_2)
     2    0.023242    0.223071    0.624292   22.407063 ^ _29408_/X (sky130_fd_sc_hd__and3b_2)
                                                         _08224_ (net)
                      0.223074    0.001354   22.408415 ^ _29493_/B (sky130_fd_sc_hd__and4_2)
     1    0.012154    0.171074    0.579130   22.987545 ^ _29493_/X (sky130_fd_sc_hd__and4_2)
                                                         _08309_ (net)
                      0.171075    0.000783   22.988329 ^ _29494_/B1_N (sky130_fd_sc_hd__a21boi_2)
     1    0.010345    0.249503    0.389479   23.377808 ^ _29494_/Y (sky130_fd_sc_hd__a21boi_2)
                                                         _08310_ (net)
                      0.249503    0.000448   23.378254 ^ _29495_/D1 (sky130_fd_sc_hd__a2111oi_2)
     1    0.006003    0.136487    0.141119   23.519373 v _29495_/Y (sky130_fd_sc_hd__a2111oi_2)
                                                         _08311_ (net)
                      0.136487    0.000222   23.519596 v wire59/A (sky130_fd_sc_hd__clkdlybuf4s25_1)
     1    0.008728    0.144899    0.551211   24.070807 v wire59/X (sky130_fd_sc_hd__clkdlybuf4s25_1)
                                                         net59 (net)
                      0.144899    0.000368   24.071175 v wire58/A (sky130_fd_sc_hd__clkdlybuf4s25_1)
     1    0.008117    0.137436    0.548679   24.619854 v wire58/X (sky130_fd_sc_hd__clkdlybuf4s25_1)
                                                         net58 (net)
                      0.137436    0.000343   24.620197 v wire57/A (sky130_fd_sc_hd__clkbuf_1)
     1    0.007457    0.098167    0.232204   24.852400 v wire57/X (sky130_fd_sc_hd__clkbuf_1)
                                                         net57 (net)
                      0.098167    0.000298   24.852699 v _29497_/B1 (sky130_fd_sc_hd__o2111ai_2)
     3    0.016159    0.434463    0.214024   25.066723 ^ _29497_/Y (sky130_fd_sc_hd__o2111ai_2)
                                                         _08313_ (net)
                      0.434463    0.000375   25.067097 ^ max_cap48/A (sky130_fd_sc_hd__clkbuf_2)
     2    0.014487    0.139773    0.390234   25.457331 ^ max_cap48/X (sky130_fd_sc_hd__clkbuf_2)
                                                         net48 (net)
                      0.139773    0.000322   25.457653 ^ max_cap47/A (sky130_fd_sc_hd__clkbuf_2)
     2    0.014811    0.138984    0.273477   25.731131 ^ max_cap47/X (sky130_fd_sc_hd__clkbuf_2)
                                                         net47 (net)
                      0.138984    0.000412   25.731543 ^ _29501_/B (sky130_fd_sc_hd__nand3_4)
     9    0.066098    0.468280    0.443572   26.175114 v _29501_/Y (sky130_fd_sc_hd__nand3_4)
                                                         _08317_ (net)
                      0.468284    0.001158   26.176273 v _29943_/A (sky130_fd_sc_hd__inv_2)
     2    0.016588    0.195070    0.303636   26.479908 ^ _29943_/Y (sky130_fd_sc_hd__inv_2)
                                                         _08685_ (net)
                      0.195070    0.000343   26.480251 ^ _29945_/A (sky130_fd_sc_hd__nand2_2)
     3    0.060956    0.511772    0.471015   26.951267 v _29945_/Y (sky130_fd_sc_hd__nand2_2)
                                                         _08687_ (net)
                      0.511792    0.002700   26.953966 v _29950_/A (sky130_fd_sc_hd__nor2_2)
     2    0.037571    0.673245    0.761368   27.715334 ^ _29950_/Y (sky130_fd_sc_hd__nor2_2)
                                                         _08692_ (net)
                      0.673443    0.003217   27.718552 ^ _30568_/A (sky130_fd_sc_hd__nand2_2)
     9    0.055121    0.499017    0.636300   28.354851 v _30568_/Y (sky130_fd_sc_hd__nand2_2)
                                                         _09236_ (net)
                      0.499038    0.003507   28.358358 v _30585_/A (sky130_fd_sc_hd__inv_2)
     3    0.007170    0.141354    0.231884   28.590242 ^ _30585_/Y (sky130_fd_sc_hd__inv_2)
                                                         _09252_ (net)
                      0.141354    0.000163   28.590406 ^ _30586_/A (sky130_fd_sc_hd__buf_2)
    10    0.099482    0.758890    0.714424   29.304831 ^ _30586_/X (sky130_fd_sc_hd__buf_2)
                                                         _09253_ (net)
                      0.759200    0.012809   29.317638 ^ _30708_/A (sky130_fd_sc_hd__nand2_2)
     1    0.006974    0.181759    0.290335   29.607973 v _30708_/Y (sky130_fd_sc_hd__nand2_2)
                                                         _09360_ (net)
                      0.181759    0.000265   29.608238 v _30710_/A (sky130_fd_sc_hd__nand3_2)
     1    0.005173    0.146687    0.147903   29.756142 ^ _30710_/Y (sky130_fd_sc_hd__nand3_2)
                                                         _09362_ (net)
                      0.146687    0.000110   29.756252 ^ _30713_/A1 (sky130_fd_sc_hd__a31oi_2)
     1    0.027180    0.436628    0.406494   30.162746 v _30713_/Y (sky130_fd_sc_hd__a31oi_2)
                                                         _00763_ (net)
                      0.436628    0.000874   30.163620 v _48693_/D (sky130_fd_sc_hd__dfrtp_2)
                                             30.163620   data arrival time

                                 25.000000   25.000000   clock clk (rise edge)
                                  0.000000   25.000000   clock source latency
     2    0.119468    0.610000    0.000000   25.000000 ^ clk (in)
                                                         clk (net)
                      0.680105    0.035053   25.035051 ^ clkbuf_0_clk/A (sky130_fd_sc_hd__clkbuf_16)
     5    0.149728    0.250032    0.618170   25.653223 ^ clkbuf_0_clk/X (sky130_fd_sc_hd__clkbuf_16)
                                                         clknet_0_clk (net)
                      0.250302    0.007448   25.660671 ^ clkbuf_2_1_0_clk/A (sky130_fd_sc_hd__clkbuf_8)
     8    0.196352    0.517901    0.636430   26.297100 ^ clkbuf_2_1_0_clk/X (sky130_fd_sc_hd__clkbuf_8)
                                                         clknet_2_1_0_clk (net)
                      0.519451    0.023224   26.320324 ^ clkbuf_5_15__f_clk/A (sky130_fd_sc_hd__clkbuf_16)
    13    0.144170    0.240606    0.553454   26.873779 ^ clkbuf_5_15__f_clk/X (sky130_fd_sc_hd__clkbuf_16)
                                                         clknet_5_15__leaf_clk (net)
                      0.240775    0.005835   26.879614 ^ clkbuf_leaf_154_clk/A (sky130_fd_sc_hd__clkbuf_8)
     8    0.033340    0.114176    0.343297   27.222912 ^ clkbuf_leaf_154_clk/X (sky130_fd_sc_hd__clkbuf_8)
                                                         clknet_leaf_154_clk (net)
                      0.114177    0.000561   27.223473 ^ _48693_/CLK (sky130_fd_sc_hd__dfrtp_2)
                                 -0.100000   27.123472   clock uncertainty
                                  0.000000   27.123472   clock reconvergence pessimism
                                 -0.417886   26.705585   library setup time
                                             26.705585   data required time
---------------------------------------------------------------------------------------------
                                             26.705585   data required time
                                            -30.163620   data arrival time
---------------------------------------------------------------------------------------------
                                             -3.458034   slack (VIOLATED)




===========================================================================
report_checks --slack_max -0.01
============================================================================
======================= nom_ss_100C_1v60 Corner ===================================

Startpoint: _48227_ (rising edge-triggered flip-flop clocked by clk)
Endpoint: _48693_ (rising edge-triggered flip-flop clocked by clk)
Path Group: clk
Path Type: max

Fanout         Cap        Slew       Delay        Time   Description
---------------------------------------------------------------------------------------------
                                  0.000000    0.000000   clock clk (rise edge)
                                  0.000000    0.000000   clock source latency
     2    0.119468    0.610000    0.000000    0.000000 ^ clk (in)
                                                         clk (net)
                      0.680105    0.035053    0.035053 ^ clkbuf_0_clk/A (sky130_fd_sc_hd__clkbuf_16)
     5    0.149728    0.250032    0.618172    0.653224 ^ clkbuf_0_clk/X (sky130_fd_sc_hd__clkbuf_16)
                                                         clknet_0_clk (net)
                      0.250639    0.010707    0.663931 ^ clkbuf_2_2_0_clk/A (sky130_fd_sc_hd__clkbuf_8)
     8    0.195935    0.513933    0.637962    1.301892 ^ clkbuf_2_2_0_clk/X (sky130_fd_sc_hd__clkbuf_8)
                                                         clknet_2_2_0_clk (net)
                      0.514175    0.009359    1.311252 ^ clkbuf_5_19__f_clk/A (sky130_fd_sc_hd__clkbuf_16)
    14    0.123610    0.211824    0.528782    1.840034 ^ clkbuf_5_19__f_clk/X (sky130_fd_sc_hd__clkbuf_16)
                                                         clknet_5_19__leaf_clk (net)
                      0.212360    0.007364    1.847398 ^ clkbuf_leaf_267_clk/A (sky130_fd_sc_hd__clkbuf_8)
    11    0.032381    0.111602    0.329023    2.176422 ^ clkbuf_leaf_267_clk/X (sky130_fd_sc_hd__clkbuf_8)
                                                         clknet_leaf_267_clk (net)
                      0.111603    0.000554    2.176975 ^ _48227_/CLK (sky130_fd_sc_hd__dfxtp_2)
     4    0.068840    0.545544    1.022082    3.199057 ^ _48227_/Q (sky130_fd_sc_hd__dfxtp_2)
                                                         tick_pulse_r_ctrl (net)
                      0.545548    0.002888    3.201946 ^ max_cap1126/A (sky130_fd_sc_hd__buf_6)
     5    0.109606    0.348518    0.556724    3.758669 ^ max_cap1126/X (sky130_fd_sc_hd__buf_6)
                                                         net1126 (net)
                      0.350393    0.020783    3.779452 ^ fanout1121/A (sky130_fd_sc_hd__clkdlybuf4s25_1)
     3    0.011208    0.198458    0.670499    4.449952 ^ fanout1121/X (sky130_fd_sc_hd__clkdlybuf4s25_1)
                                                         net1121 (net)
                      0.198458    0.000215    4.450167 ^ load_slew1125/A (sky130_fd_sc_hd__clkbuf_4)
     6    0.070602    0.339919    0.499003    4.949170 ^ load_slew1125/X (sky130_fd_sc_hd__clkbuf_4)
                                                         net1125 (net)
                      0.340688    0.013267    4.962436 ^ fanout1112/A (sky130_fd_sc_hd__clkdlybuf4s25_1)
     4    0.029017    0.472572    0.863366    5.825803 ^ fanout1112/X (sky130_fd_sc_hd__clkdlybuf4s25_1)
                                                         net1112 (net)
                      0.472572    0.000075    5.825878 ^ load_slew1117/A (sky130_fd_sc_hd__buf_4)
     6    0.037347    0.180641    0.460659    6.286537 ^ load_slew1117/X (sky130_fd_sc_hd__buf_4)
                                                         net1117 (net)
                      0.180660    0.001947    6.288485 ^ load_slew1116/A (sky130_fd_sc_hd__clkbuf_4)
     6    0.039612    0.203072    0.395894    6.684379 ^ load_slew1116/X (sky130_fd_sc_hd__clkbuf_4)
                                                         net1116 (net)
                      0.203106    0.002650    6.687028 ^ load_slew1115/A (sky130_fd_sc_hd__buf_2)
     6    0.035244    0.279885    0.410164    7.097192 ^ load_slew1115/X (sky130_fd_sc_hd__buf_2)
                                                         net1115 (net)
                      0.279897    0.002129    7.099321 ^ load_slew1113/A (sky130_fd_sc_hd__buf_4)
     3    0.037889    0.180467    0.384622    7.483943 ^ load_slew1113/X (sky130_fd_sc_hd__buf_4)
                                                         net1113 (net)
                      0.180519    0.002943    7.486886 ^ _44054_/A (sky130_fd_sc_hd__inv_8)
    10    0.063902    0.090235    0.141785    7.628671 v _44054_/Y (sky130_fd_sc_hd__inv_8)
                                                         _19888_ (net)
                      0.090263    0.001299    7.629971 v _44055_/A (sky130_fd_sc_hd__buf_4)
    10    0.117712    0.265549    0.444803    8.074774 v _44055_/X (sky130_fd_sc_hd__buf_4)
                                                         _19889_ (net)
                      0.265948    0.008535    8.083308 v _44822_/B (sky130_fd_sc_hd__nor2_2)
     1    0.005079    0.150936    0.224899    8.308208 ^ _44822_/Y (sky130_fd_sc_hd__nor2_2)
                                                         _20566_ (net)
                      0.150936    0.000150    8.308358 ^ _44825_/B (sky130_fd_sc_hd__nand3_2)
     2    0.011945    0.228843    0.247797    8.556155 v _44825_/Y (sky130_fd_sc_hd__nand3_2)
                                                         _20569_ (net)
                      0.228843    0.000373    8.556528 v _44826_/A (sky130_fd_sc_hd__nand2_2)
     2    0.009546    0.111857    0.189954    8.746482 ^ _44826_/Y (sky130_fd_sc_hd__nand2_2)
                                                         _20570_ (net)
                      0.111857    0.000087    8.746569 ^ _44830_/A (sky130_fd_sc_hd__nand3_2)
     1    0.005922    0.124441    0.148767    8.895336 v _44830_/Y (sky130_fd_sc_hd__nand3_2)
                                                         _20574_ (net)
                      0.124441    0.000212    8.895549 v _44831_/B (sky130_fd_sc_hd__nor2_2)
     1    0.005956    0.151211    0.180295    9.075844 ^ _44831_/Y (sky130_fd_sc_hd__nor2_2)
                                                         _20575_ (net)
                      0.151211    0.000197    9.076040 ^ _44832_/B (sky130_fd_sc_hd__nand2_2)
     2    0.016231    0.154877    0.201969    9.278009 v _44832_/Y (sky130_fd_sc_hd__nand2_2)
                                                         _20576_ (net)
                      0.154878    0.000675    9.278685 v _44868_/A (sky130_fd_sc_hd__nor2_4)
     1    0.009325    0.144604    0.230327    9.509011 ^ _44868_/Y (sky130_fd_sc_hd__nor2_4)
                                                         _20612_ (net)
                      0.144604    0.000194    9.509205 ^ _44941_/A (sky130_fd_sc_hd__nand3_4)
     3    0.037467    0.301014    0.288029    9.797235 v _44941_/Y (sky130_fd_sc_hd__nand3_4)
                                                         _20685_ (net)
                      0.301189    0.003359    9.800593 v _45366_/A (sky130_fd_sc_hd__inv_2)
     6    0.086108    0.618334    0.585223   10.385816 ^ _45366_/Y (sky130_fd_sc_hd__inv_2)
                                                         _21104_ (net)
                      0.618564    0.009985   10.395801 ^ _45454_/A (sky130_fd_sc_hd__buf_6)
    10    0.121413    0.381630    0.609891   11.005692 ^ _45454_/X (sky130_fd_sc_hd__buf_6)
                                                         _21192_ (net)
                      0.381654    0.002583   11.008275 ^ _23137_/A (sky130_fd_sc_hd__buf_4)
    10    0.165652    0.718126    0.792569   11.800843 ^ _23137_/X (sky130_fd_sc_hd__buf_4)
                                                         _22004_ (net)
                      0.719736    0.028192   11.829035 ^ _23269_/A (sky130_fd_sc_hd__buf_4)
    10    0.141942    0.612715    0.855229   12.684264 ^ _23269_/X (sky130_fd_sc_hd__buf_4)
                                                         _22136_ (net)
                      0.612893    0.008787   12.693050 ^ _23726_/A (sky130_fd_sc_hd__buf_2)
     5    0.074944    0.574152    0.778083   13.471134 ^ _23726_/X (sky130_fd_sc_hd__buf_2)
                                                         _22593_ (net)
                      0.574550    0.009051   13.480186 ^ max_cap342/A (sky130_fd_sc_hd__clkbuf_8)
     6    0.115212    0.321196    0.619933   14.100118 ^ max_cap342/X (sky130_fd_sc_hd__clkbuf_8)
                                                         net342 (net)
                      0.325824    0.030977   14.131095 ^ _25961_/A (sky130_fd_sc_hd__buf_2)
    10    0.065655    0.505022    0.620744   14.751840 ^ _25961_/X (sky130_fd_sc_hd__buf_2)
                                                         _04777_ (net)
                      0.505022    0.001532   14.753371 ^ _25977_/A (sky130_fd_sc_hd__buf_2)
    10    0.078560    0.601469    0.755173   15.508544 ^ _25977_/X (sky130_fd_sc_hd__buf_2)
                                                         _04793_ (net)
                      0.601750    0.006727   15.515271 ^ _27026_/A (sky130_fd_sc_hd__clkbuf_2)
     4    0.035465    0.306833    0.573266   16.088537 ^ _27026_/X (sky130_fd_sc_hd__clkbuf_2)
                                                         _05842_ (net)
                      0.306854    0.002755   16.091291 ^ max_cap249/A (sky130_fd_sc_hd__buf_6)
     7    0.107320    0.339156    0.473897   16.565189 ^ max_cap249/X (sky130_fd_sc_hd__buf_6)
                                                         net249 (net)
                      0.339426    0.007981   16.573170 ^ _28364_/A (sky130_fd_sc_hd__buf_2)
    10    0.107292    0.816401    0.840432   17.413601 ^ _28364_/X (sky130_fd_sc_hd__buf_2)
                                                         _07180_ (net)
                      0.816690    0.012852   17.426455 ^ _29334_/A (sky130_fd_sc_hd__and2_2)
     1    0.009782    0.124945    0.579682   18.006136 ^ _29334_/X (sky130_fd_sc_hd__and2_2)
                                                         _08150_ (net)
                      0.124945    0.000432   18.006567 ^ _29335_/A (sky130_fd_sc_hd__clkbuf_2)
     9    0.083639    0.696626    0.654140   18.660707 ^ _29335_/X (sky130_fd_sc_hd__clkbuf_2)
                                                         _08151_ (net)
                      0.696669    0.004658   18.665365 ^ _29384_/A (sky130_fd_sc_hd__nor2_2)
     3    0.019245    0.188100    0.349104   19.014469 v _29384_/Y (sky130_fd_sc_hd__nor2_2)
                                                         _08200_ (net)
                      0.188102    0.000959   19.015429 v _29386_/A (sky130_fd_sc_hd__nand2_2)
     1    0.002392    0.073865    0.122894   19.138321 ^ _29386_/Y (sky130_fd_sc_hd__nand2_2)
                                                         _08202_ (net)
                      0.073865    0.000073   19.138395 ^ _29387_/B_N (sky130_fd_sc_hd__or2b_2)
     2    0.006175    0.127350    0.689546   19.827940 v _29387_/X (sky130_fd_sc_hd__or2b_2)
                                                         _08203_ (net)
                      0.127350    0.000158   19.828098 v _29388_/B (sky130_fd_sc_hd__or2_2)
     1    0.003688    0.114936    0.646114   20.474213 v _29388_/X (sky130_fd_sc_hd__or2_2)
                                                         _08204_ (net)
                      0.114936    0.000119   20.474333 v _29389_/B1 (sky130_fd_sc_hd__a21o_2)
     1    0.002972    0.057768    0.352358   20.826691 v _29389_/X (sky130_fd_sc_hd__a21o_2)
                                                         _08205_ (net)
                      0.057768    0.000087   20.826777 v _29390_/B1 (sky130_fd_sc_hd__a31o_2)
     2    0.005669    0.077572    0.403269   21.230045 v _29390_/X (sky130_fd_sc_hd__a31o_2)
                                                         _08206_ (net)
                      0.077572    0.000194   21.230240 v _29391_/C1 (sky130_fd_sc_hd__a211o_2)
     2    0.008559    0.110870    0.552369   21.782608 v _29391_/X (sky130_fd_sc_hd__a211o_2)
                                                         _08207_ (net)
                      0.110870    0.000162   21.782770 v _29408_/A_N (sky130_fd_sc_hd__and3b_2)
     2    0.023242    0.223071    0.624292   22.407063 ^ _29408_/X (sky130_fd_sc_hd__and3b_2)
                                                         _08224_ (net)
                      0.223074    0.001354   22.408415 ^ _29493_/B (sky130_fd_sc_hd__and4_2)
     1    0.012154    0.171074    0.579130   22.987545 ^ _29493_/X (sky130_fd_sc_hd__and4_2)
                                                         _08309_ (net)
                      0.171075    0.000783   22.988329 ^ _29494_/B1_N (sky130_fd_sc_hd__a21boi_2)
     1    0.010345    0.249503    0.389479   23.377808 ^ _29494_/Y (sky130_fd_sc_hd__a21boi_2)
                                                         _08310_ (net)
                      0.249503    0.000448   23.378254 ^ _29495_/D1 (sky130_fd_sc_hd__a2111oi_2)
     1    0.006003    0.136487    0.141119   23.519373 v _29495_/Y (sky130_fd_sc_hd__a2111oi_2)
                                                         _08311_ (net)
                      0.136487    0.000222   23.519596 v wire59/A (sky130_fd_sc_hd__clkdlybuf4s25_1)
     1    0.008728    0.144899    0.551211   24.070807 v wire59/X (sky130_fd_sc_hd__clkdlybuf4s25_1)
                                                         net59 (net)
                      0.144899    0.000368   24.071175 v wire58/A (sky130_fd_sc_hd__clkdlybuf4s25_1)
     1    0.008117    0.137436    0.548679   24.619854 v wire58/X (sky130_fd_sc_hd__clkdlybuf4s25_1)
                                                         net58 (net)
                      0.137436    0.000343   24.620197 v wire57/A (sky130_fd_sc_hd__clkbuf_1)
     1    0.007457    0.098167    0.232204   24.852400 v wire57/X (sky130_fd_sc_hd__clkbuf_1)
                                                         net57 (net)
                      0.098167    0.000298   24.852699 v _29497_/B1 (sky130_fd_sc_hd__o2111ai_2)
     3    0.016159    0.434463    0.214024   25.066723 ^ _29497_/Y (sky130_fd_sc_hd__o2111ai_2)
                                                         _08313_ (net)
                      0.434463    0.000375   25.067097 ^ max_cap48/A (sky130_fd_sc_hd__clkbuf_2)
     2    0.014487    0.139773    0.390234   25.457331 ^ max_cap48/X (sky130_fd_sc_hd__clkbuf_2)
                                                         net48 (net)
                      0.139773    0.000322   25.457653 ^ max_cap47/A (sky130_fd_sc_hd__clkbuf_2)
     2    0.014811    0.138984    0.273477   25.731131 ^ max_cap47/X (sky130_fd_sc_hd__clkbuf_2)
                                                         net47 (net)
                      0.138984    0.000412   25.731543 ^ _29501_/B (sky130_fd_sc_hd__nand3_4)
     9    0.066098    0.468280    0.443572   26.175114 v _29501_/Y (sky130_fd_sc_hd__nand3_4)
                                                         _08317_ (net)
                      0.468284    0.001158   26.176273 v _29943_/A (sky130_fd_sc_hd__inv_2)
     2    0.016588    0.195070    0.303636   26.479908 ^ _29943_/Y (sky130_fd_sc_hd__inv_2)
                                                         _08685_ (net)
                      0.195070    0.000343   26.480251 ^ _29945_/A (sky130_fd_sc_hd__nand2_2)
     3    0.060956    0.511772    0.471015   26.951267 v _29945_/Y (sky130_fd_sc_hd__nand2_2)
                                                         _08687_ (net)
                      0.511792    0.002700   26.953966 v _29950_/A (sky130_fd_sc_hd__nor2_2)
     2    0.037571    0.673245    0.761368   27.715334 ^ _29950_/Y (sky130_fd_sc_hd__nor2_2)
                                                         _08692_ (net)
                      0.673443    0.003217   27.718552 ^ _30568_/A (sky130_fd_sc_hd__nand2_2)
     9    0.055121    0.499017    0.636300   28.354851 v _30568_/Y (sky130_fd_sc_hd__nand2_2)
                                                         _09236_ (net)
                      0.499038    0.003507   28.358358 v _30585_/A (sky130_fd_sc_hd__inv_2)
     3    0.007170    0.141354    0.231884   28.590242 ^ _30585_/Y (sky130_fd_sc_hd__inv_2)
                                                         _09252_ (net)
                      0.141354    0.000163   28.590406 ^ _30586_/A (sky130_fd_sc_hd__buf_2)
    10    0.099482    0.758890    0.714424   29.304831 ^ _30586_/X (sky130_fd_sc_hd__buf_2)
                                                         _09253_ (net)
                      0.759200    0.012809   29.317638 ^ _30708_/A (sky130_fd_sc_hd__nand2_2)
     1    0.006974    0.181759    0.290335   29.607973 v _30708_/Y (sky130_fd_sc_hd__nand2_2)
                                                         _09360_ (net)
                      0.181759    0.000265   29.608238 v _30710_/A (sky130_fd_sc_hd__nand3_2)
     1    0.005173    0.146687    0.147903   29.756142 ^ _30710_/Y (sky130_fd_sc_hd__nand3_2)
                                                         _09362_ (net)
                      0.146687    0.000110   29.756252 ^ _30713_/A1 (sky130_fd_sc_hd__a31oi_2)
     1    0.027180    0.436628    0.406494   30.162746 v _30713_/Y (sky130_fd_sc_hd__a31oi_2)
                                                         _00763_ (net)
                      0.436628    0.000874   30.163620 v _48693_/D (sky130_fd_sc_hd__dfrtp_2)
                                             30.163620   data arrival time

                                 25.000000   25.000000   clock clk (rise edge)
                                  0.000000   25.000000   clock source latency
     2    0.119468    0.610000    0.000000   25.000000 ^ clk (in)
                                                         clk (net)
                      0.680105    0.035053   25.035051 ^ clkbuf_0_clk/A (sky130_fd_sc_hd__clkbuf_16)
     5    0.149728    0.250032    0.618170   25.653223 ^ clkbuf_0_clk/X (sky130_fd_sc_hd__clkbuf_16)
                                                         clknet_0_clk (net)
                      0.250302    0.007448   25.660671 ^ clkbuf_2_1_0_clk/A (sky130_fd_sc_hd__clkbuf_8)
     8    0.196352    0.517901    0.636430   26.297100 ^ clkbuf_2_1_0_clk/X (sky130_fd_sc_hd__clkbuf_8)
                                                         clknet_2_1_0_clk (net)
                      0.519451    0.023224   26.320324 ^ clkbuf_5_15__f_clk/A (sky130_fd_sc_hd__clkbuf_16)
    13    0.144170    0.240606    0.553454   26.873779 ^ clkbuf_5_15__f_clk/X (sky130_fd_sc_hd__clkbuf_16)
                                                         clknet_5_15__leaf_clk (net)
                      0.240775    0.005835   26.879614 ^ clkbuf_leaf_154_clk/A (sky130_fd_sc_hd__clkbuf_8)
     8    0.033340    0.114176    0.343297   27.222912 ^ clkbuf_leaf_154_clk/X (sky130_fd_sc_hd__clkbuf_8)
                                                         clknet_leaf_154_clk (net)
                      0.114177    0.000561   27.223473 ^ _48693_/CLK (sky130_fd_sc_hd__dfrtp_2)
                                 -0.100000   27.123472   clock uncertainty
                                  0.000000   27.123472   clock reconvergence pessimism
                                 -0.417886   26.705585   library setup time
                                             26.705585   data required time
---------------------------------------------------------------------------------------------
                                             26.705585   data required time
                                            -30.163620   data arrival time
---------------------------------------------------------------------------------------------
                                             -3.458034   slack (VIOLATED)




===========================================================================
 report_check_types -max_slew -max_cap -max_fanout -violators
============================================================================
======================= nom_ss_100C_1v60 Corner ===================================



===========================================================================
report_parasitic_annotation -report_unannotated
============================================================================
Found 311 unannotated drivers.
 clkload0/Y
 clkload1/Y
 clkload10/Y
 clkload100/Y
 clkload101/X
 clkload102/X
 clkload103/X
 clkload104/X
 clkload105/X
 clkload106/X
 clkload107/X
 clkload108/Y
 clkload109/X
 clkload11/Y
 clkload110/X
 clkload111/Y
 clkload112/Y
 clkload113/X
 clkload114/X
 clkload115/X
 clkload116/Y
 clkload117/X
 clkload118/Y
 clkload119/X
 clkload12/X
 clkload120/Y
 clkload121/X
 clkload122/Y
 clkload123/X
 clkload124/X
 clkload125/X
 clkload126/X
 clkload127/X
 clkload128/X
 clkload129/X
 clkload13/Y
 clkload130/X
 clkload131/X
 clkload132/Y
 clkload133/X
 clkload134/X
 clkload135/X
 clkload136/Y
 clkload137/X
 clkload138/X
 clkload139/X
 clkload14/Y
 clkload140/X
 clkload141/X
 clkload142/X
 clkload143/X
 clkload144/X
 clkload145/X
 clkload146/X
 clkload147/X
 clkload148/X
 clkload149/X
 clkload15/Y
 clkload150/X
 clkload151/X
 clkload152/X
 clkload153/X
 clkload154/X
 clkload155/X
 clkload156/X
 clkload157/X
 clkload158/X
 clkload159/X
 clkload16/X
 clkload160/X
 clkload161/X
 clkload162/X
 clkload163/X
 clkload164/X
 clkload165/X
 clkload166/X
 clkload167/Y
 clkload168/Y
 clkload169/Y
 clkload17/Y
 clkload170/Y
 clkload171/X
 clkload172/X
 clkload173/X
 clkload174/Y
 clkload175/X
 clkload176/X
 clkload177/X
 clkload178/X
 clkload179/X
 clkload18/Y
 clkload180/X
 clkload181/X
 clkload182/X
 clkload183/X
 clkload184/X
 clkload185/X
 clkload186/Y
 clkload187/Y
 clkload188/Y
 clkload189/Y
 clkload19/Y
 clkload190/Y
 clkload191/Y
 clkload192/Y
 clkload193/X
 clkload194/X
 clkload195/X
 clkload196/X
 clkload197/X
 clkload198/Y
 clkload199/X
 clkload2/Y
 clkload20/Y
 clkload200/Y
 clkload201/Y
 clkload202/X
 clkload203/X
 clkload204/Y
 clkload205/X
 clkload206/X
 clkload207/Y
 clkload208/X
 clkload209/Y
 clkload21/Y
 clkload210/X
 clkload211/X
 clkload212/X
 clkload213/Y
 clkload214/Y
 clkload215/Y
 clkload216/Y
 clkload217/X
 clkload218/X
 clkload219/Y
 clkload22/Y
 clkload220/X
 clkload221/Y
 clkload222/Y
 clkload223/X
 clkload224/X
 clkload225/X
 clkload226/X
 clkload227/X
 clkload228/X
 clkload229/X
 clkload23/Y
 clkload230/X
 clkload231/X
 clkload232/Y
 clkload233/Y
 clkload234/Y
 clkload235/Y
 clkload236/X
 clkload237/X
 clkload238/X
 clkload239/X
 clkload24/Y
 clkload240/Y
 clkload241/Y
 clkload242/Y
 clkload243/Y
 clkload244/Y
 clkload245/Y
 clkload246/X
 clkload247/Y
 clkload248/X
 clkload249/X
 clkload25/Y
 clkload250/X
 clkload251/X
 clkload252/X
 clkload253/X
 clkload254/Y
 clkload255/Y
 clkload256/Y
 clkload257/Y
 clkload258/Y
 clkload259/X
 clkload26/Y
 clkload260/X
 clkload261/Y
 clkload262/Y
 clkload263/Y
 clkload264/Y
 clkload265/X
 clkload266/X
 clkload267/X
 clkload268/X
 clkload269/X
 clkload27/X
 clkload270/X
 clkload271/X
 clkload272/X
 clkload273/X
 clkload274/X
 clkload275/X
 clkload276/X
 clkload277/X
 clkload278/X
 clkload279/X
 clkload28/X
 clkload280/X
 clkload281/X
 clkload282/Y
 clkload283/X
 clkload284/Y
 clkload285/X
 clkload286/X
 clkload287/Y
 clkload288/X
 clkload289/X
 clkload29/X
 clkload290/Y
 clkload291/Y
 clkload292/Y
 clkload293/Y
 clkload294/X
 clkload295/X
 clkload296/X
 clkload297/X
 clkload298/X
 clkload299/X
 clkload3/Y
 clkload30/Y
 clkload300/X
 clkload301/X
 clkload302/X
 clkload303/Y
 clkload304/X
 clkload305/X
 clkload306/Y
 clkload307/Y
 clkload308/X
 clkload309/X
 clkload31/X
 clkload310/Y
 clkload32/X
 clkload33/X
 clkload34/X
 clkload35/X
 clkload36/X
 clkload37/X
 clkload38/X
 clkload39/X
 clkload4/Y
 clkload40/X
 clkload41/Y
 clkload42/Y
 clkload43/X
 clkload44/X
 clkload45/X
 clkload46/X
 clkload47/X
 clkload48/X
 clkload49/X
 clkload5/Y
 clkload50/X
 clkload51/X
 clkload52/Y
 clkload53/X
 clkload54/X
 clkload55/X
 clkload56/X
 clkload57/Y
 clkload58/X
 clkload59/X
 clkload6/Y
 clkload60/X
 clkload61/X
 clkload62/X
 clkload63/X
 clkload64/X
 clkload65/Y
 clkload66/X
 clkload67/Y
 clkload68/Y
 clkload69/X
 clkload7/Y
 clkload70/X
 clkload71/X
 clkload72/X
 clkload73/Y
 clkload74/X
 clkload75/X
 clkload76/X
 clkload77/X
 clkload78/X
 clkload79/X
 clkload8/Y
 clkload80/X
 clkload81/X
 clkload82/X
 clkload83/X
 clkload84/Y
 clkload85/X
 clkload86/X
 clkload87/X
 clkload88/Y
 clkload89/Y
 clkload9/Y
 clkload90/Y
 clkload91/Y
 clkload92/X
 clkload93/Y
 clkload94/X
 clkload95/Y
 clkload96/Y
 clkload97/Y
 clkload98/Y
 clkload99/Y
Found 0 partially unannotated drivers.

===========================================================================
max slew violation count 0
max fanout violation count 0
max cap violation count 0
============================================================================

===========================================================================
check_setup -verbose -unconstrained_endpoints -multiple_clock -no_clock -no_input_delay -loops -generated_clocks
===========================================================================
