Clock: clk
Sources: clk 
Generated: no
Virtual: yes
Propagated: no
Period: 25.000000

===========================================================================
report_clock_properties
============================================================================
Clock                   Period          Waveform
----------------------------------------------------
clk                  25.000000    0.000000 12.500000

===========================================================================
report_clock_latency
============================================================================
Clock clk
rise -> rise
    min     max
0.000000 0.000000 source latency
2.121422         network latency _48453_/CLK
        2.273071 network latency _49020_/CLK
---------------
2.121422 2.273071 latency
        0.151650 skew

fall -> fall
    min     max
0.000000 0.000000 source latency
1.986551         network latency _48453_/CLK
        2.103074 network latency _47009_/CLK
---------------
1.986551 2.103074 latency
        0.116524 skew



===========================================================================
report_clock_min_period
============================================================================
clk period_min = 28.46 fmax = 35.14
