Clock: clk
Sources: clk 
Generated: no
Virtual: no
Propagated: no
Period: 25.000000

===========================================================================
report_clock_properties
============================================================================
Clock                   Period          Waveform
----------------------------------------------------
clk                  25.000000    0.000000 12.500000

===========================================================================
report_clock_latency
============================================================================
Clock clk
rise -> rise
    min     max
0.000000 0.000000 source latency
1.601687         network latency _44923_/CLK
        1.964579 network latency _44277_/CLK
---------------
1.601687 1.964579 latency
        0.362892 skew

fall -> fall
    min     max
0.000000 0.000000 source latency
1.574451         network latency _44923_/CLK
        1.901086 network latency _44277_/CLK
---------------
1.574451 1.901086 latency
        0.326636 skew



===========================================================================
report_clock_min_period
============================================================================
clk period_min = 23.38 fmax = 42.77
