+ analyze_power_grid -net VPWR -voltage_file /Users/yomna/Documents/projects/harts/flow/openlane/runs/classic-flow/57-openroad-irdropreport/net-VPWR.csv
[INFO PSM-0040] All shapes on net VPWR are connected.
########## IR report #################
Net              : VPWR
Corner           : max_ss_100C_1v60
Total power      : 9.20e-03 W
Supply voltage   : 1.60e+00 V
Worstcase voltage: 1.60e+00 V
Average voltage  : 1.60e+00 V
Average IR drop  : 3.98e-05 V
Worstcase IR drop: 3.05e-04 V
Percentage drop  : 0.02 %
######################################
+ analyze_power_grid -net VGND -voltage_file /Users/yomna/Documents/projects/harts/flow/openlane/runs/classic-flow/57-openroad-irdropreport/net-VGND.csv
[INFO PSM-0040] All shapes on net VGND are connected.
########## IR report #################
Net              : VGND
Corner           : max_ss_100C_1v60
Total power      : 9.20e-03 W
Supply voltage   : 0.00e+00 V
Worstcase voltage: 2.74e-04 V
Average voltage  : 3.98e-05 V
Average IR drop  : 3.98e-05 V
Worstcase IR drop: 2.74e-04 V
Percentage drop  : 0.02 %
######################################
