153. Printing statistics.

=== hw_scheduler_top ===

        +----------Local Count, excluding submodules.
        |        +-Local Area, excluding submodules.
        |        | 
    16843        - wires
    16850        - wire bits
     2868        - public wires
     2875        - public wire bits
       11        - ports
       18        - port bits
    16835 2.15E+05 cells
       51  638.112   sky130_fd_sc_hd__a2111o_2
       13  195.187   sky130_fd_sc_hd__a2111oi_2
      305 3.05E+03   sky130_fd_sc_hd__a211o_2
      333 4.17E+03   sky130_fd_sc_hd__a211oi_2
       26   260.25   sky130_fd_sc_hd__a21bo_2
       36  405.389   sky130_fd_sc_hd__a21boi_2
      336 2.94E+03   sky130_fd_sc_hd__a21o_2
      581  5088.63   sky130_fd_sc_hd__a21oi_2
      705 7.94E+03   sky130_fd_sc_hd__a221o_2
      192 2.88E+03   sky130_fd_sc_hd__a221oi_2
      563 5.64E+03   sky130_fd_sc_hd__a22o_2
      155  1939.36   sky130_fd_sc_hd__a22oi_2
       72  810.778   sky130_fd_sc_hd__a2bb2o_2
       27  405.389   sky130_fd_sc_hd__a2bb2oi_2
       89    1E+03   sky130_fd_sc_hd__a311o_2
       27  405.389   sky130_fd_sc_hd__a311oi_2
      589 5.16E+03   sky130_fd_sc_hd__a31o_2
       94 1.18E+03   sky130_fd_sc_hd__a31oi_2
     1466 1.65E+04   sky130_fd_sc_hd__a32o_2
       15  243.984   sky130_fd_sc_hd__a32oi_2
       44  495.475   sky130_fd_sc_hd__a41o_2
        8  130.125   sky130_fd_sc_hd__a41oi_2
      388 2.91E+03   sky130_fd_sc_hd__and2_2
       30  262.752   sky130_fd_sc_hd__and2b_2
      401 3.01E+03   sky130_fd_sc_hd__and3_2
       16  160.154   sky130_fd_sc_hd__and3b_2
       68  680.653   sky130_fd_sc_hd__and4_2
       45  506.736   sky130_fd_sc_hd__and4b_2
       18  225.216   sky130_fd_sc_hd__and4bb_2
     2709 7.12E+04   sky130_fd_sc_hd__dfrtp_2
       22  578.054   sky130_fd_sc_hd__dfstp_2
      129 2.74E+03   sky130_fd_sc_hd__dfxtp_2
      234  878.342   sky130_fd_sc_hd__inv_2
      376 4.23E+03   sky130_fd_sc_hd__mux2_1
      672  4.2E+03   sky130_fd_sc_hd__nand2_2
       24  210.202   sky130_fd_sc_hd__nand2b_2
      167 1.67E+03   sky130_fd_sc_hd__nand3_2
       38   427.91   sky130_fd_sc_hd__nand3b_2
      191 2.39E+03   sky130_fd_sc_hd__nand4_2
       48  720.691   sky130_fd_sc_hd__nand4b_2
      559  3.5E+03   sky130_fd_sc_hd__nor2_2
       98  980.941   sky130_fd_sc_hd__nor3_2
        7   87.584   sky130_fd_sc_hd__nor3b_2
      114 1.43E+03   sky130_fd_sc_hd__nor4_2
       12  180.173   sky130_fd_sc_hd__nor4b_2
       66  825.792   sky130_fd_sc_hd__o2111a_2
      102 1.53E+03   sky130_fd_sc_hd__o2111ai_2
      476  4764.57   sky130_fd_sc_hd__o211a_2
      355  4441.76   sky130_fd_sc_hd__o211ai_2
      256  2242.15   sky130_fd_sc_hd__o21a_2
      800  7006.72   sky130_fd_sc_hd__o21ai_2
       23  230.221   sky130_fd_sc_hd__o21ba_2
       77  867.082   sky130_fd_sc_hd__o21bai_2
      222  2.5E+03   sky130_fd_sc_hd__o221a_2
       84  1261.21   sky130_fd_sc_hd__o221ai_2
      358 3.58E+03   sky130_fd_sc_hd__o22a_2
      148 1.85E+03   sky130_fd_sc_hd__o22ai_2
      100  1126.08   sky130_fd_sc_hd__o2bb2a_2
       42  630.605   sky130_fd_sc_hd__o2bb2ai_2
      305 3.43E+03   sky130_fd_sc_hd__o311a_2
        2   32.531   sky130_fd_sc_hd__o311ai_2
      172 1.72E+03   sky130_fd_sc_hd__o31a_2
       82 1.03E+03   sky130_fd_sc_hd__o31ai_2
       96 1.08E+03   sky130_fd_sc_hd__o32a_2
       11  178.922   sky130_fd_sc_hd__o32ai_2
       32  400.384   sky130_fd_sc_hd__o41a_2
       46  748.218   sky130_fd_sc_hd__o41ai_2
      169 1.06E+03   sky130_fd_sc_hd__or2_2
      129  968.429   sky130_fd_sc_hd__or3_2
       90  788.256   sky130_fd_sc_hd__or3b_2
      223 1.95E+03   sky130_fd_sc_hd__or4_2
       56  560.538   sky130_fd_sc_hd__or4b_2
       18  225.216   sky130_fd_sc_hd__or4bb_2
      115 1.87E+03   sky130_fd_sc_hd__xnor2_2
       87 1.42E+03   sky130_fd_sc_hd__xor2_2

   Chip area for module '\hw_scheduler_top': 214976.179200
     of which used for sequential elements: 74501.452800 (34.66%)

