Reading timing models for corner nom_ss_100C_1v60…
Reading timing library for the 'nom_ss_100C_1v60' corner at '/Users/yomna/.ciel/ciel/sky130/versions/8afc8346a57fe1ab7934ba5a6056ea8b43078e71/sky130A/libs.ref/sky130_fd_sc_hd/lib/sky130_fd_sc_hd__ss_100C_1v60.lib'…
Reading OpenROAD database at '/Users/yomna/Documents/projects/harts/flow/openlane/runs/classic-flow/46-openroad-repairantennas/1-openroad-diodeinsertion/hw_scheduler_top.odb'…
Reading design constraints file at '/Users/yomna/Documents/projects/harts/flow/openlane/sdc/hw_scheduler_top_pnr.sdc'…
[INFO]: Creating clock {clk} for port clk with period: 25
[INFO]: Setting clock uncertainty to: 0.12
[INFO]: Source clock latency 0 (macro boundary)
Creating NDR for clkndr:
  width: met2 0.28 met3 0.6 met4 0.6
  spacing: met2 0.28 met3 0.6 met4 0.6
  via: None
[WARNING ODB-1003] (li1) layer's width from (clkndr) NDR is not defined. Using the default value 0.17
[WARNING ODB-1003] (met1) layer's width from (clkndr) NDR is not defined. Using the default value 0.14
[WARNING ODB-1003] (met5) layer's width from (clkndr) NDR is not defined. Using the default value 1.6
[INFO] Assigning NDR 'clkndr' to nets matching 'clk'
[INFO] Net 'clk' matched 'clk', assigning NDR 'clkndr'…
[INFO] Net 'u_spi.sclk_d' matched 'clk', assigning NDR 'clkndr'…
[INFO] Net 'sclk' matched 'clk', assigning NDR 'clkndr'…
[INFO] Net 'clknet_leaf_0_clk' matched 'clk', assigning NDR 'clkndr'…
[INFO] Net 'clknet_leaf_1_clk' matched 'clk', assigning NDR 'clkndr'…
[INFO] Net 'clknet_leaf_2_clk' matched 'clk', assigning NDR 'clkndr'…
[INFO] Net 'clknet_leaf_3_clk' matched 'clk', assigning NDR 'clkndr'…
[INFO] Net 'clknet_leaf_4_clk' matched 'clk', assigning NDR 'clkndr'…
[INFO] Net 'clknet_leaf_5_clk' matched 'clk', assigning NDR 'clkndr'…
[INFO] Net 'clknet_leaf_6_clk' matched 'clk', assigning NDR 'clkndr'…
[INFO] Net 'clknet_leaf_7_clk' matched 'clk', assigning NDR 'clkndr'…
[INFO] Net 'clknet_leaf_8_clk' matched 'clk', assigning NDR 'clkndr'…
[INFO] Net 'clknet_leaf_9_clk' matched 'clk', assigning NDR 'clkndr'…
[INFO] Net 'clknet_leaf_10_clk' matched 'clk', assigning NDR 'clkndr'…
[INFO] Net 'clknet_leaf_11_clk' matched 'clk', assigning NDR 'clkndr'…
[INFO] Net 'clknet_leaf_12_clk' matched 'clk', assigning NDR 'clkndr'…
[INFO] Net 'clknet_leaf_13_clk' matched 'clk', assigning NDR 'clkndr'…
[INFO] Net 'clknet_leaf_14_clk' matched 'clk', assigning NDR 'clkndr'…
[INFO] Net 'clknet_leaf_15_clk' matched 'clk', assigning NDR 'clkndr'…
[INFO] Net 'clknet_leaf_16_clk' matched 'clk', assigning NDR 'clkndr'…
[INFO] Net 'clknet_leaf_17_clk' matched 'clk', assigning NDR 'clkndr'…
[INFO] Net 'clknet_leaf_18_clk' matched 'clk', assigning NDR 'clkndr'…
[INFO] Net 'clknet_leaf_19_clk' matched 'clk', assigning NDR 'clkndr'…
[INFO] Net 'clknet_leaf_20_clk' matched 'clk', assigning NDR 'clkndr'…
[INFO] Net 'clknet_leaf_21_clk' matched 'clk', assigning NDR 'clkndr'…
[INFO] Net 'clknet_leaf_22_clk' matched 'clk', assigning NDR 'clkndr'…
[INFO] Net 'clknet_leaf_23_clk' matched 'clk', assigning NDR 'clkndr'…
[INFO] Net 'clknet_leaf_24_clk' matched 'clk', assigning NDR 'clkndr'…
[INFO] Net 'clknet_leaf_25_clk' matched 'clk', assigning NDR 'clkndr'…
[INFO] Net 'clknet_leaf_26_clk' matched 'clk', assigning NDR 'clkndr'…
[INFO] Net 'clknet_leaf_27_clk' matched 'clk', assigning NDR 'clkndr'…
[INFO] Net 'clknet_leaf_28_clk' matched 'clk', assigning NDR 'clkndr'…
[INFO] Net 'clknet_leaf_29_clk' matched 'clk', assigning NDR 'clkndr'…
[INFO] Net 'clknet_leaf_30_clk' matched 'clk', assigning NDR 'clkndr'…
[INFO] Net 'clknet_leaf_31_clk' matched 'clk', assigning NDR 'clkndr'…
[INFO] Net 'clknet_leaf_32_clk' matched 'clk', assigning NDR 'clkndr'…
[INFO] Net 'clknet_leaf_33_clk' matched 'clk', assigning NDR 'clkndr'…
[INFO] Net 'clknet_leaf_34_clk' matched 'clk', assigning NDR 'clkndr'…
[INFO] Net 'clknet_leaf_35_clk' matched 'clk', assigning NDR 'clkndr'…
[INFO] Net 'clknet_leaf_36_clk' matched 'clk', assigning NDR 'clkndr'…
[INFO] Net 'clknet_leaf_37_clk' matched 'clk', assigning NDR 'clkndr'…
[INFO] Net 'clknet_leaf_38_clk' matched 'clk', assigning NDR 'clkndr'…
[INFO] Net 'clknet_leaf_39_clk' matched 'clk', assigning NDR 'clkndr'…
[INFO] Net 'clknet_leaf_40_clk' matched 'clk', assigning NDR 'clkndr'…
[INFO] Net 'clknet_leaf_41_clk' matched 'clk', assigning NDR 'clkndr'…
[INFO] Net 'clknet_leaf_42_clk' matched 'clk', assigning NDR 'clkndr'…
[INFO] Net 'clknet_leaf_43_clk' matched 'clk', assigning NDR 'clkndr'…
[INFO] Net 'clknet_leaf_44_clk' matched 'clk', assigning NDR 'clkndr'…
[INFO] Net 'clknet_leaf_45_clk' matched 'clk', assigning NDR 'clkndr'…
[INFO] Net 'clknet_leaf_46_clk' matched 'clk', assigning NDR 'clkndr'…
[INFO] Net 'clknet_leaf_47_clk' matched 'clk', assigning NDR 'clkndr'…
[INFO] Net 'clknet_leaf_48_clk' matched 'clk', assigning NDR 'clkndr'…
[INFO] Net 'clknet_leaf_49_clk' matched 'clk', assigning NDR 'clkndr'…
[INFO] Net 'clknet_leaf_50_clk' matched 'clk', assigning NDR 'clkndr'…
[INFO] Net 'clknet_leaf_51_clk' matched 'clk', assigning NDR 'clkndr'…
[INFO] Net 'clknet_leaf_52_clk' matched 'clk', assigning NDR 'clkndr'…
[INFO] Net 'clknet_leaf_53_clk' matched 'clk', assigning NDR 'clkndr'…
[INFO] Net 'clknet_leaf_54_clk' matched 'clk', assigning NDR 'clkndr'…
[INFO] Net 'clknet_leaf_55_clk' matched 'clk', assigning NDR 'clkndr'…
[INFO] Net 'clknet_leaf_56_clk' matched 'clk', assigning NDR 'clkndr'…
[INFO] Net 'clknet_leaf_57_clk' matched 'clk', assigning NDR 'clkndr'…
[INFO] Net 'clknet_leaf_58_clk' matched 'clk', assigning NDR 'clkndr'…
[INFO] Net 'clknet_leaf_59_clk' matched 'clk', assigning NDR 'clkndr'…
[INFO] Net 'clknet_leaf_60_clk' matched 'clk', assigning NDR 'clkndr'…
[INFO] Net 'clknet_leaf_61_clk' matched 'clk', assigning NDR 'clkndr'…
[INFO] Net 'clknet_leaf_62_clk' matched 'clk', assigning NDR 'clkndr'…
[INFO] Net 'clknet_leaf_63_clk' matched 'clk', assigning NDR 'clkndr'…
[INFO] Net 'clknet_leaf_64_clk' matched 'clk', assigning NDR 'clkndr'…
[INFO] Net 'clknet_leaf_65_clk' matched 'clk', assigning NDR 'clkndr'…
[INFO] Net 'clknet_leaf_66_clk' matched 'clk', assigning NDR 'clkndr'…
[INFO] Net 'clknet_leaf_67_clk' matched 'clk', assigning NDR 'clkndr'…
[INFO] Net 'clknet_leaf_68_clk' matched 'clk', assigning NDR 'clkndr'…
[INFO] Net 'clknet_leaf_69_clk' matched 'clk', assigning NDR 'clkndr'…
[INFO] Net 'clknet_leaf_70_clk' matched 'clk', assigning NDR 'clkndr'…
[INFO] Net 'clknet_leaf_71_clk' matched 'clk', assigning NDR 'clkndr'…
[INFO] Net 'clknet_leaf_72_clk' matched 'clk', assigning NDR 'clkndr'…
[INFO] Net 'clknet_leaf_73_clk' matched 'clk', assigning NDR 'clkndr'…
[INFO] Net 'clknet_leaf_74_clk' matched 'clk', assigning NDR 'clkndr'…
[INFO] Net 'clknet_leaf_75_clk' matched 'clk', assigning NDR 'clkndr'…
[INFO] Net 'clknet_leaf_76_clk' matched 'clk', assigning NDR 'clkndr'…
[INFO] Net 'clknet_leaf_77_clk' matched 'clk', assigning NDR 'clkndr'…
[INFO] Net 'clknet_leaf_78_clk' matched 'clk', assigning NDR 'clkndr'…
[INFO] Net 'clknet_leaf_79_clk' matched 'clk', assigning NDR 'clkndr'…
[INFO] Net 'clknet_leaf_80_clk' matched 'clk', assigning NDR 'clkndr'…
[INFO] Net 'clknet_leaf_81_clk' matched 'clk', assigning NDR 'clkndr'…
[INFO] Net 'clknet_leaf_82_clk' matched 'clk', assigning NDR 'clkndr'…
[INFO] Net 'clknet_leaf_83_clk' matched 'clk', assigning NDR 'clkndr'…
[INFO] Net 'clknet_leaf_84_clk' matched 'clk', assigning NDR 'clkndr'…
[INFO] Net 'clknet_leaf_85_clk' matched 'clk', assigning NDR 'clkndr'…
[INFO] Net 'clknet_leaf_86_clk' matched 'clk', assigning NDR 'clkndr'…
[INFO] Net 'clknet_leaf_87_clk' matched 'clk', assigning NDR 'clkndr'…
[INFO] Net 'clknet_leaf_88_clk' matched 'clk', assigning NDR 'clkndr'…
[INFO] Net 'clknet_leaf_89_clk' matched 'clk', assigning NDR 'clkndr'…
[INFO] Net 'clknet_leaf_90_clk' matched 'clk', assigning NDR 'clkndr'…
[INFO] Net 'clknet_leaf_91_clk' matched 'clk', assigning NDR 'clkndr'…
[INFO] Net 'clknet_leaf_92_clk' matched 'clk', assigning NDR 'clkndr'…
[INFO] Net 'clknet_leaf_93_clk' matched 'clk', assigning NDR 'clkndr'…
[INFO] Net 'clknet_leaf_94_clk' matched 'clk', assigning NDR 'clkndr'…
[INFO] Net 'clknet_leaf_95_clk' matched 'clk', assigning NDR 'clkndr'…
[INFO] Net 'clknet_leaf_96_clk' matched 'clk', assigning NDR 'clkndr'…
[INFO] Net 'clknet_leaf_97_clk' matched 'clk', assigning NDR 'clkndr'…
[INFO] Net 'clknet_leaf_98_clk' matched 'clk', assigning NDR 'clkndr'…
[INFO] Net 'clknet_leaf_99_clk' matched 'clk', assigning NDR 'clkndr'…
[INFO] Net 'clknet_leaf_100_clk' matched 'clk', assigning NDR 'clkndr'…
[INFO] Net 'clknet_leaf_101_clk' matched 'clk', assigning NDR 'clkndr'…
[INFO] Net 'clknet_leaf_102_clk' matched 'clk', assigning NDR 'clkndr'…
[INFO] Net 'clknet_leaf_103_clk' matched 'clk', assigning NDR 'clkndr'…
[INFO] Net 'clknet_leaf_104_clk' matched 'clk', assigning NDR 'clkndr'…
[INFO] Net 'clknet_leaf_105_clk' matched 'clk', assigning NDR 'clkndr'…
[INFO] Net 'clknet_leaf_106_clk' matched 'clk', assigning NDR 'clkndr'…
[INFO] Net 'clknet_leaf_107_clk' matched 'clk', assigning NDR 'clkndr'…
[INFO] Net 'clknet_leaf_108_clk' matched 'clk', assigning NDR 'clkndr'…
[INFO] Net 'clknet_leaf_109_clk' matched 'clk', assigning NDR 'clkndr'…
[INFO] Net 'clknet_leaf_110_clk' matched 'clk', assigning NDR 'clkndr'…
[INFO] Net 'clknet_leaf_111_clk' matched 'clk', assigning NDR 'clkndr'…
[INFO] Net 'clknet_leaf_112_clk' matched 'clk', assigning NDR 'clkndr'…
[INFO] Net 'clknet_leaf_113_clk' matched 'clk', assigning NDR 'clkndr'…
[INFO] Net 'clknet_leaf_114_clk' matched 'clk', assigning NDR 'clkndr'…
[INFO] Net 'clknet_leaf_115_clk' matched 'clk', assigning NDR 'clkndr'…
[INFO] Net 'clknet_leaf_116_clk' matched 'clk', assigning NDR 'clkndr'…
[INFO] Net 'clknet_leaf_117_clk' matched 'clk', assigning NDR 'clkndr'…
[INFO] Net 'clknet_leaf_118_clk' matched 'clk', assigning NDR 'clkndr'…
[INFO] Net 'clknet_leaf_119_clk' matched 'clk', assigning NDR 'clkndr'…
[INFO] Net 'clknet_leaf_120_clk' matched 'clk', assigning NDR 'clkndr'…
[INFO] Net 'clknet_leaf_121_clk' matched 'clk', assigning NDR 'clkndr'…
[INFO] Net 'clknet_leaf_122_clk' matched 'clk', assigning NDR 'clkndr'…
[INFO] Net 'clknet_leaf_123_clk' matched 'clk', assigning NDR 'clkndr'…
[INFO] Net 'clknet_leaf_124_clk' matched 'clk', assigning NDR 'clkndr'…
[INFO] Net 'clknet_leaf_125_clk' matched 'clk', assigning NDR 'clkndr'…
[INFO] Net 'clknet_leaf_126_clk' matched 'clk', assigning NDR 'clkndr'…
[INFO] Net 'clknet_leaf_127_clk' matched 'clk', assigning NDR 'clkndr'…
[INFO] Net 'clknet_leaf_128_clk' matched 'clk', assigning NDR 'clkndr'…
[INFO] Net 'clknet_leaf_129_clk' matched 'clk', assigning NDR 'clkndr'…
[INFO] Net 'clknet_leaf_130_clk' matched 'clk', assigning NDR 'clkndr'…
[INFO] Net 'clknet_leaf_131_clk' matched 'clk', assigning NDR 'clkndr'…
[INFO] Net 'clknet_leaf_132_clk' matched 'clk', assigning NDR 'clkndr'…
[INFO] Net 'clknet_leaf_133_clk' matched 'clk', assigning NDR 'clkndr'…
[INFO] Net 'clknet_leaf_134_clk' matched 'clk', assigning NDR 'clkndr'…
[INFO] Net 'clknet_leaf_135_clk' matched 'clk', assigning NDR 'clkndr'…
[INFO] Net 'clknet_leaf_136_clk' matched 'clk', assigning NDR 'clkndr'…
[INFO] Net 'clknet_leaf_137_clk' matched 'clk', assigning NDR 'clkndr'…
[INFO] Net 'clknet_leaf_138_clk' matched 'clk', assigning NDR 'clkndr'…
[INFO] Net 'clknet_leaf_139_clk' matched 'clk', assigning NDR 'clkndr'…
[INFO] Net 'clknet_leaf_140_clk' matched 'clk', assigning NDR 'clkndr'…
[INFO] Net 'clknet_leaf_141_clk' matched 'clk', assigning NDR 'clkndr'…
[INFO] Net 'clknet_leaf_142_clk' matched 'clk', assigning NDR 'clkndr'…
[INFO] Net 'clknet_leaf_143_clk' matched 'clk', assigning NDR 'clkndr'…
[INFO] Net 'clknet_leaf_144_clk' matched 'clk', assigning NDR 'clkndr'…
[INFO] Net 'clknet_leaf_145_clk' matched 'clk', assigning NDR 'clkndr'…
[INFO] Net 'clknet_leaf_146_clk' matched 'clk', assigning NDR 'clkndr'…
[INFO] Net 'clknet_leaf_147_clk' matched 'clk', assigning NDR 'clkndr'…
[INFO] Net 'clknet_leaf_148_clk' matched 'clk', assigning NDR 'clkndr'…
[INFO] Net 'clknet_leaf_149_clk' matched 'clk', assigning NDR 'clkndr'…
[INFO] Net 'clknet_leaf_150_clk' matched 'clk', assigning NDR 'clkndr'…
[INFO] Net 'clknet_leaf_151_clk' matched 'clk', assigning NDR 'clkndr'…
[INFO] Net 'clknet_leaf_152_clk' matched 'clk', assigning NDR 'clkndr'…
[INFO] Net 'clknet_leaf_153_clk' matched 'clk', assigning NDR 'clkndr'…
[INFO] Net 'clknet_leaf_154_clk' matched 'clk', assigning NDR 'clkndr'…
[INFO] Net 'clknet_leaf_155_clk' matched 'clk', assigning NDR 'clkndr'…
[INFO] Net 'clknet_leaf_156_clk' matched 'clk', assigning NDR 'clkndr'…
[INFO] Net 'clknet_leaf_157_clk' matched 'clk', assigning NDR 'clkndr'…
[INFO] Net 'clknet_leaf_158_clk' matched 'clk', assigning NDR 'clkndr'…
[INFO] Net 'clknet_leaf_159_clk' matched 'clk', assigning NDR 'clkndr'…
[INFO] Net 'clknet_leaf_160_clk' matched 'clk', assigning NDR 'clkndr'…
[INFO] Net 'clknet_leaf_161_clk' matched 'clk', assigning NDR 'clkndr'…
[INFO] Net 'clknet_leaf_162_clk' matched 'clk', assigning NDR 'clkndr'…
[INFO] Net 'clknet_leaf_163_clk' matched 'clk', assigning NDR 'clkndr'…
[INFO] Net 'clknet_leaf_164_clk' matched 'clk', assigning NDR 'clkndr'…
[INFO] Net 'clknet_leaf_165_clk' matched 'clk', assigning NDR 'clkndr'…
[INFO] Net 'clknet_leaf_166_clk' matched 'clk', assigning NDR 'clkndr'…
[INFO] Net 'clknet_leaf_167_clk' matched 'clk', assigning NDR 'clkndr'…
[INFO] Net 'clknet_leaf_168_clk' matched 'clk', assigning NDR 'clkndr'…
[INFO] Net 'clknet_leaf_169_clk' matched 'clk', assigning NDR 'clkndr'…
[INFO] Net 'clknet_leaf_170_clk' matched 'clk', assigning NDR 'clkndr'…
[INFO] Net 'clknet_leaf_171_clk' matched 'clk', assigning NDR 'clkndr'…
[INFO] Net 'clknet_leaf_172_clk' matched 'clk', assigning NDR 'clkndr'…
[INFO] Net 'clknet_leaf_173_clk' matched 'clk', assigning NDR 'clkndr'…
[INFO] Net 'clknet_leaf_174_clk' matched 'clk', assigning NDR 'clkndr'…
[INFO] Net 'clknet_leaf_175_clk' matched 'clk', assigning NDR 'clkndr'…
[INFO] Net 'clknet_leaf_176_clk' matched 'clk', assigning NDR 'clkndr'…
[INFO] Net 'clknet_leaf_177_clk' matched 'clk', assigning NDR 'clkndr'…
[INFO] Net 'clknet_leaf_178_clk' matched 'clk', assigning NDR 'clkndr'…
[INFO] Net 'clknet_leaf_179_clk' matched 'clk', assigning NDR 'clkndr'…
[INFO] Net 'clknet_leaf_180_clk' matched 'clk', assigning NDR 'clkndr'…
[INFO] Net 'clknet_leaf_181_clk' matched 'clk', assigning NDR 'clkndr'…
[INFO] Net 'clknet_leaf_182_clk' matched 'clk', assigning NDR 'clkndr'…
[INFO] Net 'clknet_leaf_183_clk' matched 'clk', assigning NDR 'clkndr'…
[INFO] Net 'clknet_leaf_184_clk' matched 'clk', assigning NDR 'clkndr'…
[INFO] Net 'clknet_leaf_185_clk' matched 'clk', assigning NDR 'clkndr'…
[INFO] Net 'clknet_leaf_186_clk' matched 'clk', assigning NDR 'clkndr'…
[INFO] Net 'clknet_leaf_187_clk' matched 'clk', assigning NDR 'clkndr'…
[INFO] Net 'clknet_leaf_188_clk' matched 'clk', assigning NDR 'clkndr'…
[INFO] Net 'clknet_leaf_189_clk' matched 'clk', assigning NDR 'clkndr'…
[INFO] Net 'clknet_leaf_190_clk' matched 'clk', assigning NDR 'clkndr'…
[INFO] Net 'clknet_leaf_191_clk' matched 'clk', assigning NDR 'clkndr'…
[INFO] Net 'clknet_leaf_192_clk' matched 'clk', assigning NDR 'clkndr'…
[INFO] Net 'clknet_leaf_193_clk' matched 'clk', assigning NDR 'clkndr'…
[INFO] Net 'clknet_leaf_194_clk' matched 'clk', assigning NDR 'clkndr'…
[INFO] Net 'clknet_leaf_195_clk' matched 'clk', assigning NDR 'clkndr'…
[INFO] Net 'clknet_leaf_196_clk' matched 'clk', assigning NDR 'clkndr'…
[INFO] Net 'clknet_leaf_197_clk' matched 'clk', assigning NDR 'clkndr'…
[INFO] Net 'clknet_leaf_198_clk' matched 'clk', assigning NDR 'clkndr'…
[INFO] Net 'clknet_leaf_199_clk' matched 'clk', assigning NDR 'clkndr'…
[INFO] Net 'clknet_leaf_200_clk' matched 'clk', assigning NDR 'clkndr'…
[INFO] Net 'clknet_leaf_201_clk' matched 'clk', assigning NDR 'clkndr'…
[INFO] Net 'clknet_leaf_202_clk' matched 'clk', assigning NDR 'clkndr'…
[INFO] Net 'clknet_leaf_203_clk' matched 'clk', assigning NDR 'clkndr'…
[INFO] Net 'clknet_leaf_204_clk' matched 'clk', assigning NDR 'clkndr'…
[INFO] Net 'clknet_leaf_205_clk' matched 'clk', assigning NDR 'clkndr'…
[INFO] Net 'clknet_leaf_206_clk' matched 'clk', assigning NDR 'clkndr'…
[INFO] Net 'clknet_leaf_207_clk' matched 'clk', assigning NDR 'clkndr'…
[INFO] Net 'clknet_leaf_208_clk' matched 'clk', assigning NDR 'clkndr'…
[INFO] Net 'clknet_leaf_209_clk' matched 'clk', assigning NDR 'clkndr'…
[INFO] Net 'clknet_leaf_210_clk' matched 'clk', assigning NDR 'clkndr'…
[INFO] Net 'clknet_leaf_211_clk' matched 'clk', assigning NDR 'clkndr'…
[INFO] Net 'clknet_leaf_212_clk' matched 'clk', assigning NDR 'clkndr'…
[INFO] Net 'clknet_leaf_213_clk' matched 'clk', assigning NDR 'clkndr'…
[INFO] Net 'clknet_leaf_214_clk' matched 'clk', assigning NDR 'clkndr'…
[INFO] Net 'clknet_leaf_215_clk' matched 'clk', assigning NDR 'clkndr'…
[INFO] Net 'clknet_leaf_216_clk' matched 'clk', assigning NDR 'clkndr'…
[INFO] Net 'clknet_leaf_217_clk' matched 'clk', assigning NDR 'clkndr'…
[INFO] Net 'clknet_leaf_218_clk' matched 'clk', assigning NDR 'clkndr'…
[INFO] Net 'clknet_leaf_219_clk' matched 'clk', assigning NDR 'clkndr'…
[INFO] Net 'clknet_leaf_220_clk' matched 'clk', assigning NDR 'clkndr'…
[INFO] Net 'clknet_leaf_221_clk' matched 'clk', assigning NDR 'clkndr'…
[INFO] Net 'clknet_leaf_222_clk' matched 'clk', assigning NDR 'clkndr'…
[INFO] Net 'clknet_leaf_223_clk' matched 'clk', assigning NDR 'clkndr'…
[INFO] Net 'clknet_leaf_224_clk' matched 'clk', assigning NDR 'clkndr'…
[INFO] Net 'clknet_leaf_225_clk' matched 'clk', assigning NDR 'clkndr'…
[INFO] Net 'clknet_leaf_226_clk' matched 'clk', assigning NDR 'clkndr'…
[INFO] Net 'clknet_leaf_227_clk' matched 'clk', assigning NDR 'clkndr'…
[INFO] Net 'clknet_leaf_228_clk' matched 'clk', assigning NDR 'clkndr'…
[INFO] Net 'clknet_leaf_229_clk' matched 'clk', assigning NDR 'clkndr'…
[INFO] Net 'clknet_leaf_230_clk' matched 'clk', assigning NDR 'clkndr'…
[INFO] Net 'clknet_leaf_231_clk' matched 'clk', assigning NDR 'clkndr'…
[INFO] Net 'clknet_leaf_232_clk' matched 'clk', assigning NDR 'clkndr'…
[INFO] Net 'clknet_leaf_233_clk' matched 'clk', assigning NDR 'clkndr'…
[INFO] Net 'clknet_leaf_234_clk' matched 'clk', assigning NDR 'clkndr'…
[INFO] Net 'clknet_leaf_235_clk' matched 'clk', assigning NDR 'clkndr'…
[INFO] Net 'clknet_leaf_236_clk' matched 'clk', assigning NDR 'clkndr'…
[INFO] Net 'clknet_leaf_237_clk' matched 'clk', assigning NDR 'clkndr'…
[INFO] Net 'clknet_leaf_238_clk' matched 'clk', assigning NDR 'clkndr'…
[INFO] Net 'clknet_leaf_239_clk' matched 'clk', assigning NDR 'clkndr'…
[INFO] Net 'clknet_leaf_240_clk' matched 'clk', assigning NDR 'clkndr'…
[INFO] Net 'clknet_leaf_241_clk' matched 'clk', assigning NDR 'clkndr'…
[INFO] Net 'clknet_leaf_242_clk' matched 'clk', assigning NDR 'clkndr'…
[INFO] Net 'clknet_leaf_243_clk' matched 'clk', assigning NDR 'clkndr'…
[INFO] Net 'clknet_leaf_244_clk' matched 'clk', assigning NDR 'clkndr'…
[INFO] Net 'clknet_leaf_245_clk' matched 'clk', assigning NDR 'clkndr'…
[INFO] Net 'clknet_leaf_246_clk' matched 'clk', assigning NDR 'clkndr'…
[INFO] Net 'clknet_leaf_247_clk' matched 'clk', assigning NDR 'clkndr'…
[INFO] Net 'clknet_leaf_248_clk' matched 'clk', assigning NDR 'clkndr'…
[INFO] Net 'clknet_leaf_249_clk' matched 'clk', assigning NDR 'clkndr'…
[INFO] Net 'clknet_leaf_250_clk' matched 'clk', assigning NDR 'clkndr'…
[INFO] Net 'clknet_leaf_251_clk' matched 'clk', assigning NDR 'clkndr'…
[INFO] Net 'clknet_leaf_252_clk' matched 'clk', assigning NDR 'clkndr'…
[INFO] Net 'clknet_leaf_253_clk' matched 'clk', assigning NDR 'clkndr'…
[INFO] Net 'clknet_leaf_254_clk' matched 'clk', assigning NDR 'clkndr'…
[INFO] Net 'clknet_leaf_255_clk' matched 'clk', assigning NDR 'clkndr'…
[INFO] Net 'clknet_leaf_256_clk' matched 'clk', assigning NDR 'clkndr'…
[INFO] Net 'clknet_leaf_257_clk' matched 'clk', assigning NDR 'clkndr'…
[INFO] Net 'clknet_leaf_258_clk' matched 'clk', assigning NDR 'clkndr'…
[INFO] Net 'clknet_leaf_259_clk' matched 'clk', assigning NDR 'clkndr'…
[INFO] Net 'clknet_leaf_260_clk' matched 'clk', assigning NDR 'clkndr'…
[INFO] Net 'clknet_leaf_261_clk' matched 'clk', assigning NDR 'clkndr'…
[INFO] Net 'clknet_leaf_262_clk' matched 'clk', assigning NDR 'clkndr'…
[INFO] Net 'clknet_leaf_263_clk' matched 'clk', assigning NDR 'clkndr'…
[INFO] Net 'clknet_leaf_264_clk' matched 'clk', assigning NDR 'clkndr'…
[INFO] Net 'clknet_leaf_265_clk' matched 'clk', assigning NDR 'clkndr'…
[INFO] Net 'clknet_leaf_266_clk' matched 'clk', assigning NDR 'clkndr'…
[INFO] Net 'clknet_leaf_267_clk' matched 'clk', assigning NDR 'clkndr'…
[INFO] Net 'clknet_leaf_268_clk' matched 'clk', assigning NDR 'clkndr'…
[INFO] Net 'clknet_leaf_269_clk' matched 'clk', assigning NDR 'clkndr'…
[INFO] Net 'clknet_leaf_270_clk' matched 'clk', assigning NDR 'clkndr'…
[INFO] Net 'clknet_leaf_271_clk' matched 'clk', assigning NDR 'clkndr'…
[INFO] Net 'clknet_leaf_272_clk' matched 'clk', assigning NDR 'clkndr'…
[INFO] Net 'clknet_leaf_273_clk' matched 'clk', assigning NDR 'clkndr'…
[INFO] Net 'clknet_leaf_274_clk' matched 'clk', assigning NDR 'clkndr'…
[INFO] Net 'clknet_leaf_275_clk' matched 'clk', assigning NDR 'clkndr'…
[INFO] Net 'clknet_leaf_276_clk' matched 'clk', assigning NDR 'clkndr'…
[INFO] Net 'clknet_leaf_277_clk' matched 'clk', assigning NDR 'clkndr'…
[INFO] Net 'clknet_leaf_278_clk' matched 'clk', assigning NDR 'clkndr'…
[INFO] Net 'clknet_leaf_279_clk' matched 'clk', assigning NDR 'clkndr'…
[INFO] Net 'clknet_leaf_280_clk' matched 'clk', assigning NDR 'clkndr'…
[INFO] Net 'clknet_leaf_281_clk' matched 'clk', assigning NDR 'clkndr'…
[INFO] Net 'clknet_leaf_282_clk' matched 'clk', assigning NDR 'clkndr'…
[INFO] Net 'clknet_leaf_283_clk' matched 'clk', assigning NDR 'clkndr'…
[INFO] Net 'clknet_leaf_284_clk' matched 'clk', assigning NDR 'clkndr'…
[INFO] Net 'clknet_leaf_285_clk' matched 'clk', assigning NDR 'clkndr'…
[INFO] Net 'clknet_leaf_286_clk' matched 'clk', assigning NDR 'clkndr'…
[INFO] Net 'clknet_leaf_287_clk' matched 'clk', assigning NDR 'clkndr'…
[INFO] Net 'clknet_leaf_288_clk' matched 'clk', assigning NDR 'clkndr'…
[INFO] Net 'clknet_leaf_289_clk' matched 'clk', assigning NDR 'clkndr'…
[INFO] Net 'clknet_leaf_290_clk' matched 'clk', assigning NDR 'clkndr'…
[INFO] Net 'clknet_leaf_291_clk' matched 'clk', assigning NDR 'clkndr'…
[INFO] Net 'clknet_leaf_292_clk' matched 'clk', assigning NDR 'clkndr'…
[INFO] Net 'clknet_leaf_293_clk' matched 'clk', assigning NDR 'clkndr'…
[INFO] Net 'clknet_leaf_294_clk' matched 'clk', assigning NDR 'clkndr'…
[INFO] Net 'clknet_leaf_295_clk' matched 'clk', assigning NDR 'clkndr'…
[INFO] Net 'clknet_leaf_296_clk' matched 'clk', assigning NDR 'clkndr'…
[INFO] Net 'clknet_leaf_297_clk' matched 'clk', assigning NDR 'clkndr'…
[INFO] Net 'clknet_leaf_298_clk' matched 'clk', assigning NDR 'clkndr'…
[INFO] Net 'clknet_leaf_299_clk' matched 'clk', assigning NDR 'clkndr'…
[INFO] Net 'clknet_leaf_300_clk' matched 'clk', assigning NDR 'clkndr'…
[INFO] Net 'clknet_leaf_301_clk' matched 'clk', assigning NDR 'clkndr'…
[INFO] Net 'clknet_leaf_302_clk' matched 'clk', assigning NDR 'clkndr'…
[INFO] Net 'clknet_leaf_303_clk' matched 'clk', assigning NDR 'clkndr'…
[INFO] Net 'clknet_leaf_304_clk' matched 'clk', assigning NDR 'clkndr'…
[INFO] Net 'clknet_leaf_305_clk' matched 'clk', assigning NDR 'clkndr'…
[INFO] Net 'clknet_leaf_306_clk' matched 'clk', assigning NDR 'clkndr'…
[INFO] Net 'clknet_leaf_307_clk' matched 'clk', assigning NDR 'clkndr'…
[INFO] Net 'clknet_leaf_308_clk' matched 'clk', assigning NDR 'clkndr'…
[INFO] Net 'clknet_leaf_309_clk' matched 'clk', assigning NDR 'clkndr'…
[INFO] Net 'clknet_leaf_310_clk' matched 'clk', assigning NDR 'clkndr'…
[INFO] Net 'clknet_leaf_311_clk' matched 'clk', assigning NDR 'clkndr'…
[INFO] Net 'clknet_leaf_312_clk' matched 'clk', assigning NDR 'clkndr'…
[INFO] Net 'clknet_leaf_313_clk' matched 'clk', assigning NDR 'clkndr'…
[INFO] Net 'clknet_leaf_314_clk' matched 'clk', assigning NDR 'clkndr'…
[INFO] Net 'clknet_leaf_315_clk' matched 'clk', assigning NDR 'clkndr'…
[INFO] Net 'clknet_leaf_316_clk' matched 'clk', assigning NDR 'clkndr'…
[INFO] Net 'clknet_leaf_317_clk' matched 'clk', assigning NDR 'clkndr'…
[INFO] Net 'clknet_leaf_318_clk' matched 'clk', assigning NDR 'clkndr'…
[INFO] Net 'clknet_leaf_319_clk' matched 'clk', assigning NDR 'clkndr'…
[INFO] Net 'clknet_0_clk' matched 'clk', assigning NDR 'clkndr'…
[INFO] Net 'clknet_2_0_0_clk' matched 'clk', assigning NDR 'clkndr'…
[INFO] Net 'clknet_2_1_0_clk' matched 'clk', assigning NDR 'clkndr'…
[INFO] Net 'clknet_2_2_0_clk' matched 'clk', assigning NDR 'clkndr'…
[INFO] Net 'clknet_2_3_0_clk' matched 'clk', assigning NDR 'clkndr'…
[INFO] Net 'clknet_5_0__leaf_clk' matched 'clk', assigning NDR 'clkndr'…
[INFO] Net 'clknet_5_1__leaf_clk' matched 'clk', assigning NDR 'clkndr'…
[INFO] Net 'clknet_5_2__leaf_clk' matched 'clk', assigning NDR 'clkndr'…
[INFO] Net 'clknet_5_3__leaf_clk' matched 'clk', assigning NDR 'clkndr'…
[INFO] Net 'clknet_5_4__leaf_clk' matched 'clk', assigning NDR 'clkndr'…
[INFO] Net 'clknet_5_5__leaf_clk' matched 'clk', assigning NDR 'clkndr'…
[INFO] Net 'clknet_5_6__leaf_clk' matched 'clk', assigning NDR 'clkndr'…
[INFO] Net 'clknet_5_7__leaf_clk' matched 'clk', assigning NDR 'clkndr'…
[INFO] Net 'clknet_5_8__leaf_clk' matched 'clk', assigning NDR 'clkndr'…
[INFO] Net 'clknet_5_9__leaf_clk' matched 'clk', assigning NDR 'clkndr'…
[INFO] Net 'clknet_5_10__leaf_clk' matched 'clk', assigning NDR 'clkndr'…
[INFO] Net 'clknet_5_11__leaf_clk' matched 'clk', assigning NDR 'clkndr'…
[INFO] Net 'clknet_5_12__leaf_clk' matched 'clk', assigning NDR 'clkndr'…
[INFO] Net 'clknet_5_13__leaf_clk' matched 'clk', assigning NDR 'clkndr'…
[INFO] Net 'clknet_5_14__leaf_clk' matched 'clk', assigning NDR 'clkndr'…
[INFO] Net 'clknet_5_15__leaf_clk' matched 'clk', assigning NDR 'clkndr'…
[INFO] Net 'clknet_5_16__leaf_clk' matched 'clk', assigning NDR 'clkndr'…
[INFO] Net 'clknet_5_17__leaf_clk' matched 'clk', assigning NDR 'clkndr'…
[INFO] Net 'clknet_5_18__leaf_clk' matched 'clk', assigning NDR 'clkndr'…
[INFO] Net 'clknet_5_19__leaf_clk' matched 'clk', assigning NDR 'clkndr'…
[INFO] Net 'clknet_5_20__leaf_clk' matched 'clk', assigning NDR 'clkndr'…
[INFO] Net 'clknet_5_21__leaf_clk' matched 'clk', assigning NDR 'clkndr'…
[INFO] Net 'clknet_5_22__leaf_clk' matched 'clk', assigning NDR 'clkndr'…
[INFO] Net 'clknet_5_23__leaf_clk' matched 'clk', assigning NDR 'clkndr'…
[INFO] Net 'clknet_5_24__leaf_clk' matched 'clk', assigning NDR 'clkndr'…
[INFO] Net 'clknet_5_25__leaf_clk' matched 'clk', assigning NDR 'clkndr'…
[INFO] Net 'clknet_5_26__leaf_clk' matched 'clk', assigning NDR 'clkndr'…
[INFO] Net 'clknet_5_27__leaf_clk' matched 'clk', assigning NDR 'clkndr'…
[INFO] Net 'clknet_5_28__leaf_clk' matched 'clk', assigning NDR 'clkndr'…
[INFO] Net 'clknet_5_29__leaf_clk' matched 'clk', assigning NDR 'clkndr'…
[INFO] Net 'clknet_5_30__leaf_clk' matched 'clk', assigning NDR 'clkndr'…
[INFO] Net 'clknet_5_31__leaf_clk' matched 'clk', assigning NDR 'clkndr'…
[INFO ORD-0030] Using 14 thread(s).
+ detailed_route -droute_end_iter 64 -or_seed 42 -verbose 1 -output_drc /Users/yomna/Documents/projects/harts/flow/openlane/runs/classic-flow/48-openroad-detailedrouting/drt-run-0/hw_scheduler_top.drc
[INFO DRT-0149] Reading tech and libs.
[WARNING DRT-0349] LEF58_ENCLOSURE with no CUTCLASS is not supported. Skipping for layer mcon
[WARNING DRT-0349] LEF58_ENCLOSURE with no CUTCLASS is not supported. Skipping for layer mcon
[WARNING DRT-0349] LEF58_ENCLOSURE with no CUTCLASS is not supported. Skipping for layer via
[WARNING DRT-0349] LEF58_ENCLOSURE with no CUTCLASS is not supported. Skipping for layer via
[WARNING DRT-0349] LEF58_ENCLOSURE with no CUTCLASS is not supported. Skipping for layer via2
[WARNING DRT-0349] LEF58_ENCLOSURE with no CUTCLASS is not supported. Skipping for layer via2
[WARNING DRT-0349] LEF58_ENCLOSURE with no CUTCLASS is not supported. Skipping for layer via3
[WARNING DRT-0349] LEF58_ENCLOSURE with no CUTCLASS is not supported. Skipping for layer via3
[WARNING DRT-0349] LEF58_ENCLOSURE with no CUTCLASS is not supported. Skipping for layer via4
[WARNING DRT-0349] LEF58_ENCLOSURE with no CUTCLASS is not supported. Skipping for layer via4

Units:                1000
Number of layers:     13
Number of macros:     445
Number of vias:       29
Number of viarulegen: 25

[INFO DRT-0150] Reading design.

Design:                   hw_scheduler_top
Die area:                 ( 0 0 ) ( 830600 841320 )
Number of track patterns: 12
Number of DEF vias:       0
Number of components:     37211
Number of terminals:      20
Number of snets:          2
Number of nets:           26655

[INFO DRT-0167] List of default vias:
  Layer via
    default via: M1M2_PR
  Layer via2
    default via: M2M3_PR
  Layer via3
    default via: M3M4_PR
  Layer via4
    default via: M4M5_PR
[INFO DRT-0162] Library cell analysis.
[INFO DRT-0163] Instance analysis.
[INFO DRT-0164] Number of unique instances = 253.
[INFO DRT-0168] Init region query.
[INFO DRT-0024]   Complete FR_MASTERSLICE.
[INFO DRT-0024]   Complete licon.
[INFO DRT-0024]   Complete li1.
[INFO DRT-0024]   Complete mcon.
[INFO DRT-0024]   Complete met1.
[INFO DRT-0024]   Complete via.
[INFO DRT-0024]   Complete met2.
[INFO DRT-0024]   Complete via2.
[INFO DRT-0024]   Complete met3.
[INFO DRT-0024]   Complete via3.
[INFO DRT-0024]   Complete met4.
[INFO DRT-0024]   Complete via4.
[INFO DRT-0024]   Complete met5.
[INFO DRT-0033] FR_MASTERSLICE shape region query size = 0.
[INFO DRT-0033] licon shape region query size = 0.
[INFO DRT-0033] li1 shape region query size = 784806.
[INFO DRT-0033] mcon shape region query size = 0.
[INFO DRT-0033] met1 shape region query size = 116773.
[INFO DRT-0033] via shape region query size = 9060.
[INFO DRT-0033] met2 shape region query size = 5454.
[INFO DRT-0033] via2 shape region query size = 7248.
[INFO DRT-0033] met3 shape region query size = 5436.
[INFO DRT-0033] via3 shape region query size = 7248.
[INFO DRT-0033] met4 shape region query size = 1908.
[INFO DRT-0033] via4 shape region query size = 72.
[INFO DRT-0033] met5 shape region query size = 96.
[INFO DRT-0165] Start pin access.
[INFO DRT-0076]   Complete 1000 pins.
[INFO DRT-0078]   Complete 1952 pins.
[INFO DRT-0079]   Complete 100 unique inst patterns.
[INFO DRT-0079]   Complete 200 unique inst patterns.
[INFO DRT-0081]   Complete 253 unique inst patterns.
[INFO DRT-0082]   Complete 10000 groups.
[INFO DRT-0084]   Complete 18772 groups.
#scanned instances     = 37211
#unique  instances     = 253
#stdCellGenAp          = 7084
#stdCellValidPlanarAp  = 40
#stdCellValidViaAp     = 5320
#stdCellPinNoAp        = 0
#stdCellPinCnt         = 87671
#instTermValidViaApCnt = 0
#macroGenAp            = 0
#macroValidPlanarAp    = 0
#macroValidViaAp       = 0
#macroNoAp             = 0
[INFO DRT-0166] Complete pin access.
[INFO DRT-0267] cpu time = 00:03:19, elapsed time = 00:00:15, memory = 331.66 (MB), peak = 331.66 (MB)
[INFO DRT-0156] guideIn read 100000 guides.
[INFO DRT-0156] guideIn read 200000 guides.

[INFO DRT-0157] Number of guides:     210497

[INFO DRT-0169] Post process guides.
[INFO DRT-0176] GCELLGRID X 0 DO 120 STEP 6900 ;
[INFO DRT-0177] GCELLGRID Y 0 DO 121 STEP 6900 ;
[INFO DRT-0026]   Complete 100000 origin guides.
[INFO DRT-0026]   Complete 200000 origin guides.
[INFO DRT-0028]   Complete FR_MASTERSLICE.
[INFO DRT-0028]   Complete licon.
[INFO DRT-0028]   Complete li1.
[INFO DRT-0028]   Complete mcon.
[INFO DRT-0028]   Complete met1.
[INFO DRT-0028]   Complete via.
[INFO DRT-0028]   Complete met2.
[INFO DRT-0028]   Complete via2.
[INFO DRT-0028]   Complete met3.
[INFO DRT-0028]   Complete via3.
[INFO DRT-0028]   Complete met4.
[INFO DRT-0028]   Complete via4.
[INFO DRT-0028]   Complete met5.
[INFO DRT-0178] Init guide query.
[INFO DRT-0035]   Complete FR_MASTERSLICE (guide).
[INFO DRT-0035]   Complete licon (guide).
[INFO DRT-0035]   Complete li1 (guide).
[INFO DRT-0035]   Complete mcon (guide).
[INFO DRT-0035]   Complete met1 (guide).
[INFO DRT-0035]   Complete via (guide).
[INFO DRT-0035]   Complete met2 (guide).
[INFO DRT-0035]   Complete via2 (guide).
[INFO DRT-0035]   Complete met3 (guide).
[INFO DRT-0035]   Complete via3 (guide).
[INFO DRT-0035]   Complete met4 (guide).
[INFO DRT-0035]   Complete via4 (guide).
[INFO DRT-0035]   Complete met5 (guide).
[INFO DRT-0036] FR_MASTERSLICE guide region query size = 0.
[INFO DRT-0036] licon guide region query size = 0.
[INFO DRT-0036] li1 guide region query size = 70253.
[INFO DRT-0036] mcon guide region query size = 0.
[INFO DRT-0036] met1 guide region query size = 62582.
[INFO DRT-0036] via guide region query size = 0.
[INFO DRT-0036] met2 guide region query size = 32393.
[INFO DRT-0036] via2 guide region query size = 0.
[INFO DRT-0036] met3 guide region query size = 2069.
[INFO DRT-0036] via3 guide region query size = 0.
[INFO DRT-0036] met4 guide region query size = 666.
[INFO DRT-0036] via4 guide region query size = 0.
[INFO DRT-0036] met5 guide region query size = 0.
[INFO DRT-0179] Init gr pin query.
[INFO DRT-0267] cpu time = 00:00:00, elapsed time = 00:00:00, memory = 423.19 (MB), peak = 423.19 (MB)
[INFO DRT-0245] skipped writing guide updates to database.
[INFO DRT-0185] Post process initialize RPin region query.
[INFO DRT-0181] Start track assignment.
[INFO DRT-0184] Done with 103312 vertical wires in 3 frboxes and 64651 horizontal wires in 3 frboxes.
[INFO DRT-0186] Done with 13332 vertical wires in 3 frboxes and 21946 horizontal wires in 3 frboxes.
[INFO DRT-0182] Complete track assignment.
[INFO DRT-0267] cpu time = 00:00:05, elapsed time = 00:00:02, memory = 573.62 (MB), peak = 763.95 (MB)
[INFO DRT-0187] Start routing data preparation.
[INFO DRT-0267] cpu time = 00:00:00, elapsed time = 00:00:00, memory = 588.25 (MB), peak = 763.95 (MB)
[INFO DRT-0194] Start detail routing.
[INFO DRT-0195] Start 0th optimization iteration.
    Completing 10% with 0 violations.
    elapsed time = 00:00:02, memory = 1148.06 (MB).
    Completing 20% with 0 violations.
    elapsed time = 00:00:06, memory = 1370.08 (MB).
    Completing 30% with 4936 violations.
    elapsed time = 00:00:12, memory = 1342.14 (MB).
    Completing 40% with 4936 violations.
    elapsed time = 00:00:16, memory = 1591.98 (MB).
    Completing 50% with 4936 violations.
    elapsed time = 00:00:21, memory = 1550.08 (MB).
    Completing 60% with 9899 violations.
    elapsed time = 00:00:25, memory = 1670.84 (MB).
    Completing 70% with 9899 violations.
    elapsed time = 00:00:29, memory = 1805.62 (MB).
    Completing 80% with 14812 violations.
    elapsed time = 00:00:35, memory = 1573.23 (MB).
    Completing 90% with 14812 violations.
    elapsed time = 00:00:39, memory = 1848.67 (MB).
    Completing 100% with 19556 violations.
    elapsed time = 00:00:46, memory = 1638.95 (MB).
[INFO DRT-0199]   Number of violations = 21622.
Viol/Layer         li1   mcon   met1    via   met2   via2   met3   met4
Cut Spacing          0     18      0      0      0      1      0      0
Metal Spacing        0      0   2126      0   1509      0     12      0
Min Hole             0      0     15      0      0      0      0      0
Recheck             12      0   1250      0    732      0     12     60
Short                0      3  12563     12   3281      0     10      6
[INFO DRT-0267] cpu time = 00:08:17, elapsed time = 00:00:46, memory = 1654.52 (MB), peak = 1919.66 (MB)
Total wire length = 1255146 um.
Total wire length on LAYER li1 = 0 um.
Total wire length on LAYER met1 = 556117 um.
Total wire length on LAYER met2 = 555751 um.
Total wire length on LAYER met3 = 88697 um.
Total wire length on LAYER met4 = 54579 um.
Total wire length on LAYER met5 = 0 um.
Total number of vias = 197979.
Up-via summary (total 197979):

-------------------------
 FR_MASTERSLICE         0
            li1     86466
           met1    104856
           met2      5145
           met3      1512
           met4         0
-------------------------
               197979


[INFO DRT-0195] Start 1st optimization iteration.
    Completing 10% with 21622 violations.
    elapsed time = 00:00:02, memory = 1791.47 (MB).
    Completing 20% with 21622 violations.
    elapsed time = 00:00:06, memory = 1772.66 (MB).
    Completing 30% with 19364 violations.
    elapsed time = 00:00:10, memory = 1786.44 (MB).
    Completing 40% with 19364 violations.
    elapsed time = 00:00:14, memory = 1983.53 (MB).
    Completing 50% with 19364 violations.
    elapsed time = 00:00:19, memory = 1981.53 (MB).
    Completing 60% with 16684 violations.
    elapsed time = 00:00:22, memory = 2016.19 (MB).
    Completing 70% with 16684 violations.
    elapsed time = 00:00:26, memory = 2094.16 (MB).
    Completing 80% with 14127 violations.
    elapsed time = 00:00:32, memory = 1963.47 (MB).
    Completing 90% with 14127 violations.
    elapsed time = 00:00:36, memory = 2071.44 (MB).
    Completing 100% with 11059 violations.
    elapsed time = 00:00:42, memory = 1552.00 (MB).
[INFO DRT-0199]   Number of violations = 11059.
Viol/Layer        mcon   met1    via   met2   met3
Cut Spacing         11      0      1      0      0
Metal Spacing        0   1073      0    476      6
Short                0   8561      1    930      0
[INFO DRT-0267] cpu time = 00:07:37, elapsed time = 00:00:42, memory = 1596.14 (MB), peak = 2119.75 (MB)
Total wire length = 1248504 um.
Total wire length on LAYER li1 = 0 um.
Total wire length on LAYER met1 = 550894 um.
Total wire length on LAYER met2 = 552327 um.
Total wire length on LAYER met3 = 90577 um.
Total wire length on LAYER met4 = 54704 um.
Total wire length on LAYER met5 = 0 um.
Total number of vias = 197817.
Up-via summary (total 197817):

-------------------------
 FR_MASTERSLICE         0
            li1     86454
           met1    104320
           met2      5538
           met3      1505
           met4         0
-------------------------
               197817


[INFO DRT-0195] Start 2nd optimization iteration.
    Completing 10% with 11059 violations.
    elapsed time = 00:00:02, memory = 1653.50 (MB).
    Completing 20% with 11059 violations.
    elapsed time = 00:00:05, memory = 1826.12 (MB).
    Completing 30% with 10830 violations.
    elapsed time = 00:00:09, memory = 1616.19 (MB).
    Completing 40% with 10830 violations.
    elapsed time = 00:00:13, memory = 1794.23 (MB).
    Completing 50% with 10830 violations.
    elapsed time = 00:00:18, memory = 1861.55 (MB).
    Completing 60% with 10498 violations.
    elapsed time = 00:00:20, memory = 2004.12 (MB).
    Completing 70% with 10498 violations.
    elapsed time = 00:00:25, memory = 1727.22 (MB).
    Completing 80% with 10401 violations.
    elapsed time = 00:00:29, memory = 1694.83 (MB).
    Completing 90% with 10401 violations.
    elapsed time = 00:00:33, memory = 1617.72 (MB).
    Completing 100% with 10246 violations.
    elapsed time = 00:00:40, memory = 1631.73 (MB).
[INFO DRT-0199]   Number of violations = 10246.
Viol/Layer        mcon   met1    via   met2   met3
Cut Spacing         13      0      1      0      0
Metal Spacing        0    950      0    474      8
Short                0   7920      0    878      2
[INFO DRT-0267] cpu time = 00:07:16, elapsed time = 00:00:41, memory = 1664.08 (MB), peak = 2138.97 (MB)
Total wire length = 1246936 um.
Total wire length on LAYER li1 = 0 um.
Total wire length on LAYER met1 = 549866 um.
Total wire length on LAYER met2 = 551361 um.
Total wire length on LAYER met3 = 90798 um.
Total wire length on LAYER met4 = 54910 um.
Total wire length on LAYER met5 = 0 um.
Total number of vias = 197249.
Up-via summary (total 197249):

-------------------------
 FR_MASTERSLICE         0
            li1     86455
           met1    103585
           met2      5685
           met3      1524
           met4         0
-------------------------
               197249


[INFO DRT-0195] Start 3rd optimization iteration.
    Completing 10% with 10246 violations.
    elapsed time = 00:00:01, memory = 1790.28 (MB).
    Completing 20% with 10246 violations.
    elapsed time = 00:00:04, memory = 1921.42 (MB).
    Completing 30% with 7725 violations.
    elapsed time = 00:00:08, memory = 1855.23 (MB).
    Completing 40% with 7725 violations.
    elapsed time = 00:00:11, memory = 1853.16 (MB).
    Completing 50% with 7725 violations.
    elapsed time = 00:00:16, memory = 1737.91 (MB).
    Completing 60% with 5635 violations.
    elapsed time = 00:00:18, memory = 1813.78 (MB).
    Completing 70% with 5635 violations.
    elapsed time = 00:00:21, memory = 1849.28 (MB).
    Completing 80% with 3384 violations.
    elapsed time = 00:00:25, memory = 1802.38 (MB).
    Completing 90% with 3384 violations.
    elapsed time = 00:00:27, memory = 1991.48 (MB).
    Completing 100% with 1179 violations.
    elapsed time = 00:00:32, memory = 1941.64 (MB).
[INFO DRT-0199]   Number of violations = 1179.
Viol/Layer        mcon   met1    via   met2   met3
Cut Spacing          1      0      2      0      0
Metal Spacing        0    233      0    109      1
Min Hole             0      1      0      0      0
Short                0    719      0    109      4
[INFO DRT-0267] cpu time = 00:05:19, elapsed time = 00:00:33, memory = 1957.75 (MB), peak = 2138.97 (MB)
Total wire length = 1244953 um.
Total wire length on LAYER li1 = 0 um.
Total wire length on LAYER met1 = 510683 um.
Total wire length on LAYER met2 = 546048 um.
Total wire length on LAYER met3 = 127615 um.
Total wire length on LAYER met4 = 60606 um.
Total wire length on LAYER met5 = 0 um.
Total number of vias = 202687.
Up-via summary (total 202687):

-------------------------
 FR_MASTERSLICE         0
            li1     86446
           met1    104310
           met2      9914
           met3      2017
           met4         0
-------------------------
               202687


[INFO DRT-0195] Start 4th optimization iteration.
    Completing 10% with 1179 violations.
    elapsed time = 00:00:00, memory = 1959.22 (MB).
    Completing 20% with 1179 violations.
    elapsed time = 00:00:00, memory = 2017.08 (MB).
    Completing 30% with 928 violations.
    elapsed time = 00:00:01, memory = 2009.02 (MB).
    Completing 40% with 928 violations.
    elapsed time = 00:00:02, memory = 2017.83 (MB).
    Completing 50% with 928 violations.
    elapsed time = 00:00:03, memory = 2020.77 (MB).
    Completing 60% with 676 violations.
    elapsed time = 00:00:03, memory = 2029.55 (MB).
    Completing 70% with 676 violations.
    elapsed time = 00:00:03, memory = 2034.25 (MB).
    Completing 80% with 390 violations.
    elapsed time = 00:00:05, memory = 2026.31 (MB).
    Completing 90% with 390 violations.
    elapsed time = 00:00:05, memory = 2029.61 (MB).
    Completing 100% with 63 violations.
    elapsed time = 00:00:07, memory = 2034.89 (MB).
[INFO DRT-0199]   Number of violations = 63.
Viol/Layer        met1   met2
Metal Spacing       13     14
Short               28      8
[INFO DRT-0267] cpu time = 00:01:00, elapsed time = 00:00:07, memory = 2032.48 (MB), peak = 2138.97 (MB)
Total wire length = 1244757 um.
Total wire length on LAYER li1 = 0 um.
Total wire length on LAYER met1 = 508349 um.
Total wire length on LAYER met2 = 545528 um.
Total wire length on LAYER met3 = 129798 um.
Total wire length on LAYER met4 = 61081 um.
Total wire length on LAYER met5 = 0 um.
Total number of vias = 202853.
Up-via summary (total 202853):

-------------------------
 FR_MASTERSLICE         0
            li1     86447
           met1    104247
           met2     10102
           met3      2057
           met4         0
-------------------------
               202853


[INFO DRT-0195] Start 5th guides tiles iteration.
    Completing 10% with 63 violations.
    elapsed time = 00:00:00, memory = 2093.05 (MB).
    Completing 20% with 63 violations.
    elapsed time = 00:00:00, memory = 2093.05 (MB).
    Completing 30% with 63 violations.
    elapsed time = 00:00:00, memory = 2093.05 (MB).
    Completing 40% with 63 violations.
    elapsed time = 00:00:00, memory = 2093.05 (MB).
    Completing 50% with 63 violations.
    elapsed time = 00:00:00, memory = 2093.05 (MB).
    Completing 60% with 11 violations.
    elapsed time = 00:00:01, memory = 1982.61 (MB).
    Completing 70% with 11 violations.
    elapsed time = 00:00:01, memory = 1982.61 (MB).
    Completing 80% with 11 violations.
    elapsed time = 00:00:01, memory = 1982.61 (MB).
    Completing 90% with 11 violations.
    elapsed time = 00:00:01, memory = 1992.59 (MB).
    Completing 100% with 2 violations.
    elapsed time = 00:00:01, memory = 1965.89 (MB).
[INFO DRT-0199]   Number of violations = 2.
Viol/Layer        met1
Short                2
[INFO DRT-0267] cpu time = 00:00:02, elapsed time = 00:00:01, memory = 1964.97 (MB), peak = 2138.97 (MB)
Total wire length = 1244743 um.
Total wire length on LAYER li1 = 0 um.
Total wire length on LAYER met1 = 508206 um.
Total wire length on LAYER met2 = 545514 um.
Total wire length on LAYER met3 = 129935 um.
Total wire length on LAYER met4 = 61086 um.
Total wire length on LAYER met5 = 0 um.
Total number of vias = 202836.
Up-via summary (total 202836):

-------------------------
 FR_MASTERSLICE         0
            li1     86445
           met1    104228
           met2     10107
           met3      2056
           met4         0
-------------------------
               202836


[INFO DRT-0195] Start 6th guides tiles iteration.
    Completing 50% with 2 violations.
    elapsed time = 00:00:00, memory = 1964.97 (MB).
    Completing 100% with 2 violations.
    elapsed time = 00:00:00, memory = 1964.97 (MB).
[INFO DRT-0199]   Number of violations = 2.
Viol/Layer        met1
Short                2
[INFO DRT-0267] cpu time = 00:00:00, elapsed time = 00:00:00, memory = 1966.53 (MB), peak = 2138.97 (MB)
Total wire length = 1244747 um.
Total wire length on LAYER li1 = 0 um.
Total wire length on LAYER met1 = 508210 um.
Total wire length on LAYER met2 = 545514 um.
Total wire length on LAYER met3 = 129935 um.
Total wire length on LAYER met4 = 61086 um.
Total wire length on LAYER met5 = 0 um.
Total number of vias = 202836.
Up-via summary (total 202836):

-------------------------
 FR_MASTERSLICE         0
            li1     86445
           met1    104228
           met2     10107
           met3      2056
           met4         0
-------------------------
               202836


[INFO DRT-0195] Start 7th stubborn tiles iteration.
    Completing 10% with 2 violations.
    elapsed time = 00:00:00, memory = 2009.16 (MB).
    Completing 20% with 2 violations.
    elapsed time = 00:00:00, memory = 2017.81 (MB).
    Completing 30% with 2 violations.
    elapsed time = 00:00:00, memory = 2033.28 (MB).
    Completing 40% with 2 violations.
    elapsed time = 00:00:00, memory = 2059.67 (MB).
    Completing 50% with 2 violations.
    elapsed time = 00:00:00, memory = 2004.83 (MB).
    Completing 60% with 1 violations.
    elapsed time = 00:00:01, memory = 2096.55 (MB).
    Completing 70% with 1 violations.
    elapsed time = 00:00:01, memory = 1958.77 (MB).
    Completing 80% with 1 violations.
    elapsed time = 00:00:02, memory = 1972.25 (MB).
    Completing 90% with 1 violations.
    elapsed time = 00:00:02, memory = 1982.50 (MB).
    Completing 100% with 0 violations.
    elapsed time = 00:00:03, memory = 1900.61 (MB).
[INFO DRT-0199]   Number of violations = 0.
[INFO DRT-0267] cpu time = 00:00:38, elapsed time = 00:00:03, memory = 1908.34 (MB), peak = 2138.97 (MB)
Total wire length = 1244752 um.
Total wire length on LAYER li1 = 0 um.
Total wire length on LAYER met1 = 508211 um.
Total wire length on LAYER met2 = 545510 um.
Total wire length on LAYER met3 = 129937 um.
Total wire length on LAYER met4 = 61092 um.
Total wire length on LAYER met5 = 0 um.
Total number of vias = 202838.
Up-via summary (total 202838):

-------------------------
 FR_MASTERSLICE         0
            li1     86445
           met1    104226
           met2     10109
           met3      2058
           met4         0
-------------------------
               202838


[INFO DRT-0198] Complete detail routing.
Total wire length = 1244752 um.
Total wire length on LAYER li1 = 0 um.
Total wire length on LAYER met1 = 508211 um.
Total wire length on LAYER met2 = 545510 um.
Total wire length on LAYER met3 = 129937 um.
Total wire length on LAYER met4 = 61092 um.
Total wire length on LAYER met5 = 0 um.
Total number of vias = 202838.
Up-via summary (total 202838):

-------------------------
 FR_MASTERSLICE         0
            li1     86445
           met1    104226
           met2     10109
           met3      2058
           met4         0
-------------------------
               202838


[INFO DRT-0267] cpu time = 00:30:12, elapsed time = 00:02:56, memory = 1908.47 (MB), peak = 2138.97 (MB)

[INFO DRT-0180] Post processing.
+ check_antennas 
[INFO ANT-0002] Found 21 net violations.
[INFO ANT-0001] Found 25 pin violations.
[INFO] Running antenna repair iteration 1…
+ repair_antennas sky130_fd_sc_hd__diode_2 -ratio_margin 15
[INFO GRT-0012] Found 43 antenna violations.
[INFO GRT-0015] Inserted 53 diodes.
+ detailed_route -droute_end_iter 64 -or_seed 42 -verbose 1 -output_drc /Users/yomna/Documents/projects/harts/flow/openlane/runs/classic-flow/48-openroad-detailedrouting/drt-run-1/hw_scheduler_top.drc
[INFO DRT-0024]   Complete FR_MASTERSLICE.
[INFO DRT-0024]   Complete licon.
[INFO DRT-0024]   Complete li1.
[INFO DRT-0024]   Complete mcon.
[INFO DRT-0024]   Complete met1.
[INFO DRT-0024]   Complete via.
[INFO DRT-0024]   Complete met2.
[INFO DRT-0024]   Complete via2.
[INFO DRT-0024]   Complete met3.
[INFO DRT-0024]   Complete via3.
[INFO DRT-0024]   Complete met4.
[INFO DRT-0024]   Complete via4.
[INFO DRT-0024]   Complete met5.
[INFO DRT-0165] Start pin access.
[INFO DRT-0076]   Complete 1000 pins.
[INFO DRT-0078]   Complete 1952 pins.
[INFO DRT-0079]   Complete 100 unique inst patterns.
[INFO DRT-0079]   Complete 200 unique inst patterns.
[INFO DRT-0081]   Complete 253 unique inst patterns.
[INFO DRT-0082]   Complete 10000 groups.
[INFO DRT-0084]   Complete 18782 groups.
#scanned instances     = 37264
#unique  instances     = 253
#stdCellGenAp          = 7084
#stdCellValidPlanarAp  = 40
#stdCellValidViaAp     = 5320
#stdCellPinNoAp        = 0
#stdCellPinCnt         = 87671
#instTermValidViaApCnt = 0
#macroGenAp            = 0
#macroValidPlanarAp    = 0
#macroValidViaAp       = 0
#macroNoAp             = 0
[INFO DRT-0166] Complete pin access.
[INFO DRT-0267] cpu time = 00:04:04, elapsed time = 00:00:19, memory = 775.02 (MB), peak = 2138.97 (MB)
[INFO DRT-0156] guideIn read 100000 guides.
[INFO DRT-0156] guideIn read 200000 guides.

[INFO DRT-0157] Number of guides:     210479

[INFO DRT-0169] Post process guides.
[INFO DRT-0176] GCELLGRID X 0 DO 120 STEP 6900 ;
[INFO DRT-0177] GCELLGRID Y 0 DO 121 STEP 6900 ;
[INFO DRT-0026]   Complete 100000 origin guides.
[INFO DRT-0026]   Complete 200000 origin guides.
[INFO DRT-0028]   Complete FR_MASTERSLICE.
[INFO DRT-0028]   Complete licon.
[INFO DRT-0028]   Complete li1.
[INFO DRT-0028]   Complete mcon.
[INFO DRT-0028]   Complete met1.
[INFO DRT-0028]   Complete via.
[INFO DRT-0028]   Complete met2.
[INFO DRT-0028]   Complete via2.
[INFO DRT-0028]   Complete met3.
[INFO DRT-0028]   Complete via3.
[INFO DRT-0028]   Complete met4.
[INFO DRT-0028]   Complete via4.
[INFO DRT-0028]   Complete met5.
[INFO DRT-0178] Init guide query.
[INFO DRT-0035]   Complete FR_MASTERSLICE (guide).
[INFO DRT-0035]   Complete licon (guide).
[INFO DRT-0035]   Complete li1 (guide).
[INFO DRT-0035]   Complete mcon (guide).
[INFO DRT-0035]   Complete met1 (guide).
[INFO DRT-0035]   Complete via (guide).
[INFO DRT-0035]   Complete met2 (guide).
[INFO DRT-0035]   Complete via2 (guide).
[INFO DRT-0035]   Complete met3 (guide).
[INFO DRT-0035]   Complete via3 (guide).
[INFO DRT-0035]   Complete met4 (guide).
[INFO DRT-0035]   Complete via4 (guide).
[INFO DRT-0035]   Complete met5 (guide).
[INFO DRT-0036] FR_MASTERSLICE guide region query size = 0.
[INFO DRT-0036] licon guide region query size = 0.
[INFO DRT-0036] li1 guide region query size = 70277.
[INFO DRT-0036] mcon guide region query size = 0.
[INFO DRT-0036] met1 guide region query size = 62574.
[INFO DRT-0036] via guide region query size = 0.
[INFO DRT-0036] met2 guide region query size = 32378.
[INFO DRT-0036] via2 guide region query size = 0.
[INFO DRT-0036] met3 guide region query size = 2070.
[INFO DRT-0036] via3 guide region query size = 0.
[INFO DRT-0036] met4 guide region query size = 660.
[INFO DRT-0036] via4 guide region query size = 0.
[INFO DRT-0036] met5 guide region query size = 0.
[INFO DRT-0179] Init gr pin query.
[INFO DRT-0267] cpu time = 00:00:00, elapsed time = 00:00:00, memory = 858.58 (MB), peak = 2138.97 (MB)
[INFO DRT-0245] skipped writing guide updates to database.
[INFO DRT-0185] Post process initialize RPin region query.
[INFO DRT-0181] Start track assignment.
[INFO DRT-0184] Done with 103315 vertical wires in 3 frboxes and 64644 horizontal wires in 3 frboxes.
[INFO DRT-0186] Done with 13351 vertical wires in 3 frboxes and 21933 horizontal wires in 3 frboxes.
[INFO DRT-0182] Complete track assignment.
[INFO DRT-0267] cpu time = 00:00:05, elapsed time = 00:00:02, memory = 1108.02 (MB), peak = 2138.97 (MB)
[INFO DRT-0187] Start routing data preparation.
[INFO DRT-0267] cpu time = 00:00:00, elapsed time = 00:00:00, memory = 1137.47 (MB), peak = 2138.97 (MB)
[INFO DRT-0194] Start detail routing.
[INFO DRT-0195] Start 0th optimization iteration.
    Completing 10% with 0 violations.
    elapsed time = 00:00:00, memory = 1592.62 (MB).
    Completing 20% with 0 violations.
    elapsed time = 00:00:01, memory = 1698.45 (MB).
    Completing 30% with 472 violations.
    elapsed time = 00:00:03, memory = 1732.03 (MB).
    Completing 40% with 472 violations.
    elapsed time = 00:00:04, memory = 1814.55 (MB).
    Completing 50% with 472 violations.
    elapsed time = 00:00:06, memory = 1870.61 (MB).
    Completing 60% with 883 violations.
    elapsed time = 00:00:07, memory = 1223.27 (MB).
    Completing 70% with 883 violations.
    elapsed time = 00:00:08, memory = 1551.12 (MB).
    Completing 80% with 1198 violations.
    elapsed time = 00:00:09, memory = 1577.78 (MB).
    Completing 90% with 1198 violations.
    elapsed time = 00:00:10, memory = 1680.92 (MB).
    Completing 100% with 1489 violations.
    elapsed time = 00:00:11, memory = 1598.28 (MB).
[INFO DRT-0199]   Number of violations = 1682.
Viol/Layer        mcon   met1    via   met2   met3
Cut Spacing          3      0      0      0      0
Metal Spacing        0     93      0    152      0
Recheck              0     95      0     88     10
Short                0    674      1    549     17
[INFO DRT-0267] cpu time = 00:02:00, elapsed time = 00:00:11, memory = 1617.16 (MB), peak = 2138.97 (MB)
Total wire length = 1245487 um.
Total wire length on LAYER li1 = 0 um.
Total wire length on LAYER met1 = 509141 um.
Total wire length on LAYER met2 = 546397 um.
Total wire length on LAYER met3 = 129330 um.
Total wire length on LAYER met4 = 60617 um.
Total wire length on LAYER met5 = 0 um.
Total number of vias = 202956.
Up-via summary (total 202956):

-------------------------
 FR_MASTERSLICE         0
            li1     86528
           met1    104470
           met2      9936
           met3      2022
           met4         0
-------------------------
               202956


[INFO DRT-0195] Start 1st optimization iteration.
    Completing 10% with 1682 violations.
    elapsed time = 00:00:00, memory = 1743.61 (MB).
    Completing 20% with 1682 violations.
    elapsed time = 00:00:01, memory = 1731.94 (MB).
    Completing 30% with 1364 violations.
    elapsed time = 00:00:02, memory = 1818.95 (MB).
    Completing 40% with 1364 violations.
    elapsed time = 00:00:03, memory = 1969.61 (MB).
    Completing 50% with 1364 violations.
    elapsed time = 00:00:04, memory = 1977.27 (MB).
    Completing 60% with 1113 violations.
    elapsed time = 00:00:05, memory = 1476.72 (MB).
    Completing 70% with 1113 violations.
    elapsed time = 00:00:06, memory = 1714.53 (MB).
    Completing 80% with 699 violations.
    elapsed time = 00:00:08, memory = 1777.41 (MB).
    Completing 90% with 699 violations.
    elapsed time = 00:00:09, memory = 1850.69 (MB).
    Completing 100% with 355 violations.
    elapsed time = 00:00:10, memory = 1865.88 (MB).
[INFO DRT-0199]   Number of violations = 355.
Viol/Layer        met1   met2
Metal Spacing       23     51
Short              185     96
[INFO DRT-0267] cpu time = 00:01:46, elapsed time = 00:00:10, memory = 1874.91 (MB), peak = 2138.97 (MB)
Total wire length = 1244964 um.
Total wire length on LAYER li1 = 0 um.
Total wire length on LAYER met1 = 508852 um.
Total wire length on LAYER met2 = 545997 um.
Total wire length on LAYER met3 = 129358 um.
Total wire length on LAYER met4 = 60755 um.
Total wire length on LAYER met5 = 0 um.
Total number of vias = 202813.
Up-via summary (total 202813):

-------------------------
 FR_MASTERSLICE         0
            li1     86523
           met1    104334
           met2      9930
           met3      2026
           met4         0
-------------------------
               202813


[INFO DRT-0195] Start 2nd optimization iteration.
    Completing 10% with 355 violations.
    elapsed time = 00:00:00, memory = 1878.41 (MB).
    Completing 20% with 355 violations.
    elapsed time = 00:00:00, memory = 1916.95 (MB).
    Completing 30% with 342 violations.
    elapsed time = 00:00:01, memory = 1937.48 (MB).
    Completing 40% with 342 violations.
    elapsed time = 00:00:01, memory = 1937.48 (MB).
    Completing 50% with 342 violations.
    elapsed time = 00:00:02, memory = 1947.91 (MB).
    Completing 60% with 335 violations.
    elapsed time = 00:00:02, memory = 1948.00 (MB).
    Completing 70% with 335 violations.
    elapsed time = 00:00:02, memory = 1956.78 (MB).
    Completing 80% with 309 violations.
    elapsed time = 00:00:03, memory = 1958.58 (MB).
    Completing 90% with 309 violations.
    elapsed time = 00:00:03, memory = 1958.62 (MB).
    Completing 100% with 281 violations.
    elapsed time = 00:00:04, memory = 1968.84 (MB).
[INFO DRT-0199]   Number of violations = 281.
Viol/Layer        mcon   met1    via   met2
Cut Spacing          1      0      0      0
Metal Spacing        0     15      0     39
Short                0    160      1     65
[INFO DRT-0267] cpu time = 00:00:38, elapsed time = 00:00:04, memory = 1958.11 (MB), peak = 2138.97 (MB)
Total wire length = 1244877 um.
Total wire length on LAYER li1 = 0 um.
Total wire length on LAYER met1 = 508785 um.
Total wire length on LAYER met2 = 545953 um.
Total wire length on LAYER met3 = 129410 um.
Total wire length on LAYER met4 = 60728 um.
Total wire length on LAYER met5 = 0 um.
Total number of vias = 202797.
Up-via summary (total 202797):

-------------------------
 FR_MASTERSLICE         0
            li1     86522
           met1    104307
           met2      9943
           met3      2025
           met4         0
-------------------------
               202797


[INFO DRT-0195] Start 3rd optimization iteration.
    Completing 10% with 281 violations.
    elapsed time = 00:00:00, memory = 1958.42 (MB).
    Completing 20% with 281 violations.
    elapsed time = 00:00:00, memory = 1965.20 (MB).
    Completing 30% with 218 violations.
    elapsed time = 00:00:01, memory = 1976.58 (MB).
    Completing 40% with 218 violations.
    elapsed time = 00:00:01, memory = 1976.59 (MB).
    Completing 50% with 218 violations.
    elapsed time = 00:00:04, memory = 1992.14 (MB).
    Completing 60% with 155 violations.
    elapsed time = 00:00:04, memory = 1992.58 (MB).
    Completing 70% with 155 violations.
    elapsed time = 00:00:04, memory = 1992.58 (MB).
    Completing 80% with 112 violations.
    elapsed time = 00:00:05, memory = 1988.41 (MB).
    Completing 90% with 112 violations.
    elapsed time = 00:00:05, memory = 1988.44 (MB).
    Completing 100% with 20 violations.
    elapsed time = 00:00:06, memory = 1986.02 (MB).
[INFO DRT-0199]   Number of violations = 20.
Viol/Layer        met1   met2
Metal Spacing        0      6
Short                3     11
[INFO DRT-0267] cpu time = 00:00:36, elapsed time = 00:00:06, memory = 1998.19 (MB), peak = 2138.97 (MB)
Total wire length = 1244879 um.
Total wire length on LAYER li1 = 0 um.
Total wire length on LAYER met1 = 507812 um.
Total wire length on LAYER met2 = 545467 um.
Total wire length on LAYER met3 = 130391 um.
Total wire length on LAYER met4 = 61208 um.
Total wire length on LAYER met5 = 0 um.
Total number of vias = 203047.
Up-via summary (total 203047):

-------------------------
 FR_MASTERSLICE         0
            li1     86520
           met1    104359
           met2     10099
           met3      2069
           met4         0
-------------------------
               203047


[INFO DRT-0195] Start 4th guides tiles iteration.
    Completing 20% with 20 violations.
    elapsed time = 00:00:00, memory = 1998.36 (MB).
    Completing 40% with 20 violations.
    elapsed time = 00:00:00, memory = 1998.36 (MB).
    Completing 60% with 20 violations.
    elapsed time = 00:00:00, memory = 1998.36 (MB).
    Completing 80% with 0 violations.
    elapsed time = 00:00:00, memory = 1998.47 (MB).
    Completing 100% with 0 violations.
    elapsed time = 00:00:00, memory = 1998.47 (MB).
[INFO DRT-0199]   Number of violations = 0.
[INFO DRT-0267] cpu time = 00:00:00, elapsed time = 00:00:00, memory = 1978.31 (MB), peak = 2138.97 (MB)
Total wire length = 1244863 um.
Total wire length on LAYER li1 = 0 um.
Total wire length on LAYER met1 = 507788 um.
Total wire length on LAYER met2 = 545258 um.
Total wire length on LAYER met3 = 130408 um.
Total wire length on LAYER met4 = 61407 um.
Total wire length on LAYER met5 = 0 um.
Total number of vias = 203052.
Up-via summary (total 203052):

-------------------------
 FR_MASTERSLICE         0
            li1     86520
           met1    104351
           met2     10109
           met3      2072
           met4         0
-------------------------
               203052


[INFO DRT-0198] Complete detail routing.
Total wire length = 1244863 um.
Total wire length on LAYER li1 = 0 um.
Total wire length on LAYER met1 = 507788 um.
Total wire length on LAYER met2 = 545258 um.
Total wire length on LAYER met3 = 130408 um.
Total wire length on LAYER met4 = 61407 um.
Total wire length on LAYER met5 = 0 um.
Total number of vias = 203052.
Up-via summary (total 203052):

-------------------------
 FR_MASTERSLICE         0
            li1     86520
           met1    104351
           met2     10109
           met3      2072
           met4         0
-------------------------
               203052


[INFO DRT-0267] cpu time = 00:05:03, elapsed time = 00:00:34, memory = 1978.47 (MB), peak = 2138.97 (MB)

[INFO DRT-0180] Post processing.
+ check_antennas 
[INFO ANT-0002] Found 3 net violations.
[INFO ANT-0001] Found 4 pin violations.
[INFO] Running antenna repair iteration 2…
+ repair_antennas sky130_fd_sc_hd__diode_2 -ratio_margin 15
[INFO GRT-0012] Found 4 antenna violations.
[INFO GRT-0015] Inserted 6 diodes.
+ detailed_route -droute_end_iter 64 -or_seed 42 -verbose 1 -output_drc /Users/yomna/Documents/projects/harts/flow/openlane/runs/classic-flow/48-openroad-detailedrouting/drt-run-2/hw_scheduler_top.drc
[INFO DRT-0024]   Complete FR_MASTERSLICE.
[INFO DRT-0024]   Complete licon.
[INFO DRT-0024]   Complete li1.
[INFO DRT-0024]   Complete mcon.
[INFO DRT-0024]   Complete met1.
[INFO DRT-0024]   Complete via.
[INFO DRT-0024]   Complete met2.
[INFO DRT-0024]   Complete via2.
[INFO DRT-0024]   Complete met3.
[INFO DRT-0024]   Complete via3.
[INFO DRT-0024]   Complete met4.
[INFO DRT-0024]   Complete via4.
[INFO DRT-0024]   Complete met5.
[INFO DRT-0165] Start pin access.
[INFO DRT-0076]   Complete 1000 pins.
[INFO DRT-0078]   Complete 1952 pins.
[INFO DRT-0079]   Complete 100 unique inst patterns.
[INFO DRT-0079]   Complete 200 unique inst patterns.
[INFO DRT-0081]   Complete 253 unique inst patterns.
[INFO DRT-0082]   Complete 10000 groups.
[INFO DRT-0084]   Complete 18782 groups.
#scanned instances     = 37270
#unique  instances     = 253
#stdCellGenAp          = 7084
#stdCellValidPlanarAp  = 40
#stdCellValidViaAp     = 5320
#stdCellPinNoAp        = 0
#stdCellPinCnt         = 87671
#instTermValidViaApCnt = 0
#macroGenAp            = 0
#macroValidPlanarAp    = 0
#macroValidViaAp       = 0
#macroNoAp             = 0
[INFO DRT-0166] Complete pin access.
[INFO DRT-0267] cpu time = 00:03:20, elapsed time = 00:00:15, memory = 1720.61 (MB), peak = 2184.73 (MB)
[INFO DRT-0156] guideIn read 100000 guides.
[INFO DRT-0156] guideIn read 200000 guides.

[INFO DRT-0157] Number of guides:     210481

[INFO DRT-0169] Post process guides.
[INFO DRT-0176] GCELLGRID X 0 DO 120 STEP 6900 ;
[INFO DRT-0177] GCELLGRID Y 0 DO 121 STEP 6900 ;
[INFO DRT-0026]   Complete 100000 origin guides.
[INFO DRT-0026]   Complete 200000 origin guides.
[INFO DRT-0028]   Complete FR_MASTERSLICE.
[INFO DRT-0028]   Complete licon.
[INFO DRT-0028]   Complete li1.
[INFO DRT-0028]   Complete mcon.
[INFO DRT-0028]   Complete met1.
[INFO DRT-0028]   Complete via.
[INFO DRT-0028]   Complete met2.
[INFO DRT-0028]   Complete via2.
[INFO DRT-0028]   Complete met3.
[INFO DRT-0028]   Complete via3.
[INFO DRT-0028]   Complete met4.
[INFO DRT-0028]   Complete via4.
[INFO DRT-0028]   Complete met5.
[INFO DRT-0178] Init guide query.
[INFO DRT-0035]   Complete FR_MASTERSLICE (guide).
[INFO DRT-0035]   Complete licon (guide).
[INFO DRT-0035]   Complete li1 (guide).
[INFO DRT-0035]   Complete mcon (guide).
[INFO DRT-0035]   Complete met1 (guide).
[INFO DRT-0035]   Complete via (guide).
[INFO DRT-0035]   Complete met2 (guide).
[INFO DRT-0035]   Complete via2 (guide).
[INFO DRT-0035]   Complete met3 (guide).
[INFO DRT-0035]   Complete via3 (guide).
[INFO DRT-0035]   Complete met4 (guide).
[INFO DRT-0035]   Complete via4 (guide).
[INFO DRT-0035]   Complete met5 (guide).
[INFO DRT-0036] FR_MASTERSLICE guide region query size = 0.
[INFO DRT-0036] licon guide region query size = 0.
[INFO DRT-0036] li1 guide region query size = 70278.
[INFO DRT-0036] mcon guide region query size = 0.
[INFO DRT-0036] met1 guide region query size = 62575.
[INFO DRT-0036] via guide region query size = 0.
[INFO DRT-0036] met2 guide region query size = 32377.
[INFO DRT-0036] via2 guide region query size = 0.
[INFO DRT-0036] met3 guide region query size = 2071.
[INFO DRT-0036] via3 guide region query size = 0.
[INFO DRT-0036] met4 guide region query size = 661.
[INFO DRT-0036] via4 guide region query size = 0.
[INFO DRT-0036] met5 guide region query size = 0.
[INFO DRT-0179] Init gr pin query.
[INFO DRT-0267] cpu time = 00:00:00, elapsed time = 00:00:00, memory = 1749.22 (MB), peak = 2184.73 (MB)
[INFO DRT-0245] skipped writing guide updates to database.
[INFO DRT-0185] Post process initialize RPin region query.
[INFO DRT-0181] Start track assignment.
[INFO DRT-0184] Done with 103316 vertical wires in 3 frboxes and 64646 horizontal wires in 3 frboxes.
[INFO DRT-0186] Done with 13379 vertical wires in 3 frboxes and 21983 horizontal wires in 3 frboxes.
[INFO DRT-0182] Complete track assignment.
[INFO DRT-0267] cpu time = 00:00:05, elapsed time = 00:00:02, memory = 1776.06 (MB), peak = 2184.73 (MB)
[INFO DRT-0187] Start routing data preparation.
[INFO DRT-0267] cpu time = 00:00:00, elapsed time = 00:00:00, memory = 1806.30 (MB), peak = 2184.73 (MB)
[INFO DRT-0194] Start detail routing.
[INFO DRT-0195] Start 0th optimization iteration.
    Completing 10% with 0 violations.
    elapsed time = 00:00:00, memory = 1937.08 (MB).
    Completing 20% with 0 violations.
    elapsed time = 00:00:01, memory = 2078.70 (MB).
    Completing 30% with 75 violations.
    elapsed time = 00:00:02, memory = 2000.50 (MB).
    Completing 40% with 75 violations.
    elapsed time = 00:00:03, memory = 2098.14 (MB).
    Completing 50% with 75 violations.
    elapsed time = 00:00:04, memory = 2167.48 (MB).
    Completing 60% with 145 violations.
    elapsed time = 00:00:05, memory = 2191.08 (MB).
    Completing 70% with 145 violations.
    elapsed time = 00:00:06, memory = 2262.42 (MB).
    Completing 80% with 187 violations.
    elapsed time = 00:00:07, memory = 2143.03 (MB).
    Completing 90% with 187 violations.
    elapsed time = 00:00:08, memory = 2210.23 (MB).
    Completing 100% with 226 violations.
    elapsed time = 00:00:09, memory = 2161.20 (MB).
[INFO DRT-0199]   Number of violations = 257.
Viol/Layer        met1   met2   met3
Metal Spacing        4     32      0
Recheck             10     19      2
Short               93     93      4
[INFO DRT-0267] cpu time = 00:01:37, elapsed time = 00:00:09, memory = 2170.97 (MB), peak = 2299.42 (MB)
Total wire length = 1244989 um.
Total wire length on LAYER li1 = 0 um.
Total wire length on LAYER met1 = 508130 um.
Total wire length on LAYER met2 = 545402 um.
Total wire length on LAYER met3 = 130124 um.
Total wire length on LAYER met4 = 61332 um.
Total wire length on LAYER met5 = 0 um.
Total number of vias = 203078.
Up-via summary (total 203078):

-------------------------
 FR_MASTERSLICE         0
            li1     86528
           met1    104402
           met2     10084
           met3      2064
           met4         0
-------------------------
               203078


[INFO DRT-0195] Start 1st optimization iteration.
    Completing 10% with 257 violations.
    elapsed time = 00:00:00, memory = 2245.09 (MB).
    Completing 20% with 257 violations.
    elapsed time = 00:00:01, memory = 2347.77 (MB).
    Completing 30% with 158 violations.
    elapsed time = 00:00:02, memory = 2357.23 (MB).
    Completing 40% with 158 violations.
    elapsed time = 00:00:03, memory = 2357.44 (MB).
    Completing 50% with 158 violations.
    elapsed time = 00:00:04, memory = 2362.56 (MB).
    Completing 60% with 106 violations.
    elapsed time = 00:00:05, memory = 2350.05 (MB).
    Completing 70% with 106 violations.
    elapsed time = 00:00:05, memory = 2437.03 (MB).
    Completing 80% with 49 violations.
    elapsed time = 00:00:06, memory = 2367.44 (MB).
    Completing 90% with 49 violations.
    elapsed time = 00:00:07, memory = 2399.56 (MB).
    Completing 100% with 24 violations.
    elapsed time = 00:00:08, memory = 2316.86 (MB).
[INFO DRT-0199]   Number of violations = 24.
Viol/Layer        met1   met2
Metal Spacing        0      7
Short                7     10
[INFO DRT-0267] cpu time = 00:01:34, elapsed time = 00:00:09, memory = 2314.44 (MB), peak = 2488.55 (MB)
Total wire length = 1244864 um.
Total wire length on LAYER li1 = 0 um.
Total wire length on LAYER met1 = 507998 um.
Total wire length on LAYER met2 = 545318 um.
Total wire length on LAYER met3 = 130198 um.
Total wire length on LAYER met4 = 61348 um.
Total wire length on LAYER met5 = 0 um.
Total number of vias = 203032.
Up-via summary (total 203032):

-------------------------
 FR_MASTERSLICE         0
            li1     86527
           met1    104355
           met2     10086
           met3      2064
           met4         0
-------------------------
               203032


[INFO DRT-0195] Start 2nd optimization iteration.
    Completing 10% with 24 violations.
    elapsed time = 00:00:00, memory = 2314.44 (MB).
    Completing 20% with 24 violations.
    elapsed time = 00:00:00, memory = 2314.44 (MB).
    Completing 30% with 23 violations.
    elapsed time = 00:00:00, memory = 2315.69 (MB).
    Completing 40% with 23 violations.
    elapsed time = 00:00:00, memory = 2315.69 (MB).
    Completing 50% with 23 violations.
    elapsed time = 00:00:00, memory = 2315.75 (MB).
    Completing 60% with 20 violations.
    elapsed time = 00:00:00, memory = 2315.75 (MB).
    Completing 70% with 20 violations.
    elapsed time = 00:00:00, memory = 2315.75 (MB).
    Completing 80% with 17 violations.
    elapsed time = 00:00:01, memory = 2316.09 (MB).
    Completing 90% with 17 violations.
    elapsed time = 00:00:01, memory = 2316.09 (MB).
    Completing 100% with 17 violations.
    elapsed time = 00:00:01, memory = 2316.23 (MB).
[INFO DRT-0199]   Number of violations = 17.
Viol/Layer        met1   met2
Metal Spacing        0      4
Short                6      7
[INFO DRT-0267] cpu time = 00:00:04, elapsed time = 00:00:02, memory = 2266.67 (MB), peak = 2488.55 (MB)
Total wire length = 1244878 um.
Total wire length on LAYER li1 = 0 um.
Total wire length on LAYER met1 = 508020 um.
Total wire length on LAYER met2 = 545326 um.
Total wire length on LAYER met3 = 130183 um.
Total wire length on LAYER met4 = 61348 um.
Total wire length on LAYER met5 = 0 um.
Total number of vias = 203040.
Up-via summary (total 203040):

-------------------------
 FR_MASTERSLICE         0
            li1     86527
           met1    104365
           met2     10084
           met3      2064
           met4         0
-------------------------
               203040


[INFO DRT-0195] Start 3rd guides tiles iteration.
    Completing 10% with 17 violations.
    elapsed time = 00:00:00, memory = 2332.92 (MB).
    Completing 20% with 17 violations.
    elapsed time = 00:00:00, memory = 2332.95 (MB).
    Completing 30% with 17 violations.
    elapsed time = 00:00:00, memory = 2332.95 (MB).
    Completing 40% with 17 violations.
    elapsed time = 00:00:00, memory = 2332.95 (MB).
    Completing 50% with 17 violations.
    elapsed time = 00:00:00, memory = 2268.70 (MB).
    Completing 60% with 2 violations.
    elapsed time = 00:00:00, memory = 2268.81 (MB).
    Completing 70% with 2 violations.
    elapsed time = 00:00:00, memory = 2268.81 (MB).
    Completing 80% with 2 violations.
    elapsed time = 00:00:00, memory = 2268.81 (MB).
    Completing 90% with 2 violations.
    elapsed time = 00:00:00, memory = 2268.83 (MB).
    Completing 100% with 1 violations.
    elapsed time = 00:00:00, memory = 2268.88 (MB).
[INFO DRT-0199]   Number of violations = 1.
Viol/Layer        met1
Short                1
[INFO DRT-0267] cpu time = 00:00:01, elapsed time = 00:00:00, memory = 2289.30 (MB), peak = 2488.55 (MB)
Total wire length = 1244854 um.
Total wire length on LAYER li1 = 0 um.
Total wire length on LAYER met1 = 507877 um.
Total wire length on LAYER met2 = 544853 um.
Total wire length on LAYER met3 = 130319 um.
Total wire length on LAYER met4 = 61803 um.
Total wire length on LAYER met5 = 0 um.
Total number of vias = 203039.
Up-via summary (total 203039):

-------------------------
 FR_MASTERSLICE         0
            li1     86527
           met1    104340
           met2     10100
           met3      2072
           met4         0
-------------------------
               203039


[INFO DRT-0195] Start 4th guides tiles iteration.
    Completing 100% with 1 violations.
    elapsed time = 00:00:00, memory = 2289.31 (MB).
[INFO DRT-0199]   Number of violations = 1.
Viol/Layer        met1
Short                1
[INFO DRT-0267] cpu time = 00:00:00, elapsed time = 00:00:00, memory = 2301.97 (MB), peak = 2488.55 (MB)
Total wire length = 1244854 um.
Total wire length on LAYER li1 = 0 um.
Total wire length on LAYER met1 = 507877 um.
Total wire length on LAYER met2 = 544853 um.
Total wire length on LAYER met3 = 130319 um.
Total wire length on LAYER met4 = 61803 um.
Total wire length on LAYER met5 = 0 um.
Total number of vias = 203039.
Up-via summary (total 203039):

-------------------------
 FR_MASTERSLICE         0
            li1     86527
           met1    104340
           met2     10100
           met3      2072
           met4         0
-------------------------
               203039


[INFO DRT-0195] Start 5th stubborn tiles iteration.
    Completing 10% with 1 violations.
    elapsed time = 00:00:00, memory = 2310.61 (MB).
    Completing 20% with 1 violations.
    elapsed time = 00:00:00, memory = 2311.50 (MB).
    Completing 30% with 1 violations.
    elapsed time = 00:00:00, memory = 2322.62 (MB).
    Completing 40% with 1 violations.
    elapsed time = 00:00:01, memory = 2338.72 (MB).
    Completing 50% with 1 violations.
    elapsed time = 00:00:01, memory = 2344.48 (MB).
    Completing 60% with 1 violations.
    elapsed time = 00:00:01, memory = 2364.88 (MB).
    Completing 70% with 1 violations.
    elapsed time = 00:00:01, memory = 2378.23 (MB).
    Completing 80% with 1 violations.
    elapsed time = 00:00:01, memory = 2380.30 (MB).
    Completing 90% with 1 violations.
    elapsed time = 00:00:02, memory = 2382.92 (MB).
    Completing 100% with 0 violations.
    elapsed time = 00:00:02, memory = 2384.36 (MB).
[INFO DRT-0199]   Number of violations = 0.
[INFO DRT-0267] cpu time = 00:00:28, elapsed time = 00:00:02, memory = 2311.56 (MB), peak = 2488.55 (MB)
Total wire length = 1244851 um.
Total wire length on LAYER li1 = 0 um.
Total wire length on LAYER met1 = 507856 um.
Total wire length on LAYER met2 = 544853 um.
Total wire length on LAYER met3 = 130338 um.
Total wire length on LAYER met4 = 61803 um.
Total wire length on LAYER met5 = 0 um.
Total number of vias = 203041.
Up-via summary (total 203041):

-------------------------
 FR_MASTERSLICE         0
            li1     86527
           met1    104340
           met2     10102
           met3      2072
           met4         0
-------------------------
               203041


[INFO DRT-0198] Complete detail routing.
Total wire length = 1244851 um.
Total wire length on LAYER li1 = 0 um.
Total wire length on LAYER met1 = 507856 um.
Total wire length on LAYER met2 = 544853 um.
Total wire length on LAYER met3 = 130338 um.
Total wire length on LAYER met4 = 61803 um.
Total wire length on LAYER met5 = 0 um.
Total number of vias = 203041.
Up-via summary (total 203041):

-------------------------
 FR_MASTERSLICE         0
            li1     86527
           met1    104340
           met2     10102
           met3      2072
           met4         0
-------------------------
               203041


[INFO DRT-0267] cpu time = 00:03:47, elapsed time = 00:00:24, memory = 2311.59 (MB), peak = 2488.55 (MB)

[INFO DRT-0180] Post processing.
+ check_antennas 
[INFO ANT-0002] Found 0 net violations.
[INFO ANT-0001] Found 0 pin violations.
Setting global connections for newly added cells…
[INFO] Setting global connections...
[INFO ODB-0403] 236 connections made, 0 conflicts skipped.
Updating metrics…
Cell type report:                       Count       Area
  Fill cell                               602    2259.67
  Tap cell                               9544   11941.45
  Antenna cell                            205     512.99
  Buffer                                 2847   13510.46
  Clock buffer                            541    7148.11
  Timing Repair Buffer                   1968   16878.69
  Inverter                               2201    8992.37
  Clock inverter                           95    1226.18
  Sequential cell                        2860   74503.96
  Multi-Input combinational cell        16407  139204.76
  Total                                 37270  276178.63
Writing OpenROAD database to '/Users/yomna/Documents/projects/harts/flow/openlane/runs/classic-flow/48-openroad-detailedrouting/hw_scheduler_top.odb'…
Writing netlist to '/Users/yomna/Documents/projects/harts/flow/openlane/runs/classic-flow/48-openroad-detailedrouting/hw_scheduler_top.nl.v'…
Writing powered netlist to '/Users/yomna/Documents/projects/harts/flow/openlane/runs/classic-flow/48-openroad-detailedrouting/hw_scheduler_top.pnl.v'…
Writing layout to '/Users/yomna/Documents/projects/harts/flow/openlane/runs/classic-flow/48-openroad-detailedrouting/hw_scheduler_top.def'…
Writing timing constraints to '/Users/yomna/Documents/projects/harts/flow/openlane/runs/classic-flow/48-openroad-detailedrouting/hw_scheduler_top.sdc'…
