
===========================================================================
Violator List
============================================================================
[hold in-reg] rst_n -> _28218_/RESET_B : -0.304780
[hold in-reg] rst_n -> _28219_/RESET_B : -0.304780
[hold in-reg] cs_n -> _28221_/D : -0.096197
[hold in-reg] sclk -> _28220_/D : -0.090686
[hold in-reg] mosi -> _28052_/D : -0.026480
[hold in-reg] scan_in -> _29005_/D : -0.022493
[hold in-reg] scan_en -> _29021_/D : -0.019585
[hold in-reg] scan_en -> _29037_/D : -0.019585
[hold in-reg] scan_en -> _29028_/D : -0.019585
[hold in-reg] scan_en -> _29057_/D : -0.019585
[hold in-reg] scan_en -> _29055_/D : -0.019584
[hold in-reg] scan_en -> _29056_/D : -0.019584
[hold in-reg] scan_en -> _29036_/D : -0.019583
[hold in-reg] scan_en -> _29017_/D : -0.019580
[hold in-reg] scan_en -> _29027_/D : -0.019578
[hold in-reg] scan_en -> _29045_/D : -0.019575
[hold in-reg] scan_en -> _29029_/D : -0.019575
[hold in-reg] scan_en -> _29023_/D : -0.019573
[hold in-reg] scan_en -> _29006_/D : -0.019566
[hold in-reg] scan_en -> _29007_/D : -0.019566
[hold in-reg] scan_en -> _29008_/D : -0.019566
[hold in-reg] scan_en -> _29009_/D : -0.019566
[hold in-reg] scan_en -> _29010_/D : -0.019566
[hold in-reg] scan_en -> _29011_/D : -0.019566
[hold in-reg] scan_en -> _29012_/D : -0.019566
[hold in-reg] scan_en -> _29015_/D : -0.019566
[hold in-reg] scan_en -> _29016_/D : -0.019566
[hold in-reg] scan_en -> _29018_/D : -0.019566
[hold in-reg] scan_en -> _29019_/D : -0.019566
[hold in-reg] scan_en -> _29020_/D : -0.019566
[hold in-reg] scan_en -> _29022_/D : -0.019566
[hold in-reg] scan_en -> _29024_/D : -0.019566
[hold in-reg] scan_en -> _29025_/D : -0.019566
[hold in-reg] scan_en -> _29026_/D : -0.019566
[hold in-reg] scan_en -> _29030_/D : -0.019566
[hold in-reg] scan_en -> _29031_/D : -0.019566
[hold in-reg] scan_en -> _29032_/D : -0.019566
[hold in-reg] scan_en -> _29033_/D : -0.019566
[hold in-reg] scan_en -> _29034_/D : -0.019566
[hold in-reg] scan_en -> _29035_/D : -0.019566
[hold in-reg] scan_en -> _29038_/D : -0.019566
[hold in-reg] scan_en -> _29039_/D : -0.019566
[hold in-reg] scan_en -> _29040_/D : -0.019566
[hold in-reg] scan_en -> _29041_/D : -0.019566
[hold in-reg] scan_en -> _29042_/D : -0.019566
[hold in-reg] scan_en -> _29043_/D : -0.019566
[hold in-reg] scan_en -> _29044_/D : -0.019566
[hold in-reg] scan_en -> _29046_/D : -0.019566
[hold in-reg] scan_en -> _29047_/D : -0.019566
[hold in-reg] scan_en -> _29048_/D : -0.019566
[hold in-reg] scan_en -> _29049_/D : -0.019566
[hold in-reg] scan_en -> _29050_/D : -0.019566
[hold in-reg] scan_en -> _29051_/D : -0.019566
[hold in-reg] scan_en -> _29052_/D : -0.019566
[hold in-reg] scan_en -> _29053_/D : -0.019566
[hold in-reg] scan_en -> _29054_/D : -0.019566
[hold in-reg] scan_en -> _29013_/D : -0.018499
[hold in-reg] scan_en -> _29014_/D : -0.018499
[hold in-reg] scan_en -> _29058_/D : -0.018499
[hold in-reg] scan_en -> _29059_/D : -0.018499
[hold in-reg] scan_en -> _29060_/D : -0.018499
[hold in-reg] scan_en -> _29061_/D : -0.018499
[hold in-reg] scan_en -> _29062_/D : -0.018499
[hold in-reg] scan_en -> _29063_/D : -0.018499
[hold in-reg] scan_en -> _29064_/D : -0.018499
[hold in-reg] scan_en -> _29065_/D : -0.018499
[hold in-reg] scan_en -> _29066_/D : -0.018499
[hold in-reg] scan_en -> _29067_/D : -0.018499
[hold in-reg] scan_en -> _29068_/D : -0.018499
[hold in-reg] scan_en -> _29069_/D : -0.018499
[hold in-reg] scan_en -> _29070_/D : -0.018499
[hold in-reg] scan_en -> _29071_/D : -0.018499
[hold in-reg] scan_en -> _29072_/D : -0.018499
[hold in-reg] scan_en -> _29073_/D : -0.018499
[hold in-reg] scan_en -> _29074_/D : -0.018499
[hold in-reg] scan_en -> _29075_/D : -0.018499
[hold in-reg] scan_en -> _29076_/D : -0.018499
[hold in-reg] scan_en -> _29077_/D : -0.018499
[hold in-reg] scan_en -> _29078_/D : -0.018499
[hold in-reg] scan_en -> _29079_/D : -0.018499
[hold in-reg] scan_en -> _29080_/D : -0.018499
[hold in-reg] scan_en -> _29081_/D : -0.018499
[hold in-reg] scan_en -> _29082_/D : -0.018499
[hold in-reg] scan_en -> _29083_/D : -0.018499
[hold in-reg] scan_en -> _29084_/D : -0.018499
[hold in-reg] scan_en -> _29085_/D : -0.018499
[hold in-reg] scan_en -> _29086_/D : -0.018499
[hold in-reg] scan_en -> _29087_/D : -0.018499
[hold in-reg] scan_en -> _29088_/D : -0.018499
[hold in-reg] scan_en -> _29089_/D : -0.018499
[hold in-reg] scan_en -> _29090_/D : -0.018499
[hold in-reg] scan_en -> _29091_/D : -0.018499
[hold in-reg] scan_en -> _29092_/D : -0.018499
[hold in-reg] scan_en -> _29093_/D : -0.018499
[hold in-reg] scan_en -> _29094_/D : -0.018499
[hold in-reg] scan_en -> _29095_/D : -0.018499
[hold in-reg] scan_en -> _29096_/D : -0.018499
[hold in-reg] scan_en -> _29097_/D : -0.018499
[hold in-reg] scan_en -> _29098_/D : -0.018499
[hold in-reg] scan_en -> _29099_/D : -0.018499
[hold in-reg] scan_en -> _29100_/D : -0.018499
[hold in-reg] scan_en -> _29101_/D : -0.018499
[hold in-reg] scan_en -> _29102_/D : -0.018499
[hold in-reg] scan_en -> _29103_/D : -0.018499
[hold in-reg] scan_en -> _29104_/D : -0.018499
[hold in-reg] scan_en -> _29105_/D : -0.018499
[hold in-reg] scan_en -> _29106_/D : -0.018499
[hold in-reg] scan_en -> _29107_/D : -0.018499
[hold in-reg] scan_en -> _29108_/D : -0.018499
[hold in-reg] scan_en -> _29109_/D : -0.018499
[hold in-reg] scan_en -> _29110_/D : -0.018499
[hold in-reg] scan_en -> _29111_/D : -0.018499
[hold in-reg] scan_en -> _29112_/D : -0.018499
[hold in-reg] scan_en -> _29113_/D : -0.018499
[hold in-reg] scan_en -> _29114_/D : -0.018499
[hold in-reg] scan_en -> _29115_/D : -0.018499
[hold in-reg] scan_en -> _29116_/D : -0.018499
[hold in-reg] scan_en -> _29117_/D : -0.018499
[hold in-reg] scan_en -> _29118_/D : -0.018499
[hold in-reg] scan_en -> _29119_/D : -0.018499
[hold in-reg] scan_en -> _29120_/D : -0.018499
[hold in-reg] scan_en -> _29121_/D : -0.018499
[hold in-reg] scan_en -> _29122_/D : -0.018499
[hold in-reg] scan_en -> _29123_/D : -0.018499
[hold in-reg] scan_en -> _29124_/D : -0.018499
[hold in-reg] scan_en -> _29125_/D : -0.018499
[hold in-reg] scan_en -> _29126_/D : -0.018499
[hold in-reg] scan_en -> _29127_/D : -0.018499
[hold in-reg] scan_en -> _29128_/D : -0.018499
[hold in-reg] scan_en -> _29129_/D : -0.018499
[hold in-reg] scan_en -> _29130_/D : -0.018499
[hold in-reg] scan_en -> _29131_/D : -0.018499
[hold in-reg] scan_en -> _29132_/D : -0.018499
[hold in-reg] scan_en -> _29133_/D : -0.018499
[hold in-reg] scan_en -> _29134_/D : -0.018499
[hold in-reg] scan_en -> _29135_/D : -0.018499
[hold in-reg] scan_en -> _29136_/D : -0.018499
[hold in-reg] scan_en -> _29137_/D : -0.018499
[hold in-reg] scan_en -> _29138_/D : -0.018499
[hold in-reg] scan_en -> _29139_/D : -0.018499
[hold in-reg] scan_en -> _29140_/D : -0.018499
[hold in-reg] scan_en -> _29141_/D : -0.018499
[hold in-reg] scan_en -> _29142_/D : -0.018499
[hold in-reg] scan_en -> _29143_/D : -0.018499
[hold in-reg] scan_en -> _29144_/D : -0.018499
[hold in-reg] scan_en -> _29145_/D : -0.018499
[hold in-reg] scan_en -> _29146_/D : -0.018499
[hold in-reg] scan_en -> _29147_/D : -0.018499
[hold in-reg] scan_en -> _29148_/D : -0.018499
[hold in-reg] scan_en -> _29149_/D : -0.018499
[hold in-reg] scan_en -> _29150_/D : -0.018499
[hold in-reg] scan_en -> _29151_/D : -0.018499
[hold in-reg] scan_en -> _29152_/D : -0.018499
[hold in-reg] scan_en -> _29153_/D : -0.018499
[hold in-reg] scan_en -> _29154_/D : -0.018499
[hold in-reg] scan_en -> _29155_/D : -0.018499
[hold in-reg] scan_en -> _29156_/D : -0.018499
[hold in-reg] scan_en -> _29157_/D : -0.018499
[hold in-reg] scan_en -> _29158_/D : -0.018499
[hold in-reg] scan_en -> _29159_/D : -0.018499
[hold in-reg] scan_en -> _29160_/D : -0.018499
[hold in-reg] scan_en -> _29161_/D : -0.018499
[hold in-reg] scan_en -> _29162_/D : -0.018499
[hold in-reg] scan_en -> _29163_/D : -0.018499
[hold in-reg] scan_en -> _29164_/D : -0.018499
[hold in-reg] scan_en -> _29165_/D : -0.018499
[hold in-reg] scan_en -> _29166_/D : -0.018499
[hold in-reg] scan_en -> _29167_/D : -0.018499
[hold in-reg] scan_en -> _29168_/D : -0.018499
[hold in-reg] scan_en -> _29169_/D : -0.018499
[hold in-reg] scan_en -> _29170_/D : -0.018499
[hold in-reg] scan_en -> _29171_/D : -0.018499
[hold in-reg] scan_en -> _29172_/D : -0.018499
[hold in-reg] scan_en -> _29173_/D : -0.018499
[hold in-reg] scan_en -> _29174_/D : -0.018499
[hold in-reg] scan_en -> _29175_/D : -0.018499
[hold in-reg] scan_en -> _29176_/D : -0.018499
[hold in-reg] scan_en -> _29177_/D : -0.018499
[hold in-reg] scan_en -> _29178_/D : -0.018499
[hold in-reg] scan_en -> _29179_/D : -0.018499
[hold in-reg] scan_en -> _29180_/D : -0.018499
[hold in-reg] scan_en -> _29181_/D : -0.018499
[hold in-reg] scan_en -> _29182_/D : -0.018499
[hold in-reg] scan_en -> _29183_/D : -0.018499
[hold in-reg] scan_en -> _29184_/D : -0.018499
[hold in-reg] scan_en -> _29185_/D : -0.018499
[hold in-reg] scan_en -> _29186_/D : -0.018499
[hold in-reg] scan_en -> _29187_/D : -0.018499
[hold in-reg] scan_en -> _29188_/D : -0.018499
[hold in-reg] scan_en -> _29189_/D : -0.018499
[hold in-reg] scan_en -> _29190_/D : -0.018499
[hold in-reg] scan_en -> _29191_/D : -0.018499
[hold in-reg] scan_en -> _29192_/D : -0.018499
[hold in-reg] scan_en -> _29193_/D : -0.018499
[hold in-reg] scan_en -> _29194_/D : -0.018499
[hold in-reg] scan_en -> _29195_/D : -0.018499
[hold in-reg] scan_en -> _29196_/D : -0.018499
[hold in-reg] scan_en -> _29197_/D : -0.018499
[hold in-reg] scan_en -> _29198_/D : -0.018499
[hold in-reg] scan_en -> _29199_/D : -0.018499
[hold in-reg] scan_en -> _29200_/D : -0.018499
[hold in-reg] scan_en -> _29201_/D : -0.018499
[hold in-reg] scan_en -> _29202_/D : -0.018499
[hold in-reg] scan_en -> _29203_/D : -0.018499
[hold in-reg] scan_en -> _29204_/D : -0.018499
[hold in-reg] scan_en -> _29205_/D : -0.018499
[hold in-reg] scan_en -> _29206_/D : -0.018499
[hold in-reg] scan_en -> _29207_/D : -0.018499
[hold in-reg] scan_en -> _29208_/D : -0.018499
[hold in-reg] scan_en -> _29209_/D : -0.018499
[hold in-reg] scan_en -> _29210_/D : -0.018499
[hold in-reg] scan_en -> _29211_/D : -0.018499
[hold in-reg] scan_en -> _29212_/D : -0.018499
[hold in-reg] scan_en -> _29213_/D : -0.018499
[hold in-reg] scan_en -> _29214_/D : -0.018499
[hold in-reg] scan_en -> _29215_/D : -0.018499
[hold in-reg] scan_en -> _29216_/D : -0.018499
[hold in-reg] scan_en -> _29217_/D : -0.018499
[hold in-reg] scan_en -> _29218_/D : -0.018499
[hold in-reg] scan_en -> _29219_/D : -0.018499
[hold in-reg] scan_en -> _29220_/D : -0.018499
[hold in-reg] scan_en -> _29221_/D : -0.018499
[hold in-reg] scan_en -> _29222_/D : -0.018499
[hold in-reg] scan_en -> _29223_/D : -0.018499
[hold in-reg] scan_en -> _29224_/D : -0.018499
[hold in-reg] scan_en -> _29225_/D : -0.018499
[hold in-reg] scan_en -> _29226_/D : -0.018499
[hold in-reg] scan_en -> _29227_/D : -0.018499
[hold in-reg] scan_en -> _29228_/D : -0.018499
[hold in-reg] scan_en -> _29229_/D : -0.018499
[hold in-reg] scan_en -> _29230_/D : -0.018499
[hold in-reg] scan_en -> _29231_/D : -0.018499
[hold in-reg] scan_en -> _29232_/D : -0.018499
[hold in-reg] scan_en -> _29233_/D : -0.018499
[hold in-reg] scan_en -> _29234_/D : -0.018499
[hold in-reg] scan_en -> _29235_/D : -0.018499
[hold in-reg] scan_en -> _29236_/D : -0.018499
[hold in-reg] scan_en -> _29237_/D : -0.018499
[hold in-reg] scan_en -> _29238_/D : -0.018499
[hold in-reg] scan_en -> _29239_/D : -0.018499
[hold in-reg] scan_en -> _29240_/D : -0.018499
[hold in-reg] scan_en -> _29241_/D : -0.018499
[hold in-reg] scan_en -> _29242_/D : -0.018499
[hold in-reg] scan_en -> _29243_/D : -0.018499
[hold in-reg] scan_en -> _29244_/D : -0.018499
[hold in-reg] scan_en -> _29245_/D : -0.018499
[hold in-reg] scan_en -> _29246_/D : -0.018499
[hold in-reg] scan_en -> _29247_/D : -0.018499
[hold in-reg] scan_en -> _29248_/D : -0.018499
[hold in-reg] scan_en -> _29249_/D : -0.018499
[hold in-reg] scan_en -> _29250_/D : -0.018499
[hold in-reg] scan_en -> _29251_/D : -0.018499
[hold in-reg] scan_en -> _29252_/D : -0.018499
[hold in-reg] scan_en -> _29253_/D : -0.018499
[hold in-reg] scan_en -> _29254_/D : -0.018499
[hold in-reg] scan_en -> _29255_/D : -0.018499
[hold in-reg] scan_en -> _29256_/D : -0.018499
[hold in-reg] scan_en -> _29257_/D : -0.018499
[hold in-reg] scan_en -> _29258_/D : -0.018499
[hold in-reg] scan_en -> _29259_/D : -0.018499
[hold in-reg] scan_en -> _29260_/D : -0.018499
[hold in-reg] ext_irq[7] -> _28839_/D : -0.017028
[hold in-reg] cs_n -> _28019_/D : -0.015217
