Reading timing models for corner max_tt_025C_1v80…
Reading timing library for the 'max_tt_025C_1v80' corner at '/Users/yomna/.ciel/ciel/sky130/versions/8afc8346a57fe1ab7934ba5a6056ea8b43078e71/sky130A/libs.ref/sky130_fd_sc_hd/lib/sky130_fd_sc_hd__tt_025C_1v80.lib'…
Reading timing models for corner min_ss_100C_1v60…
Reading timing library for the 'min_ss_100C_1v60' corner at '/Users/yomna/.ciel/ciel/sky130/versions/8afc8346a57fe1ab7934ba5a6056ea8b43078e71/sky130A/libs.ref/sky130_fd_sc_hd/lib/sky130_fd_sc_hd__ss_100C_1v60.lib'…
Reading timing models for corner nom_tt_025C_1v80…
Reading timing library for the 'nom_tt_025C_1v80' corner at '/Users/yomna/.ciel/ciel/sky130/versions/8afc8346a57fe1ab7934ba5a6056ea8b43078e71/sky130A/libs.ref/sky130_fd_sc_hd/lib/sky130_fd_sc_hd__tt_025C_1v80.lib'…
[WARNING STA-1140] /Users/yomna/.ciel/ciel/sky130/versions/8afc8346a57fe1ab7934ba5a6056ea8b43078e71/sky130A/libs.ref/sky130_fd_sc_hd/lib/sky130_fd_sc_hd__tt_025C_1v80.lib line 1, library sky130_fd_sc_hd__tt_025C_1v80 already exists.
Reading timing models for corner max_ff_n40C_1v95…
Reading timing library for the 'max_ff_n40C_1v95' corner at '/Users/yomna/.ciel/ciel/sky130/versions/8afc8346a57fe1ab7934ba5a6056ea8b43078e71/sky130A/libs.ref/sky130_fd_sc_hd/lib/sky130_fd_sc_hd__ff_n40C_1v95.lib'…
Reading timing models for corner nom_ff_n40C_1v95…
Reading timing library for the 'nom_ff_n40C_1v95' corner at '/Users/yomna/.ciel/ciel/sky130/versions/8afc8346a57fe1ab7934ba5a6056ea8b43078e71/sky130A/libs.ref/sky130_fd_sc_hd/lib/sky130_fd_sc_hd__ff_n40C_1v95.lib'…
[WARNING STA-1140] /Users/yomna/.ciel/ciel/sky130/versions/8afc8346a57fe1ab7934ba5a6056ea8b43078e71/sky130A/libs.ref/sky130_fd_sc_hd/lib/sky130_fd_sc_hd__ff_n40C_1v95.lib line 1, library sky130_fd_sc_hd__ff_n40C_1v95 already exists.
Reading timing models for corner max_ss_100C_1v60…
Reading timing library for the 'max_ss_100C_1v60' corner at '/Users/yomna/.ciel/ciel/sky130/versions/8afc8346a57fe1ab7934ba5a6056ea8b43078e71/sky130A/libs.ref/sky130_fd_sc_hd/lib/sky130_fd_sc_hd__ss_100C_1v60.lib'…
[WARNING STA-1140] /Users/yomna/.ciel/ciel/sky130/versions/8afc8346a57fe1ab7934ba5a6056ea8b43078e71/sky130A/libs.ref/sky130_fd_sc_hd/lib/sky130_fd_sc_hd__ss_100C_1v60.lib line 1, library sky130_fd_sc_hd__ss_100C_1v60 already exists.
Reading timing models for corner min_tt_025C_1v80…
Reading timing library for the 'min_tt_025C_1v80' corner at '/Users/yomna/.ciel/ciel/sky130/versions/8afc8346a57fe1ab7934ba5a6056ea8b43078e71/sky130A/libs.ref/sky130_fd_sc_hd/lib/sky130_fd_sc_hd__tt_025C_1v80.lib'…
[WARNING STA-1140] /Users/yomna/.ciel/ciel/sky130/versions/8afc8346a57fe1ab7934ba5a6056ea8b43078e71/sky130A/libs.ref/sky130_fd_sc_hd/lib/sky130_fd_sc_hd__tt_025C_1v80.lib line 1, library sky130_fd_sc_hd__tt_025C_1v80 already exists.
Reading timing models for corner nom_ss_100C_1v60…
Reading timing library for the 'nom_ss_100C_1v60' corner at '/Users/yomna/.ciel/ciel/sky130/versions/8afc8346a57fe1ab7934ba5a6056ea8b43078e71/sky130A/libs.ref/sky130_fd_sc_hd/lib/sky130_fd_sc_hd__ss_100C_1v60.lib'…
[WARNING STA-1140] /Users/yomna/.ciel/ciel/sky130/versions/8afc8346a57fe1ab7934ba5a6056ea8b43078e71/sky130A/libs.ref/sky130_fd_sc_hd/lib/sky130_fd_sc_hd__ss_100C_1v60.lib line 1, library sky130_fd_sc_hd__ss_100C_1v60 already exists.
Reading timing models for corner min_ff_n40C_1v95…
Reading timing library for the 'min_ff_n40C_1v95' corner at '/Users/yomna/.ciel/ciel/sky130/versions/8afc8346a57fe1ab7934ba5a6056ea8b43078e71/sky130A/libs.ref/sky130_fd_sc_hd/lib/sky130_fd_sc_hd__ff_n40C_1v95.lib'…
[WARNING STA-1140] /Users/yomna/.ciel/ciel/sky130/versions/8afc8346a57fe1ab7934ba5a6056ea8b43078e71/sky130A/libs.ref/sky130_fd_sc_hd/lib/sky130_fd_sc_hd__ff_n40C_1v95.lib line 1, library sky130_fd_sc_hd__ff_n40C_1v95 already exists.
Reading OpenROAD database at '/Users/yomna/Documents/projects/harts/flow/openlane/runs/classic-flow/37-openroad-cts/hw_scheduler_top.odb'…
Reading design constraints file at '/Users/yomna/Documents/projects/harts/flow/openlane/sdc/hw_scheduler_top_pnr.sdc'…
[INFO]: Creating clock {clk} for port clk with period: 25
[INFO]: Setting clock uncertainty to: 0.12
[INFO]: Source clock latency 0 (macro boundary)
+ repair_timing -verbose -setup -setup_margin 0.05000000000000000277555756156289135105907917022705078125 -max_buffer_percent 50
[INFO RSZ-0100] Repair move sequence: UnbufferMove SizeUpMove SwapPinsMove BufferMove CloneMove SplitLoadMove 
[INFO RSZ-0098] No setup violations found
+ repair_timing -verbose -hold -setup_margin 0.05000000000000000277555756156289135105907917022705078125 -hold_margin 0.1000000000000000055511151231257827021181583404541015625 -max_buffer_percent 50
[INFO RSZ-0046] Found 460 endpoints with hold violations.
Iteration | Resized | Buffers | Cloned Gates |   Area   |   WNS   |   TNS   | Endpoint
--------------------------------------------------------------------------------------
        0 |       0 |       0 |            0 |    +0.0% |  -1.412 | -37.871 | _44729_/D
       10 |       0 |      16 |            0 |    +0.1% |  -0.540 |  -1.536 | _45724_/D
       20 |       0 |      18 |            0 |    +0.1% |  -0.159 |  -0.196 | _45347_/D
       30 |       0 |      18 |            0 |    +0.1% |  -0.159 |  -0.196 | _45347_/D
       40 |       0 |      18 |            0 |    +0.1% |  -0.159 |  -0.196 | _45347_/D
       50 |       0 |      18 |            0 |    +0.1% |  -0.159 |  -0.196 | _45347_/D
       60 |       0 |      18 |            0 |    +0.1% |  -0.159 |  -0.196 | _45347_/D
       70 |       0 |      18 |            0 |    +0.1% |  -0.159 |  -0.196 | _45347_/D
       80 |       0 |      18 |            0 |    +0.1% |  -0.159 |  -0.196 | _45347_/D
       90 |       0 |      18 |            0 |    +0.1% |  -0.159 |  -0.196 | _45347_/D
      100 |       0 |      18 |            0 |    +0.1% |  -0.159 |  -0.196 | _45347_/D
      110 |       0 |      18 |            0 |    +0.1% |  -0.159 |  -0.196 | _45347_/D
      120 |       0 |      18 |            0 |    +0.1% |  -0.159 |  -0.196 | _45347_/D
      130 |       0 |      18 |            0 |    +0.1% |  -0.159 |  -0.196 | _45347_/D
      140 |       0 |      18 |            0 |    +0.1% |  -0.159 |  -0.196 | _45347_/D
      150 |       0 |      18 |            0 |    +0.1% |  -0.159 |  -0.196 | _45347_/D
      160 |       0 |      18 |            0 |    +0.1% |  -0.159 |  -0.196 | _45347_/D
      170 |       0 |      18 |            0 |    +0.1% |  -0.159 |  -0.196 | _45347_/D
      180 |       0 |      18 |            0 |    +0.1% |  -0.159 |  -0.196 | _45347_/D
      190 |       0 |      18 |            0 |    +0.1% |  -0.159 |  -0.196 | _45347_/D
      200 |       0 |      18 |            0 |    +0.1% |  -0.159 |  -0.196 | _45347_/D
      210 |       0 |      18 |            0 |    +0.1% |  -0.159 |  -0.196 | _45347_/D
      220 |       0 |      18 |            0 |    +0.1% |  -0.159 |  -0.196 | _45347_/D
      230 |       0 |      18 |            0 |    +0.1% |  -0.159 |  -0.196 | _45347_/D
      240 |       0 |      18 |            0 |    +0.1% |  -0.159 |  -0.196 | _45347_/D
      250 |       0 |      18 |            0 |    +0.1% |  -0.159 |  -0.196 | _45347_/D
      260 |       0 |      18 |            0 |    +0.1% |  -0.159 |  -0.196 | _45347_/D
      270 |       0 |      18 |            0 |    +0.1% |  -0.159 |  -0.196 | _45347_/D
      280 |       0 |      18 |            0 |    +0.1% |  -0.159 |  -0.196 | _45347_/D
      290 |       0 |      18 |            0 |    +0.1% |  -0.159 |  -0.196 | _45347_/D
      300 |       0 |      18 |            0 |    +0.1% |  -0.159 |  -0.196 | _45347_/D
      310 |       0 |      18 |            0 |    +0.1% |  -0.159 |  -0.196 | _45347_/D
      320 |       0 |      18 |            0 |    +0.1% |  -0.159 |  -0.196 | _45347_/D
      330 |       0 |      18 |            0 |    +0.1% |  -0.159 |  -0.196 | _45347_/D
      340 |       0 |      18 |            0 |    +0.1% |  -0.159 |  -0.196 | _45347_/D
      350 |       0 |      18 |            0 |    +0.1% |  -0.159 |  -0.196 | _45347_/D
      360 |       0 |      18 |            0 |    +0.1% |  -0.159 |  -0.196 | _45347_/D
      370 |       0 |      18 |            0 |    +0.1% |  -0.159 |  -0.196 | _45347_/D
      380 |       0 |      18 |            0 |    +0.1% |  -0.159 |  -0.196 | _45347_/D
      390 |       0 |      18 |            0 |    +0.1% |  -0.159 |  -0.196 | _45347_/D
      400 |       0 |      18 |            0 |    +0.1% |  -0.159 |  -0.196 | _45347_/D
      410 |       0 |      18 |            0 |    +0.1% |  -0.159 |  -0.196 | _45347_/D
      420 |       0 |      18 |            0 |    +0.1% |  -0.159 |  -0.196 | _45347_/D
      430 |       0 |      19 |            0 |    +0.1% |  -0.159 |  -0.196 | _45347_/D
      440 |       0 |      20 |            0 |    +0.1% |  -0.159 |  -0.196 | _45347_/D
      450 |       0 |      20 |            0 |    +0.1% |  -0.159 |  -0.196 | _45347_/D
      460 |       0 |      22 |            0 |    +0.1% |  -0.159 |  -0.196 | _45347_/D
    final |       0 |      27 |            0 |    +0.1% |   0.100 |   0.000 | _44730_/D
--------------------------------------------------------------------------------------
[INFO RSZ-0032] Inserted 27 hold buffers.
+ detailed_placement -max_displacement  500 100 
Placement Analysis
---------------------------------
total displacement        153.7 u
average displacement        0.0 u
max displacement            8.7 u
original HPWL         1071795.8 u
legalized HPWL        1086014.5 u
delta HPWL                    1 %

[INFO DPL-0020] Mirrored 9706 instances
[INFO DPL-0021] HPWL before          1086014.5 u
[INFO DPL-0022] HPWL after           1071834.7 u
[INFO DPL-0023] HPWL delta               -1.3 %
Setting global connections for newly added cells…
[INFO] Setting global connections...
[INFO ODB-0403] 108 connections made, 0 conflicts skipped.
Updating metrics…
Cell type report:                       Count       Area
  Fill cell                               602    2259.67
  Tap cell                               9544   11941.45
  Buffer                                 2847   13510.46
  Clock buffer                            541    7148.11
  Timing Repair Buffer                   1968   16901.21
  Inverter                               2201    8992.37
  Clock inverter                           95    1226.18
  Sequential cell                        2860   74503.96
  Multi-Input combinational cell        16407  139204.76
  Total                                 37065  275688.16
Writing OpenROAD database to '/Users/yomna/Documents/projects/harts/flow/openlane/runs/classic-flow/39-openroad-resizertimingpostcts/hw_scheduler_top.odb'…
Writing netlist to '/Users/yomna/Documents/projects/harts/flow/openlane/runs/classic-flow/39-openroad-resizertimingpostcts/hw_scheduler_top.nl.v'…
Writing powered netlist to '/Users/yomna/Documents/projects/harts/flow/openlane/runs/classic-flow/39-openroad-resizertimingpostcts/hw_scheduler_top.pnl.v'…
Writing layout to '/Users/yomna/Documents/projects/harts/flow/openlane/runs/classic-flow/39-openroad-resizertimingpostcts/hw_scheduler_top.def'…
Writing timing constraints to '/Users/yomna/Documents/projects/harts/flow/openlane/runs/classic-flow/39-openroad-resizertimingpostcts/hw_scheduler_top.sdc'…
