Reading timing models for corner nom_tt_025C_1v80…
Reading timing library for the 'nom_tt_025C_1v80' corner at '/Users/yomna/.ciel/ciel/sky130/versions/8afc8346a57fe1ab7934ba5a6056ea8b43078e71/sky130A/libs.ref/sky130_fd_sc_hd/lib/sky130_fd_sc_hd__tt_025C_1v80.lib'…
Reading OpenROAD database at '/Users/yomna/Documents/projects/harts/flow/openlane/runs/classic-flow/16-odb-setpowerconnections/hw_scheduler_top.odb'…
Reading design constraints file at '/Users/yomna/Documents/projects/harts/flow/openlane/sdc/hw_scheduler_top_pnr.sdc'…
[INFO]: Creating clock {clk} for port clk with period: 25
[INFO]: Setting clock uncertainty to: 0.06
[INFO]: Setting maximum transition to: 0.75
[INFO]: Setting maximum fanout to: 24
[INFO]: Setting clock latency range: 0.0 : 0.0
+ cut_rows -halo_width_x 10 -halo_width_y 10 -endcap_master sky130_fd_sc_hd__decap_3
Setting global connections for newly added cells…
[INFO] Setting global connections...
[INFO ODB-0403] 0 connections made, 0 conflicts skipped.
Updating metrics…
Cell type report:                       Count       Area
  Buffer                                 3116   12660.89
  Inverter                               2357    8964.85
  Sequential cell                        3086   80774.97
  Multi-Input combinational cell        17656  148866.52
  Total                                 26215  251267.24
Writing OpenROAD database to '/Users/yomna/Documents/projects/harts/flow/openlane/runs/classic-flow/18-openroad-cutrows/hw_scheduler_top.odb'…
Writing layout to '/Users/yomna/Documents/projects/harts/flow/openlane/runs/classic-flow/18-openroad-cutrows/hw_scheduler_top.def'…
