                                                                       Cells by Function                                                                        
┏━━━━━━━━━━━━━━━━━━━━━━━━━━━━━━━━━━━━━━━━━━━━━━━━━━━━━━━━━━━━━━━━━━━━━━━━━━━━━━━━━━━━━━━━━━━━━━━━━━━━━━━━━━━━━━━━━━━━━━━━━━━━━━━━━┳━━━━━━━━━━━━━━━━━━━━━━━━━━━━┓
┃ Cell Function                                                                                                                   ┃ Count                      ┃
┡━━━━━━━━━━━━━━━━━━━━━━━━━━━━━━━━━━━━━━━━━━━━━━━━━━━━━━━━━━━━━━━━━━━━━━━━━━━━━━━━━━━━━━━━━━━━━━━━━━━━━━━━━━━━━━━━━━━━━━━━━━━━━━━━━╇━━━━━━━━━━━━━━━━━━━━━━━━━━━━┩
│ sky130_fd_sc_hd__a2111o                                                                                                         │ 38                         │
│ sky130_fd_sc_hd__a2111oi                                                                                                        │ 3                          │
│ sky130_fd_sc_hd__a211o                                                                                                          │ 370                        │
│ sky130_fd_sc_hd__a211oi                                                                                                         │ 5                          │
│ sky130_fd_sc_hd__a21bo                                                                                                          │ 50                         │
│ sky130_fd_sc_hd__a21boi                                                                                                         │ 60                         │
│ sky130_fd_sc_hd__a21o                                                                                                           │ 612                        │
│ sky130_fd_sc_hd__a21oi                                                                                                          │ 647                        │
│ sky130_fd_sc_hd__a221o                                                                                                          │ 335                        │
│ sky130_fd_sc_hd__a221oi                                                                                                         │ 8                          │
│ sky130_fd_sc_hd__a22o                                                                                                           │ 495                        │
│ sky130_fd_sc_hd__a22oi                                                                                                          │ 7                          │
│ sky130_fd_sc_hd__a2bb2o                                                                                                         │ 12                         │
│ sky130_fd_sc_hd__a311o                                                                                                          │ 16                         │
│ sky130_fd_sc_hd__a31o                                                                                                           │ 235                        │
│ sky130_fd_sc_hd__a31oi                                                                                                          │ 60                         │
│ sky130_fd_sc_hd__a32o                                                                                                           │ 114                        │
│ sky130_fd_sc_hd__a41o                                                                                                           │ 4                          │
│ sky130_fd_sc_hd__and2                                                                                                           │ 291                        │
│ sky130_fd_sc_hd__and2b                                                                                                          │ 57                         │
│ sky130_fd_sc_hd__and3                                                                                                           │ 280                        │
│ sky130_fd_sc_hd__and3b                                                                                                          │ 23                         │
│ sky130_fd_sc_hd__and4                                                                                                           │ 50                         │
│ sky130_fd_sc_hd__and4b                                                                                                          │ 9                          │
│ sky130_fd_sc_hd__buf                                                                                                            │ 3304                       │
│ sky130_fd_sc_hd__bufinv                                                                                                         │ 27                         │
│ sky130_fd_sc_hd__clkbuf                                                                                                         │ 2054                       │
│ sky130_fd_sc_hd__clkdlybuf4s25                                                                                                  │ 234                        │
│ sky130_fd_sc_hd__clkinv                                                                                                         │ 58                         │
│ sky130_fd_sc_hd__clkinvlp                                                                                                       │ 5                          │
│ sky130_fd_sc_hd__decap                                                                                                          │ 81027                      │
│ sky130_fd_sc_hd__dfrtp                                                                                                          │ 2996                       │
│ sky130_fd_sc_hd__dfstp                                                                                                          │ 28                         │
│ sky130_fd_sc_hd__dfxtp                                                                                                          │ 62                         │
│ sky130_fd_sc_hd__diode                                                                                                          │ 488                        │
│ sky130_fd_sc_hd__dlygate4sd3                                                                                                    │ 9                          │
│ sky130_fd_sc_hd__fill                                                                                                           │ 17676                      │
│ sky130_fd_sc_hd__inv                                                                                                            │ 2378                       │
│ sky130_fd_sc_hd__mux2                                                                                                           │ 1951                       │
│ sky130_fd_sc_hd__nand2                                                                                                          │ 5607                       │
│ sky130_fd_sc_hd__nand2b                                                                                                         │ 38                         │
│ sky130_fd_sc_hd__nand3                                                                                                          │ 1223                       │
│ sky130_fd_sc_hd__nand3b                                                                                                         │ 103                        │
│ sky130_fd_sc_hd__nor2                                                                                                           │ 1752                       │
│ sky130_fd_sc_hd__nor2b                                                                                                          │ 11                         │
│ sky130_fd_sc_hd__nor3                                                                                                           │ 55                         │
│ sky130_fd_sc_hd__nor3b                                                                                                          │ 27                         │
│ sky130_fd_sc_hd__o2111a                                                                                                         │ 20                         │
│ sky130_fd_sc_hd__o2111ai                                                                                                        │ 1                          │
│ sky130_fd_sc_hd__o211a                                                                                                          │ 147                        │
│ sky130_fd_sc_hd__o211ai                                                                                                         │ 391                        │
│ sky130_fd_sc_hd__o21a                                                                                                           │ 324                        │
│ sky130_fd_sc_hd__o21ai                                                                                                          │ 876                        │
│ sky130_fd_sc_hd__o21ba                                                                                                          │ 13                         │
│ sky130_fd_sc_hd__o21bai                                                                                                         │ 26                         │
│ sky130_fd_sc_hd__o221a                                                                                                          │ 52                         │
│ sky130_fd_sc_hd__o221ai                                                                                                         │ 17                         │
│ sky130_fd_sc_hd__o22a                                                                                                           │ 58                         │
│ sky130_fd_sc_hd__o22ai                                                                                                          │ 7                          │
│ sky130_fd_sc_hd__o2bb2a                                                                                                         │ 41                         │
│ sky130_fd_sc_hd__o311a                                                                                                          │ 6                          │
│ sky130_fd_sc_hd__o31a                                                                                                           │ 27                         │
│ sky130_fd_sc_hd__o31ai                                                                                                          │ 9                          │
│ sky130_fd_sc_hd__o32a                                                                                                           │ 39                         │
│ sky130_fd_sc_hd__o41a                                                                                                           │ 3                          │
│ sky130_fd_sc_hd__or2                                                                                                            │ 577                        │
│ sky130_fd_sc_hd__or2b                                                                                                           │ 78                         │
│ sky130_fd_sc_hd__or3                                                                                                            │ 123                        │
│ sky130_fd_sc_hd__or3b                                                                                                           │ 35                         │
│ sky130_fd_sc_hd__or4                                                                                                            │ 117                        │
│ sky130_fd_sc_hd__or4b                                                                                                           │ 11                         │
│ sky130_fd_sc_hd__tapvpwrvgnd                                                                                                    │ 8936                       │
│ sky130_fd_sc_hd__xnor2                                                                                                          │ 19                         │
│ sky130_fd_sc_hd__xor2                                                                                                           │ 91                         │
└─────────────────────────────────────────────────────────────────────────────────────────────────────────────────────────────────┴────────────────────────────┘
