                                                                        Cells by Master                                                                         
┏━━━━━━━━━━━━━━━━━━━━━━━━━━━━━━━━━━━━━━━━━━━━━━━━━━━━━━━━━━━━━━━━━━━━━━━━━━━━━━━━━━━━━━━━━━━━━━━━━━━━━━━━━━━━━━━━━━━━━━━━━━━━━━━━━━━┳━━━━━━━━━━━━━━━━━━━━━━━━━━┓
┃ Cell                                                                                                                              ┃ Count                    ┃
┡━━━━━━━━━━━━━━━━━━━━━━━━━━━━━━━━━━━━━━━━━━━━━━━━━━━━━━━━━━━━━━━━━━━━━━━━━━━━━━━━━━━━━━━━━━━━━━━━━━━━━━━━━━━━━━━━━━━━━━━━━━━━━━━━━━━╇━━━━━━━━━━━━━━━━━━━━━━━━━━┩
│ sky130_fd_sc_hd__a2111o_2                                                                                                         │ 38                       │
│ sky130_fd_sc_hd__a2111oi_2                                                                                                        │ 3                        │
│ sky130_fd_sc_hd__a211o_2                                                                                                          │ 370                      │
│ sky130_fd_sc_hd__a211oi_2                                                                                                         │ 5                        │
│ sky130_fd_sc_hd__a21bo_2                                                                                                          │ 50                       │
│ sky130_fd_sc_hd__a21boi_2                                                                                                         │ 60                       │
│ sky130_fd_sc_hd__a21o_2                                                                                                           │ 612                      │
│ sky130_fd_sc_hd__a21oi_2                                                                                                          │ 499                      │
│ sky130_fd_sc_hd__a21oi_4                                                                                                          │ 148                      │
│ sky130_fd_sc_hd__a221o_2                                                                                                          │ 335                      │
│ sky130_fd_sc_hd__a221oi_2                                                                                                         │ 8                        │
│ sky130_fd_sc_hd__a22o_2                                                                                                           │ 495                      │
│ sky130_fd_sc_hd__a22oi_2                                                                                                          │ 7                        │
│ sky130_fd_sc_hd__a2bb2o_2                                                                                                         │ 12                       │
│ sky130_fd_sc_hd__a311o_2                                                                                                          │ 16                       │
│ sky130_fd_sc_hd__a31o_2                                                                                                           │ 235                      │
│ sky130_fd_sc_hd__a31oi_2                                                                                                          │ 41                       │
│ sky130_fd_sc_hd__a31oi_4                                                                                                          │ 19                       │
│ sky130_fd_sc_hd__a32o_2                                                                                                           │ 114                      │
│ sky130_fd_sc_hd__a41o_2                                                                                                           │ 4                        │
│ sky130_fd_sc_hd__and2_2                                                                                                           │ 288                      │
│ sky130_fd_sc_hd__and2_4                                                                                                           │ 3                        │
│ sky130_fd_sc_hd__and2b_2                                                                                                          │ 57                       │
│ sky130_fd_sc_hd__and3_2                                                                                                           │ 280                      │
│ sky130_fd_sc_hd__and3b_2                                                                                                          │ 23                       │
│ sky130_fd_sc_hd__and4_2                                                                                                           │ 50                       │
│ sky130_fd_sc_hd__and4b_2                                                                                                          │ 9                        │
│ sky130_fd_sc_hd__buf_1                                                                                                            │ 1891                     │
│ sky130_fd_sc_hd__buf_12                                                                                                           │ 91                       │
│ sky130_fd_sc_hd__buf_2                                                                                                            │ 555                      │
│ sky130_fd_sc_hd__buf_4                                                                                                            │ 318                      │
│ sky130_fd_sc_hd__buf_6                                                                                                            │ 418                      │
│ sky130_fd_sc_hd__buf_8                                                                                                            │ 31                       │
│ sky130_fd_sc_hd__bufinv_16                                                                                                        │ 23                       │
│ sky130_fd_sc_hd__bufinv_8                                                                                                         │ 4                        │
│ sky130_fd_sc_hd__clkbuf_1                                                                                                         │ 190                      │
│ sky130_fd_sc_hd__clkbuf_16                                                                                                        │ 33                       │
│ sky130_fd_sc_hd__clkbuf_2                                                                                                         │ 812                      │
│ sky130_fd_sc_hd__clkbuf_4                                                                                                         │ 529                      │
│ sky130_fd_sc_hd__clkbuf_8                                                                                                         │ 490                      │
│ sky130_fd_sc_hd__clkdlybuf4s25_1                                                                                                  │ 234                      │
│ sky130_fd_sc_hd__clkinv_1                                                                                                         │ 2                        │
│ sky130_fd_sc_hd__clkinv_2                                                                                                         │ 45                       │
│ sky130_fd_sc_hd__clkinv_4                                                                                                         │ 5                        │
│ sky130_fd_sc_hd__clkinv_8                                                                                                         │ 6                        │
│ sky130_fd_sc_hd__clkinvlp_4                                                                                                       │ 5                        │
│ sky130_fd_sc_hd__decap_3                                                                                                          │ 81027                    │
│ sky130_fd_sc_hd__dfrtp_2                                                                                                          │ 2996                     │
│ sky130_fd_sc_hd__dfstp_2                                                                                                          │ 27                       │
│ sky130_fd_sc_hd__dfstp_4                                                                                                          │ 1                        │
│ sky130_fd_sc_hd__dfxtp_2                                                                                                          │ 45                       │
│ sky130_fd_sc_hd__dfxtp_4                                                                                                          │ 17                       │
│ sky130_fd_sc_hd__diode_2                                                                                                          │ 488                      │
│ sky130_fd_sc_hd__dlygate4sd3_1                                                                                                    │ 9                        │
│ sky130_fd_sc_hd__fill_1                                                                                                           │ 9611                     │
│ sky130_fd_sc_hd__fill_2                                                                                                           │ 8065                     │
│ sky130_fd_sc_hd__inv_12                                                                                                           │ 2                        │
│ sky130_fd_sc_hd__inv_16                                                                                                           │ 2                        │
│ sky130_fd_sc_hd__inv_2                                                                                                            │ 2327                     │
│ sky130_fd_sc_hd__inv_4                                                                                                            │ 29                       │
│ sky130_fd_sc_hd__inv_6                                                                                                            │ 14                       │
│ sky130_fd_sc_hd__inv_8                                                                                                            │ 4                        │
│ sky130_fd_sc_hd__mux2_1                                                                                                           │ 1                        │
│ sky130_fd_sc_hd__mux2_2                                                                                                           │ 1950                     │
│ sky130_fd_sc_hd__nand2_2                                                                                                          │ 5575                     │
│ sky130_fd_sc_hd__nand2_4                                                                                                          │ 30                       │
│ sky130_fd_sc_hd__nand2_8                                                                                                          │ 2                        │
│ sky130_fd_sc_hd__nand2b_2                                                                                                         │ 38                       │
│ sky130_fd_sc_hd__nand3_1                                                                                                          │ 2                        │
│ sky130_fd_sc_hd__nand3_2                                                                                                          │ 1215                     │
│ sky130_fd_sc_hd__nand3_4                                                                                                          │ 6                        │
│ sky130_fd_sc_hd__nand3b_2                                                                                                         │ 102                      │
│ sky130_fd_sc_hd__nand3b_4                                                                                                         │ 1                        │
│ sky130_fd_sc_hd__nor2_1                                                                                                           │ 5                        │
│ sky130_fd_sc_hd__nor2_2                                                                                                           │ 1690                     │
│ sky130_fd_sc_hd__nor2_4                                                                                                           │ 53                       │
│ sky130_fd_sc_hd__nor2_8                                                                                                           │ 4                        │
│ sky130_fd_sc_hd__nor2b_2                                                                                                          │ 10                       │
│ sky130_fd_sc_hd__nor2b_4                                                                                                          │ 1                        │
│ sky130_fd_sc_hd__nor3_2                                                                                                           │ 55                       │
│ sky130_fd_sc_hd__nor3b_2                                                                                                          │ 27                       │
│ sky130_fd_sc_hd__o2111a_2                                                                                                         │ 20                       │
│ sky130_fd_sc_hd__o2111ai_2                                                                                                        │ 1                        │
│ sky130_fd_sc_hd__o211a_2                                                                                                          │ 147                      │
│ sky130_fd_sc_hd__o211ai_2                                                                                                         │ 390                      │
│ sky130_fd_sc_hd__o211ai_4                                                                                                         │ 1                        │
│ sky130_fd_sc_hd__o21a_2                                                                                                           │ 324                      │
│ sky130_fd_sc_hd__o21ai_1                                                                                                          │ 2                        │
│ sky130_fd_sc_hd__o21ai_2                                                                                                          │ 866                      │
│ sky130_fd_sc_hd__o21ai_4                                                                                                          │ 8                        │
│ sky130_fd_sc_hd__o21ba_2                                                                                                          │ 13                       │
│ sky130_fd_sc_hd__o21bai_2                                                                                                         │ 26                       │
│ sky130_fd_sc_hd__o221a_2                                                                                                          │ 52                       │
│ sky130_fd_sc_hd__o221ai_2                                                                                                         │ 17                       │
│ sky130_fd_sc_hd__o22a_2                                                                                                           │ 58                       │
│ sky130_fd_sc_hd__o22ai_2                                                                                                          │ 7                        │
│ sky130_fd_sc_hd__o2bb2a_2                                                                                                         │ 41                       │
│ sky130_fd_sc_hd__o311a_2                                                                                                          │ 6                        │
│ sky130_fd_sc_hd__o31a_2                                                                                                           │ 27                       │
│ sky130_fd_sc_hd__o31ai_2                                                                                                          │ 8                        │
│ sky130_fd_sc_hd__o31ai_4                                                                                                          │ 1                        │
│ sky130_fd_sc_hd__o32a_2                                                                                                           │ 39                       │
│ sky130_fd_sc_hd__o41a_2                                                                                                           │ 3                        │
│ sky130_fd_sc_hd__or2_2                                                                                                            │ 558                      │
│ sky130_fd_sc_hd__or2_4                                                                                                            │ 19                       │
│ sky130_fd_sc_hd__or2b_2                                                                                                           │ 78                       │
│ sky130_fd_sc_hd__or3_2                                                                                                            │ 121                      │
│ sky130_fd_sc_hd__or3_4                                                                                                            │ 2                        │
│ sky130_fd_sc_hd__or3b_2                                                                                                           │ 35                       │
│ sky130_fd_sc_hd__or4_2                                                                                                            │ 117                      │
│ sky130_fd_sc_hd__or4b_2                                                                                                           │ 11                       │
│ sky130_fd_sc_hd__tapvpwrvgnd_1                                                                                                    │ 8936                     │
│ sky130_fd_sc_hd__xnor2_2                                                                                                          │ 19                       │
│ sky130_fd_sc_hd__xor2_2                                                                                                           │ 91                       │
└───────────────────────────────────────────────────────────────────────────────────────────────────────────────────────────────────┴──────────────────────────┘
