153. Printing statistics.

=== hw_scheduler_top ===

        +----------Local Count, excluding submodules.
        | 
    20844 wires
    23777 wire bits
      285 public wires
     3210 public wire bits
        9 ports
       16 port bits
    23703 cells
     6605   $_ANDNOT_
      450   $_AND_
        1   $_DFFE_PN0N_
     1891   $_DFFE_PN0P_
       16   $_DFFE_PN1P_
       40   $_DFFE_PP_
     1104   $_DFF_PN0_
       12   $_DFF_PN1_
     5964   $_MUX_
      657   $_NAND_
      937   $_NOR_
     1310   $_NOT_
      227   $_ORNOT_
     2904   $_OR_
       22   $_SDFF_PN0_
       95   $_XNOR_
     1468   $_XOR_

   Area for cell type $_ANDNOT_ is unknown!
   Area for cell type $_AND_ is unknown!
   Area for cell type $_DFFE_PN0N_ is unknown!
   Area for cell type $_DFFE_PN0P_ is unknown!
   Area for cell type $_DFFE_PN1P_ is unknown!
   Area for cell type $_DFFE_PP_ is unknown!
   Area for cell type $_DFF_PN0_ is unknown!
   Area for cell type $_DFF_PN1_ is unknown!
   Area for cell type $_MUX_ is unknown!
   Area for cell type $_NAND_ is unknown!
   Area for cell type $_NOR_ is unknown!
   Area for cell type $_NOT_ is unknown!
   Area for cell type $_ORNOT_ is unknown!
   Area for cell type $_OR_ is unknown!
   Area for cell type $_SDFF_PN0_ is unknown!
   Area for cell type $_XNOR_ is unknown!
   Area for cell type $_XOR_ is unknown!

