153. Printing statistics.

=== hw_scheduler_top ===

        +----------Local Count, excluding submodules.
        |        +-Local Area, excluding submodules.
        |        | 
    24323        - wires
    24330        - wire bits
     2868        - public wires
     2875        - public wire bits
       11        - ports
       18        - port bits
    24315 2.35E+05 cells
       82 1.03E+03   sky130_fd_sc_hd__a2111o_2
        4   60.058   sky130_fd_sc_hd__a2111oi_2
      449  4494.31   sky130_fd_sc_hd__a211o_2
       21  262.752   sky130_fd_sc_hd__a211oi_2
       41  410.394   sky130_fd_sc_hd__a21bo_2
       50   563.04   sky130_fd_sc_hd__a21boi_2
        2   37.536   sky130_fd_sc_hd__a21boi_4
      326 2.86E+03   sky130_fd_sc_hd__a21o_2
      839 7.35E+03   sky130_fd_sc_hd__a21oi_2
       88 1.43E+03   sky130_fd_sc_hd__a21oi_4
      360 4.05E+03   sky130_fd_sc_hd__a221o_2
       19  285.274   sky130_fd_sc_hd__a221oi_2
      414 4.14E+03   sky130_fd_sc_hd__a22o_2
        1   17.517   sky130_fd_sc_hd__a22o_4
       19  237.728   sky130_fd_sc_hd__a22oi_2
       33  371.606   sky130_fd_sc_hd__a2bb2o_2
        2   30.029   sky130_fd_sc_hd__a2bb2oi_2
        9  101.347   sky130_fd_sc_hd__a311o_2
        1   15.014   sky130_fd_sc_hd__a311oi_2
      142 1.24E+03   sky130_fd_sc_hd__a31o_2
       24  300.288   sky130_fd_sc_hd__a31oi_2
       12  255.245   sky130_fd_sc_hd__a31oi_4
       84  945.907   sky130_fd_sc_hd__a32o_2
        1    21.27   sky130_fd_sc_hd__a32o_4
       25   281.52   sky130_fd_sc_hd__a41o_2
      236 1.77E+03   sky130_fd_sc_hd__and2_2
        4   35.034   sky130_fd_sc_hd__and2_4
       49  429.162   sky130_fd_sc_hd__and2b_2
      306  2.3E+03   sky130_fd_sc_hd__and3_2
       41  410.394   sky130_fd_sc_hd__and3b_2
       41  410.394   sky130_fd_sc_hd__and4_2
        1   11.261   sky130_fd_sc_hd__and4_4
        1   11.261   sky130_fd_sc_hd__and4b_2
     2424  9.1E+03   sky130_fd_sc_hd__buf_1
        5  100.096   sky130_fd_sc_hd__buf_12
      196  980.941   sky130_fd_sc_hd__buf_2
       86  645.619   sky130_fd_sc_hd__buf_4
       78  878.342   sky130_fd_sc_hd__buf_6
       58  870.835   sky130_fd_sc_hd__buf_8
       23  402.886   sky130_fd_sc_hd__bufinv_8
     2709 7.12E+04   sky130_fd_sc_hd__dfrtp_2
       22  578.054   sky130_fd_sc_hd__dfstp_2
      129 2.74E+03   sky130_fd_sc_hd__dfxtp_2
       14  227.718   sky130_fd_sc_hd__inv_12
     2120 7.96E+03   sky130_fd_sc_hd__inv_2
       23  143.888   sky130_fd_sc_hd__inv_4
        5   43.792   sky130_fd_sc_hd__inv_6
       16  180.173   sky130_fd_sc_hd__inv_8
     1651 1.86E+04   sky130_fd_sc_hd__mux2_1
        2   22.522   sky130_fd_sc_hd__mux2_2
     5066 3.17E+04   sky130_fd_sc_hd__nand2_2
       61  686.909   sky130_fd_sc_hd__nand2_4
        8  160.154   sky130_fd_sc_hd__nand2_8
        8   70.067   sky130_fd_sc_hd__nand2b_2
      929  9.3E+03   sky130_fd_sc_hd__nand3_2
        6  105.101   sky130_fd_sc_hd__nand3_4
       68  765.734   sky130_fd_sc_hd__nand3b_2
        1   20.019   sky130_fd_sc_hd__nand3b_4
     1797 1.12E+04   sky130_fd_sc_hd__nor2_2
       31  349.085   sky130_fd_sc_hd__nor2_4
        7  140.134   sky130_fd_sc_hd__nor2_8
        9   78.826   sky130_fd_sc_hd__nor2b_2
       61  610.586   sky130_fd_sc_hd__nor3_2
       25    312.8   sky130_fd_sc_hd__nor3b_2
       43  538.016   sky130_fd_sc_hd__o2111a_2
        5   75.072   sky130_fd_sc_hd__o2111ai_2
      270  2.7E+03   sky130_fd_sc_hd__o211a_2
      351 4.39E+03   sky130_fd_sc_hd__o211ai_2
       41  872.086   sky130_fd_sc_hd__o211ai_4
      237 2.08E+03   sky130_fd_sc_hd__o21a_2
      783 6.86E+03   sky130_fd_sc_hd__o21ai_2
        3   48.797   sky130_fd_sc_hd__o21ai_4
        7   70.067   sky130_fd_sc_hd__o21ba_2
        5   56.304   sky130_fd_sc_hd__o21bai_2
       45  506.736   sky130_fd_sc_hd__o221a_2
       67 1.01E+03   sky130_fd_sc_hd__o221ai_2
       61  610.586   sky130_fd_sc_hd__o22a_2
        1   12.512   sky130_fd_sc_hd__o22ai_2
       15  168.912   sky130_fd_sc_hd__o2bb2a_2
        7   78.826   sky130_fd_sc_hd__o311a_2
       37  370.355   sky130_fd_sc_hd__o31a_2
       16  200.192   sky130_fd_sc_hd__o31ai_2
       41  461.693   sky130_fd_sc_hd__o32a_2
        1   16.266   sky130_fd_sc_hd__o32ai_2
        4   50.048   sky130_fd_sc_hd__o41a_2
      487 3.05E+03   sky130_fd_sc_hd__or2_2
       10   87.584   sky130_fd_sc_hd__or2_4
       45  394.128   sky130_fd_sc_hd__or2b_2
       96  720.691   sky130_fd_sc_hd__or3_2
        5   56.304   sky130_fd_sc_hd__or3_4
       48  420.403   sky130_fd_sc_hd__or3b_2
       87  761.981   sky130_fd_sc_hd__or4_2
       10  100.096   sky130_fd_sc_hd__or4b_2
        1   13.763   sky130_fd_sc_hd__or4b_4
       29  471.702   sky130_fd_sc_hd__xnor2_2
       92  1.5E+03   sky130_fd_sc_hd__xor2_2

   Chip area for module '\hw_scheduler_top': 235089.219200
     of which used for sequential elements: 74501.452800 (31.69%)

