Clock: clk
Sources: clk 
Generated: no
Virtual: yes
Propagated: no
Period: 25.000000

===========================================================================
report_clock_properties
============================================================================
Clock                   Period          Waveform
----------------------------------------------------
clk                  25.000000    0.000000 12.500000

===========================================================================
report_clock_latency
============================================================================
Clock clk
rise -> rise
    min     max
0.000000 0.000000 source latency
0.851819         network latency _48453_/CLK
        0.959404 network latency _47009_/CLK
---------------
0.851819 0.959404 latency
        0.107585 skew

fall -> fall
    min     max
0.000000 0.000000 source latency
0.949190         network latency _48453_/CLK
        1.048704 network latency _47009_/CLK
---------------
0.949190 1.048704 latency
        0.099514 skew



===========================================================================
report_clock_min_period
============================================================================
clk period_min = 10.16 fmax = 98.41
