Reading timing models for corner nom_ss_100C_1v60…
Reading timing library for the 'nom_ss_100C_1v60' corner at '/Users/yomna/.ciel/ciel/sky130/versions/8afc8346a57fe1ab7934ba5a6056ea8b43078e71/sky130A/libs.ref/sky130_fd_sc_hd/lib/sky130_fd_sc_hd__ss_100C_1v60.lib'…
Reading OpenROAD database at '/Users/yomna/Documents/projects/harts/flow/openlane/runs/classic-flow/45-odb-diodesonports/1-odb-portdiodeplacement/hw_scheduler_top.odb'…
Reading design constraints file at '/Users/yomna/Documents/projects/harts/flow/openlane/sdc/hw_scheduler_top_pnr.sdc'…
[INFO]: Creating clock {clk} for port clk with period: 25
[INFO]: Setting clock uncertainty to: 0.12
[INFO]: Source clock latency 0 (macro boundary)
+ detailed_placement -max_displacement  500 100 
Placement Analysis
---------------------------------
total displacement         15.1 u
average displacement        0.0 u
max displacement            3.6 u
original HPWL         1071855.4 u
legalized HPWL        1086045.6 u
delta HPWL                    1 %

[INFO DPL-0020] Mirrored 9724 instances
[INFO DPL-0021] HPWL before          1086045.6 u
[INFO DPL-0022] HPWL after           1071865.7 u
[INFO DPL-0023] HPWL delta               -1.3 %
Setting global connections for newly added cells…
[INFO] Setting global connections...
[INFO ODB-0403] 72 connections made, 0 conflicts skipped.
Updating metrics…
Cell type report:                       Count       Area
  Fill cell                               602    2259.67
  Tap cell                               9544   11941.45
  Antenna cell                             18      45.04
  Buffer                                 2847   13510.46
  Clock buffer                            541    7148.11
  Timing Repair Buffer                   1968   16878.69
  Inverter                               2201    8992.37
  Clock inverter                           95    1226.18
  Sequential cell                        2860   74503.96
  Multi-Input combinational cell        16407  139204.76
  Total                                 37083  275710.68
Writing OpenROAD database to '/Users/yomna/Documents/projects/harts/flow/openlane/runs/classic-flow/45-odb-diodesonports/2-openroad-detailedplacement/hw_scheduler_top.odb'…
Writing netlist to '/Users/yomna/Documents/projects/harts/flow/openlane/runs/classic-flow/45-odb-diodesonports/2-openroad-detailedplacement/hw_scheduler_top.nl.v'…
Writing powered netlist to '/Users/yomna/Documents/projects/harts/flow/openlane/runs/classic-flow/45-odb-diodesonports/2-openroad-detailedplacement/hw_scheduler_top.pnl.v'…
Writing layout to '/Users/yomna/Documents/projects/harts/flow/openlane/runs/classic-flow/45-odb-diodesonports/2-openroad-detailedplacement/hw_scheduler_top.def'…
Writing timing constraints to '/Users/yomna/Documents/projects/harts/flow/openlane/runs/classic-flow/45-odb-diodesonports/2-openroad-detailedplacement/hw_scheduler_top.sdc'…
