
===========================================================================
Violator List
============================================================================
[hold in-reg] rst_n -> _27632_/RESET_B : -0.304780
[hold in-reg] rst_n -> _27633_/RESET_B : -0.304780
[hold in-reg] cs_n -> _27635_/D : -0.096197
[hold in-reg] sclk -> _27634_/D : -0.090686
[hold in-reg] ext_irq[7] -> _28253_/D : -0.050488
[hold in-reg] mosi -> _27466_/D : -0.026480
[hold in-reg] scan_in -> _28419_/D : -0.022493
[hold in-reg] scan_en -> _28437_/D : -0.019585
[hold in-reg] scan_en -> _28442_/D : -0.019585
[hold in-reg] scan_en -> _28445_/D : -0.019585
[hold in-reg] scan_en -> _28469_/D : -0.019584
[hold in-reg] scan_en -> _28471_/D : -0.019584
[hold in-reg] scan_en -> _28470_/D : -0.019584
[hold in-reg] scan_en -> _28431_/D : -0.019580
[hold in-reg] scan_en -> _28432_/D : -0.019578
[hold in-reg] scan_en -> _28434_/D : -0.019578
[hold in-reg] scan_en -> _28435_/D : -0.019577
[hold in-reg] scan_en -> _28443_/D : -0.019575
[hold in-reg] scan_en -> _28455_/D : -0.019574
[hold in-reg] scan_en -> _28439_/D : -0.019573
[hold in-reg] scan_en -> _28420_/D : -0.019566
[hold in-reg] scan_en -> _28421_/D : -0.019566
[hold in-reg] scan_en -> _28422_/D : -0.019566
[hold in-reg] scan_en -> _28423_/D : -0.019566
[hold in-reg] scan_en -> _28424_/D : -0.019566
[hold in-reg] scan_en -> _28425_/D : -0.019566
[hold in-reg] scan_en -> _28426_/D : -0.019566
[hold in-reg] scan_en -> _28429_/D : -0.019566
[hold in-reg] scan_en -> _28430_/D : -0.019566
[hold in-reg] scan_en -> _28433_/D : -0.019566
[hold in-reg] scan_en -> _28436_/D : -0.019566
[hold in-reg] scan_en -> _28438_/D : -0.019566
[hold in-reg] scan_en -> _28440_/D : -0.019566
[hold in-reg] scan_en -> _28441_/D : -0.019566
[hold in-reg] scan_en -> _28444_/D : -0.019566
[hold in-reg] scan_en -> _28446_/D : -0.019566
[hold in-reg] scan_en -> _28447_/D : -0.019566
[hold in-reg] scan_en -> _28448_/D : -0.019566
[hold in-reg] scan_en -> _28449_/D : -0.019566
[hold in-reg] scan_en -> _28450_/D : -0.019566
[hold in-reg] scan_en -> _28451_/D : -0.019566
[hold in-reg] scan_en -> _28452_/D : -0.019566
[hold in-reg] scan_en -> _28453_/D : -0.019566
[hold in-reg] scan_en -> _28454_/D : -0.019566
[hold in-reg] scan_en -> _28456_/D : -0.019566
[hold in-reg] scan_en -> _28457_/D : -0.019566
[hold in-reg] scan_en -> _28458_/D : -0.019566
[hold in-reg] scan_en -> _28459_/D : -0.019566
[hold in-reg] scan_en -> _28460_/D : -0.019566
[hold in-reg] scan_en -> _28461_/D : -0.019566
[hold in-reg] scan_en -> _28462_/D : -0.019566
[hold in-reg] scan_en -> _28463_/D : -0.019566
[hold in-reg] scan_en -> _28464_/D : -0.019566
[hold in-reg] scan_en -> _28465_/D : -0.019566
[hold in-reg] scan_en -> _28466_/D : -0.019566
[hold in-reg] scan_en -> _28467_/D : -0.019566
[hold in-reg] scan_en -> _28468_/D : -0.019566
[hold in-reg] scan_en -> _28427_/D : -0.018499
[hold in-reg] scan_en -> _28428_/D : -0.018499
[hold in-reg] scan_en -> _28472_/D : -0.018499
[hold in-reg] scan_en -> _28473_/D : -0.018499
[hold in-reg] scan_en -> _28474_/D : -0.018499
[hold in-reg] scan_en -> _28475_/D : -0.018499
[hold in-reg] scan_en -> _28476_/D : -0.018499
[hold in-reg] scan_en -> _28477_/D : -0.018499
[hold in-reg] scan_en -> _28478_/D : -0.018499
[hold in-reg] scan_en -> _28479_/D : -0.018499
[hold in-reg] scan_en -> _28480_/D : -0.018499
[hold in-reg] scan_en -> _28481_/D : -0.018499
[hold in-reg] scan_en -> _28482_/D : -0.018499
[hold in-reg] scan_en -> _28483_/D : -0.018499
[hold in-reg] scan_en -> _28484_/D : -0.018499
[hold in-reg] scan_en -> _28485_/D : -0.018499
[hold in-reg] scan_en -> _28486_/D : -0.018499
[hold in-reg] scan_en -> _28487_/D : -0.018499
[hold in-reg] scan_en -> _28488_/D : -0.018499
[hold in-reg] scan_en -> _28489_/D : -0.018499
[hold in-reg] scan_en -> _28490_/D : -0.018499
[hold in-reg] scan_en -> _28491_/D : -0.018499
[hold in-reg] scan_en -> _28492_/D : -0.018499
[hold in-reg] scan_en -> _28493_/D : -0.018499
[hold in-reg] scan_en -> _28494_/D : -0.018499
[hold in-reg] scan_en -> _28495_/D : -0.018499
[hold in-reg] scan_en -> _28496_/D : -0.018499
[hold in-reg] scan_en -> _28497_/D : -0.018499
[hold in-reg] scan_en -> _28498_/D : -0.018499
[hold in-reg] scan_en -> _28499_/D : -0.018499
[hold in-reg] scan_en -> _28500_/D : -0.018499
[hold in-reg] scan_en -> _28501_/D : -0.018499
[hold in-reg] scan_en -> _28502_/D : -0.018499
[hold in-reg] scan_en -> _28503_/D : -0.018499
[hold in-reg] scan_en -> _28504_/D : -0.018499
[hold in-reg] scan_en -> _28505_/D : -0.018499
[hold in-reg] scan_en -> _28506_/D : -0.018499
[hold in-reg] scan_en -> _28507_/D : -0.018499
[hold in-reg] scan_en -> _28508_/D : -0.018499
[hold in-reg] scan_en -> _28509_/D : -0.018499
[hold in-reg] scan_en -> _28510_/D : -0.018499
[hold in-reg] scan_en -> _28511_/D : -0.018499
[hold in-reg] scan_en -> _28512_/D : -0.018499
[hold in-reg] scan_en -> _28513_/D : -0.018499
[hold in-reg] scan_en -> _28514_/D : -0.018499
[hold in-reg] scan_en -> _28515_/D : -0.018499
[hold in-reg] scan_en -> _28516_/D : -0.018499
[hold in-reg] scan_en -> _28517_/D : -0.018499
[hold in-reg] scan_en -> _28518_/D : -0.018499
[hold in-reg] scan_en -> _28519_/D : -0.018499
[hold in-reg] scan_en -> _28520_/D : -0.018499
[hold in-reg] scan_en -> _28521_/D : -0.018499
[hold in-reg] scan_en -> _28522_/D : -0.018499
[hold in-reg] scan_en -> _28523_/D : -0.018499
[hold in-reg] scan_en -> _28524_/D : -0.018499
[hold in-reg] scan_en -> _28525_/D : -0.018499
[hold in-reg] scan_en -> _28526_/D : -0.018499
[hold in-reg] scan_en -> _28527_/D : -0.018499
[hold in-reg] scan_en -> _28528_/D : -0.018499
[hold in-reg] scan_en -> _28529_/D : -0.018499
[hold in-reg] scan_en -> _28530_/D : -0.018499
[hold in-reg] scan_en -> _28531_/D : -0.018499
[hold in-reg] scan_en -> _28532_/D : -0.018499
[hold in-reg] scan_en -> _28533_/D : -0.018499
[hold in-reg] scan_en -> _28534_/D : -0.018499
[hold in-reg] scan_en -> _28535_/D : -0.018499
[hold in-reg] scan_en -> _28536_/D : -0.018499
[hold in-reg] scan_en -> _28537_/D : -0.018499
[hold in-reg] scan_en -> _28538_/D : -0.018499
[hold in-reg] scan_en -> _28539_/D : -0.018499
[hold in-reg] scan_en -> _28540_/D : -0.018499
[hold in-reg] scan_en -> _28541_/D : -0.018499
[hold in-reg] scan_en -> _28542_/D : -0.018499
[hold in-reg] scan_en -> _28543_/D : -0.018499
[hold in-reg] scan_en -> _28544_/D : -0.018499
[hold in-reg] scan_en -> _28545_/D : -0.018499
[hold in-reg] scan_en -> _28546_/D : -0.018499
[hold in-reg] scan_en -> _28547_/D : -0.018499
[hold in-reg] scan_en -> _28548_/D : -0.018499
[hold in-reg] scan_en -> _28549_/D : -0.018499
[hold in-reg] scan_en -> _28550_/D : -0.018499
[hold in-reg] scan_en -> _28551_/D : -0.018499
[hold in-reg] scan_en -> _28552_/D : -0.018499
[hold in-reg] scan_en -> _28553_/D : -0.018499
[hold in-reg] scan_en -> _28554_/D : -0.018499
[hold in-reg] scan_en -> _28555_/D : -0.018499
[hold in-reg] scan_en -> _28556_/D : -0.018499
[hold in-reg] scan_en -> _28557_/D : -0.018499
[hold in-reg] scan_en -> _28558_/D : -0.018499
[hold in-reg] scan_en -> _28559_/D : -0.018499
[hold in-reg] scan_en -> _28560_/D : -0.018499
[hold in-reg] scan_en -> _28561_/D : -0.018499
[hold in-reg] scan_en -> _28562_/D : -0.018499
[hold in-reg] scan_en -> _28563_/D : -0.018499
[hold in-reg] scan_en -> _28564_/D : -0.018499
[hold in-reg] scan_en -> _28565_/D : -0.018499
[hold in-reg] scan_en -> _28566_/D : -0.018499
[hold in-reg] scan_en -> _28567_/D : -0.018499
[hold in-reg] scan_en -> _28568_/D : -0.018499
[hold in-reg] scan_en -> _28569_/D : -0.018499
[hold in-reg] scan_en -> _28570_/D : -0.018499
[hold in-reg] scan_en -> _28571_/D : -0.018499
[hold in-reg] scan_en -> _28572_/D : -0.018499
[hold in-reg] scan_en -> _28573_/D : -0.018499
[hold in-reg] scan_en -> _28574_/D : -0.018499
[hold in-reg] scan_en -> _28575_/D : -0.018499
[hold in-reg] scan_en -> _28576_/D : -0.018499
[hold in-reg] scan_en -> _28577_/D : -0.018499
[hold in-reg] scan_en -> _28578_/D : -0.018499
[hold in-reg] scan_en -> _28579_/D : -0.018499
[hold in-reg] scan_en -> _28580_/D : -0.018499
[hold in-reg] scan_en -> _28581_/D : -0.018499
[hold in-reg] scan_en -> _28582_/D : -0.018499
[hold in-reg] scan_en -> _28583_/D : -0.018499
[hold in-reg] scan_en -> _28584_/D : -0.018499
[hold in-reg] scan_en -> _28585_/D : -0.018499
[hold in-reg] scan_en -> _28586_/D : -0.018499
[hold in-reg] scan_en -> _28587_/D : -0.018499
[hold in-reg] scan_en -> _28588_/D : -0.018499
[hold in-reg] scan_en -> _28589_/D : -0.018499
[hold in-reg] scan_en -> _28590_/D : -0.018499
[hold in-reg] scan_en -> _28591_/D : -0.018499
[hold in-reg] scan_en -> _28592_/D : -0.018499
[hold in-reg] scan_en -> _28593_/D : -0.018499
[hold in-reg] scan_en -> _28594_/D : -0.018499
[hold in-reg] scan_en -> _28595_/D : -0.018499
[hold in-reg] scan_en -> _28596_/D : -0.018499
[hold in-reg] scan_en -> _28597_/D : -0.018499
[hold in-reg] scan_en -> _28598_/D : -0.018499
[hold in-reg] scan_en -> _28599_/D : -0.018499
[hold in-reg] scan_en -> _28600_/D : -0.018499
[hold in-reg] scan_en -> _28601_/D : -0.018499
[hold in-reg] scan_en -> _28602_/D : -0.018499
[hold in-reg] scan_en -> _28603_/D : -0.018499
[hold in-reg] scan_en -> _28604_/D : -0.018499
[hold in-reg] scan_en -> _28605_/D : -0.018499
[hold in-reg] scan_en -> _28606_/D : -0.018499
[hold in-reg] scan_en -> _28607_/D : -0.018499
[hold in-reg] scan_en -> _28608_/D : -0.018499
[hold in-reg] scan_en -> _28609_/D : -0.018499
[hold in-reg] scan_en -> _28610_/D : -0.018499
[hold in-reg] scan_en -> _28611_/D : -0.018499
[hold in-reg] scan_en -> _28612_/D : -0.018499
[hold in-reg] scan_en -> _28613_/D : -0.018499
[hold in-reg] scan_en -> _28614_/D : -0.018499
[hold in-reg] scan_en -> _28615_/D : -0.018499
[hold in-reg] scan_en -> _28616_/D : -0.018499
[hold in-reg] scan_en -> _28617_/D : -0.018499
[hold in-reg] scan_en -> _28618_/D : -0.018499
[hold in-reg] scan_en -> _28619_/D : -0.018499
[hold in-reg] scan_en -> _28620_/D : -0.018499
[hold in-reg] scan_en -> _28621_/D : -0.018499
[hold in-reg] scan_en -> _28622_/D : -0.018499
[hold in-reg] scan_en -> _28623_/D : -0.018499
[hold in-reg] scan_en -> _28624_/D : -0.018499
[hold in-reg] scan_en -> _28625_/D : -0.018499
[hold in-reg] scan_en -> _28626_/D : -0.018499
[hold in-reg] scan_en -> _28627_/D : -0.018499
[hold in-reg] scan_en -> _28628_/D : -0.018499
[hold in-reg] scan_en -> _28629_/D : -0.018499
[hold in-reg] scan_en -> _28630_/D : -0.018499
[hold in-reg] scan_en -> _28631_/D : -0.018499
[hold in-reg] scan_en -> _28632_/D : -0.018499
[hold in-reg] scan_en -> _28633_/D : -0.018499
[hold in-reg] scan_en -> _28634_/D : -0.018499
[hold in-reg] scan_en -> _28635_/D : -0.018499
[hold in-reg] scan_en -> _28636_/D : -0.018499
[hold in-reg] scan_en -> _28637_/D : -0.018499
[hold in-reg] scan_en -> _28638_/D : -0.018499
[hold in-reg] scan_en -> _28639_/D : -0.018499
[hold in-reg] scan_en -> _28640_/D : -0.018499
[hold in-reg] scan_en -> _28641_/D : -0.018499
[hold in-reg] scan_en -> _28642_/D : -0.018499
[hold in-reg] scan_en -> _28643_/D : -0.018499
[hold in-reg] scan_en -> _28644_/D : -0.018499
[hold in-reg] scan_en -> _28645_/D : -0.018499
[hold in-reg] scan_en -> _28646_/D : -0.018499
[hold in-reg] scan_en -> _28647_/D : -0.018499
[hold in-reg] scan_en -> _28648_/D : -0.018499
[hold in-reg] scan_en -> _28649_/D : -0.018499
[hold in-reg] scan_en -> _28650_/D : -0.018499
[hold in-reg] scan_en -> _28651_/D : -0.018499
[hold in-reg] scan_en -> _28652_/D : -0.018499
[hold in-reg] scan_en -> _28653_/D : -0.018499
[hold in-reg] scan_en -> _28654_/D : -0.018499
[hold in-reg] scan_en -> _28655_/D : -0.018499
[hold in-reg] scan_en -> _28656_/D : -0.018499
[hold in-reg] scan_en -> _28657_/D : -0.018499
[hold in-reg] scan_en -> _28658_/D : -0.018499
[hold in-reg] scan_en -> _28659_/D : -0.018499
[hold in-reg] scan_en -> _28660_/D : -0.018499
[hold in-reg] scan_en -> _28661_/D : -0.018499
[hold in-reg] scan_en -> _28662_/D : -0.018499
[hold in-reg] scan_en -> _28663_/D : -0.018499
[hold in-reg] scan_en -> _28664_/D : -0.018499
[hold in-reg] scan_en -> _28665_/D : -0.018499
[hold in-reg] scan_en -> _28666_/D : -0.018499
[hold in-reg] scan_en -> _28667_/D : -0.018499
[hold in-reg] scan_en -> _28668_/D : -0.018499
[hold in-reg] scan_en -> _28669_/D : -0.018499
[hold in-reg] scan_en -> _28670_/D : -0.018499
[hold in-reg] scan_en -> _28671_/D : -0.018499
[hold in-reg] scan_en -> _28672_/D : -0.018499
[hold in-reg] scan_en -> _28673_/D : -0.018499
[hold in-reg] scan_en -> _28674_/D : -0.018499
[hold in-reg] cs_n -> _27433_/D : -0.015217
