
===========================================================================
Violator List
============================================================================
[setup reg-reg] _48227_/Q -> _48934_/D : -9.285195
[setup reg-reg] _48227_/Q -> _48929_/D : -9.282792
[setup reg-reg] _48227_/Q -> _49047_/D : -9.273252
[setup reg-reg] _48227_/Q -> _49019_/D : -9.254437
[setup reg-reg] _48227_/Q -> _49042_/D : -9.214660
[setup reg-reg] _48227_/Q -> _48945_/D : -9.211574
[setup reg-reg] _48227_/Q -> _49044_/D : -9.203773
[setup reg-reg] _48227_/Q -> _48946_/D : -9.191297
[setup reg-reg] _48227_/Q -> _48941_/D : -9.190059
[setup reg-reg] _48227_/Q -> _49041_/D : -9.168441
[setup reg-reg] _48227_/Q -> _49038_/D : -9.159184
[setup reg-reg] _48227_/Q -> _48893_/D : -9.005604
[setup reg-reg] _48227_/Q -> _48894_/D : -9.002486
[setup reg-reg] _48227_/Q -> _48891_/D : -8.997398
[setup reg-reg] _48227_/Q -> _49039_/D : -8.984266
[setup reg-reg] _48227_/Q -> _48740_/D : -8.878422
[setup reg-reg] _48227_/Q -> _48958_/D : -8.869868
[setup reg-reg] _48227_/Q -> _48920_/D : -8.867345
[setup reg-reg] _48227_/Q -> _48966_/D : -8.866790
[setup reg-reg] _48227_/Q -> _48963_/D : -8.861827
[setup reg-reg] _48227_/Q -> _48967_/D : -8.861820
[setup reg-reg] _48227_/Q -> _48965_/D : -8.861452
[setup reg-reg] _48227_/Q -> _48968_/D : -8.858624
[setup reg-reg] _48227_/Q -> _48970_/D : -8.858379
[setup reg-reg] _48227_/Q -> _48957_/D : -8.820478
[setup reg-reg] _48227_/Q -> _48956_/D : -8.819930
[setup reg-reg] _48227_/Q -> _48978_/D : -8.811570
[setup reg-reg] _48227_/Q -> _49033_/D : -8.800527
[setup reg-reg] _48227_/Q -> _48975_/D : -8.796743
[setup reg-reg] _48227_/Q -> _49045_/D : -8.789684
[setup reg-reg] _48227_/Q -> _49052_/D : -8.784863
[setup reg-reg] _48227_/Q -> _48936_/D : -8.775862
[setup reg-reg] _48227_/Q -> _49049_/D : -8.740412
[setup reg-reg] _48227_/Q -> _48902_/D : -8.710160
[setup reg-reg] _48227_/Q -> _48890_/D : -8.709460
[setup reg-reg] _48227_/Q -> _48746_/D : -8.705023
[setup reg-reg] _48227_/Q -> _48765_/D : -8.704790
[setup reg-reg] _48227_/Q -> _48688_/D : -8.697680
[setup reg-reg] _48227_/Q -> _48770_/D : -8.694447
[setup reg-reg] _48227_/Q -> _49028_/D : -8.685889
[setup reg-reg] _48227_/Q -> _48930_/D : -8.684365
[setup reg-reg] _48227_/Q -> _48877_/D : -8.680514
[setup reg-reg] _48227_/Q -> _48979_/D : -8.678608
[setup reg-reg] _48227_/Q -> _49085_/D : -8.675290
[setup reg-reg] _48227_/Q -> _48767_/D : -8.670807
[setup reg-reg] _48227_/Q -> _48973_/D : -8.659362
[setup reg-reg] _48227_/Q -> _48971_/D : -8.652291
[setup reg-reg] _48227_/Q -> _48954_/D : -8.648725
[setup reg-reg] _48227_/Q -> _48698_/D : -8.648216
[setup reg-reg] _48227_/Q -> _48953_/D : -8.644806
[setup reg-reg] _48227_/Q -> _48951_/D : -8.639159
[setup reg-reg] _48227_/Q -> _48948_/D : -8.637942
[setup reg-reg] _48227_/Q -> _48335_/D : -8.637759
[setup reg-reg] _48227_/Q -> _48723_/D : -8.628304
[setup reg-reg] _48227_/Q -> _48949_/D : -8.626703
[setup reg-reg] _48227_/Q -> _48947_/D : -8.621868
[setup reg-reg] _48227_/Q -> _48736_/D : -8.616035
[setup reg-reg] _48227_/Q -> _48738_/D : -8.612379
[setup reg-reg] _48227_/Q -> _48735_/D : -8.610945
[setup reg-reg] _48227_/Q -> _49027_/D : -8.607203
[setup reg-reg] _48227_/Q -> _48714_/D : -8.604588
[setup reg-reg] _48227_/Q -> _48632_/D : -8.599438
[setup reg-reg] _48227_/Q -> _49023_/D : -8.585655
[setup reg-reg] _48227_/Q -> _48923_/D : -8.565518
[setup reg-reg] _48227_/Q -> _49087_/D : -8.554178
[setup reg-reg] _48227_/Q -> _48842_/D : -8.553110
[setup reg-reg] _48227_/Q -> _48925_/D : -8.551631
[setup reg-reg] _48227_/Q -> _48840_/D : -8.551430
[setup reg-reg] _48227_/Q -> _48641_/D : -8.533154
[setup reg-reg] _48227_/Q -> _49046_/D : -8.526293
[setup reg-reg] _48227_/Q -> _48824_/D : -8.524918
[setup reg-reg] _48227_/Q -> _48950_/D : -8.521584
[setup reg-reg] _48227_/Q -> _48952_/D : -8.518686
[setup reg-reg] _48227_/Q -> _48939_/D : -8.518373
[setup reg-reg] _48227_/Q -> _48908_/D : -8.516415
[setup reg-reg] _48227_/Q -> _48942_/D : -8.515565
[setup reg-reg] _48227_/Q -> _48633_/D : -8.514277
[setup reg-reg] _48227_/Q -> _48940_/D : -8.513249
[setup reg-reg] _48227_/Q -> _48943_/D : -8.510217
[setup reg-reg] _48227_/Q -> _48944_/D : -8.509583
[setup reg-reg] _48227_/Q -> _49037_/D : -8.509125
[setup reg-reg] _48227_/Q -> _48841_/D : -8.507877
[setup reg-reg] _48227_/Q -> _48885_/D : -8.499330
[setup reg-reg] _48227_/Q -> _48811_/D : -8.498329
[setup reg-reg] _48227_/Q -> _49043_/D : -8.496844
[setup reg-reg] _48227_/Q -> _48622_/D : -8.495196
[setup reg-reg] _48227_/Q -> _48937_/D : -8.495182
[setup reg-reg] _48227_/Q -> _48911_/D : -8.493629
[setup reg-reg] _48227_/Q -> _48629_/D : -8.493255
[setup reg-reg] _48227_/Q -> _48645_/D : -8.492954
[setup reg-reg] _48227_/Q -> _48909_/D : -8.492934
[setup reg-reg] _48227_/Q -> _48910_/D : -8.492843
[setup reg-reg] _48227_/Q -> _48884_/D : -8.492757
[setup reg-reg] _48227_/Q -> _48972_/D : -8.492279
[setup reg-reg] _48227_/Q -> _48974_/D : -8.485373
[setup reg-reg] _48227_/Q -> _48933_/D : -8.483103
[setup reg-reg] _48227_/Q -> _48932_/D : -8.471457
[setup reg-reg] _48227_/Q -> _48927_/D : -8.467237
[setup reg-reg] _48227_/Q -> _48935_/D : -8.466085
[setup reg-reg] _48227_/Q -> _49031_/D : -8.458465
[setup reg-reg] _48227_/Q -> _48713_/D : -8.456164
[setup reg-reg] _48227_/Q -> _48926_/D : -8.437262
[setup reg-reg] _48227_/Q -> _49040_/D : -8.432849
[setup reg-reg] _48227_/Q -> _48475_/D : -8.432379
[setup reg-reg] _48227_/Q -> _48931_/D : -8.432176
[setup reg-reg] _48227_/Q -> _48693_/D : -8.423930
[setup reg-reg] _48227_/Q -> _48484_/D : -8.413826
[setup reg-reg] _48227_/Q -> _48686_/D : -8.408666
[setup reg-reg] _48227_/Q -> _48694_/D : -8.406284
[setup reg-reg] _48227_/Q -> _48959_/D : -8.397155
[setup reg-reg] _48227_/Q -> _48710_/D : -8.391582
[setup reg-reg] _48227_/Q -> _48485_/D : -8.386655
[setup reg-reg] _48227_/Q -> _48487_/D : -8.383177
[setup reg-reg] _48227_/Q -> _49021_/D : -8.377379
[setup reg-reg] _48227_/Q -> _48479_/D : -8.374064
[setup reg-reg] _48227_/Q -> _48327_/D : -8.372920
[setup reg-reg] _48227_/Q -> _48477_/D : -8.369783
[setup reg-reg] _48227_/Q -> _48480_/D : -8.368515
[setup reg-reg] _48227_/Q -> _49048_/D : -8.368460
[setup reg-reg] _48227_/Q -> _48481_/D : -8.365115
[setup reg-reg] _48227_/Q -> _48323_/D : -8.359152
[setup reg-reg] _48227_/Q -> _48839_/D : -8.351142
[setup reg-reg] _48227_/Q -> _49022_/D : -8.340072
[setup reg-reg] _48227_/Q -> _48752_/D : -8.338144
[setup reg-reg] _48227_/Q -> _48325_/D : -8.333823
[setup reg-reg] _48227_/Q -> _48833_/D : -8.314142
[setup reg-reg] _48227_/Q -> _48774_/D : -8.309332
[setup reg-reg] _48227_/Q -> _48491_/D : -8.309165
[setup reg-reg] _48227_/Q -> _48692_/D : -8.304429
[setup reg-reg] _48227_/Q -> _48500_/D : -8.300374
[setup reg-reg] _48227_/Q -> _48684_/D : -8.298649
[setup reg-reg] _48227_/Q -> _48812_/D : -8.298642
[setup reg-reg] _48227_/Q -> _48816_/D : -8.296695
[setup reg-reg] _48227_/Q -> _48813_/D : -8.291963
[setup reg-reg] _48227_/Q -> _48499_/D : -8.290984
[setup reg-reg] _48227_/Q -> _48750_/D : -8.290819
[setup reg-reg] _48227_/Q -> _48758_/D : -8.290280
[setup reg-reg] _48227_/Q -> _48837_/D : -8.290055
[setup reg-reg] _48227_/Q -> _48505_/D : -8.289685
[setup reg-reg] _48227_/Q -> _48701_/D : -8.289289
[setup reg-reg] _48227_/Q -> _48699_/D : -8.288966
[setup reg-reg] _48227_/Q -> _48345_/D : -8.288325
[setup reg-reg] _48227_/Q -> _48960_/D : -8.287652
[setup reg-reg] _48227_/Q -> _48490_/D : -8.287641
[setup reg-reg] _48227_/Q -> _48775_/D : -8.285769
[setup reg-reg] _48227_/Q -> _48496_/D : -8.285266
[setup reg-reg] _48227_/Q -> _49050_/D : -8.283989
[setup reg-reg] _48227_/Q -> _48961_/D : -8.281343
[setup reg-reg] _48227_/Q -> _48682_/D : -8.280528
[setup reg-reg] _48227_/Q -> _48711_/D : -8.279763
[setup reg-reg] _48227_/Q -> _48955_/D : -8.279214
[setup reg-reg] _48227_/Q -> _48773_/D : -8.276535
[setup reg-reg] _48227_/Q -> _48492_/D : -8.276498
[setup reg-reg] _48227_/Q -> _48964_/D : -8.275993
[setup reg-reg] _48227_/Q -> _48838_/D : -8.275810
[setup reg-reg] _48227_/Q -> _48753_/D : -8.275448
[setup reg-reg] _48227_/Q -> _48962_/D : -8.271343
[setup reg-reg] _48227_/Q -> _48709_/D : -8.271010
[setup reg-reg] _48227_/Q -> _48892_/D : -8.270606
[setup reg-reg] _48227_/Q -> _48498_/D : -8.268897
[setup reg-reg] _48227_/Q -> _48969_/D : -8.268634
[setup reg-reg] _48227_/Q -> _48512_/D : -8.268462
[setup reg-reg] _48227_/Q -> _48697_/D : -8.267348
[setup reg-reg] _48227_/Q -> _48704_/D : -8.263111
[setup reg-reg] _48227_/Q -> _48508_/D : -8.261919
[setup reg-reg] _48227_/Q -> _48695_/D : -8.261255
[setup reg-reg] _48227_/Q -> _48351_/D : -8.259147
[setup reg-reg] _48227_/Q -> _48928_/D : -8.258943
[setup reg-reg] _48227_/Q -> _48689_/D : -8.257423
[setup reg-reg] _48227_/Q -> _48493_/D : -8.256253
[setup reg-reg] _48227_/Q -> _48827_/D : -8.255825
[setup reg-reg] _48227_/Q -> _48706_/D : -8.255651
[setup reg-reg] _48227_/Q -> _48696_/D : -8.252272
[setup reg-reg] _48227_/Q -> _48924_/D : -8.249755
[setup reg-reg] _48227_/Q -> _48700_/D : -8.247959
[setup reg-reg] _48227_/Q -> _48489_/D : -8.244600
[setup reg-reg] _48227_/Q -> _48829_/D : -8.243540
[setup reg-reg] _48227_/Q -> _48821_/D : -8.243363
[setup reg-reg] _48227_/Q -> _48502_/D : -8.242406
[setup reg-reg] _48227_/Q -> _48831_/D : -8.240911
[setup reg-reg] _48227_/Q -> _48687_/D : -8.240289
[setup reg-reg] _48227_/Q -> _48516_/D : -8.239429
[setup reg-reg] _48227_/Q -> _48832_/D : -8.238088
[setup reg-reg] _48227_/Q -> _48822_/D : -8.237988
[setup reg-reg] _48227_/Q -> _48866_/D : -8.236734
[setup reg-reg] _48227_/Q -> _48819_/D : -8.233146
[setup reg-reg] _48227_/Q -> _48825_/D : -8.231485
[setup reg-reg] _48227_/Q -> _48834_/D : -8.231325
[setup reg-reg] _48227_/Q -> _48828_/D : -8.226717
[setup reg-reg] _48227_/Q -> _48830_/D : -8.224262
[setup reg-reg] _48227_/Q -> _48835_/D : -8.223074
[setup reg-reg] _48227_/Q -> _48820_/D : -8.221410
[setup reg-reg] _48227_/Q -> _48823_/D : -8.221397
[setup reg-reg] _48227_/Q -> _48513_/D : -8.220741
[setup reg-reg] _48227_/Q -> _48815_/D : -8.207208
[setup reg-reg] _48227_/Q -> _48817_/D : -8.205029
[setup reg-reg] _48227_/Q -> _48818_/D : -8.204005
[setup reg-reg] _48227_/Q -> _48776_/D : -8.201975
[setup reg-reg] _48227_/Q -> _48358_/D : -8.198548
[setup reg-reg] _48227_/Q -> _48814_/D : -8.198186
[setup reg-reg] _48227_/Q -> _48575_/D : -8.198139
[setup reg-reg] _48227_/Q -> _48836_/D : -8.194692
[setup reg-reg] _48227_/Q -> _48748_/D : -8.184788
[setup reg-reg] _48227_/Q -> _48759_/D : -8.181944
[setup reg-reg] _48227_/Q -> _48756_/D : -8.180937
[setup reg-reg] _48227_/Q -> _48876_/D : -8.179134
[setup reg-reg] _48227_/Q -> _48875_/D : -8.178029
[setup reg-reg] _48227_/Q -> _48901_/D : -8.172171
[setup reg-reg] _48227_/Q -> _48685_/D : -8.170408
[setup reg-reg] _48227_/Q -> _48515_/D : -8.165463
[setup reg-reg] _48227_/Q -> _48754_/D : -8.165104
[setup reg-reg] _48227_/Q -> _48760_/D : -8.160917
[setup reg-reg] _48227_/Q -> _48900_/D : -8.159472
[setup reg-reg] _48227_/Q -> _48899_/D : -8.157668
[setup reg-reg] _48227_/Q -> _48826_/D : -8.148943
[setup reg-reg] _48227_/Q -> _48519_/D : -8.147788
[setup reg-reg] _48227_/Q -> _48793_/D : -8.145602
[setup reg-reg] _48227_/Q -> _48614_/D : -8.144437
[setup reg-reg] _48227_/Q -> _48772_/D : -8.143154
[setup reg-reg] _48227_/Q -> _48809_/D : -8.138189
[setup reg-reg] _48227_/Q -> _48591_/D : -8.135887
[setup reg-reg] _48227_/Q -> _48593_/D : -8.134483
[setup reg-reg] _48227_/Q -> _48768_/D : -8.134014
[setup reg-reg] _48227_/Q -> _48791_/D : -8.130729
[setup reg-reg] _48227_/Q -> _48599_/D : -8.130254
[setup reg-reg] _48227_/Q -> _48907_/D : -8.124183
[setup reg-reg] _48227_/Q -> _48778_/D : -8.122171
[setup reg-reg] _48227_/Q -> _48780_/D : -8.122077
[setup reg-reg] _48227_/Q -> _48794_/D : -8.121967
[setup reg-reg] _48227_/Q -> _48779_/D : -8.121119
[setup reg-reg] _48227_/Q -> _46353_/D : -8.120964
[setup reg-reg] _48227_/Q -> _48777_/D : -8.120818
[setup reg-reg] _48227_/Q -> _48906_/D : -8.118535
[setup reg-reg] _48227_/Q -> _48904_/D : -8.117013
[setup reg-reg] _48227_/Q -> _46358_/D : -8.114912
[setup reg-reg] _48227_/Q -> _48749_/D : -8.112600
[setup reg-reg] _48227_/Q -> _46355_/D : -8.104852
[setup reg-reg] _48227_/Q -> _48763_/D : -8.102584
[setup reg-reg] _48227_/Q -> _48771_/D : -8.102436
[setup reg-reg] _48227_/Q -> _48638_/D : -8.101583
[setup reg-reg] _48227_/Q -> _48747_/D : -8.099331
[setup reg-reg] _48227_/Q -> _48569_/D : -8.099273
[setup reg-reg] _48227_/Q -> _48769_/D : -8.099032
[setup reg-reg] _48227_/Q -> _48751_/D : -8.098608
[setup reg-reg] _48227_/Q -> _48762_/D : -8.096322
[setup reg-reg] _48227_/Q -> _48761_/D : -8.096199
[setup reg-reg] _48227_/Q -> _48755_/D : -8.095576
[setup reg-reg] _48227_/Q -> _48681_/D : -8.093208
[setup reg-reg] _48227_/Q -> _48766_/D : -8.092803
[setup reg-reg] _48227_/Q -> _48683_/D : -8.084037
[setup reg-reg] _48227_/Q -> _48708_/D : -8.081788
[setup reg-reg] _48227_/Q -> _48635_/D : -8.075100
[setup reg-reg] _48227_/Q -> _48690_/D : -8.064877
[setup reg-reg] _48227_/Q -> _48567_/D : -8.064404
[setup reg-reg] _48227_/Q -> _48634_/D : -8.059189
[setup reg-reg] _48227_/Q -> _48703_/D : -8.059164
[setup reg-reg] _48227_/Q -> _49018_/D : -8.058532
[setup reg-reg] _48227_/Q -> _48568_/D : -8.058496
[setup reg-reg] _48227_/Q -> _48786_/D : -8.057891
[setup reg-reg] _48227_/Q -> _48657_/D : -8.057774
[setup reg-reg] _48227_/Q -> _48646_/D : -8.057379
[setup reg-reg] _48227_/Q -> _48647_/D : -8.056176
[setup reg-reg] _48227_/Q -> _48636_/D : -8.055320
[setup reg-reg] _48227_/Q -> _48702_/D : -8.048349
[setup reg-reg] _48227_/Q -> _48712_/D : -8.044568
[setup reg-reg] _48227_/Q -> _48707_/D : -8.043985
[setup reg-reg] _48227_/Q -> _48797_/D : -8.043961
[setup reg-reg] _48227_/Q -> _48705_/D : -8.041704
[setup reg-reg] _48227_/Q -> _48905_/D : -8.040452
[setup reg-reg] _48227_/Q -> _48571_/D : -8.038939
[setup reg-reg] _48227_/Q -> _48664_/D : -8.038096
[setup reg-reg] _48227_/Q -> _48363_/D : -8.037769
[setup reg-reg] _48227_/Q -> _48663_/D : -8.036418
[setup reg-reg] _48227_/Q -> _48680_/D : -8.031997
[setup reg-reg] _48227_/Q -> _48572_/D : -8.031956
[setup reg-reg] _48227_/Q -> _48668_/D : -8.028550
[setup reg-reg] _48227_/Q -> _48653_/D : -8.027915
[setup reg-reg] _48227_/Q -> _48757_/D : -8.024081
[setup reg-reg] _48227_/Q -> _48555_/D : -8.021164
[setup reg-reg] _48227_/Q -> _48655_/D : -8.020516
[setup reg-reg] _48227_/Q -> _48676_/D : -8.019841
[setup reg-reg] _48227_/Q -> _48557_/D : -8.019770
[setup reg-reg] _48227_/Q -> _48666_/D : -8.017029
[setup reg-reg] _48227_/Q -> _48580_/D : -8.014565
[setup reg-reg] _48227_/Q -> _48888_/D : -8.012443
[setup reg-reg] _48227_/Q -> _48734_/D : -8.011909
[setup reg-reg] _48227_/Q -> _48324_/D : -8.011732
[setup reg-reg] _48227_/Q -> _48656_/D : -8.011048
[setup reg-reg] _48227_/Q -> _48582_/D : -8.010847
[setup reg-reg] _48227_/Q -> _48886_/D : -8.010803
[setup reg-reg] _48227_/Q -> _49020_/D : -8.010583
[setup reg-reg] _48227_/Q -> _48889_/D : -8.010159
[setup reg-reg] _48227_/Q -> _48581_/D : -8.008462
[setup reg-reg] _48227_/Q -> _48552_/D : -8.008001
[setup reg-reg] _48227_/Q -> _48732_/D : -8.007854
[setup reg-reg] _48227_/Q -> _48764_/D : -8.007854
[setup reg-reg] _48227_/Q -> _48579_/D : -8.007035
[setup reg-reg] _48227_/Q -> _48873_/D : -8.006902
[setup reg-reg] _48227_/Q -> _48651_/D : -8.005754
[setup reg-reg] _48227_/Q -> _46350_/D : -8.005385
[setup reg-reg] _48227_/Q -> _48784_/D : -8.003783
[setup reg-reg] _48227_/Q -> _48722_/D : -8.002619
[setup reg-reg] _48227_/Q -> _48781_/D : -8.000166
[setup reg-reg] _48227_/Q -> _48649_/D : -7.999154
[setup reg-reg] _48227_/Q -> _48596_/D : -7.997422
[setup reg-reg] _48227_/Q -> _48787_/D : -7.997352
[setup reg-reg] _48227_/Q -> _46354_/D : -7.996196
[setup reg-reg] _48227_/Q -> _48725_/D : -7.995844
[setup reg-reg] _48227_/Q -> _48627_/D : -7.994743
[setup reg-reg] _48227_/Q -> _48667_/D : -7.990915
[setup reg-reg] _48227_/Q -> _48659_/D : -7.990657
[setup reg-reg] _48227_/Q -> _48394_/D : -7.990574
[setup reg-reg] _48227_/Q -> _48648_/D : -7.990259
[setup reg-reg] _48227_/Q -> _48724_/D : -7.989416
[setup reg-reg] _48227_/Q -> _48741_/D : -7.987854
[setup reg-reg] _48227_/Q -> _48739_/D : -7.987312
[setup reg-reg] _48227_/Q -> _48718_/D : -7.986854
[setup reg-reg] _48227_/Q -> _48388_/D : -7.986206
[setup reg-reg] _48227_/Q -> _46359_/D : -7.986172
[setup reg-reg] _48227_/Q -> _48389_/D : -7.985571
[setup reg-reg] _48227_/Q -> _48733_/D : -7.985008
[setup reg-reg] _48227_/Q -> _48788_/D : -7.983559
[setup reg-reg] _48227_/Q -> _48737_/D : -7.983443
[setup reg-reg] _48227_/Q -> _48670_/D : -7.982550
[setup reg-reg] _48227_/Q -> _48658_/D : -7.982026
[setup reg-reg] _48227_/Q -> _48730_/D : -7.981616
[setup reg-reg] _48227_/Q -> _48678_/D : -7.981507
[setup reg-reg] _48227_/Q -> _48400_/D : -7.981236
[setup reg-reg] _48227_/Q -> _48395_/D : -7.980328
[setup reg-reg] _48227_/Q -> _48677_/D : -7.980271
[setup reg-reg] _48227_/Q -> _48652_/D : -7.980152
[setup reg-reg] _48227_/Q -> _48410_/D : -7.979425
[setup reg-reg] _48227_/Q -> _48785_/D : -7.979169
[setup reg-reg] _48227_/Q -> _48674_/D : -7.979122
[setup reg-reg] _48227_/Q -> _48745_/D : -7.979042
[setup reg-reg] _48227_/Q -> _48396_/D : -7.978868
[setup reg-reg] _48227_/Q -> _48731_/D : -7.978862
[setup reg-reg] _48227_/Q -> _48398_/D : -7.978450
[setup reg-reg] _48227_/Q -> _49030_/D : -7.978116
[setup reg-reg] _48227_/Q -> _48577_/D : -7.978063
[setup reg-reg] _48227_/Q -> _48719_/D : -7.977958
[setup reg-reg] _48227_/Q -> _48420_/D : -7.977684
[setup reg-reg] _48227_/Q -> _48790_/D : -7.977548
[setup reg-reg] _48227_/Q -> _48806_/D : -7.975233
[setup reg-reg] _48227_/Q -> _48402_/D : -7.974533
[setup reg-reg] _48227_/Q -> _48675_/D : -7.974425
[setup reg-reg] _48227_/Q -> _48691_/D : -7.973956
[setup reg-reg] _48227_/Q -> _48393_/D : -7.973679
[setup reg-reg] _48227_/Q -> _48564_/D : -7.972430
[setup reg-reg] _48227_/Q -> _48721_/D : -7.972288
[setup reg-reg] _48227_/Q -> _48419_/D : -7.971689
[setup reg-reg] _48227_/Q -> _48729_/D : -7.971105
[setup reg-reg] _48227_/Q -> _48435_/D : -7.969545
[setup reg-reg] _48227_/Q -> _48800_/D : -7.969313
[setup reg-reg] _48227_/Q -> _48743_/D : -7.969274
[setup reg-reg] _48227_/Q -> _48576_/D : -7.967700
[setup reg-reg] _48227_/Q -> _48854_/D : -7.966859
[setup reg-reg] _48227_/Q -> _48566_/D : -7.966433
[setup reg-reg] _48227_/Q -> _48565_/D : -7.965477
[setup reg-reg] _48227_/Q -> _48628_/D : -7.964212
[setup reg-reg] _48227_/Q -> _48521_/D : -7.963692
[setup reg-reg] _48227_/Q -> _48782_/D : -7.963195
[setup reg-reg] _48227_/Q -> _48510_/D : -7.962235
[setup reg-reg] _48227_/Q -> _48805_/D : -7.961701
[setup reg-reg] _48227_/Q -> _48556_/D : -7.961084
[setup reg-reg] _48227_/Q -> _48874_/D : -7.961052
[setup reg-reg] _48227_/Q -> _48804_/D : -7.956546
[setup reg-reg] _48227_/Q -> _48727_/D : -7.954824
[setup reg-reg] _48227_/Q -> _48404_/D : -7.953290
[setup reg-reg] _48227_/Q -> _48720_/D : -7.953071
[setup reg-reg] _48227_/Q -> _48417_/D : -7.950614
[setup reg-reg] _48227_/Q -> _49024_/D : -7.949924
[setup reg-reg] _48227_/Q -> _48563_/D : -7.949080
[setup reg-reg] _48227_/Q -> _48560_/D : -7.948279
[setup reg-reg] _48227_/Q -> _48717_/D : -7.948272
[setup reg-reg] _48227_/Q -> _48808_/D : -7.947286
[setup reg-reg] _48227_/Q -> _48403_/D : -7.947154
[setup reg-reg] _48227_/Q -> _48423_/D : -7.945811
[setup reg-reg] _48227_/Q -> _48848_/D : -7.945674
[setup reg-reg] _48227_/Q -> _48561_/D : -7.945652
[setup reg-reg] _48227_/Q -> _48545_/D : -7.945086
[setup reg-reg] _48227_/Q -> _48562_/D : -7.945060
[setup reg-reg] _48227_/Q -> _48570_/D : -7.944779
[setup reg-reg] _48227_/Q -> _48441_/D : -7.944694
[setup reg-reg] _48227_/Q -> _48726_/D : -7.940083
[setup reg-reg] _48227_/Q -> _48728_/D : -7.939559
[setup reg-reg] _48227_/Q -> _48524_/D : -7.939227
[setup reg-reg] _48227_/Q -> _48528_/D : -7.938800
[setup reg-reg] _48227_/Q -> _48527_/D : -7.936601
[setup reg-reg] _48227_/Q -> _48534_/D : -7.935878
[setup reg-reg] _48227_/Q -> _48413_/D : -7.934985
[setup reg-reg] _48227_/Q -> _48414_/D : -7.934968
[setup reg-reg] _48227_/Q -> _48518_/D : -7.934725
[setup reg-reg] _48227_/Q -> _48807_/D : -7.934542
[setup reg-reg] _48227_/Q -> _48539_/D : -7.934053
[setup reg-reg] _48227_/Q -> _48558_/D : -7.933801
[setup reg-reg] _48227_/Q -> _48488_/D : -7.933640
[setup reg-reg] _48227_/Q -> _48526_/D : -7.931961
[setup reg-reg] _48227_/Q -> _48523_/D : -7.928860
[setup reg-reg] _48227_/Q -> _48530_/D : -7.928238
[setup reg-reg] _48227_/Q -> _48542_/D : -7.928165
[setup reg-reg] _48227_/Q -> _48522_/D : -7.926097
[setup reg-reg] _48227_/Q -> _48408_/D : -7.925424
[setup reg-reg] _48227_/Q -> _48544_/D : -7.923774
[setup reg-reg] _48227_/Q -> _48407_/D : -7.921925
[setup reg-reg] _48227_/Q -> _48559_/D : -7.921406
[setup reg-reg] _48227_/Q -> _48548_/D : -7.921298
[setup reg-reg] _48227_/Q -> _48583_/D : -7.920807
[setup reg-reg] _48227_/Q -> _48573_/D : -7.920434
[setup reg-reg] _48227_/Q -> _48520_/D : -7.919992
[setup reg-reg] _48227_/Q -> _48449_/D : -7.919129
[setup reg-reg] _48227_/Q -> _48554_/D : -7.918592
[setup reg-reg] _48227_/Q -> _48540_/D : -7.918385
[setup reg-reg] _48227_/Q -> _48543_/D : -7.916842
[setup reg-reg] _48227_/Q -> _48551_/D : -7.914562
[setup reg-reg] _48227_/Q -> _48855_/D : -7.914454
[setup reg-reg] _48227_/Q -> _48578_/D : -7.913453
[setup reg-reg] _48227_/Q -> _48375_/D : -7.911616
[setup reg-reg] _48227_/Q -> _48896_/D : -7.908412
[setup reg-reg] _48227_/Q -> _48553_/D : -7.908071
[setup reg-reg] _48227_/Q -> _48445_/D : -7.905511
[setup reg-reg] _48227_/Q -> _48374_/D : -7.900900
[setup reg-reg] _48227_/Q -> _48418_/D : -7.900132
[setup reg-reg] _48227_/Q -> _48857_/D : -7.898354
[setup reg-reg] _48227_/Q -> _48977_/D : -7.898168
[setup reg-reg] _48227_/Q -> _48451_/D : -7.897102
[setup reg-reg] _48227_/Q -> _48536_/D : -7.897109
[setup reg-reg] _48227_/Q -> _48529_/D : -7.896038
[setup reg-reg] _48227_/Q -> _48938_/D : -7.893149
[setup reg-reg] _48227_/Q -> _48574_/D : -7.891853
[setup reg-reg] _48227_/Q -> _48447_/D : -7.891009
[setup reg-reg] _48227_/Q -> _48392_/D : -7.890602
[setup reg-reg] _48227_/Q -> _48525_/D : -7.889916
[setup reg-reg] _48227_/Q -> _48976_/D : -7.889615
[setup reg-reg] _48227_/Q -> _48501_/D : -7.888415
[setup reg-reg] _48227_/Q -> _48455_/D : -7.887859
[setup reg-reg] _48227_/Q -> _48373_/D : -7.885790
[setup reg-reg] _48227_/Q -> _48497_/D : -7.884829
[setup reg-reg] _48227_/Q -> _48411_/D : -7.884501
[setup reg-reg] _48227_/Q -> _48439_/D : -7.884433
[setup reg-reg] _48227_/Q -> _48422_/D : -7.881614
[setup reg-reg] _48227_/Q -> _48397_/D : -7.879447
[setup reg-reg] _48227_/Q -> _48438_/D : -7.879326
[setup reg-reg] _48227_/Q -> _48437_/D : -7.878823
[setup reg-reg] _48227_/Q -> _48450_/D : -7.878683
[setup reg-reg] _48227_/Q -> _48453_/D : -7.878495
[setup reg-reg] _48227_/Q -> _48434_/D : -7.877580
[setup reg-reg] _48227_/Q -> _48401_/D : -7.876800
[setup reg-reg] _48227_/Q -> _48421_/D : -7.876592
[setup reg-reg] _48227_/Q -> _48432_/D : -7.876478
[setup reg-reg] _48227_/Q -> _48436_/D : -7.875944
[setup reg-reg] _48227_/Q -> _48744_/D : -7.873862
[setup reg-reg] _48227_/Q -> _48852_/D : -7.872934
[setup reg-reg] _48227_/Q -> _48509_/D : -7.872176
[setup reg-reg] _48227_/Q -> _48424_/D : -7.871991
[setup reg-reg] _48227_/Q -> _48853_/D : -7.871942
[setup reg-reg] _48227_/Q -> _48458_/D : -7.870057
[setup reg-reg] _48227_/Q -> _48367_/D : -7.869359
[setup reg-reg] _48227_/Q -> _48671_/D : -7.867911
[setup reg-reg] _48227_/Q -> _48661_/D : -7.864806
[setup reg-reg] _48227_/Q -> _48672_/D : -7.864538
[setup reg-reg] _48227_/Q -> _48665_/D : -7.864207
[setup reg-reg] _48227_/Q -> _48494_/D : -7.860088
[setup reg-reg] _48227_/Q -> _48384_/D : -7.856958
[setup reg-reg] _48227_/Q -> _48504_/D : -7.856796
[setup reg-reg] _48227_/Q -> _48506_/D : -7.856754
[setup reg-reg] _48227_/Q -> _48440_/D : -7.856059
[setup reg-reg] _48227_/Q -> _48517_/D : -7.855272
[setup reg-reg] _48227_/Q -> _48514_/D : -7.855022
[setup reg-reg] _48227_/Q -> _48330_/D : -7.853560
[setup reg-reg] _48227_/Q -> _48537_/D : -7.853404
[setup reg-reg] _48227_/Q -> _48442_/D : -7.852997
[setup reg-reg] _48227_/Q -> _48465_/D : -7.850115
[setup reg-reg] _48227_/Q -> _48715_/D : -7.848567
[setup reg-reg] _48227_/Q -> _48742_/D : -7.848552
[setup reg-reg] _48227_/Q -> _48895_/D : -7.847689
[setup reg-reg] _48227_/Q -> _48463_/D : -7.847447
[setup reg-reg] _48227_/Q -> _48532_/D : -7.846913
[setup reg-reg] _48227_/Q -> _48662_/D : -7.845277
[setup reg-reg] _48227_/Q -> _48443_/D : -7.845220
[setup reg-reg] _48227_/Q -> _48669_/D : -7.842911
[setup reg-reg] _48227_/Q -> _48462_/D : -7.841287
[setup reg-reg] _48227_/Q -> _48716_/D : -7.840781
[setup reg-reg] _48227_/Q -> _48849_/D : -7.840553
[setup reg-reg] _48227_/Q -> _48444_/D : -7.836805
[setup reg-reg] _48227_/Q -> _48679_/D : -7.831753
[setup reg-reg] _48227_/Q -> _48431_/D : -7.826659
[setup reg-reg] _48227_/Q -> _48454_/D : -7.825424
[setup reg-reg] _48227_/Q -> _48861_/D : -7.825186
[setup reg-reg] _48227_/Q -> _48503_/D : -7.825017
[setup reg-reg] _48227_/Q -> _48673_/D : -7.824559
[setup reg-reg] _48227_/Q -> _48430_/D : -7.822914
[setup reg-reg] _48227_/Q -> _48535_/D : -7.821889
[setup reg-reg] _48227_/Q -> _48650_/D : -7.820766
[setup reg-reg] _48227_/Q -> _48654_/D : -7.817518
[setup reg-reg] _48227_/Q -> _48339_/D : -7.816956
[setup reg-reg] _48227_/Q -> _48792_/D : -7.815603
[setup reg-reg] _48227_/Q -> _48623_/D : -7.814929
[setup reg-reg] _48227_/Q -> _48446_/D : -7.814059
[setup reg-reg] _48227_/Q -> _48428_/D : -7.812981
[setup reg-reg] _48227_/Q -> _48643_/D : -7.811554
[setup reg-reg] _48227_/Q -> _48425_/D : -7.811362
[setup reg-reg] _48227_/Q -> _48897_/D : -7.811286
[setup reg-reg] _48227_/Q -> _48642_/D : -7.810314
[setup reg-reg] _48227_/Q -> _48639_/D : -7.809627
[setup reg-reg] _48227_/Q -> _48531_/D : -7.809368
[setup reg-reg] _48227_/Q -> _48640_/D : -7.808264
[setup reg-reg] _48227_/Q -> _48340_/D : -7.804168
[setup reg-reg] _48227_/Q -> _48448_/D : -7.803673
[setup reg-reg] _48227_/Q -> _48621_/D : -7.803228
[setup reg-reg] _48227_/Q -> _48342_/D : -7.803092
[setup reg-reg] _48227_/Q -> _48887_/D : -7.801822
[setup reg-reg] _48227_/Q -> _48617_/D : -7.799903
[setup reg-reg] _48227_/Q -> _48898_/D : -7.799632
[setup reg-reg] _48227_/Q -> _48789_/D : -7.799436
[setup reg-reg] _48227_/Q -> _48427_/D : -7.799211
[setup reg-reg] _48227_/Q -> _48795_/D : -7.797583
[setup reg-reg] _48227_/Q -> _48507_/D : -7.797550
[setup reg-reg] _48227_/Q -> _48495_/D : -7.797509
[setup reg-reg] _48227_/Q -> _48799_/D : -7.797350
[setup reg-reg] _48227_/Q -> _48870_/D : -7.795022
[setup reg-reg] _48227_/Q -> _48796_/D : -7.794741
[setup reg-reg] _48227_/Q -> _48798_/D : -7.793943
[setup reg-reg] _48227_/Q -> _48802_/D : -7.793938
[setup reg-reg] _48227_/Q -> _48619_/D : -7.793634
[setup reg-reg] _48227_/Q -> _48426_/D : -7.790527
[setup reg-reg] _48227_/Q -> _48416_/D : -7.789309
[setup reg-reg] _48227_/Q -> _48618_/D : -7.787186
[setup reg-reg] _48227_/Q -> _48549_/D : -7.783310
[setup reg-reg] _48227_/Q -> _48511_/D : -7.782331
[setup reg-reg] _48227_/Q -> _48869_/D : -7.781139
[setup reg-reg] _48227_/Q -> _48406_/D : -7.778736
[setup reg-reg] _48227_/Q -> _48474_/D : -7.778687
[setup reg-reg] _48227_/Q -> _48433_/D : -7.776697
[setup reg-reg] _48227_/Q -> _48882_/D : -7.776249
[setup reg-reg] _48227_/Q -> _48631_/D : -7.775208
[setup reg-reg] _48227_/Q -> _48588_/D : -7.774732
[setup reg-reg] _48227_/Q -> _48865_/D : -7.773860
[setup reg-reg] _48227_/Q -> _48399_/D : -7.771778
[setup reg-reg] _48227_/Q -> _48541_/D : -7.770703
[setup reg-reg] _48227_/Q -> _48412_/D : -7.768548
[setup reg-reg] _48227_/Q -> _48538_/D : -7.767668
[setup reg-reg] _48227_/Q -> _48547_/D : -7.765787
[setup reg-reg] _48227_/Q -> _48533_/D : -7.765051
[setup reg-reg] _48227_/Q -> _48851_/D : -7.756882
[setup reg-reg] _48227_/Q -> _48850_/D : -7.749824
[setup reg-reg] _48227_/Q -> _48415_/D : -7.747232
[setup reg-reg] _48227_/Q -> _48660_/D : -7.745806
[setup reg-reg] _48227_/Q -> _48405_/D : -7.745202
[setup reg-reg] _48227_/Q -> _48626_/D : -7.742509
[setup reg-reg] _48227_/Q -> _48810_/D : -7.740562
[setup reg-reg] _48227_/Q -> _48382_/D : -7.739417
[setup reg-reg] _48227_/Q -> _48883_/D : -7.738695
[setup reg-reg] _48227_/Q -> _48625_/D : -7.738628
[setup reg-reg] _48227_/Q -> _48378_/D : -7.737794
[setup reg-reg] _48227_/Q -> _48361_/D : -7.732221
[setup reg-reg] _48227_/Q -> _48362_/D : -7.732194
[setup reg-reg] _48227_/Q -> _48589_/D : -7.731691
[setup reg-reg] _48227_/Q -> _48409_/D : -7.731165
[setup reg-reg] _48227_/Q -> _48377_/D : -7.729396
[setup reg-reg] _48227_/Q -> _48471_/D : -7.726623
[setup reg-reg] _48227_/Q -> _48913_/D : -7.726403
[setup reg-reg] _48227_/Q -> _48620_/D : -7.724683
[setup reg-reg] _48227_/Q -> _48624_/D : -7.724470
[setup reg-reg] _48227_/Q -> _48391_/D : -7.715437
[setup reg-reg] _48227_/Q -> _48387_/D : -7.711771
[setup reg-reg] _48227_/Q -> _48366_/D : -7.708570
[setup reg-reg] _48227_/Q -> _48372_/D : -7.706342
[setup reg-reg] _48227_/Q -> _48368_/D : -7.699033
[setup reg-reg] _48227_/Q -> _48546_/D : -7.698940
[setup reg-reg] _48227_/Q -> _48859_/D : -7.697304
[setup reg-reg] _48227_/Q -> _48386_/D : -7.694414
[setup reg-reg] _48227_/Q -> _48867_/D : -7.694338
[setup reg-reg] _48227_/Q -> _48871_/D : -7.692910
[setup reg-reg] _48227_/Q -> _49026_/D : -7.692165
[setup reg-reg] _48227_/Q -> _48868_/D : -7.692019
[setup reg-reg] _48227_/Q -> _48385_/D : -7.691972
[setup reg-reg] _48227_/Q -> _48856_/D : -7.688060
[setup reg-reg] _48227_/Q -> _48381_/D : -7.687564
[setup reg-reg] _48227_/Q -> _48550_/D : -7.687467
[setup reg-reg] _48227_/Q -> _48478_/D : -7.684566
[setup reg-reg] _48227_/Q -> _48903_/D : -7.680147
[setup reg-reg] _48227_/Q -> _48333_/D : -7.679889
[setup reg-reg] _48227_/Q -> _48600_/D : -7.678752
[setup reg-reg] _48227_/Q -> _48486_/D : -7.675531
[setup reg-reg] _48227_/Q -> _49051_/D : -7.675119
[setup reg-reg] _48227_/Q -> _48468_/D : -7.674029
[setup reg-reg] _48227_/Q -> _48467_/D : -7.672865
[setup reg-reg] _48227_/Q -> _48376_/D : -7.671830
[setup reg-reg] _48227_/Q -> _48457_/D : -7.668250
[setup reg-reg] _48227_/Q -> _48466_/D : -7.667749
[setup reg-reg] _48227_/Q -> _48602_/D : -7.666929
[setup reg-reg] _48227_/Q -> _48470_/D : -7.666090
[setup reg-reg] _48227_/Q -> _49032_/D : -7.664907
[setup reg-reg] _48227_/Q -> _48598_/D : -7.664568
[setup reg-reg] _48227_/Q -> _48469_/D : -7.663674
[setup reg-reg] _48227_/Q -> _48482_/D : -7.662783
[setup reg-reg] _48227_/Q -> _48783_/D : -7.661347
[setup reg-reg] _48227_/Q -> _48347_/D : -7.661306
[setup reg-reg] _48227_/Q -> _48344_/D : -7.659807
[setup reg-reg] _48227_/Q -> _48429_/D : -7.659399
[setup reg-reg] _48227_/Q -> _48332_/D : -7.657187
[setup reg-reg] _48227_/Q -> _48452_/D : -7.654592
[setup reg-reg] _48227_/Q -> _48472_/D : -7.653530
[setup reg-reg] _48227_/Q -> _48338_/D : -7.653295
[setup reg-reg] _48227_/Q -> _48456_/D : -7.650988
[setup reg-reg] _48227_/Q -> _48346_/D : -7.648732
[setup reg-reg] _48227_/Q -> _48863_/D : -7.647973
[setup reg-reg] _48227_/Q -> _48858_/D : -7.647843
[setup reg-reg] _48227_/Q -> _48872_/D : -7.646452
[setup reg-reg] _48227_/Q -> _48803_/D : -7.645694
[setup reg-reg] _48227_/Q -> _48801_/D : -7.642126
[setup reg-reg] _48227_/Q -> _48348_/D : -7.641763
[setup reg-reg] _48227_/Q -> _48334_/D : -7.641145
[setup reg-reg] _48227_/Q -> _48350_/D : -7.636752
[setup reg-reg] _48227_/Q -> _48613_/D : -7.632536
[setup reg-reg] _48227_/Q -> _48587_/D : -7.632185
[setup reg-reg] _48227_/Q -> _48370_/D : -7.628478
[setup reg-reg] _48227_/Q -> _48612_/D : -7.625333
[setup reg-reg] _48227_/Q -> _48461_/D : -7.624983
[setup reg-reg] _48227_/Q -> _48364_/D : -7.622154
[setup reg-reg] _48227_/Q -> _48630_/D : -7.621806
[setup reg-reg] _48227_/Q -> _48609_/D : -7.616430
[setup reg-reg] _48227_/Q -> _48860_/D : -7.614759
[setup reg-reg] _48227_/Q -> _48879_/D : -7.614682
[setup reg-reg] _48227_/Q -> _48912_/D : -7.611684
[setup reg-reg] _48227_/Q -> _48356_/D : -7.610819
[setup reg-reg] _48227_/Q -> _48601_/D : -7.610305
[setup reg-reg] _48227_/Q -> _48390_/D : -7.608027
[setup reg-reg] _48227_/Q -> _48371_/D : -7.607849
[setup reg-reg] _48227_/Q -> _48595_/D : -7.606802
[setup reg-reg] _48227_/Q -> _48341_/D : -7.603797
[setup reg-reg] _48227_/Q -> _48380_/D : -7.603504
[setup reg-reg] _48227_/Q -> _48586_/D : -7.598242
[setup reg-reg] _48227_/Q -> _48343_/D : -7.597540
[setup reg-reg] _48227_/Q -> _48862_/D : -7.597456
[setup reg-reg] _48227_/Q -> _48637_/D : -7.594649
[setup reg-reg] _48227_/Q -> _48359_/D : -7.590513
[setup reg-reg] _48227_/Q -> _48383_/D : -7.585959
[setup reg-reg] _48227_/Q -> _48590_/D : -7.584682
[setup reg-reg] _48227_/Q -> _48483_/D : -7.583532
[setup reg-reg] _48227_/Q -> _48360_/D : -7.577899
[setup reg-reg] _48227_/Q -> _48379_/D : -7.577424
[setup reg-reg] _48227_/Q -> _48608_/D : -7.575809
[setup reg-reg] _48227_/Q -> _48459_/D : -7.575569
[setup reg-reg] _48227_/Q -> _48603_/D : -7.573345
[setup reg-reg] _48227_/Q -> _48355_/D : -7.571473
[setup reg-reg] _48227_/Q -> _48606_/D : -7.569412
[setup reg-reg] _48227_/Q -> _48605_/D : -7.569126
[setup reg-reg] _48227_/Q -> _48604_/D : -7.566547
[setup reg-reg] _48227_/Q -> _48845_/D : -7.564035
[setup reg-reg] _48227_/Q -> _48880_/D : -7.563683
[setup reg-reg] _48227_/Q -> _48846_/D : -7.563107
[setup reg-reg] _48227_/Q -> _48844_/D : -7.562795
[setup reg-reg] _48227_/Q -> _48337_/D : -7.561756
[setup reg-reg] _48227_/Q -> _48610_/D : -7.559034
[setup reg-reg] _48227_/Q -> _48881_/D : -7.551288
[setup reg-reg] _48227_/Q -> _48476_/D : -7.551254
[setup reg-reg] _48227_/Q -> _48460_/D : -7.547879
[setup reg-reg] _48227_/Q -> _48464_/D : -7.547421
[setup reg-reg] _48227_/Q -> _48336_/D : -7.543705
[setup reg-reg] _48227_/Q -> _48847_/D : -7.537663
[setup reg-reg] _48227_/Q -> _48353_/D : -7.535446
[setup reg-reg] _48227_/Q -> _48611_/D : -7.531336
[setup reg-reg] _48227_/Q -> _48584_/D : -7.526719
[setup reg-reg] _48227_/Q -> _48365_/D : -7.524298
[setup reg-reg] _48227_/Q -> _48615_/D : -7.516411
[setup reg-reg] _48227_/Q -> _48616_/D : -7.508259
[setup reg-reg] _48227_/Q -> _48597_/D : -7.507415
[setup reg-reg] _48227_/Q -> _48369_/D : -7.499132
[setup reg-reg] _48227_/Q -> _48329_/D : -7.494682
[setup reg-reg] _48227_/Q -> _48592_/D : -7.494373
[setup reg-reg] _48227_/Q -> _48644_/D : -7.493270
[setup reg-reg] _48227_/Q -> _48349_/D : -7.492624
[setup reg-reg] _48227_/Q -> _48354_/D : -7.491776
[setup reg-reg] _48227_/Q -> _48328_/D : -7.489049
[setup reg-reg] _48227_/Q -> _48352_/D : -7.481672
[setup reg-reg] _48227_/Q -> _48473_/D : -7.471952
[setup reg-reg] _48227_/Q -> _48585_/D : -7.468263
[setup reg-reg] _48227_/Q -> _48607_/D : -7.457707
[setup reg-reg] _48227_/Q -> _49086_/D : -7.456801
[setup reg-reg] _48227_/Q -> _48864_/D : -7.429213
[setup reg-reg] _48227_/Q -> _48357_/D : -7.425939
[setup reg-reg] _48227_/Q -> _48843_/D : -7.420935
[setup reg-reg] _48227_/Q -> _48594_/D : -7.359495
[setup reg-reg] _48227_/Q -> _48878_/D : -7.342175
[setup reg-reg] _48227_/Q -> _48331_/D : -7.337708
[setup reg-reg] _48227_/Q -> _49053_/D : -7.282482
[setup reg-reg] _48227_/Q -> _46348_/D : -7.178553
[setup reg-reg] _48227_/Q -> _46352_/D : -7.159370
[setup reg-reg] _48227_/Q -> _48326_/D : -7.130364
[setup reg-reg] _48227_/Q -> _49029_/D : -7.069245
[setup reg-reg] _48227_/Q -> _49025_/D : -6.975176
[setup reg-reg] _48227_/Q -> _46349_/D : -6.560756
[setup reg-reg] _48227_/Q -> _48226_/D : -6.555382
[setup reg-reg] _48227_/Q -> _49068_/D : -6.447294
[setup reg-reg] _48227_/Q -> _49067_/D : -6.445168
[setup reg-reg] _48227_/Q -> _49079_/D : -6.380416
[setup reg-reg] _48227_/Q -> _49072_/D : -6.379882
[setup reg-reg] _48227_/Q -> _49080_/D : -6.379875
[setup reg-reg] _48227_/Q -> _49071_/D : -6.378533
[setup reg-reg] _48227_/Q -> _49081_/D : -6.378352
[setup reg-reg] _48227_/Q -> _49074_/D : -6.378214
[setup reg-reg] _48227_/Q -> _49084_/D : -6.377974
[setup reg-reg] _48227_/Q -> _49069_/D : -6.377837
[setup reg-reg] _48227_/Q -> _49076_/D : -6.377439
[setup reg-reg] _48227_/Q -> _49078_/D : -6.377015
[setup reg-reg] _48227_/Q -> _46356_/D : -6.176565
[setup reg-reg] _48227_/Q -> _46351_/D : -6.174155
[setup reg-reg] _48227_/Q -> _46344_/D : -6.171382
[setup reg-reg] _48227_/Q -> _48225_/D : -6.121825
[setup reg-reg] _48227_/Q -> _49017_/D : -6.022372
[setup reg-reg] _48227_/Q -> _46357_/D : -6.012135
[setup reg-reg] _48227_/Q -> _46369_/D : -5.920923
[setup reg-reg] _48227_/Q -> _46370_/D : -5.920568
[setup reg-reg] _48227_/Q -> _46374_/D : -5.920521
[setup reg-reg] _48227_/Q -> _46371_/D : -5.919306
[setup reg-reg] _48227_/Q -> _46258_/D : -5.910007
[setup reg-reg] _48227_/Q -> _48224_/D : -5.875737
[setup reg-reg] _48227_/Q -> _46373_/D : -5.847710
[setup reg-reg] _48227_/Q -> _46376_/D : -5.844104
[setup reg-reg] _48227_/Q -> _46372_/D : -5.843447
[setup reg-reg] _48227_/Q -> _46375_/D : -5.842402
[setup reg-reg] _48227_/Q -> _49083_/D : -5.719479
[setup reg-reg] _48227_/Q -> _49055_/D : -5.690133
[setup reg-reg] _48227_/Q -> _46259_/D : -5.634387
[setup reg-reg] _48227_/Q -> _46343_/D : -5.559228
[setup reg-reg] _48227_/Q -> _46342_/D : -5.487648
[setup reg-reg] _48227_/Q -> _49056_/D : -5.353352
[setup reg-reg] _48227_/Q -> _46365_/D : -5.341297
[setup reg-reg] _48227_/Q -> _46363_/D : -5.341189
[setup reg-reg] _48227_/Q -> _46366_/D : -5.340738
[setup reg-reg] _48227_/Q -> _46362_/D : -5.340709
[setup reg-reg] _48227_/Q -> _46368_/D : -5.340226
[setup reg-reg] _48227_/Q -> _46364_/D : -5.338827
[setup reg-reg] _48227_/Q -> _46367_/D : -5.338762
[setup reg-reg] _48227_/Q -> _46361_/D : -5.338462
[setup reg-reg] _48227_/Q -> _46341_/D : -5.334009
[setup reg-reg] _48227_/Q -> _46335_/D : -5.322240
[setup reg-reg] _48227_/Q -> _46360_/D : -5.310149
[setup reg-reg] _48227_/Q -> _46345_/D : -5.159299
[setup reg-reg] _48227_/Q -> _48223_/D : -5.109421
[setup reg-reg] _48227_/Q -> _46260_/D : -5.071030
[setup reg-reg] _48227_/Q -> _46346_/D : -4.644404
[setup reg-reg] _48227_/Q -> _46347_/D : -4.643354
[setup reg-reg] _48227_/Q -> _48222_/D : -4.632636
[setup reg-reg] _48227_/Q -> _48221_/D : -4.331982
[setup reg-reg] _48227_/Q -> _48212_/D : -4.243249
[setup reg-reg] _48227_/Q -> _48219_/D : -4.223205
[setup reg-reg] _48227_/Q -> _48211_/D : -4.180928
[setup reg-reg] _48227_/Q -> _48214_/D : -4.079324
[setup reg-reg] _48227_/Q -> _48220_/D : -4.060750
[setup reg-reg] _48227_/Q -> _48213_/D : -3.714773
[setup reg-reg] _48227_/Q -> _49054_/D : -3.605933
[setup reg-reg] _48227_/Q -> _49011_/D : -2.945267
[setup reg-reg] _48227_/Q -> _49010_/D : -2.579714
[setup reg-reg] _48227_/Q -> _49012_/D : -2.380867
[setup reg-reg] _48227_/Q -> _49008_/D : -2.127788
[setup reg-reg] _48227_/Q -> _49007_/D : -1.892854
[setup reg-reg] _48227_/Q -> _48218_/D : -1.832540
[setup reg-reg] _48227_/Q -> _49009_/D : -1.780881
[setup reg-reg] _48227_/Q -> _48216_/D : -1.431483
[setup reg-reg] _48227_/Q -> _48217_/D : -1.355764
[setup reg-reg] _48227_/Q -> _49006_/D : -1.175685
[setup reg-reg] _48227_/Q -> _49005_/D : -1.032303
[setup reg-reg] _48227_/Q -> _49004_/D : -0.542135
[setup reg-reg] _48227_/Q -> _49000_/D : -0.247978
[setup reg-reg] _48227_/Q -> _49002_/D : -0.176644
Writing metric timing__hold_vio__count__corner:max_ss_100C_1v60: 0
Writing metric timing__hold_r2r__ws__corner:max_ss_100C_1v60: 0.620412
Writing metric timing__hold_r2r_vio__count__corner:max_ss_100C_1v60: 0
Writing metric timing__setup_vio__count__corner:max_ss_100C_1v60: 768
Writing metric timing__setup_r2r__ws__corner:max_ss_100C_1v60: -9.285195
Writing metric timing__setup_r2r_vio__count__corner:max_ss_100C_1v60: 768
