
===========================================================================
Violator List
============================================================================
[hold in-reg] rst_n -> _25920_/RESET_B : -0.304780
[hold in-reg] rst_n -> _25921_/RESET_B : -0.304780
[hold in-reg] cs_n -> _25923_/D : -0.096197
[hold in-reg] sclk -> _25922_/D : -0.090686
[hold in-reg] mosi -> _25754_/D : -0.026480
[hold in-reg] scan_in -> _26707_/D : -0.022493
[hold in-reg] ext_irq[7] -> _26541_/D : -0.019904
[hold in-reg] scan_en -> _26733_/D : -0.019585
[hold in-reg] scan_en -> _26740_/D : -0.019585
[hold in-reg] scan_en -> _26741_/D : -0.019585
[hold in-reg] scan_en -> _26742_/D : -0.019585
[hold in-reg] scan_en -> _26759_/D : -0.019585
[hold in-reg] scan_en -> _26720_/D : -0.019584
[hold in-reg] scan_en -> _26722_/D : -0.019584
[hold in-reg] scan_en -> _26723_/D : -0.019584
[hold in-reg] scan_en -> _26725_/D : -0.019584
[hold in-reg] scan_en -> _26736_/D : -0.019584
[hold in-reg] scan_en -> _26748_/D : -0.019584
[hold in-reg] scan_en -> _26719_/D : -0.019584
[hold in-reg] scan_en -> _26726_/D : -0.019584
[hold in-reg] scan_en -> _26728_/D : -0.019584
[hold in-reg] scan_en -> _26729_/D : -0.019584
[hold in-reg] scan_en -> _26730_/D : -0.019584
[hold in-reg] scan_en -> _26731_/D : -0.019584
[hold in-reg] scan_en -> _26757_/D : -0.019584
[hold in-reg] scan_en -> _26758_/D : -0.019584
[hold in-reg] scan_en -> _26746_/D : -0.019584
[hold in-reg] scan_en -> _26739_/D : -0.019583
[hold in-reg] scan_en -> _26737_/D : -0.019582
[hold in-reg] scan_en -> _26744_/D : -0.019582
[hold in-reg] scan_en -> _26734_/D : -0.019580
[hold in-reg] scan_en -> _26747_/D : -0.019578
[hold in-reg] scan_en -> _26727_/D : -0.019574
[hold in-reg] scan_en -> _26745_/D : -0.019572
[hold in-reg] scan_en -> _26738_/D : -0.019569
[hold in-reg] scan_en -> _26708_/D : -0.019566
[hold in-reg] scan_en -> _26709_/D : -0.019566
[hold in-reg] scan_en -> _26710_/D : -0.019566
[hold in-reg] scan_en -> _26711_/D : -0.019566
[hold in-reg] scan_en -> _26712_/D : -0.019566
[hold in-reg] scan_en -> _26713_/D : -0.019566
[hold in-reg] scan_en -> _26714_/D : -0.019566
[hold in-reg] scan_en -> _26717_/D : -0.019566
[hold in-reg] scan_en -> _26718_/D : -0.019566
[hold in-reg] scan_en -> _26721_/D : -0.019566
[hold in-reg] scan_en -> _26724_/D : -0.019566
[hold in-reg] scan_en -> _26732_/D : -0.019566
[hold in-reg] scan_en -> _26735_/D : -0.019566
[hold in-reg] scan_en -> _26743_/D : -0.019566
[hold in-reg] scan_en -> _26749_/D : -0.019566
[hold in-reg] scan_en -> _26750_/D : -0.019566
[hold in-reg] scan_en -> _26751_/D : -0.019566
[hold in-reg] scan_en -> _26752_/D : -0.019566
[hold in-reg] scan_en -> _26753_/D : -0.019566
[hold in-reg] scan_en -> _26754_/D : -0.019566
[hold in-reg] scan_en -> _26755_/D : -0.019566
[hold in-reg] scan_en -> _26756_/D : -0.019566
[hold in-reg] scan_en -> _26715_/D : -0.018499
[hold in-reg] scan_en -> _26716_/D : -0.018499
[hold in-reg] scan_en -> _26760_/D : -0.018499
[hold in-reg] scan_en -> _26761_/D : -0.018499
[hold in-reg] scan_en -> _26762_/D : -0.018499
[hold in-reg] scan_en -> _26763_/D : -0.018499
[hold in-reg] scan_en -> _26764_/D : -0.018499
[hold in-reg] scan_en -> _26765_/D : -0.018499
[hold in-reg] scan_en -> _26766_/D : -0.018499
[hold in-reg] scan_en -> _26767_/D : -0.018499
[hold in-reg] scan_en -> _26768_/D : -0.018499
[hold in-reg] scan_en -> _26769_/D : -0.018499
[hold in-reg] scan_en -> _26770_/D : -0.018499
[hold in-reg] scan_en -> _26771_/D : -0.018499
[hold in-reg] scan_en -> _26772_/D : -0.018499
[hold in-reg] scan_en -> _26773_/D : -0.018499
[hold in-reg] scan_en -> _26774_/D : -0.018499
[hold in-reg] scan_en -> _26775_/D : -0.018499
[hold in-reg] scan_en -> _26776_/D : -0.018499
[hold in-reg] scan_en -> _26777_/D : -0.018499
[hold in-reg] scan_en -> _26778_/D : -0.018499
[hold in-reg] scan_en -> _26779_/D : -0.018499
[hold in-reg] scan_en -> _26780_/D : -0.018499
[hold in-reg] scan_en -> _26781_/D : -0.018499
[hold in-reg] scan_en -> _26782_/D : -0.018499
[hold in-reg] scan_en -> _26783_/D : -0.018499
[hold in-reg] scan_en -> _26784_/D : -0.018499
[hold in-reg] scan_en -> _26785_/D : -0.018499
[hold in-reg] scan_en -> _26786_/D : -0.018499
[hold in-reg] scan_en -> _26787_/D : -0.018499
[hold in-reg] scan_en -> _26788_/D : -0.018499
[hold in-reg] scan_en -> _26789_/D : -0.018499
[hold in-reg] scan_en -> _26790_/D : -0.018499
[hold in-reg] scan_en -> _26791_/D : -0.018499
[hold in-reg] scan_en -> _26792_/D : -0.018499
[hold in-reg] scan_en -> _26793_/D : -0.018499
[hold in-reg] scan_en -> _26794_/D : -0.018499
[hold in-reg] scan_en -> _26795_/D : -0.018499
[hold in-reg] scan_en -> _26796_/D : -0.018499
[hold in-reg] scan_en -> _26797_/D : -0.018499
[hold in-reg] scan_en -> _26798_/D : -0.018499
[hold in-reg] scan_en -> _26799_/D : -0.018499
[hold in-reg] scan_en -> _26800_/D : -0.018499
[hold in-reg] scan_en -> _26801_/D : -0.018499
[hold in-reg] scan_en -> _26802_/D : -0.018499
[hold in-reg] scan_en -> _26803_/D : -0.018499
[hold in-reg] scan_en -> _26804_/D : -0.018499
[hold in-reg] scan_en -> _26805_/D : -0.018499
[hold in-reg] scan_en -> _26806_/D : -0.018499
[hold in-reg] scan_en -> _26807_/D : -0.018499
[hold in-reg] scan_en -> _26808_/D : -0.018499
[hold in-reg] scan_en -> _26809_/D : -0.018499
[hold in-reg] scan_en -> _26810_/D : -0.018499
[hold in-reg] scan_en -> _26811_/D : -0.018499
[hold in-reg] scan_en -> _26812_/D : -0.018499
[hold in-reg] scan_en -> _26813_/D : -0.018499
[hold in-reg] scan_en -> _26814_/D : -0.018499
[hold in-reg] scan_en -> _26815_/D : -0.018499
[hold in-reg] scan_en -> _26816_/D : -0.018499
[hold in-reg] scan_en -> _26817_/D : -0.018499
[hold in-reg] scan_en -> _26818_/D : -0.018499
[hold in-reg] scan_en -> _26819_/D : -0.018499
[hold in-reg] scan_en -> _26820_/D : -0.018499
[hold in-reg] scan_en -> _26821_/D : -0.018499
[hold in-reg] scan_en -> _26822_/D : -0.018499
[hold in-reg] scan_en -> _26823_/D : -0.018499
[hold in-reg] scan_en -> _26824_/D : -0.018499
[hold in-reg] scan_en -> _26825_/D : -0.018499
[hold in-reg] scan_en -> _26826_/D : -0.018499
[hold in-reg] scan_en -> _26827_/D : -0.018499
[hold in-reg] scan_en -> _26828_/D : -0.018499
[hold in-reg] scan_en -> _26829_/D : -0.018499
[hold in-reg] scan_en -> _26830_/D : -0.018499
[hold in-reg] scan_en -> _26831_/D : -0.018499
[hold in-reg] scan_en -> _26832_/D : -0.018499
[hold in-reg] scan_en -> _26833_/D : -0.018499
[hold in-reg] scan_en -> _26834_/D : -0.018499
[hold in-reg] scan_en -> _26835_/D : -0.018499
[hold in-reg] scan_en -> _26836_/D : -0.018499
[hold in-reg] scan_en -> _26837_/D : -0.018499
[hold in-reg] scan_en -> _26838_/D : -0.018499
[hold in-reg] scan_en -> _26839_/D : -0.018499
[hold in-reg] scan_en -> _26840_/D : -0.018499
[hold in-reg] scan_en -> _26841_/D : -0.018499
[hold in-reg] scan_en -> _26842_/D : -0.018499
[hold in-reg] scan_en -> _26843_/D : -0.018499
[hold in-reg] scan_en -> _26844_/D : -0.018499
[hold in-reg] scan_en -> _26845_/D : -0.018499
[hold in-reg] scan_en -> _26846_/D : -0.018499
[hold in-reg] scan_en -> _26847_/D : -0.018499
[hold in-reg] scan_en -> _26848_/D : -0.018499
[hold in-reg] scan_en -> _26849_/D : -0.018499
[hold in-reg] scan_en -> _26850_/D : -0.018499
[hold in-reg] scan_en -> _26851_/D : -0.018499
[hold in-reg] scan_en -> _26852_/D : -0.018499
[hold in-reg] scan_en -> _26853_/D : -0.018499
[hold in-reg] scan_en -> _26854_/D : -0.018499
[hold in-reg] scan_en -> _26855_/D : -0.018499
[hold in-reg] scan_en -> _26856_/D : -0.018499
[hold in-reg] scan_en -> _26857_/D : -0.018499
[hold in-reg] scan_en -> _26858_/D : -0.018499
[hold in-reg] scan_en -> _26859_/D : -0.018499
[hold in-reg] scan_en -> _26860_/D : -0.018499
[hold in-reg] scan_en -> _26861_/D : -0.018499
[hold in-reg] scan_en -> _26862_/D : -0.018499
[hold in-reg] scan_en -> _26863_/D : -0.018499
[hold in-reg] scan_en -> _26864_/D : -0.018499
[hold in-reg] scan_en -> _26865_/D : -0.018499
[hold in-reg] scan_en -> _26866_/D : -0.018499
[hold in-reg] scan_en -> _26867_/D : -0.018499
[hold in-reg] scan_en -> _26868_/D : -0.018499
[hold in-reg] scan_en -> _26869_/D : -0.018499
[hold in-reg] scan_en -> _26870_/D : -0.018499
[hold in-reg] scan_en -> _26871_/D : -0.018499
[hold in-reg] scan_en -> _26872_/D : -0.018499
[hold in-reg] scan_en -> _26873_/D : -0.018499
[hold in-reg] scan_en -> _26874_/D : -0.018499
[hold in-reg] scan_en -> _26875_/D : -0.018499
[hold in-reg] scan_en -> _26876_/D : -0.018499
[hold in-reg] scan_en -> _26877_/D : -0.018499
[hold in-reg] scan_en -> _26878_/D : -0.018499
[hold in-reg] scan_en -> _26879_/D : -0.018499
[hold in-reg] scan_en -> _26880_/D : -0.018499
[hold in-reg] scan_en -> _26881_/D : -0.018499
[hold in-reg] scan_en -> _26882_/D : -0.018499
[hold in-reg] scan_en -> _26883_/D : -0.018499
[hold in-reg] scan_en -> _26884_/D : -0.018499
[hold in-reg] scan_en -> _26885_/D : -0.018499
[hold in-reg] scan_en -> _26886_/D : -0.018499
[hold in-reg] scan_en -> _26887_/D : -0.018499
[hold in-reg] scan_en -> _26888_/D : -0.018499
[hold in-reg] scan_en -> _26889_/D : -0.018499
[hold in-reg] scan_en -> _26890_/D : -0.018499
[hold in-reg] scan_en -> _26891_/D : -0.018499
[hold in-reg] scan_en -> _26892_/D : -0.018499
[hold in-reg] scan_en -> _26893_/D : -0.018499
[hold in-reg] scan_en -> _26894_/D : -0.018499
[hold in-reg] scan_en -> _26895_/D : -0.018499
[hold in-reg] scan_en -> _26896_/D : -0.018499
[hold in-reg] scan_en -> _26897_/D : -0.018499
[hold in-reg] scan_en -> _26898_/D : -0.018499
[hold in-reg] scan_en -> _26899_/D : -0.018499
[hold in-reg] scan_en -> _26900_/D : -0.018499
[hold in-reg] scan_en -> _26901_/D : -0.018499
[hold in-reg] scan_en -> _26902_/D : -0.018499
[hold in-reg] scan_en -> _26903_/D : -0.018499
[hold in-reg] scan_en -> _26904_/D : -0.018499
[hold in-reg] scan_en -> _26905_/D : -0.018499
[hold in-reg] scan_en -> _26906_/D : -0.018499
[hold in-reg] scan_en -> _26907_/D : -0.018499
[hold in-reg] scan_en -> _26908_/D : -0.018499
[hold in-reg] scan_en -> _26909_/D : -0.018499
[hold in-reg] scan_en -> _26910_/D : -0.018499
[hold in-reg] scan_en -> _26911_/D : -0.018499
[hold in-reg] scan_en -> _26912_/D : -0.018499
[hold in-reg] scan_en -> _26913_/D : -0.018499
[hold in-reg] scan_en -> _26914_/D : -0.018499
[hold in-reg] scan_en -> _26915_/D : -0.018499
[hold in-reg] scan_en -> _26916_/D : -0.018499
[hold in-reg] scan_en -> _26917_/D : -0.018499
[hold in-reg] scan_en -> _26918_/D : -0.018499
[hold in-reg] scan_en -> _26919_/D : -0.018499
[hold in-reg] scan_en -> _26920_/D : -0.018499
[hold in-reg] scan_en -> _26921_/D : -0.018499
[hold in-reg] scan_en -> _26922_/D : -0.018499
[hold in-reg] scan_en -> _26923_/D : -0.018499
[hold in-reg] scan_en -> _26924_/D : -0.018499
[hold in-reg] scan_en -> _26925_/D : -0.018499
[hold in-reg] scan_en -> _26926_/D : -0.018499
[hold in-reg] scan_en -> _26927_/D : -0.018499
[hold in-reg] scan_en -> _26928_/D : -0.018499
[hold in-reg] scan_en -> _26929_/D : -0.018499
[hold in-reg] scan_en -> _26930_/D : -0.018499
[hold in-reg] scan_en -> _26931_/D : -0.018499
[hold in-reg] scan_en -> _26932_/D : -0.018499
[hold in-reg] scan_en -> _26933_/D : -0.018499
[hold in-reg] scan_en -> _26934_/D : -0.018499
[hold in-reg] scan_en -> _26935_/D : -0.018499
[hold in-reg] scan_en -> _26936_/D : -0.018499
[hold in-reg] scan_en -> _26937_/D : -0.018499
[hold in-reg] scan_en -> _26938_/D : -0.018499
[hold in-reg] scan_en -> _26939_/D : -0.018499
[hold in-reg] scan_en -> _26940_/D : -0.018499
[hold in-reg] scan_en -> _26941_/D : -0.018499
[hold in-reg] scan_en -> _26942_/D : -0.018499
[hold in-reg] scan_en -> _26943_/D : -0.018499
[hold in-reg] scan_en -> _26944_/D : -0.018499
[hold in-reg] scan_en -> _26945_/D : -0.018499
[hold in-reg] scan_en -> _26946_/D : -0.018499
[hold in-reg] scan_en -> _26947_/D : -0.018499
[hold in-reg] scan_en -> _26948_/D : -0.018499
[hold in-reg] scan_en -> _26949_/D : -0.018499
[hold in-reg] scan_en -> _26950_/D : -0.018499
[hold in-reg] scan_en -> _26951_/D : -0.018499
[hold in-reg] scan_en -> _26952_/D : -0.018499
[hold in-reg] scan_en -> _26953_/D : -0.018499
[hold in-reg] scan_en -> _26954_/D : -0.018499
[hold in-reg] scan_en -> _26955_/D : -0.018499
[hold in-reg] scan_en -> _26956_/D : -0.018499
[hold in-reg] scan_en -> _26957_/D : -0.018499
[hold in-reg] scan_en -> _26958_/D : -0.018499
[hold in-reg] scan_en -> _26959_/D : -0.018499
[hold in-reg] scan_en -> _26960_/D : -0.018499
[hold in-reg] scan_en -> _26961_/D : -0.018499
[hold in-reg] scan_en -> _26962_/D : -0.018499
