Clock: clk
Sources: clk 
Generated: no
Virtual: yes
Propagated: no
Period: 25.000000

===========================================================================
report_clock_properties
============================================================================
Clock                   Period          Waveform
----------------------------------------------------
clk                  25.000000    0.000000 12.500000

===========================================================================
report_clock_latency
============================================================================
Clock clk
rise -> rise
    min     max
0.000000 0.000000 source latency
1.291871         network latency _48453_/CLK
        1.420106 network latency _47009_/CLK
---------------
1.291871 1.420106 latency
        0.128235 skew

fall -> fall
    min     max
0.000000 0.000000 source latency
1.295936         network latency _48453_/CLK
        1.406357 network latency _47009_/CLK
---------------
1.295936 1.406357 latency
        0.110421 skew



===========================================================================
report_clock_min_period
============================================================================
clk period_min = 15.59 fmax = 64.14
