153. Printing statistics.

=== hw_scheduler_top ===

        +----------Local Count, excluding submodules.
        |        +-Local Area, excluding submodules.
        |        | 
    15038        - wires
    15045        - wire bits
     2868        - public wires
     2875        - public wire bits
       11        - ports
       18        - port bits
    15030 1.87E+05 cells
       27  337.824   sky130_fd_sc_hd__a2111o_2
       10  150.144   sky130_fd_sc_hd__a2111oi_2
      447 4.47E+03   sky130_fd_sc_hd__a211o_2
      221 2.77E+03   sky130_fd_sc_hd__a211oi_2
       51   510.49   sky130_fd_sc_hd__a21bo_2
       27  304.042   sky130_fd_sc_hd__a21boi_2
      584 5.11E+03   sky130_fd_sc_hd__a21o_2
      312 2.73E+03   sky130_fd_sc_hd__a21oi_2
      401 4.52E+03   sky130_fd_sc_hd__a221o_2
       48  720.691   sky130_fd_sc_hd__a221oi_2
     2170 2.17E+04   sky130_fd_sc_hd__a22o_2
       26  325.312   sky130_fd_sc_hd__a22oi_2
       86  968.429   sky130_fd_sc_hd__a2bb2o_2
        1   15.014   sky130_fd_sc_hd__a2bb2oi_2
       17  191.434   sky130_fd_sc_hd__a311o_2
        2   30.029   sky130_fd_sc_hd__a311oi_2
      201 1.76E+03   sky130_fd_sc_hd__a31o_2
       13  162.656   sky130_fd_sc_hd__a31oi_2
      104 1.17E+03   sky130_fd_sc_hd__a32o_2
        7  113.859   sky130_fd_sc_hd__a32oi_2
        7   78.826   sky130_fd_sc_hd__a41o_2
        1   16.266   sky130_fd_sc_hd__a41oi_2
      587 4.41E+03   sky130_fd_sc_hd__and2_2
       55  481.712   sky130_fd_sc_hd__and2b_2
      131  983.443   sky130_fd_sc_hd__and3_2
       23  230.221   sky130_fd_sc_hd__and3b_2
       28  280.269   sky130_fd_sc_hd__and4_2
       22  247.738   sky130_fd_sc_hd__and4b_2
       18  225.216   sky130_fd_sc_hd__and4bb_2
     2709 7.12E+04   sky130_fd_sc_hd__dfrtp_2
       22  578.054   sky130_fd_sc_hd__dfstp_2
      129 2.74E+03   sky130_fd_sc_hd__dfxtp_2
      349 1.31E+03   sky130_fd_sc_hd__inv_2
      873 9.83E+03   sky130_fd_sc_hd__mux2_1
      728 4.55E+03   sky130_fd_sc_hd__nand2_2
       45  394.128   sky130_fd_sc_hd__nand2b_2
       29  290.278   sky130_fd_sc_hd__nand3_2
        8   90.086   sky130_fd_sc_hd__nand3b_2
        6   75.072   sky130_fd_sc_hd__nand4_2
        2   30.029   sky130_fd_sc_hd__nand4b_2
      810  5067.36   sky130_fd_sc_hd__nor2_2
       25   250.24   sky130_fd_sc_hd__nor3_2
        9  112.608   sky130_fd_sc_hd__nor3b_2
        9  112.608   sky130_fd_sc_hd__nor4_2
        3   45.043   sky130_fd_sc_hd__nor4b_2
       19  237.728   sky130_fd_sc_hd__o2111a_2
        4   60.058   sky130_fd_sc_hd__o2111ai_2
      521 5.22E+03   sky130_fd_sc_hd__o211a_2
       20   250.24   sky130_fd_sc_hd__o211ai_2
      275  2408.56   sky130_fd_sc_hd__o21a_2
      323 2.83E+03   sky130_fd_sc_hd__o21ai_2
       35  350.336   sky130_fd_sc_hd__o21ba_2
       17  191.434   sky130_fd_sc_hd__o21bai_2
      260 2.93E+03   sky130_fd_sc_hd__o221a_2
        7  105.101   sky130_fd_sc_hd__o221ai_2
      347 3.47E+03   sky130_fd_sc_hd__o22a_2
       45   563.04   sky130_fd_sc_hd__o22ai_2
      105 1.18E+03   sky130_fd_sc_hd__o2bb2a_2
       24  270.259   sky130_fd_sc_hd__o311a_2
        3   48.797   sky130_fd_sc_hd__o311ai_2
       38  380.365   sky130_fd_sc_hd__o31a_2
       23  287.776   sky130_fd_sc_hd__o31ai_2
       13   146.39   sky130_fd_sc_hd__o32a_2
        3   48.797   sky130_fd_sc_hd__o32ai_2
        5    62.56   sky130_fd_sc_hd__o41a_2
        1   16.266   sky130_fd_sc_hd__o41ai_2
      632 3.95E+03   sky130_fd_sc_hd__or2_2
      211 1.58E+03   sky130_fd_sc_hd__or3_2
       55  481.712   sky130_fd_sc_hd__or3b_2
      284 2.49E+03   sky130_fd_sc_hd__or4_2
       39  390.374   sky130_fd_sc_hd__or4b_2
        9  112.608   sky130_fd_sc_hd__or4bb_2
      207 3.37E+03   sky130_fd_sc_hd__xnor2_2
      122 1.98E+03   sky130_fd_sc_hd__xor2_2

   Chip area for module '\hw_scheduler_top': 187115.708800
     of which used for sequential elements: 74501.452800 (39.82%)

