
===========================================================================
Violator List
============================================================================
[hold in-reg] rst_n -> _28086_/RESET_B : -0.304780
[hold in-reg] rst_n -> _28087_/RESET_B : -0.304780
[hold in-reg] cs_n -> _28089_/D : -0.096197
[hold in-reg] sclk -> _28088_/D : -0.090686
[hold in-reg] ext_irq[7] -> _28707_/D : -0.050488
[hold in-reg] mosi -> _27920_/D : -0.026480
[hold in-reg] scan_in -> _28873_/D : -0.022493
[hold in-reg] scan_en -> _28889_/D : -0.019585
[hold in-reg] scan_en -> _28886_/D : -0.019585
[hold in-reg] scan_en -> _28891_/D : -0.019585
[hold in-reg] scan_en -> _28907_/D : -0.019584
[hold in-reg] scan_en -> _28924_/D : -0.019584
[hold in-reg] scan_en -> _28925_/D : -0.019584
[hold in-reg] scan_en -> _28923_/D : -0.019584
[hold in-reg] scan_en -> _28906_/D : -0.019583
[hold in-reg] scan_en -> _28914_/D : -0.019577
[hold in-reg] scan_en -> _28910_/D : -0.019575
[hold in-reg] scan_en -> _28903_/D : -0.019575
[hold in-reg] scan_en -> _28898_/D : -0.019574
[hold in-reg] scan_en -> _28896_/D : -0.019573
[hold in-reg] scan_en -> _28904_/D : -0.019571
[hold in-reg] scan_en -> _28905_/D : -0.019570
[hold in-reg] scan_en -> _28885_/D : -0.019566
[hold in-reg] scan_en -> _28874_/D : -0.019566
[hold in-reg] scan_en -> _28875_/D : -0.019566
[hold in-reg] scan_en -> _28876_/D : -0.019566
[hold in-reg] scan_en -> _28877_/D : -0.019566
[hold in-reg] scan_en -> _28878_/D : -0.019566
[hold in-reg] scan_en -> _28879_/D : -0.019566
[hold in-reg] scan_en -> _28880_/D : -0.019566
[hold in-reg] scan_en -> _28883_/D : -0.019566
[hold in-reg] scan_en -> _28884_/D : -0.019566
[hold in-reg] scan_en -> _28887_/D : -0.019566
[hold in-reg] scan_en -> _28888_/D : -0.019566
[hold in-reg] scan_en -> _28890_/D : -0.019566
[hold in-reg] scan_en -> _28892_/D : -0.019566
[hold in-reg] scan_en -> _28893_/D : -0.019566
[hold in-reg] scan_en -> _28894_/D : -0.019566
[hold in-reg] scan_en -> _28895_/D : -0.019566
[hold in-reg] scan_en -> _28897_/D : -0.019566
[hold in-reg] scan_en -> _28899_/D : -0.019566
[hold in-reg] scan_en -> _28900_/D : -0.019566
[hold in-reg] scan_en -> _28901_/D : -0.019566
[hold in-reg] scan_en -> _28902_/D : -0.019566
[hold in-reg] scan_en -> _28908_/D : -0.019566
[hold in-reg] scan_en -> _28909_/D : -0.019566
[hold in-reg] scan_en -> _28911_/D : -0.019566
[hold in-reg] scan_en -> _28912_/D : -0.019566
[hold in-reg] scan_en -> _28913_/D : -0.019566
[hold in-reg] scan_en -> _28915_/D : -0.019566
[hold in-reg] scan_en -> _28916_/D : -0.019566
[hold in-reg] scan_en -> _28917_/D : -0.019566
[hold in-reg] scan_en -> _28918_/D : -0.019566
[hold in-reg] scan_en -> _28919_/D : -0.019566
[hold in-reg] scan_en -> _28920_/D : -0.019566
[hold in-reg] scan_en -> _28921_/D : -0.019566
[hold in-reg] scan_en -> _28922_/D : -0.019566
[hold in-reg] scan_en -> _28881_/D : -0.018499
[hold in-reg] scan_en -> _28882_/D : -0.018499
[hold in-reg] scan_en -> _28926_/D : -0.018499
[hold in-reg] scan_en -> _28927_/D : -0.018499
[hold in-reg] scan_en -> _28928_/D : -0.018499
[hold in-reg] scan_en -> _28929_/D : -0.018499
[hold in-reg] scan_en -> _28930_/D : -0.018499
[hold in-reg] scan_en -> _28931_/D : -0.018499
[hold in-reg] scan_en -> _28932_/D : -0.018499
[hold in-reg] scan_en -> _28933_/D : -0.018499
[hold in-reg] scan_en -> _28934_/D : -0.018499
[hold in-reg] scan_en -> _28935_/D : -0.018499
[hold in-reg] scan_en -> _28936_/D : -0.018499
[hold in-reg] scan_en -> _28937_/D : -0.018499
[hold in-reg] scan_en -> _28938_/D : -0.018499
[hold in-reg] scan_en -> _28939_/D : -0.018499
[hold in-reg] scan_en -> _28940_/D : -0.018499
[hold in-reg] scan_en -> _28941_/D : -0.018499
[hold in-reg] scan_en -> _28942_/D : -0.018499
[hold in-reg] scan_en -> _28943_/D : -0.018499
[hold in-reg] scan_en -> _28944_/D : -0.018499
[hold in-reg] scan_en -> _28945_/D : -0.018499
[hold in-reg] scan_en -> _28946_/D : -0.018499
[hold in-reg] scan_en -> _28947_/D : -0.018499
[hold in-reg] scan_en -> _28948_/D : -0.018499
[hold in-reg] scan_en -> _28949_/D : -0.018499
[hold in-reg] scan_en -> _28950_/D : -0.018499
[hold in-reg] scan_en -> _28951_/D : -0.018499
[hold in-reg] scan_en -> _28952_/D : -0.018499
[hold in-reg] scan_en -> _28953_/D : -0.018499
[hold in-reg] scan_en -> _28954_/D : -0.018499
[hold in-reg] scan_en -> _28955_/D : -0.018499
[hold in-reg] scan_en -> _28956_/D : -0.018499
[hold in-reg] scan_en -> _28957_/D : -0.018499
[hold in-reg] scan_en -> _28958_/D : -0.018499
[hold in-reg] scan_en -> _28959_/D : -0.018499
[hold in-reg] scan_en -> _28960_/D : -0.018499
[hold in-reg] scan_en -> _28961_/D : -0.018499
[hold in-reg] scan_en -> _28962_/D : -0.018499
[hold in-reg] scan_en -> _28963_/D : -0.018499
[hold in-reg] scan_en -> _28964_/D : -0.018499
[hold in-reg] scan_en -> _28965_/D : -0.018499
[hold in-reg] scan_en -> _28966_/D : -0.018499
[hold in-reg] scan_en -> _28967_/D : -0.018499
[hold in-reg] scan_en -> _28968_/D : -0.018499
[hold in-reg] scan_en -> _28969_/D : -0.018499
[hold in-reg] scan_en -> _28970_/D : -0.018499
[hold in-reg] scan_en -> _28971_/D : -0.018499
[hold in-reg] scan_en -> _28972_/D : -0.018499
[hold in-reg] scan_en -> _28973_/D : -0.018499
[hold in-reg] scan_en -> _28974_/D : -0.018499
[hold in-reg] scan_en -> _28975_/D : -0.018499
[hold in-reg] scan_en -> _28976_/D : -0.018499
[hold in-reg] scan_en -> _28977_/D : -0.018499
[hold in-reg] scan_en -> _28978_/D : -0.018499
[hold in-reg] scan_en -> _28979_/D : -0.018499
[hold in-reg] scan_en -> _28980_/D : -0.018499
[hold in-reg] scan_en -> _28981_/D : -0.018499
[hold in-reg] scan_en -> _28982_/D : -0.018499
[hold in-reg] scan_en -> _28983_/D : -0.018499
[hold in-reg] scan_en -> _28984_/D : -0.018499
[hold in-reg] scan_en -> _28985_/D : -0.018499
[hold in-reg] scan_en -> _28986_/D : -0.018499
[hold in-reg] scan_en -> _28987_/D : -0.018499
[hold in-reg] scan_en -> _28988_/D : -0.018499
[hold in-reg] scan_en -> _28989_/D : -0.018499
[hold in-reg] scan_en -> _28990_/D : -0.018499
[hold in-reg] scan_en -> _28991_/D : -0.018499
[hold in-reg] scan_en -> _28992_/D : -0.018499
[hold in-reg] scan_en -> _28993_/D : -0.018499
[hold in-reg] scan_en -> _28994_/D : -0.018499
[hold in-reg] scan_en -> _28995_/D : -0.018499
[hold in-reg] scan_en -> _28996_/D : -0.018499
[hold in-reg] scan_en -> _28997_/D : -0.018499
[hold in-reg] scan_en -> _28998_/D : -0.018499
[hold in-reg] scan_en -> _28999_/D : -0.018499
[hold in-reg] scan_en -> _29000_/D : -0.018499
[hold in-reg] scan_en -> _29001_/D : -0.018499
[hold in-reg] scan_en -> _29002_/D : -0.018499
[hold in-reg] scan_en -> _29003_/D : -0.018499
[hold in-reg] scan_en -> _29004_/D : -0.018499
[hold in-reg] scan_en -> _29005_/D : -0.018499
[hold in-reg] scan_en -> _29006_/D : -0.018499
[hold in-reg] scan_en -> _29007_/D : -0.018499
[hold in-reg] scan_en -> _29008_/D : -0.018499
[hold in-reg] scan_en -> _29009_/D : -0.018499
[hold in-reg] scan_en -> _29010_/D : -0.018499
[hold in-reg] scan_en -> _29011_/D : -0.018499
[hold in-reg] scan_en -> _29012_/D : -0.018499
[hold in-reg] scan_en -> _29013_/D : -0.018499
[hold in-reg] scan_en -> _29014_/D : -0.018499
[hold in-reg] scan_en -> _29015_/D : -0.018499
[hold in-reg] scan_en -> _29016_/D : -0.018499
[hold in-reg] scan_en -> _29017_/D : -0.018499
[hold in-reg] scan_en -> _29018_/D : -0.018499
[hold in-reg] scan_en -> _29019_/D : -0.018499
[hold in-reg] scan_en -> _29020_/D : -0.018499
[hold in-reg] scan_en -> _29021_/D : -0.018499
[hold in-reg] scan_en -> _29022_/D : -0.018499
[hold in-reg] scan_en -> _29023_/D : -0.018499
[hold in-reg] scan_en -> _29024_/D : -0.018499
[hold in-reg] scan_en -> _29025_/D : -0.018499
[hold in-reg] scan_en -> _29026_/D : -0.018499
[hold in-reg] scan_en -> _29027_/D : -0.018499
[hold in-reg] scan_en -> _29028_/D : -0.018499
[hold in-reg] scan_en -> _29029_/D : -0.018499
[hold in-reg] scan_en -> _29030_/D : -0.018499
[hold in-reg] scan_en -> _29031_/D : -0.018499
[hold in-reg] scan_en -> _29032_/D : -0.018499
[hold in-reg] scan_en -> _29033_/D : -0.018499
[hold in-reg] scan_en -> _29034_/D : -0.018499
[hold in-reg] scan_en -> _29035_/D : -0.018499
[hold in-reg] scan_en -> _29036_/D : -0.018499
[hold in-reg] scan_en -> _29037_/D : -0.018499
[hold in-reg] scan_en -> _29038_/D : -0.018499
[hold in-reg] scan_en -> _29039_/D : -0.018499
[hold in-reg] scan_en -> _29040_/D : -0.018499
[hold in-reg] scan_en -> _29041_/D : -0.018499
[hold in-reg] scan_en -> _29042_/D : -0.018499
[hold in-reg] scan_en -> _29043_/D : -0.018499
[hold in-reg] scan_en -> _29044_/D : -0.018499
[hold in-reg] scan_en -> _29045_/D : -0.018499
[hold in-reg] scan_en -> _29046_/D : -0.018499
[hold in-reg] scan_en -> _29047_/D : -0.018499
[hold in-reg] scan_en -> _29048_/D : -0.018499
[hold in-reg] scan_en -> _29049_/D : -0.018499
[hold in-reg] scan_en -> _29050_/D : -0.018499
[hold in-reg] scan_en -> _29051_/D : -0.018499
[hold in-reg] scan_en -> _29052_/D : -0.018499
[hold in-reg] scan_en -> _29053_/D : -0.018499
[hold in-reg] scan_en -> _29054_/D : -0.018499
[hold in-reg] scan_en -> _29055_/D : -0.018499
[hold in-reg] scan_en -> _29056_/D : -0.018499
[hold in-reg] scan_en -> _29057_/D : -0.018499
[hold in-reg] scan_en -> _29058_/D : -0.018499
[hold in-reg] scan_en -> _29059_/D : -0.018499
[hold in-reg] scan_en -> _29060_/D : -0.018499
[hold in-reg] scan_en -> _29061_/D : -0.018499
[hold in-reg] scan_en -> _29062_/D : -0.018499
[hold in-reg] scan_en -> _29063_/D : -0.018499
[hold in-reg] scan_en -> _29064_/D : -0.018499
[hold in-reg] scan_en -> _29065_/D : -0.018499
[hold in-reg] scan_en -> _29066_/D : -0.018499
[hold in-reg] scan_en -> _29067_/D : -0.018499
[hold in-reg] scan_en -> _29068_/D : -0.018499
[hold in-reg] scan_en -> _29069_/D : -0.018499
[hold in-reg] scan_en -> _29070_/D : -0.018499
[hold in-reg] scan_en -> _29071_/D : -0.018499
[hold in-reg] scan_en -> _29072_/D : -0.018499
[hold in-reg] scan_en -> _29073_/D : -0.018499
[hold in-reg] scan_en -> _29074_/D : -0.018499
[hold in-reg] scan_en -> _29075_/D : -0.018499
[hold in-reg] scan_en -> _29076_/D : -0.018499
[hold in-reg] scan_en -> _29077_/D : -0.018499
[hold in-reg] scan_en -> _29078_/D : -0.018499
[hold in-reg] scan_en -> _29079_/D : -0.018499
[hold in-reg] scan_en -> _29080_/D : -0.018499
[hold in-reg] scan_en -> _29081_/D : -0.018499
[hold in-reg] scan_en -> _29082_/D : -0.018499
[hold in-reg] scan_en -> _29083_/D : -0.018499
[hold in-reg] scan_en -> _29084_/D : -0.018499
[hold in-reg] scan_en -> _29085_/D : -0.018499
[hold in-reg] scan_en -> _29086_/D : -0.018499
[hold in-reg] scan_en -> _29087_/D : -0.018499
[hold in-reg] scan_en -> _29088_/D : -0.018499
[hold in-reg] scan_en -> _29089_/D : -0.018499
[hold in-reg] scan_en -> _29090_/D : -0.018499
[hold in-reg] scan_en -> _29091_/D : -0.018499
[hold in-reg] scan_en -> _29092_/D : -0.018499
[hold in-reg] scan_en -> _29093_/D : -0.018499
[hold in-reg] scan_en -> _29094_/D : -0.018499
[hold in-reg] scan_en -> _29095_/D : -0.018499
[hold in-reg] scan_en -> _29096_/D : -0.018499
[hold in-reg] scan_en -> _29097_/D : -0.018499
[hold in-reg] scan_en -> _29098_/D : -0.018499
[hold in-reg] scan_en -> _29099_/D : -0.018499
[hold in-reg] scan_en -> _29100_/D : -0.018499
[hold in-reg] scan_en -> _29101_/D : -0.018499
[hold in-reg] scan_en -> _29102_/D : -0.018499
[hold in-reg] scan_en -> _29103_/D : -0.018499
[hold in-reg] scan_en -> _29104_/D : -0.018499
[hold in-reg] scan_en -> _29105_/D : -0.018499
[hold in-reg] scan_en -> _29106_/D : -0.018499
[hold in-reg] scan_en -> _29107_/D : -0.018499
[hold in-reg] scan_en -> _29108_/D : -0.018499
[hold in-reg] scan_en -> _29109_/D : -0.018499
[hold in-reg] scan_en -> _29110_/D : -0.018499
[hold in-reg] scan_en -> _29111_/D : -0.018499
[hold in-reg] scan_en -> _29112_/D : -0.018499
[hold in-reg] scan_en -> _29113_/D : -0.018499
[hold in-reg] scan_en -> _29114_/D : -0.018499
[hold in-reg] scan_en -> _29115_/D : -0.018499
[hold in-reg] scan_en -> _29116_/D : -0.018499
[hold in-reg] scan_en -> _29117_/D : -0.018499
[hold in-reg] scan_en -> _29118_/D : -0.018499
[hold in-reg] scan_en -> _29119_/D : -0.018499
[hold in-reg] scan_en -> _29120_/D : -0.018499
[hold in-reg] scan_en -> _29121_/D : -0.018499
[hold in-reg] scan_en -> _29122_/D : -0.018499
[hold in-reg] scan_en -> _29123_/D : -0.018499
[hold in-reg] scan_en -> _29124_/D : -0.018499
[hold in-reg] scan_en -> _29125_/D : -0.018499
[hold in-reg] scan_en -> _29126_/D : -0.018499
[hold in-reg] scan_en -> _29127_/D : -0.018499
[hold in-reg] scan_en -> _29128_/D : -0.018499
[hold in-reg] cs_n -> _27887_/D : -0.015217
