
===========================================================================
report_checks -unconstrained
===========================================================================
======================= min_tt_025C_1v80 Corner ===================================

Startpoint: rst_n (input port clocked by clk)
Endpoint: _47174_ (recovery check against rising-edge clock clk)
Path Group: asynchronous
Path Type: max

Fanout         Cap        Slew       Delay        Time   Description
---------------------------------------------------------------------------------------------
                                  0.000000    0.000000   clock clk (rise edge)
                                  0.000000    0.000000   clock network delay (propagated)
                                 12.500000   12.500000 ^ input external delay
     2    0.003749    0.000000    0.000000   12.500000 ^ rst_n (in)
                                                         rst_n (net)
                      0.000064    0.000032   12.500031 ^ input9/A (sky130_fd_sc_hd__buf_2)
     2    0.074473    0.360369    0.302417   12.802448 ^ input9/X (sky130_fd_sc_hd__buf_2)
                                                         net9 (net)
                      0.360369    0.000029   12.802478 ^ max_cap1892/A (sky130_fd_sc_hd__buf_4)
     3    0.057441    0.162991    0.282764   13.085241 ^ max_cap1892/X (sky130_fd_sc_hd__buf_4)
                                                         net1892 (net)
                      0.162991    0.000735   13.085977 ^ fanout1429/A (sky130_fd_sc_hd__clkdlybuf4s25_1)
     4    0.029778    0.302767    0.465017   13.550994 ^ fanout1429/X (sky130_fd_sc_hd__clkdlybuf4s25_1)
                                                         net1429 (net)
                      0.302769    0.001363   13.552357 ^ wire1432/A (sky130_fd_sc_hd__clkbuf_4)
     6    0.056335    0.173433    0.315587   13.867944 ^ wire1432/X (sky130_fd_sc_hd__clkbuf_4)
                                                         net1432 (net)
                      0.173632    0.003611   13.871555 ^ fanout1416/A (sky130_fd_sc_hd__clkdlybuf4s25_1)
     6    0.038228    0.385220    0.525178   14.396733 ^ fanout1416/X (sky130_fd_sc_hd__clkdlybuf4s25_1)
                                                         net1416 (net)
                      0.385221    0.001493   14.398226 ^ load_slew1417/A (sky130_fd_sc_hd__clkbuf_4)
     7    0.042967    0.139517    0.307057   14.705283 ^ load_slew1417/X (sky130_fd_sc_hd__clkbuf_4)
                                                         net1417 (net)
                      0.139542    0.001863   14.707146 ^ fanout1413/A (sky130_fd_sc_hd__clkdlybuf4s25_1)
     4    0.022657    0.233295    0.410848   15.117994 ^ fanout1413/X (sky130_fd_sc_hd__clkdlybuf4s25_1)
                                                         net1413 (net)
                      0.233295    0.000050   15.118044 ^ load_slew1415/A (sky130_fd_sc_hd__buf_4)
     7    0.042281    0.124032    0.228981   15.347026 ^ load_slew1415/X (sky130_fd_sc_hd__buf_4)
                                                         net1415 (net)
                      0.124032    0.000213   15.347239 ^ fanout1401/A (sky130_fd_sc_hd__clkdlybuf4s25_1)
     5    0.022579    0.232552    0.406596   15.753834 ^ fanout1401/X (sky130_fd_sc_hd__clkdlybuf4s25_1)
                                                         net1401 (net)
                      0.232552    0.000023   15.753858 ^ fanout1397/A (sky130_fd_sc_hd__clkdlybuf4s25_1)
     4    0.018280    0.190928    0.403462   16.157320 ^ fanout1397/X (sky130_fd_sc_hd__clkdlybuf4s25_1)
                                                         net1397 (net)
                      0.190928    0.000270   16.157589 ^ load_slew1400/A (sky130_fd_sc_hd__clkbuf_4)
     9    0.039692    0.128148    0.248026   16.405615 ^ load_slew1400/X (sky130_fd_sc_hd__clkbuf_4)
                                                         net1400 (net)
                      0.128149    0.000613   16.406227 ^ load_slew1399/A (sky130_fd_sc_hd__clkbuf_4)
     8    0.036551    0.118933    0.220494   16.626722 ^ load_slew1399/X (sky130_fd_sc_hd__clkbuf_4)
                                                         net1399 (net)
                      0.118933    0.000433   16.627155 ^ _47174_/RESET_B (sky130_fd_sc_hd__dfrtp_2)
                                             16.627155   data arrival time

                                 25.000000   25.000000   clock clk (rise edge)
                                  0.000000   25.000000   clock source latency
     2    0.109655    0.610000    0.000000   25.000000 ^ clk (in)
                                                         clk (net)
                      0.661640    0.025819   25.025818 ^ clkbuf_0_clk/A (sky130_fd_sc_hd__clkbuf_16)
     5    0.136967    0.154640    0.357939   25.383759 ^ clkbuf_0_clk/X (sky130_fd_sc_hd__clkbuf_16)
                                                         clknet_0_clk (net)
                      0.154883    0.003640   25.387398 ^ clkbuf_2_0_0_clk/A (sky130_fd_sc_hd__clkbuf_8)
     8    0.194434    0.333222    0.368486   25.755884 ^ clkbuf_2_0_0_clk/X (sky130_fd_sc_hd__clkbuf_8)
                                                         clknet_2_0_0_clk (net)
                      0.333780    0.011282   25.767164 ^ clkbuf_5_2__f_clk/A (sky130_fd_sc_hd__clkbuf_16)
    13    0.118464    0.133436    0.285569   26.052734 ^ clkbuf_5_2__f_clk/X (sky130_fd_sc_hd__clkbuf_16)
                                                         clknet_5_2__leaf_clk (net)
                      0.133494    0.002641   26.055376 ^ clkbuf_leaf_30_clk/A (sky130_fd_sc_hd__clkbuf_8)
    11    0.035056    0.074418    0.182895   26.238272 ^ clkbuf_leaf_30_clk/X (sky130_fd_sc_hd__clkbuf_8)
                                                         clknet_leaf_30_clk (net)
                      0.074418    0.000028   26.238300 ^ _47174_/CLK (sky130_fd_sc_hd__dfrtp_2)
                                 -0.100000   26.138300   clock uncertainty
                                  0.000000   26.138300   clock reconvergence pessimism
                                  0.206263   26.344563   library recovery time
                                             26.344563   data required time
---------------------------------------------------------------------------------------------
                                             26.344563   data required time
                                            -16.627155   data arrival time
---------------------------------------------------------------------------------------------
                                              9.717407   slack (MET)


Startpoint: rst_n (input port clocked by clk)
Endpoint: _48208_ (rising edge-triggered flip-flop clocked by clk)
Path Group: clk
Path Type: max

Fanout         Cap        Slew       Delay        Time   Description
---------------------------------------------------------------------------------------------
                                  0.000000    0.000000   clock clk (rise edge)
                                  0.000000    0.000000   clock network delay (propagated)
                                 12.500000   12.500000 ^ input external delay
     2    0.003749    0.000000    0.000000   12.500000 ^ rst_n (in)
                                                         rst_n (net)
                      0.000064    0.000032   12.500031 ^ input9/A (sky130_fd_sc_hd__buf_2)
     2    0.074473    0.360369    0.302417   12.802448 ^ input9/X (sky130_fd_sc_hd__buf_2)
                                                         net9 (net)
                      0.360369    0.000029   12.802478 ^ max_cap1892/A (sky130_fd_sc_hd__buf_4)
     3    0.057441    0.162991    0.282764   13.085241 ^ max_cap1892/X (sky130_fd_sc_hd__buf_4)
                                                         net1892 (net)
                      0.163258    0.004492   13.089734 ^ fanout1885/A (sky130_fd_sc_hd__clkdlybuf4s25_1)
     3    0.030776    0.312453    0.472123   13.561857 ^ fanout1885/X (sky130_fd_sc_hd__clkdlybuf4s25_1)
                                                         net1885 (net)
                      0.312453    0.000033   13.561890 ^ fanout1772/A (sky130_fd_sc_hd__clkdlybuf4s25_1)
     2    0.013026    0.140144    0.383593   13.945482 ^ fanout1772/X (sky130_fd_sc_hd__clkdlybuf4s25_1)
                                                         net1772 (net)
                      0.140144    0.000100   13.945582 ^ fanout1752/A (sky130_fd_sc_hd__clkdlybuf4s25_1)
     5    0.033940    0.343511    0.487766   14.433350 ^ fanout1752/X (sky130_fd_sc_hd__clkdlybuf4s25_1)
                                                         net1752 (net)
                      0.343514    0.001684   14.435033 ^ load_slew1754/A (sky130_fd_sc_hd__buf_2)
     6    0.043417    0.213993    0.308444   14.743477 ^ load_slew1754/X (sky130_fd_sc_hd__buf_2)
                                                         net1754 (net)
                      0.214007    0.001981   14.745458 ^ fanout1738/A (sky130_fd_sc_hd__clkdlybuf4s25_1)
     5    0.022439    0.231126    0.427407   15.172864 ^ fanout1738/X (sky130_fd_sc_hd__clkdlybuf4s25_1)
                                                         net1738 (net)
                      0.231126    0.000499   15.173364 ^ fanout1734/A (sky130_fd_sc_hd__clkdlybuf4s25_1)
     7    0.030297    0.307561    0.485343   15.658707 ^ fanout1734/X (sky130_fd_sc_hd__clkdlybuf4s25_1)
                                                         net1734 (net)
                      0.307561    0.000062   15.658769 ^ load_slew1737/A (sky130_fd_sc_hd__buf_2)
     6    0.029021    0.146977    0.256474   15.915243 ^ load_slew1737/X (sky130_fd_sc_hd__buf_2)
                                                         net1737 (net)
                      0.146977    0.000185   15.915427 ^ load_slew1736/A (sky130_fd_sc_hd__buf_4)
     6    0.030477    0.093035    0.183645   16.099073 ^ load_slew1736/X (sky130_fd_sc_hd__buf_4)
                                                         net1736 (net)
                      0.093039    0.000709   16.099781 ^ _43340_/B (sky130_fd_sc_hd__nand2_2)
     1    0.006918    0.041395    0.067278   16.167059 v _43340_/Y (sky130_fd_sc_hd__nand2_2)
                                                         _19199_ (net)
                      0.041395    0.000144   16.167204 v _43341_/A (sky130_fd_sc_hd__inv_2)
     1    0.001846    0.019313    0.035298   16.202501 ^ _43341_/Y (sky130_fd_sc_hd__inv_2)
                                                         _03057_ (net)
                      0.019313    0.000014   16.202515 ^ _48208_/D (sky130_fd_sc_hd__dfxtp_2)
                                             16.202515   data arrival time

                                 25.000000   25.000000   clock clk (rise edge)
                                  0.000000   25.000000   clock source latency
     2    0.109655    0.610000    0.000000   25.000000 ^ clk (in)
                                                         clk (net)
                      0.661640    0.025819   25.025818 ^ clkbuf_0_clk/A (sky130_fd_sc_hd__clkbuf_16)
     5    0.136967    0.154640    0.357939   25.383759 ^ clkbuf_0_clk/X (sky130_fd_sc_hd__clkbuf_16)
                                                         clknet_0_clk (net)
                      0.155176    0.006439   25.390198 ^ clkbuf_2_2_0_clk/A (sky130_fd_sc_hd__clkbuf_8)
     8    0.182135    0.312858    0.356630   25.746828 ^ clkbuf_2_2_0_clk/X (sky130_fd_sc_hd__clkbuf_8)
                                                         clknet_2_2_0_clk (net)
                      0.313055    0.006553   25.753380 ^ clkbuf_5_19__f_clk/A (sky130_fd_sc_hd__clkbuf_16)
    14    0.116945    0.132231    0.280250   26.033630 ^ clkbuf_5_19__f_clk/X (sky130_fd_sc_hd__clkbuf_16)
                                                         clknet_5_19__leaf_clk (net)
                      0.132498    0.004730   26.038361 ^ clkbuf_leaf_267_clk/A (sky130_fd_sc_hd__clkbuf_8)
    11    0.032472    0.070411    0.179343   26.217705 ^ clkbuf_leaf_267_clk/X (sky130_fd_sc_hd__clkbuf_8)
                                                         clknet_leaf_267_clk (net)
                      0.070411    0.000346   26.218050 ^ _48208_/CLK (sky130_fd_sc_hd__dfxtp_2)
                                 -0.100000   26.118052   clock uncertainty
                                  0.000000   26.118052   clock reconvergence pessimism
                                 -0.049089   26.068960   library setup time
                                             26.068960   data required time
---------------------------------------------------------------------------------------------
                                             26.068960   data required time
                                            -16.202515   data arrival time
---------------------------------------------------------------------------------------------
                                              9.866446   slack (MET)




===========================================================================
report_checks --slack_max -0.01
============================================================================
======================= min_tt_025C_1v80 Corner ===================================

No paths found.


===========================================================================
 report_check_types -max_slew -max_cap -max_fanout -violators
============================================================================
======================= min_tt_025C_1v80 Corner ===================================



===========================================================================
report_parasitic_annotation -report_unannotated
============================================================================
Found 311 unannotated drivers.
 clkload0/Y
 clkload1/Y
 clkload10/Y
 clkload100/Y
 clkload101/X
 clkload102/X
 clkload103/X
 clkload104/X
 clkload105/X
 clkload106/X
 clkload107/X
 clkload108/Y
 clkload109/X
 clkload11/Y
 clkload110/X
 clkload111/Y
 clkload112/Y
 clkload113/X
 clkload114/X
 clkload115/X
 clkload116/Y
 clkload117/X
 clkload118/Y
 clkload119/X
 clkload12/X
 clkload120/Y
 clkload121/X
 clkload122/Y
 clkload123/X
 clkload124/X
 clkload125/X
 clkload126/X
 clkload127/X
 clkload128/X
 clkload129/X
 clkload13/Y
 clkload130/X
 clkload131/X
 clkload132/Y
 clkload133/X
 clkload134/X
 clkload135/X
 clkload136/Y
 clkload137/X
 clkload138/X
 clkload139/X
 clkload14/Y
 clkload140/X
 clkload141/X
 clkload142/X
 clkload143/X
 clkload144/X
 clkload145/X
 clkload146/X
 clkload147/X
 clkload148/X
 clkload149/X
 clkload15/Y
 clkload150/X
 clkload151/X
 clkload152/X
 clkload153/X
 clkload154/X
 clkload155/X
 clkload156/X
 clkload157/X
 clkload158/X
 clkload159/X
 clkload16/X
 clkload160/X
 clkload161/X
 clkload162/X
 clkload163/X
 clkload164/X
 clkload165/X
 clkload166/X
 clkload167/Y
 clkload168/Y
 clkload169/Y
 clkload17/Y
 clkload170/Y
 clkload171/X
 clkload172/X
 clkload173/X
 clkload174/Y
 clkload175/X
 clkload176/X
 clkload177/X
 clkload178/X
 clkload179/X
 clkload18/Y
 clkload180/X
 clkload181/X
 clkload182/X
 clkload183/X
 clkload184/X
 clkload185/X
 clkload186/Y
 clkload187/Y
 clkload188/Y
 clkload189/Y
 clkload19/Y
 clkload190/Y
 clkload191/Y
 clkload192/Y
 clkload193/X
 clkload194/X
 clkload195/X
 clkload196/X
 clkload197/X
 clkload198/Y
 clkload199/X
 clkload2/Y
 clkload20/Y
 clkload200/Y
 clkload201/Y
 clkload202/X
 clkload203/X
 clkload204/Y
 clkload205/X
 clkload206/X
 clkload207/Y
 clkload208/X
 clkload209/Y
 clkload21/Y
 clkload210/X
 clkload211/X
 clkload212/X
 clkload213/Y
 clkload214/Y
 clkload215/Y
 clkload216/Y
 clkload217/X
 clkload218/X
 clkload219/Y
 clkload22/Y
 clkload220/X
 clkload221/Y
 clkload222/Y
 clkload223/X
 clkload224/X
 clkload225/X
 clkload226/X
 clkload227/X
 clkload228/X
 clkload229/X
 clkload23/Y
 clkload230/X
 clkload231/X
 clkload232/Y
 clkload233/Y
 clkload234/Y
 clkload235/Y
 clkload236/X
 clkload237/X
 clkload238/X
 clkload239/X
 clkload24/Y
 clkload240/Y
 clkload241/Y
 clkload242/Y
 clkload243/Y
 clkload244/Y
 clkload245/Y
 clkload246/X
 clkload247/Y
 clkload248/X
 clkload249/X
 clkload25/Y
 clkload250/X
 clkload251/X
 clkload252/X
 clkload253/X
 clkload254/Y
 clkload255/Y
 clkload256/Y
 clkload257/Y
 clkload258/Y
 clkload259/X
 clkload26/Y
 clkload260/X
 clkload261/Y
 clkload262/Y
 clkload263/Y
 clkload264/Y
 clkload265/X
 clkload266/X
 clkload267/X
 clkload268/X
 clkload269/X
 clkload27/X
 clkload270/X
 clkload271/X
 clkload272/X
 clkload273/X
 clkload274/X
 clkload275/X
 clkload276/X
 clkload277/X
 clkload278/X
 clkload279/X
 clkload28/X
 clkload280/X
 clkload281/X
 clkload282/Y
 clkload283/X
 clkload284/Y
 clkload285/X
 clkload286/X
 clkload287/Y
 clkload288/X
 clkload289/X
 clkload29/X
 clkload290/Y
 clkload291/Y
 clkload292/Y
 clkload293/Y
 clkload294/X
 clkload295/X
 clkload296/X
 clkload297/X
 clkload298/X
 clkload299/X
 clkload3/Y
 clkload30/Y
 clkload300/X
 clkload301/X
 clkload302/X
 clkload303/Y
 clkload304/X
 clkload305/X
 clkload306/Y
 clkload307/Y
 clkload308/X
 clkload309/X
 clkload31/X
 clkload310/Y
 clkload32/X
 clkload33/X
 clkload34/X
 clkload35/X
 clkload36/X
 clkload37/X
 clkload38/X
 clkload39/X
 clkload4/Y
 clkload40/X
 clkload41/Y
 clkload42/Y
 clkload43/X
 clkload44/X
 clkload45/X
 clkload46/X
 clkload47/X
 clkload48/X
 clkload49/X
 clkload5/Y
 clkload50/X
 clkload51/X
 clkload52/Y
 clkload53/X
 clkload54/X
 clkload55/X
 clkload56/X
 clkload57/Y
 clkload58/X
 clkload59/X
 clkload6/Y
 clkload60/X
 clkload61/X
 clkload62/X
 clkload63/X
 clkload64/X
 clkload65/Y
 clkload66/X
 clkload67/Y
 clkload68/Y
 clkload69/X
 clkload7/Y
 clkload70/X
 clkload71/X
 clkload72/X
 clkload73/Y
 clkload74/X
 clkload75/X
 clkload76/X
 clkload77/X
 clkload78/X
 clkload79/X
 clkload8/Y
 clkload80/X
 clkload81/X
 clkload82/X
 clkload83/X
 clkload84/Y
 clkload85/X
 clkload86/X
 clkload87/X
 clkload88/Y
 clkload89/Y
 clkload9/Y
 clkload90/Y
 clkload91/Y
 clkload92/X
 clkload93/Y
 clkload94/X
 clkload95/Y
 clkload96/Y
 clkload97/Y
 clkload98/Y
 clkload99/Y
Found 0 partially unannotated drivers.

===========================================================================
max slew violation count 0
max fanout violation count 0
max cap violation count 0
============================================================================

===========================================================================
check_setup -verbose -unconstrained_endpoints -multiple_clock -no_clock -no_input_delay -loops -generated_clocks
===========================================================================
