Clock: clk
Sources: clk 
Generated: no
Virtual: yes
Propagated: no
Period: 25.000000

===========================================================================
report_clock_properties
============================================================================
Clock                   Period          Waveform
----------------------------------------------------
clk                  25.000000    0.000000 12.500000

===========================================================================
report_clock_latency
============================================================================
Clock clk
rise -> rise
    min     max
0.000000 0.000000 source latency
1.175783         network latency _48453_/CLK
        1.265157 network latency _47009_/CLK
---------------
1.175783 1.265157 latency
        0.089374 skew

fall -> fall
    min     max
0.000000 0.000000 source latency
1.192742         network latency _48453_/CLK
        1.263376 network latency _47009_/CLK
---------------
1.192742 1.263376 latency
        0.070634 skew



===========================================================================
report_clock_min_period
============================================================================
clk period_min = 14.38 fmax = 69.55
