Clock: clk
Sources: clk 
Generated: no
Virtual: yes
Propagated: no
Period: 25.000000

===========================================================================
report_clock_properties
============================================================================
Clock                   Period          Waveform
----------------------------------------------------
clk                  25.000000    0.000000 12.500000

===========================================================================
report_clock_latency
============================================================================
Clock clk
rise -> rise
    min     max
0.000000 0.000000 source latency
0.770541         network latency _48453_/CLK
        0.843163 network latency _47009_/CLK
---------------
0.770541 0.843163 latency
        0.072622 skew

fall -> fall
    min     max
0.000000 0.000000 source latency
0.870410         network latency _48453_/CLK
        0.929447 network latency _47009_/CLK
---------------
0.870410 0.929447 latency
        0.059036 skew



===========================================================================
report_clock_min_period
============================================================================
clk period_min = 9.38 fmax = 106.57
