
===========================================================================
report_checks -unconstrained
===========================================================================
======================= max_ss_100C_1v60 Corner ===================================

Startpoint: rst_n (input port clocked by clk)
Endpoint: _46526_ (recovery check against rising-edge clock clk)
Path Group: asynchronous
Path Type: max

Fanout         Cap        Slew       Delay        Time   Description
---------------------------------------------------------------------------------------------
                      0.000000    0.000000    0.000000   clock clk (rise edge)
                                  0.000000    0.000000   clock network delay (ideal)
                                 12.500000   12.500000 ^ input external delay
     1    0.002711    0.000000    0.000000   12.500000 ^ rst_n (in)
                                                         rst_n (net)
                      0.000020    0.000010   12.500010 ^ input9/A (sky130_fd_sc_hd__buf_2)
     2    0.036624    0.289912    0.322945   12.822954 ^ input9/X (sky130_fd_sc_hd__buf_2)
                                                         net9 (net)
                      0.289912    0.000103   12.823057 ^ max_cap1892/A (sky130_fd_sc_hd__buf_4)
     3    0.036537    0.175408    0.385163   13.208220 ^ max_cap1892/X (sky130_fd_sc_hd__buf_4)
                                                         net1892 (net)
                      0.175408    0.000177   13.208398 ^ fanout1429/A (sky130_fd_sc_hd__clkdlybuf4s25_1)
     4    0.020829    0.345756    0.710394   13.918792 ^ fanout1429/X (sky130_fd_sc_hd__clkdlybuf4s25_1)
                                                         net1429 (net)
                      0.345756    0.000495   13.919287 ^ wire1432/A (sky130_fd_sc_hd__clkbuf_4)
     6    0.035640    0.186726    0.457382   14.376668 ^ wire1432/X (sky130_fd_sc_hd__clkbuf_4)
                                                         net1432 (net)
                      0.186730    0.001226   14.377894 ^ fanout1416/A (sky130_fd_sc_hd__clkdlybuf4s25_1)
     6    0.026408    0.431944    0.777074   15.154967 ^ fanout1416/X (sky130_fd_sc_hd__clkdlybuf4s25_1)
                                                         net1416 (net)
                      0.431944    0.000414   15.155381 ^ load_slew1417/A (sky130_fd_sc_hd__clkbuf_4)
     7    0.031900    0.171368    0.483640   15.639021 ^ load_slew1417/X (sky130_fd_sc_hd__clkbuf_4)
                                                         net1417 (net)
                      0.171368    0.000311   15.639332 ^ fanout1413/A (sky130_fd_sc_hd__clkdlybuf4s25_1)
     4    0.017414    0.293053    0.670930   16.310263 ^ fanout1413/X (sky130_fd_sc_hd__clkdlybuf4s25_1)
                                                         net1413 (net)
                      0.293053    0.000004   16.310266 ^ load_slew1415/A (sky130_fd_sc_hd__buf_4)
     7    0.029488    0.146446    0.365704   16.675970 ^ load_slew1415/X (sky130_fd_sc_hd__buf_4)
                                                         net1415 (net)
                      0.146446    0.000037   16.676006 ^ fanout1401/A (sky130_fd_sc_hd__clkdlybuf4s25_1)
     5    0.019208    0.320682    0.679547   17.355555 ^ fanout1401/X (sky130_fd_sc_hd__clkdlybuf4s25_1)
                                                         net1401 (net)
                      0.320682    0.000007   17.355560 ^ fanout1397/A (sky130_fd_sc_hd__clkdlybuf4s25_1)
     4    0.015028    0.256343    0.702560   18.058121 ^ fanout1397/X (sky130_fd_sc_hd__clkdlybuf4s25_1)
                                                         net1397 (net)
                      0.256343    0.000121   18.058241 ^ load_slew1400/A (sky130_fd_sc_hd__clkbuf_4)
     9    0.032907    0.173940    0.409818   18.468060 ^ load_slew1400/X (sky130_fd_sc_hd__clkbuf_4)
                                                         net1400 (net)
                      0.173940    0.000204   18.468264 ^ load_slew1399/A (sky130_fd_sc_hd__clkbuf_4)
     8    0.032057    0.169922    0.369733   18.837997 ^ load_slew1399/X (sky130_fd_sc_hd__clkbuf_4)
                                                         net1399 (net)
                      0.169922    0.000155   18.838152 ^ _46526_/RESET_B (sky130_fd_sc_hd__dfrtp_2)
                                             18.838152   data arrival time

                      0.000000   25.000000   25.000000   clock clk (rise edge)
                                  0.000000   25.000000   clock network delay (ideal)
                                 -0.060000   24.939999   clock uncertainty
                                  0.000000   24.939999   clock reconvergence pessimism
                                             24.939999 ^ _46526_/CLK (sky130_fd_sc_hd__dfrtp_2)
                                  0.378247   25.318247   library recovery time
                                             25.318247   data required time
---------------------------------------------------------------------------------------------
                                             25.318247   data required time
                                            -18.838152   data arrival time
---------------------------------------------------------------------------------------------
                                              6.480095   slack (MET)


Startpoint: _48227_ (rising edge-triggered flip-flop clocked by clk)
Endpoint: _48693_ (rising edge-triggered flip-flop clocked by clk)
Path Group: clk
Path Type: max

Fanout         Cap        Slew       Delay        Time   Description
---------------------------------------------------------------------------------------------
                      0.000000    0.000000    0.000000   clock clk (rise edge)
                                  0.000000    0.000000   clock network delay (ideal)
                      0.000000    0.000000    0.000000 ^ _48227_/CLK (sky130_fd_sc_hd__dfxtp_2)
     4    0.041235    0.336783    0.823609    0.823609 ^ _48227_/Q (sky130_fd_sc_hd__dfxtp_2)
                                                         tick_pulse_r_ctrl (net)
                      0.336783    0.000685    0.824294 ^ max_cap1126/A (sky130_fd_sc_hd__buf_6)
     5    0.058279    0.194511    0.382583    1.206877 ^ max_cap1126/X (sky130_fd_sc_hd__buf_6)
                                                         net1126 (net)
                      0.194611    0.004095    1.210971 ^ fanout1121/A (sky130_fd_sc_hd__clkdlybuf4s25_1)
     3    0.008398    0.160325    0.580800    1.791771 ^ fanout1121/X (sky130_fd_sc_hd__clkdlybuf4s25_1)
                                                         net1121 (net)
                      0.160325    0.000017    1.791788 ^ load_slew1125/A (sky130_fd_sc_hd__clkbuf_4)
     3    0.032993    0.173800    0.365410    2.157198 ^ load_slew1125/X (sky130_fd_sc_hd__clkbuf_4)
                                                         net1125 (net)
                      0.173840    0.002631    2.159829 ^ fanout1112/A (sky130_fd_sc_hd__clkdlybuf4s25_1)
     4    0.019903    0.331485    0.699424    2.859253 ^ fanout1112/X (sky130_fd_sc_hd__clkdlybuf4s25_1)
                                                         net1112 (net)
                      0.331485    0.000000    2.859254 ^ load_slew1117/A (sky130_fd_sc_hd__buf_4)
     6    0.028758    0.143904    0.379000    3.238254 ^ load_slew1117/X (sky130_fd_sc_hd__buf_4)
                                                         net1117 (net)
                      0.143904    0.000445    3.238699 ^ load_slew1116/A (sky130_fd_sc_hd__clkbuf_4)
     6    0.033350    0.175605    0.359678    3.598377 ^ load_slew1116/X (sky130_fd_sc_hd__clkbuf_4)
                                                         net1116 (net)
                      0.175605    0.000729    3.599105 ^ load_slew1115/A (sky130_fd_sc_hd__buf_2)
     6    0.030953    0.247618    0.375681    3.974786 ^ load_slew1115/X (sky130_fd_sc_hd__buf_2)
                                                         net1115 (net)
                      0.247618    0.000285    3.975071 ^ load_slew1113/A (sky130_fd_sc_hd__buf_4)
     3    0.033379    0.161909    0.359095    4.334167 ^ load_slew1113/X (sky130_fd_sc_hd__buf_4)
                                                         net1113 (net)
                      0.161911    0.000900    4.335067 ^ _44054_/A (sky130_fd_sc_hd__inv_8)
    10    0.051136    0.075498    0.124577    4.459644 v _44054_/Y (sky130_fd_sc_hd__inv_8)
                                                         _19888_ (net)
                      0.075498    0.000206    4.459850 v _44911_/A (sky130_fd_sc_hd__or3b_2)
     1    0.004794    0.180182    1.097849    5.557699 v _44911_/X (sky130_fd_sc_hd__or3b_2)
                                                         _20655_ (net)
                      0.180182    0.000012    5.557712 v _44912_/A (sky130_fd_sc_hd__inv_2)
     1    0.004905    0.071391    0.122282    5.679994 ^ _44912_/Y (sky130_fd_sc_hd__inv_2)
                                                         _20656_ (net)
                      0.071391    0.000008    5.680002 ^ _44913_/B (sky130_fd_sc_hd__nand2_2)
     3    0.011540    0.154999    0.143622    5.823625 v _44913_/Y (sky130_fd_sc_hd__nand2_2)
                                                         _20657_ (net)
                      0.154999    0.000054    5.823678 v _44915_/B (sky130_fd_sc_hd__nand3_2)
     1    0.005237    0.090524    0.154615    5.978293 ^ _44915_/Y (sky130_fd_sc_hd__nand3_2)
                                                         _20659_ (net)
                      0.090524    0.000018    5.978311 ^ _44916_/B (sky130_fd_sc_hd__nor2_2)
     1    0.004956    0.047673    0.073519    6.051830 v _44916_/Y (sky130_fd_sc_hd__nor2_2)
                                                         _20660_ (net)
                      0.047673    0.000018    6.051847 v _44935_/A (sky130_fd_sc_hd__nand3_2)
     1    0.005096    0.086721    0.085671    6.137518 ^ _44935_/Y (sky130_fd_sc_hd__nand3_2)
                                                         _20679_ (net)
                      0.086721    0.000009    6.137527 ^ _44936_/B (sky130_fd_sc_hd__nor2_2)
     1    0.010832    0.062805    0.090844    6.228371 v _44936_/Y (sky130_fd_sc_hd__nor2_2)
                                                         _20680_ (net)
                      0.062805    0.000158    6.228529 v _44941_/B (sky130_fd_sc_hd__nand3_4)
     3    0.023261    0.160514    0.164847    6.393376 ^ _44941_/Y (sky130_fd_sc_hd__nand3_4)
                                                         _20685_ (net)
                      0.160515    0.000661    6.394037 ^ _44942_/A (sky130_fd_sc_hd__buf_8)
    10    0.078194    0.205718    0.320171    6.714209 ^ _44942_/X (sky130_fd_sc_hd__buf_8)
                                                         _20686_ (net)
                      0.205789    0.003147    6.717356 ^ _45096_/A (sky130_fd_sc_hd__buf_6)
    10    0.099883    0.317782    0.424850    7.142205 ^ _45096_/X (sky130_fd_sc_hd__buf_6)
                                                         _20837_ (net)
                      0.317795    0.002330    7.144536 ^ _45097_/A (sky130_fd_sc_hd__buf_8)
    10    0.112045    0.286811    0.438046    7.582581 ^ _45097_/X (sky130_fd_sc_hd__buf_8)
                                                         _20838_ (net)
                      0.286827    0.002530    7.585111 ^ _45118_/A (sky130_fd_sc_hd__buf_6)
    10    0.068179    0.223689    0.387803    7.972913 ^ _45118_/X (sky130_fd_sc_hd__buf_6)
                                                         _20856_ (net)
                      0.223689    0.000792    7.973705 ^ _45119_/A (sky130_fd_sc_hd__buf_6)
    10    0.121795    0.382707    0.473582    8.447288 ^ _45119_/X (sky130_fd_sc_hd__buf_6)
                                                         _20857_ (net)
                      0.384113    0.018901    8.466188 ^ _45120_/A (sky130_fd_sc_hd__buf_2)
    10    0.061939    0.477325    0.623295    9.089484 ^ _45120_/X (sky130_fd_sc_hd__buf_2)
                                                         _20858_ (net)
                      0.477325    0.000043    9.089527 ^ _45121_/A (sky130_fd_sc_hd__buf_4)
    10    0.054833    0.251906    0.516260    9.605786 ^ _45121_/X (sky130_fd_sc_hd__buf_4)
                                                         _20859_ (net)
                      0.251906    0.000069    9.605856 ^ _45122_/A (sky130_fd_sc_hd__buf_2)
    10    0.041646    0.327218    0.466049   10.071905 ^ _45122_/X (sky130_fd_sc_hd__buf_2)
                                                         _20860_ (net)
                      0.327218    0.000091   10.071997 ^ _45123_/A (sky130_fd_sc_hd__buf_2)
    10    0.056649    0.438987    0.573925   10.645922 ^ _45123_/X (sky130_fd_sc_hd__buf_2)
                                                         _20861_ (net)
                      0.438994    0.002502   10.648424 ^ _27300_/B (sky130_fd_sc_hd__nor2_2)
     2    0.006896    0.098869    0.179310   10.827734 v _27300_/Y (sky130_fd_sc_hd__nor2_2)
                                                         _06116_ (net)
                      0.098869    0.000007   10.827741 v max_cap216/A (sky130_fd_sc_hd__buf_2)
     7    0.026011    0.133303    0.332069   11.159809 v max_cap216/X (sky130_fd_sc_hd__buf_2)
                                                         net216 (net)
                      0.133303    0.000442   11.160252 v _27301_/A (sky130_fd_sc_hd__buf_4)
    10    0.038761    0.111705    0.342190   11.502442 v _27301_/X (sky130_fd_sc_hd__buf_4)
                                                         _06117_ (net)
                      0.111705    0.000042   11.502483 v _27409_/A1 (sky130_fd_sc_hd__a211o_2)
     5    0.020076    0.162957    0.688679   12.191163 v _27409_/X (sky130_fd_sc_hd__a211o_2)
                                                         _06225_ (net)
                      0.162957    0.000157   12.191320 v _27410_/A (sky130_fd_sc_hd__and2_2)
     2    0.004334    0.079150    0.401855   12.593175 v _27410_/X (sky130_fd_sc_hd__and2_2)
                                                         _06226_ (net)
                      0.079150    0.000002   12.593177 v _27419_/A_N (sky130_fd_sc_hd__and4b_2)
     2    0.007768    0.143474    0.610344   13.203521 ^ _27419_/X (sky130_fd_sc_hd__and4b_2)
                                                         _06235_ (net)
                      0.143474    0.000030   13.203550 ^ _27424_/A (sky130_fd_sc_hd__nand2_2)
     1    0.001918    0.052544    0.095439   13.298990 v _27424_/Y (sky130_fd_sc_hd__nand2_2)
                                                         _06240_ (net)
                      0.052544    0.000004   13.298994 v _27426_/B (sky130_fd_sc_hd__or3_2)
     2    0.008199    0.198247    1.103534   14.402529 v _27426_/X (sky130_fd_sc_hd__or3_2)
                                                         _06242_ (net)
                      0.198247    0.000098   14.402626 v _27466_/A (sky130_fd_sc_hd__nor2_2)
     2    0.014638    0.290495    0.357518   14.760143 ^ _27466_/Y (sky130_fd_sc_hd__nor2_2)
                                                         _06282_ (net)
                      0.290495    0.000304   14.760448 ^ _27497_/B (sky130_fd_sc_hd__and4_2)
     1    0.008419    0.141871    0.570658   15.331105 ^ _27497_/X (sky130_fd_sc_hd__and4_2)
                                                         _06313_ (net)
                      0.141871    0.000171   15.331276 ^ _27670_/A (sky130_fd_sc_hd__nand2_2)
     1    0.008331    0.095554    0.139151   15.470428 v _27670_/Y (sky130_fd_sc_hd__nand2_2)
                                                         _06486_ (net)
                      0.095554    0.000147   15.470574 v _27686_/A (sky130_fd_sc_hd__nand3_2)
     1    0.013494    0.144726    0.155284   15.625858 ^ _27686_/Y (sky130_fd_sc_hd__nand3_2)
                                                         _06502_ (net)
                      0.144726    0.000488   15.626347 ^ _27687_/B (sky130_fd_sc_hd__nor2_2)
     1    0.004916    0.073297    0.092109   15.718456 v _27687_/Y (sky130_fd_sc_hd__nor2_2)
                                                         _06503_ (net)
                      0.073297    0.000016   15.718472 v _27688_/B (sky130_fd_sc_hd__nand3_2)
     1    0.009682    0.125917    0.141435   15.859907 ^ _27688_/Y (sky130_fd_sc_hd__nand3_2)
                                                         _06504_ (net)
                      0.125917    0.000023   15.859931 ^ _27694_/A (sky130_fd_sc_hd__nor2_4)
     2    0.013719    0.055807    0.103228   15.963159 v _27694_/Y (sky130_fd_sc_hd__nor2_4)
                                                         _06510_ (net)
                      0.055807    0.000048   15.963206 v _27703_/A (sky130_fd_sc_hd__nand2_4)
     5    0.023553    0.134925    0.134717   16.097923 ^ _27703_/Y (sky130_fd_sc_hd__nand2_4)
                                                         _06519_ (net)
                      0.134925    0.000316   16.098240 ^ _28561_/A (sky130_fd_sc_hd__nand2_2)
     2    0.007067    0.088712    0.128543   16.226782 v _28561_/Y (sky130_fd_sc_hd__nand2_2)
                                                         _07377_ (net)
                      0.088712    0.000028   16.226810 v _28562_/A (sky130_fd_sc_hd__nand2_2)
     1    0.004969    0.087741    0.099005   16.325815 ^ _28562_/Y (sky130_fd_sc_hd__nand2_2)
                                                         _07378_ (net)
                      0.087741    0.000007   16.325823 ^ _28563_/C (sky130_fd_sc_hd__nand3_2)
     5    0.023324    0.339593    0.339474   16.665297 v _28563_/Y (sky130_fd_sc_hd__nand3_2)
                                                         _07379_ (net)
                      0.339593    0.000089   16.665386 v _28576_/A2 (sky130_fd_sc_hd__o21bai_2)
     2    0.013513    0.315819    0.410191   17.075577 ^ _28576_/Y (sky130_fd_sc_hd__o21bai_2)
                                                         _07392_ (net)
                      0.315819    0.000224   17.075800 ^ _28577_/A (sky130_fd_sc_hd__nand2_2)
     3    0.017072    0.184855    0.261338   17.337139 v _28577_/Y (sky130_fd_sc_hd__nand2_2)
                                                         _07393_ (net)
                      0.184855    0.000272   17.337410 v _28578_/B (sky130_fd_sc_hd__nand2_2)
     2    0.010748    0.120627    0.192500   17.529911 ^ _28578_/Y (sky130_fd_sc_hd__nand2_2)
                                                         _07394_ (net)
                      0.120627    0.000055   17.529966 ^ _28579_/B (sky130_fd_sc_hd__nor2_2)
     1    0.004524    0.043542    0.082361   17.612326 v _28579_/Y (sky130_fd_sc_hd__nor2_2)
                                                         _07395_ (net)
                      0.043542    0.000009   17.612335 v _28580_/B (sky130_fd_sc_hd__nand2_2)
     3    0.020341    0.186959    0.178874   17.791208 ^ _28580_/Y (sky130_fd_sc_hd__nand2_2)
                                                         _07396_ (net)
                      0.186959    0.000190   17.791399 ^ _28961_/A (sky130_fd_sc_hd__nand2_2)
     2    0.010796    0.121919    0.172571   17.963970 v _28961_/Y (sky130_fd_sc_hd__nand2_2)
                                                         _07777_ (net)
                      0.121919    0.000027   17.963997 v _28962_/A (sky130_fd_sc_hd__nand2_2)
     2    0.009819    0.116649    0.142498   18.106495 ^ _28962_/Y (sky130_fd_sc_hd__nand2_2)
                                                         _07778_ (net)
                      0.116649    0.000034   18.106529 ^ _28963_/A (sky130_fd_sc_hd__nand2_2)
     1    0.004635    0.086081    0.105642   18.212170 v _28963_/Y (sky130_fd_sc_hd__nand2_2)
                                                         _07779_ (net)
                      0.086081    0.000014   18.212185 v _28964_/B (sky130_fd_sc_hd__nor2_2)
     1    0.009449    0.212819    0.208338   18.420523 ^ _28964_/Y (sky130_fd_sc_hd__nor2_2)
                                                         _07780_ (net)
                      0.212819    0.000009   18.420532 ^ _28965_/B (sky130_fd_sc_hd__nand2_4)
     5    0.024972    0.136561    0.201275   18.621807 v _28965_/Y (sky130_fd_sc_hd__nand2_4)
                                                         _07781_ (net)
                      0.136561    0.000194   18.622000 v _29327_/A (sky130_fd_sc_hd__nand2_2)
     3    0.016492    0.157686    0.187848   18.809849 ^ _29327_/Y (sky130_fd_sc_hd__nand2_2)
                                                         _08143_ (net)
                      0.157686    0.000172   18.810020 ^ _29496_/A (sky130_fd_sc_hd__inv_2)
     2    0.007808    0.054338    0.104631   18.914652 v _29496_/Y (sky130_fd_sc_hd__inv_2)
                                                         _08312_ (net)
                      0.054338    0.000036   18.914688 v _29497_/D1 (sky130_fd_sc_hd__o2111ai_2)
     3    0.014098    0.414530    0.148514   19.063202 ^ _29497_/Y (sky130_fd_sc_hd__o2111ai_2)
                                                         _08313_ (net)
                      0.414530    0.000064   19.063265 ^ max_cap48/A (sky130_fd_sc_hd__clkbuf_2)
     2    0.012729    0.125819    0.372115   19.435381 ^ max_cap48/X (sky130_fd_sc_hd__clkbuf_2)
                                                         net48 (net)
                      0.125819    0.000055   19.435434 ^ max_cap47/A (sky130_fd_sc_hd__clkbuf_2)
     2    0.014205    0.137237    0.263638   19.699074 ^ max_cap47/X (sky130_fd_sc_hd__clkbuf_2)
                                                         net47 (net)
                      0.137237    0.000052   19.699125 ^ _29501_/B (sky130_fd_sc_hd__nand3_4)
     9    0.046380    0.342189    0.350784   20.049910 v _29501_/Y (sky130_fd_sc_hd__nand3_4)
                                                         _08317_ (net)
                      0.342189    0.000043   20.049952 v _29943_/A (sky130_fd_sc_hd__inv_2)
     2    0.014846    0.156963    0.242311   20.292263 ^ _29943_/Y (sky130_fd_sc_hd__inv_2)
                                                         _08685_ (net)
                      0.156963    0.000034   20.292297 ^ _29945_/A (sky130_fd_sc_hd__nand2_2)
     3    0.038567    0.333234    0.326441   20.618738 v _29945_/Y (sky130_fd_sc_hd__nand2_2)
                                                         _08687_ (net)
                      0.333234    0.000421   20.619158 v _29950_/A (sky130_fd_sc_hd__nor2_2)
     2    0.020953    0.399059    0.488171   21.107330 ^ _29950_/Y (sky130_fd_sc_hd__nor2_2)
                                                         _08692_ (net)
                      0.399059    0.000595   21.107925 ^ _30568_/A (sky130_fd_sc_hd__nand2_2)
     9    0.036862    0.335626    0.414023   21.521948 v _30568_/Y (sky130_fd_sc_hd__nand2_2)
                                                         _09236_ (net)
                      0.335626    0.000549   21.522497 v _30585_/A (sky130_fd_sc_hd__inv_2)
     3    0.006512    0.111066    0.181821   21.704317 ^ _30585_/Y (sky130_fd_sc_hd__inv_2)
                                                         _09252_ (net)
                      0.111066    0.000016   21.704332 ^ _30586_/A (sky130_fd_sc_hd__buf_2)
    10    0.065762    0.505695    0.528587   22.232920 ^ _30586_/X (sky130_fd_sc_hd__buf_2)
                                                         _09253_ (net)
                      0.505710    0.002336   22.235256 ^ _30708_/A (sky130_fd_sc_hd__nand2_2)
     1    0.005368    0.134443    0.222867   22.458122 v _30708_/Y (sky130_fd_sc_hd__nand2_2)
                                                         _09360_ (net)
                      0.134443    0.000036   22.458158 v _30710_/A (sky130_fd_sc_hd__nand3_2)
     1    0.004973    0.124516    0.125150   22.583309 ^ _30710_/Y (sky130_fd_sc_hd__nand3_2)
                                                         _09362_ (net)
                      0.124516    0.000009   22.583317 ^ _30713_/A1 (sky130_fd_sc_hd__a31oi_2)
     1    0.012714    0.244232    0.263199   22.846516 v _30713_/Y (sky130_fd_sc_hd__a31oi_2)
                                                         _00763_ (net)
                      0.244232    0.000329   22.846846 v _48693_/D (sky130_fd_sc_hd__dfrtp_2)
                                             22.846846   data arrival time

                      0.000000   25.000000   25.000000   clock clk (rise edge)
                                  0.000000   25.000000   clock network delay (ideal)
                                 -0.060000   24.939999   clock uncertainty
                                  0.000000   24.939999   clock reconvergence pessimism
                                             24.939999 ^ _48693_/CLK (sky130_fd_sc_hd__dfrtp_2)
                                 -0.368150   24.571850   library setup time
                                             24.571850   data required time
---------------------------------------------------------------------------------------------
                                             24.571850   data required time
                                            -22.846846   data arrival time
---------------------------------------------------------------------------------------------
                                              1.725004   slack (MET)




===========================================================================
report_checks --slack_max -0.01
============================================================================
======================= max_ss_100C_1v60 Corner ===================================

No paths found.


===========================================================================
 report_check_types -max_slew -max_cap -max_fanout -violators
============================================================================
======================= max_ss_100C_1v60 Corner ===================================

max slew

Pin                                        Limit        Slew       Slack
------------------------------------------------------------------------
input2/A                                0.750000    0.920033   -0.170033 (VIOLATED)
input4/A                                0.750000    0.920028   -0.170028 (VIOLATED)
input3/A                                0.750000    0.920027   -0.170027 (VIOLATED)
input1/A                                0.750000    0.920025   -0.170025 (VIOLATED)
input5/A                                0.750000    0.920025   -0.170025 (VIOLATED)
input6/A                                0.750000    0.920025   -0.170025 (VIOLATED)
input7/A                                0.750000    0.920025   -0.170025 (VIOLATED)
input8/A                                0.750000    0.920025   -0.170025 (VIOLATED)
ext_irq[0]                              0.750000    0.920000   -0.170000 (VIOLATED)
ext_irq[1]                              0.750000    0.920000   -0.170000 (VIOLATED)
ext_irq[2]                              0.750000    0.920000   -0.170000 (VIOLATED)
ext_irq[3]                              0.750000    0.920000   -0.170000 (VIOLATED)
ext_irq[4]                              0.750000    0.920000   -0.170000 (VIOLATED)
ext_irq[5]                              0.750000    0.920000   -0.170000 (VIOLATED)
ext_irq[6]                              0.750000    0.920000   -0.170000 (VIOLATED)
ext_irq[7]                              0.750000    0.920000   -0.170000 (VIOLATED)
input11/A                               0.750000    0.840025   -0.090025 (VIOLATED)
uart_rx                                 0.750000    0.840000   -0.090000 (VIOLATED)
_42833_/A3                              0.750000    0.799852   -0.049852 (VIOLATED)
_42835_/A3                              0.750000    0.799852   -0.049852 (VIOLATED)
_42840_/A3                              0.750000    0.799852   -0.049852 (VIOLATED)
_42842_/A3                              0.750000    0.799852   -0.049852 (VIOLATED)
_42844_/A3                              0.750000    0.799852   -0.049852 (VIOLATED)
_42846_/A3                              0.750000    0.799852   -0.049852 (VIOLATED)
_42848_/A3                              0.750000    0.799852   -0.049852 (VIOLATED)
_42850_/A3                              0.750000    0.799852   -0.049852 (VIOLATED)
_42852_/A3                              0.750000    0.799852   -0.049852 (VIOLATED)
_42877_/A3                              0.750000    0.799852   -0.049852 (VIOLATED)
_42882_/A                               0.750000    0.799852   -0.049852 (VIOLATED)
_44381_/A                               0.750000    0.799852   -0.049852 (VIOLATED)
fanout1046/A                            0.750000    0.799852   -0.049852 (VIOLATED)
fanout1050/X                            0.750000    0.799852   -0.049852 (VIOLATED)



===========================================================================
report_parasitic_annotation -report_unannotated
============================================================================
Found 693 unannotated drivers.
 clk
 clkbuf_0_clk/X
 clkbuf_2_0_0_clk/X
 clkbuf_2_1_0_clk/X
 clkbuf_2_2_0_clk/X
 clkbuf_2_3_0_clk/X
 clkbuf_5_0__f_clk/X
 clkbuf_5_10__f_clk/X
 clkbuf_5_11__f_clk/X
 clkbuf_5_12__f_clk/X
 clkbuf_5_13__f_clk/X
 clkbuf_5_14__f_clk/X
 clkbuf_5_15__f_clk/X
 clkbuf_5_16__f_clk/X
 clkbuf_5_17__f_clk/X
 clkbuf_5_18__f_clk/X
 clkbuf_5_19__f_clk/X
 clkbuf_5_1__f_clk/X
 clkbuf_5_20__f_clk/X
 clkbuf_5_21__f_clk/X
 clkbuf_5_22__f_clk/X
 clkbuf_5_23__f_clk/X
 clkbuf_5_24__f_clk/X
 clkbuf_5_25__f_clk/X
 clkbuf_5_26__f_clk/X
 clkbuf_5_27__f_clk/X
 clkbuf_5_28__f_clk/X
 clkbuf_5_29__f_clk/X
 clkbuf_5_2__f_clk/X
 clkbuf_5_30__f_clk/X
 clkbuf_5_31__f_clk/X
 clkbuf_5_3__f_clk/X
 clkbuf_5_4__f_clk/X
 clkbuf_5_5__f_clk/X
 clkbuf_5_6__f_clk/X
 clkbuf_5_7__f_clk/X
 clkbuf_5_8__f_clk/X
 clkbuf_5_9__f_clk/X
 clkbuf_leaf_0_clk/X
 clkbuf_leaf_100_clk/X
 clkbuf_leaf_101_clk/X
 clkbuf_leaf_102_clk/X
 clkbuf_leaf_103_clk/X
 clkbuf_leaf_104_clk/X
 clkbuf_leaf_105_clk/X
 clkbuf_leaf_106_clk/X
 clkbuf_leaf_107_clk/X
 clkbuf_leaf_108_clk/X
 clkbuf_leaf_109_clk/X
 clkbuf_leaf_10_clk/X
 clkbuf_leaf_110_clk/X
 clkbuf_leaf_111_clk/X
 clkbuf_leaf_112_clk/X
 clkbuf_leaf_113_clk/X
 clkbuf_leaf_114_clk/X
 clkbuf_leaf_115_clk/X
 clkbuf_leaf_116_clk/X
 clkbuf_leaf_117_clk/X
 clkbuf_leaf_118_clk/X
 clkbuf_leaf_119_clk/X
 clkbuf_leaf_11_clk/X
 clkbuf_leaf_120_clk/X
 clkbuf_leaf_121_clk/X
 clkbuf_leaf_122_clk/X
 clkbuf_leaf_123_clk/X
 clkbuf_leaf_124_clk/X
 clkbuf_leaf_125_clk/X
 clkbuf_leaf_126_clk/X
 clkbuf_leaf_127_clk/X
 clkbuf_leaf_128_clk/X
 clkbuf_leaf_129_clk/X
 clkbuf_leaf_12_clk/X
 clkbuf_leaf_130_clk/X
 clkbuf_leaf_131_clk/X
 clkbuf_leaf_132_clk/X
 clkbuf_leaf_133_clk/X
 clkbuf_leaf_134_clk/X
 clkbuf_leaf_135_clk/X
 clkbuf_leaf_136_clk/X
 clkbuf_leaf_137_clk/X
 clkbuf_leaf_138_clk/X
 clkbuf_leaf_139_clk/X
 clkbuf_leaf_13_clk/X
 clkbuf_leaf_140_clk/X
 clkbuf_leaf_141_clk/X
 clkbuf_leaf_142_clk/X
 clkbuf_leaf_143_clk/X
 clkbuf_leaf_144_clk/X
 clkbuf_leaf_145_clk/X
 clkbuf_leaf_146_clk/X
 clkbuf_leaf_147_clk/X
 clkbuf_leaf_148_clk/X
 clkbuf_leaf_149_clk/X
 clkbuf_leaf_14_clk/X
 clkbuf_leaf_150_clk/X
 clkbuf_leaf_151_clk/X
 clkbuf_leaf_152_clk/X
 clkbuf_leaf_153_clk/X
 clkbuf_leaf_154_clk/X
 clkbuf_leaf_155_clk/X
 clkbuf_leaf_156_clk/X
 clkbuf_leaf_157_clk/X
 clkbuf_leaf_158_clk/X
 clkbuf_leaf_159_clk/X
 clkbuf_leaf_15_clk/X
 clkbuf_leaf_160_clk/X
 clkbuf_leaf_161_clk/X
 clkbuf_leaf_162_clk/X
 clkbuf_leaf_163_clk/X
 clkbuf_leaf_164_clk/X
 clkbuf_leaf_165_clk/X
 clkbuf_leaf_166_clk/X
 clkbuf_leaf_167_clk/X
 clkbuf_leaf_168_clk/X
 clkbuf_leaf_169_clk/X
 clkbuf_leaf_16_clk/X
 clkbuf_leaf_170_clk/X
 clkbuf_leaf_171_clk/X
 clkbuf_leaf_172_clk/X
 clkbuf_leaf_173_clk/X
 clkbuf_leaf_174_clk/X
 clkbuf_leaf_175_clk/X
 clkbuf_leaf_176_clk/X
 clkbuf_leaf_177_clk/X
 clkbuf_leaf_178_clk/X
 clkbuf_leaf_179_clk/X
 clkbuf_leaf_17_clk/X
 clkbuf_leaf_180_clk/X
 clkbuf_leaf_181_clk/X
 clkbuf_leaf_182_clk/X
 clkbuf_leaf_183_clk/X
 clkbuf_leaf_184_clk/X
 clkbuf_leaf_185_clk/X
 clkbuf_leaf_186_clk/X
 clkbuf_leaf_187_clk/X
 clkbuf_leaf_188_clk/X
 clkbuf_leaf_189_clk/X
 clkbuf_leaf_18_clk/X
 clkbuf_leaf_190_clk/X
 clkbuf_leaf_191_clk/X
 clkbuf_leaf_192_clk/X
 clkbuf_leaf_193_clk/X
 clkbuf_leaf_194_clk/X
 clkbuf_leaf_195_clk/X
 clkbuf_leaf_196_clk/X
 clkbuf_leaf_197_clk/X
 clkbuf_leaf_198_clk/X
 clkbuf_leaf_199_clk/X
 clkbuf_leaf_19_clk/X
 clkbuf_leaf_1_clk/X
 clkbuf_leaf_200_clk/X
 clkbuf_leaf_201_clk/X
 clkbuf_leaf_202_clk/X
 clkbuf_leaf_203_clk/X
 clkbuf_leaf_204_clk/X
 clkbuf_leaf_205_clk/X
 clkbuf_leaf_206_clk/X
 clkbuf_leaf_207_clk/X
 clkbuf_leaf_208_clk/X
 clkbuf_leaf_209_clk/X
 clkbuf_leaf_20_clk/X
 clkbuf_leaf_210_clk/X
 clkbuf_leaf_211_clk/X
 clkbuf_leaf_212_clk/X
 clkbuf_leaf_213_clk/X
 clkbuf_leaf_214_clk/X
 clkbuf_leaf_215_clk/X
 clkbuf_leaf_216_clk/X
 clkbuf_leaf_217_clk/X
 clkbuf_leaf_218_clk/X
 clkbuf_leaf_219_clk/X
 clkbuf_leaf_21_clk/X
 clkbuf_leaf_220_clk/X
 clkbuf_leaf_221_clk/X
 clkbuf_leaf_222_clk/X
 clkbuf_leaf_223_clk/X
 clkbuf_leaf_224_clk/X
 clkbuf_leaf_225_clk/X
 clkbuf_leaf_226_clk/X
 clkbuf_leaf_227_clk/X
 clkbuf_leaf_228_clk/X
 clkbuf_leaf_229_clk/X
 clkbuf_leaf_22_clk/X
 clkbuf_leaf_230_clk/X
 clkbuf_leaf_231_clk/X
 clkbuf_leaf_232_clk/X
 clkbuf_leaf_233_clk/X
 clkbuf_leaf_234_clk/X
 clkbuf_leaf_235_clk/X
 clkbuf_leaf_236_clk/X
 clkbuf_leaf_237_clk/X
 clkbuf_leaf_238_clk/X
 clkbuf_leaf_239_clk/X
 clkbuf_leaf_23_clk/X
 clkbuf_leaf_240_clk/X
 clkbuf_leaf_241_clk/X
 clkbuf_leaf_242_clk/X
 clkbuf_leaf_243_clk/X
 clkbuf_leaf_244_clk/X
 clkbuf_leaf_245_clk/X
 clkbuf_leaf_246_clk/X
 clkbuf_leaf_247_clk/X
 clkbuf_leaf_248_clk/X
 clkbuf_leaf_249_clk/X
 clkbuf_leaf_24_clk/X
 clkbuf_leaf_250_clk/X
 clkbuf_leaf_251_clk/X
 clkbuf_leaf_252_clk/X
 clkbuf_leaf_253_clk/X
 clkbuf_leaf_254_clk/X
 clkbuf_leaf_255_clk/X
 clkbuf_leaf_256_clk/X
 clkbuf_leaf_257_clk/X
 clkbuf_leaf_258_clk/X
 clkbuf_leaf_259_clk/X
 clkbuf_leaf_25_clk/X
 clkbuf_leaf_260_clk/X
 clkbuf_leaf_261_clk/X
 clkbuf_leaf_262_clk/X
 clkbuf_leaf_263_clk/X
 clkbuf_leaf_264_clk/X
 clkbuf_leaf_265_clk/X
 clkbuf_leaf_266_clk/X
 clkbuf_leaf_267_clk/X
 clkbuf_leaf_268_clk/X
 clkbuf_leaf_269_clk/X
 clkbuf_leaf_26_clk/X
 clkbuf_leaf_270_clk/X
 clkbuf_leaf_271_clk/X
 clkbuf_leaf_272_clk/X
 clkbuf_leaf_273_clk/X
 clkbuf_leaf_274_clk/X
 clkbuf_leaf_275_clk/X
 clkbuf_leaf_276_clk/X
 clkbuf_leaf_277_clk/X
 clkbuf_leaf_278_clk/X
 clkbuf_leaf_279_clk/X
 clkbuf_leaf_27_clk/X
 clkbuf_leaf_280_clk/X
 clkbuf_leaf_281_clk/X
 clkbuf_leaf_282_clk/X
 clkbuf_leaf_283_clk/X
 clkbuf_leaf_284_clk/X
 clkbuf_leaf_285_clk/X
 clkbuf_leaf_286_clk/X
 clkbuf_leaf_287_clk/X
 clkbuf_leaf_288_clk/X
 clkbuf_leaf_289_clk/X
 clkbuf_leaf_28_clk/X
 clkbuf_leaf_290_clk/X
 clkbuf_leaf_291_clk/X
 clkbuf_leaf_292_clk/X
 clkbuf_leaf_293_clk/X
 clkbuf_leaf_294_clk/X
 clkbuf_leaf_295_clk/X
 clkbuf_leaf_296_clk/X
 clkbuf_leaf_297_clk/X
 clkbuf_leaf_298_clk/X
 clkbuf_leaf_299_clk/X
 clkbuf_leaf_29_clk/X
 clkbuf_leaf_2_clk/X
 clkbuf_leaf_300_clk/X
 clkbuf_leaf_301_clk/X
 clkbuf_leaf_302_clk/X
 clkbuf_leaf_303_clk/X
 clkbuf_leaf_304_clk/X
 clkbuf_leaf_305_clk/X
 clkbuf_leaf_306_clk/X
 clkbuf_leaf_307_clk/X
 clkbuf_leaf_308_clk/X
 clkbuf_leaf_309_clk/X
 clkbuf_leaf_30_clk/X
 clkbuf_leaf_310_clk/X
 clkbuf_leaf_311_clk/X
 clkbuf_leaf_312_clk/X
 clkbuf_leaf_313_clk/X
 clkbuf_leaf_314_clk/X
 clkbuf_leaf_315_clk/X
 clkbuf_leaf_316_clk/X
 clkbuf_leaf_317_clk/X
 clkbuf_leaf_318_clk/X
 clkbuf_leaf_319_clk/X
 clkbuf_leaf_31_clk/X
 clkbuf_leaf_320_clk/X
 clkbuf_leaf_321_clk/X
 clkbuf_leaf_322_clk/X
 clkbuf_leaf_323_clk/X
 clkbuf_leaf_324_clk/X
 clkbuf_leaf_325_clk/X
 clkbuf_leaf_326_clk/X
 clkbuf_leaf_327_clk/X
 clkbuf_leaf_328_clk/X
 clkbuf_leaf_329_clk/X
 clkbuf_leaf_32_clk/X
 clkbuf_leaf_330_clk/X
 clkbuf_leaf_331_clk/X
 clkbuf_leaf_332_clk/X
 clkbuf_leaf_333_clk/X
 clkbuf_leaf_334_clk/X
 clkbuf_leaf_335_clk/X
 clkbuf_leaf_336_clk/X
 clkbuf_leaf_337_clk/X
 clkbuf_leaf_338_clk/X
 clkbuf_leaf_339_clk/X
 clkbuf_leaf_33_clk/X
 clkbuf_leaf_340_clk/X
 clkbuf_leaf_341_clk/X
 clkbuf_leaf_342_clk/X
 clkbuf_leaf_343_clk/X
 clkbuf_leaf_34_clk/X
 clkbuf_leaf_35_clk/X
 clkbuf_leaf_36_clk/X
 clkbuf_leaf_37_clk/X
 clkbuf_leaf_38_clk/X
 clkbuf_leaf_39_clk/X
 clkbuf_leaf_3_clk/X
 clkbuf_leaf_40_clk/X
 clkbuf_leaf_41_clk/X
 clkbuf_leaf_42_clk/X
 clkbuf_leaf_43_clk/X
 clkbuf_leaf_44_clk/X
 clkbuf_leaf_45_clk/X
 clkbuf_leaf_46_clk/X
 clkbuf_leaf_47_clk/X
 clkbuf_leaf_48_clk/X
 clkbuf_leaf_49_clk/X
 clkbuf_leaf_4_clk/X
 clkbuf_leaf_50_clk/X
 clkbuf_leaf_51_clk/X
 clkbuf_leaf_52_clk/X
 clkbuf_leaf_53_clk/X
 clkbuf_leaf_54_clk/X
 clkbuf_leaf_55_clk/X
 clkbuf_leaf_56_clk/X
 clkbuf_leaf_57_clk/X
 clkbuf_leaf_58_clk/X
 clkbuf_leaf_59_clk/X
 clkbuf_leaf_5_clk/X
 clkbuf_leaf_60_clk/X
 clkbuf_leaf_61_clk/X
 clkbuf_leaf_62_clk/X
 clkbuf_leaf_63_clk/X
 clkbuf_leaf_64_clk/X
 clkbuf_leaf_65_clk/X
 clkbuf_leaf_66_clk/X
 clkbuf_leaf_67_clk/X
 clkbuf_leaf_68_clk/X
 clkbuf_leaf_69_clk/X
 clkbuf_leaf_6_clk/X
 clkbuf_leaf_70_clk/X
 clkbuf_leaf_71_clk/X
 clkbuf_leaf_72_clk/X
 clkbuf_leaf_73_clk/X
 clkbuf_leaf_74_clk/X
 clkbuf_leaf_75_clk/X
 clkbuf_leaf_76_clk/X
 clkbuf_leaf_77_clk/X
 clkbuf_leaf_78_clk/X
 clkbuf_leaf_79_clk/X
 clkbuf_leaf_7_clk/X
 clkbuf_leaf_80_clk/X
 clkbuf_leaf_81_clk/X
 clkbuf_leaf_82_clk/X
 clkbuf_leaf_83_clk/X
 clkbuf_leaf_84_clk/X
 clkbuf_leaf_85_clk/X
 clkbuf_leaf_86_clk/X
 clkbuf_leaf_87_clk/X
 clkbuf_leaf_88_clk/X
 clkbuf_leaf_89_clk/X
 clkbuf_leaf_8_clk/X
 clkbuf_leaf_90_clk/X
 clkbuf_leaf_91_clk/X
 clkbuf_leaf_92_clk/X
 clkbuf_leaf_93_clk/X
 clkbuf_leaf_94_clk/X
 clkbuf_leaf_95_clk/X
 clkbuf_leaf_96_clk/X
 clkbuf_leaf_97_clk/X
 clkbuf_leaf_98_clk/X
 clkbuf_leaf_99_clk/X
 clkbuf_leaf_9_clk/X
 clkload0/Y
 clkload1/Y
 clkload10/Y
 clkload100/Y
 clkload101/X
 clkload102/X
 clkload103/X
 clkload104/X
 clkload105/X
 clkload106/X
 clkload107/X
 clkload108/Y
 clkload109/X
 clkload11/Y
 clkload110/X
 clkload111/Y
 clkload112/Y
 clkload113/X
 clkload114/X
 clkload115/X
 clkload116/Y
 clkload117/X
 clkload118/Y
 clkload119/X
 clkload12/X
 clkload120/Y
 clkload121/X
 clkload122/Y
 clkload123/X
 clkload124/X
 clkload125/X
 clkload126/X
 clkload127/X
 clkload128/X
 clkload129/X
 clkload13/Y
 clkload130/X
 clkload131/X
 clkload132/Y
 clkload133/X
 clkload134/X
 clkload135/X
 clkload136/Y
 clkload137/X
 clkload138/X
 clkload139/X
 clkload14/Y
 clkload140/X
 clkload141/X
 clkload142/X
 clkload143/X
 clkload144/X
 clkload145/X
 clkload146/X
 clkload147/X
 clkload148/X
 clkload149/X
 clkload15/Y
 clkload150/X
 clkload151/X
 clkload152/X
 clkload153/X
 clkload154/X
 clkload155/X
 clkload156/X
 clkload157/X
 clkload158/X
 clkload159/X
 clkload16/X
 clkload160/X
 clkload161/X
 clkload162/X
 clkload163/X
 clkload164/X
 clkload165/X
 clkload166/X
 clkload167/Y
 clkload168/Y
 clkload169/Y
 clkload17/Y
 clkload170/Y
 clkload171/X
 clkload172/X
 clkload173/X
 clkload174/Y
 clkload175/X
 clkload176/X
 clkload177/X
 clkload178/X
 clkload179/X
 clkload18/Y
 clkload180/X
 clkload181/X
 clkload182/X
 clkload183/X
 clkload184/X
 clkload185/X
 clkload186/Y
 clkload187/Y
 clkload188/Y
 clkload189/Y
 clkload19/Y
 clkload190/Y
 clkload191/Y
 clkload192/Y
 clkload193/X
 clkload194/X
 clkload195/X
 clkload196/X
 clkload197/X
 clkload198/Y
 clkload199/X
 clkload2/Y
 clkload20/Y
 clkload200/Y
 clkload201/Y
 clkload202/X
 clkload203/X
 clkload204/Y
 clkload205/X
 clkload206/X
 clkload207/Y
 clkload208/X
 clkload209/Y
 clkload21/Y
 clkload210/X
 clkload211/X
 clkload212/X
 clkload213/Y
 clkload214/Y
 clkload215/Y
 clkload216/Y
 clkload217/X
 clkload218/X
 clkload219/Y
 clkload22/Y
 clkload220/X
 clkload221/Y
 clkload222/Y
 clkload223/X
 clkload224/X
 clkload225/X
 clkload226/X
 clkload227/X
 clkload228/X
 clkload229/X
 clkload23/Y
 clkload230/X
 clkload231/X
 clkload232/Y
 clkload233/Y
 clkload234/Y
 clkload235/Y
 clkload236/X
 clkload237/X
 clkload238/X
 clkload239/X
 clkload24/Y
 clkload240/Y
 clkload241/Y
 clkload242/Y
 clkload243/Y
 clkload244/Y
 clkload245/Y
 clkload246/X
 clkload247/Y
 clkload248/X
 clkload249/X
 clkload25/Y
 clkload250/X
 clkload251/X
 clkload252/X
 clkload253/X
 clkload254/Y
 clkload255/Y
 clkload256/Y
 clkload257/Y
 clkload258/Y
 clkload259/X
 clkload26/Y
 clkload260/X
 clkload261/Y
 clkload262/Y
 clkload263/Y
 clkload264/Y
 clkload265/X
 clkload266/X
 clkload267/X
 clkload268/X
 clkload269/X
 clkload27/X
 clkload270/X
 clkload271/X
 clkload272/X
 clkload273/X
 clkload274/X
 clkload275/X
 clkload276/X
 clkload277/X
 clkload278/X
 clkload279/X
 clkload28/X
 clkload280/X
 clkload281/X
 clkload282/Y
 clkload283/X
 clkload284/Y
 clkload285/X
 clkload286/X
 clkload287/Y
 clkload288/X
 clkload289/X
 clkload29/X
 clkload290/Y
 clkload291/Y
 clkload292/Y
 clkload293/Y
 clkload294/X
 clkload295/X
 clkload296/X
 clkload297/X
 clkload298/X
 clkload299/X
 clkload3/Y
 clkload30/Y
 clkload300/X
 clkload301/X
 clkload302/X
 clkload303/Y
 clkload304/X
 clkload305/X
 clkload306/Y
 clkload307/Y
 clkload308/X
 clkload309/X
 clkload31/X
 clkload310/Y
 clkload32/X
 clkload33/X
 clkload34/X
 clkload35/X
 clkload36/X
 clkload37/X
 clkload38/X
 clkload39/X
 clkload4/Y
 clkload40/X
 clkload41/Y
 clkload42/Y
 clkload43/X
 clkload44/X
 clkload45/X
 clkload46/X
 clkload47/X
 clkload48/X
 clkload49/X
 clkload5/Y
 clkload50/X
 clkload51/X
 clkload52/Y
 clkload53/X
 clkload54/X
 clkload55/X
 clkload56/X
 clkload57/Y
 clkload58/X
 clkload59/X
 clkload6/Y
 clkload60/X
 clkload61/X
 clkload62/X
 clkload63/X
 clkload64/X
 clkload65/Y
 clkload66/X
 clkload67/Y
 clkload68/Y
 clkload69/X
 clkload7/Y
 clkload70/X
 clkload71/X
 clkload72/X
 clkload73/Y
 clkload74/X
 clkload75/X
 clkload76/X
 clkload77/X
 clkload78/X
 clkload79/X
 clkload8/Y
 clkload80/X
 clkload81/X
 clkload82/X
 clkload83/X
 clkload84/Y
 clkload85/X
 clkload86/X
 clkload87/X
 clkload88/Y
 clkload89/Y
 clkload9/Y
 clkload90/Y
 clkload91/Y
 clkload92/X
 clkload93/Y
 clkload94/X
 clkload95/Y
 clkload96/Y
 clkload97/Y
 clkload98/Y
 clkload99/Y
Found 0 partially unannotated drivers.

===========================================================================
max slew violation count 32
Writing metric design__max_slew_violation__count__corner:max_ss_100C_1v60: 32
max fanout violation count 0
Writing metric design__max_fanout_violation__count__corner:max_ss_100C_1v60: 0
max cap violation count 0
Writing metric design__max_cap_violation__count__corner:max_ss_100C_1v60: 0
============================================================================

===========================================================================
check_setup -verbose -unconstrained_endpoints -multiple_clock -no_clock -no_input_delay -loops -generated_clocks
===========================================================================
