Clock: clk
Sources: clk 
Generated: no
Virtual: no
Propagated: no
Period: 25.000000

===========================================================================
report_clock_properties
============================================================================
Clock                   Period          Waveform
----------------------------------------------------
clk                  25.000000    0.000000 12.500000

===========================================================================
report_clock_latency
============================================================================
Clock clk
rise -> rise
    min     max
0.000000 0.000000 source latency
1.309515         network latency _48326_/CLK
        1.379790 network latency _46424_/CLK
---------------
1.309515 1.379790 latency
        0.070275 skew

fall -> fall
    min     max
0.000000 0.000000 source latency
1.371072         network latency _48326_/CLK
        1.420367 network latency _46424_/CLK
---------------
1.371072 1.420367 latency
        0.049295 skew



===========================================================================
report_clock_min_period
============================================================================
clk period_min = 23.27 fmax = 42.96
