
===========================================================================
Violator List
============================================================================
[hold in-reg] rst_n -> _45560_/RESET_B : -0.304780
[hold in-reg] rst_n -> _45561_/RESET_B : -0.304780
[hold in-reg] cs_n -> _45563_/D : -0.096197
[hold in-reg] sclk -> _45562_/D : -0.090686
[hold in-reg] scan_en -> _46355_/D : -0.048922
[hold in-reg] scan_en -> _46356_/D : -0.048922
[hold in-reg] scan_en -> _46400_/D : -0.048922
[hold in-reg] scan_en -> _46401_/D : -0.048922
[hold in-reg] scan_en -> _46402_/D : -0.048922
[hold in-reg] scan_en -> _46403_/D : -0.048922
[hold in-reg] scan_en -> _46404_/D : -0.048922
[hold in-reg] scan_en -> _46405_/D : -0.048922
[hold in-reg] scan_en -> _46406_/D : -0.048922
[hold in-reg] scan_en -> _46407_/D : -0.048922
[hold in-reg] scan_en -> _46408_/D : -0.048922
[hold in-reg] scan_en -> _46409_/D : -0.048922
[hold in-reg] scan_en -> _46410_/D : -0.048922
[hold in-reg] scan_en -> _46411_/D : -0.048922
[hold in-reg] scan_en -> _46412_/D : -0.048922
[hold in-reg] scan_en -> _46413_/D : -0.048922
[hold in-reg] scan_en -> _46414_/D : -0.048922
[hold in-reg] scan_en -> _46415_/D : -0.048922
[hold in-reg] scan_en -> _46416_/D : -0.048922
[hold in-reg] scan_en -> _46417_/D : -0.048922
[hold in-reg] scan_en -> _46418_/D : -0.048922
[hold in-reg] scan_en -> _46419_/D : -0.048922
[hold in-reg] scan_en -> _46420_/D : -0.048922
[hold in-reg] scan_en -> _46421_/D : -0.048922
[hold in-reg] scan_en -> _46422_/D : -0.048922
[hold in-reg] scan_en -> _46423_/D : -0.048922
[hold in-reg] scan_en -> _46424_/D : -0.048922
[hold in-reg] scan_en -> _46425_/D : -0.048922
[hold in-reg] scan_en -> _46426_/D : -0.048922
[hold in-reg] scan_en -> _46427_/D : -0.048922
[hold in-reg] scan_en -> _46428_/D : -0.048922
[hold in-reg] scan_en -> _46429_/D : -0.048922
[hold in-reg] scan_en -> _46430_/D : -0.048922
[hold in-reg] scan_en -> _46431_/D : -0.048922
[hold in-reg] scan_en -> _46432_/D : -0.048922
[hold in-reg] scan_en -> _46433_/D : -0.048922
[hold in-reg] scan_en -> _46434_/D : -0.048922
[hold in-reg] scan_en -> _46435_/D : -0.048922
[hold in-reg] scan_en -> _46436_/D : -0.048922
[hold in-reg] scan_en -> _46437_/D : -0.048922
[hold in-reg] scan_en -> _46438_/D : -0.048922
[hold in-reg] scan_en -> _46439_/D : -0.048922
[hold in-reg] scan_en -> _46440_/D : -0.048922
[hold in-reg] scan_en -> _46441_/D : -0.048922
[hold in-reg] scan_en -> _46442_/D : -0.048922
[hold in-reg] scan_en -> _46443_/D : -0.048922
[hold in-reg] scan_en -> _46444_/D : -0.048922
[hold in-reg] scan_en -> _46445_/D : -0.048922
[hold in-reg] scan_en -> _46446_/D : -0.048922
[hold in-reg] scan_en -> _46447_/D : -0.048922
[hold in-reg] scan_en -> _46448_/D : -0.048922
[hold in-reg] scan_en -> _46449_/D : -0.048922
[hold in-reg] scan_en -> _46450_/D : -0.048922
[hold in-reg] scan_en -> _46451_/D : -0.048922
[hold in-reg] scan_en -> _46452_/D : -0.048922
[hold in-reg] scan_en -> _46453_/D : -0.048922
[hold in-reg] scan_en -> _46454_/D : -0.048922
[hold in-reg] scan_en -> _46455_/D : -0.048922
[hold in-reg] scan_en -> _46456_/D : -0.048922
[hold in-reg] scan_en -> _46457_/D : -0.048922
[hold in-reg] scan_en -> _46458_/D : -0.048922
[hold in-reg] scan_en -> _46459_/D : -0.048922
[hold in-reg] scan_en -> _46460_/D : -0.048922
[hold in-reg] scan_en -> _46461_/D : -0.048922
[hold in-reg] scan_en -> _46462_/D : -0.048922
[hold in-reg] scan_en -> _46463_/D : -0.048922
[hold in-reg] scan_en -> _46464_/D : -0.048922
[hold in-reg] scan_en -> _46465_/D : -0.048922
[hold in-reg] scan_en -> _46466_/D : -0.048922
[hold in-reg] scan_en -> _46467_/D : -0.048922
[hold in-reg] scan_en -> _46468_/D : -0.048922
[hold in-reg] scan_en -> _46469_/D : -0.048922
[hold in-reg] scan_en -> _46470_/D : -0.048922
[hold in-reg] scan_en -> _46471_/D : -0.048922
[hold in-reg] scan_en -> _46472_/D : -0.048922
[hold in-reg] scan_en -> _46473_/D : -0.048922
[hold in-reg] scan_en -> _46474_/D : -0.048922
[hold in-reg] scan_en -> _46475_/D : -0.048922
[hold in-reg] scan_en -> _46476_/D : -0.048922
[hold in-reg] scan_en -> _46477_/D : -0.048922
[hold in-reg] scan_en -> _46478_/D : -0.048922
[hold in-reg] scan_en -> _46479_/D : -0.048922
[hold in-reg] scan_en -> _46480_/D : -0.048922
[hold in-reg] scan_en -> _46481_/D : -0.048922
[hold in-reg] scan_en -> _46482_/D : -0.048922
[hold in-reg] scan_en -> _46483_/D : -0.048922
[hold in-reg] scan_en -> _46484_/D : -0.048922
[hold in-reg] scan_en -> _46485_/D : -0.048922
[hold in-reg] scan_en -> _46486_/D : -0.048922
[hold in-reg] scan_en -> _46487_/D : -0.048922
[hold in-reg] scan_en -> _46488_/D : -0.048922
[hold in-reg] scan_en -> _46489_/D : -0.048922
[hold in-reg] scan_en -> _46490_/D : -0.048922
[hold in-reg] scan_en -> _46491_/D : -0.048922
[hold in-reg] scan_en -> _46492_/D : -0.048922
[hold in-reg] scan_en -> _46493_/D : -0.048922
[hold in-reg] scan_en -> _46494_/D : -0.048922
[hold in-reg] scan_en -> _46495_/D : -0.048922
[hold in-reg] scan_en -> _46496_/D : -0.048922
[hold in-reg] scan_en -> _46497_/D : -0.048922
[hold in-reg] scan_en -> _46498_/D : -0.048922
[hold in-reg] scan_en -> _46499_/D : -0.048922
[hold in-reg] scan_en -> _46500_/D : -0.048922
[hold in-reg] scan_en -> _46501_/D : -0.048922
[hold in-reg] scan_en -> _46502_/D : -0.048922
[hold in-reg] scan_en -> _46503_/D : -0.048922
[hold in-reg] scan_en -> _46504_/D : -0.048922
[hold in-reg] scan_en -> _46505_/D : -0.048922
[hold in-reg] scan_en -> _46506_/D : -0.048922
[hold in-reg] scan_en -> _46507_/D : -0.048922
[hold in-reg] scan_en -> _46508_/D : -0.048922
[hold in-reg] scan_en -> _46509_/D : -0.048922
[hold in-reg] scan_en -> _46510_/D : -0.048922
[hold in-reg] scan_en -> _46511_/D : -0.048922
[hold in-reg] scan_en -> _46512_/D : -0.048922
[hold in-reg] scan_en -> _46513_/D : -0.048922
[hold in-reg] scan_en -> _46514_/D : -0.048922
[hold in-reg] scan_en -> _46515_/D : -0.048922
[hold in-reg] scan_en -> _46516_/D : -0.048922
[hold in-reg] scan_en -> _46517_/D : -0.048922
[hold in-reg] scan_en -> _46518_/D : -0.048922
[hold in-reg] scan_en -> _46519_/D : -0.048922
[hold in-reg] scan_en -> _46520_/D : -0.048922
[hold in-reg] scan_en -> _46521_/D : -0.048922
[hold in-reg] scan_en -> _46522_/D : -0.048922
[hold in-reg] scan_en -> _46523_/D : -0.048922
[hold in-reg] scan_en -> _46524_/D : -0.048922
[hold in-reg] scan_en -> _46525_/D : -0.048922
[hold in-reg] scan_en -> _46526_/D : -0.048922
[hold in-reg] scan_en -> _46527_/D : -0.048922
[hold in-reg] scan_en -> _46528_/D : -0.048922
[hold in-reg] scan_en -> _46529_/D : -0.048922
[hold in-reg] scan_en -> _46530_/D : -0.048922
[hold in-reg] scan_en -> _46531_/D : -0.048922
[hold in-reg] scan_en -> _46532_/D : -0.048922
[hold in-reg] scan_en -> _46533_/D : -0.048922
[hold in-reg] scan_en -> _46534_/D : -0.048922
[hold in-reg] scan_en -> _46535_/D : -0.048922
[hold in-reg] scan_en -> _46536_/D : -0.048922
[hold in-reg] scan_en -> _46537_/D : -0.048922
[hold in-reg] scan_en -> _46538_/D : -0.048922
[hold in-reg] scan_en -> _46539_/D : -0.048922
[hold in-reg] scan_en -> _46540_/D : -0.048922
[hold in-reg] scan_en -> _46541_/D : -0.048922
[hold in-reg] scan_en -> _46542_/D : -0.048922
[hold in-reg] scan_en -> _46543_/D : -0.048922
[hold in-reg] scan_en -> _46544_/D : -0.048922
[hold in-reg] scan_en -> _46545_/D : -0.048922
[hold in-reg] scan_en -> _46546_/D : -0.048922
[hold in-reg] scan_en -> _46547_/D : -0.048922
[hold in-reg] scan_en -> _46548_/D : -0.048922
[hold in-reg] scan_en -> _46549_/D : -0.048922
[hold in-reg] scan_en -> _46550_/D : -0.048922
[hold in-reg] scan_en -> _46551_/D : -0.048922
[hold in-reg] scan_en -> _46552_/D : -0.048922
[hold in-reg] scan_en -> _46553_/D : -0.048922
[hold in-reg] scan_en -> _46554_/D : -0.048922
[hold in-reg] scan_en -> _46555_/D : -0.048922
[hold in-reg] scan_en -> _46556_/D : -0.048922
[hold in-reg] scan_en -> _46557_/D : -0.048922
[hold in-reg] scan_en -> _46558_/D : -0.048922
[hold in-reg] scan_en -> _46559_/D : -0.048922
[hold in-reg] scan_en -> _46560_/D : -0.048922
[hold in-reg] scan_en -> _46561_/D : -0.048922
[hold in-reg] scan_en -> _46562_/D : -0.048922
[hold in-reg] scan_en -> _46563_/D : -0.048922
[hold in-reg] scan_en -> _46564_/D : -0.048922
[hold in-reg] scan_en -> _46565_/D : -0.048922
[hold in-reg] scan_en -> _46566_/D : -0.048922
[hold in-reg] scan_en -> _46567_/D : -0.048922
[hold in-reg] scan_en -> _46568_/D : -0.048922
[hold in-reg] scan_en -> _46569_/D : -0.048922
[hold in-reg] scan_en -> _46570_/D : -0.048922
[hold in-reg] scan_en -> _46571_/D : -0.048922
[hold in-reg] scan_en -> _46572_/D : -0.048922
[hold in-reg] scan_en -> _46573_/D : -0.048922
[hold in-reg] scan_en -> _46574_/D : -0.048922
[hold in-reg] scan_en -> _46575_/D : -0.048922
[hold in-reg] scan_en -> _46576_/D : -0.048922
[hold in-reg] scan_en -> _46577_/D : -0.048922
[hold in-reg] scan_en -> _46578_/D : -0.048922
[hold in-reg] scan_en -> _46579_/D : -0.048922
[hold in-reg] scan_en -> _46580_/D : -0.048922
[hold in-reg] scan_en -> _46581_/D : -0.048922
[hold in-reg] scan_en -> _46582_/D : -0.048922
[hold in-reg] scan_en -> _46583_/D : -0.048922
[hold in-reg] scan_en -> _46584_/D : -0.048922
[hold in-reg] scan_en -> _46585_/D : -0.048922
[hold in-reg] scan_en -> _46586_/D : -0.048922
[hold in-reg] scan_en -> _46587_/D : -0.048922
[hold in-reg] scan_en -> _46588_/D : -0.048922
[hold in-reg] scan_en -> _46589_/D : -0.048922
[hold in-reg] scan_en -> _46590_/D : -0.048922
[hold in-reg] scan_en -> _46591_/D : -0.048922
[hold in-reg] scan_en -> _46592_/D : -0.048922
[hold in-reg] scan_en -> _46593_/D : -0.048922
[hold in-reg] scan_en -> _46594_/D : -0.048922
[hold in-reg] scan_en -> _46595_/D : -0.048922
[hold in-reg] scan_en -> _46596_/D : -0.048922
[hold in-reg] scan_en -> _46597_/D : -0.048922
[hold in-reg] scan_en -> _46598_/D : -0.048922
[hold in-reg] scan_en -> _46599_/D : -0.048922
[hold in-reg] scan_en -> _46600_/D : -0.048922
[hold in-reg] scan_en -> _46601_/D : -0.048922
[hold in-reg] scan_en -> _46602_/D : -0.048922
[hold in-reg] ext_irq[7] -> _46181_/D : -0.015346
