Running 'synthesis-AREA 0' at '../Documents/projects/harts/flow/openlane/runs/synexp/1-synthesis-area-0'…
Running 'synthesis-AREA 1' at '../Documents/projects/harts/flow/openlane/runs/synexp/1-synthesis-area-1'…
Running 'synthesis-AREA 2' at '../Documents/projects/harts/flow/openlane/runs/synexp/1-synthesis-area-2'…
Running 'synthesis-AREA 3' at '../Documents/projects/harts/flow/openlane/runs/synexp/1-synthesis-area-3'…
Running 'synthesis-DELAY 0' at '../Documents/projects/harts/flow/openlane/runs/synexp/1-synthesis-delay-0'…
Logging subprocess to [repr.filename]'../Documents/projects/harts/flow/openlane/runs/synexp/1-synthesis-area-2/synthesis-area-2.log'[/repr.filename]…
Logging subprocess to [repr.filename]'../Documents/projects/harts/flow/openlane/runs/synexp/1-synthesis-area-1/synthesis-area-1.log'[/repr.filename]…
Logging subprocess to [repr.filename]'../Documents/projects/harts/flow/openlane/runs/synexp/1-synthesis-area-0/synthesis-area-0.log'[/repr.filename]…
Logging subprocess to [repr.filename]'../Documents/projects/harts/flow/openlane/runs/synexp/1-synthesis-area-3/synthesis-area-3.log'[/repr.filename]…
Logging subprocess to [repr.filename]'../Documents/projects/harts/flow/openlane/runs/synexp/1-synthesis-delay-0/synthesis-delay-0.log'[/repr.filename]…
Parsing synthesis checks…
Running 'sdc-DELAY 0' at '../Documents/projects/harts/flow/openlane/runs/synexp/1-sdc-delay-0'…
Running 'synthesis-DELAY 1' at '../Documents/projects/harts/flow/openlane/runs/synexp/1-synthesis-delay-1'…
Running 'sta-DELAY 0' at '../Documents/projects/harts/flow/openlane/runs/synexp/1-sta-delay-0'…
Starting STA for the nom_tt_025C_1v80 timing corner…
Starting STA for the nom_ss_100C_1v60 timing corner…
Starting STA for the nom_ff_n40C_1v95 timing corner…
Skipping corner min_tt_025C_1v80 for STA (identical to nom_tt_025C_1v80 at this stage)…
Logging subprocess to [repr.filename]'../Documents/projects/harts/flow/openlane/runs/synexp/1-synthesis-delay-1/synthesis-delay-1.log'[/repr.filename]…
Skipping corner min_ss_100C_1v60 for STA (identical to nom_ss_100C_1v60 at this stage)…
Logging subprocess to [repr.filename]'../Documents/projects/harts/flow/openlane/runs/synexp/1-sta-delay-0/nom_tt_025C_1v80/sta.log'[/repr.filename]…
Skipping corner min_ff_n40C_1v95 for STA (identical to nom_ff_n40C_1v95 at this stage)…
Skipping corner max_tt_025C_1v80 for STA (identical to nom_tt_025C_1v80 at this stage)…
Logging subprocess to [repr.filename]'../Documents/projects/harts/flow/openlane/runs/synexp/1-sta-delay-0/nom_ss_100C_1v60/sta.log'[/repr.filename]…
Skipping corner max_ss_100C_1v60 for STA (identical to nom_ss_100C_1v60 at this stage)…
Skipping corner max_ff_n40C_1v95 for STA (identical to nom_ff_n40C_1v95 at this stage)…
Logging subprocess to [repr.filename]'../Documents/projects/harts/flow/openlane/runs/synexp/1-sta-delay-0/nom_ff_n40C_1v95/sta.log'[/repr.filename]…
Parsing synthesis checks…
Running 'sdc-AREA 3' at '../Documents/projects/harts/flow/openlane/runs/synexp/1-sdc-area-3'…
Running 'sta-AREA 3' at '../Documents/projects/harts/flow/openlane/runs/synexp/1-sta-area-3'…
Starting STA for the nom_tt_025C_1v80 timing corner…
Starting STA for the nom_ss_100C_1v60 timing corner…
Starting STA for the nom_ff_n40C_1v95 timing corner…
Skipping corner min_tt_025C_1v80 for STA (identical to nom_tt_025C_1v80 at this stage)…
Skipping corner min_ss_100C_1v60 for STA (identical to nom_ss_100C_1v60 at this stage)…
Skipping corner min_ff_n40C_1v95 for STA (identical to nom_ff_n40C_1v95 at this stage)…
Skipping corner max_tt_025C_1v80 for STA (identical to nom_tt_025C_1v80 at this stage)…
Skipping corner max_ss_100C_1v60 for STA (identical to nom_ss_100C_1v60 at this stage)…
Logging subprocess to [repr.filename]'../Documents/projects/harts/flow/openlane/runs/synexp/1-sta-area-3/nom_ss_100C_1v60/sta.log'[/repr.filename]…
Skipping corner max_ff_n40C_1v95 for STA (identical to nom_ff_n40C_1v95 at this stage)…
Logging subprocess to [repr.filename]'../Documents/projects/harts/flow/openlane/runs/synexp/1-sta-area-3/nom_tt_025C_1v80/sta.log'[/repr.filename]…
Logging subprocess to [repr.filename]'../Documents/projects/harts/flow/openlane/runs/synexp/1-sta-area-3/nom_ff_n40C_1v95/sta.log'[/repr.filename]…
Finished STA for the nom_ff_n40C_1v95 timing corner.
Finished STA for the nom_tt_025C_1v80 timing corner.
Finished STA for the nom_ss_100C_1v60 timing corner.
Running 'synthesis-DELAY 2' at '../Documents/projects/harts/flow/openlane/runs/synexp/1-synthesis-delay-2'…
Logging subprocess to [repr.filename]'../Documents/projects/harts/flow/openlane/runs/synexp/1-synthesis-delay-2/synthesis-delay-2.log'[/repr.filename]…
Finished STA for the nom_ff_n40C_1v95 timing corner.
Finished STA for the nom_tt_025C_1v80 timing corner.
Finished STA for the nom_ss_100C_1v60 timing corner.
Parsing synthesis checks…
Running 'sdc-AREA 0' at '../Documents/projects/harts/flow/openlane/runs/synexp/1-sdc-area-0'…
Running 'synthesis-DELAY 3' at '../Documents/projects/harts/flow/openlane/runs/synexp/1-synthesis-delay-3'…
Running 'sta-AREA 0' at '../Documents/projects/harts/flow/openlane/runs/synexp/1-sta-area-0'…
Starting STA for the nom_tt_025C_1v80 timing corner…
Starting STA for the nom_ss_100C_1v60 timing corner…
Starting STA for the nom_ff_n40C_1v95 timing corner…
Skipping corner min_tt_025C_1v80 for STA (identical to nom_tt_025C_1v80 at this stage)…
Skipping corner min_ss_100C_1v60 for STA (identical to nom_ss_100C_1v60 at this stage)…
Skipping corner min_ff_n40C_1v95 for STA (identical to nom_ff_n40C_1v95 at this stage)…
Skipping corner max_tt_025C_1v80 for STA (identical to nom_tt_025C_1v80 at this stage)…
Skipping corner max_ss_100C_1v60 for STA (identical to nom_ss_100C_1v60 at this stage)…
Skipping corner max_ff_n40C_1v95 for STA (identical to nom_ff_n40C_1v95 at this stage)…
Logging subprocess to [repr.filename]'../Documents/projects/harts/flow/openlane/runs/synexp/1-synthesis-delay-3/synthesis-delay-3.log'[/repr.filename]…
Logging subprocess to [repr.filename]'../Documents/projects/harts/flow/openlane/runs/synexp/1-sta-area-0/nom_ss_100C_1v60/sta.log'[/repr.filename]…
Logging subprocess to [repr.filename]'../Documents/projects/harts/flow/openlane/runs/synexp/1-sta-area-0/nom_tt_025C_1v80/sta.log'[/repr.filename]…
Logging subprocess to [repr.filename]'../Documents/projects/harts/flow/openlane/runs/synexp/1-sta-area-0/nom_ff_n40C_1v95/sta.log'[/repr.filename]…
Finished STA for the nom_tt_025C_1v80 timing corner.
Finished STA for the nom_ff_n40C_1v95 timing corner.
Finished STA for the nom_ss_100C_1v60 timing corner.
Parsing synthesis checks…
Running 'sdc-AREA 1' at '../Documents/projects/harts/flow/openlane/runs/synexp/1-sdc-area-1'…
Running 'synthesis-DELAY 4' at '../Documents/projects/harts/flow/openlane/runs/synexp/1-synthesis-delay-4'…
Running 'sta-AREA 1' at '../Documents/projects/harts/flow/openlane/runs/synexp/1-sta-area-1'…
Starting STA for the nom_tt_025C_1v80 timing corner…
Starting STA for the nom_ss_100C_1v60 timing corner…
Starting STA for the nom_ff_n40C_1v95 timing corner…
Skipping corner min_tt_025C_1v80 for STA (identical to nom_tt_025C_1v80 at this stage)…
Skipping corner min_ss_100C_1v60 for STA (identical to nom_ss_100C_1v60 at this stage)…
Logging subprocess to [repr.filename]'../Documents/projects/harts/flow/openlane/runs/synexp/1-sta-area-1/nom_tt_025C_1v80/sta.log'[/repr.filename]…
Skipping corner min_ff_n40C_1v95 for STA (identical to nom_ff_n40C_1v95 at this stage)…
Skipping corner max_tt_025C_1v80 for STA (identical to nom_tt_025C_1v80 at this stage)…
Skipping corner max_ss_100C_1v60 for STA (identical to nom_ss_100C_1v60 at this stage)…
Skipping corner max_ff_n40C_1v95 for STA (identical to nom_ff_n40C_1v95 at this stage)…
Logging subprocess to [repr.filename]'../Documents/projects/harts/flow/openlane/runs/synexp/1-synthesis-delay-4/synthesis-delay-4.log'[/repr.filename]…
Logging subprocess to [repr.filename]'../Documents/projects/harts/flow/openlane/runs/synexp/1-sta-area-1/nom_ss_100C_1v60/sta.log'[/repr.filename]…
Logging subprocess to [repr.filename]'../Documents/projects/harts/flow/openlane/runs/synexp/1-sta-area-1/nom_ff_n40C_1v95/sta.log'[/repr.filename]…
Finished STA for the nom_ss_100C_1v60 timing corner.
Finished STA for the nom_tt_025C_1v80 timing corner.
Finished STA for the nom_ff_n40C_1v95 timing corner.
Parsing synthesis checks…
Running 'sdc-AREA 2' at '../Documents/projects/harts/flow/openlane/runs/synexp/1-sdc-area-2'…
Running 'sta-AREA 2' at '../Documents/projects/harts/flow/openlane/runs/synexp/1-sta-area-2'…
Starting STA for the nom_tt_025C_1v80 timing corner…
Starting STA for the nom_ss_100C_1v60 timing corner…
Starting STA for the nom_ff_n40C_1v95 timing corner…
Skipping corner min_tt_025C_1v80 for STA (identical to nom_tt_025C_1v80 at this stage)…
Skipping corner min_ss_100C_1v60 for STA (identical to nom_ss_100C_1v60 at this stage)…
Skipping corner min_ff_n40C_1v95 for STA (identical to nom_ff_n40C_1v95 at this stage)…
Skipping corner max_tt_025C_1v80 for STA (identical to nom_tt_025C_1v80 at this stage)…
Skipping corner max_ss_100C_1v60 for STA (identical to nom_ss_100C_1v60 at this stage)…
Skipping corner max_ff_n40C_1v95 for STA (identical to nom_ff_n40C_1v95 at this stage)…
Logging subprocess to [repr.filename]'../Documents/projects/harts/flow/openlane/runs/synexp/1-sta-area-2/nom_ss_100C_1v60/sta.log'[/repr.filename]…
Logging subprocess to [repr.filename]'../Documents/projects/harts/flow/openlane/runs/synexp/1-sta-area-2/nom_tt_025C_1v80/sta.log'[/repr.filename]…
Logging subprocess to [repr.filename]'../Documents/projects/harts/flow/openlane/runs/synexp/1-sta-area-2/nom_ff_n40C_1v95/sta.log'[/repr.filename]…
Parsing synthesis checks…
Running 'sdc-DELAY 2' at '../Documents/projects/harts/flow/openlane/runs/synexp/1-sdc-delay-2'…
Running 'sta-DELAY 2' at '../Documents/projects/harts/flow/openlane/runs/synexp/1-sta-delay-2'…
Starting STA for the nom_tt_025C_1v80 timing corner…
Starting STA for the nom_ss_100C_1v60 timing corner…
Starting STA for the nom_ff_n40C_1v95 timing corner…
Skipping corner min_tt_025C_1v80 for STA (identical to nom_tt_025C_1v80 at this stage)…
Skipping corner min_ss_100C_1v60 for STA (identical to nom_ss_100C_1v60 at this stage)…
Skipping corner min_ff_n40C_1v95 for STA (identical to nom_ff_n40C_1v95 at this stage)…
Skipping corner max_tt_025C_1v80 for STA (identical to nom_tt_025C_1v80 at this stage)…
Skipping corner max_ss_100C_1v60 for STA (identical to nom_ss_100C_1v60 at this stage)…
Skipping corner max_ff_n40C_1v95 for STA (identical to nom_ff_n40C_1v95 at this stage)…
Logging subprocess to [repr.filename]'../Documents/projects/harts/flow/openlane/runs/synexp/1-sta-delay-2/nom_tt_025C_1v80/sta.log'[/repr.filename]…
Logging subprocess to [repr.filename]'../Documents/projects/harts/flow/openlane/runs/synexp/1-sta-delay-2/nom_ss_100C_1v60/sta.log'[/repr.filename]…
Logging subprocess to [repr.filename]'../Documents/projects/harts/flow/openlane/runs/synexp/1-sta-delay-2/nom_ff_n40C_1v95/sta.log'[/repr.filename]…
Finished STA for the nom_ff_n40C_1v95 timing corner.
Finished STA for the nom_tt_025C_1v80 timing corner.
Finished STA for the nom_ss_100C_1v60 timing corner.
Parsing synthesis checks…
Running 'sdc-DELAY 1' at '../Documents/projects/harts/flow/openlane/runs/synexp/1-sdc-delay-1'…
Running 'sta-DELAY 1' at '../Documents/projects/harts/flow/openlane/runs/synexp/1-sta-delay-1'…
Starting STA for the nom_tt_025C_1v80 timing corner…
Starting STA for the nom_ss_100C_1v60 timing corner…
Starting STA for the nom_ff_n40C_1v95 timing corner…
Skipping corner min_tt_025C_1v80 for STA (identical to nom_tt_025C_1v80 at this stage)…
Skipping corner min_ss_100C_1v60 for STA (identical to nom_ss_100C_1v60 at this stage)…
Skipping corner min_ff_n40C_1v95 for STA (identical to nom_ff_n40C_1v95 at this stage)…
Skipping corner max_tt_025C_1v80 for STA (identical to nom_tt_025C_1v80 at this stage)…
Skipping corner max_ss_100C_1v60 for STA (identical to nom_ss_100C_1v60 at this stage)…
Skipping corner max_ff_n40C_1v95 for STA (identical to nom_ff_n40C_1v95 at this stage)…
Logging subprocess to [repr.filename]'../Documents/projects/harts/flow/openlane/runs/synexp/1-sta-delay-1/nom_tt_025C_1v80/sta.log'[/repr.filename]…
Logging subprocess to [repr.filename]'../Documents/projects/harts/flow/openlane/runs/synexp/1-sta-delay-1/nom_ss_100C_1v60/sta.log'[/repr.filename]…
Logging subprocess to [repr.filename]'../Documents/projects/harts/flow/openlane/runs/synexp/1-sta-delay-1/nom_ff_n40C_1v95/sta.log'[/repr.filename]…
Finished STA for the nom_ff_n40C_1v95 timing corner.
Finished STA for the nom_tt_025C_1v80 timing corner.
Finished STA for the nom_ss_100C_1v60 timing corner.
Parsing synthesis checks…
Running 'sdc-DELAY 3' at '../Documents/projects/harts/flow/openlane/runs/synexp/1-sdc-delay-3'…
Running 'sta-DELAY 3' at '../Documents/projects/harts/flow/openlane/runs/synexp/1-sta-delay-3'…
Starting STA for the nom_tt_025C_1v80 timing corner…
Starting STA for the nom_ss_100C_1v60 timing corner…
Starting STA for the nom_ff_n40C_1v95 timing corner…
Skipping corner min_tt_025C_1v80 for STA (identical to nom_tt_025C_1v80 at this stage)…
Skipping corner min_ss_100C_1v60 for STA (identical to nom_ss_100C_1v60 at this stage)…
Skipping corner min_ff_n40C_1v95 for STA (identical to nom_ff_n40C_1v95 at this stage)…
Skipping corner max_tt_025C_1v80 for STA (identical to nom_tt_025C_1v80 at this stage)…
Skipping corner max_ss_100C_1v60 for STA (identical to nom_ss_100C_1v60 at this stage)…
Skipping corner max_ff_n40C_1v95 for STA (identical to nom_ff_n40C_1v95 at this stage)…
Logging subprocess to [repr.filename]'../Documents/projects/harts/flow/openlane/runs/synexp/1-sta-delay-3/nom_ss_100C_1v60/sta.log'[/repr.filename]…
Logging subprocess to [repr.filename]'../Documents/projects/harts/flow/openlane/runs/synexp/1-sta-delay-3/nom_tt_025C_1v80/sta.log'[/repr.filename]…
Logging subprocess to [repr.filename]'../Documents/projects/harts/flow/openlane/runs/synexp/1-sta-delay-3/nom_ff_n40C_1v95/sta.log'[/repr.filename]…
Parsing synthesis checks…
Running 'sdc-DELAY 4' at '../Documents/projects/harts/flow/openlane/runs/synexp/1-sdc-delay-4'…
Running 'sta-DELAY 4' at '../Documents/projects/harts/flow/openlane/runs/synexp/1-sta-delay-4'…
Starting STA for the nom_tt_025C_1v80 timing corner…
Starting STA for the nom_ss_100C_1v60 timing corner…
Starting STA for the nom_ff_n40C_1v95 timing corner…
Skipping corner min_tt_025C_1v80 for STA (identical to nom_tt_025C_1v80 at this stage)…
Skipping corner min_ss_100C_1v60 for STA (identical to nom_ss_100C_1v60 at this stage)…
Skipping corner min_ff_n40C_1v95 for STA (identical to nom_ff_n40C_1v95 at this stage)…
Skipping corner max_tt_025C_1v80 for STA (identical to nom_tt_025C_1v80 at this stage)…
Skipping corner max_ss_100C_1v60 for STA (identical to nom_ss_100C_1v60 at this stage)…
Skipping corner max_ff_n40C_1v95 for STA (identical to nom_ff_n40C_1v95 at this stage)…
Logging subprocess to [repr.filename]'../Documents/projects/harts/flow/openlane/runs/synexp/1-sta-delay-4/nom_ff_n40C_1v95/sta.log'[/repr.filename]…
Logging subprocess to [repr.filename]'../Documents/projects/harts/flow/openlane/runs/synexp/1-sta-delay-4/nom_ss_100C_1v60/sta.log'[/repr.filename]…
Logging subprocess to [repr.filename]'../Documents/projects/harts/flow/openlane/runs/synexp/1-sta-delay-4/nom_tt_025C_1v80/sta.log'[/repr.filename]…
Finished STA for the nom_ff_n40C_1v95 timing corner.
Finished STA for the nom_tt_025C_1v80 timing corner.
Finished STA for the nom_ss_100C_1v60 timing corner.
Finished STA for the nom_ff_n40C_1v95 timing corner.
Finished STA for the nom_tt_025C_1v80 timing corner.
Finished STA for the nom_ss_100C_1v60 timing corner.
Finished STA for the nom_ff_n40C_1v95 timing corner.
Finished STA for the nom_tt_025C_1v80 timing corner.
Finished STA for the nom_ss_100C_1v60 timing corner.
Flow complete.
