"input" in: sky130A_mr.drc:169
    Polygons (raw): 247202 (flat)  327 (hierarchical)
    Elapsed: 0.010s  Memory: 450.00M
"polygons" in: sky130A_mr.drc:170
    Polygons (raw): 17872 (flat)  2 (hierarchical)
    Elapsed: 0.020s  Memory: 453.00M
"polygons" in: sky130A_mr.drc:171
    Polygons (raw): 136938 (flat)  114 (hierarchical)
    Elapsed: 0.010s  Memory: 453.00M
"polygons" in: sky130A_mr.drc:172
    Polygons (raw): 0 (flat)  0 (hierarchical)
    Elapsed: 0.000s  Memory: 453.00M
"polygons" in: sky130A_mr.drc:173
    Polygons (raw): 0 (flat)  0 (hierarchical)
    Elapsed: 0.000s  Memory: 453.00M
"polygons" in: sky130A_mr.drc:174
    Polygons (raw): 0 (flat)  0 (hierarchical)
    Elapsed: 0.000s  Memory: 453.00M
"polygons" in: sky130A_mr.drc:175
    Polygons (raw): 0 (flat)  0 (hierarchical)
    Elapsed: 0.000s  Memory: 453.00M
"polygons" in: sky130A_mr.drc:176
    Polygons (raw): 0 (flat)  0 (hierarchical)
    Elapsed: 0.000s  Memory: 453.00M
"polygons" in: sky130A_mr.drc:177
    Polygons (raw): 141558 (flat)  117 (hierarchical)
    Elapsed: 0.010s  Memory: 453.00M
"polygons" in: sky130A_mr.drc:178
    Polygons (raw): 0 (flat)  0 (hierarchical)
    Elapsed: 0.000s  Memory: 453.00M
"polygons" in: sky130A_mr.drc:179
    Polygons (raw): 0 (flat)  0 (hierarchical)
    Elapsed: 0.000s  Memory: 453.00M
"polygons" in: sky130A_mr.drc:180
    Polygons (raw): 0 (flat)  0 (hierarchical)
    Elapsed: 0.000s  Memory: 453.00M
"polygons" in: sky130A_mr.drc:181
    Polygons (raw): 0 (flat)  0 (hierarchical)
    Elapsed: 0.000s  Memory: 453.00M
"polygons" in: sky130A_mr.drc:182
    Polygons (raw): 328249 (flat)  725 (hierarchical)
    Elapsed: 0.020s  Memory: 453.00M
"polygons" in: sky130A_mr.drc:183
    Polygons (raw): 0 (flat)  0 (hierarchical)
    Elapsed: 0.010s  Memory: 455.00M
"polygons" in: sky130A_mr.drc:184
    Polygons (raw): 145874 (flat)  115 (hierarchical)
    Elapsed: 0.010s  Memory: 455.00M
"polygons" in: sky130A_mr.drc:185
    Polygons (raw): 145874 (flat)  115 (hierarchical)
    Elapsed: 0.010s  Memory: 455.00M
"polygons" in: sky130A_mr.drc:186
    Polygons (raw): 0 (flat)  0 (hierarchical)
    Elapsed: 0.000s  Memory: 455.00M
"polygons" in: sky130A_mr.drc:187
    Polygons (raw): 0 (flat)  0 (hierarchical)
    Elapsed: 0.000s  Memory: 455.00M
"polygons" in: sky130A_mr.drc:188
    Polygons (raw): 122650 (flat)  130 (hierarchical)
    Elapsed: 0.010s  Memory: 455.00M
"polygons" in: sky130A_mr.drc:189
    Polygons (raw): 1432853 (flat)  3888 (hierarchical)
    Elapsed: 0.010s  Memory: 455.00M
"polygons" in: sky130A_mr.drc:191
    Polygons (raw): 692587 (flat)  94126 (hierarchical)
    Elapsed: 0.030s  Memory: 456.00M
"polygons" in: sky130A_mr.drc:192
    Polygons (raw): 0 (flat)  0 (hierarchical)
    Elapsed: 0.000s  Memory: 458.00M
"polygons" in: sky130A_mr.drc:193
    Polygons (raw): 1125779 (flat)  94785 (hierarchical)
    Elapsed: 0.030s  Memory: 460.00M
"polygons" in: sky130A_mr.drc:195
    Polygons (raw): 460789 (flat)  156623 (hierarchical)
    Elapsed: 0.140s  Memory: 466.00M
"polygons" in: sky130A_mr.drc:196
    Polygons (raw): 119312 (flat)  119312 (hierarchical)
    Elapsed: 0.040s  Memory: 470.00M
"polygons" in: sky130A_mr.drc:198
    Polygons (raw): 90559 (flat)  90559 (hierarchical)
    Elapsed: 0.090s  Memory: 474.00M
"polygons" in: sky130A_mr.drc:199
    Polygons (raw): 16457 (flat)  16457 (hierarchical)
    Elapsed: 0.020s  Memory: 474.00M
"polygons" in: sky130A_mr.drc:201
    Polygons (raw): 8621 (flat)  8621 (hierarchical)
    Elapsed: 0.020s  Memory: 474.00M
"polygons" in: sky130A_mr.drc:202
    Polygons (raw): 9149 (flat)  9149 (hierarchical)
    Elapsed: 0.020s  Memory: 475.00M
"polygons" in: sky130A_mr.drc:204
    Polygons (raw): 1286 (flat)  1286 (hierarchical)
    Elapsed: 0.010s  Memory: 475.00M
"polygons" in: sky130A_mr.drc:205
    Polygons (raw): 0 (flat)  0 (hierarchical)
    Elapsed: 0.000s  Memory: 475.00M
"polygons" in: sky130A_mr.drc:207
    Polygons (raw): 0 (flat)  0 (hierarchical)
    Elapsed: 0.000s  Memory: 475.00M
"polygons" in: sky130A_mr.drc:209
    Polygons (raw): 0 (flat)  0 (hierarchical)
    Elapsed: 0.000s  Memory: 475.00M
"polygons" in: sky130A_mr.drc:210
    Polygons (raw): 0 (flat)  0 (hierarchical)
    Elapsed: 0.000s  Memory: 476.00M
"polygons" in: sky130A_mr.drc:211
    Polygons (raw): 0 (flat)  0 (hierarchical)
    Elapsed: 0.000s  Memory: 476.00M
"polygons" in: sky130A_mr.drc:212
    Polygons (raw): 0 (flat)  0 (hierarchical)
    Elapsed: 0.000s  Memory: 476.00M
"polygons" in: sky130A_mr.drc:213
    Polygons (raw): 0 (flat)  0 (hierarchical)
    Elapsed: 0.000s  Memory: 476.00M
"polygons" in: sky130A_mr.drc:214
    Polygons (raw): 0 (flat)  0 (hierarchical)
    Elapsed: 0.010s  Memory: 476.00M
"polygons" in: sky130A_mr.drc:215
    Polygons (raw): 0 (flat)  0 (hierarchical)
    Elapsed: 0.000s  Memory: 476.00M
"polygons" in: sky130A_mr.drc:216
    Polygons (raw): 0 (flat)  0 (hierarchical)
    Elapsed: 0.000s  Memory: 476.00M
"polygons" in: sky130A_mr.drc:217
    Polygons (raw): 0 (flat)  0 (hierarchical)
    Elapsed: 0.000s  Memory: 476.00M
"polygons" in: sky130A_mr.drc:218
    Polygons (raw): 0 (flat)  0 (hierarchical)
    Elapsed: 0.000s  Memory: 477.00M
"polygons" in: sky130A_mr.drc:219
    Polygons (raw): 0 (flat)  0 (hierarchical)
    Elapsed: 0.000s  Memory: 477.00M
"polygons" in: sky130A_mr.drc:220
    Polygons (raw): 0 (flat)  0 (hierarchical)
    Elapsed: 0.000s  Memory: 477.00M
"polygons" in: sky130A_mr.drc:221
    Polygons (raw): 0 (flat)  0 (hierarchical)
    Elapsed: 0.000s  Memory: 477.00M
"polygons" in: sky130A_mr.drc:222
    Polygons (raw): 0 (flat)  0 (hierarchical)
    Elapsed: 0.000s  Memory: 477.00M
"polygons" in: sky130A_mr.drc:223
    Polygons (raw): 0 (flat)  0 (hierarchical)
    Elapsed: 0.000s  Memory: 477.00M
"polygons" in: sky130A_mr.drc:224
    Polygons (raw): 0 (flat)  0 (hierarchical)
    Elapsed: 0.000s  Memory: 477.00M
"polygons" in: sky130A_mr.drc:225
    Polygons (raw): 0 (flat)  0 (hierarchical)
    Elapsed: 0.000s  Memory: 477.00M
"polygons" in: sky130A_mr.drc:226
    Polygons (raw): 0 (flat)  0 (hierarchical)
    Elapsed: 0.000s  Memory: 477.00M
"polygons" in: sky130A_mr.drc:227
    Polygons (raw): 136938 (flat)  114 (hierarchical)
    Elapsed: 0.010s  Memory: 477.00M
"polygons" in: sky130A_mr.drc:228
    Polygons (raw): 0 (flat)  0 (hierarchical)
    Elapsed: 0.000s  Memory: 480.00M
"polygons" in: sky130A_mr.drc:229
    Polygons (raw): 0 (flat)  0 (hierarchical)
    Elapsed: 0.000s  Memory: 480.00M
"polygons" in: sky130A_mr.drc:230
    Polygons (raw): 0 (flat)  0 (hierarchical)
    Elapsed: 0.000s  Memory: 480.00M
"polygons" in: sky130A_mr.drc:231
    Polygons (raw): 0 (flat)  0 (hierarchical)
    Elapsed: 0.000s  Memory: 480.00M
"polygons" in: sky130A_mr.drc:232
    Polygons (raw): 0 (flat)  0 (hierarchical)
    Elapsed: 0.000s  Memory: 480.00M
"polygons" in: sky130A_mr.drc:233
    Polygons (raw): 0 (flat)  0 (hierarchical)
    Elapsed: 0.000s  Memory: 480.00M
"polygons" in: sky130A_mr.drc:234
    Polygons (raw): 0 (flat)  0 (hierarchical)
    Elapsed: 0.000s  Memory: 480.00M
"polygons" in: sky130A_mr.drc:235
    Polygons (raw): 1 (flat)  1 (hierarchical)
    Elapsed: 0.020s  Memory: 480.00M
"polygons" in: sky130A_mr.drc:236
    Polygons (raw): 0 (flat)  0 (hierarchical)
    Elapsed: 0.000s  Memory: 480.00M
"polygons" in: sky130A_mr.drc:237
    Polygons (raw): 0 (flat)  0 (hierarchical)
    Elapsed: 0.000s  Memory: 480.00M
"polygons" in: sky130A_mr.drc:238
    Polygons (raw): 0 (flat)  0 (hierarchical)
    Elapsed: 0.000s  Memory: 480.00M
"polygons" in: sky130A_mr.drc:239
    Polygons (raw): 0 (flat)  0 (hierarchical)
    Elapsed: 0.000s  Memory: 480.00M
"polygons" in: sky130A_mr.drc:240
    Polygons (raw): 488 (flat)  1 (hierarchical)
    Elapsed: 0.010s  Memory: 481.00M
"polygons" in: sky130A_mr.drc:241
    Polygons (raw): 0 (flat)  0 (hierarchical)
    Elapsed: 0.000s  Memory: 483.00M
"polygons" in: sky130A_mr.drc:242
    Polygons (raw): 0 (flat)  0 (hierarchical)
    Elapsed: 0.000s  Memory: 483.00M
"polygons" in: sky130A_mr.drc:243
    Polygons (raw): 0 (flat)  0 (hierarchical)
    Elapsed: 0.000s  Memory: 483.00M
"polygons" in: sky130A_mr.drc:244
    Polygons (raw): 0 (flat)  0 (hierarchical)
    Elapsed: 0.000s  Memory: 483.00M
"polygons" in: sky130A_mr.drc:245
    Polygons (raw): 0 (flat)  0 (hierarchical)
    Elapsed: 0.000s  Memory: 483.00M
"polygons" in: sky130A_mr.drc:246
    Polygons (raw): 0 (flat)  0 (hierarchical)
    Elapsed: 0.010s  Memory: 483.00M
"polygons" in: sky130A_mr.drc:247
    Polygons (raw): 0 (flat)  0 (hierarchical)
    Elapsed: 0.000s  Memory: 483.00M
"polygons" in: sky130A_mr.drc:248
    Polygons (raw): 0 (flat)  0 (hierarchical)
    Elapsed: 0.000s  Memory: 483.00M
"polygons" in: sky130A_mr.drc:249
    Polygons (raw): 0 (flat)  0 (hierarchical)
    Elapsed: 0.000s  Memory: 483.00M
"polygons" in: sky130A_mr.drc:250
    Polygons (raw): 0 (flat)  0 (hierarchical)
    Elapsed: 0.000s  Memory: 483.00M
"polygons" in: sky130A_mr.drc:251
    Polygons (raw): 0 (flat)  0 (hierarchical)
    Elapsed: 0.000s  Memory: 483.00M
"polygons" in: sky130A_mr.drc:252
    Polygons (raw): 0 (flat)  0 (hierarchical)
    Elapsed: 0.000s  Memory: 483.00M
"polygons" in: sky130A_mr.drc:253
    Polygons (raw): 0 (flat)  0 (hierarchical)
    Elapsed: 0.000s  Memory: 483.00M
"polygons" in: sky130A_mr.drc:254
    Polygons (raw): 0 (flat)  0 (hierarchical)
    Elapsed: 0.000s  Memory: 483.00M
"polygons" in: sky130A_mr.drc:255
    Polygons (raw): 0 (flat)  0 (hierarchical)
    Elapsed: 0.000s  Memory: 483.00M
"polygons" in: sky130A_mr.drc:256
    Polygons (raw): 0 (flat)  0 (hierarchical)
    Elapsed: 0.000s  Memory: 483.00M
"polygons" in: sky130A_mr.drc:257
    Polygons (raw): 0 (flat)  0 (hierarchical)
    Elapsed: 0.000s  Memory: 483.00M
"polygons" in: sky130A_mr.drc:258
    Polygons (raw): 0 (flat)  0 (hierarchical)
    Elapsed: 0.000s  Memory: 484.00M
"polygons" in: sky130A_mr.drc:259
    Polygons (raw): 0 (flat)  0 (hierarchical)
    Elapsed: 0.000s  Memory: 484.00M
"polygons" in: sky130A_mr.drc:260
    Polygons (raw): 0 (flat)  0 (hierarchical)
    Elapsed: 0.000s  Memory: 484.00M
"polygons" in: sky130A_mr.drc:261
    Polygons (raw): 0 (flat)  0 (hierarchical)
    Elapsed: 0.000s  Memory: 484.00M
"polygons" in: sky130A_mr.drc:262
    Polygons (raw): 0 (flat)  0 (hierarchical)
    Elapsed: 0.000s  Memory: 484.00M
"polygons" in: sky130A_mr.drc:263
    Polygons (raw): 0 (flat)  0 (hierarchical)
    Elapsed: 0.000s  Memory: 484.00M
"polygons" in: sky130A_mr.drc:264
    Polygons (raw): 0 (flat)  0 (hierarchical)
    Elapsed: 0.000s  Memory: 484.00M
"merged" in: sky130A_mr.drc:266
    Polygons (raw): 0 (flat)  0 (hierarchical)
    Elapsed: 0.010s  Memory: 484.00M
DRC section
FEOL section
START: 64/18 (dnwell)
"width" in: sky130A_mr.drc:289
    Edge pairs: 0 (flat)  0 (hierarchical)
    Elapsed: 0.000s  Memory: 484.00M
"output" in: sky130A_mr.drc:289
    Edge pairs: 0 (flat)  0 (hierarchical)
    Elapsed: 0.010s  Memory: 484.00M
"or" in: sky130A_mr.drc:294
    Polygons (raw): 0 (flat)  0 (hierarchical)
    Elapsed: 0.010s  Memory: 484.00M
"-" in: sky130A_mr.drc:294
    Polygons (raw): 0 (flat)  0 (hierarchical)
    Elapsed: 0.000s  Memory: 484.00M
"space" in: sky130A_mr.drc:295
    Edge pairs: 0 (flat)  0 (hierarchical)
    Elapsed: 0.010s  Memory: 484.00M
"output" in: sky130A_mr.drc:296
    Edge pairs: 0 (flat)  0 (hierarchical)
    Elapsed: 0.010s  Memory: 484.00M
END: 64/18 (dnwell)
"input" in: sky130A_mr.drc:300
    Polygons (raw): 145874 (flat)  115 (hierarchical)
    Elapsed: 0.010s  Memory: 484.00M
"input" in: sky130A_mr.drc:301
    Polygons (raw): 145874 (flat)  115 (hierarchical)
    Elapsed: 0.010s  Memory: 487.00M
"input" in: sky130A_mr.drc:302
    Polygons (raw): 136938 (flat)  114 (hierarchical)
    Elapsed: 0.010s  Memory: 487.00M
"input" in: sky130A_mr.drc:311
    Polygons (raw): 136938 (flat)  114 (hierarchical)
    Elapsed: 0.010s  Memory: 487.00M
START: 64/20 (nwell)
"width" in: sky130A_mr.drc:315
    Edge pairs: 0 (flat)  0 (hierarchical)
    Elapsed: 0.600s  Memory: 560.00M
"output" in: sky130A_mr.drc:315
    Edge pairs: 0 (flat)  0 (hierarchical)
    Elapsed: 0.010s  Memory: 560.00M
"space" in: sky130A_mr.drc:319
    Edge pairs: 0 (flat)  0 (hierarchical)
    Elapsed: 8.560s  Memory: 687.00M
"output" in: sky130A_mr.drc:319
    Edge pairs: 0 (flat)  0 (hierarchical)
    Elapsed: 0.010s  Memory: 687.00M
"&" in: sky130A_mr.drc:323
    Polygons (raw): 136938 (flat)  114 (hierarchical)
    Elapsed: 3.580s  Memory: 707.00M
"merge" in: sky130A_mr.drc:323
    Polygons (raw): 146 (flat)  146 (hierarchical)
    Elapsed: 0.600s  Memory: 721.00M
"holes" in: sky130A_mr.drc:324
    Polygons (raw): 0 (flat)  0 (hierarchical)
    Elapsed: 0.000s  Memory: 721.00M
"enclosing" in: sky130A_mr.drc:324
    Edge pairs: 0 (flat)  0 (hierarchical)
    Elapsed: 0.000s  Memory: 721.00M
"output" in: sky130A_mr.drc:324
    Edge pairs: 0 (flat)  0 (hierarchical)
    Elapsed: 0.000s  Memory: 721.00M
"or" in: sky130A_mr.drc:328
    Polygons (raw): 0 (flat)  0 (hierarchical)
    Elapsed: 0.010s  Memory: 721.00M
"or" in: sky130A_mr.drc:328
    Polygons (raw): 0 (flat)  0 (hierarchical)
    Elapsed: 0.010s  Memory: 721.00M
"or" in: sky130A_mr.drc:328
    Polygons (raw): 0 (flat)  0 (hierarchical)
    Elapsed: 0.010s  Memory: 721.00M
"&" in: sky130A_mr.drc:330
    Polygons (raw): 0 (flat)  0 (hierarchical)
    Elapsed: 0.010s  Memory: 721.00M
"interacting" in: sky130A_mr.drc:330
    Polygons (raw): 0 (flat)  0 (hierarchical)
    Elapsed: 0.000s  Memory: 721.00M
"-" in: sky130A_mr.drc:331
    Polygons (raw): 0 (flat)  0 (hierarchical)
    Elapsed: 0.010s  Memory: 721.00M
"output" in: sky130A_mr.drc:332
    Polygons (raw): 0 (flat)  0 (hierarchical)
    Elapsed: 0.010s  Memory: 721.00M
END: 64/20 (nwell)
START: 78/44 (hvtp)
"width" in: sky130A_mr.drc:337
    Edge pairs: 0 (flat)  0 (hierarchical)
    Elapsed: 0.550s  Memory: 733.00M
"output" in: sky130A_mr.drc:337
    Edge pairs: 0 (flat)  0 (hierarchical)
    Elapsed: 0.010s  Memory: 733.00M
"space" in: sky130A_mr.drc:341
    Edge pairs: 0 (flat)  0 (hierarchical)
    Elapsed: 4.320s  Memory: 748.00M
"output" in: sky130A_mr.drc:341
    Edge pairs: 0 (flat)  0 (hierarchical)
    Elapsed: 0.010s  Memory: 747.00M
END: 78/44 (hvtp)
START: 124/20 (pwde)
"width" in: sky130A_mr.drc:349
    Edge pairs: 0 (flat)  0 (hierarchical)
    Elapsed: 0.000s  Memory: 747.00M
"output" in: sky130A_mr.drc:349
    Edge pairs: 0 (flat)  0 (hierarchical)
    Elapsed: 0.010s  Memory: 747.00M
"or" in: sky130A_mr.drc:354
    Polygons (raw): 0 (flat)  0 (hierarchical)
    Elapsed: 0.010s  Memory: 747.00M
"&" in: sky130A_mr.drc:354
    Polygons (raw): 0 (flat)  0 (hierarchical)
    Elapsed: 0.000s  Memory: 747.00M
"space" in: sky130A_mr.drc:355
    Edge pairs: 0 (flat)  0 (hierarchical)
    Elapsed: 0.010s  Memory: 747.00M
"output" in: sky130A_mr.drc:356
    Edge pairs: 0 (flat)  0 (hierarchical)
    Elapsed: 0.010s  Memory: 747.00M
END: 124/20 (pwde)
START: 18/20 (htvr)
"width" in: sky130A_mr.drc:361
    Edge pairs: 0 (flat)  0 (hierarchical)
    Elapsed: 0.000s  Memory: 747.00M
"output" in: sky130A_mr.drc:361
    Edge pairs: 0 (flat)  0 (hierarchical)
    Elapsed: 0.010s  Memory: 747.00M
"separation" in: sky130A_mr.drc:365
    Edge pairs: 0 (flat)  0 (hierarchical)
    Elapsed: 0.010s  Memory: 747.00M
"output" in: sky130A_mr.drc:365
    Edge pairs: 0 (flat)  0 (hierarchical)
    Elapsed: 0.000s  Memory: 747.00M
"&" in: sky130A_mr.drc:369
    Polygons (raw): 0 (flat)  0 (hierarchical)
    Elapsed: 0.000s  Memory: 747.00M
"output" in: sky130A_mr.drc:369
    Polygons (raw): 0 (flat)  0 (hierarchical)
    Elapsed: 0.010s  Memory: 747.00M
END: 18/20 (htvr)
START: 25/44 (lvtn)
"width" in: sky130A_mr.drc:374
    Edge pairs: 0 (flat)  0 (hierarchical)
    Elapsed: 0.000s  Memory: 747.00M
"output" in: sky130A_mr.drc:374
    Edge pairs: 0 (flat)  0 (hierarchical)
    Elapsed: 0.010s  Memory: 747.00M
"space" in: sky130A_mr.drc:378
    Edge pairs: 0 (flat)  0 (hierarchical)
    Elapsed: 0.000s  Memory: 747.00M
"output" in: sky130A_mr.drc:378
    Edge pairs: 0 (flat)  0 (hierarchical)
    Elapsed: 0.000s  Memory: 747.00M
"interacting" in: sky130A_mr.drc:383
    Polygons (raw): 0 (flat)  0 (hierarchical)
    Elapsed: 0.010s  Memory: 747.00M
"not_inside" in: sky130A_mr.drc:384
    Polygons (raw): 0 (flat)  0 (hierarchical)
    Elapsed: 0.000s  Memory: 747.00M
"edges" in: sky130A_mr.drc:385
    Edges: 0 (flat)  0 (hierarchical)
    Elapsed: 0.010s  Memory: 747.00M
"&" in: sky130A_mr.drc:386
    Edges: 0 (flat)  0 (hierarchical)
    Elapsed: 0.000s  Memory: 747.00M
"output" in: sky130A_mr.drc:387
    Edges: 0 (flat)  0 (hierarchical)
    Elapsed: 0.000s  Memory: 747.00M
END: 25/44 (lvtn)
START: 92/44 (ncm)
"width" in: sky130A_mr.drc:392
    Edge pairs: 0 (flat)  0 (hierarchical)
    Elapsed: 0.010s  Memory: 747.00M
"output" in: sky130A_mr.drc:392
    Edge pairs: 0 (flat)  0 (hierarchical)
    Elapsed: 0.010s  Memory: 747.00M
"space" in: sky130A_mr.drc:393
    Edge pairs: 0 (flat)  0 (hierarchical)
    Elapsed: 0.000s  Memory: 747.00M
"output" in: sky130A_mr.drc:393
    Edge pairs: 0 (flat)  0 (hierarchical)
    Elapsed: 0.010s  Memory: 747.00M
END: 92/44 (ncm)
START: 65/20 (diff)
"or" in: sky130A_mr.drc:401
    Polygons (raw): 262078 (flat)  328 (hierarchical)
    Elapsed: 0.100s  Memory: 756.00M
"rectangles" in: sky130A_mr.drc:402
    Polygons (raw): 221868 (flat)  253 (hierarchical)
    Elapsed: 0.070s  Memory: 757.00M
"width" in: sky130A_mr.drc:402
    Edge pairs: 0 (flat)  0 (hierarchical)
    Elapsed: 0.010s  Memory: 757.00M
"polygons" in: sky130A_mr.drc:402
    Polygons (raw): 0 (flat)  0 (hierarchical)
    Elapsed: 0.000s  Memory: 757.00M
"edges" in: sky130A_mr.drc:405
    Edges: 0 (flat)  0 (hierarchical)
    Elapsed: 0.000s  Memory: 757.00M
"outside_part" in: sky130A_mr.drc:406
    Edges: 0 (flat)  0 (hierarchical)
    Elapsed: 0.000s  Memory: 757.00M
"outside" in: sky130A_mr.drc:407
    Polygons (raw): 0 (flat)  0 (hierarchical)
    Elapsed: 0.010s  Memory: 757.00M
"edges" in: sky130A_mr.drc:407
    Edges: 0 (flat)  0 (hierarchical)
    Elapsed: 0.000s  Memory: 757.00M
"-" in: sky130A_mr.drc:407
    Edges: 0 (flat)  0 (hierarchical)
    Elapsed: 0.010s  Memory: 757.00M
"output" in: sky130A_mr.drc:408
    Edges: 0 (flat)  0 (hierarchical)
    Elapsed: 0.000s  Memory: 757.00M
"outside" in: sky130A_mr.drc:413
    Polygons (raw): 247202 (flat)  327 (hierarchical)
    Elapsed: 0.000s  Memory: 757.00M
"width" in: sky130A_mr.drc:414
    Edge pairs: 0 (flat)  0 (hierarchical)
    Elapsed: 0.010s  Memory: 757.00M
"output" in: sky130A_mr.drc:415
    Edge pairs: 0 (flat)  0 (hierarchical)
    Elapsed: 0.000s  Memory: 757.00M
"inside" in: sky130A_mr.drc:420
    Polygons (raw): 0 (flat)  0 (hierarchical)
    Elapsed: 0.010s  Memory: 757.00M
"width" in: sky130A_mr.drc:421
    Edge pairs: 0 (flat)  0 (hierarchical)
    Elapsed: 0.000s  Memory: 757.00M
"output" in: sky130A_mr.drc:422
    Edge pairs: 0 (flat)  0 (hierarchical)
    Elapsed: 0.000s  Memory: 757.00M
END: 65/20 (diff)
START: 65/44 (tap)
"rectangles" in: sky130A_mr.drc:429
    Polygons (raw): 17872 (flat)  2 (hierarchical)
    Elapsed: 0.010s  Memory: 761.00M
"width" in: sky130A_mr.drc:429
    Edge pairs: 0 (flat)  0 (hierarchical)
    Elapsed: 0.000s  Memory: 761.00M
"polygons" in: sky130A_mr.drc:429
    Polygons (raw): 0 (flat)  0 (hierarchical)
    Elapsed: 0.000s  Memory: 761.00M
"edges" in: sky130A_mr.drc:432
    Edges: 0 (flat)  0 (hierarchical)
    Elapsed: 0.010s  Memory: 761.00M
"outside_part" in: sky130A_mr.drc:433
    Edges: 0 (flat)  0 (hierarchical)
    Elapsed: 0.000s  Memory: 761.00M
"outside" in: sky130A_mr.drc:434
    Polygons (raw): 0 (flat)  0 (hierarchical)
    Elapsed: 0.000s  Memory: 761.00M
"edges" in: sky130A_mr.drc:434
    Edges: 0 (flat)  0 (hierarchical)
    Elapsed: 0.010s  Memory: 761.00M
"-" in: sky130A_mr.drc:434
    Edges: 0 (flat)  0 (hierarchical)
    Elapsed: 0.000s  Memory: 761.00M
"output" in: sky130A_mr.drc:435
    Edges: 0 (flat)  0 (hierarchical)
    Elapsed: 0.010s  Memory: 761.00M
"-" in: sky130A_mr.drc:440
    Polygons (raw): 17872 (flat)  2 (hierarchical)
    Elapsed: 0.010s  Memory: 761.00M
"width" in: sky130A_mr.drc:441
    Edge pairs: 0 (flat)  0 (hierarchical)
    Elapsed: 0.030s  Memory: 768.00M
"output" in: sky130A_mr.drc:442
    Edge pairs: 0 (flat)  0 (hierarchical)
    Elapsed: 0.000s  Memory: 768.00M
END: 65/44 (tap)
"space" in: sky130A_mr.drc:445
    Edge pairs: 0 (flat)  0 (hierarchical)
    Elapsed: 0.300s  Memory: 772.00M
"output" in: sky130A_mr.drc:445
    Edge pairs: 0 (flat)  0 (hierarchical)
    Elapsed: 0.020s  Memory: 772.00M
START: 80/20 (tunm)
"width" in: sky130A_mr.drc:452
    Edge pairs: 0 (flat)  0 (hierarchical)
    Elapsed: 0.010s  Memory: 772.00M
"output" in: sky130A_mr.drc:452
    Edge pairs: 0 (flat)  0 (hierarchical)
    Elapsed: 0.010s  Memory: 772.00M
"space" in: sky130A_mr.drc:456
    Edge pairs: 0 (flat)  0 (hierarchical)
    Elapsed: 0.000s  Memory: 772.00M
"output" in: sky130A_mr.drc:456
    Edge pairs: 0 (flat)  0 (hierarchical)
    Elapsed: 0.010s  Memory: 772.00M
"output" in: sky130A_mr.drc:460
    Polygons (raw): 0 (flat)  0 (hierarchical)
    Elapsed: 0.010s  Memory: 772.00M
END: 80/20 (tunm)
START: 80/20 (thkox)
"-" in: sky130A_mr.drc:468
    Polygons (raw): 0 (flat)  0 (hierarchical)
    Elapsed: 0.000s  Memory: 772.00M
"width" in: sky130A_mr.drc:469
    Edge pairs: 0 (flat)  0 (hierarchical)
    Elapsed: 0.010s  Memory: 772.00M
"output" in: sky130A_mr.drc:469
    Edge pairs: 0 (flat)  0 (hierarchical)
    Elapsed: 0.000s  Memory: 772.00M
"space" in: sky130A_mr.drc:473
    Edge pairs: 0 (flat)  0 (hierarchical)
    Elapsed: 0.010s  Memory: 772.00M
"output" in: sky130A_mr.drc:473
    Edge pairs: 0 (flat)  0 (hierarchical)
    Elapsed: 0.010s  Memory: 772.00M
"interacting" in: sky130A_mr.drc:478
    Polygons (raw): 0 (flat)  0 (hierarchical)
    Elapsed: 0.010s  Memory: 772.00M
"not_inside" in: sky130A_mr.drc:479
    Polygons (raw): 0 (flat)  0 (hierarchical)
    Elapsed: 0.000s  Memory: 772.00M
"edges" in: sky130A_mr.drc:480
    Edges: 0 (flat)  0 (hierarchical)
    Elapsed: 0.010s  Memory: 772.00M
"&" in: sky130A_mr.drc:481
    Edges: 0 (flat)  0 (hierarchical)
    Elapsed: 0.000s  Memory: 772.00M
"output" in: sky130A_mr.drc:482
    Edges: 0 (flat)  0 (hierarchical)
    Elapsed: 0.010s  Memory: 772.00M
END: 80/20 (thkox)
START: 66/20 (poly)
"width" in: sky130A_mr.drc:487
    Edge pairs: 0 (flat)  0 (hierarchical)
    Elapsed: 0.090s  Memory: 772.00M
"output" in: sky130A_mr.drc:487
    Edge pairs: 0 (flat)  0 (hierarchical)
    Elapsed: 0.010s  Memory: 772.00M
"-" in: sky130A_mr.drc:492
    Polygons (raw): 328249 (flat)  725 (hierarchical)
    Elapsed: 0.000s  Memory: 772.00M
"space" in: sky130A_mr.drc:493
    Edge pairs: 0 (flat)  0 (hierarchical)
    Elapsed: 0.280s  Memory: 777.00M
"output" in: sky130A_mr.drc:494
    Edge pairs: 0 (flat)  0 (hierarchical)
    Elapsed: 0.020s  Memory: 777.00M
"inside" in: sky130A_mr.drc:495
    Polygons (raw): 0 (flat)  0 (hierarchical)
    Elapsed: 0.000s  Memory: 777.00M
"drc" in: sky130A_mr.drc:495
    Edge pairs: 0 (flat)  0 (hierarchical)
    Elapsed: 0.010s  Memory: 777.00M
"polygons" in: sky130A_mr.drc:495
    Polygons (raw): 0 (flat)  0 (hierarchical)
    Elapsed: 0.000s  Memory: 777.00M
"interacting" in: sky130A_mr.drc:497
    Polygons (raw): 0 (flat)  0 (hierarchical)
    Elapsed: 0.010s  Memory: 777.00M
"isolated" in: sky130A_mr.drc:498
    Edge pairs: 0 (flat)  0 (hierarchical)
    Elapsed: 0.000s  Memory: 777.00M
"output" in: sky130A_mr.drc:499
    Edge pairs: 0 (flat)  0 (hierarchical)
    Elapsed: 0.010s  Memory: 777.00M
END: 66/20 (poly)
START: 80/20 (ldntm)
"&" in: sky130A_mr.drc:504
    Polygons (raw): 0 (flat)  0 (hierarchical)
    Elapsed: 0.010s  Memory: 777.00M
"width" in: sky130A_mr.drc:505
    Edge pairs: 0 (flat)  0 (hierarchical)
    Elapsed: 0.000s  Memory: 777.00M
"output" in: sky130A_mr.drc:505
    Edge pairs: 0 (flat)  0 (hierarchical)
    Elapsed: 0.010s  Memory: 777.00M
"space" in: sky130A_mr.drc:509
    Edge pairs: 0 (flat)  0 (hierarchical)
    Elapsed: 0.010s  Memory: 777.00M
"output" in: sky130A_mr.drc:509
    Edge pairs: 0 (flat)  0 (hierarchical)
    Elapsed: 0.000s  Memory: 777.00M
END: 80/20 (ldntm)
START: 86/20 (rpm)
"width" in: sky130A_mr.drc:517
    Edge pairs: 0 (flat)  0 (hierarchical)
    Elapsed: 0.000s  Memory: 777.00M
"output" in: sky130A_mr.drc:517
    Edge pairs: 0 (flat)  0 (hierarchical)
    Elapsed: 0.010s  Memory: 777.00M
"space" in: sky130A_mr.drc:521
    Edge pairs: 0 (flat)  0 (hierarchical)
    Elapsed: 0.000s  Memory: 777.00M
"output" in: sky130A_mr.drc:521
    Edge pairs: 0 (flat)  0 (hierarchical)
    Elapsed: 0.010s  Memory: 777.00M
END: 86/20 (rpm)
START: 74/20 (rdl)
"width" in: sky130A_mr.drc:529
    Edge pairs: 0 (flat)  0 (hierarchical)
    Elapsed: 0.010s  Memory: 777.00M
"output" in: sky130A_mr.drc:529
    Edge pairs: 0 (flat)  0 (hierarchical)
    Elapsed: 0.000s  Memory: 777.00M
"space" in: sky130A_mr.drc:530
    Edge pairs: 0 (flat)  0 (hierarchical)
    Elapsed: 0.000s  Memory: 777.00M
"output" in: sky130A_mr.drc:530
    Edge pairs: 0 (flat)  0 (hierarchical)
    Elapsed: 0.010s  Memory: 777.00M
"output" in: sky130A_mr.drc:531
    Polygons (raw): 0 (flat)  0 (hierarchical)
    Elapsed: 0.010s  Memory: 777.00M
END: 74/20 (rdl)
START: 79/20 (urpm)
"width" in: sky130A_mr.drc:536
    Edge pairs: 0 (flat)  0 (hierarchical)
    Elapsed: 0.000s  Memory: 777.00M
"output" in: sky130A_mr.drc:536
    Edge pairs: 0 (flat)  0 (hierarchical)
    Elapsed: 0.010s  Memory: 777.00M
"space" in: sky130A_mr.drc:540
    Edge pairs: 0 (flat)  0 (hierarchical)
    Elapsed: 0.000s  Memory: 777.00M
"output" in: sky130A_mr.drc:540
    Edge pairs: 0 (flat)  0 (hierarchical)
    Elapsed: 0.010s  Memory: 777.00M
END: 79/20 (urpm)
START: 95/20 (npc)
"width" in: sky130A_mr.drc:548
    Edge pairs: 0 (flat)  0 (hierarchical)
    Elapsed: 0.580s  Memory: 790.00M
"output" in: sky130A_mr.drc:548
    Edge pairs: 0 (flat)  0 (hierarchical)
    Elapsed: 0.020s  Memory: 790.00M
"space" in: sky130A_mr.drc:549
    Edge pairs: 0 (flat)  0 (hierarchical)
    Elapsed: 0.560s  Memory: 791.00M
"output" in: sky130A_mr.drc:549
    Edge pairs: 0 (flat)  0 (hierarchical)
    Elapsed: 0.010s  Memory: 791.00M
END: 95/20 (npc)
START: 93/44 (nsdm)
"-" in: sky130A_mr.drc:600
    Polygons (raw): 145874 (flat)  115 (hierarchical)
    Elapsed: 0.000s  Memory: 791.00M
"space" in: sky130A_mr.drc:601
    Edge pairs: 0 (flat)  0 (hierarchical)
    Elapsed: 4.380s  Memory: 802.00M
"output" in: sky130A_mr.drc:602
    Edge pairs: 0 (flat)  0 (hierarchical)
    Elapsed: 0.030s  Memory: 801.00M
"outside" in: sky130A_mr.drc:604
    Polygons (raw): 145874 (flat)  115 (hierarchical)
    Elapsed: 0.000s  Memory: 801.00M
"width" in: sky130A_mr.drc:605
    Edge pairs: 0 (flat)  0 (hierarchical)
    Elapsed: 0.600s  Memory: 810.00M
"output" in: sky130A_mr.drc:606
    Edge pairs: 0 (flat)  0 (hierarchical)
    Elapsed: 0.020s  Memory: 810.00M
"width" in: sky130A_mr.drc:608
    Edge pairs: 0 (flat)  0 (hierarchical)
    Elapsed: 0.600s  Memory: 810.00M
"polygons" in: sky130A_mr.drc:608
    Polygons (raw): 0 (flat)  0 (hierarchical)
    Elapsed: 0.000s  Memory: 810.00M
"interacting" in: sky130A_mr.drc:608
    Polygons (raw): 0 (flat)  0 (hierarchical)
    Elapsed: 0.000s  Memory: 810.00M
"edges" in: sky130A_mr.drc:610
    Edges: 0 (flat)  0 (hierarchical)
    Elapsed: 0.010s  Memory: 810.00M
"outside_part" in: sky130A_mr.drc:610
    Edges: 0 (flat)  0 (hierarchical)
    Elapsed: 0.010s  Memory: 810.00M
"interacting" in: sky130A_mr.drc:609
    Polygons (raw): 0 (flat)  0 (hierarchical)
    Elapsed: 0.000s  Memory: 810.00M
"output" in: sky130A_mr.drc:611
    Polygons (raw): 0 (flat)  0 (hierarchical)
    Elapsed: 0.010s  Memory: 810.00M
"space" in: sky130A_mr.drc:613
    Edge pairs: 0 (flat)  0 (hierarchical)
    Elapsed: 4.340s  Memory: 813.00M
"polygons" in: sky130A_mr.drc:613
    Polygons (raw): 0 (flat)  0 (hierarchical)
    Elapsed: 0.010s  Memory: 813.00M
"interacting" in: sky130A_mr.drc:613
    Polygons (raw): 0 (flat)  0 (hierarchical)
    Elapsed: 0.000s  Memory: 813.00M
"edges" in: sky130A_mr.drc:615
    Edges: 0 (flat)  0 (hierarchical)
    Elapsed: 0.010s  Memory: 813.00M
"outside_part" in: sky130A_mr.drc:615
    Edges: 0 (flat)  0 (hierarchical)
    Elapsed: 0.010s  Memory: 813.00M
"interacting" in: sky130A_mr.drc:614
    Polygons (raw): 0 (flat)  0 (hierarchical)
    Elapsed: 0.000s  Memory: 813.00M
"output" in: sky130A_mr.drc:616
    Polygons (raw): 0 (flat)  0 (hierarchical)
    Elapsed: 0.010s  Memory: 813.00M
"inside" in: sky130A_mr.drc:618
    Polygons (raw): 0 (flat)  0 (hierarchical)
    Elapsed: 0.000s  Memory: 813.00M
"width" in: sky130A_mr.drc:619
    Edge pairs: 0 (flat)  0 (hierarchical)
    Elapsed: 0.010s  Memory: 813.00M
"output" in: sky130A_mr.drc:620
    Edge pairs: 0 (flat)  0 (hierarchical)
    Elapsed: 0.010s  Memory: 813.00M
"inside" in: sky130A_mr.drc:622
    Polygons (raw): 0 (flat)  0 (hierarchical)
    Elapsed: 0.000s  Memory: 813.00M
"space" in: sky130A_mr.drc:623
    Edge pairs: 0 (flat)  0 (hierarchical)
    Elapsed: 0.010s  Memory: 813.00M
"output" in: sky130A_mr.drc:624
    Edge pairs: 0 (flat)  0 (hierarchical)
    Elapsed: 0.000s  Memory: 813.00M
"inside" in: sky130A_mr.drc:626
    Polygons (raw): 0 (flat)  0 (hierarchical)
    Elapsed: 0.000s  Memory: 813.00M
"space" in: sky130A_mr.drc:627
    Edge pairs: 0 (flat)  0 (hierarchical)
    Elapsed: 0.010s  Memory: 813.00M
"with_internal_angle" in: sky130A_mr.drc:628
    Edge pairs: 0 (flat)  0 (hierarchical)
    Elapsed: 0.000s  Memory: 813.00M
"output" in: sky130A_mr.drc:629
    Edge pairs: 0 (flat)  0 (hierarchical)
    Elapsed: 0.010s  Memory: 813.00M
END: 93/44 (nsdm)
START: 94/20 (psdm)
"-" in: sky130A_mr.drc:689
    Polygons (raw): 145874 (flat)  115 (hierarchical)
    Elapsed: 0.000s  Memory: 813.00M
"space" in: sky130A_mr.drc:690
    Edge pairs: 0 (flat)  0 (hierarchical)
    Elapsed: 4.210s  Memory: 818.00M
"output" in: sky130A_mr.drc:691
    Edge pairs: 0 (flat)  0 (hierarchical)
    Elapsed: 0.030s  Memory: 818.00M
"outside" in: sky130A_mr.drc:693
    Polygons (raw): 145874 (flat)  115 (hierarchical)
    Elapsed: 0.000s  Memory: 818.00M
"width" in: sky130A_mr.drc:694
    Edge pairs: 0 (flat)  0 (hierarchical)
    Elapsed: 0.690s  Memory: 823.00M
"output" in: sky130A_mr.drc:695
    Edge pairs: 0 (flat)  0 (hierarchical)
    Elapsed: 0.020s  Memory: 823.00M
"width" in: sky130A_mr.drc:697
    Edge pairs: 0 (flat)  0 (hierarchical)
    Elapsed: 0.700s  Memory: 828.00M
"polygons" in: sky130A_mr.drc:697
    Polygons (raw): 0 (flat)  0 (hierarchical)
    Elapsed: 0.010s  Memory: 828.00M
"interacting" in: sky130A_mr.drc:697
    Polygons (raw): 0 (flat)  0 (hierarchical)
    Elapsed: 0.000s  Memory: 828.00M
"edges" in: sky130A_mr.drc:699
    Edges: 0 (flat)  0 (hierarchical)
    Elapsed: 0.010s  Memory: 828.00M
"outside_part" in: sky130A_mr.drc:699
    Edges: 0 (flat)  0 (hierarchical)
    Elapsed: 0.000s  Memory: 828.00M
"interacting" in: sky130A_mr.drc:698
    Polygons (raw): 0 (flat)  0 (hierarchical)
    Elapsed: 0.010s  Memory: 828.00M
"output" in: sky130A_mr.drc:700
    Polygons (raw): 0 (flat)  0 (hierarchical)
    Elapsed: 0.010s  Memory: 828.00M
"space" in: sky130A_mr.drc:702
    Edge pairs: 0 (flat)  0 (hierarchical)
    Elapsed: 4.290s  Memory: 835.00M
"polygons" in: sky130A_mr.drc:702
    Polygons (raw): 0 (flat)  0 (hierarchical)
    Elapsed: 0.010s  Memory: 835.00M
"interacting" in: sky130A_mr.drc:702
    Polygons (raw): 0 (flat)  0 (hierarchical)
    Elapsed: 0.000s  Memory: 835.00M
"edges" in: sky130A_mr.drc:704
    Edges: 0 (flat)  0 (hierarchical)
    Elapsed: 0.010s  Memory: 835.00M
"outside_part" in: sky130A_mr.drc:704
    Edges: 0 (flat)  0 (hierarchical)
    Elapsed: 0.010s  Memory: 835.00M
"interacting" in: sky130A_mr.drc:703
    Polygons (raw): 0 (flat)  0 (hierarchical)
    Elapsed: 0.000s  Memory: 835.00M
"output" in: sky130A_mr.drc:705
    Polygons (raw): 0 (flat)  0 (hierarchical)
    Elapsed: 0.010s  Memory: 835.00M
"inside" in: sky130A_mr.drc:707
    Polygons (raw): 0 (flat)  0 (hierarchical)
    Elapsed: 0.010s  Memory: 835.00M
"width" in: sky130A_mr.drc:708
    Edge pairs: 0 (flat)  0 (hierarchical)
    Elapsed: 0.000s  Memory: 835.00M
"output" in: sky130A_mr.drc:709
    Edge pairs: 0 (flat)  0 (hierarchical)
    Elapsed: 0.010s  Memory: 835.00M
"inside" in: sky130A_mr.drc:711
    Polygons (raw): 0 (flat)  0 (hierarchical)
    Elapsed: 0.000s  Memory: 835.00M
"space" in: sky130A_mr.drc:712
    Edge pairs: 0 (flat)  0 (hierarchical)
    Elapsed: 0.000s  Memory: 835.00M
"output" in: sky130A_mr.drc:713
    Edge pairs: 0 (flat)  0 (hierarchical)
    Elapsed: 0.010s  Memory: 835.00M
"inside" in: sky130A_mr.drc:715
    Polygons (raw): 0 (flat)  0 (hierarchical)
    Elapsed: 0.000s  Memory: 835.00M
"space" in: sky130A_mr.drc:716
    Edge pairs: 0 (flat)  0 (hierarchical)
    Elapsed: 0.010s  Memory: 835.00M
"with_internal_angle" in: sky130A_mr.drc:717
    Edge pairs: 0 (flat)  0 (hierarchical)
    Elapsed: 0.000s  Memory: 835.00M
"output" in: sky130A_mr.drc:718
    Edge pairs: 0 (flat)  0 (hierarchical)
    Elapsed: 0.010s  Memory: 835.00M
"&" in: sky130A_mr.drc:723
    Polygons (raw): 0 (flat)  0 (hierarchical)
    Elapsed: 0.300s  Memory: 838.00M
"&" in: sky130A_mr.drc:724
    Polygons (raw): 0 (flat)  0 (hierarchical)
    Elapsed: 0.010s  Memory: 838.00M
"output" in: sky130A_mr.drc:725
    Polygons (raw): 0 (flat)  0 (hierarchical)
    Elapsed: 0.000s  Memory: 838.00M
END: 94/20 (psdm)
START: 66/44 (licon)
"&" in: sky130A_mr.drc:735
    Polygons (raw): 0 (flat)  0 (hierarchical)
    Elapsed: 0.010s  Memory: 838.00M
"&" in: sky130A_mr.drc:736
    Polygons (raw): 0 (flat)  0 (hierarchical)
    Elapsed: 0.010s  Memory: 838.00M
"&" in: sky130A_mr.drc:736
    Polygons (raw): 0 (flat)  0 (hierarchical)
    Elapsed: 0.000s  Memory: 838.00M
"outside" in: sky130A_mr.drc:737
    Polygons (raw): 1432853 (flat)  3888 (hierarchical)
    Elapsed: 0.010s  Memory: 838.00M
"drc" in: sky130A_mr.drc:739
    Polygons (raw): 0 (flat)  0 (hierarchical)
    Elapsed: 0.440s  Memory: 843.00M
"-" in: sky130A_mr.drc:740
    Polygons (raw): 1432853 (flat)  3888 (hierarchical)
    Elapsed: 0.010s  Memory: 843.00M
"non_rectangles" in: sky130A_mr.drc:744
    Polygons (raw): 0 (flat)  0 (hierarchical)
    Elapsed: 0.100s  Memory: 843.00M
"output" in: sky130A_mr.drc:744
    Polygons (raw): 0 (flat)  0 (hierarchical)
    Elapsed: 0.010s  Memory: 843.00M
"|" in: sky130A_mr.drc:748
    Polygons (raw): 0 (flat)  0 (hierarchical)
    Elapsed: 0.010s  Memory: 843.00M
"&" in: sky130A_mr.drc:748
    Polygons (raw): 0 (flat)  0 (hierarchical)
    Elapsed: 0.010s  Memory: 843.00M
"interacting" in: sky130A_mr.drc:748
    Polygons (raw): 0 (flat)  0 (hierarchical)
    Elapsed: 0.000s  Memory: 843.00M
"&" in: sky130A_mr.drc:748
    Polygons (raw): 0 (flat)  0 (hierarchical)
    Elapsed: 0.010s  Memory: 843.00M
"-" in: sky130A_mr.drc:749
    Polygons (raw): 1432853 (flat)  3888 (hierarchical)
    Elapsed: 0.000s  Memory: 843.00M
"space" in: sky130A_mr.drc:749
    Edge pairs: 0 (flat)  0 (hierarchical)
    Elapsed: 0.330s  Memory: 843.00M
"output" in: sky130A_mr.drc:749
    Edge pairs: 0 (flat)  0 (hierarchical)
    Elapsed: 0.030s  Memory: 843.00M
"-" in: sky130A_mr.drc:753
    Polygons (raw): 1432853 (flat)  3888 (hierarchical)
    Elapsed: 0.000s  Memory: 843.00M
"drc" in: sky130A_mr.drc:754
    Edges: 0 (flat)  0 (hierarchical)
    Elapsed: 0.450s  Memory: 844.00M
"output" in: sky130A_mr.drc:754
    Edges: 0 (flat)  0 (hierarchical)
    Elapsed: 0.000s  Memory: 844.00M
"&" in: sky130A_mr.drc:759
    Polygons (raw): 1131744 (flat)  3142 (hierarchical)
    Elapsed: 0.340s  Memory: 848.00M
"separation" in: sky130A_mr.drc:760
    Edge pairs: 0 (flat)  0 (hierarchical)
    Elapsed: 0.400s  Memory: 848.00M
"output" in: sky130A_mr.drc:761
    Edge pairs: 0 (flat)  0 (hierarchical)
    Elapsed: 0.000s  Memory: 848.00M
"&" in: sky130A_mr.drc:766
    Polygons (raw): 1131744 (flat)  3142 (hierarchical)
    Elapsed: 0.340s  Memory: 848.00M
"&" in: sky130A_mr.drc:767
    Polygons (raw): 0 (flat)  0 (hierarchical)
    Elapsed: 0.310s  Memory: 848.00M
"output" in: sky130A_mr.drc:768
    Polygons (raw): 0 (flat)  0 (hierarchical)
    Elapsed: 0.010s  Memory: 848.00M
"&" in: sky130A_mr.drc:773
    Polygons (raw): 301109 (flat)  746 (hierarchical)
    Elapsed: 0.300s  Memory: 853.00M
"&" in: sky130A_mr.drc:774
    Polygons (raw): 0 (flat)  0 (hierarchical)
    Elapsed: 0.330s  Memory: 853.00M
"output" in: sky130A_mr.drc:775
    Polygons (raw): 0 (flat)  0 (hierarchical)
    Elapsed: 0.000s  Memory: 853.00M
"-" in: sky130A_mr.drc:779
    Polygons (raw): 764401 (flat)  2052 (hierarchical)
    Elapsed: 0.320s  Memory: 857.00M
"&" in: sky130A_mr.drc:780
    Polygons (raw): 1131744 (flat)  3142 (hierarchical)
    Elapsed: 0.360s  Memory: 862.00M
"interacting" in: sky130A_mr.drc:780
    Polygons (raw): 1131744 (flat)  3142 (hierarchical)
    Elapsed: 0.360s  Memory: 862.00M
"-" in: sky130A_mr.drc:782
    Polygons (raw): 301109 (flat)  746 (hierarchical)
    Elapsed: 0.350s  Memory: 866.00M
"-" in: sky130A_mr.drc:782
    Polygons (raw): 301109 (flat)  746 (hierarchical)
    Elapsed: 0.350s  Memory: 867.00M
"&" in: sky130A_mr.drc:782
    Polygons (raw): 301109 (flat)  746 (hierarchical)
    Elapsed: 0.300s  Memory: 869.00M
"interacting" in: sky130A_mr.drc:782
    Polygons (raw): 301109 (flat)  746 (hierarchical)
    Elapsed: 0.390s  Memory: 869.00M
"&" in: sky130A_mr.drc:783
    Polygons (raw): 0 (flat)  0 (hierarchical)
    Elapsed: 0.020s  Memory: 869.00M
"enclosing" in: sky130A_mr.drc:784
    Edge pairs: 0 (flat)  0 (hierarchical)
    Elapsed: 0.000s  Memory: 869.00M
"output" in: sky130A_mr.drc:784
    Edge pairs: 0 (flat)  0 (hierarchical)
    Elapsed: 0.000s  Memory: 869.00M
"-" in: sky130A_mr.drc:788
    Polygons (raw): 0 (flat)  0 (hierarchical)
    Elapsed: 0.010s  Memory: 869.00M
"output" in: sky130A_mr.drc:788
    Polygons (raw): 0 (flat)  0 (hierarchical)
    Elapsed: 0.000s  Memory: 869.00M
END: 66/44 (licon)
START: 61/20 (nsm)
"space" in: sky130A_mr.drc:796
    Edge pairs: 0 (flat)  0 (hierarchical)
    Elapsed: 0.010s  Memory: 869.00M
"output" in: sky130A_mr.drc:796
    Edge pairs: 0 (flat)  0 (hierarchical)
    Elapsed: 0.010s  Memory: 869.00M
"width" in: sky130A_mr.drc:797
    Edge pairs: 0 (flat)  0 (hierarchical)
    Elapsed: 0.000s  Memory: 869.00M
"output" in: sky130A_mr.drc:797
    Edge pairs: 0 (flat)  0 (hierarchical)
    Elapsed: 0.010s  Memory: 869.00M
END: 61/20 (nsm)
START: 89/44 (capm)
"width" in: sky130A_mr.drc:802
    Edge pairs: 0 (flat)  0 (hierarchical)
    Elapsed: 0.010s  Memory: 869.00M
"output" in: sky130A_mr.drc:802
    Edge pairs: 0 (flat)  0 (hierarchical)
    Elapsed: 0.010s  Memory: 869.00M
"space" in: sky130A_mr.drc:806
    Edge pairs: 0 (flat)  0 (hierarchical)
    Elapsed: 0.000s  Memory: 869.00M
"output" in: sky130A_mr.drc:806
    Edge pairs: 0 (flat)  0 (hierarchical)
    Elapsed: 0.010s  Memory: 869.00M
"&" in: sky130A_mr.drc:810
    Polygons (raw): 0 (flat)  0 (hierarchical)
    Elapsed: 0.010s  Memory: 869.00M
"sized" in: sky130A_mr.drc:810
    Polygons (raw): 0 (flat)  0 (hierarchical)
    Elapsed: 0.000s  Memory: 869.00M
"isolated" in: sky130A_mr.drc:812
    Edge pairs: 0 (flat)  0 (hierarchical)
    Elapsed: 0.010s  Memory: 869.00M
"polygons" in: sky130A_mr.drc:813
    Polygons (raw): 0 (flat)  0 (hierarchical)
    Elapsed: 0.000s  Memory: 869.00M
"-" in: sky130A_mr.drc:814
    Polygons (raw): 0 (flat)  0 (hierarchical)
    Elapsed: 0.000s  Memory: 869.00M
"output" in: sky130A_mr.drc:815
    Polygons (raw): 0 (flat)  0 (hierarchical)
    Elapsed: 0.010s  Memory: 869.00M
"not_interacting" in: sky130A_mr.drc:816
    Polygons (raw): 8621 (flat)  8621 (hierarchical)
    Elapsed: 0.000s  Memory: 869.00M
"separation" in: sky130A_mr.drc:816
    Edge pairs: 0 (flat)  0 (hierarchical)
    Elapsed: 0.000s  Memory: 869.00M
"output" in: sky130A_mr.drc:820
    Edge pairs: 0 (flat)  0 (hierarchical)
    Elapsed: 0.010s  Memory: 869.00M
"enclosing" in: sky130A_mr.drc:825
    Edge pairs: 0 (flat)  0 (hierarchical)
    Elapsed: 0.010s  Memory: 869.00M
"output" in: sky130A_mr.drc:825
    Edge pairs: 0 (flat)  0 (hierarchical)
    Elapsed: 0.000s  Memory: 869.00M
"enclosing" in: sky130A_mr.drc:829
    Edge pairs: 0 (flat)  0 (hierarchical)
    Elapsed: 0.010s  Memory: 869.00M
"output" in: sky130A_mr.drc:829
    Edge pairs: 0 (flat)  0 (hierarchical)
    Elapsed: 0.010s  Memory: 869.00M
"separation" in: sky130A_mr.drc:833
    Edge pairs: 0 (flat)  0 (hierarchical)
    Elapsed: 0.000s  Memory: 869.00M
"output" in: sky130A_mr.drc:833
    Edge pairs: 0 (flat)  0 (hierarchical)
    Elapsed: 0.010s  Memory: 869.00M
"not_interacting" in: sky130A_mr.drc:837
    Polygons (raw): 8621 (flat)  8621 (hierarchical)
    Elapsed: 0.010s  Memory: 869.00M
"separation" in: sky130A_mr.drc:837
    Edge pairs: 0 (flat)  0 (hierarchical)
    Elapsed: 0.000s  Memory: 869.00M
"output" in: sky130A_mr.drc:837
    Edge pairs: 0 (flat)  0 (hierarchical)
    Elapsed: 0.000s  Memory: 869.00M
END: 89/44 (capm)
START: 97/44 (cap2m)
"width" in: sky130A_mr.drc:845
    Edge pairs: 0 (flat)  0 (hierarchical)
    Elapsed: 0.010s  Memory: 869.00M
"output" in: sky130A_mr.drc:845
    Edge pairs: 0 (flat)  0 (hierarchical)
    Elapsed: 0.010s  Memory: 869.00M
"space" in: sky130A_mr.drc:849
    Edge pairs: 0 (flat)  0 (hierarchical)
    Elapsed: 0.000s  Memory: 869.00M
"output" in: sky130A_mr.drc:849
    Edge pairs: 0 (flat)  0 (hierarchical)
    Elapsed: 0.010s  Memory: 869.00M
"interacting" in: sky130A_mr.drc:854
    Polygons (raw): 0 (flat)  0 (hierarchical)
    Elapsed: 0.010s  Memory: 869.00M
"isolated" in: sky130A_mr.drc:855
    Edge pairs: 0 (flat)  0 (hierarchical)
    Elapsed: 0.000s  Memory: 869.00M
"output" in: sky130A_mr.drc:856
    Edge pairs: 0 (flat)  0 (hierarchical)
    Elapsed: 0.010s  Memory: 869.00M
"interacting" in: sky130A_mr.drc:857
    Polygons (raw): 0 (flat)  0 (hierarchical)
    Elapsed: 0.010s  Memory: 869.00M
"isolated" in: sky130A_mr.drc:857
    Edge pairs: 0 (flat)  0 (hierarchical)
    Elapsed: 0.000s  Memory: 869.00M
"output" in: sky130A_mr.drc:857
    Edge pairs: 0 (flat)  0 (hierarchical)
    Elapsed: 0.010s  Memory: 869.00M
"&" in: sky130A_mr.drc:862
    Polygons (raw): 0 (flat)  0 (hierarchical)
    Elapsed: 0.000s  Memory: 869.00M
"enclosing" in: sky130A_mr.drc:863
    Edge pairs: 0 (flat)  0 (hierarchical)
    Elapsed: 0.010s  Memory: 869.00M
"output" in: sky130A_mr.drc:864
    Edge pairs: 0 (flat)  0 (hierarchical)
    Elapsed: 0.010s  Memory: 869.00M
"enclosing" in: sky130A_mr.drc:865
    Edge pairs: 0 (flat)  0 (hierarchical)
    Elapsed: 0.000s  Memory: 869.00M
"output" in: sky130A_mr.drc:865
    Edge pairs: 0 (flat)  0 (hierarchical)
    Elapsed: 0.010s  Memory: 869.00M
"enclosing" in: sky130A_mr.drc:869
    Edge pairs: 0 (flat)  0 (hierarchical)
    Elapsed: 0.010s  Memory: 869.00M
"output" in: sky130A_mr.drc:869
    Edge pairs: 0 (flat)  0 (hierarchical)
    Elapsed: 0.000s  Memory: 869.00M
"separation" in: sky130A_mr.drc:873
    Edge pairs: 0 (flat)  0 (hierarchical)
    Elapsed: 0.000s  Memory: 869.00M
"output" in: sky130A_mr.drc:873
    Edge pairs: 0 (flat)  0 (hierarchical)
    Elapsed: 0.010s  Memory: 869.00M
"not_interacting" in: sky130A_mr.drc:877
    Polygons (raw): 1286 (flat)  1286 (hierarchical)
    Elapsed: 0.000s  Memory: 869.00M
"separation" in: sky130A_mr.drc:877
    Edge pairs: 0 (flat)  0 (hierarchical)
    Elapsed: 0.000s  Memory: 869.00M
"output" in: sky130A_mr.drc:877
    Edge pairs: 0 (flat)  0 (hierarchical)
    Elapsed: 0.010s  Memory: 869.00M
END: 97/44 (cap2m)
BEOL section
START: 67/20 (li)
"outside" in: sky130A_mr.drc:890
    Polygons (raw): 692587 (flat)  94126 (hierarchical)
    Elapsed: 0.010s  Memory: 869.00M
"interacting" in: sky130A_mr.drc:891
    Polygons (raw): 0 (flat)  0 (hierarchical)
    Elapsed: 0.000s  Memory: 869.00M
"inside" in: sky130A_mr.drc:891
    Polygons (raw): 0 (flat)  0 (hierarchical)
    Elapsed: 0.020s  Memory: 869.00M
"-" in: sky130A_mr.drc:891
    Polygons (raw): 0 (flat)  0 (hierarchical)
    Elapsed: 0.000s  Memory: 869.00M
"or" in: sky130A_mr.drc:890
    Polygons (raw): 168459 (flat)  91808 (hierarchical)
    Elapsed: 2.480s  Memory: 931.00M
"width" in: sky130A_mr.drc:893
    Edge pairs: 0 (flat)  0 (hierarchical)
    Elapsed: 0.510s  Memory: 931.00M
"output" in: sky130A_mr.drc:893
    Edge pairs: 0 (flat)  0 (hierarchical)
    Elapsed: 0.010s  Memory: 931.00M
"space" in: sky130A_mr.drc:897
    Edge pairs: 0 (flat)  0 (hierarchical)
    Elapsed: 12.540s  Memory: 304.00M
"output" in: sky130A_mr.drc:897
    Edge pairs: 0 (flat)  0 (hierarchical)
    Elapsed: 0.010s  Memory: 304.00M
"-" in: sky130A_mr.drc:901
    Polygons (raw): 1432853 (flat)  3888 (hierarchical)
    Elapsed: 0.010s  Memory: 304.00M
"enclosing" in: sky130A_mr.drc:903
    Edge pairs: 1136290 (flat)  777592 (hierarchical)
    Elapsed: 14.900s  Memory: 718.00M
"second_edges" in: sky130A_mr.drc:903
    Edges: 1136290 (flat)  777592 (hierarchical)
    Elapsed: 0.030s  Memory: 727.00M
"width" in: sky130A_mr.drc:904
    Edge pairs: 0 (flat)  0 (hierarchical)
    Elapsed: 1.310s  Memory: 1015.00M
"polygons" in: sky130A_mr.drc:905
    Polygons (raw): 0 (flat)  0 (hierarchical)
    Elapsed: 0.010s  Memory: 1015.00M
"interacting" in: sky130A_mr.drc:905
    Polygons (raw): 0 (flat)  0 (hierarchical)
    Elapsed: 0.000s  Memory: 1015.00M
"output" in: sky130A_mr.drc:906
    Polygons (raw): 0 (flat)  0 (hierarchical)
    Elapsed: 0.000s  Memory: 1015.00M
"interacting" in: sky130A_mr.drc:910
    Polygons (raw): 0 (flat)  0 (hierarchical)
    Elapsed: 0.010s  Memory: 1015.00M
"-" in: sky130A_mr.drc:910
    Polygons (raw): 692587 (flat)  94126 (hierarchical)
    Elapsed: 0.000s  Memory: 1017.00M
"with_area" in: sky130A_mr.drc:911
    Polygons (raw): 0 (flat)  0 (hierarchical)
    Elapsed: 2.480s  Memory: 1072.00M
"output" in: sky130A_mr.drc:911
    Polygons (raw): 0 (flat)  0 (hierarchical)
    Elapsed: 0.010s  Memory: 1072.00M
"&" in: sky130A_mr.drc:915
    Polygons (raw): 0 (flat)  0 (hierarchical)
    Elapsed: 0.000s  Memory: 1072.00M
"space" in: sky130A_mr.drc:916
    Edge pairs: 0 (flat)  0 (hierarchical)
    Elapsed: 0.000s  Memory: 1072.00M
"output" in: sky130A_mr.drc:916
    Edge pairs: 0 (flat)  0 (hierarchical)
    Elapsed: 0.010s  Memory: 1072.00M
"width" in: sky130A_mr.drc:920
    Edge pairs: 0 (flat)  0 (hierarchical)
    Elapsed: 0.010s  Memory: 1072.00M
"output" in: sky130A_mr.drc:920
    Edge pairs: 0 (flat)  0 (hierarchical)
    Elapsed: 0.000s  Memory: 1072.00M
END: 67/20 (li)
START: 67/13 (li_res)
"width" in: sky130A_mr.drc:928
    Edge pairs: 0 (flat)  0 (hierarchical)
    Elapsed: 0.000s  Memory: 1072.00M
"output" in: sky130A_mr.drc:928
    Edge pairs: 0 (flat)  0 (hierarchical)
    Elapsed: 0.010s  Memory: 1072.00M
END: 67/13 (li_res)
START: 67/44 (mcon)
"-" in: sky130A_mr.drc:936
    Polygons (raw): 1125779 (flat)  94785 (hierarchical)
    Elapsed: 0.010s  Memory: 1074.00M
"drc" in: sky130A_mr.drc:938
    Polygons (raw): 0 (flat)  0 (hierarchical)
    Elapsed: 4.550s  Memory: 1203.00M
"-" in: sky130A_mr.drc:939
    Polygons (raw): 1125779 (flat)  94785 (hierarchical)
    Elapsed: 0.010s  Memory: 1203.00M
"outside" in: sky130A_mr.drc:943
    Polygons (raw): 1125779 (flat)  94785 (hierarchical)
    Elapsed: 0.010s  Memory: 1205.00M
"non_rectangles" in: sky130A_mr.drc:944
    Polygons (raw): 0 (flat)  0 (hierarchical)
    Elapsed: 4.160s  Memory: 1274.00M
"output" in: sky130A_mr.drc:944
    Polygons (raw): 0 (flat)  0 (hierarchical)
    Elapsed: 0.010s  Memory: 1274.00M
"drc" in: sky130A_mr.drc:949
    Edge pairs: 0 (flat)  0 (hierarchical)
    Elapsed: 4.700s  Memory: 1386.00M
"output" in: sky130A_mr.drc:949
    Edge pairs: 0 (flat)  0 (hierarchical)
    Elapsed: 0.010s  Memory: 1386.00M
"drc" in: sky130A_mr.drc:953
    Edges: 0 (flat)  0 (hierarchical)
    Elapsed: 0.720s  Memory: 1406.00M
"output" in: sky130A_mr.drc:953
    Edges: 0 (flat)  0 (hierarchical)
    Elapsed: 0.010s  Memory: 1406.00M
"space" in: sky130A_mr.drc:957
    Edge pairs: 0 (flat)  0 (hierarchical)
    Elapsed: 9.110s  Memory: 1419.00M
"output" in: sky130A_mr.drc:957
    Edge pairs: 0 (flat)  0 (hierarchical)
    Elapsed: 0.010s  Memory: 1419.00M
"width" in: sky130A_mr.drc:962
    Edge pairs: 0 (flat)  0 (hierarchical)
    Elapsed: 0.010s  Memory: 1419.00M
"output" in: sky130A_mr.drc:962
    Edge pairs: 0 (flat)  0 (hierarchical)
    Elapsed: 0.000s  Memory: 1419.00M
"drc" in: sky130A_mr.drc:966
    Edge pairs: 0 (flat)  0 (hierarchical)
    Elapsed: 0.010s  Memory: 1419.00M
"output" in: sky130A_mr.drc:966
    Edge pairs: 0 (flat)  0 (hierarchical)
    Elapsed: 0.010s  Memory: 1419.00M
"-" in: sky130A_mr.drc:970
    Polygons (raw): 0 (flat)  0 (hierarchical)
    Elapsed: 0.010s  Memory: 1419.00M
"output" in: sky130A_mr.drc:970
    Polygons (raw): 0 (flat)  0 (hierarchical)
    Elapsed: 0.000s  Memory: 1419.00M
"-" in: sky130A_mr.drc:975
    Polygons (raw): 0 (flat)  0 (hierarchical)
    Elapsed: 8.010s  Memory: 1445.00M
"output" in: sky130A_mr.drc:975
    Polygons (raw): 0 (flat)  0 (hierarchical)
    Elapsed: 0.010s  Memory: 1445.00M
END: 67/44 (mcon)
START: 68/20 (m1)
"width" in: sky130A_mr.drc:980
    Edge pairs: 0 (flat)  0 (hierarchical)
    Elapsed: 2.270s  Memory: 1371.00M
"output" in: sky130A_mr.drc:980
    Edge pairs: 0 (flat)  0 (hierarchical)
    Elapsed: 0.010s  Memory: 1371.00M
"sized" in: sky130A_mr.drc:981
    Polygons (raw): 0 (flat)  0 (hierarchical)
    Elapsed: 0.550s  Memory: 1371.00M
"sized" in: sky130A_mr.drc:981
    Polygons (raw): 0 (flat)  0 (hierarchical)
    Elapsed: 0.010s  Memory: 1371.00M
"snap" in: sky130A_mr.drc:981
    Polygons (raw): 0 (flat)  0 (hierarchical)
    Elapsed: 0.010s  Memory: 1371.00M
"&" in: sky130A_mr.drc:981
    Polygons (raw): 0 (flat)  0 (hierarchical)
    Elapsed: 0.000s  Memory: 1371.00M
"edges" in: sky130A_mr.drc:982
    Edges: 1276710 (flat)  1152174 (hierarchical)
    Elapsed: 0.040s  Memory: 1423.00M
"-" in: sky130A_mr.drc:982
    Edges: 1276710 (flat)  1152174 (hierarchical)
    Elapsed: 0.010s  Memory: 1476.00M
"edges" in: sky130A_mr.drc:983
    Edges: 0 (flat)  0 (hierarchical)
    Elapsed: 0.010s  Memory: 1476.00M
"merged" in: sky130A_mr.drc:983
    Polygons (raw): 100532 (flat)  94262 (hierarchical)
    Elapsed: 2.230s  Memory: 833.00M
"outside_part" in: sky130A_mr.drc:983
    Edges: 0 (flat)  0 (hierarchical)
    Elapsed: 0.020s  Memory: 833.00M
"space" in: sky130A_mr.drc:985
    Edge pairs: 0 (flat)  0 (hierarchical)
    Elapsed: 1.910s  Memory: 928.00M
"output" in: sky130A_mr.drc:985
    Edge pairs: 0 (flat)  0 (hierarchical)
    Elapsed: 0.030s  Memory: 928.00M
"separation" in: sky130A_mr.drc:991
    Edge pairs: 0 (flat)  0 (hierarchical)
    Elapsed: 0.030s  Memory: 928.00M
"space" in: sky130A_mr.drc:992
    Edge pairs: 0 (flat)  0 (hierarchical)
    Elapsed: 0.010s  Memory: 928.00M
"+" in: sky130A_mr.drc:991
    Edge pairs: 0 (flat)  0 (hierarchical)
    Elapsed: 0.000s  Memory: 928.00M
"output" in: sky130A_mr.drc:993
    Edge pairs: 0 (flat)  0 (hierarchical)
    Elapsed: 0.010s  Memory: 928.00M
"input" in: sky130A_mr.drc:1004
    Polygons (raw): 460789 (flat)  156623 (hierarchical)
    Elapsed: 0.140s  Memory: 941.00M
"enclosing" in: sky130A_mr.drc:1006
    Edge pairs: 0 (flat)  0 (hierarchical)
    Elapsed: 4.910s  Memory: 913.00M
"output" in: sky130A_mr.drc:1006
    Edge pairs: 0 (flat)  0 (hierarchical)
    Elapsed: 0.010s  Memory: 913.00M
"-" in: sky130A_mr.drc:1010
    Polygons (raw): 0 (flat)  0 (hierarchical)
    Elapsed: 11.260s  Memory: 1011.00M
"output" in: sky130A_mr.drc:1010
    Polygons (raw): 0 (flat)  0 (hierarchical)
    Elapsed: 0.010s  Memory: 1011.00M
"input" in: sky130A_mr.drc:1024
    Polygons (raw): 0 (flat)  0 (hierarchical)
    Elapsed: 0.020s  Memory: 1014.00M
"enclosing" in: sky130A_mr.drc:1025
    Edge pairs: 0 (flat)  0 (hierarchical)
    Elapsed: 0.010s  Memory: 1015.00M
"output" in: sky130A_mr.drc:1025
    Edge pairs: 0 (flat)  0 (hierarchical)
    Elapsed: 0.000s  Memory: 1015.00M
"-" in: sky130A_mr.drc:1030
    Polygons (raw): 0 (flat)  0 (hierarchical)
    Elapsed: 0.010s  Memory: 1015.00M
"output" in: sky130A_mr.drc:1030
    Polygons (raw): 0 (flat)  0 (hierarchical)
    Elapsed: 0.000s  Memory: 1015.00M
"with_area" in: sky130A_mr.drc:1035
    Polygons (raw): 0 (flat)  0 (hierarchical)
    Elapsed: 0.030s  Memory: 1015.00M
"output" in: sky130A_mr.drc:1035
    Polygons (raw): 0 (flat)  0 (hierarchical)
    Elapsed: 0.000s  Memory: 1015.00M
"holes" in: sky130A_mr.drc:1038
    Polygons (raw): 0 (flat)  0 (hierarchical)
    Elapsed: 0.020s  Memory: 1015.00M
"with_area" in: sky130A_mr.drc:1039
    Polygons (raw): 0 (flat)  0 (hierarchical)
    Elapsed: 0.010s  Memory: 1015.00M
"output" in: sky130A_mr.drc:1040
    Polygons (raw): 0 (flat)  0 (hierarchical)
    Elapsed: 0.000s  Memory: 1015.00M
"enclosing" in: sky130A_mr.drc:1051
    Edge pairs: 262482 (flat)  225078 (hierarchical)
    Elapsed: 3.000s  Memory: 1059.00M
"second_edges" in: sky130A_mr.drc:1051
    Edges: 262482 (flat)  225078 (hierarchical)
    Elapsed: 0.010s  Memory: 1067.00M
"width" in: sky130A_mr.drc:1053
    Edge pairs: 0 (flat)  0 (hierarchical)
    Elapsed: 0.280s  Memory: 1168.00M
"polygons" in: sky130A_mr.drc:1055
    Polygons (raw): 0 (flat)  0 (hierarchical)
    Elapsed: 0.000s  Memory: 1168.00M
"interacting" in: sky130A_mr.drc:1055
    Polygons (raw): 0 (flat)  0 (hierarchical)
    Elapsed: 0.000s  Memory: 1168.00M
"output" in: sky130A_mr.drc:1056
    Polygons (raw): 0 (flat)  0 (hierarchical)
    Elapsed: 0.010s  Memory: 1169.00M
END: 68/20 (m1)
START: 68/44 (via)
"drc" in: sky130A_mr.drc:1067
    Polygons (raw): 0 (flat)  0 (hierarchical)
    Elapsed: 0.500s  Memory: 1157.00M
"-" in: sky130A_mr.drc:1068
    Polygons (raw): 119312 (flat)  119312 (hierarchical)
    Elapsed: 0.040s  Memory: 1157.00M
"-" in: sky130A_mr.drc:1073
    Polygons (raw): 119312 (flat)  119312 (hierarchical)
    Elapsed: 0.000s  Memory: 1157.00M
"non_rectangles" in: sky130A_mr.drc:1075
    Polygons (raw): 0 (flat)  0 (hierarchical)
    Elapsed: 0.440s  Memory: 1170.00M
"output" in: sky130A_mr.drc:1075
    Polygons (raw): 0 (flat)  0 (hierarchical)
    Elapsed: 0.000s  Memory: 1170.00M
"width" in: sky130A_mr.drc:1079
    Edge pairs: 0 (flat)  0 (hierarchical)
    Elapsed: 0.030s  Memory: 1170.00M
"output" in: sky130A_mr.drc:1079
    Edge pairs: 0 (flat)  0 (hierarchical)
    Elapsed: 0.010s  Memory: 1170.00M
"drc" in: sky130A_mr.drc:1084
    Edges: 0 (flat)  0 (hierarchical)
    Elapsed: 0.130s  Memory: 1170.00M
"output" in: sky130A_mr.drc:1084
    Edges: 0 (flat)  0 (hierarchical)
    Elapsed: 0.010s  Memory: 1170.00M
"space" in: sky130A_mr.drc:1089
    Edge pairs: 0 (flat)  0 (hierarchical)
    Elapsed: 0.110s  Memory: 1172.00M
"output" in: sky130A_mr.drc:1089
    Edge pairs: 0 (flat)  0 (hierarchical)
    Elapsed: 0.010s  Memory: 1172.00M
"width" in: sky130A_mr.drc:1095
    Edge pairs: 0 (flat)  0 (hierarchical)
    Elapsed: 0.010s  Memory: 1172.00M
"output" in: sky130A_mr.drc:1095
    Edge pairs: 0 (flat)  0 (hierarchical)
    Elapsed: 0.000s  Memory: 1172.00M
"drc" in: sky130A_mr.drc:1099
    Edge pairs: 0 (flat)  0 (hierarchical)
    Elapsed: 0.020s  Memory: 1172.00M
"output" in: sky130A_mr.drc:1099
    Edge pairs: 0 (flat)  0 (hierarchical)
    Elapsed: 0.010s  Memory: 1172.00M
"-" in: sky130A_mr.drc:1103
    Polygons (raw): 0 (flat)  0 (hierarchical)
    Elapsed: 0.000s  Memory: 1172.00M
"output" in: sky130A_mr.drc:1103
    Polygons (raw): 0 (flat)  0 (hierarchical)
    Elapsed: 0.000s  Memory: 1172.00M
"edges" in: sky130A_mr.drc:1110
    Edges: 1276710 (flat)  1152174 (hierarchical)
    Elapsed: 0.030s  Memory: 1207.00M
"drc" in: sky130A_mr.drc:1111
    Edges: 477248 (flat)  477248 (hierarchical)
    Elapsed: 0.900s  Memory: 1233.00M
"enclosing" in: sky130A_mr.drc:1111
    Edge pairs: 0 (flat)  0 (hierarchical)
    Elapsed: 0.240s  Memory: 1233.00M
"output" in: sky130A_mr.drc:1112
    Edge pairs: 0 (flat)  0 (hierarchical)
    Elapsed: 0.000s  Memory: 1233.00M
"squares" in: sky130A_mr.drc:1114
    Polygons (raw): 119312 (flat)  119312 (hierarchical)
    Elapsed: 0.030s  Memory: 1233.00M
"drc" in: sky130A_mr.drc:1115
    Edges: 477248 (flat)  477248 (hierarchical)
    Elapsed: 0.470s  Memory: 1246.00M
"-" in: sky130A_mr.drc:1116
    Edges: 0 (flat)  0 (hierarchical)
    Elapsed: 1.310s  Memory: 1303.00M
"output" in: sky130A_mr.drc:1117
    Edges: 0 (flat)  0 (hierarchical)
    Elapsed: 0.020s  Memory: 1302.00M
"edges" in: sky130A_mr.drc:1121
    Edges: 1276710 (flat)  1152174 (hierarchical)
    Elapsed: 0.040s  Memory: 1303.00M
"drc" in: sky130A_mr.drc:1122
    Edges: 477248 (flat)  477248 (hierarchical)
    Elapsed: 0.470s  Memory: 1305.00M
"enclosing" in: sky130A_mr.drc:1122
    Edge pairs: 224503 (flat)  224503 (hierarchical)
    Elapsed: 1.050s  Memory: 1340.00M
"second_edges" in: sky130A_mr.drc:1123
    Edges: 224503 (flat)  224503 (hierarchical)
    Elapsed: 0.010s  Memory: 1340.00M
"width" in: sky130A_mr.drc:1125
    Edge pairs: 0 (flat)  0 (hierarchical)
    Elapsed: 0.210s  Memory: 1380.00M
"polygons" in: sky130A_mr.drc:1126
    Polygons (raw): 0 (flat)  0 (hierarchical)
    Elapsed: 0.000s  Memory: 1380.00M
"interacting" in: sky130A_mr.drc:1126
    Polygons (raw): 0 (flat)  0 (hierarchical)
    Elapsed: 0.000s  Memory: 1380.00M
"output" in: sky130A_mr.drc:1127
    Polygons (raw): 0 (flat)  0 (hierarchical)
    Elapsed: 0.010s  Memory: 1380.00M
END: 68/44 (via)
START: 69/20 (m2)
"&" in: sky130A_mr.drc:1136
    Polygons (raw): 0 (flat)  0 (hierarchical)
    Elapsed: 0.000s  Memory: 1380.00M
"width" in: sky130A_mr.drc:1137
    Edge pairs: 0 (flat)  0 (hierarchical)
    Elapsed: 0.370s  Memory: 1374.00M
"output" in: sky130A_mr.drc:1137
    Edge pairs: 0 (flat)  0 (hierarchical)
    Elapsed: 0.010s  Memory: 1374.00M
"sized" in: sky130A_mr.drc:1139
    Polygons (raw): 0 (flat)  0 (hierarchical)
    Elapsed: 0.270s  Memory: 1374.00M
"sized" in: sky130A_mr.drc:1139
    Polygons (raw): 0 (flat)  0 (hierarchical)
    Elapsed: 0.010s  Memory: 1374.00M
"snap" in: sky130A_mr.drc:1139
    Polygons (raw): 0 (flat)  0 (hierarchical)
    Elapsed: 0.000s  Memory: 1374.00M
"&" in: sky130A_mr.drc:1139
    Polygons (raw): 0 (flat)  0 (hierarchical)
    Elapsed: 0.010s  Memory: 1374.00M
"edges" in: sky130A_mr.drc:1140
    Edges: 787460 (flat)  787460 (hierarchical)
    Elapsed: 0.020s  Memory: 1374.00M
"-" in: sky130A_mr.drc:1140
    Edges: 787460 (flat)  787460 (hierarchical)
    Elapsed: 0.010s  Memory: 1392.00M
"edges" in: sky130A_mr.drc:1141
    Edges: 0 (flat)  0 (hierarchical)
    Elapsed: 0.010s  Memory: 1385.00M
"merged" in: sky130A_mr.drc:1141
    Polygons (raw): 53736 (flat)  53736 (hierarchical)
    Elapsed: 0.320s  Memory: 1386.00M
"outside_part" in: sky130A_mr.drc:1141
    Edges: 0 (flat)  0 (hierarchical)
    Elapsed: 0.010s  Memory: 1386.00M
"-" in: sky130A_mr.drc:1142
    Polygons (raw): 119312 (flat)  119312 (hierarchical)
    Elapsed: 0.010s  Memory: 1386.00M
"space" in: sky130A_mr.drc:1144
    Edge pairs: 0 (flat)  0 (hierarchical)
    Elapsed: 1.120s  Memory: 1401.00M
"output" in: sky130A_mr.drc:1144
    Edge pairs: 0 (flat)  0 (hierarchical)
    Elapsed: 0.010s  Memory: 1401.00M
"separation" in: sky130A_mr.drc:1150
    Edge pairs: 0 (flat)  0 (hierarchical)
    Elapsed: 0.030s  Memory: 1401.00M
"space" in: sky130A_mr.drc:1151
    Edge pairs: 0 (flat)  0 (hierarchical)
    Elapsed: 0.010s  Memory: 1401.00M
"+" in: sky130A_mr.drc:1150
    Edge pairs: 0 (flat)  0 (hierarchical)
    Elapsed: 0.010s  Memory: 1401.00M
"output" in: sky130A_mr.drc:1152
    Edge pairs: 0 (flat)  0 (hierarchical)
    Elapsed: 0.000s  Memory: 1401.00M
"with_area" in: sky130A_mr.drc:1154
    Polygons (raw): 0 (flat)  0 (hierarchical)
    Elapsed: 0.010s  Memory: 1401.00M
"output" in: sky130A_mr.drc:1154
    Polygons (raw): 0 (flat)  0 (hierarchical)
    Elapsed: 0.000s  Memory: 1401.00M
"holes" in: sky130A_mr.drc:1156
    Polygons (raw): 0 (flat)  0 (hierarchical)
    Elapsed: 0.010s  Memory: 1401.00M
"with_area" in: sky130A_mr.drc:1157
    Polygons (raw): 0 (flat)  0 (hierarchical)
    Elapsed: 0.010s  Memory: 1401.00M
"output" in: sky130A_mr.drc:1158
    Polygons (raw): 0 (flat)  0 (hierarchical)
    Elapsed: 0.000s  Memory: 1401.00M
"enclosing" in: sky130A_mr.drc:1166
    Edge pairs: 0 (flat)  0 (hierarchical)
    Elapsed: 0.360s  Memory: 1401.00M
"output" in: sky130A_mr.drc:1166
    Edge pairs: 0 (flat)  0 (hierarchical)
    Elapsed: 0.010s  Memory: 1401.00M
"-" in: sky130A_mr.drc:1170
    Polygons (raw): 0 (flat)  0 (hierarchical)
    Elapsed: 0.530s  Memory: 1412.00M
"output" in: sky130A_mr.drc:1170
    Polygons (raw): 0 (flat)  0 (hierarchical)
    Elapsed: 0.010s  Memory: 1412.00M
"enclosing" in: sky130A_mr.drc:1174
    Edge pairs: 0 (flat)  0 (hierarchical)
    Elapsed: 0.000s  Memory: 1412.00M
"output" in: sky130A_mr.drc:1174
    Edge pairs: 0 (flat)  0 (hierarchical)
    Elapsed: 0.000s  Memory: 1412.00M
"enclosing" in: sky130A_mr.drc:1179
    Edge pairs: 231035 (flat)  231035 (hierarchical)
    Elapsed: 0.650s  Memory: 1418.00M
"second_edges" in: sky130A_mr.drc:1179
    Edges: 231035 (flat)  231035 (hierarchical)
    Elapsed: 0.010s  Memory: 1419.00M
"width" in: sky130A_mr.drc:1181
    Edge pairs: 0 (flat)  0 (hierarchical)
    Elapsed: 0.200s  Memory: 1457.00M
"polygons" in: sky130A_mr.drc:1182
    Polygons (raw): 0 (flat)  0 (hierarchical)
    Elapsed: 0.000s  Memory: 1457.00M
"interacting" in: sky130A_mr.drc:1182
    Polygons (raw): 0 (flat)  0 (hierarchical)
    Elapsed: 0.010s  Memory: 1457.00M
"output" in: sky130A_mr.drc:1183
    Polygons (raw): 0 (flat)  0 (hierarchical)
    Elapsed: 0.000s  Memory: 1457.00M
END: 69/20 (m2)
START: 69/44 (via2)
"drc" in: sky130A_mr.drc:1194
    Polygons (raw): 0 (flat)  0 (hierarchical)
    Elapsed: 0.090s  Memory: 1457.00M
"-" in: sky130A_mr.drc:1195
    Polygons (raw): 16457 (flat)  16457 (hierarchical)
    Elapsed: 0.000s  Memory: 1457.00M
"-" in: sky130A_mr.drc:1200
    Polygons (raw): 16457 (flat)  16457 (hierarchical)
    Elapsed: 0.010s  Memory: 1457.00M
"non_rectangles" in: sky130A_mr.drc:1201
    Polygons (raw): 0 (flat)  0 (hierarchical)
    Elapsed: 0.070s  Memory: 1459.00M
"output" in: sky130A_mr.drc:1201
    Polygons (raw): 0 (flat)  0 (hierarchical)
    Elapsed: 0.010s  Memory: 1459.00M
"width" in: sky130A_mr.drc:1205
    Edge pairs: 0 (flat)  0 (hierarchical)
    Elapsed: 0.000s  Memory: 1459.00M
"output" in: sky130A_mr.drc:1205
    Edge pairs: 0 (flat)  0 (hierarchical)
    Elapsed: 0.010s  Memory: 1459.00M
"edges" in: sky130A_mr.drc:1210
    Edges: 65828 (flat)  65828 (hierarchical)
    Elapsed: 0.000s  Memory: 1459.00M
"without_length" in: sky130A_mr.drc:1211
    Edges: 0 (flat)  0 (hierarchical)
    Elapsed: 0.000s  Memory: 1459.00M
"output" in: sky130A_mr.drc:1212
    Edges: 0 (flat)  0 (hierarchical)
    Elapsed: 0.010s  Memory: 1459.00M
"space" in: sky130A_mr.drc:1213
    Edge pairs: 0 (flat)  0 (hierarchical)
    Elapsed: 0.030s  Memory: 1459.00M
"output" in: sky130A_mr.drc:1213
    Edge pairs: 0 (flat)  0 (hierarchical)
    Elapsed: 0.010s  Memory: 1459.00M
"width" in: sky130A_mr.drc:1219
    Edge pairs: 0 (flat)  0 (hierarchical)
    Elapsed: 0.000s  Memory: 1459.00M
"output" in: sky130A_mr.drc:1219
    Edge pairs: 0 (flat)  0 (hierarchical)
    Elapsed: 0.010s  Memory: 1459.00M
"drc" in: sky130A_mr.drc:1223
    Edge pairs: 0 (flat)  0 (hierarchical)
    Elapsed: 0.020s  Memory: 1462.00M
"output" in: sky130A_mr.drc:1223
    Edge pairs: 0 (flat)  0 (hierarchical)
    Elapsed: 0.000s  Memory: 1462.00M
"-" in: sky130A_mr.drc:1227
    Polygons (raw): 0 (flat)  0 (hierarchical)
    Elapsed: 0.000s  Memory: 1462.00M
"output" in: sky130A_mr.drc:1227
    Polygons (raw): 0 (flat)  0 (hierarchical)
    Elapsed: 0.010s  Memory: 1462.00M
"enclosing" in: sky130A_mr.drc:1233
    Edge pairs: 0 (flat)  0 (hierarchical)
    Elapsed: 0.060s  Memory: 1462.00M
"output" in: sky130A_mr.drc:1233
    Edge pairs: 0 (flat)  0 (hierarchical)
    Elapsed: 0.010s  Memory: 1462.00M
"-" in: sky130A_mr.drc:1237
    Polygons (raw): 0 (flat)  0 (hierarchical)
    Elapsed: 0.100s  Memory: 1462.00M
"output" in: sky130A_mr.drc:1237
    Polygons (raw): 0 (flat)  0 (hierarchical)
    Elapsed: 0.010s  Memory: 1462.00M
"enclosing" in: sky130A_mr.drc:1240
    Edge pairs: 22496 (flat)  22496 (hierarchical)
    Elapsed: 0.080s  Memory: 1462.00M
"second_edges" in: sky130A_mr.drc:1240
    Edges: 22496 (flat)  22496 (hierarchical)
    Elapsed: 0.010s  Memory: 1462.00M
"width" in: sky130A_mr.drc:1242
    Edge pairs: 0 (flat)  0 (hierarchical)
    Elapsed: 0.030s  Memory: 1462.00M
"polygons" in: sky130A_mr.drc:1243
    Polygons (raw): 0 (flat)  0 (hierarchical)
    Elapsed: 0.000s  Memory: 1462.00M
"interacting" in: sky130A_mr.drc:1243
    Polygons (raw): 0 (flat)  0 (hierarchical)
    Elapsed: 0.010s  Memory: 1462.00M
"output" in: sky130A_mr.drc:1244
    Polygons (raw): 0 (flat)  0 (hierarchical)
    Elapsed: 0.010s  Memory: 1462.00M
END: 69/44 (via2)
START: 70/20 (m3)
"width" in: sky130A_mr.drc:1253
    Edge pairs: 0 (flat)  0 (hierarchical)
    Elapsed: 0.050s  Memory: 1462.00M
"output" in: sky130A_mr.drc:1253
    Edge pairs: 0 (flat)  0 (hierarchical)
    Elapsed: 0.010s  Memory: 1462.00M
"sized" in: sky130A_mr.drc:1255
    Polygons (raw): 0 (flat)  0 (hierarchical)
    Elapsed: 0.040s  Memory: 1423.00M
"sized" in: sky130A_mr.drc:1255
    Polygons (raw): 0 (flat)  0 (hierarchical)
    Elapsed: 0.000s  Memory: 1423.00M
"snap" in: sky130A_mr.drc:1255
    Polygons (raw): 0 (flat)  0 (hierarchical)
    Elapsed: 0.010s  Memory: 1423.00M
"&" in: sky130A_mr.drc:1255
    Polygons (raw): 0 (flat)  0 (hierarchical)
    Elapsed: 0.010s  Memory: 1423.00M
"edges" in: sky130A_mr.drc:1256
    Edges: 79806 (flat)  79806 (hierarchical)
    Elapsed: 0.000s  Memory: 1423.00M
"-" in: sky130A_mr.drc:1256
    Edges: 79806 (flat)  79806 (hierarchical)
    Elapsed: 0.010s  Memory: 1423.00M
"edges" in: sky130A_mr.drc:1257
    Edges: 0 (flat)  0 (hierarchical)
    Elapsed: 0.010s  Memory: 1423.00M
"merged" in: sky130A_mr.drc:1257
    Polygons (raw): 7135 (flat)  7135 (hierarchical)
    Elapsed: 0.060s  Memory: 1426.00M
"outside_part" in: sky130A_mr.drc:1257
    Edges: 0 (flat)  0 (hierarchical)
    Elapsed: 0.000s  Memory: 1426.00M
"space" in: sky130A_mr.drc:1259
    Edge pairs: 0 (flat)  0 (hierarchical)
    Elapsed: 0.080s  Memory: 1426.00M
"output" in: sky130A_mr.drc:1259
    Edge pairs: 0 (flat)  0 (hierarchical)
    Elapsed: 0.010s  Memory: 1426.00M
"separation" in: sky130A_mr.drc:1265
    Edge pairs: 0 (flat)  0 (hierarchical)
    Elapsed: 0.020s  Memory: 1426.00M
"space" in: sky130A_mr.drc:1266
    Edge pairs: 0 (flat)  0 (hierarchical)
    Elapsed: 0.010s  Memory: 1426.00M
"+" in: sky130A_mr.drc:1265
    Edge pairs: 0 (flat)  0 (hierarchical)
    Elapsed: 0.000s  Memory: 1426.00M
"output" in: sky130A_mr.drc:1267
    Edge pairs: 0 (flat)  0 (hierarchical)
    Elapsed: 0.010s  Memory: 1426.00M
"enclosing" in: sky130A_mr.drc:1275
    Edge pairs: 0 (flat)  0 (hierarchical)
    Elapsed: 0.040s  Memory: 1423.00M
"output" in: sky130A_mr.drc:1275
    Edge pairs: 0 (flat)  0 (hierarchical)
    Elapsed: 0.010s  Memory: 1423.00M
"-" in: sky130A_mr.drc:1279
    Polygons (raw): 0 (flat)  0 (hierarchical)
    Elapsed: 0.040s  Memory: 1428.00M
"output" in: sky130A_mr.drc:1279
    Polygons (raw): 0 (flat)  0 (hierarchical)
    Elapsed: 0.000s  Memory: 1428.00M
"with_area" in: sky130A_mr.drc:1281
    Polygons (raw): 0 (flat)  0 (hierarchical)
    Elapsed: 0.010s  Memory: 1428.00M
"output" in: sky130A_mr.drc:1281
    Polygons (raw): 0 (flat)  0 (hierarchical)
    Elapsed: 0.000s  Memory: 1428.00M
"holes" in: sky130A_mr.drc:1283
    Polygons (raw): 0 (flat)  0 (hierarchical)
    Elapsed: 0.000s  Memory: 1428.00M
"with_area" in: sky130A_mr.drc:1284
    Polygons (raw): 0 (flat)  0 (hierarchical)
    Elapsed: 0.000s  Memory: 1428.00M
"output" in: sky130A_mr.drc:1285
    Polygons (raw): 0 (flat)  0 (hierarchical)
    Elapsed: 0.010s  Memory: 1425.00M
END: 70/20 (m3)
START: 70/44 (via3)
"drc" in: sky130A_mr.drc:1292
    Polygons (raw): 0 (flat)  0 (hierarchical)
    Elapsed: 0.060s  Memory: 1426.00M
"-" in: sky130A_mr.drc:1293
    Polygons (raw): 9149 (flat)  9149 (hierarchical)
    Elapsed: 0.000s  Memory: 1426.00M
"-" in: sky130A_mr.drc:1298
    Polygons (raw): 9149 (flat)  9149 (hierarchical)
    Elapsed: 0.010s  Memory: 1426.00M
"non_rectangles" in: sky130A_mr.drc:1299
    Polygons (raw): 0 (flat)  0 (hierarchical)
    Elapsed: 0.040s  Memory: 1426.00M
"output" in: sky130A_mr.drc:1299
    Polygons (raw): 0 (flat)  0 (hierarchical)
    Elapsed: 0.010s  Memory: 1426.00M
"width" in: sky130A_mr.drc:1303
    Edge pairs: 0 (flat)  0 (hierarchical)
    Elapsed: 0.000s  Memory: 1426.00M
"output" in: sky130A_mr.drc:1303
    Edge pairs: 0 (flat)  0 (hierarchical)
    Elapsed: 0.000s  Memory: 1426.00M
"edges" in: sky130A_mr.drc:1308
    Edges: 36596 (flat)  36596 (hierarchical)
    Elapsed: 0.000s  Memory: 1426.00M
"without_length" in: sky130A_mr.drc:1309
    Edges: 0 (flat)  0 (hierarchical)
    Elapsed: 0.000s  Memory: 1426.00M
"output" in: sky130A_mr.drc:1310
    Edges: 0 (flat)  0 (hierarchical)
    Elapsed: 0.010s  Memory: 1426.00M
"space" in: sky130A_mr.drc:1312
    Edge pairs: 0 (flat)  0 (hierarchical)
    Elapsed: 0.020s  Memory: 1426.00M
"output" in: sky130A_mr.drc:1312
    Edge pairs: 0 (flat)  0 (hierarchical)
    Elapsed: 0.000s  Memory: 1426.00M
"enclosing" in: sky130A_mr.drc:1316
    Edge pairs: 0 (flat)  0 (hierarchical)
    Elapsed: 0.030s  Memory: 1426.00M
"output" in: sky130A_mr.drc:1316
    Edge pairs: 0 (flat)  0 (hierarchical)
    Elapsed: 0.010s  Memory: 1426.00M
"-" in: sky130A_mr.drc:1320
    Polygons (raw): 0 (flat)  0 (hierarchical)
    Elapsed: 0.030s  Memory: 1426.00M
"output" in: sky130A_mr.drc:1320
    Polygons (raw): 0 (flat)  0 (hierarchical)
    Elapsed: 0.010s  Memory: 1426.00M
"enclosing" in: sky130A_mr.drc:1326
    Edge pairs: 19495 (flat)  19495 (hierarchical)
    Elapsed: 0.040s  Memory: 1426.00M
"second_edges" in: sky130A_mr.drc:1326
    Edges: 19495 (flat)  19495 (hierarchical)
    Elapsed: 0.000s  Memory: 1426.00M
"width" in: sky130A_mr.drc:1328
    Edge pairs: 0 (flat)  0 (hierarchical)
    Elapsed: 0.040s  Memory: 1426.00M
"polygons" in: sky130A_mr.drc:1329
    Polygons (raw): 0 (flat)  0 (hierarchical)
    Elapsed: 0.000s  Memory: 1426.00M
"interacting" in: sky130A_mr.drc:1329
    Polygons (raw): 0 (flat)  0 (hierarchical)
    Elapsed: 0.010s  Memory: 1426.00M
"output" in: sky130A_mr.drc:1330
    Polygons (raw): 0 (flat)  0 (hierarchical)
    Elapsed: 0.010s  Memory: 1426.00M
END: 70/44 (via3)
START: 71/20 (m4)
"width" in: sky130A_mr.drc:1339
    Edge pairs: 0 (flat)  0 (hierarchical)
    Elapsed: 0.010s  Memory: 1426.00M
"output" in: sky130A_mr.drc:1339
    Edge pairs: 0 (flat)  0 (hierarchical)
    Elapsed: 0.010s  Memory: 1426.00M
"sized" in: sky130A_mr.drc:1341
    Polygons (raw): 0 (flat)  0 (hierarchical)
    Elapsed: 0.010s  Memory: 1426.00M
"sized" in: sky130A_mr.drc:1341
    Polygons (raw): 0 (flat)  0 (hierarchical)
    Elapsed: 0.000s  Memory: 1426.00M
"snap" in: sky130A_mr.drc:1341
    Polygons (raw): 0 (flat)  0 (hierarchical)
    Elapsed: 0.020s  Memory: 1426.00M
"&" in: sky130A_mr.drc:1341
    Polygons (raw): 0 (flat)  0 (hierarchical)
    Elapsed: 0.000s  Memory: 1418.00M
"edges" in: sky130A_mr.drc:1342
    Edges: 13412 (flat)  13412 (hierarchical)
    Elapsed: 0.000s  Memory: 1407.00M
"-" in: sky130A_mr.drc:1342
    Edges: 13412 (flat)  13412 (hierarchical)
    Elapsed: 0.000s  Memory: 1407.00M
"edges" in: sky130A_mr.drc:1343
    Edges: 0 (flat)  0 (hierarchical)
    Elapsed: 0.010s  Memory: 1407.00M
"merged" in: sky130A_mr.drc:1343
    Polygons (raw): 1010 (flat)  1010 (hierarchical)
    Elapsed: 0.010s  Memory: 1407.00M
"outside_part" in: sky130A_mr.drc:1343
    Edges: 0 (flat)  0 (hierarchical)
    Elapsed: 0.000s  Memory: 1407.00M
"space" in: sky130A_mr.drc:1345
    Edge pairs: 0 (flat)  0 (hierarchical)
    Elapsed: 0.030s  Memory: 1407.00M
"output" in: sky130A_mr.drc:1345
    Edge pairs: 0 (flat)  0 (hierarchical)
    Elapsed: 0.000s  Memory: 1407.00M
"with_area" in: sky130A_mr.drc:1350
    Polygons (raw): 0 (flat)  0 (hierarchical)
    Elapsed: 0.000s  Memory: 1407.00M
"output" in: sky130A_mr.drc:1350
    Polygons (raw): 0 (flat)  0 (hierarchical)
    Elapsed: 0.000s  Memory: 1407.00M
"separation" in: sky130A_mr.drc:1353
    Edge pairs: 0 (flat)  0 (hierarchical)
    Elapsed: 0.020s  Memory: 1407.00M
"space" in: sky130A_mr.drc:1354
    Edge pairs: 0 (flat)  0 (hierarchical)
    Elapsed: 0.010s  Memory: 1407.00M
"+" in: sky130A_mr.drc:1353
    Edge pairs: 0 (flat)  0 (hierarchical)
    Elapsed: 0.010s  Memory: 1407.00M
"output" in: sky130A_mr.drc:1355
    Edge pairs: 0 (flat)  0 (hierarchical)
    Elapsed: 0.010s  Memory: 1407.00M
"enclosing" in: sky130A_mr.drc:1363
    Edge pairs: 0 (flat)  0 (hierarchical)
    Elapsed: 0.030s  Memory: 1407.00M
"output" in: sky130A_mr.drc:1363
    Edge pairs: 0 (flat)  0 (hierarchical)
    Elapsed: 0.000s  Memory: 1407.00M
"-" in: sky130A_mr.drc:1367
    Polygons (raw): 0 (flat)  0 (hierarchical)
    Elapsed: 0.030s  Memory: 1407.00M
"output" in: sky130A_mr.drc:1367
    Polygons (raw): 0 (flat)  0 (hierarchical)
    Elapsed: 0.000s  Memory: 1407.00M
"holes" in: sky130A_mr.drc:1370
    Polygons (raw): 0 (flat)  0 (hierarchical)
    Elapsed: 0.000s  Memory: 1407.00M
"with_area" in: sky130A_mr.drc:1371
    Polygons (raw): 0 (flat)  0 (hierarchical)
    Elapsed: 0.010s  Memory: 1407.00M
"output" in: sky130A_mr.drc:1372
    Polygons (raw): 0 (flat)  0 (hierarchical)
    Elapsed: 0.010s  Memory: 1407.00M
END: 71/20 (m4)
START: 71/44 (via4)
"drc" in: sky130A_mr.drc:1378
    Polygons (raw): 0 (flat)  0 (hierarchical)
    Elapsed: 0.010s  Memory: 1407.00M
"-" in: sky130A_mr.drc:1379
    Polygons (raw): 0 (flat)  0 (hierarchical)
    Elapsed: 0.010s  Memory: 1407.00M
"-" in: sky130A_mr.drc:1384
    Polygons (raw): 0 (flat)  0 (hierarchical)
    Elapsed: 0.000s  Memory: 1407.00M
"non_rectangles" in: sky130A_mr.drc:1385
    Polygons (raw): 0 (flat)  0 (hierarchical)
    Elapsed: 0.010s  Memory: 1407.00M
"output" in: sky130A_mr.drc:1385
    Polygons (raw): 0 (flat)  0 (hierarchical)
    Elapsed: 0.000s  Memory: 1407.00M
"width" in: sky130A_mr.drc:1389
    Edge pairs: 0 (flat)  0 (hierarchical)
    Elapsed: 0.010s  Memory: 1407.00M
"output" in: sky130A_mr.drc:1389
    Edge pairs: 0 (flat)  0 (hierarchical)
    Elapsed: 0.010s  Memory: 1407.00M
"drc" in: sky130A_mr.drc:1393
    Edges: 0 (flat)  0 (hierarchical)
    Elapsed: 0.010s  Memory: 1407.00M
"output" in: sky130A_mr.drc:1393
    Edges: 0 (flat)  0 (hierarchical)
    Elapsed: 0.000s  Memory: 1407.00M
"space" in: sky130A_mr.drc:1399
    Edge pairs: 0 (flat)  0 (hierarchical)
    Elapsed: 0.010s  Memory: 1407.00M
"polygons" in: sky130A_mr.drc:1400
    Polygons (raw): 0 (flat)  0 (hierarchical)
    Elapsed: 0.000s  Memory: 1407.00M
"output" in: sky130A_mr.drc:1401
    Polygons (raw): 0 (flat)  0 (hierarchical)
    Elapsed: 0.010s  Memory: 1407.00M
"width" in: sky130A_mr.drc:1404
    Edge pairs: 0 (flat)  0 (hierarchical)
    Elapsed: 0.000s  Memory: 1407.00M
"output" in: sky130A_mr.drc:1404
    Edge pairs: 0 (flat)  0 (hierarchical)
    Elapsed: 0.010s  Memory: 1407.00M
"drc" in: sky130A_mr.drc:1408
    Edge pairs: 0 (flat)  0 (hierarchical)
    Elapsed: 0.020s  Memory: 1407.00M
"output" in: sky130A_mr.drc:1408
    Edge pairs: 0 (flat)  0 (hierarchical)
    Elapsed: 0.010s  Memory: 1407.00M
"-" in: sky130A_mr.drc:1412
    Polygons (raw): 0 (flat)  0 (hierarchical)
    Elapsed: 0.010s  Memory: 1407.00M
"output" in: sky130A_mr.drc:1412
    Polygons (raw): 0 (flat)  0 (hierarchical)
    Elapsed: 0.000s  Memory: 1407.00M
"enclosing" in: sky130A_mr.drc:1418
    Edge pairs: 0 (flat)  0 (hierarchical)
    Elapsed: 0.010s  Memory: 1407.00M
"output" in: sky130A_mr.drc:1418
    Edge pairs: 0 (flat)  0 (hierarchical)
    Elapsed: 0.010s  Memory: 1407.00M
"-" in: sky130A_mr.drc:1422
    Polygons (raw): 0 (flat)  0 (hierarchical)
    Elapsed: 0.000s  Memory: 1407.00M
"output" in: sky130A_mr.drc:1422
    Polygons (raw): 0 (flat)  0 (hierarchical)
    Elapsed: 0.010s  Memory: 1407.00M
END: 71/44 (via4)
START: 72/20 (m5)
"width" in: sky130A_mr.drc:1427
    Edge pairs: 0 (flat)  0 (hierarchical)
    Elapsed: 0.000s  Memory: 1407.00M
"output" in: sky130A_mr.drc:1427
    Edge pairs: 0 (flat)  0 (hierarchical)
    Elapsed: 0.000s  Memory: 1407.00M
"space" in: sky130A_mr.drc:1429
    Edge pairs: 0 (flat)  0 (hierarchical)
    Elapsed: 0.010s  Memory: 1407.00M
"output" in: sky130A_mr.drc:1429
    Edge pairs: 0 (flat)  0 (hierarchical)
    Elapsed: 0.010s  Memory: 1407.00M
"enclosing" in: sky130A_mr.drc:1431
    Edge pairs: 0 (flat)  0 (hierarchical)
    Elapsed: 0.000s  Memory: 1407.00M
"output" in: sky130A_mr.drc:1431
    Edge pairs: 0 (flat)  0 (hierarchical)
    Elapsed: 0.010s  Memory: 1407.00M
"-" in: sky130A_mr.drc:1435
    Polygons (raw): 0 (flat)  0 (hierarchical)
    Elapsed: 0.010s  Memory: 1407.00M
"output" in: sky130A_mr.drc:1435
    Polygons (raw): 0 (flat)  0 (hierarchical)
    Elapsed: 0.000s  Memory: 1407.00M
"with_area" in: sky130A_mr.drc:1442
    Polygons (raw): 0 (flat)  0 (hierarchical)
    Elapsed: 0.010s  Memory: 1407.00M
"output" in: sky130A_mr.drc:1442
    Polygons (raw): 0 (flat)  0 (hierarchical)
    Elapsed: 0.010s  Memory: 1407.00M
"holes" in: sky130A_mr.drc:1444
    Polygons (raw): 0 (flat)  0 (hierarchical)
    Elapsed: 0.000s  Memory: 1407.00M
"with_area" in: sky130A_mr.drc:1445
    Polygons (raw): 0 (flat)  0 (hierarchical)
    Elapsed: 0.010s  Memory: 1407.00M
"output" in: sky130A_mr.drc:1446
    Polygons (raw): 0 (flat)  0 (hierarchical)
    Elapsed: 0.010s  Memory: 1407.00M
END: 72/20 (m5)
START: 76/20 (pad)
"space" in: sky130A_mr.drc:1451
    Edge pairs: 0 (flat)  0 (hierarchical)
    Elapsed: 0.000s  Memory: 1407.00M
"output" in: sky130A_mr.drc:1451
    Edge pairs: 0 (flat)  0 (hierarchical)
    Elapsed: 0.010s  Memory: 1407.00M
END: 76/20 (pad)
START: 81/10 (moduleCut)
"output" in: sky130A_mr.drc:1457
    Polygons (raw): 0 (flat)  0 (hierarchical)
    Elapsed: 0.010s  Memory: 1407.00M
END: 81/10 (moduleCut)
FEOL section
START: 75/20 (hvi)
"-" in: sky130A_mr.drc:1470
    Polygons (raw): 0 (flat)  0 (hierarchical)
    Elapsed: 0.000s  Memory: 1407.00M
"width" in: sky130A_mr.drc:1471
    Edge pairs: 0 (flat)  0 (hierarchical)
    Elapsed: 0.010s  Memory: 1407.00M
"output" in: sky130A_mr.drc:1471
    Edge pairs: 0 (flat)  0 (hierarchical)
    Elapsed: 0.010s  Memory: 1407.00M
"space" in: sky130A_mr.drc:1475
    Edge pairs: 0 (flat)  0 (hierarchical)
    Elapsed: 0.000s  Memory: 1407.00M
"output" in: sky130A_mr.drc:1475
    Edge pairs: 0 (flat)  0 (hierarchical)
    Elapsed: 0.010s  Memory: 1407.00M
END: 75/20 (hvi)
START: 125/20 (hvntm)
"-" in: sky130A_mr.drc:1483
    Polygons (raw): 0 (flat)  0 (hierarchical)
    Elapsed: 0.010s  Memory: 1407.00M
"width" in: sky130A_mr.drc:1484
    Edge pairs: 0 (flat)  0 (hierarchical)
    Elapsed: 0.000s  Memory: 1407.00M
"output" in: sky130A_mr.drc:1484
    Edge pairs: 0 (flat)  0 (hierarchical)
    Elapsed: 0.000s  Memory: 1407.00M
"space" in: sky130A_mr.drc:1488
    Edge pairs: 0 (flat)  0 (hierarchical)
    Elapsed: 0.010s  Memory: 1407.00M
"output" in: sky130A_mr.drc:1488
    Edge pairs: 0 (flat)  0 (hierarchical)
    Elapsed: 0.010s  Memory: 1407.00M
END: 125/20 (hvntm)
OFFGRID-ANGLES section
"ongrid" in: sky130A_mr.drc:1498
    Edge pairs: 0 (flat)  0 (hierarchical)
    Elapsed: 0.000s  Memory: 1408.00M
"output" in: sky130A_mr.drc:1498
    Edge pairs: 0 (flat)  0 (hierarchical)
    Elapsed: 0.000s  Memory: 1408.00M
"with_angle" in: sky130A_mr.drc:1502
    Edge pairs: 0 (flat)  0 (hierarchical)
    Elapsed: 0.010s  Memory: 1408.00M
"output" in: sky130A_mr.drc:1502
    Edge pairs: 0 (flat)  0 (hierarchical)
    Elapsed: 0.010s  Memory: 1408.00M
"ongrid" in: sky130A_mr.drc:1506
    Edge pairs: 0 (flat)  0 (hierarchical)
    Elapsed: 0.000s  Memory: 1408.00M
"output" in: sky130A_mr.drc:1506
    Edge pairs: 0 (flat)  0 (hierarchical)
    Elapsed: 0.000s  Memory: 1408.00M
"with_angle" in: sky130A_mr.drc:1507
    Edge pairs: 0 (flat)  0 (hierarchical)
    Elapsed: 0.000s  Memory: 1408.00M
"output" in: sky130A_mr.drc:1507
    Edge pairs: 0 (flat)  0 (hierarchical)
    Elapsed: 0.010s  Memory: 1408.00M
"ongrid" in: sky130A_mr.drc:1511
    Edge pairs: 0 (flat)  0 (hierarchical)
    Elapsed: 0.010s  Memory: 1408.00M
"output" in: sky130A_mr.drc:1511
    Edge pairs: 0 (flat)  0 (hierarchical)
    Elapsed: 0.000s  Memory: 1408.00M
"with_angle" in: sky130A_mr.drc:1512
    Edge pairs: 0 (flat)  0 (hierarchical)
    Elapsed: 0.000s  Memory: 1408.00M
"output" in: sky130A_mr.drc:1512
    Edge pairs: 0 (flat)  0 (hierarchical)
    Elapsed: 0.010s  Memory: 1408.00M
"ongrid" in: sky130A_mr.drc:1513
    Edge pairs: 0 (flat)  0 (hierarchical)
    Elapsed: 0.010s  Memory: 1408.00M
"output" in: sky130A_mr.drc:1513
    Edge pairs: 0 (flat)  0 (hierarchical)
    Elapsed: 0.000s  Memory: 1408.00M
"with_angle" in: sky130A_mr.drc:1514
    Edge pairs: 0 (flat)  0 (hierarchical)
    Elapsed: 0.000s  Memory: 1408.00M
"output" in: sky130A_mr.drc:1514
    Edge pairs: 0 (flat)  0 (hierarchical)
    Elapsed: 0.010s  Memory: 1408.00M
"ongrid" in: sky130A_mr.drc:1515
    Edge pairs: 0 (flat)  0 (hierarchical)
    Elapsed: 0.010s  Memory: 1408.00M
"output" in: sky130A_mr.drc:1515
    Edge pairs: 0 (flat)  0 (hierarchical)
    Elapsed: 0.010s  Memory: 1408.00M
"with_angle" in: sky130A_mr.drc:1516
    Edge pairs: 0 (flat)  0 (hierarchical)
    Elapsed: 0.000s  Memory: 1408.00M
"output" in: sky130A_mr.drc:1516
    Edge pairs: 0 (flat)  0 (hierarchical)
    Elapsed: 0.010s  Memory: 1408.00M
"ongrid" in: sky130A_mr.drc:1517
    Edge pairs: 0 (flat)  0 (hierarchical)
    Elapsed: 0.000s  Memory: 1408.00M
"output" in: sky130A_mr.drc:1517
    Edge pairs: 0 (flat)  0 (hierarchical)
    Elapsed: 0.010s  Memory: 1408.00M
"with_angle" in: sky130A_mr.drc:1518
    Edge pairs: 0 (flat)  0 (hierarchical)
    Elapsed: 0.000s  Memory: 1408.00M
"output" in: sky130A_mr.drc:1518
    Edge pairs: 0 (flat)  0 (hierarchical)
    Elapsed: 0.010s  Memory: 1408.00M
"ongrid" in: sky130A_mr.drc:1519
    Edge pairs: 0 (flat)  0 (hierarchical)
    Elapsed: 0.010s  Memory: 1408.00M
"output" in: sky130A_mr.drc:1519
    Edge pairs: 0 (flat)  0 (hierarchical)
    Elapsed: 0.000s  Memory: 1408.00M
"with_angle" in: sky130A_mr.drc:1520
    Edge pairs: 0 (flat)  0 (hierarchical)
    Elapsed: 0.000s  Memory: 1408.00M
"output" in: sky130A_mr.drc:1520
    Edge pairs: 0 (flat)  0 (hierarchical)
    Elapsed: 0.010s  Memory: 1408.00M
"ongrid" in: sky130A_mr.drc:1521
    Edge pairs: 0 (flat)  0 (hierarchical)
    Elapsed: 0.010s  Memory: 1408.00M
"output" in: sky130A_mr.drc:1521
    Edge pairs: 0 (flat)  0 (hierarchical)
    Elapsed: 0.000s  Memory: 1408.00M
"with_angle" in: sky130A_mr.drc:1522
    Edge pairs: 0 (flat)  0 (hierarchical)
    Elapsed: 0.000s  Memory: 1408.00M
"output" in: sky130A_mr.drc:1522
    Edge pairs: 0 (flat)  0 (hierarchical)
    Elapsed: 0.020s  Memory: 1408.00M
"ongrid" in: sky130A_mr.drc:1523
    Edge pairs: 0 (flat)  0 (hierarchical)
    Elapsed: 0.010s  Memory: 1408.00M
"output" in: sky130A_mr.drc:1523
    Edge pairs: 0 (flat)  0 (hierarchical)
    Elapsed: 0.010s  Memory: 1408.00M
"ongrid" in: sky130A_mr.drc:1524
    Edge pairs: 0 (flat)  0 (hierarchical)
    Elapsed: 0.010s  Memory: 1408.00M
"output" in: sky130A_mr.drc:1524
    Edge pairs: 0 (flat)  0 (hierarchical)
    Elapsed: 0.000s  Memory: 1408.00M
"&" in: sky130A_mr.drc:1526
    Polygons (raw): 0 (flat)  0 (hierarchical)
    Elapsed: 0.010s  Memory: 1408.00M
"-" in: sky130A_mr.drc:1526
    Polygons (raw): 247202 (flat)  327 (hierarchical)
    Elapsed: 0.010s  Memory: 1408.00M
"with_angle" in: sky130A_mr.drc:1527
    Edge pairs: 0 (flat)  0 (hierarchical)
    Elapsed: 0.070s  Memory: 1408.00M
"output" in: sky130A_mr.drc:1528
    Edge pairs: 0 (flat)  0 (hierarchical)
    Elapsed: 0.000s  Memory: 1408.00M
"&" in: sky130A_mr.drc:1530
    Polygons (raw): 0 (flat)  0 (hierarchical)
    Elapsed: 0.000s  Memory: 1408.00M
"&" in: sky130A_mr.drc:1530
    Polygons (raw): 0 (flat)  0 (hierarchical)
    Elapsed: 0.010s  Memory: 1408.00M
"with_angle" in: sky130A_mr.drc:1531
    Edge pairs: 0 (flat)  0 (hierarchical)
    Elapsed: 0.000s  Memory: 1408.00M
"output" in: sky130A_mr.drc:1532
    Edge pairs: 0 (flat)  0 (hierarchical)
    Elapsed: 0.000s  Memory: 1408.00M
"&" in: sky130A_mr.drc:1534
    Polygons (raw): 0 (flat)  0 (hierarchical)
    Elapsed: 0.010s  Memory: 1408.00M
"-" in: sky130A_mr.drc:1534
    Polygons (raw): 17872 (flat)  2 (hierarchical)
    Elapsed: 0.000s  Memory: 1408.00M
"with_angle" in: sky130A_mr.drc:1535
    Edge pairs: 0 (flat)  0 (hierarchical)
    Elapsed: 0.010s  Memory: 1408.00M
"output" in: sky130A_mr.drc:1536
    Edge pairs: 0 (flat)  0 (hierarchical)
    Elapsed: 0.000s  Memory: 1408.00M
"&" in: sky130A_mr.drc:1538
    Polygons (raw): 0 (flat)  0 (hierarchical)
    Elapsed: 0.010s  Memory: 1408.00M
"&" in: sky130A_mr.drc:1538
    Polygons (raw): 0 (flat)  0 (hierarchical)
    Elapsed: 0.000s  Memory: 1408.00M
"with_angle" in: sky130A_mr.drc:1539
    Edge pairs: 0 (flat)  0 (hierarchical)
    Elapsed: 0.000s  Memory: 1408.00M
"output" in: sky130A_mr.drc:1540
    Edge pairs: 0 (flat)  0 (hierarchical)
    Elapsed: 0.010s  Memory: 1408.00M
"ongrid" in: sky130A_mr.drc:1541
    Edge pairs: 0 (flat)  0 (hierarchical)
    Elapsed: 0.010s  Memory: 1408.00M
"output" in: sky130A_mr.drc:1541
    Edge pairs: 0 (flat)  0 (hierarchical)
    Elapsed: 0.000s  Memory: 1408.00M
"with_angle" in: sky130A_mr.drc:1542
    Edge pairs: 0 (flat)  0 (hierarchical)
    Elapsed: 0.000s  Memory: 1408.00M
"output" in: sky130A_mr.drc:1542
    Edge pairs: 0 (flat)  0 (hierarchical)
    Elapsed: 0.010s  Memory: 1408.00M
"ongrid" in: sky130A_mr.drc:1543
    Edge pairs: 0 (flat)  0 (hierarchical)
    Elapsed: 0.010s  Memory: 1408.00M
"output" in: sky130A_mr.drc:1543
    Edge pairs: 0 (flat)  0 (hierarchical)
    Elapsed: 0.010s  Memory: 1408.00M
"with_angle" in: sky130A_mr.drc:1544
    Edge pairs: 0 (flat)  0 (hierarchical)
    Elapsed: 0.000s  Memory: 1408.00M
"output" in: sky130A_mr.drc:1544
    Edge pairs: 0 (flat)  0 (hierarchical)
    Elapsed: 0.000s  Memory: 1408.00M
"ongrid" in: sky130A_mr.drc:1545
    Edge pairs: 0 (flat)  0 (hierarchical)
    Elapsed: 0.000s  Memory: 1408.00M
"output" in: sky130A_mr.drc:1545
    Edge pairs: 0 (flat)  0 (hierarchical)
    Elapsed: 0.000s  Memory: 1408.00M
"with_angle" in: sky130A_mr.drc:1546
    Edge pairs: 0 (flat)  0 (hierarchical)
    Elapsed: 0.010s  Memory: 1408.00M
"output" in: sky130A_mr.drc:1546
    Edge pairs: 0 (flat)  0 (hierarchical)
    Elapsed: 0.000s  Memory: 1408.00M
"ongrid" in: sky130A_mr.drc:1547
    Edge pairs: 0 (flat)  0 (hierarchical)
    Elapsed: 0.010s  Memory: 1410.00M
"output" in: sky130A_mr.drc:1547
    Edge pairs: 0 (flat)  0 (hierarchical)
    Elapsed: 0.010s  Memory: 1410.00M
"with_angle" in: sky130A_mr.drc:1548
    Edge pairs: 0 (flat)  0 (hierarchical)
    Elapsed: 0.010s  Memory: 1410.00M
"output" in: sky130A_mr.drc:1548
    Edge pairs: 0 (flat)  0 (hierarchical)
    Elapsed: 0.010s  Memory: 1410.00M
"ongrid" in: sky130A_mr.drc:1549
    Edge pairs: 0 (flat)  0 (hierarchical)
    Elapsed: 0.000s  Memory: 1410.00M
"output" in: sky130A_mr.drc:1549
    Edge pairs: 0 (flat)  0 (hierarchical)
    Elapsed: 0.020s  Memory: 1410.00M
"with_angle" in: sky130A_mr.drc:1550
    Edge pairs: 0 (flat)  0 (hierarchical)
    Elapsed: 0.000s  Memory: 1410.00M
"output" in: sky130A_mr.drc:1550
    Edge pairs: 0 (flat)  0 (hierarchical)
    Elapsed: 0.010s  Memory: 1410.00M
"ongrid" in: sky130A_mr.drc:1551
    Edge pairs: 0 (flat)  0 (hierarchical)
    Elapsed: 0.010s  Memory: 1411.00M
"output" in: sky130A_mr.drc:1551
    Edge pairs: 0 (flat)  0 (hierarchical)
    Elapsed: 0.010s  Memory: 1411.00M
"with_angle" in: sky130A_mr.drc:1552
    Edge pairs: 0 (flat)  0 (hierarchical)
    Elapsed: 0.000s  Memory: 1411.00M
"output" in: sky130A_mr.drc:1552
    Edge pairs: 0 (flat)  0 (hierarchical)
    Elapsed: 0.010s  Memory: 1411.00M
"ongrid" in: sky130A_mr.drc:1553
    Edge pairs: 0 (flat)  0 (hierarchical)
    Elapsed: 0.010s  Memory: 1411.00M
"output" in: sky130A_mr.drc:1553
    Edge pairs: 0 (flat)  0 (hierarchical)
    Elapsed: 0.000s  Memory: 1411.00M
"with_angle" in: sky130A_mr.drc:1554
    Edge pairs: 0 (flat)  0 (hierarchical)
    Elapsed: 0.010s  Memory: 1411.00M
"output" in: sky130A_mr.drc:1554
    Edge pairs: 0 (flat)  0 (hierarchical)
    Elapsed: 0.000s  Memory: 1411.00M
"ongrid" in: sky130A_mr.drc:1558
    Edge pairs: 0 (flat)  0 (hierarchical)
    Elapsed: 0.030s  Memory: 1416.00M
"output" in: sky130A_mr.drc:1558
    Edge pairs: 0 (flat)  0 (hierarchical)
    Elapsed: 0.010s  Memory: 1416.00M
"with_angle" in: sky130A_mr.drc:1559
    Edge pairs: 0 (flat)  0 (hierarchical)
    Elapsed: 0.030s  Memory: 1416.00M
"output" in: sky130A_mr.drc:1559
    Edge pairs: 0 (flat)  0 (hierarchical)
    Elapsed: 0.000s  Memory: 1416.00M
"ongrid" in: sky130A_mr.drc:1560
    Edge pairs: 0 (flat)  0 (hierarchical)
    Elapsed: 0.060s  Memory: 1416.00M
"output" in: sky130A_mr.drc:1560
    Edge pairs: 0 (flat)  0 (hierarchical)
    Elapsed: 0.010s  Memory: 1416.00M
"with_angle" in: sky130A_mr.drc:1561
    Edge pairs: 0 (flat)  0 (hierarchical)
    Elapsed: 0.060s  Memory: 1416.00M
"output" in: sky130A_mr.drc:1561
    Edge pairs: 0 (flat)  0 (hierarchical)
    Elapsed: 0.010s  Memory: 1416.00M
"ongrid" in: sky130A_mr.drc:1562
    Edge pairs: 0 (flat)  0 (hierarchical)
    Elapsed: 0.000s  Memory: 1416.00M
"output" in: sky130A_mr.drc:1562
    Edge pairs: 0 (flat)  0 (hierarchical)
    Elapsed: 0.000s  Memory: 1416.00M
"with_angle" in: sky130A_mr.drc:1563
    Edge pairs: 0 (flat)  0 (hierarchical)
    Elapsed: 0.010s  Memory: 1416.00M
"output" in: sky130A_mr.drc:1563
    Edge pairs: 0 (flat)  0 (hierarchical)
    Elapsed: 0.010s  Memory: 1416.00M
"ongrid" in: sky130A_mr.drc:1564
    Edge pairs: 0 (flat)  0 (hierarchical)
    Elapsed: 0.020s  Memory: 1416.00M
"output" in: sky130A_mr.drc:1564
    Edge pairs: 0 (flat)  0 (hierarchical)
    Elapsed: 0.010s  Memory: 1416.00M
"with_angle" in: sky130A_mr.drc:1565
    Edge pairs: 0 (flat)  0 (hierarchical)
    Elapsed: 0.020s  Memory: 1416.00M
"output" in: sky130A_mr.drc:1565
    Edge pairs: 0 (flat)  0 (hierarchical)
    Elapsed: 0.000s  Memory: 1416.00M
"ongrid" in: sky130A_mr.drc:1566
    Edge pairs: 0 (flat)  0 (hierarchical)
    Elapsed: 0.010s  Memory: 1416.00M
"output" in: sky130A_mr.drc:1566
    Edge pairs: 0 (flat)  0 (hierarchical)
    Elapsed: 0.010s  Memory: 1416.00M
"with_angle" in: sky130A_mr.drc:1567
    Edge pairs: 0 (flat)  0 (hierarchical)
    Elapsed: 0.010s  Memory: 1416.00M
"output" in: sky130A_mr.drc:1567
    Edge pairs: 0 (flat)  0 (hierarchical)
    Elapsed: 0.000s  Memory: 1416.00M
"ongrid" in: sky130A_mr.drc:1568
    Edge pairs: 0 (flat)  0 (hierarchical)
    Elapsed: 0.020s  Memory: 1416.00M
"output" in: sky130A_mr.drc:1568
    Edge pairs: 0 (flat)  0 (hierarchical)
    Elapsed: 0.010s  Memory: 1416.00M
"with_angle" in: sky130A_mr.drc:1569
    Edge pairs: 0 (flat)  0 (hierarchical)
    Elapsed: 0.010s  Memory: 1416.00M
"output" in: sky130A_mr.drc:1569
    Edge pairs: 0 (flat)  0 (hierarchical)
    Elapsed: 0.010s  Memory: 1416.00M
"ongrid" in: sky130A_mr.drc:1570
    Edge pairs: 0 (flat)  0 (hierarchical)
    Elapsed: 0.010s  Memory: 1416.00M
"output" in: sky130A_mr.drc:1570
    Edge pairs: 0 (flat)  0 (hierarchical)
    Elapsed: 0.010s  Memory: 1416.00M
"with_angle" in: sky130A_mr.drc:1571
    Edge pairs: 0 (flat)  0 (hierarchical)
    Elapsed: 0.000s  Memory: 1416.00M
"output" in: sky130A_mr.drc:1571
    Edge pairs: 0 (flat)  0 (hierarchical)
    Elapsed: 0.010s  Memory: 1416.00M
"ongrid" in: sky130A_mr.drc:1572
    Edge pairs: 0 (flat)  0 (hierarchical)
    Elapsed: 0.010s  Memory: 1416.00M
"output" in: sky130A_mr.drc:1572
    Edge pairs: 0 (flat)  0 (hierarchical)
    Elapsed: 0.010s  Memory: 1416.00M
"with_angle" in: sky130A_mr.drc:1573
    Edge pairs: 0 (flat)  0 (hierarchical)
    Elapsed: 0.000s  Memory: 1416.00M
"output" in: sky130A_mr.drc:1573
    Edge pairs: 0 (flat)  0 (hierarchical)
    Elapsed: 0.010s  Memory: 1416.00M
"ongrid" in: sky130A_mr.drc:1574
    Edge pairs: 0 (flat)  0 (hierarchical)
    Elapsed: 0.010s  Memory: 1416.00M
"output" in: sky130A_mr.drc:1574
    Edge pairs: 0 (flat)  0 (hierarchical)
    Elapsed: 0.000s  Memory: 1416.00M
"with_angle" in: sky130A_mr.drc:1575
    Edge pairs: 0 (flat)  0 (hierarchical)
    Elapsed: 0.000s  Memory: 1416.00M
"output" in: sky130A_mr.drc:1575
    Edge pairs: 0 (flat)  0 (hierarchical)
    Elapsed: 0.000s  Memory: 1416.00M
"ongrid" in: sky130A_mr.drc:1576
    Edge pairs: 0 (flat)  0 (hierarchical)
    Elapsed: 0.000s  Memory: 1416.00M
"output" in: sky130A_mr.drc:1576
    Edge pairs: 0 (flat)  0 (hierarchical)
    Elapsed: 0.000s  Memory: 1416.00M
"with_angle" in: sky130A_mr.drc:1577
    Edge pairs: 0 (flat)  0 (hierarchical)
    Elapsed: 0.010s  Memory: 1416.00M
"output" in: sky130A_mr.drc:1577
    Edge pairs: 0 (flat)  0 (hierarchical)
    Elapsed: 0.000s  Memory: 1416.00M
"ongrid" in: sky130A_mr.drc:1578
    Edge pairs: 0 (flat)  0 (hierarchical)
    Elapsed: 0.010s  Memory: 1416.00M
"output" in: sky130A_mr.drc:1578
    Edge pairs: 0 (flat)  0 (hierarchical)
    Elapsed: 0.010s  Memory: 1416.00M
"with_angle" in: sky130A_mr.drc:1579
    Edge pairs: 0 (flat)  0 (hierarchical)
    Elapsed: 0.000s  Memory: 1416.00M
"output" in: sky130A_mr.drc:1579
    Edge pairs: 0 (flat)  0 (hierarchical)
    Elapsed: 0.010s  Memory: 1416.00M
"ongrid" in: sky130A_mr.drc:1580
    Edge pairs: 0 (flat)  0 (hierarchical)
    Elapsed: 0.000s  Memory: 1416.00M
"output" in: sky130A_mr.drc:1580
    Edge pairs: 0 (flat)  0 (hierarchical)
    Elapsed: 0.000s  Memory: 1416.00M
"with_angle" in: sky130A_mr.drc:1581
    Edge pairs: 0 (flat)  0 (hierarchical)
    Elapsed: 0.000s  Memory: 1416.00M
"output" in: sky130A_mr.drc:1581
    Edge pairs: 0 (flat)  0 (hierarchical)
    Elapsed: 0.010s  Memory: 1416.00M
"ongrid" in: sky130A_mr.drc:1582
    Edge pairs: 0 (flat)  0 (hierarchical)
    Elapsed: 0.000s  Memory: 1416.00M
"output" in: sky130A_mr.drc:1582
    Edge pairs: 0 (flat)  0 (hierarchical)
    Elapsed: 0.000s  Memory: 1416.00M
"with_angle" in: sky130A_mr.drc:1583
    Edge pairs: 0 (flat)  0 (hierarchical)
    Elapsed: 0.000s  Memory: 1416.00M
"output" in: sky130A_mr.drc:1583
    Edge pairs: 0 (flat)  0 (hierarchical)
    Elapsed: 0.010s  Memory: 1416.00M
"ongrid" in: sky130A_mr.drc:1584
    Edge pairs: 0 (flat)  0 (hierarchical)
    Elapsed: 0.010s  Memory: 1409.00M
"output" in: sky130A_mr.drc:1584
    Edge pairs: 0 (flat)  0 (hierarchical)
    Elapsed: 0.000s  Memory: 1409.00M
"with_angle" in: sky130A_mr.drc:1585
    Edge pairs: 0 (flat)  0 (hierarchical)
    Elapsed: 0.000s  Memory: 1409.00M
"output" in: sky130A_mr.drc:1585
    Edge pairs: 0 (flat)  0 (hierarchical)
    Elapsed: 0.010s  Memory: 1409.00M
"ongrid" in: sky130A_mr.drc:1586
    Edge pairs: 0 (flat)  0 (hierarchical)
    Elapsed: 0.000s  Memory: 1409.00M
"output" in: sky130A_mr.drc:1586
    Edge pairs: 0 (flat)  0 (hierarchical)
    Elapsed: 0.000s  Memory: 1409.00M
"with_angle" in: sky130A_mr.drc:1587
    Edge pairs: 0 (flat)  0 (hierarchical)
    Elapsed: 0.000s  Memory: 1409.00M
"output" in: sky130A_mr.drc:1587
    Edge pairs: 0 (flat)  0 (hierarchical)
    Elapsed: 0.010s  Memory: 1409.00M
"ongrid" in: sky130A_mr.drc:1588
    Edge pairs: 0 (flat)  0 (hierarchical)
    Elapsed: 0.000s  Memory: 1409.00M
"output" in: sky130A_mr.drc:1588
    Edge pairs: 0 (flat)  0 (hierarchical)
    Elapsed: 0.010s  Memory: 1409.00M
"with_angle" in: sky130A_mr.drc:1589
    Edge pairs: 0 (flat)  0 (hierarchical)
    Elapsed: 0.010s  Memory: 1409.00M
"output" in: sky130A_mr.drc:1589
    Edge pairs: 0 (flat)  0 (hierarchical)
    Elapsed: 0.010s  Memory: 1410.00M
"ongrid" in: sky130A_mr.drc:1590
    Edge pairs: 0 (flat)  0 (hierarchical)
    Elapsed: 0.000s  Memory: 1410.00M
"output" in: sky130A_mr.drc:1590
    Edge pairs: 0 (flat)  0 (hierarchical)
    Elapsed: 0.000s  Memory: 1410.00M
"with_angle" in: sky130A_mr.drc:1591
    Edge pairs: 0 (flat)  0 (hierarchical)
    Elapsed: 0.000s  Memory: 1410.00M
"output" in: sky130A_mr.drc:1591
    Edge pairs: 0 (flat)  0 (hierarchical)
    Elapsed: 0.010s  Memory: 1410.00M
"ongrid" in: sky130A_mr.drc:1595
    Edge pairs: 0 (flat)  0 (hierarchical)
    Elapsed: 0.000s  Memory: 1410.00M
"output" in: sky130A_mr.drc:1595
    Edge pairs: 0 (flat)  0 (hierarchical)
    Elapsed: 0.010s  Memory: 1410.00M
"with_angle" in: sky130A_mr.drc:1596
    Edge pairs: 0 (flat)  0 (hierarchical)
    Elapsed: 0.000s  Memory: 1410.00M
"output" in: sky130A_mr.drc:1596
    Edge pairs: 0 (flat)  0 (hierarchical)
    Elapsed: 0.010s  Memory: 1410.00M
"ongrid" in: sky130A_mr.drc:1597
    Edge pairs: 0 (flat)  0 (hierarchical)
    Elapsed: 0.000s  Memory: 1410.00M
"output" in: sky130A_mr.drc:1597
    Edge pairs: 0 (flat)  0 (hierarchical)
    Elapsed: 0.000s  Memory: 1410.00M
"with_angle" in: sky130A_mr.drc:1598
    Edge pairs: 0 (flat)  0 (hierarchical)
    Elapsed: 0.000s  Memory: 1410.00M
"output" in: sky130A_mr.drc:1598
    Edge pairs: 0 (flat)  0 (hierarchical)
    Elapsed: 0.010s  Memory: 1410.00M
"ongrid" in: sky130A_mr.drc:1599
    Edge pairs: 0 (flat)  0 (hierarchical)
    Elapsed: 0.000s  Memory: 1410.00M
"output" in: sky130A_mr.drc:1599
    Edge pairs: 0 (flat)  0 (hierarchical)
    Elapsed: 0.000s  Memory: 1410.00M
"with_angle" in: sky130A_mr.drc:1603
    Edge pairs: 0 (flat)  0 (hierarchical)
    Elapsed: 0.010s  Memory: 1410.00M
"output" in: sky130A_mr.drc:1603
    Edge pairs: 0 (flat)  0 (hierarchical)
    Elapsed: 0.010s  Memory: 1410.00M
"ongrid" in: sky130A_mr.drc:1607
    Edge pairs: 0 (flat)  0 (hierarchical)
    Elapsed: 0.000s  Memory: 1410.00M
"output" in: sky130A_mr.drc:1607
    Edge pairs: 0 (flat)  0 (hierarchical)
    Elapsed: 0.000s  Memory: 1410.00M
Writing report database: /Users/yomna/Documents/projects/harts/flow/openlane/runs/classic-flow/66-klayout-drc/reports/drc.klayout.lyrdb ..
Total elapsed: 159.130s  Memory: 1414.00M
Args:
	sram_exclude: false
	feol: true
	beol: true
	floating_met: false
	offgrid: true
	seal: true
 
Cell exclusion list:
   rule    | cell
   nwell.6 | sky130_fd_io__gpiov2_amux, sky130_fd_io__simple_pad_and_busses
 
release 2024.2.11_01.09
