Total number of Clock Roots: 1.
Total number of Buffers Inserted: 349.
Total number of Clock Subnets: 349.
Total number of Sinks: 2862.
Cells used:
  sky130_fd_sc_hd__clkbuf_8: 316
  sky130_fd_sc_hd__clkbuf_16: 33
Dummys used:
  sky130_fd_sc_hd__bufinv_16: 12
  sky130_fd_sc_hd__clkbuf_4: 105
  sky130_fd_sc_hd__clkbuf_8: 97
  sky130_fd_sc_hd__clkinv_1: 1
  sky130_fd_sc_hd__clkinv_2: 36
  sky130_fd_sc_hd__clkinv_4: 3
  sky130_fd_sc_hd__clkinv_8: 2
  sky130_fd_sc_hd__clkinvlp_4: 8
  sky130_fd_sc_hd__inv_4: 4
  sky130_fd_sc_hd__inv_6: 7
  sky130_fd_sc_hd__inv_8: 6
  sky130_fd_sc_hd__inv_12: 1
