153. Printing statistics.

=== hw_scheduler_top ===

        +----------Local Count, excluding submodules.
        |        +-Local Area, excluding submodules.
        |        | 
    16256        - wires
    16263        - wire bits
     2868        - public wires
     2875        - public wire bits
       11        - ports
       18        - port bits
    16248 2.08E+05 cells
       60   750.72   sky130_fd_sc_hd__a2111o_2
       11  165.158   sky130_fd_sc_hd__a2111oi_2
      349  3493.35   sky130_fd_sc_hd__a211o_2
      312  3.9E+03   sky130_fd_sc_hd__a211oi_2
       26   260.25   sky130_fd_sc_hd__a21bo_2
       20  225.216   sky130_fd_sc_hd__a21boi_2
      258 2.26E+03   sky130_fd_sc_hd__a21o_2
      557 4.88E+03   sky130_fd_sc_hd__a21oi_2
      525  5911.92   sky130_fd_sc_hd__a221o_2
      142 2.13E+03   sky130_fd_sc_hd__a221oi_2
      900  9008.64   sky130_fd_sc_hd__a22o_2
      191 2.39E+03   sky130_fd_sc_hd__a22oi_2
      108 1.22E+03   sky130_fd_sc_hd__a2bb2o_2
       17  255.245   sky130_fd_sc_hd__a2bb2oi_2
       96 1.08E+03   sky130_fd_sc_hd__a311o_2
       26  390.374   sky130_fd_sc_hd__a311oi_2
      460 4.03E+03   sky130_fd_sc_hd__a31o_2
       76  950.912   sky130_fd_sc_hd__a31oi_2
     1208 1.36E+04   sky130_fd_sc_hd__a32o_2
       13  211.453   sky130_fd_sc_hd__a32oi_2
       26  292.781   sky130_fd_sc_hd__a41o_2
       10  162.656   sky130_fd_sc_hd__a41oi_2
      379 2.85E+03   sky130_fd_sc_hd__and2_2
       18  157.651   sky130_fd_sc_hd__and2b_2
      345 2.59E+03   sky130_fd_sc_hd__and3_2
       18  180.173   sky130_fd_sc_hd__and3b_2
       47  470.451   sky130_fd_sc_hd__and4_2
       39  439.171   sky130_fd_sc_hd__and4b_2
       18  225.216   sky130_fd_sc_hd__and4bb_2
     2709 7.12E+04   sky130_fd_sc_hd__dfrtp_2
       22  578.054   sky130_fd_sc_hd__dfstp_2
      129 2.74E+03   sky130_fd_sc_hd__dfxtp_2
      300  1126.08   sky130_fd_sc_hd__inv_2
      528 5.95E+03   sky130_fd_sc_hd__mux2_1
      673 4.21E+03   sky130_fd_sc_hd__nand2_2
       28  245.235   sky130_fd_sc_hd__nand2b_2
      156 1.56E+03   sky130_fd_sc_hd__nand3_2
       41  461.693   sky130_fd_sc_hd__nand3b_2
      179 2.24E+03   sky130_fd_sc_hd__nand4_2
       23  345.331   sky130_fd_sc_hd__nand4b_2
      610  3816.16   sky130_fd_sc_hd__nor2_2
       98  980.941   sky130_fd_sc_hd__nor3_2
       14  175.168   sky130_fd_sc_hd__nor3b_2
      104  1.3E+03   sky130_fd_sc_hd__nor4_2
        9   135.13   sky130_fd_sc_hd__nor4b_2
       48  600.576   sky130_fd_sc_hd__o2111a_2
       62  930.893   sky130_fd_sc_hd__o2111ai_2
      424  4244.07   sky130_fd_sc_hd__o211a_2
      315  3941.28   sky130_fd_sc_hd__o211ai_2
      206  1804.23   sky130_fd_sc_hd__o21a_2
      799    7E+03   sky130_fd_sc_hd__o21ai_2
       23  230.221   sky130_fd_sc_hd__o21ba_2
       56  630.605   sky130_fd_sc_hd__o21bai_2
      282 3.18E+03   sky130_fd_sc_hd__o221a_2
      125   1876.8   sky130_fd_sc_hd__o221ai_2
      330  3.3E+03   sky130_fd_sc_hd__o22a_2
      152  1.9E+03   sky130_fd_sc_hd__o22ai_2
      105 1.18E+03   sky130_fd_sc_hd__o2bb2a_2
       36  540.518   sky130_fd_sc_hd__o2bb2ai_2
      184 2.07E+03   sky130_fd_sc_hd__o311a_2
        6   97.594   sky130_fd_sc_hd__o311ai_2
      174  1741.67   sky130_fd_sc_hd__o31a_2
       80  1000.96   sky130_fd_sc_hd__o31ai_2
       87   979.69   sky130_fd_sc_hd__o32a_2
        4   65.062   sky130_fd_sc_hd__o32ai_2
       38  475.456   sky130_fd_sc_hd__o41a_2
       22  357.843   sky130_fd_sc_hd__o41ai_2
      151  944.656   sky130_fd_sc_hd__or2_2
      167 1.25E+03   sky130_fd_sc_hd__or3_2
      105  919.632   sky130_fd_sc_hd__or3b_2
      148  1.3E+03   sky130_fd_sc_hd__or4_2
       52  520.499   sky130_fd_sc_hd__or4b_2
        7   87.584   sky130_fd_sc_hd__or4bb_2
       80  1.3E+03   sky130_fd_sc_hd__xnor2_2
      102 1.66E+03   sky130_fd_sc_hd__xor2_2

   Chip area for module '\hw_scheduler_top': 207657.910400
     of which used for sequential elements: 74501.452800 (35.88%)

