167. Printing statistics.

=== hw_scheduler_top ===

        +----------Local Count, excluding submodules.
        |        +-Local Area, excluding submodules.
        |        | 
    16908        - wires
    16915        - wire bits
     3092        - public wires
     3099        - public wire bits
        9        - ports
       16        - port bits
    16902  2.2E+05 cells
       63  788.256   sky130_fd_sc_hd__a2111o_2
       13  195.187   sky130_fd_sc_hd__a2111oi_2
      350  3503.36   sky130_fd_sc_hd__a211o_2
      349 4.37E+03   sky130_fd_sc_hd__a211oi_2
       24   240.23   sky130_fd_sc_hd__a21bo_2
       38   427.91   sky130_fd_sc_hd__a21boi_2
      215 1.88E+03   sky130_fd_sc_hd__a21o_2
      569  4983.53   sky130_fd_sc_hd__a21oi_2
      502 5.65E+03   sky130_fd_sc_hd__a221o_2
      102 1.53E+03   sky130_fd_sc_hd__a221oi_2
      700  7006.72   sky130_fd_sc_hd__a22o_2
      182 2.28E+03   sky130_fd_sc_hd__a22oi_2
       95 1.07E+03   sky130_fd_sc_hd__a2bb2o_2
       27  405.389   sky130_fd_sc_hd__a2bb2oi_2
      103 1.16E+03   sky130_fd_sc_hd__a311o_2
       24  360.346   sky130_fd_sc_hd__a311oi_2
      722 6.32E+03   sky130_fd_sc_hd__a31o_2
      107 1.34E+03   sky130_fd_sc_hd__a31oi_2
     1544 1.74E+04   sky130_fd_sc_hd__a32o_2
       18  292.781   sky130_fd_sc_hd__a32oi_2
       59  664.387   sky130_fd_sc_hd__a41o_2
       11  178.922   sky130_fd_sc_hd__a41oi_2
      374 2.81E+03   sky130_fd_sc_hd__and2_2
       16  140.134   sky130_fd_sc_hd__and2b_2
      366 2.75E+03   sky130_fd_sc_hd__and3_2
       27  270.259   sky130_fd_sc_hd__and3b_2
      105 1.05E+03   sky130_fd_sc_hd__and4_2
       48  540.518   sky130_fd_sc_hd__and4b_2
       16  200.192   sky130_fd_sc_hd__and4bb_2
     2996 7.87E+04   sky130_fd_sc_hd__dfrtp_2
       28  735.706   sky130_fd_sc_hd__dfstp_2
       62 1.32E+03   sky130_fd_sc_hd__dfxtp_2
      319  1.2E+03   sky130_fd_sc_hd__inv_2
      530 5.97E+03   sky130_fd_sc_hd__mux2_1
      547 3.42E+03   sky130_fd_sc_hd__nand2_2
       26  227.718   sky130_fd_sc_hd__nand2b_2
      204 2.04E+03   sky130_fd_sc_hd__nand3_2
       42  472.954   sky130_fd_sc_hd__nand3b_2
      194 2.43E+03   sky130_fd_sc_hd__nand4_2
       42  630.605   sky130_fd_sc_hd__nand4b_2
      565  3534.64   sky130_fd_sc_hd__nor2_2
      109 1.09E+03   sky130_fd_sc_hd__nor3_2
       17  212.704   sky130_fd_sc_hd__nor3b_2
      146 1.83E+03   sky130_fd_sc_hd__nor4_2
       15  225.216   sky130_fd_sc_hd__nor4b_2
       42  525.504   sky130_fd_sc_hd__o2111a_2
       87 1.31E+03   sky130_fd_sc_hd__o2111ai_2
      281 2.81E+03   sky130_fd_sc_hd__o211a_2
      328  4.1E+03   sky130_fd_sc_hd__o211ai_2
      216 1.89E+03   sky130_fd_sc_hd__o21a_2
      702 6.15E+03   sky130_fd_sc_hd__o21ai_2
       27  270.259   sky130_fd_sc_hd__o21ba_2
       83  934.646   sky130_fd_sc_hd__o21bai_2
      281 3.16E+03   sky130_fd_sc_hd__o221a_2
      100  1501.44   sky130_fd_sc_hd__o221ai_2
      396 3.96E+03   sky130_fd_sc_hd__o22a_2
      199 2.49E+03   sky130_fd_sc_hd__o22ai_2
       92 1.04E+03   sky130_fd_sc_hd__o2bb2a_2
       43  645.619   sky130_fd_sc_hd__o2bb2ai_2
      136 1.53E+03   sky130_fd_sc_hd__o311a_2
       12  195.187   sky130_fd_sc_hd__o311ai_2
      194 1.94E+03   sky130_fd_sc_hd__o31a_2
       91 1.14E+03   sky130_fd_sc_hd__o31ai_2
      127 1.43E+03   sky130_fd_sc_hd__o32a_2
        4   65.062   sky130_fd_sc_hd__o32ai_2
       55   688.16   sky130_fd_sc_hd__o41a_2
       25   406.64   sky130_fd_sc_hd__o41ai_2
      166 1.04E+03   sky130_fd_sc_hd__or2_2
      146  1.1E+03   sky130_fd_sc_hd__or3_2
       43  376.611   sky130_fd_sc_hd__or3b_2
      190 1.66E+03   sky130_fd_sc_hd__or4_2
       37  370.355   sky130_fd_sc_hd__or4b_2
       18  225.216   sky130_fd_sc_hd__or4bb_2
       87 1.42E+03   sky130_fd_sc_hd__xnor2_2
       83 1.35E+03   sky130_fd_sc_hd__xor2_2

   Chip area for module '\hw_scheduler_top': 219575.590400
     of which used for sequential elements: 80774.969600 (36.79%)

