
24. Executing PROC_DLATCH pass (convert process syncs to latches).
No latch inferred for signal `$paramod$d56cb1bac4530b478e5fe6b879f66237171e2623\task_table.\rd_priority' from process `$paramod$d56cb1bac4530b478e5fe6b879f66237171e2623\task_table.$proc$/Users/yomna/Documents/projects/harts/rtl/task_table.v:78$574'.
No latch inferred for signal `$paramod$d56cb1bac4530b478e5fe6b879f66237171e2623\task_table.\rd_period' from process `$paramod$d56cb1bac4530b478e5fe6b879f66237171e2623\task_table.$proc$/Users/yomna/Documents/projects/harts/rtl/task_table.v:78$574'.
No latch inferred for signal `$paramod$d56cb1bac4530b478e5fe6b879f66237171e2623\task_table.\rd_deadline' from process `$paramod$d56cb1bac4530b478e5fe6b879f66237171e2623\task_table.$proc$/Users/yomna/Documents/projects/harts/rtl/task_table.v:78$574'.
No latch inferred for signal `$paramod$d56cb1bac4530b478e5fe6b879f66237171e2623\task_table.\rd_wcet' from process `$paramod$d56cb1bac4530b478e5fe6b879f66237171e2623\task_table.$proc$/Users/yomna/Documents/projects/harts/rtl/task_table.v:78$574'.
No latch inferred for signal `$paramod$d56cb1bac4530b478e5fe6b879f66237171e2623\task_table.\rd_type' from process `$paramod$d56cb1bac4530b478e5fe6b879f66237171e2623\task_table.$proc$/Users/yomna/Documents/projects/harts/rtl/task_table.v:78$574'.
No latch inferred for signal `$paramod$d56cb1bac4530b478e5fe6b879f66237171e2623\task_table.\rd_preemptable' from process `$paramod$d56cb1bac4530b478e5fe6b879f66237171e2623\task_table.$proc$/Users/yomna/Documents/projects/harts/rtl/task_table.v:78$574'.
No latch inferred for signal `$paramod$d56cb1bac4530b478e5fe6b879f66237171e2623\task_table.\rd_status' from process `$paramod$d56cb1bac4530b478e5fe6b879f66237171e2623\task_table.$proc$/Users/yomna/Documents/projects/harts/rtl/task_table.v:78$574'.
No latch inferred for signal `$paramod$d56cb1bac4530b478e5fe6b879f66237171e2623\task_table.\rd_abs_deadline' from process `$paramod$d56cb1bac4530b478e5fe6b879f66237171e2623\task_table.$proc$/Users/yomna/Documents/projects/harts/rtl/task_table.v:78$574'.
No latch inferred for signal `$paramod$d56cb1bac4530b478e5fe6b879f66237171e2623\task_table.\rd_remaining_wcet' from process `$paramod$d56cb1bac4530b478e5fe6b879f66237171e2623\task_table.$proc$/Users/yomna/Documents/projects/harts/rtl/task_table.v:78$574'.
No latch inferred for signal `$paramod$d56cb1bac4530b478e5fe6b879f66237171e2623\task_table.$mem2reg_rd$\priority_mem$/Users/yomna/Documents/projects/harts/rtl/task_table.v:80$491_ADDR' from process `$paramod$d56cb1bac4530b478e5fe6b879f66237171e2623\task_table.$proc$/Users/yomna/Documents/projects/harts/rtl/task_table.v:78$574'.
No latch inferred for signal `$paramod$d56cb1bac4530b478e5fe6b879f66237171e2623\task_table.$mem2reg_rd$\priority_mem$/Users/yomna/Documents/projects/harts/rtl/task_table.v:80$491_DATA' from process `$paramod$d56cb1bac4530b478e5fe6b879f66237171e2623\task_table.$proc$/Users/yomna/Documents/projects/harts/rtl/task_table.v:78$574'.
No latch inferred for signal `$paramod$d56cb1bac4530b478e5fe6b879f66237171e2623\task_table.$mem2reg_rd$\period_mem$/Users/yomna/Documents/projects/harts/rtl/task_table.v:81$492_ADDR' from process `$paramod$d56cb1bac4530b478e5fe6b879f66237171e2623\task_table.$proc$/Users/yomna/Documents/projects/harts/rtl/task_table.v:78$574'.
No latch inferred for signal `$paramod$d56cb1bac4530b478e5fe6b879f66237171e2623\task_table.$mem2reg_rd$\period_mem$/Users/yomna/Documents/projects/harts/rtl/task_table.v:81$492_DATA' from process `$paramod$d56cb1bac4530b478e5fe6b879f66237171e2623\task_table.$proc$/Users/yomna/Documents/projects/harts/rtl/task_table.v:78$574'.
No latch inferred for signal `$paramod$d56cb1bac4530b478e5fe6b879f66237171e2623\task_table.$mem2reg_rd$\deadline_mem$/Users/yomna/Documents/projects/harts/rtl/task_table.v:82$493_ADDR' from process `$paramod$d56cb1bac4530b478e5fe6b879f66237171e2623\task_table.$proc$/Users/yomna/Documents/projects/harts/rtl/task_table.v:78$574'.
No latch inferred for signal `$paramod$d56cb1bac4530b478e5fe6b879f66237171e2623\task_table.$mem2reg_rd$\deadline_mem$/Users/yomna/Documents/projects/harts/rtl/task_table.v:82$493_DATA' from process `$paramod$d56cb1bac4530b478e5fe6b879f66237171e2623\task_table.$proc$/Users/yomna/Documents/projects/harts/rtl/task_table.v:78$574'.
No latch inferred for signal `$paramod$d56cb1bac4530b478e5fe6b879f66237171e2623\task_table.$mem2reg_rd$\wcet_mem$/Users/yomna/Documents/projects/harts/rtl/task_table.v:83$494_ADDR' from process `$paramod$d56cb1bac4530b478e5fe6b879f66237171e2623\task_table.$proc$/Users/yomna/Documents/projects/harts/rtl/task_table.v:78$574'.
No latch inferred for signal `$paramod$d56cb1bac4530b478e5fe6b879f66237171e2623\task_table.$mem2reg_rd$\wcet_mem$/Users/yomna/Documents/projects/harts/rtl/task_table.v:83$494_DATA' from process `$paramod$d56cb1bac4530b478e5fe6b879f66237171e2623\task_table.$proc$/Users/yomna/Documents/projects/harts/rtl/task_table.v:78$574'.
No latch inferred for signal `$paramod$d56cb1bac4530b478e5fe6b879f66237171e2623\task_table.$mem2reg_rd$\type_mem$/Users/yomna/Documents/projects/harts/rtl/task_table.v:84$495_ADDR' from process `$paramod$d56cb1bac4530b478e5fe6b879f66237171e2623\task_table.$proc$/Users/yomna/Documents/projects/harts/rtl/task_table.v:78$574'.
No latch inferred for signal `$paramod$d56cb1bac4530b478e5fe6b879f66237171e2623\task_table.$mem2reg_rd$\type_mem$/Users/yomna/Documents/projects/harts/rtl/task_table.v:84$495_DATA' from process `$paramod$d56cb1bac4530b478e5fe6b879f66237171e2623\task_table.$proc$/Users/yomna/Documents/projects/harts/rtl/task_table.v:78$574'.
No latch inferred for signal `$paramod$d56cb1bac4530b478e5fe6b879f66237171e2623\task_table.$mem2reg_rd$\pre_mem$/Users/yomna/Documents/projects/harts/rtl/task_table.v:85$496_ADDR' from process `$paramod$d56cb1bac4530b478e5fe6b879f66237171e2623\task_table.$proc$/Users/yomna/Documents/projects/harts/rtl/task_table.v:78$574'.
No latch inferred for signal `$paramod$d56cb1bac4530b478e5fe6b879f66237171e2623\task_table.$mem2reg_rd$\pre_mem$/Users/yomna/Documents/projects/harts/rtl/task_table.v:85$496_DATA' from process `$paramod$d56cb1bac4530b478e5fe6b879f66237171e2623\task_table.$proc$/Users/yomna/Documents/projects/harts/rtl/task_table.v:78$574'.
No latch inferred for signal `$paramod$d56cb1bac4530b478e5fe6b879f66237171e2623\task_table.$mem2reg_rd$\status_mem$/Users/yomna/Documents/projects/harts/rtl/task_table.v:86$497_ADDR' from process `$paramod$d56cb1bac4530b478e5fe6b879f66237171e2623\task_table.$proc$/Users/yomna/Documents/projects/harts/rtl/task_table.v:78$574'.
No latch inferred for signal `$paramod$d56cb1bac4530b478e5fe6b879f66237171e2623\task_table.$mem2reg_rd$\status_mem$/Users/yomna/Documents/projects/harts/rtl/task_table.v:86$497_DATA' from process `$paramod$d56cb1bac4530b478e5fe6b879f66237171e2623\task_table.$proc$/Users/yomna/Documents/projects/harts/rtl/task_table.v:78$574'.
No latch inferred for signal `$paramod$d56cb1bac4530b478e5fe6b879f66237171e2623\task_table.$mem2reg_rd$\abs_deadline_mem$/Users/yomna/Documents/projects/harts/rtl/task_table.v:87$498_ADDR' from process `$paramod$d56cb1bac4530b478e5fe6b879f66237171e2623\task_table.$proc$/Users/yomna/Documents/projects/harts/rtl/task_table.v:78$574'.
No latch inferred for signal `$paramod$d56cb1bac4530b478e5fe6b879f66237171e2623\task_table.$mem2reg_rd$\abs_deadline_mem$/Users/yomna/Documents/projects/harts/rtl/task_table.v:87$498_DATA' from process `$paramod$d56cb1bac4530b478e5fe6b879f66237171e2623\task_table.$proc$/Users/yomna/Documents/projects/harts/rtl/task_table.v:78$574'.
No latch inferred for signal `$paramod$d56cb1bac4530b478e5fe6b879f66237171e2623\task_table.$mem2reg_rd$\remaining_wcet_mem$/Users/yomna/Documents/projects/harts/rtl/task_table.v:88$499_ADDR' from process `$paramod$d56cb1bac4530b478e5fe6b879f66237171e2623\task_table.$proc$/Users/yomna/Documents/projects/harts/rtl/task_table.v:78$574'.
No latch inferred for signal `$paramod$d56cb1bac4530b478e5fe6b879f66237171e2623\task_table.$mem2reg_rd$\remaining_wcet_mem$/Users/yomna/Documents/projects/harts/rtl/task_table.v:88$499_DATA' from process `$paramod$d56cb1bac4530b478e5fe6b879f66237171e2623\task_table.$proc$/Users/yomna/Documents/projects/harts/rtl/task_table.v:78$574'.
No latch inferred for signal `\control_unit.\pq_enq_key' from process `\control_unit.$proc$/Users/yomna/Documents/projects/harts/rtl/control_unit.v:145$36'.
No latch inferred for signal `\control_unit.\tt_rd_id' from process `\control_unit.$proc$/Users/yomna/Documents/projects/harts/rtl/control_unit.v:145$36'.
No latch inferred for signal `\control_unit.\pq_eff_abs_deadline' from process `\control_unit.$proc$/Users/yomna/Documents/projects/harts/rtl/control_unit.v:145$36'.
No latch inferred for signal `\control_unit.\pq_eff_remaining_wcet' from process `\control_unit.$proc$/Users/yomna/Documents/projects/harts/rtl/control_unit.v:145$36'.
No latch inferred for signal `$paramod\priority_queue\DEPTH=s32'00000000000000000000000000000110.\pass_valid_w[5]' from process `$paramod\priority_queue\DEPTH=s32'00000000000000000000000000000110.$proc$/Users/yomna/Documents/projects/harts/rtl/priority_queue.v:103$792'.
No latch inferred for signal `$paramod\priority_queue\DEPTH=s32'00000000000000000000000000000110.\pass_key_w[5]' from process `$paramod\priority_queue\DEPTH=s32'00000000000000000000000000000110.$proc$/Users/yomna/Documents/projects/harts/rtl/priority_queue.v:102$791'.
No latch inferred for signal `$paramod\priority_queue\DEPTH=s32'00000000000000000000000000000110.\pass_id_w[5]' from process `$paramod\priority_queue\DEPTH=s32'00000000000000000000000000000110.$proc$/Users/yomna/Documents/projects/harts/rtl/priority_queue.v:101$790'.
No latch inferred for signal `$paramod\priority_queue\DEPTH=s32'00000000000000000000000000000110.\cell_valid_w[5]' from process `$paramod\priority_queue\DEPTH=s32'00000000000000000000000000000110.$proc$/Users/yomna/Documents/projects/harts/rtl/priority_queue.v:100$789'.
No latch inferred for signal `$paramod\priority_queue\DEPTH=s32'00000000000000000000000000000110.\cell_key_w[5]' from process `$paramod\priority_queue\DEPTH=s32'00000000000000000000000000000110.$proc$/Users/yomna/Documents/projects/harts/rtl/priority_queue.v:99$788'.
No latch inferred for signal `$paramod\priority_queue\DEPTH=s32'00000000000000000000000000000110.\cell_id_w[5]' from process `$paramod\priority_queue\DEPTH=s32'00000000000000000000000000000110.$proc$/Users/yomna/Documents/projects/harts/rtl/priority_queue.v:98$787'.
No latch inferred for signal `$paramod\priority_queue\DEPTH=s32'00000000000000000000000000000110.\pass_valid_w[4]' from process `$paramod\priority_queue\DEPTH=s32'00000000000000000000000000000110.$proc$/Users/yomna/Documents/projects/harts/rtl/priority_queue.v:103$786'.
No latch inferred for signal `$paramod\priority_queue\DEPTH=s32'00000000000000000000000000000110.\pass_key_w[4]' from process `$paramod\priority_queue\DEPTH=s32'00000000000000000000000000000110.$proc$/Users/yomna/Documents/projects/harts/rtl/priority_queue.v:102$785'.
No latch inferred for signal `$paramod\priority_queue\DEPTH=s32'00000000000000000000000000000110.\pass_id_w[4]' from process `$paramod\priority_queue\DEPTH=s32'00000000000000000000000000000110.$proc$/Users/yomna/Documents/projects/harts/rtl/priority_queue.v:101$784'.
No latch inferred for signal `$paramod\priority_queue\DEPTH=s32'00000000000000000000000000000110.\cell_valid_w[4]' from process `$paramod\priority_queue\DEPTH=s32'00000000000000000000000000000110.$proc$/Users/yomna/Documents/projects/harts/rtl/priority_queue.v:100$783'.
No latch inferred for signal `$paramod\priority_queue\DEPTH=s32'00000000000000000000000000000110.\cell_key_w[4]' from process `$paramod\priority_queue\DEPTH=s32'00000000000000000000000000000110.$proc$/Users/yomna/Documents/projects/harts/rtl/priority_queue.v:99$782'.
No latch inferred for signal `$paramod\priority_queue\DEPTH=s32'00000000000000000000000000000110.\cell_id_w[4]' from process `$paramod\priority_queue\DEPTH=s32'00000000000000000000000000000110.$proc$/Users/yomna/Documents/projects/harts/rtl/priority_queue.v:98$781'.
No latch inferred for signal `$paramod\priority_queue\DEPTH=s32'00000000000000000000000000000110.\pass_valid_w[3]' from process `$paramod\priority_queue\DEPTH=s32'00000000000000000000000000000110.$proc$/Users/yomna/Documents/projects/harts/rtl/priority_queue.v:103$780'.
No latch inferred for signal `$paramod\priority_queue\DEPTH=s32'00000000000000000000000000000110.\pass_key_w[3]' from process `$paramod\priority_queue\DEPTH=s32'00000000000000000000000000000110.$proc$/Users/yomna/Documents/projects/harts/rtl/priority_queue.v:102$779'.
No latch inferred for signal `$paramod\priority_queue\DEPTH=s32'00000000000000000000000000000110.\pass_id_w[3]' from process `$paramod\priority_queue\DEPTH=s32'00000000000000000000000000000110.$proc$/Users/yomna/Documents/projects/harts/rtl/priority_queue.v:101$778'.
No latch inferred for signal `$paramod\priority_queue\DEPTH=s32'00000000000000000000000000000110.\cell_valid_w[3]' from process `$paramod\priority_queue\DEPTH=s32'00000000000000000000000000000110.$proc$/Users/yomna/Documents/projects/harts/rtl/priority_queue.v:100$777'.
No latch inferred for signal `$paramod\priority_queue\DEPTH=s32'00000000000000000000000000000110.\cell_key_w[3]' from process `$paramod\priority_queue\DEPTH=s32'00000000000000000000000000000110.$proc$/Users/yomna/Documents/projects/harts/rtl/priority_queue.v:99$776'.
No latch inferred for signal `$paramod\priority_queue\DEPTH=s32'00000000000000000000000000000110.\cell_id_w[3]' from process `$paramod\priority_queue\DEPTH=s32'00000000000000000000000000000110.$proc$/Users/yomna/Documents/projects/harts/rtl/priority_queue.v:98$775'.
No latch inferred for signal `$paramod\priority_queue\DEPTH=s32'00000000000000000000000000000110.\pass_valid_w[2]' from process `$paramod\priority_queue\DEPTH=s32'00000000000000000000000000000110.$proc$/Users/yomna/Documents/projects/harts/rtl/priority_queue.v:103$774'.
No latch inferred for signal `$paramod\priority_queue\DEPTH=s32'00000000000000000000000000000110.\pass_key_w[2]' from process `$paramod\priority_queue\DEPTH=s32'00000000000000000000000000000110.$proc$/Users/yomna/Documents/projects/harts/rtl/priority_queue.v:102$773'.
No latch inferred for signal `$paramod\priority_queue\DEPTH=s32'00000000000000000000000000000110.\pass_id_w[2]' from process `$paramod\priority_queue\DEPTH=s32'00000000000000000000000000000110.$proc$/Users/yomna/Documents/projects/harts/rtl/priority_queue.v:101$772'.
No latch inferred for signal `$paramod\priority_queue\DEPTH=s32'00000000000000000000000000000110.\cell_valid_w[2]' from process `$paramod\priority_queue\DEPTH=s32'00000000000000000000000000000110.$proc$/Users/yomna/Documents/projects/harts/rtl/priority_queue.v:100$771'.
No latch inferred for signal `$paramod\priority_queue\DEPTH=s32'00000000000000000000000000000110.\cell_key_w[2]' from process `$paramod\priority_queue\DEPTH=s32'00000000000000000000000000000110.$proc$/Users/yomna/Documents/projects/harts/rtl/priority_queue.v:99$770'.
No latch inferred for signal `$paramod\priority_queue\DEPTH=s32'00000000000000000000000000000110.\cell_id_w[2]' from process `$paramod\priority_queue\DEPTH=s32'00000000000000000000000000000110.$proc$/Users/yomna/Documents/projects/harts/rtl/priority_queue.v:98$769'.
No latch inferred for signal `$paramod\priority_queue\DEPTH=s32'00000000000000000000000000000110.\pass_valid_w[1]' from process `$paramod\priority_queue\DEPTH=s32'00000000000000000000000000000110.$proc$/Users/yomna/Documents/projects/harts/rtl/priority_queue.v:103$768'.
No latch inferred for signal `$paramod\priority_queue\DEPTH=s32'00000000000000000000000000000110.\pass_key_w[1]' from process `$paramod\priority_queue\DEPTH=s32'00000000000000000000000000000110.$proc$/Users/yomna/Documents/projects/harts/rtl/priority_queue.v:102$767'.
No latch inferred for signal `$paramod\priority_queue\DEPTH=s32'00000000000000000000000000000110.\pass_id_w[1]' from process `$paramod\priority_queue\DEPTH=s32'00000000000000000000000000000110.$proc$/Users/yomna/Documents/projects/harts/rtl/priority_queue.v:101$766'.
No latch inferred for signal `$paramod\priority_queue\DEPTH=s32'00000000000000000000000000000110.\cell_valid_w[1]' from process `$paramod\priority_queue\DEPTH=s32'00000000000000000000000000000110.$proc$/Users/yomna/Documents/projects/harts/rtl/priority_queue.v:100$765'.
No latch inferred for signal `$paramod\priority_queue\DEPTH=s32'00000000000000000000000000000110.\cell_key_w[1]' from process `$paramod\priority_queue\DEPTH=s32'00000000000000000000000000000110.$proc$/Users/yomna/Documents/projects/harts/rtl/priority_queue.v:99$764'.
No latch inferred for signal `$paramod\priority_queue\DEPTH=s32'00000000000000000000000000000110.\cell_id_w[1]' from process `$paramod\priority_queue\DEPTH=s32'00000000000000000000000000000110.$proc$/Users/yomna/Documents/projects/harts/rtl/priority_queue.v:98$763'.
No latch inferred for signal `$paramod\priority_queue\DEPTH=s32'00000000000000000000000000000110.\pass_valid_w[0]' from process `$paramod\priority_queue\DEPTH=s32'00000000000000000000000000000110.$proc$/Users/yomna/Documents/projects/harts/rtl/priority_queue.v:103$762'.
No latch inferred for signal `$paramod\priority_queue\DEPTH=s32'00000000000000000000000000000110.\pass_key_w[0]' from process `$paramod\priority_queue\DEPTH=s32'00000000000000000000000000000110.$proc$/Users/yomna/Documents/projects/harts/rtl/priority_queue.v:102$761'.
No latch inferred for signal `$paramod\priority_queue\DEPTH=s32'00000000000000000000000000000110.\pass_id_w[0]' from process `$paramod\priority_queue\DEPTH=s32'00000000000000000000000000000110.$proc$/Users/yomna/Documents/projects/harts/rtl/priority_queue.v:101$760'.
No latch inferred for signal `$paramod\priority_queue\DEPTH=s32'00000000000000000000000000000110.\cell_valid_w[0]' from process `$paramod\priority_queue\DEPTH=s32'00000000000000000000000000000110.$proc$/Users/yomna/Documents/projects/harts/rtl/priority_queue.v:100$759'.
No latch inferred for signal `$paramod\priority_queue\DEPTH=s32'00000000000000000000000000000110.\cell_key_w[0]' from process `$paramod\priority_queue\DEPTH=s32'00000000000000000000000000000110.$proc$/Users/yomna/Documents/projects/harts/rtl/priority_queue.v:99$758'.
No latch inferred for signal `$paramod\priority_queue\DEPTH=s32'00000000000000000000000000000110.\cell_id_w[0]' from process `$paramod\priority_queue\DEPTH=s32'00000000000000000000000000000110.$proc$/Users/yomna/Documents/projects/harts/rtl/priority_queue.v:98$757'.
No latch inferred for signal `$paramod\priority_queue\DEPTH=s32'00000000000000000000000000000110.\right_valid_w[4]' from process `$paramod\priority_queue\DEPTH=s32'00000000000000000000000000000110.$proc$/Users/yomna/Documents/projects/harts/rtl/priority_queue.v:81$756'.
No latch inferred for signal `$paramod\priority_queue\DEPTH=s32'00000000000000000000000000000110.\right_key_w[4]' from process `$paramod\priority_queue\DEPTH=s32'00000000000000000000000000000110.$proc$/Users/yomna/Documents/projects/harts/rtl/priority_queue.v:80$755'.
No latch inferred for signal `$paramod\priority_queue\DEPTH=s32'00000000000000000000000000000110.\right_id_w[4]' from process `$paramod\priority_queue\DEPTH=s32'00000000000000000000000000000110.$proc$/Users/yomna/Documents/projects/harts/rtl/priority_queue.v:79$754'.
No latch inferred for signal `$paramod\priority_queue\DEPTH=s32'00000000000000000000000000000110.\right_valid_w[3]' from process `$paramod\priority_queue\DEPTH=s32'00000000000000000000000000000110.$proc$/Users/yomna/Documents/projects/harts/rtl/priority_queue.v:81$753'.
No latch inferred for signal `$paramod\priority_queue\DEPTH=s32'00000000000000000000000000000110.\right_key_w[3]' from process `$paramod\priority_queue\DEPTH=s32'00000000000000000000000000000110.$proc$/Users/yomna/Documents/projects/harts/rtl/priority_queue.v:80$752'.
No latch inferred for signal `$paramod\priority_queue\DEPTH=s32'00000000000000000000000000000110.\right_id_w[3]' from process `$paramod\priority_queue\DEPTH=s32'00000000000000000000000000000110.$proc$/Users/yomna/Documents/projects/harts/rtl/priority_queue.v:79$751'.
No latch inferred for signal `$paramod\priority_queue\DEPTH=s32'00000000000000000000000000000110.\right_valid_w[2]' from process `$paramod\priority_queue\DEPTH=s32'00000000000000000000000000000110.$proc$/Users/yomna/Documents/projects/harts/rtl/priority_queue.v:81$750'.
No latch inferred for signal `$paramod\priority_queue\DEPTH=s32'00000000000000000000000000000110.\right_key_w[2]' from process `$paramod\priority_queue\DEPTH=s32'00000000000000000000000000000110.$proc$/Users/yomna/Documents/projects/harts/rtl/priority_queue.v:80$749'.
No latch inferred for signal `$paramod\priority_queue\DEPTH=s32'00000000000000000000000000000110.\right_id_w[2]' from process `$paramod\priority_queue\DEPTH=s32'00000000000000000000000000000110.$proc$/Users/yomna/Documents/projects/harts/rtl/priority_queue.v:79$748'.
No latch inferred for signal `$paramod\priority_queue\DEPTH=s32'00000000000000000000000000000110.\right_valid_w[1]' from process `$paramod\priority_queue\DEPTH=s32'00000000000000000000000000000110.$proc$/Users/yomna/Documents/projects/harts/rtl/priority_queue.v:81$747'.
No latch inferred for signal `$paramod\priority_queue\DEPTH=s32'00000000000000000000000000000110.\right_key_w[1]' from process `$paramod\priority_queue\DEPTH=s32'00000000000000000000000000000110.$proc$/Users/yomna/Documents/projects/harts/rtl/priority_queue.v:80$746'.
No latch inferred for signal `$paramod\priority_queue\DEPTH=s32'00000000000000000000000000000110.\right_id_w[1]' from process `$paramod\priority_queue\DEPTH=s32'00000000000000000000000000000110.$proc$/Users/yomna/Documents/projects/harts/rtl/priority_queue.v:79$745'.
No latch inferred for signal `$paramod\priority_queue\DEPTH=s32'00000000000000000000000000000110.\right_valid_w[0]' from process `$paramod\priority_queue\DEPTH=s32'00000000000000000000000000000110.$proc$/Users/yomna/Documents/projects/harts/rtl/priority_queue.v:81$744'.
No latch inferred for signal `$paramod\priority_queue\DEPTH=s32'00000000000000000000000000000110.\right_key_w[0]' from process `$paramod\priority_queue\DEPTH=s32'00000000000000000000000000000110.$proc$/Users/yomna/Documents/projects/harts/rtl/priority_queue.v:80$743'.
No latch inferred for signal `$paramod\priority_queue\DEPTH=s32'00000000000000000000000000000110.\right_id_w[0]' from process `$paramod\priority_queue\DEPTH=s32'00000000000000000000000000000110.$proc$/Users/yomna/Documents/projects/harts/rtl/priority_queue.v:79$742'.
No latch inferred for signal `$paramod\priority_queue\DEPTH=s32'00000000000000000000000000000110.\in_valid_w[5]' from process `$paramod\priority_queue\DEPTH=s32'00000000000000000000000000000110.$proc$/Users/yomna/Documents/projects/harts/rtl/priority_queue.v:76$741'.
No latch inferred for signal `$paramod\priority_queue\DEPTH=s32'00000000000000000000000000000110.\in_key_w[5]' from process `$paramod\priority_queue\DEPTH=s32'00000000000000000000000000000110.$proc$/Users/yomna/Documents/projects/harts/rtl/priority_queue.v:75$740'.
No latch inferred for signal `$paramod\priority_queue\DEPTH=s32'00000000000000000000000000000110.\in_id_w[5]' from process `$paramod\priority_queue\DEPTH=s32'00000000000000000000000000000110.$proc$/Users/yomna/Documents/projects/harts/rtl/priority_queue.v:74$739'.
No latch inferred for signal `$paramod\priority_queue\DEPTH=s32'00000000000000000000000000000110.\in_valid_w[4]' from process `$paramod\priority_queue\DEPTH=s32'00000000000000000000000000000110.$proc$/Users/yomna/Documents/projects/harts/rtl/priority_queue.v:76$738'.
No latch inferred for signal `$paramod\priority_queue\DEPTH=s32'00000000000000000000000000000110.\in_key_w[4]' from process `$paramod\priority_queue\DEPTH=s32'00000000000000000000000000000110.$proc$/Users/yomna/Documents/projects/harts/rtl/priority_queue.v:75$737'.
No latch inferred for signal `$paramod\priority_queue\DEPTH=s32'00000000000000000000000000000110.\in_id_w[4]' from process `$paramod\priority_queue\DEPTH=s32'00000000000000000000000000000110.$proc$/Users/yomna/Documents/projects/harts/rtl/priority_queue.v:74$736'.
No latch inferred for signal `$paramod\priority_queue\DEPTH=s32'00000000000000000000000000000110.\in_valid_w[3]' from process `$paramod\priority_queue\DEPTH=s32'00000000000000000000000000000110.$proc$/Users/yomna/Documents/projects/harts/rtl/priority_queue.v:76$735'.
No latch inferred for signal `$paramod\priority_queue\DEPTH=s32'00000000000000000000000000000110.\in_key_w[3]' from process `$paramod\priority_queue\DEPTH=s32'00000000000000000000000000000110.$proc$/Users/yomna/Documents/projects/harts/rtl/priority_queue.v:75$734'.
No latch inferred for signal `$paramod\priority_queue\DEPTH=s32'00000000000000000000000000000110.\in_id_w[3]' from process `$paramod\priority_queue\DEPTH=s32'00000000000000000000000000000110.$proc$/Users/yomna/Documents/projects/harts/rtl/priority_queue.v:74$733'.
No latch inferred for signal `$paramod\priority_queue\DEPTH=s32'00000000000000000000000000000110.\in_valid_w[2]' from process `$paramod\priority_queue\DEPTH=s32'00000000000000000000000000000110.$proc$/Users/yomna/Documents/projects/harts/rtl/priority_queue.v:76$732'.
No latch inferred for signal `$paramod\priority_queue\DEPTH=s32'00000000000000000000000000000110.\in_key_w[2]' from process `$paramod\priority_queue\DEPTH=s32'00000000000000000000000000000110.$proc$/Users/yomna/Documents/projects/harts/rtl/priority_queue.v:75$731'.
No latch inferred for signal `$paramod\priority_queue\DEPTH=s32'00000000000000000000000000000110.\in_id_w[2]' from process `$paramod\priority_queue\DEPTH=s32'00000000000000000000000000000110.$proc$/Users/yomna/Documents/projects/harts/rtl/priority_queue.v:74$730'.
No latch inferred for signal `$paramod\priority_queue\DEPTH=s32'00000000000000000000000000000110.\in_valid_w[1]' from process `$paramod\priority_queue\DEPTH=s32'00000000000000000000000000000110.$proc$/Users/yomna/Documents/projects/harts/rtl/priority_queue.v:76$729'.
No latch inferred for signal `$paramod\priority_queue\DEPTH=s32'00000000000000000000000000000110.\in_key_w[1]' from process `$paramod\priority_queue\DEPTH=s32'00000000000000000000000000000110.$proc$/Users/yomna/Documents/projects/harts/rtl/priority_queue.v:75$728'.
No latch inferred for signal `$paramod\priority_queue\DEPTH=s32'00000000000000000000000000000110.\in_id_w[1]' from process `$paramod\priority_queue\DEPTH=s32'00000000000000000000000000000110.$proc$/Users/yomna/Documents/projects/harts/rtl/priority_queue.v:74$727'.
No latch inferred for signal `$paramod\priority_queue\DEPTH=s32'00000000000000000000000000000110.\right_valid_w[5]' from process `$paramod\priority_queue\DEPTH=s32'00000000000000000000000000000110.$proc$/Users/yomna/Documents/projects/harts/rtl/priority_queue.v:69$726'.
No latch inferred for signal `$paramod\priority_queue\DEPTH=s32'00000000000000000000000000000110.\right_key_w[5]' from process `$paramod\priority_queue\DEPTH=s32'00000000000000000000000000000110.$proc$/Users/yomna/Documents/projects/harts/rtl/priority_queue.v:68$725'.
No latch inferred for signal `$paramod\priority_queue\DEPTH=s32'00000000000000000000000000000110.\right_id_w[5]' from process `$paramod\priority_queue\DEPTH=s32'00000000000000000000000000000110.$proc$/Users/yomna/Documents/projects/harts/rtl/priority_queue.v:67$724'.
No latch inferred for signal `$paramod\priority_queue\DEPTH=s32'00000000000000000000000000000110.\in_valid_w[0]' from process `$paramod\priority_queue\DEPTH=s32'00000000000000000000000000000110.$proc$/Users/yomna/Documents/projects/harts/rtl/priority_queue.v:64$723'.
No latch inferred for signal `$paramod\priority_queue\DEPTH=s32'00000000000000000000000000000110.\in_key_w[0]' from process `$paramod\priority_queue\DEPTH=s32'00000000000000000000000000000110.$proc$/Users/yomna/Documents/projects/harts/rtl/priority_queue.v:63$722'.
No latch inferred for signal `$paramod\priority_queue\DEPTH=s32'00000000000000000000000000000110.\in_id_w[0]' from process `$paramod\priority_queue\DEPTH=s32'00000000000000000000000000000110.$proc$/Users/yomna/Documents/projects/harts/rtl/priority_queue.v:62$721'.
