159. Printing statistics.

=== hw_scheduler_top ===

        +----------Local Count, excluding submodules.
        |        +-Local Area, excluding submodules.
        |        | 
    22814        - wires
    25747        - wire bits
      285        - public wires
     3210        - public wire bits
        9        - ports
       16        - port bits
    25673 8.08E+04 cells
     6605        -   $_ANDNOT_
      450        -   $_AND_
     7934        -   $_MUX_
      657        -   $_NAND_
      937        -   $_NOR_
     1310        -   $_NOT_
      227        -   $_ORNOT_
     2904        -   $_OR_
       95        -   $_XNOR_
     1468        -   $_XOR_
     2996 7.87E+04   sky130_fd_sc_hd__dfrtp_2
       28  735.706   sky130_fd_sc_hd__dfstp_2
       62 1.32E+03   sky130_fd_sc_hd__dfxtp_2

   Area for cell type $_ANDNOT_ is unknown!
   Area for cell type $_AND_ is unknown!
   Area for cell type $_MUX_ is unknown!
   Area for cell type $_NAND_ is unknown!
   Area for cell type $_NOR_ is unknown!
   Area for cell type $_NOT_ is unknown!
   Area for cell type $_ORNOT_ is unknown!
   Area for cell type $_OR_ is unknown!
   Area for cell type $_XNOR_ is unknown!
   Area for cell type $_XOR_ is unknown!

   Chip area for module '\hw_scheduler_top': 80774.969600
     of which used for sequential elements: 80774.969600 (100.00%)

