167. Printing statistics.

=== hw_scheduler_top ===

        +----------Local Count, excluding submodules.
        |        +-Local Area, excluding submodules.
        |        | 
    20513        - wires
    20520        - wire bits
     3092        - public wires
     3099        - public wire bits
        9        - ports
       16        - port bits
    20507 2.27E+05 cells
       42  525.504   sky130_fd_sc_hd__a2111o_2
        9   135.13   sky130_fd_sc_hd__a2111oi_2
      158 1.58E+03   sky130_fd_sc_hd__a211o_2
        1   17.517   sky130_fd_sc_hd__a211o_4
       28  350.336   sky130_fd_sc_hd__a211oi_2
        2   40.038   sky130_fd_sc_hd__a211oi_4
       68  680.653   sky130_fd_sc_hd__a21bo_2
        1   16.266   sky130_fd_sc_hd__a21bo_4
       34  382.867   sky130_fd_sc_hd__a21boi_2
      403 3.53E+03   sky130_fd_sc_hd__a21o_2
        1   15.014   sky130_fd_sc_hd__a21o_4
      636 5.57E+03   sky130_fd_sc_hd__a21oi_2
       30  487.968   sky130_fd_sc_hd__a21oi_4
      614 6.91E+03   sky130_fd_sc_hd__a221o_2
       23  345.331   sky130_fd_sc_hd__a221oi_2
        1   26.275   sky130_fd_sc_hd__a221oi_4
      740 7.41E+03   sky130_fd_sc_hd__a22o_2
        7  122.618   sky130_fd_sc_hd__a22o_4
       27  337.824   sky130_fd_sc_hd__a22oi_2
       98  1.1E+03   sky130_fd_sc_hd__a2bb2o_2
        2   40.038   sky130_fd_sc_hd__a2bb2o_4
        1   15.014   sky130_fd_sc_hd__a2bb2oi_2
       16  180.173   sky130_fd_sc_hd__a311o_2
        2   40.038   sky130_fd_sc_hd__a311o_4
        2   30.029   sky130_fd_sc_hd__a311oi_2
      155 1.36E+03   sky130_fd_sc_hd__a31o_2
        1   17.517   sky130_fd_sc_hd__a31o_4
       17  212.704   sky130_fd_sc_hd__a31oi_2
       67  754.474   sky130_fd_sc_hd__a32o_2
        2   32.531   sky130_fd_sc_hd__a32oi_2
       13   146.39   sky130_fd_sc_hd__a41o_2
        1    21.27   sky130_fd_sc_hd__a41o_4
        1   16.266   sky130_fd_sc_hd__a41oi_2
     2024 1.52E+04   sky130_fd_sc_hd__and2_2
        7   61.309   sky130_fd_sc_hd__and2_4
       85  744.464   sky130_fd_sc_hd__and2b_2
        1    10.01   sky130_fd_sc_hd__and2b_4
      189 1.42E+03   sky130_fd_sc_hd__and3_2
        9  101.347   sky130_fd_sc_hd__and3_4
       31  310.298   sky130_fd_sc_hd__and3b_2
        1   12.512   sky130_fd_sc_hd__and3b_4
       73  730.701   sky130_fd_sc_hd__and4_2
        1   11.261   sky130_fd_sc_hd__and4_4
       28  315.302   sky130_fd_sc_hd__and4b_2
       20   250.24   sky130_fd_sc_hd__and4bb_2
        1   16.266   sky130_fd_sc_hd__and4bb_4
     3066 1.15E+04   sky130_fd_sc_hd__buf_1
       61  305.293   sky130_fd_sc_hd__buf_2
       15  112.608   sky130_fd_sc_hd__buf_4
       13   146.39   sky130_fd_sc_hd__buf_6
        2   30.029   sky130_fd_sc_hd__buf_8
     2996 7.87E+04   sky130_fd_sc_hd__dfrtp_2
       28  735.706   sky130_fd_sc_hd__dfstp_2
       62 1.32E+03   sky130_fd_sc_hd__dfxtp_2
      380 1.43E+03   sky130_fd_sc_hd__inv_2
        2   12.512   sky130_fd_sc_hd__inv_4
        1    8.758   sky130_fd_sc_hd__inv_6
     2531 2.85E+04   sky130_fd_sc_hd__mux2_1
       33  371.606   sky130_fd_sc_hd__mux2_2
       21  315.302   sky130_fd_sc_hd__mux2_4
        3   67.565   sky130_fd_sc_hd__mux4_2
      743 4.65E+03   sky130_fd_sc_hd__nand2_2
        3   33.782   sky130_fd_sc_hd__nand2_4
        8   70.067   sky130_fd_sc_hd__nand2b_2
       52  520.499   sky130_fd_sc_hd__nand3_2
        5   56.304   sky130_fd_sc_hd__nand3b_2
        7   87.584   sky130_fd_sc_hd__nand4_2
        5   81.328   sky130_fd_sc_hd__nand4bb_2
        1   27.526   sky130_fd_sc_hd__nand4bb_4
      694 4.34E+03   sky130_fd_sc_hd__nor2_2
       10   87.584   sky130_fd_sc_hd__nor2b_2
        1   13.763   sky130_fd_sc_hd__nor2b_4
       44  440.422   sky130_fd_sc_hd__nor3_2
        3   48.797   sky130_fd_sc_hd__nor3_4
        8  100.096   sky130_fd_sc_hd__nor3b_2
       15   187.68   sky130_fd_sc_hd__nor4_2
        2   30.029   sky130_fd_sc_hd__nor4b_2
       24  300.288   sky130_fd_sc_hd__o2111a_2
        7  105.101   sky130_fd_sc_hd__o2111ai_2
      176  1761.69   sky130_fd_sc_hd__o211a_2
        1   17.517   sky130_fd_sc_hd__o211a_4
       20   250.24   sky130_fd_sc_hd__o211ai_2
      291 2.55E+03   sky130_fd_sc_hd__o21a_2
      231  2023.19   sky130_fd_sc_hd__o21ai_2
       58  580.557   sky130_fd_sc_hd__o21ba_2
       14  157.651   sky130_fd_sc_hd__o21bai_2
        1   18.768   sky130_fd_sc_hd__o21bai_4
      352 3.96E+03   sky130_fd_sc_hd__o221a_2
        2   40.038   sky130_fd_sc_hd__o221a_4
       18  270.259   sky130_fd_sc_hd__o221ai_2
      327 3.27E+03   sky130_fd_sc_hd__o22a_2
       29  362.848   sky130_fd_sc_hd__o22ai_2
       66  743.213   sky130_fd_sc_hd__o2bb2a_2
        1   20.019   sky130_fd_sc_hd__o2bb2a_4
        2   30.029   sky130_fd_sc_hd__o2bb2ai_2
       50   563.04   sky130_fd_sc_hd__o311a_2
        2   32.531   sky130_fd_sc_hd__o311ai_2
       60  600.576   sky130_fd_sc_hd__o31a_2
       30   375.36   sky130_fd_sc_hd__o31ai_2
       95 1.07E+03   sky130_fd_sc_hd__o32a_2
        1   22.522   sky130_fd_sc_hd__o32a_4
        5    62.56   sky130_fd_sc_hd__o41a_2
        1    21.27   sky130_fd_sc_hd__o41a_4
        1   16.266   sky130_fd_sc_hd__o41ai_2
      845  5286.32   sky130_fd_sc_hd__or2_2
       15  131.376   sky130_fd_sc_hd__or2_4
       58  507.987   sky130_fd_sc_hd__or2b_2
      207  1553.99   sky130_fd_sc_hd__or3_2
       27  304.042   sky130_fd_sc_hd__or3_4
       73  639.363   sky130_fd_sc_hd__or3b_2
        6   67.565   sky130_fd_sc_hd__or3b_4
      182 1.59E+03   sky130_fd_sc_hd__or4_2
       41  461.693   sky130_fd_sc_hd__or4_4
       41  410.394   sky130_fd_sc_hd__or4b_2
       14  192.685   sky130_fd_sc_hd__or4b_4
        4   50.048   sky130_fd_sc_hd__or4bb_2
        1   15.014   sky130_fd_sc_hd__or4bb_4
      436 7.09E+03   sky130_fd_sc_hd__xnor2_2
      204 3.32E+03   sky130_fd_sc_hd__xor2_2

   Chip area for module '\hw_scheduler_top': 226842.560000
     of which used for sequential elements: 80774.969600 (35.61%)

