Reading timing models for corner nom_ss_100C_1v60…
Reading timing library for the 'nom_ss_100C_1v60' corner at '/Users/yomna/.ciel/ciel/sky130/versions/8afc8346a57fe1ab7934ba5a6056ea8b43078e71/sky130A/libs.ref/sky130_fd_sc_hd/lib/sky130_fd_sc_hd__ss_100C_1v60.lib'…
Reading technology LEF file at '/Users/yomna/.ciel/ciel/sky130/versions/8afc8346a57fe1ab7934ba5a6056ea8b43078e71/sky130A/libs.ref/sky130_fd_sc_hd/techlef/sky130_fd_sc_hd__nom.tlef'…
[INFO ODB-0227] LEF file: /Users/yomna/.ciel/ciel/sky130/versions/8afc8346a57fe1ab7934ba5a6056ea8b43078e71/sky130A/libs.ref/sky130_fd_sc_hd/techlef/sky130_fd_sc_hd__nom.tlef, created 14 layers, 25 vias
Reading cell LEF file at '/Users/yomna/.ciel/ciel/sky130/versions/8afc8346a57fe1ab7934ba5a6056ea8b43078e71/sky130A/libs.ref/sky130_fd_sc_hd/lef/sky130_ef_sc_hd.lef'…
[WARNING ODB-0220] WARNING (LEFPARS-2008): NOWIREEXTENSIONATPIN statement is obsolete in version 5.6 or later.
The NOWIREEXTENSIONATPIN statement will be ignored. See file /Users/yomna/.ciel/ciel/sky130/versions/8afc8346a57fe1ab7934ba5a6056ea8b43078e71/sky130A/libs.ref/sky130_fd_sc_hd/lef/sky130_ef_sc_hd.lef at line 2.

[INFO ODB-0227] LEF file: /Users/yomna/.ciel/ciel/sky130/versions/8afc8346a57fe1ab7934ba5a6056ea8b43078e71/sky130A/libs.ref/sky130_fd_sc_hd/lef/sky130_ef_sc_hd.lef, created 8 library cells
Reading cell LEF file at '/Users/yomna/.ciel/ciel/sky130/versions/8afc8346a57fe1ab7934ba5a6056ea8b43078e71/sky130A/libs.ref/sky130_fd_sc_hd/lef/sky130_fd_sc_hd.lef'…
[WARNING ODB-0220] WARNING (LEFPARS-2008): NOWIREEXTENSIONATPIN statement is obsolete in version 5.6 or later.
The NOWIREEXTENSIONATPIN statement will be ignored. See file /Users/yomna/.ciel/ciel/sky130/versions/8afc8346a57fe1ab7934ba5a6056ea8b43078e71/sky130A/libs.ref/sky130_fd_sc_hd/lef/sky130_fd_sc_hd.lef at line 2.

[INFO ODB-0227] LEF file: /Users/yomna/.ciel/ciel/sky130/versions/8afc8346a57fe1ab7934ba5a6056ea8b43078e71/sky130A/libs.ref/sky130_fd_sc_hd/lef/sky130_fd_sc_hd.lef, created 437 library cells
Reading top-level netlist at '/Users/yomna/Documents/projects/harts/flow/openlane/runs/classic-flow/06-yosys-synthesis/hw_scheduler_top.nl.v'…
Linking design 'hw_scheduler_top' from netlist…
Reading design constraints file at '/Users/yomna/Documents/projects/harts/flow/openlane/sdc/hw_scheduler_top_pnr.sdc'…
[INFO]: Creating clock {clk} for port clk with period: 25
[INFO]: Setting clock uncertainty to: 0.12
[INFO]: Source clock latency 0 (macro boundary)
Using site height: 2.72 and site width: 0.46…
[INFO] Using relative sizing for the floorplan.
+ initialize_floorplan -site unithd -utilization 35 -aspect_ratio 1 -core_space 10.88 10.88 5.5200000000000005 5.5200000000000005
[INFO IFP-0107] Defining die area using utilization: 35.00% and aspect ratio: 1.
[INFO IFP-0001] Added 301 rows of 1781 site unithd.
[INFO IFP-0100] Die BBox:  (  0.000  0.000 ) ( 830.600 841.320 ) um
[INFO IFP-0101] Core BBox: (  5.520 10.880 ) ( 824.780 829.600 ) um
[INFO IFP-0102] Core area:                       670744.547 um^2
[INFO IFP-0103] Total instances area:            235089.219 um^2
[INFO IFP-0104] Effective utilization:                0.350
[INFO IFP-0105] Number of instances:                  24315
[INFO IFP-0030] Inserted 0 tiecells using sky130_fd_sc_hd__conb_1/LO.
[INFO IFP-0030] Inserted 0 tiecells using sky130_fd_sc_hd__conb_1/HI.
[INFO] Extracting DIE_AREA and CORE_AREA from the floorplan
[INFO] Floorplanned on a die area of 0.0 0.0 830.6 841.32 (µm).
[INFO] Floorplanned on a core area of 5.52 10.88 824.78 829.6 (µm).
Writing metric design__die__bbox: 0.0 0.0 830.6 841.32
Writing metric design__core__bbox: 5.52 10.88 824.78 829.6
Setting global connections for newly added cells…
[INFO] Setting global connections...
[INFO ODB-0403] 0 connections made, 0 conflicts skipped.
Updating metrics…
Cell type report:                       Count       Area
  Buffer                                 2847   12574.56
  Inverter                               2201    8956.09
  Sequential cell                        2860   74501.45
  Multi-Input combinational cell        16407  139057.12
  Total                                 24315  235089.22
Writing OpenROAD database to '/Users/yomna/Documents/projects/harts/flow/openlane/runs/classic-flow/13-openroad-floorplan/hw_scheduler_top.odb'…
Writing netlist to '/Users/yomna/Documents/projects/harts/flow/openlane/runs/classic-flow/13-openroad-floorplan/hw_scheduler_top.nl.v'…
Writing powered netlist to '/Users/yomna/Documents/projects/harts/flow/openlane/runs/classic-flow/13-openroad-floorplan/hw_scheduler_top.pnl.v'…
Writing layout to '/Users/yomna/Documents/projects/harts/flow/openlane/runs/classic-flow/13-openroad-floorplan/hw_scheduler_top.def'…
Writing timing constraints to '/Users/yomna/Documents/projects/harts/flow/openlane/runs/classic-flow/13-openroad-floorplan/hw_scheduler_top.sdc'…
