Reading timing models for corner max_ss_100C_1v60…
Reading timing library for the 'max_ss_100C_1v60' corner at '/Users/yomna/.ciel/ciel/sky130/versions/8afc8346a57fe1ab7934ba5a6056ea8b43078e71/sky130A/libs.ref/sky130_fd_sc_hd/lib/sky130_fd_sc_hd__ss_100C_1v60.lib'…
Reading OpenROAD database at '/Users/yomna/Documents/projects/harts/flow/openlane/runs/classic-flow/42-odb-diodesonports/3-openroad-globalrouting/hw_scheduler_top.odb'…
Reading design constraints file at '/Users/yomna/Documents/projects/harts/flow/openlane/sdc/hw_scheduler_top_pnr.sdc'…
[INFO]: Creating clock {clk} for port clk with period: 25
[INFO]: Setting clock uncertainty to: 0.06
[INFO]: Setting maximum transition to: 0.75
[INFO]: Setting maximum fanout to: 24
[INFO]: Setting clock latency range: 0.0 : 0.0
+ repair_antennas sky130_fd_sc_hd__diode_2 -iterations 10 -ratio_margin 15
[INFO GRT-0012] Found 165 antenna violations.
[INFO GRT-0302] Inserted 97 jumpers for 83 nets.
[INFO GRT-0012] Found 90 antenna violations.
[INFO GRT-0015] Inserted 150 diodes.
[INFO GRT-0012] Found 33 antenna violations.
[INFO GRT-0302] Inserted 36 jumpers for 31 nets.
[INFO GRT-0012] Found 2 antenna violations.
[INFO GRT-0015] Inserted 8 diodes.
[INFO GRT-0012] Found 6 antenna violations.
[INFO GRT-0302] Inserted 7 jumpers for 6 nets.
[INFO GRT-0012] Found 0 antenna violations.
Setting global connections for newly added cells…
[INFO] Setting global connections...
[INFO ODB-0403] 632 connections made, 0 conflicts skipped.
Updating metrics…
Cell type report:                       Count       Area
  Fill cell                               582    2184.60
  Tap cell                               8936   11180.72
  Antenna cell                            429    1073.53
  Buffer                                 3116   13812.00
  Clock buffer                            581    7667.35
  Timing Repair Buffer                   1904   16528.35
  Inverter                               2357    8972.36
  Clock inverter                          111    1356.30
  Sequential cell                        3086   80821.26
  Multi-Input combinational cell        17656  149069.22
  Total                                 38758  292665.69
Writing OpenROAD database to '/Users/yomna/Documents/projects/harts/flow/openlane/runs/classic-flow/43-openroad-repairantennas/1-openroad-diodeinsertion/hw_scheduler_top.odb'…
Writing layout to '/Users/yomna/Documents/projects/harts/flow/openlane/runs/classic-flow/43-openroad-repairantennas/1-openroad-diodeinsertion/hw_scheduler_top.def'…
