Reading timing models for corner max_ss_100C_1v60…
Reading timing library for the 'max_ss_100C_1v60' corner at '/Users/yomna/.ciel/ciel/sky130/versions/8afc8346a57fe1ab7934ba5a6056ea8b43078e71/sky130A/libs.ref/sky130_fd_sc_hd/lib/sky130_fd_sc_hd__ss_100C_1v60.lib'…
Reading OpenROAD database at '/Users/yomna/Documents/projects/harts/flow/openlane/runs/classic-flow/49-odb-reportdisconnectedpins/hw_scheduler_top.odb'…
Reading design constraints file at '/Users/yomna/Documents/projects/harts/flow/openlane/sdc/hw_scheduler_top_pnr.sdc'…
[INFO]: Creating clock {clk} for port clk with period: 25
[INFO]: Setting clock uncertainty to: 0.06
[INFO]: Setting maximum transition to: 0.75
[INFO]: Setting maximum fanout to: 24
[INFO]: Setting clock latency range: 0.0 : 0.0
sky130_fd_sc_hd__decap_3 sky130_fd_sc_hd__fill_2 sky130_fd_sc_hd__fill_1
[INFO DPL-0001] Placed 98121 filler instances.
Setting global connections for newly added cells…
[INFO] Setting global connections...
[INFO ODB-0403] 392484 connections made, 0 conflicts skipped.
Updating metrics…
Cell type report:                       Count       Area
  Fill cell                             98703  336350.09
  Tap cell                               8936   11180.72
  Antenna cell                            488    1221.17
  Buffer                                 3116   13812.00
  Clock buffer                            581    7667.35
  Timing Repair Buffer                   1904   16528.35
  Inverter                               2357    8972.36
  Clock inverter                          111    1356.30
  Sequential cell                        3086   80821.26
  Multi-Input combinational cell        17656  149069.22
  Total                                136938  626978.82
Writing OpenROAD database to '/Users/yomna/Documents/projects/harts/flow/openlane/runs/classic-flow/53-openroad-fillinsertion/hw_scheduler_top.odb'…
Writing netlist to '/Users/yomna/Documents/projects/harts/flow/openlane/runs/classic-flow/53-openroad-fillinsertion/hw_scheduler_top.nl.v'…
Writing powered netlist to '/Users/yomna/Documents/projects/harts/flow/openlane/runs/classic-flow/53-openroad-fillinsertion/hw_scheduler_top.pnl.v'…
Writing layout to '/Users/yomna/Documents/projects/harts/flow/openlane/runs/classic-flow/53-openroad-fillinsertion/hw_scheduler_top.def'…
Writing timing constraints to '/Users/yomna/Documents/projects/harts/flow/openlane/runs/classic-flow/53-openroad-fillinsertion/hw_scheduler_top.sdc'…
