┏━━━━━━━┳━━━━━━━━━┳━━━━━━━━━━┳━━━━━━━━━━━━━━━━━━━━┳━━━━━━━━━━━━━━━━━┳━━━━━━━┓
┃ P / R ┃ Partial ┃ Required ┃ Net                ┃ Pin             ┃ Layer ┃
┡━━━━━━━╇━━━━━━━━━╇━━━━━━━━━━╇━━━━━━━━━━━━━━━━━━━━╇━━━━━━━━━━━━━━━━━╇━━━━━━━┩
│ 7.03  │ 2812.76 │ 400.00   │ _03072_            │ _48223_/D       │ met3  │
│ 4.18  │ 1673.71 │ 400.00   │ net816             │ _30969_/A       │ met3  │
│ 4.04  │ 1617.03 │ 400.00   │ _03073_            │ _48224_/D       │ met1  │
│ 3.80  │ 1521.86 │ 400.00   │ _03069_            │ _48220_/D       │ met1  │
│ 3.40  │ 1360.47 │ 400.00   │ _03071_            │ _48222_/D       │ met1  │
│ 3.11  │ 1244.63 │ 400.00   │ _19559_            │ _43863_/A       │ met3  │
│ 3.09  │ 1235.62 │ 400.00   │ _03074_            │ _48225_/D       │ met3  │
│ 2.92  │ 1167.47 │ 400.00   │ _03074_            │ _48225_/D       │ met1  │
│ 2.89  │ 1157.08 │ 400.00   │ net482             │ _44262_/B       │ met3  │
│ 2.87  │ 1148.00 │ 400.00   │ net520             │ _44021_/A       │ met3  │
│ 2.80  │ 1118.04 │ 400.00   │ _20111_            │ wire222/A       │ met3  │
│ 2.48  │ 990.60  │ 400.00   │ sq_enq_counter[9\] │ _31781_/A       │ met3  │
│ 2.45  │ 978.46  │ 400.00   │ _10157_            │ _32404_/A       │ met3  │
│ 2.45  │ 978.46  │ 400.00   │ _10157_            │ _33130_/A1      │ met3  │
│ 2.36  │ 943.55  │ 400.00   │ net518             │ _43769_/A       │ met3  │
│ 2.18  │ 872.16  │ 400.00   │ net202             │ _33389_/B1      │ met3  │
│ 2.14  │ 856.53  │ 400.00   │ _09785_            │ _31199_/A2      │ met3  │
│ 2.12  │ 847.31  │ 400.00   │ net53              │ _48226_/D       │ met1  │
│ 2.11  │ 845.00  │ 400.00   │ net1013            │ fanout926/A     │ met3  │
│ 2.11  │ 845.00  │ 400.00   │ net1013            │ fanout943/A     │ met3  │
│ 2.11  │ 845.00  │ 400.00   │ net1013            │ fanout988/A     │ met3  │
│ 2.11  │ 845.00  │ 400.00   │ net1013            │ fanout1008/A    │ met3  │
│ 2.10  │ 840.30  │ 400.00   │ _20866_            │ wire687/A       │ met3  │
│ 2.04  │ 817.65  │ 400.00   │ net1028            │ _33740_/A1      │ met3  │
│ 2.04  │ 817.65  │ 400.00   │ net1028            │ _35908_/A0      │ met3  │
│ 1.97  │ 789.53  │ 400.00   │ _03066_            │ _48217_/D       │ met1  │
│ 1.97  │ 789.29  │ 400.00   │ net12              │ output12/A      │ met1  │
│ 1.96  │ 784.17  │ 400.00   │ _19559_            │ _43863_/A       │ met1  │
│ 1.96  │ 782.54  │ 400.00   │ pq_flush           │ fanout979/A     │ met1  │
│ 1.94  │ 774.03  │ 400.00   │ _21336_            │ _25017_/B_N     │ met2  │
│ 1.92  │ 767.61  │ 400.00   │ net244             │ _34279_/A1      │ met3  │
│ 1.91  │ 763.34  │ 400.00   │ net1029            │ _33696_/A2      │ met3  │
│ 1.91  │ 763.34  │ 400.00   │ net1029            │ _35906_/A0      │ met3  │
│ 1.90  │ 760.58  │ 400.00   │ _12451_            │ _38478_/B       │ met3  │
│ 1.85  │ 740.57  │ 400.00   │ net230             │ _31476_/A1      │ met3  │
│ 1.84  │ 737.81  │ 400.00   │ cmd_word2[11\]     │ _36763_/A1      │ met1  │
│ 1.80  │ 719.06  │ 400.00   │ _22091_            │ _23653_/A       │ met1  │
│ 1.80  │ 718.25  │ 400.00   │ _13366_            │ wire282/A       │ met3  │
│ 1.77  │ 709.90  │ 400.00   │ _19501_            │ _44094_/B       │ met3  │
│ 1.77  │ 708.40  │ 400.00   │ net393             │ _43870_/A2      │ met2  │
│ 1.77  │ 706.47  │ 400.00   │ _03168_            │ _24356_/A_N     │ met1  │
│ 1.74  │ 696.78  │ 400.00   │ net500             │ _44021_/B       │ met1  │
│ 1.74  │ 696.05  │ 400.00   │ net833             │ _31204_/B       │ met3  │
│ 1.72  │ 688.48  │ 400.00   │ net774             │ _32382_/A1      │ met3  │
│ 1.72  │ 688.48  │ 400.00   │ net774             │ _32867_/A1      │ met3  │
│ 1.71  │ 685.58  │ 400.00   │ net161             │ _33499_/A2      │ met3  │
│ 1.71  │ 685.58  │ 400.00   │ net161             │ _33599_/A2      │ met3  │
│ 1.71  │ 685.58  │ 400.00   │ net161             │ _33604_/A2      │ met3  │
│ 1.71  │ 685.53  │ 400.00   │ _09070_            │ max_cap181/A    │ met3  │
│ 1.70  │ 680.31  │ 400.00   │ _03070_            │ _48221_/D       │ met1  │
│ 1.68  │ 673.82  │ 400.00   │ net517             │ _34598_/C       │ met1  │
│ 1.68  │ 673.66  │ 400.00   │ net193             │ _31506_/B       │ met3  │
│ 1.68  │ 671.45  │ 400.00   │ net199             │ _33415_/B1      │ met3  │
│ 1.65  │ 659.28  │ 400.00   │ net838             │ _30981_/A       │ met2  │
│ 1.64  │ 654.68  │ 400.00   │ cmd_word2[15\]     │ _36788_/A1      │ met1  │
│ 1.61  │ 645.50  │ 400.00   │ _00764_            │ _48694_/D       │ met1  │
│ 1.58  │ 633.60  │ 400.00   │ net203             │ _32909_/A2      │ met3  │
│ 1.58  │ 632.00  │ 400.00   │ _20852_            │ _45114_/A       │ met3  │
│ 1.57  │ 629.04  │ 400.00   │ _07564_            │ _28750_/A1      │ met3  │
│ 1.57  │ 629.04  │ 400.00   │ _08399_            │ _32857_/A1      │ met3  │
│ 1.56  │ 625.25  │ 400.00   │ net596             │ _25644_/A       │ met1  │
│ 1.56  │ 622.29  │ 400.00   │ _03187_            │ _30699_/A       │ met3  │
│ 1.56  │ 622.29  │ 400.00   │ net813             │ _29850_/A       │ met3  │
│ 1.54  │ 617.38  │ 400.00   │ net171             │ _31353_/A2      │ met1  │
│ 1.53  │ 610.90  │ 400.00   │ net1895            │ _35906_/A1      │ met1  │
│ 1.51  │ 603.94  │ 400.00   │ _00744_            │ _48738_/D       │ met1  │
│ 1.50  │ 601.36  │ 400.00   │ _20794_            │ _36962_/A       │ met1  │
│ 1.48  │ 591.31  │ 400.00   │ net837             │ _29815_/A       │ met2  │
│ 1.45  │ 579.56  │ 400.00   │ net835             │ _31042_/A       │ met1  │
│ 1.43  │ 572.48  │ 400.00   │ net819             │ _30651_/A1      │ met3  │
│ 1.43  │ 572.48  │ 400.00   │ net819             │ _30923_/A       │ met3  │
│ 1.42  │ 568.06  │ 400.00   │ _21194_            │ _24566_/A       │ met1  │
│ 1.40  │ 561.93  │ 400.00   │ _08282_            │ _30987_/A       │ met3  │
│ 1.40  │ 561.93  │ 400.00   │ _08282_            │ max_cap824/A    │ met3  │
│ 1.40  │ 561.21  │ 400.00   │ net820             │ _30660_/A       │ met1  │
│ 1.36  │ 545.06  │ 400.00   │ _00657_            │ _48331_/D       │ met1  │
│ 1.36  │ 544.03  │ 400.00   │ _00538_            │ _48435_/D       │ met2  │
│ 1.35  │ 539.96  │ 400.00   │ _08415_            │ _32888_/A1      │ met3  │
│ 1.35  │ 539.83  │ 400.00   │ _10111_            │ _33576_/B1      │ met3  │
│ 1.34  │ 537.70  │ 400.00   │ _23057_            │ _30568_/B       │ met3  │
│ 1.34  │ 536.51  │ 400.00   │ net181             │ _32293_/A       │ met3  │
│ 1.34  │ 536.51  │ 400.00   │ net181             │ _32553_/B       │ met3  │
│ 1.34  │ 536.51  │ 400.00   │ net181             │ _33029_/A1      │ met3  │
│ 1.32  │ 529.44  │ 400.00   │ net1175            │ _27385_/A       │ met1  │
│ 1.30  │ 520.75  │ 400.00   │ net73              │ _48215_/D       │ met1  │
│ 1.30  │ 518.33  │ 400.00   │ _00825_            │ _48627_/D       │ met1  │
│ 1.29  │ 517.48  │ 400.00   │ net809             │ _30832_/A1      │ met3  │
│ 1.29  │ 515.35  │ 400.00   │ net869             │ _28258_/A       │ met3  │
│ 1.29  │ 515.35  │ 400.00   │ net869             │ _28519_/B       │ met3  │
│ 1.29  │ 515.25  │ 400.00   │ _12427_            │ _38461_/B       │ met3  │
│ 1.29  │ 515.25  │ 400.00   │ net1211            │ _46015_/B       │ met3  │
│ 1.27  │ 509.98  │ 400.00   │ _21945_            │ _29816_/A0      │ met1  │
│ 1.24  │ 495.39  │ 400.00   │ net203             │ _33399_/A2      │ met3  │
│ 1.24  │ 495.22  │ 400.00   │ _12382_            │ _38433_/B       │ met3  │
│ 1.24  │ 494.15  │ 400.00   │ sq_enq_counter[5\] │ _30668_/B       │ met3  │
│ 1.24  │ 494.15  │ 400.00   │ sq_enq_counter[5\] │ _31211_/A1      │ met3  │
│ 1.23  │ 490.20  │ 400.00   │ net1027            │ _33770_/B1      │ met1  │
│ 1.21  │ 483.65  │ 400.00   │ net810             │ _30785_/A1      │ met3  │
│ 1.21  │ 483.65  │ 400.00   │ net810             │ _31054_/A       │ met3  │
│ 1.21  │ 482.32  │ 400.00   │ _19708_            │ _43559_/B       │ met1  │
│ 1.20  │ 479.79  │ 400.00   │ net1271            │ wire1270/A      │ met1  │
│ 1.18  │ 472.44  │ 400.00   │ _21104_            │ _45367_/A       │ met1  │
│ 1.18  │ 472.39  │ 400.00   │ net404             │ _26025_/A       │ met1  │
│ 1.18  │ 470.67  │ 400.00   │ net818             │ _31499_/B       │ met3  │
│ 1.18  │ 470.67  │ 400.00   │ net818             │ _31758_/A1      │ met3  │
│ 1.18  │ 470.64  │ 400.00   │ _22083_            │ _25278_/B       │ met3  │
│ 1.18  │ 470.33  │ 400.00   │ net832             │ _31060_/A       │ met1  │
│ 1.17  │ 467.33  │ 400.00   │ net1013            │ fanout917/A     │ met1  │
│ 1.16  │ 465.75  │ 400.00   │ net298             │ _24991_/A       │ met1  │
│ 1.16  │ 464.03  │ 400.00   │ net182             │ _32352_/A2      │ met3  │
│ 1.16  │ 464.03  │ 400.00   │ net182             │ _32748_/A2      │ met3  │
│ 1.16  │ 464.03  │ 400.00   │ net182             │ _33300_/A2      │ met3  │
│ 1.15  │ 460.92  │ 400.00   │ _06410_            │ _28391_/A       │ met1  │
│ 1.15  │ 458.15  │ 400.00   │ _19695_            │ _34313_/A1      │ met1  │
│ 1.13  │ 450.62  │ 400.00   │ net276             │ _34957_/A2      │ met3  │
│ 1.12  │ 449.83  │ 400.00   │ net1775            │ _48479_/RESET_B │ met1  │
│ 1.12  │ 447.60  │ 400.00   │ net173             │ _32562_/A1      │ met3  │
│ 1.12  │ 447.60  │ 400.00   │ net173             │ _33042_/A1      │ met3  │
│ 1.12  │ 447.53  │ 400.00   │ net188             │ _32331_/A       │ met3  │
│ 1.12  │ 447.53  │ 400.00   │ net188             │ _32582_/A1      │ met3  │
│ 1.12  │ 447.53  │ 400.00   │ net188             │ _33065_/A1      │ met3  │
│ 1.12  │ 447.08  │ 400.00   │ net1202            │ _30461_/A2      │ met3  │
│ 1.12  │ 447.08  │ 400.00   │ net1202            │ _45769_/B       │ met3  │
│ 1.12  │ 447.08  │ 400.00   │ net1202            │ _46022_/B       │ met3  │
│ 1.11  │ 444.66  │ 400.00   │ net1755            │ _49187_/RESET_B │ met1  │
│ 1.11  │ 444.66  │ 400.00   │ net1755            │ _49189_/RESET_B │ met1  │
│ 1.08  │ 432.31  │ 400.00   │ net842             │ _23484_/B       │ met3  │
│ 1.08  │ 432.31  │ 400.00   │ net842             │ _26227_/B       │ met3  │
│ 1.08  │ 432.31  │ 400.00   │ net842             │ _28042_/A       │ met3  │
│ 1.08  │ 431.03  │ 400.00   │ _03072_            │ _48223_/D       │ met1  │
│ 1.08  │ 431.02  │ 400.00   │ cmd_word[9\]       │ _36940_/C       │ met1  │
│ 1.08  │ 430.58  │ 400.00   │ pq_depth[2\]       │ _35920_/A0      │ met1  │
│ 1.08  │ 430.33  │ 400.00   │ net775             │ _29590_/B       │ met3  │
│ 1.08  │ 430.33  │ 400.00   │ net775             │ _29821_/A       │ met3  │
│ 1.07  │ 426.04  │ 400.00   │ _03911_            │ _25097_/A       │ met3  │
│ 1.07  │ 426.04  │ 400.00   │ _12403_            │ _38445_/B       │ met3  │
│ 1.06  │ 425.24  │ 400.00   │ net882             │ _29381_/A       │ met3  │
│ 1.06  │ 424.11  │ 400.00   │ _21794_            │ _29886_/A0      │ met1  │
│ 1.06  │ 423.95  │ 400.00   │ _12549_            │ _34420_/A0      │ met3  │
│ 1.06  │ 423.72  │ 400.00   │ net698             │ _39953_/S       │ met3  │
│ 1.06  │ 423.70  │ 400.00   │ _04956_            │ _31782_/A1      │ met3  │
│ 1.06  │ 423.70  │ 400.00   │ _22772_            │ wire550/A       │ met3  │
│ 1.05  │ 418.99  │ 400.00   │ net1125            │ fanout1106/A    │ met3  │
│ 1.05  │ 418.99  │ 400.00   │ net1125            │ fanout1112/A    │ met3  │
│ 1.05  │ 418.99  │ 400.00   │ net1125            │ load_slew1124/A │ met3  │
│ 1.04  │ 414.82  │ 400.00   │ cmd_word2[9\]      │ _35829_/A1      │ met1  │
│ 1.03  │ 410.24  │ 400.00   │ _03276_            │ _33200_/C       │ met1  │
│ 1.02  │ 409.66  │ 400.00   │ sq_enq_counter[7\] │ _31512_/A1      │ met3  │
│ 1.02  │ 409.66  │ 400.00   │ sq_enq_counter[7\] │ max_cap1282/A   │ met3  │
│ 1.02  │ 406.72  │ 400.00   │ net224             │ _32522_/A       │ met1  │
│ 1.02  │ 406.17  │ 400.00   │ _20124_            │ _34977_/A1      │ met3  │
│ 1.02  │ 406.01  │ 400.00   │ _23061_            │ wire103/A       │ met3  │
│ 1.01  │ 404.39  │ 400.00   │ _22136_            │ _23726_/A       │ met1  │
│ 1.01  │ 403.81  │ 400.00   │ _08403_            │ _33376_/B       │ met3  │
│ 1.01  │ 403.73  │ 400.00   │ net153             │ _33124_/A2      │ met3  │
│ 1.01  │ 402.33  │ 400.00   │ net775             │ _29821_/A       │ met1  │
│ 1.00  │ 401.89  │ 400.00   │ net491             │ _25079_/B       │ met1  │
└───────┴─────────┴──────────┴────────────────────┴─────────────────┴───────┘
