Reading timing models for corner max_tt_025C_1v80…
Reading timing library for the 'max_tt_025C_1v80' corner at '/Users/yomna/.ciel/ciel/sky130/versions/8afc8346a57fe1ab7934ba5a6056ea8b43078e71/sky130A/libs.ref/sky130_fd_sc_hd/lib/sky130_fd_sc_hd__tt_025C_1v80.lib'…
Reading timing models for corner min_ss_100C_1v60…
Reading timing library for the 'min_ss_100C_1v60' corner at '/Users/yomna/.ciel/ciel/sky130/versions/8afc8346a57fe1ab7934ba5a6056ea8b43078e71/sky130A/libs.ref/sky130_fd_sc_hd/lib/sky130_fd_sc_hd__ss_100C_1v60.lib'…
Reading timing models for corner nom_tt_025C_1v80…
Reading timing library for the 'nom_tt_025C_1v80' corner at '/Users/yomna/.ciel/ciel/sky130/versions/8afc8346a57fe1ab7934ba5a6056ea8b43078e71/sky130A/libs.ref/sky130_fd_sc_hd/lib/sky130_fd_sc_hd__tt_025C_1v80.lib'…
[WARNING STA-1140] /Users/yomna/.ciel/ciel/sky130/versions/8afc8346a57fe1ab7934ba5a6056ea8b43078e71/sky130A/libs.ref/sky130_fd_sc_hd/lib/sky130_fd_sc_hd__tt_025C_1v80.lib line 1, library sky130_fd_sc_hd__tt_025C_1v80 already exists.
Reading timing models for corner max_ff_n40C_1v95…
Reading timing library for the 'max_ff_n40C_1v95' corner at '/Users/yomna/.ciel/ciel/sky130/versions/8afc8346a57fe1ab7934ba5a6056ea8b43078e71/sky130A/libs.ref/sky130_fd_sc_hd/lib/sky130_fd_sc_hd__ff_n40C_1v95.lib'…
Reading timing models for corner nom_ff_n40C_1v95…
Reading timing library for the 'nom_ff_n40C_1v95' corner at '/Users/yomna/.ciel/ciel/sky130/versions/8afc8346a57fe1ab7934ba5a6056ea8b43078e71/sky130A/libs.ref/sky130_fd_sc_hd/lib/sky130_fd_sc_hd__ff_n40C_1v95.lib'…
[WARNING STA-1140] /Users/yomna/.ciel/ciel/sky130/versions/8afc8346a57fe1ab7934ba5a6056ea8b43078e71/sky130A/libs.ref/sky130_fd_sc_hd/lib/sky130_fd_sc_hd__ff_n40C_1v95.lib line 1, library sky130_fd_sc_hd__ff_n40C_1v95 already exists.
Reading timing models for corner max_ss_100C_1v60…
Reading timing library for the 'max_ss_100C_1v60' corner at '/Users/yomna/.ciel/ciel/sky130/versions/8afc8346a57fe1ab7934ba5a6056ea8b43078e71/sky130A/libs.ref/sky130_fd_sc_hd/lib/sky130_fd_sc_hd__ss_100C_1v60.lib'…
[WARNING STA-1140] /Users/yomna/.ciel/ciel/sky130/versions/8afc8346a57fe1ab7934ba5a6056ea8b43078e71/sky130A/libs.ref/sky130_fd_sc_hd/lib/sky130_fd_sc_hd__ss_100C_1v60.lib line 1, library sky130_fd_sc_hd__ss_100C_1v60 already exists.
Reading timing models for corner min_tt_025C_1v80…
Reading timing library for the 'min_tt_025C_1v80' corner at '/Users/yomna/.ciel/ciel/sky130/versions/8afc8346a57fe1ab7934ba5a6056ea8b43078e71/sky130A/libs.ref/sky130_fd_sc_hd/lib/sky130_fd_sc_hd__tt_025C_1v80.lib'…
[WARNING STA-1140] /Users/yomna/.ciel/ciel/sky130/versions/8afc8346a57fe1ab7934ba5a6056ea8b43078e71/sky130A/libs.ref/sky130_fd_sc_hd/lib/sky130_fd_sc_hd__tt_025C_1v80.lib line 1, library sky130_fd_sc_hd__tt_025C_1v80 already exists.
Reading timing models for corner nom_ss_100C_1v60…
Reading timing library for the 'nom_ss_100C_1v60' corner at '/Users/yomna/.ciel/ciel/sky130/versions/8afc8346a57fe1ab7934ba5a6056ea8b43078e71/sky130A/libs.ref/sky130_fd_sc_hd/lib/sky130_fd_sc_hd__ss_100C_1v60.lib'…
[WARNING STA-1140] /Users/yomna/.ciel/ciel/sky130/versions/8afc8346a57fe1ab7934ba5a6056ea8b43078e71/sky130A/libs.ref/sky130_fd_sc_hd/lib/sky130_fd_sc_hd__ss_100C_1v60.lib line 1, library sky130_fd_sc_hd__ss_100C_1v60 already exists.
Reading timing models for corner min_ff_n40C_1v95…
Reading timing library for the 'min_ff_n40C_1v95' corner at '/Users/yomna/.ciel/ciel/sky130/versions/8afc8346a57fe1ab7934ba5a6056ea8b43078e71/sky130A/libs.ref/sky130_fd_sc_hd/lib/sky130_fd_sc_hd__ff_n40C_1v95.lib'…
[WARNING STA-1140] /Users/yomna/.ciel/ciel/sky130/versions/8afc8346a57fe1ab7934ba5a6056ea8b43078e71/sky130A/libs.ref/sky130_fd_sc_hd/lib/sky130_fd_sc_hd__ff_n40C_1v95.lib line 1, library sky130_fd_sc_hd__ff_n40C_1v95 already exists.
Reading OpenROAD database at '/Users/yomna/Documents/projects/harts/flow/openlane/runs/classic-flow/39-openroad-globalrouting/hw_scheduler_top.odb'…
Reading design constraints file at '/Users/yomna/Documents/projects/harts/flow/openlane/sdc/hw_scheduler_top_pnr.sdc'…
[INFO]: Creating clock {clk} for port clk with period: 25
[INFO]: Setting clock uncertainty to: 0.06
[INFO]: Setting maximum transition to: 0.75
[INFO]: Setting maximum fanout to: 24
[INFO]: Setting clock latency range: 0.0 : 0.0
[INFO] Setting signal min routing layer to: met1 and clock min routing layer to met1. 
[INFO] Setting signal max routing layer to: met4 and clock max routing layer to met4. 
+ global_route -congestion_iterations 50 -verbose
[INFO GRT-0020] Min routing layer: met1
[INFO GRT-0021] Max routing layer: met4
[INFO GRT-0022] Global adjustment: 30%
[INFO GRT-0023] Grid origin: (0, 0)
[INFO GRT-0088] Layer li1     Track-Pitch = 0.4600  line-2-Via Pitch: 0.3400
[INFO GRT-0088] Layer met1    Track-Pitch = 0.3400  line-2-Via Pitch: 0.3400
[INFO GRT-0088] Layer met2    Track-Pitch = 0.4600  line-2-Via Pitch: 0.3500
[INFO GRT-0088] Layer met3    Track-Pitch = 0.6800  line-2-Via Pitch: 0.6150
[INFO GRT-0088] Layer met4    Track-Pitch = 0.9200  line-2-Via Pitch: 0.6150
[INFO GRT-0003] Macros: 0
[INFO GRT-0004] Blockages: 43815
[INFO GRT-0019] Found 382 clock nets.
[INFO GRT-0001] Minimum degree: 2
[INFO GRT-0002] Maximum degree: 257

[INFO GRT-0053] Routing resources analysis:
          Routing      Original      Derated      Resource
Layer     Direction    Resources     Resources    Reduction (%)
---------------------------------------------------------------
li1        Vertical            0             0          0.00%
met1       Horizontal     187353        124665          33.46%
met2       Vertical       198740        132147          33.51%
met3       Horizontal     135819         93290          31.31%
met4       Vertical        99023         59577          39.84%
---------------------------------------------------------------

[INFO GRT-0101] Running extra iterations to remove overflow.
[INFO GRT-0102] Start extra iteration 1/50
[INFO GRT-0102] Start extra iteration 2/50
[INFO GRT-0102] Start extra iteration 3/50
[INFO GRT-0102] Start extra iteration 4/50
[INFO GRT-0197] Via related to pin nodes: 154088
[INFO GRT-0198] Via related Steiner nodes: 4662
[INFO GRT-0199] Via filling finished.
[INFO GRT-0111] Final number of vias: 199174
[INFO GRT-0112] Final usage 3D: 788704

[INFO GRT-0096] Final congestion report:
Layer         Resource        Demand        Usage (%)    Max H / Max V / Total Overflow
---------------------------------------------------------------------------------------
li1                  0             0            0.00%             0 /  0 /  0
met1            124665         74585           59.83%             0 /  0 /  0
met2            132147         79059           59.83%             0 /  0 /  0
met3             93290         18646           19.99%             0 /  0 /  0
met4             59577         18892           31.71%             0 /  0 /  0
---------------------------------------------------------------------------------------
Total           409679        191182           46.67%             0 /  0 /  0

[INFO GRT-0018] Total wirelength: 1803763 um
[INFO GRT-0014] Routed nets: 28513
[INFO GRT-0303] Global routing runtime = 00:00:08
+ repair_design -verbose -max_wire_length 0 -slew_margin 10 -cap_margin 10
Iteration |   Area    | Resized | Buffers | Nets repaired | Remaining
---------------------------------------------------------------------
        0 |     +0.0% |       0 |       0 |             0 |     28824
     1000 |     +0.0% |       0 |       0 |             0 |     27824
     2000 |     +0.0% |       0 |       0 |             0 |     26824
     3000 |     +0.0% |       0 |       0 |             0 |     25824
     4000 |     +0.0% |       0 |       0 |             0 |     24824
     5000 |     +0.0% |       0 |       0 |             0 |     23824
     6000 |     +0.0% |       0 |       0 |             0 |     22824
     7000 |     +0.0% |       0 |       0 |             0 |     21824
     8000 |     +0.0% |       0 |       0 |             0 |     20824
     9000 |     +0.0% |       0 |       0 |             0 |     19824
    10000 |     +0.0% |       0 |       0 |             0 |     18824
    11000 |     +0.0% |       0 |       0 |             0 |     17824
    12000 |     +0.0% |       0 |       0 |             0 |     16824
    13000 |     +0.0% |       0 |       0 |             0 |     15824
    14000 |     +0.0% |       0 |       0 |             0 |     14824
    15000 |     +0.0% |       0 |       0 |             0 |     13824
    16000 |     +0.0% |       0 |       0 |             0 |     12824
    17000 |     +0.0% |       0 |       0 |             0 |     11824
    18000 |     +0.0% |       0 |       0 |             0 |     10824
    19000 |     +0.0% |       0 |       0 |             0 |      9824
    20000 |     +0.0% |       0 |       0 |             0 |      8824
    21000 |     +0.0% |       0 |       0 |             0 |      7824
    22000 |     +0.0% |       0 |       0 |             0 |      6824
    23000 |     +0.0% |       0 |       0 |             0 |      5824
    24000 |     -0.0% |       1 |       0 |             1 |      4824
    25000 |     -0.0% |       1 |       0 |             1 |      3824
    26000 |     -0.0% |       1 |       0 |             1 |      2824
    27000 |     -0.0% |       1 |       0 |             1 |      1824
    28000 |     -0.0% |       1 |       0 |             1 |       824
    final |     -0.0% |       1 |       0 |            10 |         0
---------------------------------------------------------------------
[INFO RSZ-0034] Found 10 slew violations.
[INFO RSZ-0039] Resized 1 instances.
+ detailed_placement -max_displacement  500 100 
Placement Analysis
---------------------------------
total displacement          0.0 u
average displacement        0.0 u
max displacement            0.0 u
original HPWL         1171979.7 u
legalized HPWL        1186556.1 u
delta HPWL                    1 %

[INFO DPL-0020] Mirrored 10349 instances
[INFO DPL-0021] HPWL before          1186556.1 u
[INFO DPL-0022] HPWL after           1171979.7 u
[INFO DPL-0023] HPWL delta               -1.2 %
+ global_route -congestion_iterations 50 -verbose
[INFO GRT-0020] Min routing layer: met1
[INFO GRT-0021] Max routing layer: met4
[INFO GRT-0022] Global adjustment: 30%
[INFO GRT-0023] Grid origin: (0, 0)
[INFO GRT-0088] Layer li1     Track-Pitch = 0.4600  line-2-Via Pitch: 0.3400
[INFO GRT-0088] Layer met1    Track-Pitch = 0.3400  line-2-Via Pitch: 0.3400
[INFO GRT-0088] Layer met2    Track-Pitch = 0.4600  line-2-Via Pitch: 0.3500
[INFO GRT-0088] Layer met3    Track-Pitch = 0.6800  line-2-Via Pitch: 0.6150
[INFO GRT-0088] Layer met4    Track-Pitch = 0.9200  line-2-Via Pitch: 0.6150
[INFO GRT-0003] Macros: 0
[INFO GRT-0004] Blockages: 43815
[INFO GRT-0019] Found 382 clock nets.
[INFO GRT-0001] Minimum degree: 2
[INFO GRT-0002] Maximum degree: 257

[INFO GRT-0053] Routing resources analysis:
          Routing      Original      Derated      Resource
Layer     Direction    Resources     Resources    Reduction (%)
---------------------------------------------------------------
li1        Vertical            0             0          0.00%
met1       Horizontal     187353        124665          33.46%
met2       Vertical       198740        132147          33.51%
met3       Horizontal     135819         93290          31.31%
met4       Vertical        99023         59577          39.84%
---------------------------------------------------------------

[INFO GRT-0101] Running extra iterations to remove overflow.
[INFO GRT-0102] Start extra iteration 1/50
[INFO GRT-0102] Start extra iteration 2/50
[INFO GRT-0102] Start extra iteration 3/50
[WARNING EST-0026] Missing route to pin _48243_/D in net _00000_.
[WARNING EST-0026] Missing route to pin _43568_/Y in net _00000_.
[WARNING EST-0026] Missing route to pin _42729_/A2 in net _00000_.
[WARNING EST-0026] Missing route to pin _48243_/D in net _00000_.
[WARNING EST-0026] Missing route to pin _43568_/Y in net _00000_.
[WARNING EST-0026] Missing route to pin _42729_/A2 in net _00000_.
[WARNING EST-0026] Missing route to pin _48243_/D in net _00000_.
[WARNING EST-0026] Missing route to pin _43568_/Y in net _00000_.
[WARNING EST-0026] Missing route to pin _42729_/A2 in net _00000_.
[WARNING EST-0026] Missing route to pin _48243_/D in net _00000_.
[WARNING EST-0026] Missing route to pin _43568_/Y in net _00000_.
[WARNING EST-0026] Missing route to pin _42729_/A2 in net _00000_.
[WARNING EST-0026] Missing route to pin _48243_/D in net _00000_.
[WARNING EST-0026] Missing route to pin _43568_/Y in net _00000_.
[WARNING EST-0026] Missing route to pin _42729_/A2 in net _00000_.
[WARNING EST-0026] Missing route to pin _48243_/D in net _00000_.
[WARNING EST-0026] Missing route to pin _43568_/Y in net _00000_.
[WARNING EST-0026] Missing route to pin _42729_/A2 in net _00000_.
[WARNING EST-0026] Missing route to pin _48243_/D in net _00000_.
[WARNING EST-0026] Missing route to pin _43568_/Y in net _00000_.
[WARNING EST-0026] Missing route to pin _42729_/A2 in net _00000_.
[WARNING EST-0026] Missing route to pin _48243_/D in net _00000_.
[WARNING EST-0026] Missing route to pin _43568_/Y in net _00000_.
[WARNING EST-0026] Missing route to pin _42729_/A2 in net _00000_.
[WARNING EST-0026] Missing route to pin _48243_/D in net _00000_.
[WARNING EST-0026] Missing route to pin _43568_/Y in net _00000_.
[WARNING EST-0026] Missing route to pin _42729_/A2 in net _00000_.
[WARNING EST-0026] Missing route to pin _48245_/D in net _00001_.
[WARNING EST-0026] Missing route to pin _44397_/X in net _00001_.
[WARNING EST-0026] Missing route to pin _48245_/D in net _00001_.
[WARNING EST-0026] Missing route to pin _44397_/X in net _00001_.
[WARNING EST-0026] Missing route to pin _48245_/D in net _00001_.
[WARNING EST-0026] Missing route to pin _44397_/X in net _00001_.
[WARNING EST-0026] Missing route to pin _48245_/D in net _00001_.
[WARNING EST-0026] Missing route to pin _44397_/X in net _00001_.
[WARNING EST-0026] Missing route to pin _48245_/D in net _00001_.
[WARNING EST-0026] Missing route to pin _44397_/X in net _00001_.
[WARNING EST-0026] Missing route to pin _48245_/D in net _00001_.
[WARNING EST-0026] Missing route to pin _44397_/X in net _00001_.
[WARNING EST-0026] Missing route to pin _48245_/D in net _00001_.
[WARNING EST-0026] Missing route to pin _44397_/X in net _00001_.
[WARNING EST-0026] Missing route to pin _48245_/D in net _00001_.
[WARNING EST-0026] Missing route to pin _44397_/X in net _00001_.
[WARNING EST-0026] Missing route to pin _48245_/D in net _00001_.
[WARNING EST-0026] Missing route to pin _44397_/X in net _00001_.
[WARNING EST-0026] Missing route to pin _48246_/D in net _00002_.
[WARNING EST-0026] Missing route to pin _44396_/X in net _00002_.
[WARNING EST-0026] Missing route to pin _48246_/D in net _00002_.
[WARNING EST-0026] Missing route to pin _44396_/X in net _00002_.
[WARNING EST-0026] Missing route to pin _48246_/D in net _00002_.
[WARNING EST-0026] Missing route to pin _44396_/X in net _00002_.
[WARNING EST-0026] Missing route to pin _48246_/D in net _00002_.
[WARNING EST-0026] Missing route to pin _44396_/X in net _00002_.
[WARNING EST-0026] Missing route to pin _48246_/D in net _00002_.
[WARNING EST-0026] Missing route to pin _44396_/X in net _00002_.
[WARNING EST-0026] Missing route to pin _48246_/D in net _00002_.
[WARNING EST-0026] Missing route to pin _44396_/X in net _00002_.
[WARNING EST-0026] Missing route to pin _48246_/D in net _00002_.
[WARNING EST-0026] Missing route to pin _44396_/X in net _00002_.
[WARNING EST-0026] Missing route to pin _48246_/D in net _00002_.
[WARNING EST-0026] Missing route to pin _44396_/X in net _00002_.
[WARNING EST-0026] Missing route to pin _48246_/D in net _00002_.
[WARNING EST-0026] Missing route to pin _44396_/X in net _00002_.
[WARNING EST-0026] Missing route to pin _48241_/D in net _00004_.
[WARNING EST-0026] Missing route to pin _44388_/X in net _00004_.
[WARNING EST-0026] Missing route to pin _48241_/D in net _00004_.
[WARNING EST-0026] Missing route to pin _44388_/X in net _00004_.
[WARNING EST-0026] Missing route to pin _48241_/D in net _00004_.
[WARNING EST-0026] Missing route to pin _44388_/X in net _00004_.
[WARNING EST-0026] Missing route to pin _48241_/D in net _00004_.
[WARNING EST-0026] Missing route to pin _44388_/X in net _00004_.
[WARNING EST-0026] Missing route to pin _48241_/D in net _00004_.
[WARNING EST-0026] Missing route to pin _44388_/X in net _00004_.
[WARNING EST-0026] Missing route to pin _48241_/D in net _00004_.
[WARNING EST-0026] Missing route to pin _44388_/X in net _00004_.
[WARNING EST-0026] Missing route to pin _48241_/D in net _00004_.
[WARNING EST-0026] Missing route to pin _44388_/X in net _00004_.
[WARNING EST-0026] Missing route to pin _48241_/D in net _00004_.
[WARNING EST-0026] Missing route to pin _44388_/X in net _00004_.
[WARNING EST-0026] Missing route to pin _48241_/D in net _00004_.
[WARNING EST-0026] Missing route to pin _44388_/X in net _00004_.
[WARNING EST-0026] Missing route to pin _48236_/D in net _00006_.
[WARNING EST-0026] Missing route to pin _44379_/X in net _00006_.
[WARNING EST-0026] Missing route to pin _48236_/D in net _00006_.
[WARNING EST-0026] Missing route to pin _44379_/X in net _00006_.
[WARNING EST-0026] Missing route to pin _48236_/D in net _00006_.
[WARNING EST-0026] Missing route to pin _44379_/X in net _00006_.
[WARNING EST-0026] Missing route to pin _48236_/D in net _00006_.
[WARNING EST-0026] Missing route to pin _44379_/X in net _00006_.
[WARNING EST-0026] Missing route to pin _48236_/D in net _00006_.
[WARNING EST-0026] Missing route to pin _44379_/X in net _00006_.
[WARNING EST-0026] Missing route to pin _48236_/D in net _00006_.
[WARNING EST-0026] Missing route to pin _44379_/X in net _00006_.
[WARNING EST-0026] Missing route to pin _48236_/D in net _00006_.
[WARNING EST-0026] Missing route to pin _44379_/X in net _00006_.
[WARNING EST-0026] Missing route to pin _48236_/D in net _00006_.
[WARNING EST-0026] Missing route to pin _44379_/X in net _00006_.
[WARNING EST-0026] Missing route to pin _48236_/D in net _00006_.
[WARNING EST-0026] Missing route to pin _44379_/X in net _00006_.
[WARNING EST-0026] Missing route to pin _48237_/D in net _00007_.
[WARNING EST-0026] Missing route to pin _44377_/X in net _00007_.
[WARNING EST-0026] Missing route to pin _48237_/D in net _00007_.
[WARNING EST-0026] Missing route to pin _44377_/X in net _00007_.
[WARNING EST-0026] Missing route to pin _48237_/D in net _00007_.
[WARNING EST-0026] Missing route to pin _44377_/X in net _00007_.
[WARNING EST-0026] Missing route to pin _48237_/D in net _00007_.
[WARNING EST-0026] Missing route to pin _44377_/X in net _00007_.
[WARNING EST-0026] Missing route to pin _48237_/D in net _00007_.
[WARNING EST-0026] Missing route to pin _44377_/X in net _00007_.
[WARNING EST-0026] Missing route to pin _48237_/D in net _00007_.
[WARNING EST-0026] Missing route to pin _44377_/X in net _00007_.
[WARNING EST-0026] Missing route to pin _48237_/D in net _00007_.
[WARNING EST-0026] Missing route to pin _44377_/X in net _00007_.
[WARNING EST-0026] Missing route to pin _48237_/D in net _00007_.
[WARNING EST-0026] Missing route to pin _44377_/X in net _00007_.
[WARNING EST-0026] Missing route to pin _48237_/D in net _00007_.
[WARNING EST-0026] Missing route to pin _44377_/X in net _00007_.
[WARNING EST-0026] Missing route to pin _48238_/D in net _00008_.
[WARNING EST-0026] Missing route to pin _44374_/X in net _00008_.
[WARNING EST-0026] Missing route to pin _48238_/D in net _00008_.
[WARNING EST-0026] Missing route to pin _44374_/X in net _00008_.
[WARNING EST-0026] Missing route to pin _48238_/D in net _00008_.
[WARNING EST-0026] Missing route to pin _44374_/X in net _00008_.
[WARNING EST-0026] Missing route to pin _48238_/D in net _00008_.
[WARNING EST-0026] Missing route to pin _44374_/X in net _00008_.
[WARNING EST-0026] Missing route to pin _48238_/D in net _00008_.
[WARNING EST-0026] Missing route to pin _44374_/X in net _00008_.
[WARNING EST-0026] Missing route to pin _48238_/D in net _00008_.
[WARNING EST-0026] Missing route to pin _44374_/X in net _00008_.
[WARNING EST-0026] Missing route to pin _48238_/D in net _00008_.
[WARNING EST-0026] Missing route to pin _44374_/X in net _00008_.
[WARNING EST-0026] Missing route to pin _48238_/D in net _00008_.
[WARNING EST-0026] Missing route to pin _44374_/X in net _00008_.
[WARNING EST-0026] Missing route to pin _48238_/D in net _00008_.
[WARNING EST-0026] Missing route to pin _44374_/X in net _00008_.
[WARNING EST-0026] Missing route to pin _48239_/D in net _00009_.
[WARNING EST-0026] Missing route to pin _44365_/X in net _00009_.
[WARNING EST-0026] Missing route to pin _48239_/D in net _00009_.
[WARNING EST-0026] Missing route to pin _44365_/X in net _00009_.
[WARNING EST-0026] Missing route to pin _48239_/D in net _00009_.
[WARNING EST-0026] Missing route to pin _44365_/X in net _00009_.
[WARNING EST-0026] Missing route to pin _48239_/D in net _00009_.
[WARNING EST-0026] Missing route to pin _44365_/X in net _00009_.
[WARNING EST-0026] Missing route to pin _48239_/D in net _00009_.
[WARNING EST-0026] Missing route to pin _44365_/X in net _00009_.
[WARNING EST-0026] Missing route to pin _48239_/D in net _00009_.
[WARNING EST-0026] Missing route to pin _44365_/X in net _00009_.
[WARNING EST-0026] Missing route to pin _48239_/D in net _00009_.
[WARNING EST-0026] Missing route to pin _44365_/X in net _00009_.
[WARNING EST-0026] Missing route to pin _48239_/D in net _00009_.
[WARNING EST-0026] Missing route to pin _44365_/X in net _00009_.
[WARNING EST-0026] Missing route to pin _48239_/D in net _00009_.
[WARNING EST-0026] Missing route to pin _44365_/X in net _00009_.
[WARNING EST-0026] Missing route to pin _48234_/D in net _00013_.
[WARNING EST-0026] Missing route to pin _44351_/X in net _00013_.
[WARNING EST-0026] Missing route to pin _48234_/D in net _00013_.
[WARNING EST-0026] Missing route to pin _44351_/X in net _00013_.
[WARNING EST-0026] Missing route to pin _48234_/D in net _00013_.
[WARNING EST-0026] Missing route to pin _44351_/X in net _00013_.
[WARNING EST-0026] Missing route to pin _48234_/D in net _00013_.
[WARNING EST-0026] Missing route to pin _44351_/X in net _00013_.
[WARNING EST-0026] Missing route to pin _48234_/D in net _00013_.
[WARNING EST-0026] Missing route to pin _44351_/X in net _00013_.
[WARNING EST-0026] Missing route to pin _48234_/D in net _00013_.
[WARNING EST-0026] Missing route to pin _44351_/X in net _00013_.
[WARNING EST-0026] Missing route to pin _48234_/D in net _00013_.
[WARNING EST-0026] Missing route to pin _44351_/X in net _00013_.
[WARNING EST-0026] Missing route to pin _48234_/D in net _00013_.
[WARNING EST-0026] Missing route to pin _44351_/X in net _00013_.
[WARNING EST-0026] Missing route to pin _48234_/D in net _00013_.
[WARNING EST-0026] Missing route to pin _44351_/X in net _00013_.
[WARNING EST-0026] Missing route to pin _48228_/D in net _00015_.
[WARNING EST-0026] Missing route to pin _44340_/X in net _00015_.
[WARNING EST-0026] Missing route to pin _48228_/D in net _00015_.
[WARNING EST-0026] Missing route to pin _44340_/X in net _00015_.
[WARNING EST-0026] Missing route to pin _48228_/D in net _00015_.
[WARNING EST-0026] Missing route to pin _44340_/X in net _00015_.
[WARNING EST-0026] Missing route to pin _48228_/D in net _00015_.
[WARNING EST-0026] Missing route to pin _44340_/X in net _00015_.
[WARNING EST-0026] Missing route to pin _48228_/D in net _00015_.
[WARNING EST-0026] Missing route to pin _44340_/X in net _00015_.
[WARNING EST-0026] Missing route to pin _48228_/D in net _00015_.
[WARNING EST-0026] Missing route to pin _44340_/X in net _00015_.
[WARNING EST-0026] Missing route to pin _48228_/D in net _00015_.
[WARNING EST-0026] Missing route to pin _44340_/X in net _00015_.
[WARNING EST-0026] Missing route to pin _48228_/D in net _00015_.
[WARNING EST-0026] Missing route to pin _44340_/X in net _00015_.
[WARNING EST-0026] Missing route to pin _48228_/D in net _00015_.
[WARNING EST-0026] Missing route to pin _44340_/X in net _00015_.
[WARNING EST-0026] Missing route to pin _48229_/D in net _00016_.
[WARNING EST-0026] Missing route to pin _44338_/X in net _00016_.
[WARNING EST-0026] Missing route to pin _48229_/D in net _00016_.
[WARNING EST-0026] Missing route to pin _44338_/X in net _00016_.
[WARNING EST-0026] Missing route to pin _48229_/D in net _00016_.
[WARNING EST-0026] Missing route to pin _44338_/X in net _00016_.
[WARNING EST-0026] Missing route to pin _48229_/D in net _00016_.
[WARNING EST-0026] Missing route to pin _44338_/X in net _00016_.
[WARNING EST-0026] Missing route to pin _48229_/D in net _00016_.
[WARNING EST-0026] Missing route to pin _44338_/X in net _00016_.
[WARNING EST-0026] Missing route to pin _48229_/D in net _00016_.
[WARNING EST-0026] Missing route to pin _44338_/X in net _00016_.
[WARNING EST-0026] Missing route to pin _48229_/D in net _00016_.
[WARNING EST-0026] Missing route to pin _44338_/X in net _00016_.
[WARNING EST-0026] Missing route to pin _48229_/D in net _00016_.
[WARNING EST-0026] Missing route to pin _44338_/X in net _00016_.
[WARNING EST-0026] Missing route to pin _48229_/D in net _00016_.
[WARNING EST-0026] Missing route to pin _44338_/X in net _00016_.
[WARNING EST-0026] Missing route to pin _48230_/D in net _00017_.
[WARNING EST-0026] Missing route to pin _44335_/X in net _00017_.
[WARNING EST-0026] Missing route to pin _48230_/D in net _00017_.
[WARNING EST-0026] Missing route to pin _44335_/X in net _00017_.
[WARNING EST-0026] Missing route to pin _48230_/D in net _00017_.
[WARNING EST-0026] Missing route to pin _44335_/X in net _00017_.
[WARNING EST-0026] Missing route to pin _48230_/D in net _00017_.
[WARNING EST-0026] Missing route to pin _44335_/X in net _00017_.
[WARNING EST-0026] Missing route to pin _48230_/D in net _00017_.
[WARNING EST-0026] Missing route to pin _44335_/X in net _00017_.
[WARNING EST-0026] Missing route to pin _48230_/D in net _00017_.
[WARNING EST-0026] Missing route to pin _44335_/X in net _00017_.
[WARNING EST-0026] Missing route to pin _48230_/D in net _00017_.
[WARNING EST-0026] Missing route to pin _44335_/X in net _00017_.
[WARNING EST-0026] Missing route to pin _48230_/D in net _00017_.
[WARNING EST-0026] Missing route to pin _44335_/X in net _00017_.
[WARNING EST-0026] Missing route to pin _48230_/D in net _00017_.
[WARNING EST-0026] Missing route to pin _44335_/X in net _00017_.
[WARNING EST-0026] Missing route to pin max_cap497/A in net _00019_.
[WARNING EST-0026] Missing route to pin _48303_/D in net _00019_.
[WARNING EST-0026] Missing route to pin _44696_/X in net _00019_.
[WARNING EST-0026] Missing route to pin _36565_/S in net _00019_.
[WARNING EST-0026] Missing route to pin _36517_/S in net _00019_.
[WARNING EST-0026] Missing route to pin _36509_/S in net _00019_.
[WARNING EST-0026] Missing route to pin max_cap497/A in net _00019_.
[WARNING EST-0026] Missing route to pin _48303_/D in net _00019_.
[WARNING EST-0026] Missing route to pin _44696_/X in net _00019_.
[WARNING EST-0026] Missing route to pin _36565_/S in net _00019_.
[WARNING EST-0026] Missing route to pin _36517_/S in net _00019_.
[WARNING EST-0026] Missing route to pin _36509_/S in net _00019_.
[WARNING EST-0026] Missing route to pin max_cap497/A in net _00019_.
[WARNING EST-0026] Missing route to pin _48303_/D in net _00019_.
[WARNING EST-0026] Missing route to pin _44696_/X in net _00019_.
[WARNING EST-0026] Missing route to pin _36565_/S in net _00019_.
[WARNING EST-0026] Missing route to pin _36517_/S in net _00019_.
[WARNING EST-0026] Missing route to pin _36509_/S in net _00019_.
[WARNING EST-0026] Missing route to pin max_cap497/A in net _00019_.
[WARNING EST-0026] Missing route to pin _48303_/D in net _00019_.
[WARNING EST-0026] Missing route to pin _44696_/X in net _00019_.
[WARNING EST-0026] Missing route to pin _36565_/S in net _00019_.
[WARNING EST-0026] Missing route to pin _36517_/S in net _00019_.
[WARNING EST-0026] Missing route to pin _36509_/S in net _00019_.
[WARNING EST-0026] Missing route to pin max_cap497/A in net _00019_.
[WARNING EST-0026] Missing route to pin _48303_/D in net _00019_.
[WARNING EST-0026] Missing route to pin _44696_/X in net _00019_.
[WARNING EST-0026] Missing route to pin _36565_/S in net _00019_.
[WARNING EST-0026] Missing route to pin _36517_/S in net _00019_.
[WARNING EST-0026] Missing route to pin _36509_/S in net _00019_.
[WARNING EST-0026] Missing route to pin max_cap497/A in net _00019_.
[WARNING EST-0026] Missing route to pin _48303_/D in net _00019_.
[WARNING EST-0026] Missing route to pin _44696_/X in net _00019_.
[WARNING EST-0026] Missing route to pin _36565_/S in net _00019_.
[WARNING EST-0026] Missing route to pin _36517_/S in net _00019_.
[WARNING EST-0026] Missing route to pin _36509_/S in net _00019_.
[WARNING EST-0026] Missing route to pin max_cap497/A in net _00019_.
[WARNING EST-0026] Missing route to pin _48303_/D in net _00019_.
[WARNING EST-0026] Missing route to pin _44696_/X in net _00019_.
[WARNING EST-0026] Missing route to pin _36565_/S in net _00019_.
[WARNING EST-0026] Missing route to pin _36517_/S in net _00019_.
[WARNING EST-0026] Missing route to pin _36509_/S in net _00019_.
[WARNING EST-0026] Missing route to pin max_cap497/A in net _00019_.
[WARNING EST-0026] Missing route to pin _48303_/D in net _00019_.
[WARNING EST-0026] Missing route to pin _44696_/X in net _00019_.
[WARNING EST-0026] Missing route to pin _36565_/S in net _00019_.
[WARNING EST-0026] Missing route to pin _36517_/S in net _00019_.
[WARNING EST-0026] Missing route to pin _36509_/S in net _00019_.
[WARNING EST-0026] Missing route to pin max_cap497/A in net _00019_.
[WARNING EST-0026] Missing route to pin _48303_/D in net _00019_.
[WARNING EST-0026] Missing route to pin _44696_/X in net _00019_.
[WARNING EST-0026] Missing route to pin _36565_/S in net _00019_.
[WARNING EST-0026] Missing route to pin _36517_/S in net _00019_.
[WARNING EST-0026] Missing route to pin _36509_/S in net _00019_.
[WARNING EST-0026] Missing route to pin _48304_/D in net _00020_.
[WARNING EST-0026] Missing route to pin _44698_/Y in net _00020_.
[WARNING EST-0026] Missing route to pin _48304_/D in net _00020_.
[WARNING EST-0026] Missing route to pin _44698_/Y in net _00020_.
[WARNING EST-0026] Missing route to pin _48304_/D in net _00020_.
[WARNING EST-0026] Missing route to pin _44698_/Y in net _00020_.
[WARNING EST-0026] Missing route to pin _48304_/D in net _00020_.
[WARNING EST-0026] Missing route to pin _44698_/Y in net _00020_.
[WARNING EST-0026] Missing route to pin _48304_/D in net _00020_.
[WARNING EST-0026] Missing route to pin _44698_/Y in net _00020_.
[WARNING EST-0026] Missing route to pin _48304_/D in net _00020_.
[WARNING EST-0026] Missing route to pin _44698_/Y in net _00020_.
[WARNING EST-0026] Missing route to pin _48304_/D in net _00020_.
[WARNING EST-0026] Missing route to pin _44698_/Y in net _00020_.
[WARNING EST-0026] Missing route to pin _48304_/D in net _00020_.
[WARNING EST-0026] Missing route to pin _44698_/Y in net _00020_.
[WARNING EST-0026] Missing route to pin _48304_/D in net _00020_.
[WARNING EST-0026] Missing route to pin _44698_/Y in net _00020_.
[WARNING EST-0026] Missing route to pin _48980_/D in net _00021_.
[WARNING EST-0026] Missing route to pin _34052_/Y in net _00021_.
[WARNING EST-0026] Missing route to pin _48980_/D in net _00021_.
[WARNING EST-0026] Missing route to pin _34052_/Y in net _00021_.
[WARNING EST-0026] Missing route to pin _48980_/D in net _00021_.
[WARNING EST-0026] Missing route to pin _34052_/Y in net _00021_.
[WARNING EST-0026] Missing route to pin _48980_/D in net _00021_.
[WARNING EST-0026] Missing route to pin _34052_/Y in net _00021_.
[WARNING EST-0026] Missing route to pin _48980_/D in net _00021_.
[WARNING EST-0026] Missing route to pin _34052_/Y in net _00021_.
[WARNING EST-0026] Missing route to pin _48980_/D in net _00021_.
[WARNING EST-0026] Missing route to pin _34052_/Y in net _00021_.
[WARNING EST-0026] Missing route to pin _48980_/D in net _00021_.
[WARNING EST-0026] Missing route to pin _34052_/Y in net _00021_.
[WARNING EST-0026] Missing route to pin _48980_/D in net _00021_.
[WARNING EST-0026] Missing route to pin _34052_/Y in net _00021_.
[WARNING EST-0026] Missing route to pin _48980_/D in net _00021_.
[WARNING EST-0026] Missing route to pin _34052_/Y in net _00021_.
[WARNING EST-0026] Missing route to pin _49035_/D in net _00022_.
[WARNING EST-0026] Missing route to pin _44307_/Y in net _00022_.
[WARNING EST-0026] Missing route to pin _49035_/D in net _00022_.
[WARNING EST-0026] Missing route to pin _44307_/Y in net _00022_.
[WARNING EST-0026] Missing route to pin _49035_/D in net _00022_.
[WARNING EST-0026] Missing route to pin _44307_/Y in net _00022_.
[WARNING EST-0026] Missing route to pin _49035_/D in net _00022_.
[WARNING EST-0026] Missing route to pin _44307_/Y in net _00022_.
[WARNING EST-0026] Missing route to pin _49035_/D in net _00022_.
[WARNING EST-0026] Missing route to pin _44307_/Y in net _00022_.
[WARNING EST-0026] Missing route to pin _49035_/D in net _00022_.
[WARNING EST-0026] Missing route to pin _44307_/Y in net _00022_.
[WARNING EST-0026] Missing route to pin _49035_/D in net _00022_.
[WARNING EST-0026] Missing route to pin _44307_/Y in net _00022_.
[WARNING EST-0026] Missing route to pin _49035_/D in net _00022_.
[WARNING EST-0026] Missing route to pin _44307_/Y in net _00022_.
[WARNING EST-0026] Missing route to pin _49035_/D in net _00022_.
[WARNING EST-0026] Missing route to pin _44307_/Y in net _00022_.
[WARNING EST-0026] Missing route to pin _49036_/D in net _00023_.
[WARNING EST-0026] Missing route to pin _44306_/Y in net _00023_.
[WARNING EST-0026] Missing route to pin _36659_/A in net _00023_.
[WARNING EST-0026] Missing route to pin _49036_/D in net _00023_.
[WARNING EST-0026] Missing route to pin _44306_/Y in net _00023_.
[WARNING EST-0026] Missing route to pin _36659_/A in net _00023_.
[WARNING EST-0026] Missing route to pin _49036_/D in net _00023_.
[WARNING EST-0026] Missing route to pin _44306_/Y in net _00023_.
[WARNING EST-0026] Missing route to pin _36659_/A in net _00023_.
[WARNING EST-0026] Missing route to pin _49036_/D in net _00023_.
[WARNING EST-0026] Missing route to pin _44306_/Y in net _00023_.
[WARNING EST-0026] Missing route to pin _36659_/A in net _00023_.
[WARNING EST-0026] Missing route to pin _49036_/D in net _00023_.
[WARNING EST-0026] Missing route to pin _44306_/Y in net _00023_.
[WARNING EST-0026] Missing route to pin _36659_/A in net _00023_.
[WARNING EST-0026] Missing route to pin _49036_/D in net _00023_.
[WARNING EST-0026] Missing route to pin _44306_/Y in net _00023_.
[WARNING EST-0026] Missing route to pin _36659_/A in net _00023_.
[WARNING EST-0026] Missing route to pin _49036_/D in net _00023_.
[WARNING EST-0026] Missing route to pin _44306_/Y in net _00023_.
[WARNING EST-0026] Missing route to pin _36659_/A in net _00023_.
[WARNING EST-0026] Missing route to pin _49036_/D in net _00023_.
[WARNING EST-0026] Missing route to pin _44306_/Y in net _00023_.
[WARNING EST-0026] Missing route to pin _36659_/A in net _00023_.
[WARNING EST-0026] Missing route to pin _49036_/D in net _00023_.
[WARNING EST-0026] Missing route to pin _44306_/Y in net _00023_.
[WARNING EST-0026] Missing route to pin _36659_/A in net _00023_.
[WARNING EST-0026] Missing route to pin _49034_/D in net _00024_.
[WARNING EST-0026] Missing route to pin _44320_/X in net _00024_.
[WARNING EST-0026] Missing route to pin _34052_/A3 in net _00024_.
[WARNING EST-0026] Missing route to pin _34049_/B1 in net _00024_.
[WARNING EST-0026] Missing route to pin _34047_/B in net _00024_.
[WARNING EST-0026] Missing route to pin _34034_/A in net _00024_.
[WARNING EST-0026] Missing route to pin _34031_/A in net _00024_.
[WARNING EST-0026] Missing route to pin _34022_/A in net _00024_.
[WARNING EST-0026] Missing route to pin _33993_/B in net _00024_.
[WARNING EST-0026] Missing route to pin _33976_/B in net _00024_.
[WARNING EST-0026] Missing route to pin _33877_/C1 in net _00024_.
[WARNING EST-0026] Missing route to pin _49034_/D in net _00024_.
[WARNING EST-0026] Missing route to pin _44320_/X in net _00024_.
[WARNING EST-0026] Missing route to pin _34052_/A3 in net _00024_.
[WARNING EST-0026] Missing route to pin _34049_/B1 in net _00024_.
[WARNING EST-0026] Missing route to pin _34047_/B in net _00024_.
[WARNING EST-0026] Missing route to pin _34034_/A in net _00024_.
[WARNING EST-0026] Missing route to pin _34031_/A in net _00024_.
[WARNING EST-0026] Missing route to pin _34022_/A in net _00024_.
[WARNING EST-0026] Missing route to pin _33993_/B in net _00024_.
[WARNING EST-0026] Missing route to pin _33976_/B in net _00024_.
[WARNING EST-0026] Missing route to pin _33877_/C1 in net _00024_.
[WARNING EST-0026] Missing route to pin _49034_/D in net _00024_.
[WARNING EST-0026] Missing route to pin _44320_/X in net _00024_.
[WARNING EST-0026] Missing route to pin _34052_/A3 in net _00024_.
[WARNING EST-0026] Missing route to pin _34049_/B1 in net _00024_.
[WARNING EST-0026] Missing route to pin _34047_/B in net _00024_.
[WARNING EST-0026] Missing route to pin _34034_/A in net _00024_.
[WARNING EST-0026] Missing route to pin _34031_/A in net _00024_.
[WARNING EST-0026] Missing route to pin _34022_/A in net _00024_.
[WARNING EST-0026] Missing route to pin _33993_/B in net _00024_.
[WARNING EST-0026] Missing route to pin _33976_/B in net _00024_.
[WARNING EST-0026] Missing route to pin _33877_/C1 in net _00024_.
[WARNING EST-0026] Missing route to pin _49034_/D in net _00024_.
[WARNING EST-0026] Missing route to pin _44320_/X in net _00024_.
[WARNING EST-0026] Missing route to pin _34052_/A3 in net _00024_.
[WARNING EST-0026] Missing route to pin _34049_/B1 in net _00024_.
[WARNING EST-0026] Missing route to pin _34047_/B in net _00024_.
[WARNING EST-0026] Missing route to pin _34034_/A in net _00024_.
[WARNING EST-0026] Missing route to pin _34031_/A in net _00024_.
[WARNING EST-0026] Missing route to pin _34022_/A in net _00024_.
[WARNING EST-0026] Missing route to pin _33993_/B in net _00024_.
[WARNING EST-0026] Missing route to pin _33976_/B in net _00024_.
[WARNING EST-0026] Missing route to pin _33877_/C1 in net _00024_.
[WARNING EST-0026] Missing route to pin _49034_/D in net _00024_.
[WARNING EST-0026] Missing route to pin _44320_/X in net _00024_.
[WARNING EST-0026] Missing route to pin _34052_/A3 in net _00024_.
[WARNING EST-0026] Missing route to pin _34049_/B1 in net _00024_.
[WARNING EST-0026] Missing route to pin _34047_/B in net _00024_.
[WARNING EST-0026] Missing route to pin _34034_/A in net _00024_.
[WARNING EST-0026] Missing route to pin _34031_/A in net _00024_.
[WARNING EST-0026] Missing route to pin _34022_/A in net _00024_.
[WARNING EST-0026] Missing route to pin _33993_/B in net _00024_.
[WARNING EST-0026] Missing route to pin _33976_/B in net _00024_.
[WARNING EST-0026] Missing route to pin _33877_/C1 in net _00024_.
[WARNING EST-0026] Missing route to pin _49034_/D in net _00024_.
[WARNING EST-0026] Missing route to pin _44320_/X in net _00024_.
[WARNING EST-0026] Missing route to pin _34052_/A3 in net _00024_.
[WARNING EST-0026] Missing route to pin _34049_/B1 in net _00024_.
[WARNING EST-0026] Missing route to pin _34047_/B in net _00024_.
[WARNING EST-0026] Missing route to pin _34034_/A in net _00024_.
[WARNING EST-0026] Missing route to pin _34031_/A in net _00024_.
[WARNING EST-0026] Missing route to pin _34022_/A in net _00024_.
[WARNING EST-0026] Missing route to pin _33993_/B in net _00024_.
[WARNING EST-0026] Missing route to pin _33976_/B in net _00024_.
[WARNING EST-0026] Missing route to pin _33877_/C1 in net _00024_.
[WARNING EST-0026] Missing route to pin _49034_/D in net _00024_.
[WARNING EST-0026] Missing route to pin _44320_/X in net _00024_.
[WARNING EST-0026] Missing route to pin _34052_/A3 in net _00024_.
[WARNING EST-0026] Missing route to pin _34049_/B1 in net _00024_.
[WARNING EST-0026] Missing route to pin _34047_/B in net _00024_.
[WARNING EST-0026] Missing route to pin _34034_/A in net _00024_.
[WARNING EST-0026] Missing route to pin _34031_/A in net _00024_.
[WARNING EST-0026] Missing route to pin _34022_/A in net _00024_.
[WARNING EST-0026] Missing route to pin _33993_/B in net _00024_.
[WARNING EST-0026] Missing route to pin _33976_/B in net _00024_.
[WARNING EST-0026] Missing route to pin _33877_/C1 in net _00024_.
[WARNING EST-0026] Missing route to pin _49034_/D in net _00024_.
[WARNING EST-0026] Missing route to pin _44320_/X in net _00024_.
[WARNING EST-0026] Missing route to pin _34052_/A3 in net _00024_.
[WARNING EST-0026] Missing route to pin _34049_/B1 in net _00024_.
[WARNING EST-0026] Missing route to pin _34047_/B in net _00024_.
[WARNING EST-0026] Missing route to pin _34034_/A in net _00024_.
[WARNING EST-0026] Missing route to pin _34031_/A in net _00024_.
[WARNING EST-0026] Missing route to pin _34022_/A in net _00024_.
[WARNING EST-0026] Missing route to pin _33993_/B in net _00024_.
[WARNING EST-0026] Missing route to pin _33976_/B in net _00024_.
[WARNING EST-0026] Missing route to pin _33877_/C1 in net _00024_.
[WARNING EST-0026] Missing route to pin _49034_/D in net _00024_.
[WARNING EST-0026] Missing route to pin _44320_/X in net _00024_.
[WARNING EST-0026] Missing route to pin _34052_/A3 in net _00024_.
[WARNING EST-0026] Missing route to pin _34049_/B1 in net _00024_.
[WARNING EST-0026] Missing route to pin _34047_/B in net _00024_.
[WARNING EST-0026] Missing route to pin _34034_/A in net _00024_.
[WARNING EST-0026] Missing route to pin _34031_/A in net _00024_.
[WARNING EST-0026] Missing route to pin _34022_/A in net _00024_.
[WARNING EST-0026] Missing route to pin _33993_/B in net _00024_.
[WARNING EST-0026] Missing route to pin _33976_/B in net _00024_.
[WARNING EST-0026] Missing route to pin _33877_/C1 in net _00024_.
[WARNING EST-0026] Missing route to pin _49053_/D in net _00025_.
[WARNING EST-0026] Missing route to pin _33731_/X in net _00025_.
[WARNING EST-0026] Missing route to pin _49053_/D in net _00025_.
[WARNING EST-0026] Missing route to pin _33731_/X in net _00025_.
[WARNING EST-0026] Missing route to pin _49053_/D in net _00025_.
[WARNING EST-0026] Missing route to pin _33731_/X in net _00025_.
[WARNING EST-0026] Missing route to pin _49053_/D in net _00025_.
[WARNING EST-0026] Missing route to pin _33731_/X in net _00025_.
[WARNING EST-0026] Missing route to pin _49053_/D in net _00025_.
[WARNING EST-0026] Missing route to pin _33731_/X in net _00025_.
[WARNING EST-0026] Missing route to pin _49053_/D in net _00025_.
[WARNING EST-0026] Missing route to pin _33731_/X in net _00025_.
[WARNING EST-0026] Missing route to pin _49053_/D in net _00025_.
[WARNING EST-0026] Missing route to pin _33731_/X in net _00025_.
[WARNING EST-0026] Missing route to pin _49053_/D in net _00025_.
[WARNING EST-0026] Missing route to pin _33731_/X in net _00025_.
[WARNING EST-0026] Missing route to pin _49053_/D in net _00025_.
[WARNING EST-0026] Missing route to pin _33731_/X in net _00025_.
[WARNING EST-0026] Missing route to pin _49064_/D in net _00027_.
[WARNING EST-0026] Missing route to pin _33802_/X in net _00027_.
[WARNING EST-0026] Missing route to pin _49064_/D in net _00027_.
[WARNING EST-0026] Missing route to pin _33802_/X in net _00027_.
[WARNING EST-0026] Missing route to pin _49064_/D in net _00027_.
[WARNING EST-0026] Missing route to pin _33802_/X in net _00027_.
[WARNING EST-0026] Missing route to pin _49064_/D in net _00027_.
[WARNING EST-0026] Missing route to pin _33802_/X in net _00027_.
[WARNING EST-0026] Missing route to pin _49064_/D in net _00027_.
[WARNING EST-0026] Missing route to pin _33802_/X in net _00027_.
[WARNING EST-0026] Missing route to pin _49064_/D in net _00027_.
[WARNING EST-0026] Missing route to pin _33802_/X in net _00027_.
[WARNING EST-0026] Missing route to pin _49064_/D in net _00027_.
[WARNING EST-0026] Missing route to pin _33802_/X in net _00027_.
[WARNING EST-0026] Missing route to pin _49064_/D in net _00027_.
[WARNING EST-0026] Missing route to pin _33802_/X in net _00027_.
[WARNING EST-0026] Missing route to pin _49064_/D in net _00027_.
[WARNING EST-0026] Missing route to pin _33802_/X in net _00027_.
[WARNING EST-0026] Missing route to pin _49065_/D in net _00028_.
[WARNING EST-0026] Missing route to pin _33803_/X in net _00028_.
[WARNING EST-0026] Missing route to pin _49065_/D in net _00028_.
[WARNING EST-0026] Missing route to pin _33803_/X in net _00028_.
[WARNING EST-0026] Missing route to pin _49065_/D in net _00028_.
[WARNING EST-0026] Missing route to pin _33803_/X in net _00028_.
[WARNING EST-0026] Missing route to pin _49065_/D in net _00028_.
[WARNING EST-0026] Missing route to pin _33803_/X in net _00028_.
[WARNING EST-0026] Missing route to pin _49065_/D in net _00028_.
[WARNING EST-0026] Missing route to pin _33803_/X in net _00028_.
[WARNING EST-0026] Missing route to pin _49065_/D in net _00028_.
[WARNING EST-0026] Missing route to pin _33803_/X in net _00028_.
[WARNING EST-0026] Missing route to pin _49065_/D in net _00028_.
[WARNING EST-0026] Missing route to pin _33803_/X in net _00028_.
[WARNING EST-0026] Missing route to pin _49065_/D in net _00028_.
[WARNING EST-0026] Missing route to pin _33803_/X in net _00028_.
[WARNING EST-0026] Missing route to pin _49065_/D in net _00028_.
[WARNING EST-0026] Missing route to pin _33803_/X in net _00028_.
[WARNING EST-0026] Missing route to pin _49066_/D in net _00029_.
[WARNING EST-0026] Missing route to pin _33804_/X in net _00029_.
[WARNING EST-0026] Missing route to pin _49066_/D in net _00029_.
[WARNING EST-0026] Missing route to pin _33804_/X in net _00029_.
[WARNING EST-0026] Missing route to pin _49066_/D in net _00029_.
[WARNING EST-0026] Missing route to pin _33804_/X in net _00029_.
[WARNING EST-0026] Missing route to pin _49066_/D in net _00029_.
[WARNING EST-0026] Missing route to pin _33804_/X in net _00029_.
[WARNING EST-0026] Missing route to pin _49066_/D in net _00029_.
[WARNING EST-0026] Missing route to pin _33804_/X in net _00029_.
[WARNING EST-0026] Missing route to pin _49066_/D in net _00029_.
[WARNING EST-0026] Missing route to pin _33804_/X in net _00029_.
[WARNING EST-0026] Missing route to pin _49066_/D in net _00029_.
[WARNING EST-0026] Missing route to pin _33804_/X in net _00029_.
[WARNING EST-0026] Missing route to pin _49066_/D in net _00029_.
[WARNING EST-0026] Missing route to pin _33804_/X in net _00029_.
[WARNING EST-0026] Missing route to pin _49066_/D in net _00029_.
[WARNING EST-0026] Missing route to pin _33804_/X in net _00029_.
[WARNING EST-0026] Missing route to pin _49067_/D in net _00030_.
[WARNING EST-0026] Missing route to pin _33811_/X in net _00030_.
[WARNING EST-0026] Missing route to pin _49067_/D in net _00030_.
[WARNING EST-0026] Missing route to pin _33811_/X in net _00030_.
[WARNING EST-0026] Missing route to pin _49067_/D in net _00030_.
[WARNING EST-0026] Missing route to pin _33811_/X in net _00030_.
[WARNING EST-0026] Missing route to pin _49067_/D in net _00030_.
[WARNING EST-0026] Missing route to pin _33811_/X in net _00030_.
[WARNING EST-0026] Missing route to pin _49067_/D in net _00030_.
[WARNING EST-0026] Missing route to pin _33811_/X in net _00030_.
[WARNING EST-0026] Missing route to pin _49067_/D in net _00030_.
[WARNING EST-0026] Missing route to pin _33811_/X in net _00030_.
[WARNING EST-0026] Missing route to pin _49067_/D in net _00030_.
[WARNING EST-0026] Missing route to pin _33811_/X in net _00030_.
[WARNING EST-0026] Missing route to pin _49067_/D in net _00030_.
[WARNING EST-0026] Missing route to pin _33811_/X in net _00030_.
[WARNING EST-0026] Missing route to pin _49067_/D in net _00030_.
[WARNING EST-0026] Missing route to pin _33811_/X in net _00030_.
[WARNING EST-0026] Missing route to pin _49069_/D in net _00032_.
[WARNING EST-0026] Missing route to pin _33825_/X in net _00032_.
[WARNING EST-0026] Missing route to pin _49069_/D in net _00032_.
[WARNING EST-0026] Missing route to pin _33825_/X in net _00032_.
[WARNING EST-0026] Missing route to pin _49069_/D in net _00032_.
[WARNING EST-0026] Missing route to pin _33825_/X in net _00032_.
[WARNING EST-0026] Missing route to pin _49069_/D in net _00032_.
[WARNING EST-0026] Missing route to pin _33825_/X in net _00032_.
[WARNING EST-0026] Missing route to pin _49069_/D in net _00032_.
[WARNING EST-0026] Missing route to pin _33825_/X in net _00032_.
[WARNING EST-0026] Missing route to pin _49069_/D in net _00032_.
[WARNING EST-0026] Missing route to pin _33825_/X in net _00032_.
[WARNING EST-0026] Missing route to pin _49069_/D in net _00032_.
[WARNING EST-0026] Missing route to pin _33825_/X in net _00032_.
[WARNING EST-0026] Missing route to pin _49069_/D in net _00032_.
[WARNING EST-0026] Missing route to pin _33825_/X in net _00032_.
[WARNING EST-0026] Missing route to pin _49069_/D in net _00032_.
[WARNING EST-0026] Missing route to pin _33825_/X in net _00032_.
[WARNING EST-0026] Missing route to pin _49071_/D in net _00034_.
[WARNING EST-0026] Missing route to pin _33831_/X in net _00034_.
[WARNING EST-0026] Missing route to pin _49071_/D in net _00034_.
[WARNING EST-0026] Missing route to pin _33831_/X in net _00034_.
[WARNING EST-0026] Missing route to pin _49071_/D in net _00034_.
[WARNING EST-0026] Missing route to pin _33831_/X in net _00034_.
[WARNING EST-0026] Missing route to pin _49071_/D in net _00034_.
[WARNING EST-0026] Missing route to pin _33831_/X in net _00034_.
[WARNING EST-0026] Missing route to pin _49071_/D in net _00034_.
[WARNING EST-0026] Missing route to pin _33831_/X in net _00034_.
[WARNING EST-0026] Missing route to pin _49071_/D in net _00034_.
[WARNING EST-0026] Missing route to pin _33831_/X in net _00034_.
[WARNING EST-0026] Missing route to pin _49071_/D in net _00034_.
[WARNING EST-0026] Missing route to pin _33831_/X in net _00034_.
[WARNING EST-0026] Missing route to pin _49071_/D in net _00034_.
[WARNING EST-0026] Missing route to pin _33831_/X in net _00034_.
[WARNING EST-0026] Missing route to pin _49071_/D in net _00034_.
[WARNING EST-0026] Missing route to pin _33831_/X in net _00034_.
[WARNING EST-0026] Missing route to pin _49072_/D in net _00035_.
[WARNING EST-0026] Missing route to pin _33835_/X in net _00035_.
[WARNING EST-0026] Missing route to pin _49072_/D in net _00035_.
[WARNING EST-0026] Missing route to pin _33835_/X in net _00035_.
[WARNING EST-0026] Missing route to pin _49072_/D in net _00035_.
[WARNING EST-0026] Missing route to pin _33835_/X in net _00035_.
[WARNING EST-0026] Missing route to pin _49072_/D in net _00035_.
[WARNING EST-0026] Missing route to pin _33835_/X in net _00035_.
[WARNING EST-0026] Missing route to pin _49072_/D in net _00035_.
[WARNING EST-0026] Missing route to pin _33835_/X in net _00035_.
[WARNING EST-0026] Missing route to pin _49072_/D in net _00035_.
[WARNING EST-0026] Missing route to pin _33835_/X in net _00035_.
[WARNING EST-0026] Missing route to pin _49072_/D in net _00035_.
[WARNING EST-0026] Missing route to pin _33835_/X in net _00035_.
[WARNING EST-0026] Missing route to pin _49072_/D in net _00035_.
[WARNING EST-0026] Missing route to pin _33835_/X in net _00035_.
[WARNING EST-0026] Missing route to pin _49072_/D in net _00035_.
[WARNING EST-0026] Missing route to pin _33835_/X in net _00035_.
[WARNING EST-0026] Missing route to pin _49054_/D in net _00036_.
[WARNING EST-0026] Missing route to pin _33749_/X in net _00036_.
[WARNING EST-0026] Missing route to pin _49054_/D in net _00036_.
[WARNING EST-0026] Missing route to pin _33749_/X in net _00036_.
[WARNING EST-0026] Missing route to pin _49054_/D in net _00036_.
[WARNING EST-0026] Missing route to pin _33749_/X in net _00036_.
[WARNING EST-0026] Missing route to pin _49054_/D in net _00036_.
[WARNING EST-0026] Missing route to pin _33749_/X in net _00036_.
[WARNING EST-0026] Missing route to pin _49054_/D in net _00036_.
[WARNING EST-0026] Missing route to pin _33749_/X in net _00036_.
[WARNING EST-0026] Missing route to pin _49054_/D in net _00036_.
[WARNING EST-0026] Missing route to pin _33749_/X in net _00036_.
[WARNING EST-0026] Missing route to pin _49054_/D in net _00036_.
[WARNING EST-0026] Missing route to pin _33749_/X in net _00036_.
[WARNING EST-0026] Missing route to pin _49054_/D in net _00036_.
[WARNING EST-0026] Missing route to pin _33749_/X in net _00036_.
[WARNING EST-0026] Missing route to pin _49054_/D in net _00036_.
[WARNING EST-0026] Missing route to pin _33749_/X in net _00036_.
[WARNING EST-0026] Missing route to pin _49073_/D in net _00037_.
[WARNING EST-0026] Missing route to pin _33836_/X in net _00037_.
[WARNING EST-0026] Missing route to pin _49073_/D in net _00037_.
[WARNING EST-0026] Missing route to pin _33836_/X in net _00037_.
[WARNING EST-0026] Missing route to pin _49073_/D in net _00037_.
[WARNING EST-0026] Missing route to pin _33836_/X in net _00037_.
[WARNING EST-0026] Missing route to pin _49073_/D in net _00037_.
[WARNING EST-0026] Missing route to pin _33836_/X in net _00037_.
[WARNING EST-0026] Missing route to pin _49073_/D in net _00037_.
[WARNING EST-0026] Missing route to pin _33836_/X in net _00037_.
[WARNING EST-0026] Missing route to pin _49073_/D in net _00037_.
[WARNING EST-0026] Missing route to pin _33836_/X in net _00037_.
[WARNING EST-0026] Missing route to pin _49073_/D in net _00037_.
[WARNING EST-0026] Missing route to pin _33836_/X in net _00037_.
[WARNING EST-0026] Missing route to pin _49073_/D in net _00037_.
[WARNING EST-0026] Missing route to pin _33836_/X in net _00037_.
[WARNING EST-0026] Missing route to pin _49073_/D in net _00037_.
[WARNING EST-0026] Missing route to pin _33836_/X in net _00037_.
[WARNING EST-0026] Missing route to pin _49075_/D in net _00039_.
[WARNING EST-0026] Missing route to pin _33841_/X in net _00039_.
[WARNING EST-0026] Missing route to pin _49075_/D in net _00039_.
[WARNING EST-0026] Missing route to pin _33841_/X in net _00039_.
[WARNING EST-0026] Missing route to pin _49075_/D in net _00039_.
[WARNING EST-0026] Missing route to pin _33841_/X in net _00039_.
[WARNING EST-0026] Missing route to pin _49075_/D in net _00039_.
[WARNING EST-0026] Missing route to pin _33841_/X in net _00039_.
[WARNING EST-0026] Missing route to pin _49075_/D in net _00039_.
[WARNING EST-0026] Missing route to pin _33841_/X in net _00039_.
[WARNING EST-0026] Missing route to pin _49075_/D in net _00039_.
[WARNING EST-0026] Missing route to pin _33841_/X in net _00039_.
[WARNING EST-0026] Missing route to pin _49075_/D in net _00039_.
[WARNING EST-0026] Missing route to pin _33841_/X in net _00039_.
[WARNING EST-0026] Missing route to pin _49075_/D in net _00039_.
[WARNING EST-0026] Missing route to pin _33841_/X in net _00039_.
[WARNING EST-0026] Missing route to pin _49075_/D in net _00039_.
[WARNING EST-0026] Missing route to pin _33841_/X in net _00039_.
[WARNING EST-0026] Missing route to pin _49078_/D in net _00042_.
[WARNING EST-0026] Missing route to pin _33850_/X in net _00042_.
[WARNING EST-0026] Missing route to pin _49078_/D in net _00042_.
[WARNING EST-0026] Missing route to pin _33850_/X in net _00042_.
[WARNING EST-0026] Missing route to pin _49078_/D in net _00042_.
[WARNING EST-0026] Missing route to pin _33850_/X in net _00042_.
[WARNING EST-0026] Missing route to pin _49078_/D in net _00042_.
[WARNING EST-0026] Missing route to pin _33850_/X in net _00042_.
[WARNING EST-0026] Missing route to pin _49078_/D in net _00042_.
[WARNING EST-0026] Missing route to pin _33850_/X in net _00042_.
[WARNING EST-0026] Missing route to pin _49078_/D in net _00042_.
[WARNING EST-0026] Missing route to pin _33850_/X in net _00042_.
[WARNING EST-0026] Missing route to pin _49078_/D in net _00042_.
[WARNING EST-0026] Missing route to pin _33850_/X in net _00042_.
[WARNING EST-0026] Missing route to pin _49078_/D in net _00042_.
[WARNING EST-0026] Missing route to pin _33850_/X in net _00042_.
[WARNING EST-0026] Missing route to pin _49078_/D in net _00042_.
[WARNING EST-0026] Missing route to pin _33850_/X in net _00042_.
[WARNING EST-0026] Missing route to pin _49081_/D in net _00045_.
[WARNING EST-0026] Missing route to pin _33861_/X in net _00045_.
[WARNING EST-0026] Missing route to pin _49081_/D in net _00045_.
[WARNING EST-0026] Missing route to pin _33861_/X in net _00045_.
[WARNING EST-0026] Missing route to pin _49081_/D in net _00045_.
[WARNING EST-0026] Missing route to pin _33861_/X in net _00045_.
[WARNING EST-0026] Missing route to pin _49081_/D in net _00045_.
[WARNING EST-0026] Missing route to pin _33861_/X in net _00045_.
[WARNING EST-0026] Missing route to pin _49081_/D in net _00045_.
[WARNING EST-0026] Missing route to pin _33861_/X in net _00045_.
[WARNING EST-0026] Missing route to pin _49081_/D in net _00045_.
[WARNING EST-0026] Missing route to pin _33861_/X in net _00045_.
[WARNING EST-0026] Missing route to pin _49081_/D in net _00045_.
[WARNING EST-0026] Missing route to pin _33861_/X in net _00045_.
[WARNING EST-0026] Missing route to pin _49081_/D in net _00045_.
[WARNING EST-0026] Missing route to pin _33861_/X in net _00045_.
[WARNING EST-0026] Missing route to pin _49081_/D in net _00045_.
[WARNING EST-0026] Missing route to pin _33861_/X in net _00045_.
[WARNING EST-0026] Missing route to pin _49055_/D in net _00047_.
[WARNING EST-0026] Missing route to pin _33766_/X in net _00047_.
[WARNING EST-0026] Missing route to pin _49055_/D in net _00047_.
[WARNING EST-0026] Missing route to pin _33766_/X in net _00047_.
[WARNING EST-0026] Missing route to pin _49055_/D in net _00047_.
[WARNING EST-0026] Missing route to pin _33766_/X in net _00047_.
[WARNING EST-0026] Missing route to pin _49055_/D in net _00047_.
[WARNING EST-0026] Missing route to pin _33766_/X in net _00047_.
[WARNING EST-0026] Missing route to pin _49055_/D in net _00047_.
[WARNING EST-0026] Missing route to pin _33766_/X in net _00047_.
[WARNING EST-0026] Missing route to pin _49055_/D in net _00047_.
[WARNING EST-0026] Missing route to pin _33766_/X in net _00047_.
[WARNING EST-0026] Missing route to pin _49055_/D in net _00047_.
[WARNING EST-0026] Missing route to pin _33766_/X in net _00047_.
[WARNING EST-0026] Missing route to pin _49055_/D in net _00047_.
[WARNING EST-0026] Missing route to pin _33766_/X in net _00047_.
[WARNING EST-0026] Missing route to pin _49055_/D in net _00047_.
[WARNING EST-0026] Missing route to pin _33766_/X in net _00047_.
[WARNING EST-0026] Missing route to pin _49084_/D in net _00049_.
[WARNING EST-0026] Missing route to pin _33868_/X in net _00049_.
[WARNING EST-0026] Missing route to pin _49084_/D in net _00049_.
[WARNING EST-0026] Missing route to pin _33868_/X in net _00049_.
[WARNING EST-0026] Missing route to pin _49084_/D in net _00049_.
[WARNING EST-0026] Missing route to pin _33868_/X in net _00049_.
[WARNING EST-0026] Missing route to pin _49084_/D in net _00049_.
[WARNING EST-0026] Missing route to pin _33868_/X in net _00049_.
[WARNING EST-0026] Missing route to pin _49084_/D in net _00049_.
[WARNING EST-0026] Missing route to pin _33868_/X in net _00049_.
[WARNING EST-0026] Missing route to pin _49084_/D in net _00049_.
[WARNING EST-0026] Missing route to pin _33868_/X in net _00049_.
[WARNING EST-0026] Missing route to pin _49084_/D in net _00049_.
[WARNING EST-0026] Missing route to pin _33868_/X in net _00049_.
[WARNING EST-0026] Missing route to pin _49084_/D in net _00049_.
[WARNING EST-0026] Missing route to pin _33868_/X in net _00049_.
[WARNING EST-0026] Missing route to pin _49084_/D in net _00049_.
[WARNING EST-0026] Missing route to pin _33868_/X in net _00049_.
[WARNING EST-0026] Missing route to pin _49057_/D in net _00051_.
[WARNING EST-0026] Missing route to pin _33781_/X in net _00051_.
[WARNING EST-0026] Missing route to pin _49057_/D in net _00051_.
[WARNING EST-0026] Missing route to pin _33781_/X in net _00051_.
[WARNING EST-0026] Missing route to pin _49057_/D in net _00051_.
[WARNING EST-0026] Missing route to pin _33781_/X in net _00051_.
[WARNING EST-0026] Missing route to pin _49057_/D in net _00051_.
[WARNING EST-0026] Missing route to pin _33781_/X in net _00051_.
[WARNING EST-0026] Missing route to pin _49057_/D in net _00051_.
[WARNING EST-0026] Missing route to pin _33781_/X in net _00051_.
[WARNING EST-0026] Missing route to pin _49057_/D in net _00051_.
[WARNING EST-0026] Missing route to pin _33781_/X in net _00051_.
[WARNING EST-0026] Missing route to pin _49057_/D in net _00051_.
[WARNING EST-0026] Missing route to pin _33781_/X in net _00051_.
[WARNING EST-0026] Missing route to pin _49057_/D in net _00051_.
[WARNING EST-0026] Missing route to pin _33781_/X in net _00051_.
[WARNING EST-0026] Missing route to pin _49057_/D in net _00051_.
[WARNING EST-0026] Missing route to pin _33781_/X in net _00051_.
[WARNING EST-0026] Missing route to pin _49058_/D in net _00052_.
[WARNING EST-0026] Missing route to pin _33785_/X in net _00052_.
[WARNING EST-0026] Missing route to pin _49058_/D in net _00052_.
[WARNING EST-0026] Missing route to pin _33785_/X in net _00052_.
[WARNING EST-0026] Missing route to pin _49058_/D in net _00052_.
[WARNING EST-0026] Missing route to pin _33785_/X in net _00052_.
[WARNING EST-0026] Missing route to pin _49058_/D in net _00052_.
[WARNING EST-0026] Missing route to pin _33785_/X in net _00052_.
[WARNING EST-0026] Missing route to pin _49058_/D in net _00052_.
[WARNING EST-0026] Missing route to pin _33785_/X in net _00052_.
[WARNING EST-0026] Missing route to pin _49058_/D in net _00052_.
[WARNING EST-0026] Missing route to pin _33785_/X in net _00052_.
[WARNING EST-0026] Missing route to pin _49058_/D in net _00052_.
[WARNING EST-0026] Missing route to pin _33785_/X in net _00052_.
[WARNING EST-0026] Missing route to pin _49058_/D in net _00052_.
[WARNING EST-0026] Missing route to pin _33785_/X in net _00052_.
[WARNING EST-0026] Missing route to pin _49058_/D in net _00052_.
[WARNING EST-0026] Missing route to pin _33785_/X in net _00052_.
[WARNING EST-0026] Missing route to pin _49059_/D in net _00053_.
[WARNING EST-0026] Missing route to pin _33789_/X in net _00053_.
[WARNING EST-0026] Missing route to pin _49059_/D in net _00053_.
[WARNING EST-0026] Missing route to pin _33789_/X in net _00053_.
[WARNING EST-0026] Missing route to pin _49059_/D in net _00053_.
[WARNING EST-0026] Missing route to pin _33789_/X in net _00053_.
[WARNING EST-0026] Missing route to pin _49059_/D in net _00053_.
[WARNING EST-0026] Missing route to pin _33789_/X in net _00053_.
[WARNING EST-0026] Missing route to pin _49059_/D in net _00053_.
[WARNING EST-0026] Missing route to pin _33789_/X in net _00053_.
[WARNING EST-0026] Missing route to pin _49059_/D in net _00053_.
[WARNING EST-0026] Missing route to pin _33789_/X in net _00053_.
[WARNING EST-0026] Missing route to pin _49059_/D in net _00053_.
[WARNING EST-0026] Missing route to pin _33789_/X in net _00053_.
[WARNING EST-0026] Missing route to pin _49059_/D in net _00053_.
[WARNING EST-0026] Missing route to pin _33789_/X in net _00053_.
[WARNING EST-0026] Missing route to pin _49059_/D in net _00053_.
[WARNING EST-0026] Missing route to pin _33789_/X in net _00053_.
[WARNING EST-0026] Missing route to pin _49060_/D in net _00054_.
[WARNING EST-0026] Missing route to pin _33793_/X in net _00054_.
[WARNING EST-0026] Missing route to pin _49060_/D in net _00054_.
[WARNING EST-0026] Missing route to pin _33793_/X in net _00054_.
[WARNING EST-0026] Missing route to pin _49060_/D in net _00054_.
[WARNING EST-0026] Missing route to pin _33793_/X in net _00054_.
[WARNING EST-0026] Missing route to pin _49060_/D in net _00054_.
[WARNING EST-0026] Missing route to pin _33793_/X in net _00054_.
[WARNING EST-0026] Missing route to pin _49060_/D in net _00054_.
[WARNING EST-0026] Missing route to pin _33793_/X in net _00054_.
[WARNING EST-0026] Missing route to pin _49060_/D in net _00054_.
[WARNING EST-0026] Missing route to pin _33793_/X in net _00054_.
[WARNING EST-0026] Missing route to pin _49060_/D in net _00054_.
[WARNING EST-0026] Missing route to pin _33793_/X in net _00054_.
[WARNING EST-0026] Missing route to pin _49060_/D in net _00054_.
[WARNING EST-0026] Missing route to pin _33793_/X in net _00054_.
[WARNING EST-0026] Missing route to pin _49060_/D in net _00054_.
[WARNING EST-0026] Missing route to pin _33793_/X in net _00054_.
[WARNING EST-0026] Missing route to pin _49062_/D in net _00056_.
[WARNING EST-0026] Missing route to pin _33798_/X in net _00056_.
[WARNING EST-0026] Missing route to pin _49062_/D in net _00056_.
[WARNING EST-0026] Missing route to pin _33798_/X in net _00056_.
[WARNING EST-0026] Missing route to pin _49062_/D in net _00056_.
[WARNING EST-0026] Missing route to pin _33798_/X in net _00056_.
[WARNING EST-0026] Missing route to pin _49062_/D in net _00056_.
[WARNING EST-0026] Missing route to pin _33798_/X in net _00056_.
[WARNING EST-0026] Missing route to pin _49062_/D in net _00056_.
[WARNING EST-0026] Missing route to pin _33798_/X in net _00056_.
[WARNING EST-0026] Missing route to pin _49062_/D in net _00056_.
[WARNING EST-0026] Missing route to pin _33798_/X in net _00056_.
[WARNING EST-0026] Missing route to pin _49062_/D in net _00056_.
[WARNING EST-0026] Missing route to pin _33798_/X in net _00056_.
[WARNING EST-0026] Missing route to pin _49062_/D in net _00056_.
[WARNING EST-0026] Missing route to pin _33798_/X in net _00056_.
[WARNING EST-0026] Missing route to pin _49062_/D in net _00056_.
[WARNING EST-0026] Missing route to pin _33798_/X in net _00056_.
[WARNING EST-0026] Missing route to pin _49017_/D in net _00057_.
[WARNING EST-0026] Missing route to pin _35905_/Y in net _00057_.
[WARNING EST-0026] Missing route to pin _49017_/D in net _00057_.
[WARNING EST-0026] Missing route to pin _35905_/Y in net _00057_.
[WARNING EST-0026] Missing route to pin _49017_/D in net _00057_.
[WARNING EST-0026] Missing route to pin _35905_/Y in net _00057_.
[WARNING EST-0026] Missing route to pin _49017_/D in net _00057_.
[WARNING EST-0026] Missing route to pin _35905_/Y in net _00057_.
[WARNING EST-0026] Missing route to pin _49017_/D in net _00057_.
[WARNING EST-0026] Missing route to pin _35905_/Y in net _00057_.
[WARNING EST-0026] Missing route to pin _49017_/D in net _00057_.
[WARNING EST-0026] Missing route to pin _35905_/Y in net _00057_.
[WARNING EST-0026] Missing route to pin _49017_/D in net _00057_.
[WARNING EST-0026] Missing route to pin _35905_/Y in net _00057_.
[WARNING EST-0026] Missing route to pin _49017_/D in net _00057_.
[WARNING EST-0026] Missing route to pin _35905_/Y in net _00057_.
[WARNING EST-0026] Missing route to pin _49017_/D in net _00057_.
[WARNING EST-0026] Missing route to pin _35905_/Y in net _00057_.
[WARNING EST-0026] Missing route to pin _48991_/D in net _00059_.
[WARNING EST-0026] Missing route to pin _33937_/X in net _00059_.
[WARNING EST-0026] Missing route to pin _48991_/D in net _00059_.
[WARNING EST-0026] Missing route to pin _33937_/X in net _00059_.
[WARNING EST-0026] Missing route to pin _48991_/D in net _00059_.
[WARNING EST-0026] Missing route to pin _33937_/X in net _00059_.
[WARNING EST-0026] Missing route to pin _48991_/D in net _00059_.
[WARNING EST-0026] Missing route to pin _33937_/X in net _00059_.
[WARNING EST-0026] Missing route to pin _48991_/D in net _00059_.
[WARNING EST-0026] Missing route to pin _33937_/X in net _00059_.
[WARNING EST-0026] Missing route to pin _48991_/D in net _00059_.
[WARNING EST-0026] Missing route to pin _33937_/X in net _00059_.
[WARNING EST-0026] Missing route to pin _48991_/D in net _00059_.
[WARNING EST-0026] Missing route to pin _33937_/X in net _00059_.
[WARNING EST-0026] Missing route to pin _48991_/D in net _00059_.
[WARNING EST-0026] Missing route to pin _33937_/X in net _00059_.
[WARNING EST-0026] Missing route to pin _48991_/D in net _00059_.
[WARNING EST-0026] Missing route to pin _33937_/X in net _00059_.
[WARNING EST-0026] Missing route to pin _48992_/D in net _00060_.
[WARNING EST-0026] Missing route to pin _33944_/X in net _00060_.
[WARNING EST-0026] Missing route to pin _48992_/D in net _00060_.
[WARNING EST-0026] Missing route to pin _33944_/X in net _00060_.
[WARNING EST-0026] Missing route to pin _48992_/D in net _00060_.
[WARNING EST-0026] Missing route to pin _33944_/X in net _00060_.
[WARNING EST-0026] Missing route to pin _48992_/D in net _00060_.
[WARNING EST-0026] Missing route to pin _33944_/X in net _00060_.
[WARNING EST-0026] Missing route to pin _48992_/D in net _00060_.
[WARNING EST-0026] Missing route to pin _33944_/X in net _00060_.
[WARNING EST-0026] Missing route to pin _48992_/D in net _00060_.
[WARNING EST-0026] Missing route to pin _33944_/X in net _00060_.
[WARNING EST-0026] Missing route to pin _48992_/D in net _00060_.
[WARNING EST-0026] Missing route to pin _33944_/X in net _00060_.
[WARNING EST-0026] Missing route to pin _48992_/D in net _00060_.
[WARNING EST-0026] Missing route to pin _33944_/X in net _00060_.
[WARNING EST-0026] Missing route to pin _48992_/D in net _00060_.
[WARNING EST-0026] Missing route to pin _33944_/X in net _00060_.
[WARNING EST-0026] Missing route to pin _48993_/D in net _00061_.
[WARNING EST-0026] Missing route to pin _33954_/X in net _00061_.
[WARNING EST-0026] Missing route to pin _48993_/D in net _00061_.
[WARNING EST-0026] Missing route to pin _33954_/X in net _00061_.
[WARNING EST-0026] Missing route to pin _48993_/D in net _00061_.
[WARNING EST-0026] Missing route to pin _33954_/X in net _00061_.
[WARNING EST-0026] Missing route to pin _48993_/D in net _00061_.
[WARNING EST-0026] Missing route to pin _33954_/X in net _00061_.
[WARNING EST-0026] Missing route to pin _48993_/D in net _00061_.
[WARNING EST-0026] Missing route to pin _33954_/X in net _00061_.
[WARNING EST-0026] Missing route to pin _48993_/D in net _00061_.
[WARNING EST-0026] Missing route to pin _33954_/X in net _00061_.
[WARNING EST-0026] Missing route to pin _48993_/D in net _00061_.
[WARNING EST-0026] Missing route to pin _33954_/X in net _00061_.
[WARNING EST-0026] Missing route to pin _48993_/D in net _00061_.
[WARNING EST-0026] Missing route to pin _33954_/X in net _00061_.
[WARNING EST-0026] Missing route to pin _48993_/D in net _00061_.
[WARNING EST-0026] Missing route to pin _33954_/X in net _00061_.
[WARNING EST-0026] Missing route to pin _48998_/D in net _00066_.
[WARNING EST-0026] Missing route to pin _33983_/Y in net _00066_.
[WARNING EST-0026] Missing route to pin _48998_/D in net _00066_.
[WARNING EST-0026] Missing route to pin _33983_/Y in net _00066_.
[WARNING EST-0026] Missing route to pin _48998_/D in net _00066_.
[WARNING EST-0026] Missing route to pin _33983_/Y in net _00066_.
[WARNING EST-0026] Missing route to pin _48998_/D in net _00066_.
[WARNING EST-0026] Missing route to pin _33983_/Y in net _00066_.
[WARNING EST-0026] Missing route to pin _48998_/D in net _00066_.
[WARNING EST-0026] Missing route to pin _33983_/Y in net _00066_.
[WARNING EST-0026] Missing route to pin _48998_/D in net _00066_.
[WARNING EST-0026] Missing route to pin _33983_/Y in net _00066_.
[WARNING EST-0026] Missing route to pin _48998_/D in net _00066_.
[WARNING EST-0026] Missing route to pin _33983_/Y in net _00066_.
[WARNING EST-0026] Missing route to pin _48998_/D in net _00066_.
[WARNING EST-0026] Missing route to pin _33983_/Y in net _00066_.
[WARNING EST-0026] Missing route to pin _48998_/D in net _00066_.
[WARNING EST-0026] Missing route to pin _33983_/Y in net _00066_.
[WARNING EST-0026] Missing route to pin _48999_/D in net _00067_.
[WARNING EST-0026] Missing route to pin _33990_/Y in net _00067_.
[WARNING EST-0026] Missing route to pin _48999_/D in net _00067_.
[WARNING EST-0026] Missing route to pin _33990_/Y in net _00067_.
[WARNING EST-0026] Missing route to pin _48999_/D in net _00067_.
[WARNING EST-0026] Missing route to pin _33990_/Y in net _00067_.
[WARNING EST-0026] Missing route to pin _48999_/D in net _00067_.
[WARNING EST-0026] Missing route to pin _33990_/Y in net _00067_.
[WARNING EST-0026] Missing route to pin _48999_/D in net _00067_.
[WARNING EST-0026] Missing route to pin _33990_/Y in net _00067_.
[WARNING EST-0026] Missing route to pin _48999_/D in net _00067_.
[WARNING EST-0026] Missing route to pin _33990_/Y in net _00067_.
[WARNING EST-0026] Missing route to pin _48999_/D in net _00067_.
[WARNING EST-0026] Missing route to pin _33990_/Y in net _00067_.
[WARNING EST-0026] Missing route to pin _48999_/D in net _00067_.
[WARNING EST-0026] Missing route to pin _33990_/Y in net _00067_.
[WARNING EST-0026] Missing route to pin _48999_/D in net _00067_.
[WARNING EST-0026] Missing route to pin _33990_/Y in net _00067_.
[WARNING EST-0026] Missing route to pin _49001_/D in net _00070_.
[WARNING EST-0026] Missing route to pin _33999_/Y in net _00070_.
[WARNING EST-0026] Missing route to pin _49001_/D in net _00070_.
[WARNING EST-0026] Missing route to pin _33999_/Y in net _00070_.
[WARNING EST-0026] Missing route to pin _49001_/D in net _00070_.
[WARNING EST-0026] Missing route to pin _33999_/Y in net _00070_.
[WARNING EST-0026] Missing route to pin _49001_/D in net _00070_.
[WARNING EST-0026] Missing route to pin _33999_/Y in net _00070_.
[WARNING EST-0026] Missing route to pin _49001_/D in net _00070_.
[WARNING EST-0026] Missing route to pin _33999_/Y in net _00070_.
[WARNING EST-0026] Missing route to pin _49001_/D in net _00070_.
[WARNING EST-0026] Missing route to pin _33999_/Y in net _00070_.
[WARNING EST-0026] Missing route to pin _49001_/D in net _00070_.
[WARNING EST-0026] Missing route to pin _33999_/Y in net _00070_.
[WARNING EST-0026] Missing route to pin _49001_/D in net _00070_.
[WARNING EST-0026] Missing route to pin _33999_/Y in net _00070_.
[WARNING EST-0026] Missing route to pin _49001_/D in net _00070_.
[WARNING EST-0026] Missing route to pin _33999_/Y in net _00070_.
[WARNING EST-0026] Missing route to pin _49002_/D in net _00071_.
[WARNING EST-0026] Missing route to pin _34005_/Y in net _00071_.
[WARNING EST-0026] Missing route to pin _49002_/D in net _00071_.
[WARNING EST-0026] Missing route to pin _34005_/Y in net _00071_.
[WARNING EST-0026] Missing route to pin _49002_/D in net _00071_.
[WARNING EST-0026] Missing route to pin _34005_/Y in net _00071_.
[WARNING EST-0026] Missing route to pin _49002_/D in net _00071_.
[WARNING EST-0026] Missing route to pin _34005_/Y in net _00071_.
[WARNING EST-0026] Missing route to pin _49002_/D in net _00071_.
[WARNING EST-0026] Missing route to pin _34005_/Y in net _00071_.
[WARNING EST-0026] Missing route to pin _49002_/D in net _00071_.
[WARNING EST-0026] Missing route to pin _34005_/Y in net _00071_.
[WARNING EST-0026] Missing route to pin _49002_/D in net _00071_.
[WARNING EST-0026] Missing route to pin _34005_/Y in net _00071_.
[WARNING EST-0026] Missing route to pin _49002_/D in net _00071_.
[WARNING EST-0026] Missing route to pin _34005_/Y in net _00071_.
[WARNING EST-0026] Missing route to pin _49002_/D in net _00071_.
[WARNING EST-0026] Missing route to pin _34005_/Y in net _00071_.
[WARNING EST-0026] Missing route to pin _49004_/D in net _00073_.
[WARNING EST-0026] Missing route to pin _34014_/Y in net _00073_.
[WARNING EST-0026] Missing route to pin _49004_/D in net _00073_.
[WARNING EST-0026] Missing route to pin _34014_/Y in net _00073_.
[WARNING EST-0026] Missing route to pin _49004_/D in net _00073_.
[WARNING EST-0026] Missing route to pin _34014_/Y in net _00073_.
[WARNING EST-0026] Missing route to pin _49004_/D in net _00073_.
[WARNING EST-0026] Missing route to pin _34014_/Y in net _00073_.
[WARNING EST-0026] Missing route to pin _49004_/D in net _00073_.
[WARNING EST-0026] Missing route to pin _34014_/Y in net _00073_.
[WARNING EST-0026] Missing route to pin _49004_/D in net _00073_.
[WARNING EST-0026] Missing route to pin _34014_/Y in net _00073_.
[WARNING EST-0026] Missing route to pin _49004_/D in net _00073_.
[WARNING EST-0026] Missing route to pin _34014_/Y in net _00073_.
[WARNING EST-0026] Missing route to pin _49004_/D in net _00073_.
[WARNING EST-0026] Missing route to pin _34014_/Y in net _00073_.
[WARNING EST-0026] Missing route to pin _49004_/D in net _00073_.
[WARNING EST-0026] Missing route to pin _34014_/Y in net _00073_.
[WARNING EST-0026] Missing route to pin _49007_/D in net _00076_.
[WARNING EST-0026] Missing route to pin _34028_/Y in net _00076_.
[WARNING EST-0026] Missing route to pin _49007_/D in net _00076_.
[WARNING EST-0026] Missing route to pin _34028_/Y in net _00076_.
[WARNING EST-0026] Missing route to pin _49007_/D in net _00076_.
[WARNING EST-0026] Missing route to pin _34028_/Y in net _00076_.
[WARNING EST-0026] Missing route to pin _49007_/D in net _00076_.
[WARNING EST-0026] Missing route to pin _34028_/Y in net _00076_.
[WARNING EST-0026] Missing route to pin _49007_/D in net _00076_.
[WARNING EST-0026] Missing route to pin _34028_/Y in net _00076_.
[WARNING EST-0026] Missing route to pin _49007_/D in net _00076_.
[WARNING EST-0026] Missing route to pin _34028_/Y in net _00076_.
[WARNING EST-0026] Missing route to pin _49007_/D in net _00076_.
[WARNING EST-0026] Missing route to pin _34028_/Y in net _00076_.
[WARNING EST-0026] Missing route to pin _49007_/D in net _00076_.
[WARNING EST-0026] Missing route to pin _34028_/Y in net _00076_.
[WARNING EST-0026] Missing route to pin _49007_/D in net _00076_.
[WARNING EST-0026] Missing route to pin _34028_/Y in net _00076_.
[WARNING EST-0026] Missing route to pin _49008_/D in net _00077_.
[WARNING EST-0026] message limit (1000) reached. This message will no longer print.
[INFO GRT-0102] Start extra iteration 4/50
[INFO GRT-0197] Via related to pin nodes: 154095
[INFO GRT-0198] Via related Steiner nodes: 4658
[INFO GRT-0199] Via filling finished.
[INFO GRT-0111] Final number of vias: 199181
[INFO GRT-0112] Final usage 3D: 788721

[INFO GRT-0096] Final congestion report:
Layer         Resource        Demand        Usage (%)    Max H / Max V / Total Overflow
---------------------------------------------------------------------------------------
li1                  0             0            0.00%             0 /  0 /  0
met1            124665         74568           59.81%             0 /  0 /  0
met2            132147         79052           59.82%             0 /  0 /  0
met3             93290         18664           20.01%             0 /  0 /  0
met4             59577         18894           31.71%             0 /  0 /  0
---------------------------------------------------------------------------------------
Total           409679        191178           46.67%             0 /  0 /  0

[INFO GRT-0018] Total wirelength: 1803715 um
[INFO GRT-0014] Routed nets: 28513
[INFO GRT-0303] Global routing runtime = 00:00:04
Setting global connections for newly added cells…
[INFO] Setting global connections...
[INFO ODB-0403] 0 connections made, 0 conflicts skipped.
Updating metrics…
Cell type report:                       Count       Area
  Fill cell                               582    2184.60
  Tap cell                               8936   11180.72
  Buffer                                 3116   13812.00
  Clock buffer                            581    7667.35
  Timing Repair Buffer                   1904   16528.35
  Inverter                               2357    8972.36
  Clock inverter                          111    1356.30
  Sequential cell                        3086   80821.26
  Multi-Input combinational cell        17656  149069.22
  Total                                 38329  291592.16
Writing OpenROAD database to '/Users/yomna/Documents/projects/harts/flow/openlane/runs/classic-flow/41-openroad-repairdesignpostgrt/hw_scheduler_top.odb'…
Writing netlist to '/Users/yomna/Documents/projects/harts/flow/openlane/runs/classic-flow/41-openroad-repairdesignpostgrt/hw_scheduler_top.nl.v'…
Writing powered netlist to '/Users/yomna/Documents/projects/harts/flow/openlane/runs/classic-flow/41-openroad-repairdesignpostgrt/hw_scheduler_top.pnl.v'…
Writing layout to '/Users/yomna/Documents/projects/harts/flow/openlane/runs/classic-flow/41-openroad-repairdesignpostgrt/hw_scheduler_top.def'…
Writing timing constraints to '/Users/yomna/Documents/projects/harts/flow/openlane/runs/classic-flow/41-openroad-repairdesignpostgrt/hw_scheduler_top.sdc'…
