
===========================================================================
Violator List
============================================================================
[hold in-reg] rst_n -> _25688_/RESET_B : -0.304780
[hold in-reg] rst_n -> _25689_/RESET_B : -0.304780
[hold in-reg] cs_n -> _25691_/D : -0.096197
[hold in-reg] sclk -> _25690_/D : -0.090686
[hold in-reg] mosi -> _25522_/D : -0.027940
[hold in-reg] scan_in -> _26475_/D : -0.022493
[hold in-reg] scan_en -> _26513_/D : -0.019585
[hold in-reg] scan_en -> _26510_/D : -0.019585
[hold in-reg] scan_en -> _26527_/D : -0.019585
[hold in-reg] scan_en -> _26488_/D : -0.019584
[hold in-reg] scan_en -> _26490_/D : -0.019584
[hold in-reg] scan_en -> _26491_/D : -0.019584
[hold in-reg] scan_en -> _26493_/D : -0.019584
[hold in-reg] scan_en -> _26487_/D : -0.019584
[hold in-reg] scan_en -> _26494_/D : -0.019584
[hold in-reg] scan_en -> _26496_/D : -0.019584
[hold in-reg] scan_en -> _26497_/D : -0.019584
[hold in-reg] scan_en -> _26498_/D : -0.019584
[hold in-reg] scan_en -> _26499_/D : -0.019584
[hold in-reg] scan_en -> _26525_/D : -0.019584
[hold in-reg] scan_en -> _26526_/D : -0.019584
[hold in-reg] scan_en -> _26514_/D : -0.019582
[hold in-reg] scan_en -> _26504_/D : -0.019578
[hold in-reg] scan_en -> _26495_/D : -0.019574
[hold in-reg] scan_en -> _26509_/D : -0.019571
[hold in-reg] scan_en -> _26516_/D : -0.019571
[hold in-reg] scan_en -> _26506_/D : -0.019568
[hold in-reg] scan_en -> _26507_/D : -0.019568
[hold in-reg] scan_en -> _26476_/D : -0.019566
[hold in-reg] scan_en -> _26477_/D : -0.019566
[hold in-reg] scan_en -> _26478_/D : -0.019566
[hold in-reg] scan_en -> _26479_/D : -0.019566
[hold in-reg] scan_en -> _26480_/D : -0.019566
[hold in-reg] scan_en -> _26481_/D : -0.019566
[hold in-reg] scan_en -> _26482_/D : -0.019566
[hold in-reg] scan_en -> _26485_/D : -0.019566
[hold in-reg] scan_en -> _26486_/D : -0.019566
[hold in-reg] scan_en -> _26489_/D : -0.019566
[hold in-reg] scan_en -> _26492_/D : -0.019566
[hold in-reg] scan_en -> _26500_/D : -0.019566
[hold in-reg] scan_en -> _26501_/D : -0.019566
[hold in-reg] scan_en -> _26502_/D : -0.019566
[hold in-reg] scan_en -> _26503_/D : -0.019566
[hold in-reg] scan_en -> _26505_/D : -0.019566
[hold in-reg] scan_en -> _26508_/D : -0.019566
[hold in-reg] scan_en -> _26511_/D : -0.019566
[hold in-reg] scan_en -> _26512_/D : -0.019566
[hold in-reg] scan_en -> _26515_/D : -0.019566
[hold in-reg] scan_en -> _26517_/D : -0.019566
[hold in-reg] scan_en -> _26518_/D : -0.019566
[hold in-reg] scan_en -> _26519_/D : -0.019566
[hold in-reg] scan_en -> _26520_/D : -0.019566
[hold in-reg] scan_en -> _26521_/D : -0.019566
[hold in-reg] scan_en -> _26522_/D : -0.019566
[hold in-reg] scan_en -> _26523_/D : -0.019566
[hold in-reg] scan_en -> _26524_/D : -0.019566
[hold in-reg] scan_en -> _26483_/D : -0.018499
[hold in-reg] scan_en -> _26484_/D : -0.018499
[hold in-reg] scan_en -> _26528_/D : -0.018499
[hold in-reg] scan_en -> _26529_/D : -0.018499
[hold in-reg] scan_en -> _26530_/D : -0.018499
[hold in-reg] scan_en -> _26531_/D : -0.018499
[hold in-reg] scan_en -> _26532_/D : -0.018499
[hold in-reg] scan_en -> _26533_/D : -0.018499
[hold in-reg] scan_en -> _26534_/D : -0.018499
[hold in-reg] scan_en -> _26535_/D : -0.018499
[hold in-reg] scan_en -> _26536_/D : -0.018499
[hold in-reg] scan_en -> _26537_/D : -0.018499
[hold in-reg] scan_en -> _26538_/D : -0.018499
[hold in-reg] scan_en -> _26539_/D : -0.018499
[hold in-reg] scan_en -> _26540_/D : -0.018499
[hold in-reg] scan_en -> _26541_/D : -0.018499
[hold in-reg] scan_en -> _26542_/D : -0.018499
[hold in-reg] scan_en -> _26543_/D : -0.018499
[hold in-reg] scan_en -> _26544_/D : -0.018499
[hold in-reg] scan_en -> _26545_/D : -0.018499
[hold in-reg] scan_en -> _26546_/D : -0.018499
[hold in-reg] scan_en -> _26547_/D : -0.018499
[hold in-reg] scan_en -> _26548_/D : -0.018499
[hold in-reg] scan_en -> _26549_/D : -0.018499
[hold in-reg] scan_en -> _26550_/D : -0.018499
[hold in-reg] scan_en -> _26551_/D : -0.018499
[hold in-reg] scan_en -> _26552_/D : -0.018499
[hold in-reg] scan_en -> _26553_/D : -0.018499
[hold in-reg] scan_en -> _26554_/D : -0.018499
[hold in-reg] scan_en -> _26555_/D : -0.018499
[hold in-reg] scan_en -> _26556_/D : -0.018499
[hold in-reg] scan_en -> _26557_/D : -0.018499
[hold in-reg] scan_en -> _26558_/D : -0.018499
[hold in-reg] scan_en -> _26559_/D : -0.018499
[hold in-reg] scan_en -> _26560_/D : -0.018499
[hold in-reg] scan_en -> _26561_/D : -0.018499
[hold in-reg] scan_en -> _26562_/D : -0.018499
[hold in-reg] scan_en -> _26563_/D : -0.018499
[hold in-reg] scan_en -> _26564_/D : -0.018499
[hold in-reg] scan_en -> _26565_/D : -0.018499
[hold in-reg] scan_en -> _26566_/D : -0.018499
[hold in-reg] scan_en -> _26567_/D : -0.018499
[hold in-reg] scan_en -> _26568_/D : -0.018499
[hold in-reg] scan_en -> _26569_/D : -0.018499
[hold in-reg] scan_en -> _26570_/D : -0.018499
[hold in-reg] scan_en -> _26571_/D : -0.018499
[hold in-reg] scan_en -> _26572_/D : -0.018499
[hold in-reg] scan_en -> _26573_/D : -0.018499
[hold in-reg] scan_en -> _26574_/D : -0.018499
[hold in-reg] scan_en -> _26575_/D : -0.018499
[hold in-reg] scan_en -> _26576_/D : -0.018499
[hold in-reg] scan_en -> _26577_/D : -0.018499
[hold in-reg] scan_en -> _26578_/D : -0.018499
[hold in-reg] scan_en -> _26579_/D : -0.018499
[hold in-reg] scan_en -> _26580_/D : -0.018499
[hold in-reg] scan_en -> _26581_/D : -0.018499
[hold in-reg] scan_en -> _26582_/D : -0.018499
[hold in-reg] scan_en -> _26583_/D : -0.018499
[hold in-reg] scan_en -> _26584_/D : -0.018499
[hold in-reg] scan_en -> _26585_/D : -0.018499
[hold in-reg] scan_en -> _26586_/D : -0.018499
[hold in-reg] scan_en -> _26587_/D : -0.018499
[hold in-reg] scan_en -> _26588_/D : -0.018499
[hold in-reg] scan_en -> _26589_/D : -0.018499
[hold in-reg] scan_en -> _26590_/D : -0.018499
[hold in-reg] scan_en -> _26591_/D : -0.018499
[hold in-reg] scan_en -> _26592_/D : -0.018499
[hold in-reg] scan_en -> _26593_/D : -0.018499
[hold in-reg] scan_en -> _26594_/D : -0.018499
[hold in-reg] scan_en -> _26595_/D : -0.018499
[hold in-reg] scan_en -> _26596_/D : -0.018499
[hold in-reg] scan_en -> _26597_/D : -0.018499
[hold in-reg] scan_en -> _26598_/D : -0.018499
[hold in-reg] scan_en -> _26599_/D : -0.018499
[hold in-reg] scan_en -> _26600_/D : -0.018499
[hold in-reg] scan_en -> _26601_/D : -0.018499
[hold in-reg] scan_en -> _26602_/D : -0.018499
[hold in-reg] scan_en -> _26603_/D : -0.018499
[hold in-reg] scan_en -> _26604_/D : -0.018499
[hold in-reg] scan_en -> _26605_/D : -0.018499
[hold in-reg] scan_en -> _26606_/D : -0.018499
[hold in-reg] scan_en -> _26607_/D : -0.018499
[hold in-reg] scan_en -> _26608_/D : -0.018499
[hold in-reg] scan_en -> _26609_/D : -0.018499
[hold in-reg] scan_en -> _26610_/D : -0.018499
[hold in-reg] scan_en -> _26611_/D : -0.018499
[hold in-reg] scan_en -> _26612_/D : -0.018499
[hold in-reg] scan_en -> _26613_/D : -0.018499
[hold in-reg] scan_en -> _26614_/D : -0.018499
[hold in-reg] scan_en -> _26615_/D : -0.018499
[hold in-reg] scan_en -> _26616_/D : -0.018499
[hold in-reg] scan_en -> _26617_/D : -0.018499
[hold in-reg] scan_en -> _26618_/D : -0.018499
[hold in-reg] scan_en -> _26619_/D : -0.018499
[hold in-reg] scan_en -> _26620_/D : -0.018499
[hold in-reg] scan_en -> _26621_/D : -0.018499
[hold in-reg] scan_en -> _26622_/D : -0.018499
[hold in-reg] scan_en -> _26623_/D : -0.018499
[hold in-reg] scan_en -> _26624_/D : -0.018499
[hold in-reg] scan_en -> _26625_/D : -0.018499
[hold in-reg] scan_en -> _26626_/D : -0.018499
[hold in-reg] scan_en -> _26627_/D : -0.018499
[hold in-reg] scan_en -> _26628_/D : -0.018499
[hold in-reg] scan_en -> _26629_/D : -0.018499
[hold in-reg] scan_en -> _26630_/D : -0.018499
[hold in-reg] scan_en -> _26631_/D : -0.018499
[hold in-reg] scan_en -> _26632_/D : -0.018499
[hold in-reg] scan_en -> _26633_/D : -0.018499
[hold in-reg] scan_en -> _26634_/D : -0.018499
[hold in-reg] scan_en -> _26635_/D : -0.018499
[hold in-reg] scan_en -> _26636_/D : -0.018499
[hold in-reg] scan_en -> _26637_/D : -0.018499
[hold in-reg] scan_en -> _26638_/D : -0.018499
[hold in-reg] scan_en -> _26639_/D : -0.018499
[hold in-reg] scan_en -> _26640_/D : -0.018499
[hold in-reg] scan_en -> _26641_/D : -0.018499
[hold in-reg] scan_en -> _26642_/D : -0.018499
[hold in-reg] scan_en -> _26643_/D : -0.018499
[hold in-reg] scan_en -> _26644_/D : -0.018499
[hold in-reg] scan_en -> _26645_/D : -0.018499
[hold in-reg] scan_en -> _26646_/D : -0.018499
[hold in-reg] scan_en -> _26647_/D : -0.018499
[hold in-reg] scan_en -> _26648_/D : -0.018499
[hold in-reg] scan_en -> _26649_/D : -0.018499
[hold in-reg] scan_en -> _26650_/D : -0.018499
[hold in-reg] scan_en -> _26651_/D : -0.018499
[hold in-reg] scan_en -> _26652_/D : -0.018499
[hold in-reg] scan_en -> _26653_/D : -0.018499
[hold in-reg] scan_en -> _26654_/D : -0.018499
[hold in-reg] scan_en -> _26655_/D : -0.018499
[hold in-reg] scan_en -> _26656_/D : -0.018499
[hold in-reg] scan_en -> _26657_/D : -0.018499
[hold in-reg] scan_en -> _26658_/D : -0.018499
[hold in-reg] scan_en -> _26659_/D : -0.018499
[hold in-reg] scan_en -> _26660_/D : -0.018499
[hold in-reg] scan_en -> _26661_/D : -0.018499
[hold in-reg] scan_en -> _26662_/D : -0.018499
[hold in-reg] scan_en -> _26663_/D : -0.018499
[hold in-reg] scan_en -> _26664_/D : -0.018499
[hold in-reg] scan_en -> _26665_/D : -0.018499
[hold in-reg] scan_en -> _26666_/D : -0.018499
[hold in-reg] scan_en -> _26667_/D : -0.018499
[hold in-reg] scan_en -> _26668_/D : -0.018499
[hold in-reg] scan_en -> _26669_/D : -0.018499
[hold in-reg] scan_en -> _26670_/D : -0.018499
[hold in-reg] scan_en -> _26671_/D : -0.018499
[hold in-reg] scan_en -> _26672_/D : -0.018499
[hold in-reg] scan_en -> _26673_/D : -0.018499
[hold in-reg] scan_en -> _26674_/D : -0.018499
[hold in-reg] scan_en -> _26675_/D : -0.018499
[hold in-reg] scan_en -> _26676_/D : -0.018499
[hold in-reg] scan_en -> _26677_/D : -0.018499
[hold in-reg] scan_en -> _26678_/D : -0.018499
[hold in-reg] scan_en -> _26679_/D : -0.018499
[hold in-reg] scan_en -> _26680_/D : -0.018499
[hold in-reg] scan_en -> _26681_/D : -0.018499
[hold in-reg] scan_en -> _26682_/D : -0.018499
[hold in-reg] scan_en -> _26683_/D : -0.018499
[hold in-reg] scan_en -> _26684_/D : -0.018499
[hold in-reg] scan_en -> _26685_/D : -0.018499
[hold in-reg] scan_en -> _26686_/D : -0.018499
[hold in-reg] scan_en -> _26687_/D : -0.018499
[hold in-reg] scan_en -> _26688_/D : -0.018499
[hold in-reg] scan_en -> _26689_/D : -0.018499
[hold in-reg] scan_en -> _26690_/D : -0.018499
[hold in-reg] scan_en -> _26691_/D : -0.018499
[hold in-reg] scan_en -> _26692_/D : -0.018499
[hold in-reg] scan_en -> _26693_/D : -0.018499
[hold in-reg] scan_en -> _26694_/D : -0.018499
[hold in-reg] scan_en -> _26695_/D : -0.018499
[hold in-reg] scan_en -> _26696_/D : -0.018499
[hold in-reg] scan_en -> _26697_/D : -0.018499
[hold in-reg] scan_en -> _26698_/D : -0.018499
[hold in-reg] scan_en -> _26699_/D : -0.018499
[hold in-reg] scan_en -> _26700_/D : -0.018499
[hold in-reg] scan_en -> _26701_/D : -0.018499
[hold in-reg] scan_en -> _26702_/D : -0.018499
[hold in-reg] scan_en -> _26703_/D : -0.018499
[hold in-reg] scan_en -> _26704_/D : -0.018499
[hold in-reg] scan_en -> _26705_/D : -0.018499
[hold in-reg] scan_en -> _26706_/D : -0.018499
[hold in-reg] scan_en -> _26707_/D : -0.018499
[hold in-reg] scan_en -> _26708_/D : -0.018499
[hold in-reg] scan_en -> _26709_/D : -0.018499
[hold in-reg] scan_en -> _26710_/D : -0.018499
[hold in-reg] scan_en -> _26711_/D : -0.018499
[hold in-reg] scan_en -> _26712_/D : -0.018499
[hold in-reg] scan_en -> _26713_/D : -0.018499
[hold in-reg] scan_en -> _26714_/D : -0.018499
[hold in-reg] scan_en -> _26715_/D : -0.018499
[hold in-reg] scan_en -> _26716_/D : -0.018499
[hold in-reg] scan_en -> _26717_/D : -0.018499
[hold in-reg] scan_en -> _26718_/D : -0.018499
[hold in-reg] scan_en -> _26719_/D : -0.018499
[hold in-reg] scan_en -> _26720_/D : -0.018499
[hold in-reg] scan_en -> _26721_/D : -0.018499
[hold in-reg] scan_en -> _26722_/D : -0.018499
[hold in-reg] scan_en -> _26723_/D : -0.018499
[hold in-reg] scan_en -> _26724_/D : -0.018499
[hold in-reg] scan_en -> _26725_/D : -0.018499
[hold in-reg] scan_en -> _26726_/D : -0.018499
[hold in-reg] scan_en -> _26727_/D : -0.018499
[hold in-reg] scan_en -> _26728_/D : -0.018499
[hold in-reg] scan_en -> _26729_/D : -0.018499
[hold in-reg] scan_en -> _26730_/D : -0.018499
