Clock: clk
Sources: clk 
Generated: no
Virtual: yes
Propagated: no
Period: 25.000000

===========================================================================
report_clock_properties
============================================================================
Clock                   Period          Waveform
----------------------------------------------------
clk                  25.000000    0.000000 12.500000

===========================================================================
report_clock_latency
============================================================================
Clock clk
rise -> rise
    min     max
0.000000 0.000000 source latency
0.808477         network latency _48453_/CLK
        0.893429 network latency _47009_/CLK
---------------
0.808477 0.893429 latency
        0.084951 skew

fall -> fall
    min     max
0.000000 0.000000 source latency
0.905014         network latency _48453_/CLK
        0.977361 network latency _47009_/CLK
---------------
0.905014 0.977361 latency
        0.072347 skew



===========================================================================
report_clock_min_period
============================================================================
clk period_min = 9.78 fmax = 102.29
