
31. Executing PROC_DLATCH pass (convert process syncs to latches).
No latch inferred for signal `$paramod\priority_queue\DEPTH=s32'00000000000000000000000000000110.\pass_valid_w[5]' from process `$paramod\priority_queue\DEPTH=s32'00000000000000000000000000000110.$proc$/Users/yomna/Documents/projects/harts/rtl/priority_queue.v:103$812'.
No latch inferred for signal `$paramod\priority_queue\DEPTH=s32'00000000000000000000000000000110.\pass_key_w[5]' from process `$paramod\priority_queue\DEPTH=s32'00000000000000000000000000000110.$proc$/Users/yomna/Documents/projects/harts/rtl/priority_queue.v:102$811'.
No latch inferred for signal `$paramod\priority_queue\DEPTH=s32'00000000000000000000000000000110.\pass_id_w[5]' from process `$paramod\priority_queue\DEPTH=s32'00000000000000000000000000000110.$proc$/Users/yomna/Documents/projects/harts/rtl/priority_queue.v:101$810'.
No latch inferred for signal `$paramod\priority_queue\DEPTH=s32'00000000000000000000000000000110.\cell_valid_w[5]' from process `$paramod\priority_queue\DEPTH=s32'00000000000000000000000000000110.$proc$/Users/yomna/Documents/projects/harts/rtl/priority_queue.v:100$809'.
No latch inferred for signal `$paramod\priority_queue\DEPTH=s32'00000000000000000000000000000110.\cell_key_w[5]' from process `$paramod\priority_queue\DEPTH=s32'00000000000000000000000000000110.$proc$/Users/yomna/Documents/projects/harts/rtl/priority_queue.v:99$808'.
No latch inferred for signal `$paramod\priority_queue\DEPTH=s32'00000000000000000000000000000110.\cell_id_w[5]' from process `$paramod\priority_queue\DEPTH=s32'00000000000000000000000000000110.$proc$/Users/yomna/Documents/projects/harts/rtl/priority_queue.v:98$807'.
No latch inferred for signal `$paramod\priority_queue\DEPTH=s32'00000000000000000000000000000110.\pass_valid_w[4]' from process `$paramod\priority_queue\DEPTH=s32'00000000000000000000000000000110.$proc$/Users/yomna/Documents/projects/harts/rtl/priority_queue.v:103$806'.
No latch inferred for signal `$paramod\priority_queue\DEPTH=s32'00000000000000000000000000000110.\pass_key_w[4]' from process `$paramod\priority_queue\DEPTH=s32'00000000000000000000000000000110.$proc$/Users/yomna/Documents/projects/harts/rtl/priority_queue.v:102$805'.
No latch inferred for signal `$paramod\priority_queue\DEPTH=s32'00000000000000000000000000000110.\pass_id_w[4]' from process `$paramod\priority_queue\DEPTH=s32'00000000000000000000000000000110.$proc$/Users/yomna/Documents/projects/harts/rtl/priority_queue.v:101$804'.
No latch inferred for signal `$paramod\priority_queue\DEPTH=s32'00000000000000000000000000000110.\cell_valid_w[4]' from process `$paramod\priority_queue\DEPTH=s32'00000000000000000000000000000110.$proc$/Users/yomna/Documents/projects/harts/rtl/priority_queue.v:100$803'.
No latch inferred for signal `$paramod\priority_queue\DEPTH=s32'00000000000000000000000000000110.\cell_key_w[4]' from process `$paramod\priority_queue\DEPTH=s32'00000000000000000000000000000110.$proc$/Users/yomna/Documents/projects/harts/rtl/priority_queue.v:99$802'.
No latch inferred for signal `$paramod\priority_queue\DEPTH=s32'00000000000000000000000000000110.\cell_id_w[4]' from process `$paramod\priority_queue\DEPTH=s32'00000000000000000000000000000110.$proc$/Users/yomna/Documents/projects/harts/rtl/priority_queue.v:98$801'.
No latch inferred for signal `$paramod\priority_queue\DEPTH=s32'00000000000000000000000000000110.\pass_valid_w[3]' from process `$paramod\priority_queue\DEPTH=s32'00000000000000000000000000000110.$proc$/Users/yomna/Documents/projects/harts/rtl/priority_queue.v:103$800'.
No latch inferred for signal `$paramod\priority_queue\DEPTH=s32'00000000000000000000000000000110.\pass_key_w[3]' from process `$paramod\priority_queue\DEPTH=s32'00000000000000000000000000000110.$proc$/Users/yomna/Documents/projects/harts/rtl/priority_queue.v:102$799'.
No latch inferred for signal `$paramod\priority_queue\DEPTH=s32'00000000000000000000000000000110.\pass_id_w[3]' from process `$paramod\priority_queue\DEPTH=s32'00000000000000000000000000000110.$proc$/Users/yomna/Documents/projects/harts/rtl/priority_queue.v:101$798'.
No latch inferred for signal `$paramod\priority_queue\DEPTH=s32'00000000000000000000000000000110.\cell_valid_w[3]' from process `$paramod\priority_queue\DEPTH=s32'00000000000000000000000000000110.$proc$/Users/yomna/Documents/projects/harts/rtl/priority_queue.v:100$797'.
No latch inferred for signal `$paramod\priority_queue\DEPTH=s32'00000000000000000000000000000110.\cell_key_w[3]' from process `$paramod\priority_queue\DEPTH=s32'00000000000000000000000000000110.$proc$/Users/yomna/Documents/projects/harts/rtl/priority_queue.v:99$796'.
No latch inferred for signal `$paramod\priority_queue\DEPTH=s32'00000000000000000000000000000110.\cell_id_w[3]' from process `$paramod\priority_queue\DEPTH=s32'00000000000000000000000000000110.$proc$/Users/yomna/Documents/projects/harts/rtl/priority_queue.v:98$795'.
No latch inferred for signal `$paramod\priority_queue\DEPTH=s32'00000000000000000000000000000110.\pass_valid_w[2]' from process `$paramod\priority_queue\DEPTH=s32'00000000000000000000000000000110.$proc$/Users/yomna/Documents/projects/harts/rtl/priority_queue.v:103$794'.
No latch inferred for signal `$paramod\priority_queue\DEPTH=s32'00000000000000000000000000000110.\pass_key_w[2]' from process `$paramod\priority_queue\DEPTH=s32'00000000000000000000000000000110.$proc$/Users/yomna/Documents/projects/harts/rtl/priority_queue.v:102$793'.
No latch inferred for signal `$paramod\priority_queue\DEPTH=s32'00000000000000000000000000000110.\pass_id_w[2]' from process `$paramod\priority_queue\DEPTH=s32'00000000000000000000000000000110.$proc$/Users/yomna/Documents/projects/harts/rtl/priority_queue.v:101$792'.
No latch inferred for signal `$paramod\priority_queue\DEPTH=s32'00000000000000000000000000000110.\cell_valid_w[2]' from process `$paramod\priority_queue\DEPTH=s32'00000000000000000000000000000110.$proc$/Users/yomna/Documents/projects/harts/rtl/priority_queue.v:100$791'.
No latch inferred for signal `$paramod\priority_queue\DEPTH=s32'00000000000000000000000000000110.\cell_key_w[2]' from process `$paramod\priority_queue\DEPTH=s32'00000000000000000000000000000110.$proc$/Users/yomna/Documents/projects/harts/rtl/priority_queue.v:99$790'.
No latch inferred for signal `$paramod\priority_queue\DEPTH=s32'00000000000000000000000000000110.\cell_id_w[2]' from process `$paramod\priority_queue\DEPTH=s32'00000000000000000000000000000110.$proc$/Users/yomna/Documents/projects/harts/rtl/priority_queue.v:98$789'.
No latch inferred for signal `$paramod\priority_queue\DEPTH=s32'00000000000000000000000000000110.\pass_valid_w[1]' from process `$paramod\priority_queue\DEPTH=s32'00000000000000000000000000000110.$proc$/Users/yomna/Documents/projects/harts/rtl/priority_queue.v:103$788'.
No latch inferred for signal `$paramod\priority_queue\DEPTH=s32'00000000000000000000000000000110.\pass_key_w[1]' from process `$paramod\priority_queue\DEPTH=s32'00000000000000000000000000000110.$proc$/Users/yomna/Documents/projects/harts/rtl/priority_queue.v:102$787'.
No latch inferred for signal `$paramod\priority_queue\DEPTH=s32'00000000000000000000000000000110.\pass_id_w[1]' from process `$paramod\priority_queue\DEPTH=s32'00000000000000000000000000000110.$proc$/Users/yomna/Documents/projects/harts/rtl/priority_queue.v:101$786'.
No latch inferred for signal `$paramod\priority_queue\DEPTH=s32'00000000000000000000000000000110.\cell_valid_w[1]' from process `$paramod\priority_queue\DEPTH=s32'00000000000000000000000000000110.$proc$/Users/yomna/Documents/projects/harts/rtl/priority_queue.v:100$785'.
No latch inferred for signal `$paramod\priority_queue\DEPTH=s32'00000000000000000000000000000110.\cell_key_w[1]' from process `$paramod\priority_queue\DEPTH=s32'00000000000000000000000000000110.$proc$/Users/yomna/Documents/projects/harts/rtl/priority_queue.v:99$784'.
No latch inferred for signal `$paramod\priority_queue\DEPTH=s32'00000000000000000000000000000110.\cell_id_w[1]' from process `$paramod\priority_queue\DEPTH=s32'00000000000000000000000000000110.$proc$/Users/yomna/Documents/projects/harts/rtl/priority_queue.v:98$783'.
No latch inferred for signal `$paramod\priority_queue\DEPTH=s32'00000000000000000000000000000110.\pass_valid_w[0]' from process `$paramod\priority_queue\DEPTH=s32'00000000000000000000000000000110.$proc$/Users/yomna/Documents/projects/harts/rtl/priority_queue.v:103$782'.
No latch inferred for signal `$paramod\priority_queue\DEPTH=s32'00000000000000000000000000000110.\pass_key_w[0]' from process `$paramod\priority_queue\DEPTH=s32'00000000000000000000000000000110.$proc$/Users/yomna/Documents/projects/harts/rtl/priority_queue.v:102$781'.
No latch inferred for signal `$paramod\priority_queue\DEPTH=s32'00000000000000000000000000000110.\pass_id_w[0]' from process `$paramod\priority_queue\DEPTH=s32'00000000000000000000000000000110.$proc$/Users/yomna/Documents/projects/harts/rtl/priority_queue.v:101$780'.
No latch inferred for signal `$paramod\priority_queue\DEPTH=s32'00000000000000000000000000000110.\cell_valid_w[0]' from process `$paramod\priority_queue\DEPTH=s32'00000000000000000000000000000110.$proc$/Users/yomna/Documents/projects/harts/rtl/priority_queue.v:100$779'.
No latch inferred for signal `$paramod\priority_queue\DEPTH=s32'00000000000000000000000000000110.\cell_key_w[0]' from process `$paramod\priority_queue\DEPTH=s32'00000000000000000000000000000110.$proc$/Users/yomna/Documents/projects/harts/rtl/priority_queue.v:99$778'.
No latch inferred for signal `$paramod\priority_queue\DEPTH=s32'00000000000000000000000000000110.\cell_id_w[0]' from process `$paramod\priority_queue\DEPTH=s32'00000000000000000000000000000110.$proc$/Users/yomna/Documents/projects/harts/rtl/priority_queue.v:98$777'.
No latch inferred for signal `$paramod\priority_queue\DEPTH=s32'00000000000000000000000000000110.\right_valid_w[4]' from process `$paramod\priority_queue\DEPTH=s32'00000000000000000000000000000110.$proc$/Users/yomna/Documents/projects/harts/rtl/priority_queue.v:81$776'.
No latch inferred for signal `$paramod\priority_queue\DEPTH=s32'00000000000000000000000000000110.\right_key_w[4]' from process `$paramod\priority_queue\DEPTH=s32'00000000000000000000000000000110.$proc$/Users/yomna/Documents/projects/harts/rtl/priority_queue.v:80$775'.
No latch inferred for signal `$paramod\priority_queue\DEPTH=s32'00000000000000000000000000000110.\right_id_w[4]' from process `$paramod\priority_queue\DEPTH=s32'00000000000000000000000000000110.$proc$/Users/yomna/Documents/projects/harts/rtl/priority_queue.v:79$774'.
No latch inferred for signal `$paramod\priority_queue\DEPTH=s32'00000000000000000000000000000110.\right_valid_w[3]' from process `$paramod\priority_queue\DEPTH=s32'00000000000000000000000000000110.$proc$/Users/yomna/Documents/projects/harts/rtl/priority_queue.v:81$773'.
No latch inferred for signal `$paramod\priority_queue\DEPTH=s32'00000000000000000000000000000110.\right_key_w[3]' from process `$paramod\priority_queue\DEPTH=s32'00000000000000000000000000000110.$proc$/Users/yomna/Documents/projects/harts/rtl/priority_queue.v:80$772'.
No latch inferred for signal `$paramod\priority_queue\DEPTH=s32'00000000000000000000000000000110.\right_id_w[3]' from process `$paramod\priority_queue\DEPTH=s32'00000000000000000000000000000110.$proc$/Users/yomna/Documents/projects/harts/rtl/priority_queue.v:79$771'.
No latch inferred for signal `$paramod\priority_queue\DEPTH=s32'00000000000000000000000000000110.\right_valid_w[2]' from process `$paramod\priority_queue\DEPTH=s32'00000000000000000000000000000110.$proc$/Users/yomna/Documents/projects/harts/rtl/priority_queue.v:81$770'.
No latch inferred for signal `$paramod\priority_queue\DEPTH=s32'00000000000000000000000000000110.\right_key_w[2]' from process `$paramod\priority_queue\DEPTH=s32'00000000000000000000000000000110.$proc$/Users/yomna/Documents/projects/harts/rtl/priority_queue.v:80$769'.
No latch inferred for signal `$paramod\priority_queue\DEPTH=s32'00000000000000000000000000000110.\right_id_w[2]' from process `$paramod\priority_queue\DEPTH=s32'00000000000000000000000000000110.$proc$/Users/yomna/Documents/projects/harts/rtl/priority_queue.v:79$768'.
No latch inferred for signal `$paramod\priority_queue\DEPTH=s32'00000000000000000000000000000110.\right_valid_w[1]' from process `$paramod\priority_queue\DEPTH=s32'00000000000000000000000000000110.$proc$/Users/yomna/Documents/projects/harts/rtl/priority_queue.v:81$767'.
No latch inferred for signal `$paramod\priority_queue\DEPTH=s32'00000000000000000000000000000110.\right_key_w[1]' from process `$paramod\priority_queue\DEPTH=s32'00000000000000000000000000000110.$proc$/Users/yomna/Documents/projects/harts/rtl/priority_queue.v:80$766'.
No latch inferred for signal `$paramod\priority_queue\DEPTH=s32'00000000000000000000000000000110.\right_id_w[1]' from process `$paramod\priority_queue\DEPTH=s32'00000000000000000000000000000110.$proc$/Users/yomna/Documents/projects/harts/rtl/priority_queue.v:79$765'.
No latch inferred for signal `$paramod\priority_queue\DEPTH=s32'00000000000000000000000000000110.\right_valid_w[0]' from process `$paramod\priority_queue\DEPTH=s32'00000000000000000000000000000110.$proc$/Users/yomna/Documents/projects/harts/rtl/priority_queue.v:81$764'.
No latch inferred for signal `$paramod\priority_queue\DEPTH=s32'00000000000000000000000000000110.\right_key_w[0]' from process `$paramod\priority_queue\DEPTH=s32'00000000000000000000000000000110.$proc$/Users/yomna/Documents/projects/harts/rtl/priority_queue.v:80$763'.
No latch inferred for signal `$paramod\priority_queue\DEPTH=s32'00000000000000000000000000000110.\right_id_w[0]' from process `$paramod\priority_queue\DEPTH=s32'00000000000000000000000000000110.$proc$/Users/yomna/Documents/projects/harts/rtl/priority_queue.v:79$762'.
No latch inferred for signal `$paramod\priority_queue\DEPTH=s32'00000000000000000000000000000110.\in_valid_w[5]' from process `$paramod\priority_queue\DEPTH=s32'00000000000000000000000000000110.$proc$/Users/yomna/Documents/projects/harts/rtl/priority_queue.v:76$761'.
No latch inferred for signal `$paramod\priority_queue\DEPTH=s32'00000000000000000000000000000110.\in_key_w[5]' from process `$paramod\priority_queue\DEPTH=s32'00000000000000000000000000000110.$proc$/Users/yomna/Documents/projects/harts/rtl/priority_queue.v:75$760'.
No latch inferred for signal `$paramod\priority_queue\DEPTH=s32'00000000000000000000000000000110.\in_id_w[5]' from process `$paramod\priority_queue\DEPTH=s32'00000000000000000000000000000110.$proc$/Users/yomna/Documents/projects/harts/rtl/priority_queue.v:74$759'.
No latch inferred for signal `$paramod\priority_queue\DEPTH=s32'00000000000000000000000000000110.\in_valid_w[4]' from process `$paramod\priority_queue\DEPTH=s32'00000000000000000000000000000110.$proc$/Users/yomna/Documents/projects/harts/rtl/priority_queue.v:76$758'.
No latch inferred for signal `$paramod\priority_queue\DEPTH=s32'00000000000000000000000000000110.\in_key_w[4]' from process `$paramod\priority_queue\DEPTH=s32'00000000000000000000000000000110.$proc$/Users/yomna/Documents/projects/harts/rtl/priority_queue.v:75$757'.
No latch inferred for signal `$paramod\priority_queue\DEPTH=s32'00000000000000000000000000000110.\in_id_w[4]' from process `$paramod\priority_queue\DEPTH=s32'00000000000000000000000000000110.$proc$/Users/yomna/Documents/projects/harts/rtl/priority_queue.v:74$756'.
No latch inferred for signal `$paramod\priority_queue\DEPTH=s32'00000000000000000000000000000110.\in_valid_w[3]' from process `$paramod\priority_queue\DEPTH=s32'00000000000000000000000000000110.$proc$/Users/yomna/Documents/projects/harts/rtl/priority_queue.v:76$755'.
No latch inferred for signal `$paramod\priority_queue\DEPTH=s32'00000000000000000000000000000110.\in_key_w[3]' from process `$paramod\priority_queue\DEPTH=s32'00000000000000000000000000000110.$proc$/Users/yomna/Documents/projects/harts/rtl/priority_queue.v:75$754'.
No latch inferred for signal `$paramod\priority_queue\DEPTH=s32'00000000000000000000000000000110.\in_id_w[3]' from process `$paramod\priority_queue\DEPTH=s32'00000000000000000000000000000110.$proc$/Users/yomna/Documents/projects/harts/rtl/priority_queue.v:74$753'.
No latch inferred for signal `$paramod\priority_queue\DEPTH=s32'00000000000000000000000000000110.\in_valid_w[2]' from process `$paramod\priority_queue\DEPTH=s32'00000000000000000000000000000110.$proc$/Users/yomna/Documents/projects/harts/rtl/priority_queue.v:76$752'.
No latch inferred for signal `$paramod\priority_queue\DEPTH=s32'00000000000000000000000000000110.\in_key_w[2]' from process `$paramod\priority_queue\DEPTH=s32'00000000000000000000000000000110.$proc$/Users/yomna/Documents/projects/harts/rtl/priority_queue.v:75$751'.
No latch inferred for signal `$paramod\priority_queue\DEPTH=s32'00000000000000000000000000000110.\in_id_w[2]' from process `$paramod\priority_queue\DEPTH=s32'00000000000000000000000000000110.$proc$/Users/yomna/Documents/projects/harts/rtl/priority_queue.v:74$750'.
No latch inferred for signal `$paramod\priority_queue\DEPTH=s32'00000000000000000000000000000110.\in_valid_w[1]' from process `$paramod\priority_queue\DEPTH=s32'00000000000000000000000000000110.$proc$/Users/yomna/Documents/projects/harts/rtl/priority_queue.v:76$749'.
No latch inferred for signal `$paramod\priority_queue\DEPTH=s32'00000000000000000000000000000110.\in_key_w[1]' from process `$paramod\priority_queue\DEPTH=s32'00000000000000000000000000000110.$proc$/Users/yomna/Documents/projects/harts/rtl/priority_queue.v:75$748'.
No latch inferred for signal `$paramod\priority_queue\DEPTH=s32'00000000000000000000000000000110.\in_id_w[1]' from process `$paramod\priority_queue\DEPTH=s32'00000000000000000000000000000110.$proc$/Users/yomna/Documents/projects/harts/rtl/priority_queue.v:74$747'.
No latch inferred for signal `$paramod\priority_queue\DEPTH=s32'00000000000000000000000000000110.\right_valid_w[5]' from process `$paramod\priority_queue\DEPTH=s32'00000000000000000000000000000110.$proc$/Users/yomna/Documents/projects/harts/rtl/priority_queue.v:69$746'.
No latch inferred for signal `$paramod\priority_queue\DEPTH=s32'00000000000000000000000000000110.\right_key_w[5]' from process `$paramod\priority_queue\DEPTH=s32'00000000000000000000000000000110.$proc$/Users/yomna/Documents/projects/harts/rtl/priority_queue.v:68$745'.
No latch inferred for signal `$paramod\priority_queue\DEPTH=s32'00000000000000000000000000000110.\right_id_w[5]' from process `$paramod\priority_queue\DEPTH=s32'00000000000000000000000000000110.$proc$/Users/yomna/Documents/projects/harts/rtl/priority_queue.v:67$744'.
No latch inferred for signal `$paramod\priority_queue\DEPTH=s32'00000000000000000000000000000110.\in_valid_w[0]' from process `$paramod\priority_queue\DEPTH=s32'00000000000000000000000000000110.$proc$/Users/yomna/Documents/projects/harts/rtl/priority_queue.v:64$743'.
No latch inferred for signal `$paramod\priority_queue\DEPTH=s32'00000000000000000000000000000110.\in_key_w[0]' from process `$paramod\priority_queue\DEPTH=s32'00000000000000000000000000000110.$proc$/Users/yomna/Documents/projects/harts/rtl/priority_queue.v:63$742'.
No latch inferred for signal `$paramod\priority_queue\DEPTH=s32'00000000000000000000000000000110.\in_id_w[0]' from process `$paramod\priority_queue\DEPTH=s32'00000000000000000000000000000110.$proc$/Users/yomna/Documents/projects/harts/rtl/priority_queue.v:62$741'.
No latch inferred for signal `$paramod$d56cb1bac4530b478e5fe6b879f66237171e2623\task_table.\rd_priority' from process `$paramod$d56cb1bac4530b478e5fe6b879f66237171e2623\task_table.$proc$/Users/yomna/Documents/projects/harts/rtl/task_table.v:78$594'.
No latch inferred for signal `$paramod$d56cb1bac4530b478e5fe6b879f66237171e2623\task_table.\rd_period' from process `$paramod$d56cb1bac4530b478e5fe6b879f66237171e2623\task_table.$proc$/Users/yomna/Documents/projects/harts/rtl/task_table.v:78$594'.
No latch inferred for signal `$paramod$d56cb1bac4530b478e5fe6b879f66237171e2623\task_table.\rd_deadline' from process `$paramod$d56cb1bac4530b478e5fe6b879f66237171e2623\task_table.$proc$/Users/yomna/Documents/projects/harts/rtl/task_table.v:78$594'.
No latch inferred for signal `$paramod$d56cb1bac4530b478e5fe6b879f66237171e2623\task_table.\rd_wcet' from process `$paramod$d56cb1bac4530b478e5fe6b879f66237171e2623\task_table.$proc$/Users/yomna/Documents/projects/harts/rtl/task_table.v:78$594'.
No latch inferred for signal `$paramod$d56cb1bac4530b478e5fe6b879f66237171e2623\task_table.\rd_type' from process `$paramod$d56cb1bac4530b478e5fe6b879f66237171e2623\task_table.$proc$/Users/yomna/Documents/projects/harts/rtl/task_table.v:78$594'.
No latch inferred for signal `$paramod$d56cb1bac4530b478e5fe6b879f66237171e2623\task_table.\rd_preemptable' from process `$paramod$d56cb1bac4530b478e5fe6b879f66237171e2623\task_table.$proc$/Users/yomna/Documents/projects/harts/rtl/task_table.v:78$594'.
No latch inferred for signal `$paramod$d56cb1bac4530b478e5fe6b879f66237171e2623\task_table.\rd_status' from process `$paramod$d56cb1bac4530b478e5fe6b879f66237171e2623\task_table.$proc$/Users/yomna/Documents/projects/harts/rtl/task_table.v:78$594'.
No latch inferred for signal `$paramod$d56cb1bac4530b478e5fe6b879f66237171e2623\task_table.\rd_abs_deadline' from process `$paramod$d56cb1bac4530b478e5fe6b879f66237171e2623\task_table.$proc$/Users/yomna/Documents/projects/harts/rtl/task_table.v:78$594'.
No latch inferred for signal `$paramod$d56cb1bac4530b478e5fe6b879f66237171e2623\task_table.\rd_remaining_wcet' from process `$paramod$d56cb1bac4530b478e5fe6b879f66237171e2623\task_table.$proc$/Users/yomna/Documents/projects/harts/rtl/task_table.v:78$594'.
No latch inferred for signal `$paramod$d56cb1bac4530b478e5fe6b879f66237171e2623\task_table.$mem2reg_rd$\priority_mem$/Users/yomna/Documents/projects/harts/rtl/task_table.v:80$511_ADDR' from process `$paramod$d56cb1bac4530b478e5fe6b879f66237171e2623\task_table.$proc$/Users/yomna/Documents/projects/harts/rtl/task_table.v:78$594'.
No latch inferred for signal `$paramod$d56cb1bac4530b478e5fe6b879f66237171e2623\task_table.$mem2reg_rd$\priority_mem$/Users/yomna/Documents/projects/harts/rtl/task_table.v:80$511_DATA' from process `$paramod$d56cb1bac4530b478e5fe6b879f66237171e2623\task_table.$proc$/Users/yomna/Documents/projects/harts/rtl/task_table.v:78$594'.
No latch inferred for signal `$paramod$d56cb1bac4530b478e5fe6b879f66237171e2623\task_table.$mem2reg_rd$\period_mem$/Users/yomna/Documents/projects/harts/rtl/task_table.v:81$512_ADDR' from process `$paramod$d56cb1bac4530b478e5fe6b879f66237171e2623\task_table.$proc$/Users/yomna/Documents/projects/harts/rtl/task_table.v:78$594'.
No latch inferred for signal `$paramod$d56cb1bac4530b478e5fe6b879f66237171e2623\task_table.$mem2reg_rd$\period_mem$/Users/yomna/Documents/projects/harts/rtl/task_table.v:81$512_DATA' from process `$paramod$d56cb1bac4530b478e5fe6b879f66237171e2623\task_table.$proc$/Users/yomna/Documents/projects/harts/rtl/task_table.v:78$594'.
No latch inferred for signal `$paramod$d56cb1bac4530b478e5fe6b879f66237171e2623\task_table.$mem2reg_rd$\deadline_mem$/Users/yomna/Documents/projects/harts/rtl/task_table.v:82$513_ADDR' from process `$paramod$d56cb1bac4530b478e5fe6b879f66237171e2623\task_table.$proc$/Users/yomna/Documents/projects/harts/rtl/task_table.v:78$594'.
No latch inferred for signal `$paramod$d56cb1bac4530b478e5fe6b879f66237171e2623\task_table.$mem2reg_rd$\deadline_mem$/Users/yomna/Documents/projects/harts/rtl/task_table.v:82$513_DATA' from process `$paramod$d56cb1bac4530b478e5fe6b879f66237171e2623\task_table.$proc$/Users/yomna/Documents/projects/harts/rtl/task_table.v:78$594'.
No latch inferred for signal `$paramod$d56cb1bac4530b478e5fe6b879f66237171e2623\task_table.$mem2reg_rd$\wcet_mem$/Users/yomna/Documents/projects/harts/rtl/task_table.v:83$514_ADDR' from process `$paramod$d56cb1bac4530b478e5fe6b879f66237171e2623\task_table.$proc$/Users/yomna/Documents/projects/harts/rtl/task_table.v:78$594'.
No latch inferred for signal `$paramod$d56cb1bac4530b478e5fe6b879f66237171e2623\task_table.$mem2reg_rd$\wcet_mem$/Users/yomna/Documents/projects/harts/rtl/task_table.v:83$514_DATA' from process `$paramod$d56cb1bac4530b478e5fe6b879f66237171e2623\task_table.$proc$/Users/yomna/Documents/projects/harts/rtl/task_table.v:78$594'.
No latch inferred for signal `$paramod$d56cb1bac4530b478e5fe6b879f66237171e2623\task_table.$mem2reg_rd$\type_mem$/Users/yomna/Documents/projects/harts/rtl/task_table.v:84$515_ADDR' from process `$paramod$d56cb1bac4530b478e5fe6b879f66237171e2623\task_table.$proc$/Users/yomna/Documents/projects/harts/rtl/task_table.v:78$594'.
No latch inferred for signal `$paramod$d56cb1bac4530b478e5fe6b879f66237171e2623\task_table.$mem2reg_rd$\type_mem$/Users/yomna/Documents/projects/harts/rtl/task_table.v:84$515_DATA' from process `$paramod$d56cb1bac4530b478e5fe6b879f66237171e2623\task_table.$proc$/Users/yomna/Documents/projects/harts/rtl/task_table.v:78$594'.
No latch inferred for signal `$paramod$d56cb1bac4530b478e5fe6b879f66237171e2623\task_table.$mem2reg_rd$\pre_mem$/Users/yomna/Documents/projects/harts/rtl/task_table.v:85$516_ADDR' from process `$paramod$d56cb1bac4530b478e5fe6b879f66237171e2623\task_table.$proc$/Users/yomna/Documents/projects/harts/rtl/task_table.v:78$594'.
No latch inferred for signal `$paramod$d56cb1bac4530b478e5fe6b879f66237171e2623\task_table.$mem2reg_rd$\pre_mem$/Users/yomna/Documents/projects/harts/rtl/task_table.v:85$516_DATA' from process `$paramod$d56cb1bac4530b478e5fe6b879f66237171e2623\task_table.$proc$/Users/yomna/Documents/projects/harts/rtl/task_table.v:78$594'.
No latch inferred for signal `$paramod$d56cb1bac4530b478e5fe6b879f66237171e2623\task_table.$mem2reg_rd$\status_mem$/Users/yomna/Documents/projects/harts/rtl/task_table.v:86$517_ADDR' from process `$paramod$d56cb1bac4530b478e5fe6b879f66237171e2623\task_table.$proc$/Users/yomna/Documents/projects/harts/rtl/task_table.v:78$594'.
No latch inferred for signal `$paramod$d56cb1bac4530b478e5fe6b879f66237171e2623\task_table.$mem2reg_rd$\status_mem$/Users/yomna/Documents/projects/harts/rtl/task_table.v:86$517_DATA' from process `$paramod$d56cb1bac4530b478e5fe6b879f66237171e2623\task_table.$proc$/Users/yomna/Documents/projects/harts/rtl/task_table.v:78$594'.
No latch inferred for signal `$paramod$d56cb1bac4530b478e5fe6b879f66237171e2623\task_table.$mem2reg_rd$\abs_deadline_mem$/Users/yomna/Documents/projects/harts/rtl/task_table.v:87$518_ADDR' from process `$paramod$d56cb1bac4530b478e5fe6b879f66237171e2623\task_table.$proc$/Users/yomna/Documents/projects/harts/rtl/task_table.v:78$594'.
No latch inferred for signal `$paramod$d56cb1bac4530b478e5fe6b879f66237171e2623\task_table.$mem2reg_rd$\abs_deadline_mem$/Users/yomna/Documents/projects/harts/rtl/task_table.v:87$518_DATA' from process `$paramod$d56cb1bac4530b478e5fe6b879f66237171e2623\task_table.$proc$/Users/yomna/Documents/projects/harts/rtl/task_table.v:78$594'.
No latch inferred for signal `$paramod$d56cb1bac4530b478e5fe6b879f66237171e2623\task_table.$mem2reg_rd$\remaining_wcet_mem$/Users/yomna/Documents/projects/harts/rtl/task_table.v:88$519_ADDR' from process `$paramod$d56cb1bac4530b478e5fe6b879f66237171e2623\task_table.$proc$/Users/yomna/Documents/projects/harts/rtl/task_table.v:78$594'.
No latch inferred for signal `$paramod$d56cb1bac4530b478e5fe6b879f66237171e2623\task_table.$mem2reg_rd$\remaining_wcet_mem$/Users/yomna/Documents/projects/harts/rtl/task_table.v:88$519_DATA' from process `$paramod$d56cb1bac4530b478e5fe6b879f66237171e2623\task_table.$proc$/Users/yomna/Documents/projects/harts/rtl/task_table.v:78$594'.
No latch inferred for signal `\harts_apb_slave.\PRDATA' from process `\harts_apb_slave.$proc$/Users/yomna/Documents/projects/harts/rtl/harts_apb_slave.v:95$483'.
No latch inferred for signal `\control_unit.\pq_enq_key' from process `\control_unit.$proc$/Users/yomna/Documents/projects/harts/rtl/control_unit.v:145$29'.
No latch inferred for signal `\control_unit.\tt_rd_id' from process `\control_unit.$proc$/Users/yomna/Documents/projects/harts/rtl/control_unit.v:145$29'.
No latch inferred for signal `\control_unit.\pq_eff_abs_deadline' from process `\control_unit.$proc$/Users/yomna/Documents/projects/harts/rtl/control_unit.v:145$29'.
No latch inferred for signal `\control_unit.\pq_eff_remaining_wcet' from process `\control_unit.$proc$/Users/yomna/Documents/projects/harts/rtl/control_unit.v:145$29'.
