
24. Executing PROC_DLATCH pass (convert process syncs to latches).
No latch inferred for signal `$paramod$d56cb1bac4530b478e5fe6b879f66237171e2623\task_table.\rd_priority' from process `$paramod$d56cb1bac4530b478e5fe6b879f66237171e2623\task_table.$proc$/Users/yomna/Documents/projects/harts/rtl/task_table.v:78$572'.
No latch inferred for signal `$paramod$d56cb1bac4530b478e5fe6b879f66237171e2623\task_table.\rd_period' from process `$paramod$d56cb1bac4530b478e5fe6b879f66237171e2623\task_table.$proc$/Users/yomna/Documents/projects/harts/rtl/task_table.v:78$572'.
No latch inferred for signal `$paramod$d56cb1bac4530b478e5fe6b879f66237171e2623\task_table.\rd_deadline' from process `$paramod$d56cb1bac4530b478e5fe6b879f66237171e2623\task_table.$proc$/Users/yomna/Documents/projects/harts/rtl/task_table.v:78$572'.
No latch inferred for signal `$paramod$d56cb1bac4530b478e5fe6b879f66237171e2623\task_table.\rd_wcet' from process `$paramod$d56cb1bac4530b478e5fe6b879f66237171e2623\task_table.$proc$/Users/yomna/Documents/projects/harts/rtl/task_table.v:78$572'.
No latch inferred for signal `$paramod$d56cb1bac4530b478e5fe6b879f66237171e2623\task_table.\rd_type' from process `$paramod$d56cb1bac4530b478e5fe6b879f66237171e2623\task_table.$proc$/Users/yomna/Documents/projects/harts/rtl/task_table.v:78$572'.
No latch inferred for signal `$paramod$d56cb1bac4530b478e5fe6b879f66237171e2623\task_table.\rd_preemptable' from process `$paramod$d56cb1bac4530b478e5fe6b879f66237171e2623\task_table.$proc$/Users/yomna/Documents/projects/harts/rtl/task_table.v:78$572'.
No latch inferred for signal `$paramod$d56cb1bac4530b478e5fe6b879f66237171e2623\task_table.\rd_status' from process `$paramod$d56cb1bac4530b478e5fe6b879f66237171e2623\task_table.$proc$/Users/yomna/Documents/projects/harts/rtl/task_table.v:78$572'.
No latch inferred for signal `$paramod$d56cb1bac4530b478e5fe6b879f66237171e2623\task_table.\rd_abs_deadline' from process `$paramod$d56cb1bac4530b478e5fe6b879f66237171e2623\task_table.$proc$/Users/yomna/Documents/projects/harts/rtl/task_table.v:78$572'.
No latch inferred for signal `$paramod$d56cb1bac4530b478e5fe6b879f66237171e2623\task_table.\rd_remaining_wcet' from process `$paramod$d56cb1bac4530b478e5fe6b879f66237171e2623\task_table.$proc$/Users/yomna/Documents/projects/harts/rtl/task_table.v:78$572'.
No latch inferred for signal `$paramod$d56cb1bac4530b478e5fe6b879f66237171e2623\task_table.$mem2reg_rd$\priority_mem$/Users/yomna/Documents/projects/harts/rtl/task_table.v:80$489_ADDR' from process `$paramod$d56cb1bac4530b478e5fe6b879f66237171e2623\task_table.$proc$/Users/yomna/Documents/projects/harts/rtl/task_table.v:78$572'.
No latch inferred for signal `$paramod$d56cb1bac4530b478e5fe6b879f66237171e2623\task_table.$mem2reg_rd$\priority_mem$/Users/yomna/Documents/projects/harts/rtl/task_table.v:80$489_DATA' from process `$paramod$d56cb1bac4530b478e5fe6b879f66237171e2623\task_table.$proc$/Users/yomna/Documents/projects/harts/rtl/task_table.v:78$572'.
No latch inferred for signal `$paramod$d56cb1bac4530b478e5fe6b879f66237171e2623\task_table.$mem2reg_rd$\period_mem$/Users/yomna/Documents/projects/harts/rtl/task_table.v:81$490_ADDR' from process `$paramod$d56cb1bac4530b478e5fe6b879f66237171e2623\task_table.$proc$/Users/yomna/Documents/projects/harts/rtl/task_table.v:78$572'.
No latch inferred for signal `$paramod$d56cb1bac4530b478e5fe6b879f66237171e2623\task_table.$mem2reg_rd$\period_mem$/Users/yomna/Documents/projects/harts/rtl/task_table.v:81$490_DATA' from process `$paramod$d56cb1bac4530b478e5fe6b879f66237171e2623\task_table.$proc$/Users/yomna/Documents/projects/harts/rtl/task_table.v:78$572'.
No latch inferred for signal `$paramod$d56cb1bac4530b478e5fe6b879f66237171e2623\task_table.$mem2reg_rd$\deadline_mem$/Users/yomna/Documents/projects/harts/rtl/task_table.v:82$491_ADDR' from process `$paramod$d56cb1bac4530b478e5fe6b879f66237171e2623\task_table.$proc$/Users/yomna/Documents/projects/harts/rtl/task_table.v:78$572'.
No latch inferred for signal `$paramod$d56cb1bac4530b478e5fe6b879f66237171e2623\task_table.$mem2reg_rd$\deadline_mem$/Users/yomna/Documents/projects/harts/rtl/task_table.v:82$491_DATA' from process `$paramod$d56cb1bac4530b478e5fe6b879f66237171e2623\task_table.$proc$/Users/yomna/Documents/projects/harts/rtl/task_table.v:78$572'.
No latch inferred for signal `$paramod$d56cb1bac4530b478e5fe6b879f66237171e2623\task_table.$mem2reg_rd$\wcet_mem$/Users/yomna/Documents/projects/harts/rtl/task_table.v:83$492_ADDR' from process `$paramod$d56cb1bac4530b478e5fe6b879f66237171e2623\task_table.$proc$/Users/yomna/Documents/projects/harts/rtl/task_table.v:78$572'.
No latch inferred for signal `$paramod$d56cb1bac4530b478e5fe6b879f66237171e2623\task_table.$mem2reg_rd$\wcet_mem$/Users/yomna/Documents/projects/harts/rtl/task_table.v:83$492_DATA' from process `$paramod$d56cb1bac4530b478e5fe6b879f66237171e2623\task_table.$proc$/Users/yomna/Documents/projects/harts/rtl/task_table.v:78$572'.
No latch inferred for signal `$paramod$d56cb1bac4530b478e5fe6b879f66237171e2623\task_table.$mem2reg_rd$\type_mem$/Users/yomna/Documents/projects/harts/rtl/task_table.v:84$493_ADDR' from process `$paramod$d56cb1bac4530b478e5fe6b879f66237171e2623\task_table.$proc$/Users/yomna/Documents/projects/harts/rtl/task_table.v:78$572'.
No latch inferred for signal `$paramod$d56cb1bac4530b478e5fe6b879f66237171e2623\task_table.$mem2reg_rd$\type_mem$/Users/yomna/Documents/projects/harts/rtl/task_table.v:84$493_DATA' from process `$paramod$d56cb1bac4530b478e5fe6b879f66237171e2623\task_table.$proc$/Users/yomna/Documents/projects/harts/rtl/task_table.v:78$572'.
No latch inferred for signal `$paramod$d56cb1bac4530b478e5fe6b879f66237171e2623\task_table.$mem2reg_rd$\pre_mem$/Users/yomna/Documents/projects/harts/rtl/task_table.v:85$494_ADDR' from process `$paramod$d56cb1bac4530b478e5fe6b879f66237171e2623\task_table.$proc$/Users/yomna/Documents/projects/harts/rtl/task_table.v:78$572'.
No latch inferred for signal `$paramod$d56cb1bac4530b478e5fe6b879f66237171e2623\task_table.$mem2reg_rd$\pre_mem$/Users/yomna/Documents/projects/harts/rtl/task_table.v:85$494_DATA' from process `$paramod$d56cb1bac4530b478e5fe6b879f66237171e2623\task_table.$proc$/Users/yomna/Documents/projects/harts/rtl/task_table.v:78$572'.
No latch inferred for signal `$paramod$d56cb1bac4530b478e5fe6b879f66237171e2623\task_table.$mem2reg_rd$\status_mem$/Users/yomna/Documents/projects/harts/rtl/task_table.v:86$495_ADDR' from process `$paramod$d56cb1bac4530b478e5fe6b879f66237171e2623\task_table.$proc$/Users/yomna/Documents/projects/harts/rtl/task_table.v:78$572'.
No latch inferred for signal `$paramod$d56cb1bac4530b478e5fe6b879f66237171e2623\task_table.$mem2reg_rd$\status_mem$/Users/yomna/Documents/projects/harts/rtl/task_table.v:86$495_DATA' from process `$paramod$d56cb1bac4530b478e5fe6b879f66237171e2623\task_table.$proc$/Users/yomna/Documents/projects/harts/rtl/task_table.v:78$572'.
No latch inferred for signal `$paramod$d56cb1bac4530b478e5fe6b879f66237171e2623\task_table.$mem2reg_rd$\abs_deadline_mem$/Users/yomna/Documents/projects/harts/rtl/task_table.v:87$496_ADDR' from process `$paramod$d56cb1bac4530b478e5fe6b879f66237171e2623\task_table.$proc$/Users/yomna/Documents/projects/harts/rtl/task_table.v:78$572'.
No latch inferred for signal `$paramod$d56cb1bac4530b478e5fe6b879f66237171e2623\task_table.$mem2reg_rd$\abs_deadline_mem$/Users/yomna/Documents/projects/harts/rtl/task_table.v:87$496_DATA' from process `$paramod$d56cb1bac4530b478e5fe6b879f66237171e2623\task_table.$proc$/Users/yomna/Documents/projects/harts/rtl/task_table.v:78$572'.
No latch inferred for signal `$paramod$d56cb1bac4530b478e5fe6b879f66237171e2623\task_table.$mem2reg_rd$\remaining_wcet_mem$/Users/yomna/Documents/projects/harts/rtl/task_table.v:88$497_ADDR' from process `$paramod$d56cb1bac4530b478e5fe6b879f66237171e2623\task_table.$proc$/Users/yomna/Documents/projects/harts/rtl/task_table.v:78$572'.
No latch inferred for signal `$paramod$d56cb1bac4530b478e5fe6b879f66237171e2623\task_table.$mem2reg_rd$\remaining_wcet_mem$/Users/yomna/Documents/projects/harts/rtl/task_table.v:88$497_DATA' from process `$paramod$d56cb1bac4530b478e5fe6b879f66237171e2623\task_table.$proc$/Users/yomna/Documents/projects/harts/rtl/task_table.v:78$572'.
No latch inferred for signal `\control_unit.\pq_enq_key' from process `\control_unit.$proc$/Users/yomna/Documents/projects/harts/rtl/control_unit.v:145$34'.
No latch inferred for signal `\control_unit.\tt_rd_id' from process `\control_unit.$proc$/Users/yomna/Documents/projects/harts/rtl/control_unit.v:145$34'.
No latch inferred for signal `\control_unit.\pq_eff_abs_deadline' from process `\control_unit.$proc$/Users/yomna/Documents/projects/harts/rtl/control_unit.v:145$34'.
No latch inferred for signal `\control_unit.\pq_eff_remaining_wcet' from process `\control_unit.$proc$/Users/yomna/Documents/projects/harts/rtl/control_unit.v:145$34'.
No latch inferred for signal `$paramod\priority_queue\DEPTH=s32'00000000000000000000000000000110.\pass_valid_w[5]' from process `$paramod\priority_queue\DEPTH=s32'00000000000000000000000000000110.$proc$/Users/yomna/Documents/projects/harts/rtl/priority_queue.v:103$790'.
No latch inferred for signal `$paramod\priority_queue\DEPTH=s32'00000000000000000000000000000110.\pass_key_w[5]' from process `$paramod\priority_queue\DEPTH=s32'00000000000000000000000000000110.$proc$/Users/yomna/Documents/projects/harts/rtl/priority_queue.v:102$789'.
No latch inferred for signal `$paramod\priority_queue\DEPTH=s32'00000000000000000000000000000110.\pass_id_w[5]' from process `$paramod\priority_queue\DEPTH=s32'00000000000000000000000000000110.$proc$/Users/yomna/Documents/projects/harts/rtl/priority_queue.v:101$788'.
No latch inferred for signal `$paramod\priority_queue\DEPTH=s32'00000000000000000000000000000110.\cell_valid_w[5]' from process `$paramod\priority_queue\DEPTH=s32'00000000000000000000000000000110.$proc$/Users/yomna/Documents/projects/harts/rtl/priority_queue.v:100$787'.
No latch inferred for signal `$paramod\priority_queue\DEPTH=s32'00000000000000000000000000000110.\cell_key_w[5]' from process `$paramod\priority_queue\DEPTH=s32'00000000000000000000000000000110.$proc$/Users/yomna/Documents/projects/harts/rtl/priority_queue.v:99$786'.
No latch inferred for signal `$paramod\priority_queue\DEPTH=s32'00000000000000000000000000000110.\cell_id_w[5]' from process `$paramod\priority_queue\DEPTH=s32'00000000000000000000000000000110.$proc$/Users/yomna/Documents/projects/harts/rtl/priority_queue.v:98$785'.
No latch inferred for signal `$paramod\priority_queue\DEPTH=s32'00000000000000000000000000000110.\pass_valid_w[4]' from process `$paramod\priority_queue\DEPTH=s32'00000000000000000000000000000110.$proc$/Users/yomna/Documents/projects/harts/rtl/priority_queue.v:103$784'.
No latch inferred for signal `$paramod\priority_queue\DEPTH=s32'00000000000000000000000000000110.\pass_key_w[4]' from process `$paramod\priority_queue\DEPTH=s32'00000000000000000000000000000110.$proc$/Users/yomna/Documents/projects/harts/rtl/priority_queue.v:102$783'.
No latch inferred for signal `$paramod\priority_queue\DEPTH=s32'00000000000000000000000000000110.\pass_id_w[4]' from process `$paramod\priority_queue\DEPTH=s32'00000000000000000000000000000110.$proc$/Users/yomna/Documents/projects/harts/rtl/priority_queue.v:101$782'.
No latch inferred for signal `$paramod\priority_queue\DEPTH=s32'00000000000000000000000000000110.\cell_valid_w[4]' from process `$paramod\priority_queue\DEPTH=s32'00000000000000000000000000000110.$proc$/Users/yomna/Documents/projects/harts/rtl/priority_queue.v:100$781'.
No latch inferred for signal `$paramod\priority_queue\DEPTH=s32'00000000000000000000000000000110.\cell_key_w[4]' from process `$paramod\priority_queue\DEPTH=s32'00000000000000000000000000000110.$proc$/Users/yomna/Documents/projects/harts/rtl/priority_queue.v:99$780'.
No latch inferred for signal `$paramod\priority_queue\DEPTH=s32'00000000000000000000000000000110.\cell_id_w[4]' from process `$paramod\priority_queue\DEPTH=s32'00000000000000000000000000000110.$proc$/Users/yomna/Documents/projects/harts/rtl/priority_queue.v:98$779'.
No latch inferred for signal `$paramod\priority_queue\DEPTH=s32'00000000000000000000000000000110.\pass_valid_w[3]' from process `$paramod\priority_queue\DEPTH=s32'00000000000000000000000000000110.$proc$/Users/yomna/Documents/projects/harts/rtl/priority_queue.v:103$778'.
No latch inferred for signal `$paramod\priority_queue\DEPTH=s32'00000000000000000000000000000110.\pass_key_w[3]' from process `$paramod\priority_queue\DEPTH=s32'00000000000000000000000000000110.$proc$/Users/yomna/Documents/projects/harts/rtl/priority_queue.v:102$777'.
No latch inferred for signal `$paramod\priority_queue\DEPTH=s32'00000000000000000000000000000110.\pass_id_w[3]' from process `$paramod\priority_queue\DEPTH=s32'00000000000000000000000000000110.$proc$/Users/yomna/Documents/projects/harts/rtl/priority_queue.v:101$776'.
No latch inferred for signal `$paramod\priority_queue\DEPTH=s32'00000000000000000000000000000110.\cell_valid_w[3]' from process `$paramod\priority_queue\DEPTH=s32'00000000000000000000000000000110.$proc$/Users/yomna/Documents/projects/harts/rtl/priority_queue.v:100$775'.
No latch inferred for signal `$paramod\priority_queue\DEPTH=s32'00000000000000000000000000000110.\cell_key_w[3]' from process `$paramod\priority_queue\DEPTH=s32'00000000000000000000000000000110.$proc$/Users/yomna/Documents/projects/harts/rtl/priority_queue.v:99$774'.
No latch inferred for signal `$paramod\priority_queue\DEPTH=s32'00000000000000000000000000000110.\cell_id_w[3]' from process `$paramod\priority_queue\DEPTH=s32'00000000000000000000000000000110.$proc$/Users/yomna/Documents/projects/harts/rtl/priority_queue.v:98$773'.
No latch inferred for signal `$paramod\priority_queue\DEPTH=s32'00000000000000000000000000000110.\pass_valid_w[2]' from process `$paramod\priority_queue\DEPTH=s32'00000000000000000000000000000110.$proc$/Users/yomna/Documents/projects/harts/rtl/priority_queue.v:103$772'.
No latch inferred for signal `$paramod\priority_queue\DEPTH=s32'00000000000000000000000000000110.\pass_key_w[2]' from process `$paramod\priority_queue\DEPTH=s32'00000000000000000000000000000110.$proc$/Users/yomna/Documents/projects/harts/rtl/priority_queue.v:102$771'.
No latch inferred for signal `$paramod\priority_queue\DEPTH=s32'00000000000000000000000000000110.\pass_id_w[2]' from process `$paramod\priority_queue\DEPTH=s32'00000000000000000000000000000110.$proc$/Users/yomna/Documents/projects/harts/rtl/priority_queue.v:101$770'.
No latch inferred for signal `$paramod\priority_queue\DEPTH=s32'00000000000000000000000000000110.\cell_valid_w[2]' from process `$paramod\priority_queue\DEPTH=s32'00000000000000000000000000000110.$proc$/Users/yomna/Documents/projects/harts/rtl/priority_queue.v:100$769'.
No latch inferred for signal `$paramod\priority_queue\DEPTH=s32'00000000000000000000000000000110.\cell_key_w[2]' from process `$paramod\priority_queue\DEPTH=s32'00000000000000000000000000000110.$proc$/Users/yomna/Documents/projects/harts/rtl/priority_queue.v:99$768'.
No latch inferred for signal `$paramod\priority_queue\DEPTH=s32'00000000000000000000000000000110.\cell_id_w[2]' from process `$paramod\priority_queue\DEPTH=s32'00000000000000000000000000000110.$proc$/Users/yomna/Documents/projects/harts/rtl/priority_queue.v:98$767'.
No latch inferred for signal `$paramod\priority_queue\DEPTH=s32'00000000000000000000000000000110.\pass_valid_w[1]' from process `$paramod\priority_queue\DEPTH=s32'00000000000000000000000000000110.$proc$/Users/yomna/Documents/projects/harts/rtl/priority_queue.v:103$766'.
No latch inferred for signal `$paramod\priority_queue\DEPTH=s32'00000000000000000000000000000110.\pass_key_w[1]' from process `$paramod\priority_queue\DEPTH=s32'00000000000000000000000000000110.$proc$/Users/yomna/Documents/projects/harts/rtl/priority_queue.v:102$765'.
No latch inferred for signal `$paramod\priority_queue\DEPTH=s32'00000000000000000000000000000110.\pass_id_w[1]' from process `$paramod\priority_queue\DEPTH=s32'00000000000000000000000000000110.$proc$/Users/yomna/Documents/projects/harts/rtl/priority_queue.v:101$764'.
No latch inferred for signal `$paramod\priority_queue\DEPTH=s32'00000000000000000000000000000110.\cell_valid_w[1]' from process `$paramod\priority_queue\DEPTH=s32'00000000000000000000000000000110.$proc$/Users/yomna/Documents/projects/harts/rtl/priority_queue.v:100$763'.
No latch inferred for signal `$paramod\priority_queue\DEPTH=s32'00000000000000000000000000000110.\cell_key_w[1]' from process `$paramod\priority_queue\DEPTH=s32'00000000000000000000000000000110.$proc$/Users/yomna/Documents/projects/harts/rtl/priority_queue.v:99$762'.
No latch inferred for signal `$paramod\priority_queue\DEPTH=s32'00000000000000000000000000000110.\cell_id_w[1]' from process `$paramod\priority_queue\DEPTH=s32'00000000000000000000000000000110.$proc$/Users/yomna/Documents/projects/harts/rtl/priority_queue.v:98$761'.
No latch inferred for signal `$paramod\priority_queue\DEPTH=s32'00000000000000000000000000000110.\pass_valid_w[0]' from process `$paramod\priority_queue\DEPTH=s32'00000000000000000000000000000110.$proc$/Users/yomna/Documents/projects/harts/rtl/priority_queue.v:103$760'.
No latch inferred for signal `$paramod\priority_queue\DEPTH=s32'00000000000000000000000000000110.\pass_key_w[0]' from process `$paramod\priority_queue\DEPTH=s32'00000000000000000000000000000110.$proc$/Users/yomna/Documents/projects/harts/rtl/priority_queue.v:102$759'.
No latch inferred for signal `$paramod\priority_queue\DEPTH=s32'00000000000000000000000000000110.\pass_id_w[0]' from process `$paramod\priority_queue\DEPTH=s32'00000000000000000000000000000110.$proc$/Users/yomna/Documents/projects/harts/rtl/priority_queue.v:101$758'.
No latch inferred for signal `$paramod\priority_queue\DEPTH=s32'00000000000000000000000000000110.\cell_valid_w[0]' from process `$paramod\priority_queue\DEPTH=s32'00000000000000000000000000000110.$proc$/Users/yomna/Documents/projects/harts/rtl/priority_queue.v:100$757'.
No latch inferred for signal `$paramod\priority_queue\DEPTH=s32'00000000000000000000000000000110.\cell_key_w[0]' from process `$paramod\priority_queue\DEPTH=s32'00000000000000000000000000000110.$proc$/Users/yomna/Documents/projects/harts/rtl/priority_queue.v:99$756'.
No latch inferred for signal `$paramod\priority_queue\DEPTH=s32'00000000000000000000000000000110.\cell_id_w[0]' from process `$paramod\priority_queue\DEPTH=s32'00000000000000000000000000000110.$proc$/Users/yomna/Documents/projects/harts/rtl/priority_queue.v:98$755'.
No latch inferred for signal `$paramod\priority_queue\DEPTH=s32'00000000000000000000000000000110.\right_valid_w[4]' from process `$paramod\priority_queue\DEPTH=s32'00000000000000000000000000000110.$proc$/Users/yomna/Documents/projects/harts/rtl/priority_queue.v:81$754'.
No latch inferred for signal `$paramod\priority_queue\DEPTH=s32'00000000000000000000000000000110.\right_key_w[4]' from process `$paramod\priority_queue\DEPTH=s32'00000000000000000000000000000110.$proc$/Users/yomna/Documents/projects/harts/rtl/priority_queue.v:80$753'.
No latch inferred for signal `$paramod\priority_queue\DEPTH=s32'00000000000000000000000000000110.\right_id_w[4]' from process `$paramod\priority_queue\DEPTH=s32'00000000000000000000000000000110.$proc$/Users/yomna/Documents/projects/harts/rtl/priority_queue.v:79$752'.
No latch inferred for signal `$paramod\priority_queue\DEPTH=s32'00000000000000000000000000000110.\right_valid_w[3]' from process `$paramod\priority_queue\DEPTH=s32'00000000000000000000000000000110.$proc$/Users/yomna/Documents/projects/harts/rtl/priority_queue.v:81$751'.
No latch inferred for signal `$paramod\priority_queue\DEPTH=s32'00000000000000000000000000000110.\right_key_w[3]' from process `$paramod\priority_queue\DEPTH=s32'00000000000000000000000000000110.$proc$/Users/yomna/Documents/projects/harts/rtl/priority_queue.v:80$750'.
No latch inferred for signal `$paramod\priority_queue\DEPTH=s32'00000000000000000000000000000110.\right_id_w[3]' from process `$paramod\priority_queue\DEPTH=s32'00000000000000000000000000000110.$proc$/Users/yomna/Documents/projects/harts/rtl/priority_queue.v:79$749'.
No latch inferred for signal `$paramod\priority_queue\DEPTH=s32'00000000000000000000000000000110.\right_valid_w[2]' from process `$paramod\priority_queue\DEPTH=s32'00000000000000000000000000000110.$proc$/Users/yomna/Documents/projects/harts/rtl/priority_queue.v:81$748'.
No latch inferred for signal `$paramod\priority_queue\DEPTH=s32'00000000000000000000000000000110.\right_key_w[2]' from process `$paramod\priority_queue\DEPTH=s32'00000000000000000000000000000110.$proc$/Users/yomna/Documents/projects/harts/rtl/priority_queue.v:80$747'.
No latch inferred for signal `$paramod\priority_queue\DEPTH=s32'00000000000000000000000000000110.\right_id_w[2]' from process `$paramod\priority_queue\DEPTH=s32'00000000000000000000000000000110.$proc$/Users/yomna/Documents/projects/harts/rtl/priority_queue.v:79$746'.
No latch inferred for signal `$paramod\priority_queue\DEPTH=s32'00000000000000000000000000000110.\right_valid_w[1]' from process `$paramod\priority_queue\DEPTH=s32'00000000000000000000000000000110.$proc$/Users/yomna/Documents/projects/harts/rtl/priority_queue.v:81$745'.
No latch inferred for signal `$paramod\priority_queue\DEPTH=s32'00000000000000000000000000000110.\right_key_w[1]' from process `$paramod\priority_queue\DEPTH=s32'00000000000000000000000000000110.$proc$/Users/yomna/Documents/projects/harts/rtl/priority_queue.v:80$744'.
No latch inferred for signal `$paramod\priority_queue\DEPTH=s32'00000000000000000000000000000110.\right_id_w[1]' from process `$paramod\priority_queue\DEPTH=s32'00000000000000000000000000000110.$proc$/Users/yomna/Documents/projects/harts/rtl/priority_queue.v:79$743'.
No latch inferred for signal `$paramod\priority_queue\DEPTH=s32'00000000000000000000000000000110.\right_valid_w[0]' from process `$paramod\priority_queue\DEPTH=s32'00000000000000000000000000000110.$proc$/Users/yomna/Documents/projects/harts/rtl/priority_queue.v:81$742'.
No latch inferred for signal `$paramod\priority_queue\DEPTH=s32'00000000000000000000000000000110.\right_key_w[0]' from process `$paramod\priority_queue\DEPTH=s32'00000000000000000000000000000110.$proc$/Users/yomna/Documents/projects/harts/rtl/priority_queue.v:80$741'.
No latch inferred for signal `$paramod\priority_queue\DEPTH=s32'00000000000000000000000000000110.\right_id_w[0]' from process `$paramod\priority_queue\DEPTH=s32'00000000000000000000000000000110.$proc$/Users/yomna/Documents/projects/harts/rtl/priority_queue.v:79$740'.
No latch inferred for signal `$paramod\priority_queue\DEPTH=s32'00000000000000000000000000000110.\in_valid_w[5]' from process `$paramod\priority_queue\DEPTH=s32'00000000000000000000000000000110.$proc$/Users/yomna/Documents/projects/harts/rtl/priority_queue.v:76$739'.
No latch inferred for signal `$paramod\priority_queue\DEPTH=s32'00000000000000000000000000000110.\in_key_w[5]' from process `$paramod\priority_queue\DEPTH=s32'00000000000000000000000000000110.$proc$/Users/yomna/Documents/projects/harts/rtl/priority_queue.v:75$738'.
No latch inferred for signal `$paramod\priority_queue\DEPTH=s32'00000000000000000000000000000110.\in_id_w[5]' from process `$paramod\priority_queue\DEPTH=s32'00000000000000000000000000000110.$proc$/Users/yomna/Documents/projects/harts/rtl/priority_queue.v:74$737'.
No latch inferred for signal `$paramod\priority_queue\DEPTH=s32'00000000000000000000000000000110.\in_valid_w[4]' from process `$paramod\priority_queue\DEPTH=s32'00000000000000000000000000000110.$proc$/Users/yomna/Documents/projects/harts/rtl/priority_queue.v:76$736'.
No latch inferred for signal `$paramod\priority_queue\DEPTH=s32'00000000000000000000000000000110.\in_key_w[4]' from process `$paramod\priority_queue\DEPTH=s32'00000000000000000000000000000110.$proc$/Users/yomna/Documents/projects/harts/rtl/priority_queue.v:75$735'.
No latch inferred for signal `$paramod\priority_queue\DEPTH=s32'00000000000000000000000000000110.\in_id_w[4]' from process `$paramod\priority_queue\DEPTH=s32'00000000000000000000000000000110.$proc$/Users/yomna/Documents/projects/harts/rtl/priority_queue.v:74$734'.
No latch inferred for signal `$paramod\priority_queue\DEPTH=s32'00000000000000000000000000000110.\in_valid_w[3]' from process `$paramod\priority_queue\DEPTH=s32'00000000000000000000000000000110.$proc$/Users/yomna/Documents/projects/harts/rtl/priority_queue.v:76$733'.
No latch inferred for signal `$paramod\priority_queue\DEPTH=s32'00000000000000000000000000000110.\in_key_w[3]' from process `$paramod\priority_queue\DEPTH=s32'00000000000000000000000000000110.$proc$/Users/yomna/Documents/projects/harts/rtl/priority_queue.v:75$732'.
No latch inferred for signal `$paramod\priority_queue\DEPTH=s32'00000000000000000000000000000110.\in_id_w[3]' from process `$paramod\priority_queue\DEPTH=s32'00000000000000000000000000000110.$proc$/Users/yomna/Documents/projects/harts/rtl/priority_queue.v:74$731'.
No latch inferred for signal `$paramod\priority_queue\DEPTH=s32'00000000000000000000000000000110.\in_valid_w[2]' from process `$paramod\priority_queue\DEPTH=s32'00000000000000000000000000000110.$proc$/Users/yomna/Documents/projects/harts/rtl/priority_queue.v:76$730'.
No latch inferred for signal `$paramod\priority_queue\DEPTH=s32'00000000000000000000000000000110.\in_key_w[2]' from process `$paramod\priority_queue\DEPTH=s32'00000000000000000000000000000110.$proc$/Users/yomna/Documents/projects/harts/rtl/priority_queue.v:75$729'.
No latch inferred for signal `$paramod\priority_queue\DEPTH=s32'00000000000000000000000000000110.\in_id_w[2]' from process `$paramod\priority_queue\DEPTH=s32'00000000000000000000000000000110.$proc$/Users/yomna/Documents/projects/harts/rtl/priority_queue.v:74$728'.
No latch inferred for signal `$paramod\priority_queue\DEPTH=s32'00000000000000000000000000000110.\in_valid_w[1]' from process `$paramod\priority_queue\DEPTH=s32'00000000000000000000000000000110.$proc$/Users/yomna/Documents/projects/harts/rtl/priority_queue.v:76$727'.
No latch inferred for signal `$paramod\priority_queue\DEPTH=s32'00000000000000000000000000000110.\in_key_w[1]' from process `$paramod\priority_queue\DEPTH=s32'00000000000000000000000000000110.$proc$/Users/yomna/Documents/projects/harts/rtl/priority_queue.v:75$726'.
No latch inferred for signal `$paramod\priority_queue\DEPTH=s32'00000000000000000000000000000110.\in_id_w[1]' from process `$paramod\priority_queue\DEPTH=s32'00000000000000000000000000000110.$proc$/Users/yomna/Documents/projects/harts/rtl/priority_queue.v:74$725'.
No latch inferred for signal `$paramod\priority_queue\DEPTH=s32'00000000000000000000000000000110.\right_valid_w[5]' from process `$paramod\priority_queue\DEPTH=s32'00000000000000000000000000000110.$proc$/Users/yomna/Documents/projects/harts/rtl/priority_queue.v:69$724'.
No latch inferred for signal `$paramod\priority_queue\DEPTH=s32'00000000000000000000000000000110.\right_key_w[5]' from process `$paramod\priority_queue\DEPTH=s32'00000000000000000000000000000110.$proc$/Users/yomna/Documents/projects/harts/rtl/priority_queue.v:68$723'.
No latch inferred for signal `$paramod\priority_queue\DEPTH=s32'00000000000000000000000000000110.\right_id_w[5]' from process `$paramod\priority_queue\DEPTH=s32'00000000000000000000000000000110.$proc$/Users/yomna/Documents/projects/harts/rtl/priority_queue.v:67$722'.
No latch inferred for signal `$paramod\priority_queue\DEPTH=s32'00000000000000000000000000000110.\in_valid_w[0]' from process `$paramod\priority_queue\DEPTH=s32'00000000000000000000000000000110.$proc$/Users/yomna/Documents/projects/harts/rtl/priority_queue.v:64$721'.
No latch inferred for signal `$paramod\priority_queue\DEPTH=s32'00000000000000000000000000000110.\in_key_w[0]' from process `$paramod\priority_queue\DEPTH=s32'00000000000000000000000000000110.$proc$/Users/yomna/Documents/projects/harts/rtl/priority_queue.v:63$720'.
No latch inferred for signal `$paramod\priority_queue\DEPTH=s32'00000000000000000000000000000110.\in_id_w[0]' from process `$paramod\priority_queue\DEPTH=s32'00000000000000000000000000000110.$proc$/Users/yomna/Documents/projects/harts/rtl/priority_queue.v:62$719'.
