153. Printing statistics.

=== hw_scheduler_top ===

        +----------Local Count, excluding submodules.
        |        +-Local Area, excluding submodules.
        |        | 
    14916        - wires
    14923        - wire bits
     2870        - public wires
     2877        - public wire bits
       11        - ports
       18        - port bits
    14908 1.86E+05 cells
       79  988.448   sky130_fd_sc_hd__a2111o_2
        7  105.101   sky130_fd_sc_hd__a2111oi_2
      440  4.4E+03   sky130_fd_sc_hd__a211o_2
      134 1.68E+03   sky130_fd_sc_hd__a211oi_2
       40  400.384   sky130_fd_sc_hd__a21bo_2
       28  315.302   sky130_fd_sc_hd__a21boi_2
      645 5.65E+03   sky130_fd_sc_hd__a21o_2
      504 4.41E+03   sky130_fd_sc_hd__a21oi_2
      413  4650.71   sky130_fd_sc_hd__a221o_2
       26  390.374   sky130_fd_sc_hd__a221oi_2
     2158 2.16E+04   sky130_fd_sc_hd__a22o_2
       35   437.92   sky130_fd_sc_hd__a22oi_2
      114 1.28E+03   sky130_fd_sc_hd__a2bb2o_2
        8   90.086   sky130_fd_sc_hd__a311o_2
        1   15.014   sky130_fd_sc_hd__a311oi_2
      162 1.42E+03   sky130_fd_sc_hd__a31o_2
        8  100.096   sky130_fd_sc_hd__a31oi_2
      127 1.43E+03   sky130_fd_sc_hd__a32o_2
        2   22.522   sky130_fd_sc_hd__a41o_2
      480  3.6E+03   sky130_fd_sc_hd__and2_2
       70  613.088   sky130_fd_sc_hd__and2b_2
      136 1.02E+03   sky130_fd_sc_hd__and3_2
       22  220.211   sky130_fd_sc_hd__and3b_2
       24   240.23   sky130_fd_sc_hd__and4_2
        4   45.043   sky130_fd_sc_hd__and4b_2
       13  162.656   sky130_fd_sc_hd__and4bb_2
        1    3.754   sky130_fd_sc_hd__conb_1
     2711 7.12E+04   sky130_fd_sc_hd__dfrtp_2
       22  578.054   sky130_fd_sc_hd__dfstp_2
      129 2.74E+03   sky130_fd_sc_hd__dfxtp_2
      290 1.09E+03   sky130_fd_sc_hd__inv_2
     1047 1.18E+04   sky130_fd_sc_hd__mux2_1
      753 4.71E+03   sky130_fd_sc_hd__nand2_2
       43  376.611   sky130_fd_sc_hd__nand2b_2
       18  180.173   sky130_fd_sc_hd__nand3_2
        5   56.304   sky130_fd_sc_hd__nand3b_2
        2   25.024   sky130_fd_sc_hd__nand4_2
        1   15.014   sky130_fd_sc_hd__nand4b_2
      687  4.3E+03   sky130_fd_sc_hd__nor2_2
       38  380.365   sky130_fd_sc_hd__nor3_2
        3   37.536   sky130_fd_sc_hd__nor3b_2
       14  175.168   sky130_fd_sc_hd__nor4_2
        4   60.058   sky130_fd_sc_hd__nor4b_2
       22  275.264   sky130_fd_sc_hd__o2111a_2
        4   60.058   sky130_fd_sc_hd__o2111ai_2
      585 5.86E+03   sky130_fd_sc_hd__o211a_2
       16  200.192   sky130_fd_sc_hd__o211ai_2
      311 2.72E+03   sky130_fd_sc_hd__o21a_2
      305 2.67E+03   sky130_fd_sc_hd__o21ai_2
       59  590.566   sky130_fd_sc_hd__o21ba_2
       12   135.13   sky130_fd_sc_hd__o21bai_2
      208 2.34E+03   sky130_fd_sc_hd__o221a_2
        3   45.043   sky130_fd_sc_hd__o221ai_2
      244 2.44E+03   sky130_fd_sc_hd__o22a_2
       40   500.48   sky130_fd_sc_hd__o22ai_2
       48  540.518   sky130_fd_sc_hd__o2bb2a_2
       17  191.434   sky130_fd_sc_hd__o311a_2
        3   48.797   sky130_fd_sc_hd__o311ai_2
       48  480.461   sky130_fd_sc_hd__o31a_2
       16  200.192   sky130_fd_sc_hd__o31ai_2
       30  337.824   sky130_fd_sc_hd__o32a_2
        7  113.859   sky130_fd_sc_hd__o32ai_2
        7   87.584   sky130_fd_sc_hd__o41a_2
      652 4.08E+03   sky130_fd_sc_hd__or2_2
      173  1.3E+03   sky130_fd_sc_hd__or3_2
       48  420.403   sky130_fd_sc_hd__or3b_2
      281  2461.11   sky130_fd_sc_hd__or4_2
       30  300.288   sky130_fd_sc_hd__or4b_2
        4   50.048   sky130_fd_sc_hd__or4bb_2
      168 2.73E+03   sky130_fd_sc_hd__xnor2_2
      119 1.94E+03   sky130_fd_sc_hd__xor2_2

   Chip area for module '\hw_scheduler_top': 186171.052800
     of which used for sequential elements: 74554.003200 (40.05%)

