Total number of Clock Roots: 1.
Total number of Buffers Inserted: 357.
Total number of Clock Subnets: 357.
Total number of Sinks: 2860.
Cells used:
  sky130_fd_sc_hd__clkbuf_8: 324
  sky130_fd_sc_hd__clkbuf_16: 33
Dummys used:
  sky130_fd_sc_hd__bufinv_16: 22
  sky130_fd_sc_hd__clkbuf_4: 107
  sky130_fd_sc_hd__clkbuf_8: 77
  sky130_fd_sc_hd__clkinv_1: 3
  sky130_fd_sc_hd__clkinv_2: 27
  sky130_fd_sc_hd__clkinv_4: 4
  sky130_fd_sc_hd__clkinv_8: 4
  sky130_fd_sc_hd__clkinvlp_4: 5
  sky130_fd_sc_hd__inv_4: 12
  sky130_fd_sc_hd__inv_6: 8
  sky130_fd_sc_hd__inv_8: 6
  sky130_fd_sc_hd__inv_12: 3
  sky130_fd_sc_hd__inv_16: 1
