Reading timing models for corner max_tt_025C_1v80…
Reading timing library for the 'max_tt_025C_1v80' corner at '/Users/yomna/.ciel/ciel/sky130/versions/8afc8346a57fe1ab7934ba5a6056ea8b43078e71/sky130A/libs.ref/sky130_fd_sc_hd/lib/sky130_fd_sc_hd__tt_025C_1v80.lib'…
Reading timing models for corner min_ss_100C_1v60…
Reading timing library for the 'min_ss_100C_1v60' corner at '/Users/yomna/.ciel/ciel/sky130/versions/8afc8346a57fe1ab7934ba5a6056ea8b43078e71/sky130A/libs.ref/sky130_fd_sc_hd/lib/sky130_fd_sc_hd__ss_100C_1v60.lib'…
Reading timing models for corner nom_tt_025C_1v80…
Reading timing library for the 'nom_tt_025C_1v80' corner at '/Users/yomna/.ciel/ciel/sky130/versions/8afc8346a57fe1ab7934ba5a6056ea8b43078e71/sky130A/libs.ref/sky130_fd_sc_hd/lib/sky130_fd_sc_hd__tt_025C_1v80.lib'…
[WARNING STA-1140] /Users/yomna/.ciel/ciel/sky130/versions/8afc8346a57fe1ab7934ba5a6056ea8b43078e71/sky130A/libs.ref/sky130_fd_sc_hd/lib/sky130_fd_sc_hd__tt_025C_1v80.lib line 1, library sky130_fd_sc_hd__tt_025C_1v80 already exists.
Reading timing models for corner max_ff_n40C_1v95…
Reading timing library for the 'max_ff_n40C_1v95' corner at '/Users/yomna/.ciel/ciel/sky130/versions/8afc8346a57fe1ab7934ba5a6056ea8b43078e71/sky130A/libs.ref/sky130_fd_sc_hd/lib/sky130_fd_sc_hd__ff_n40C_1v95.lib'…
Reading timing models for corner nom_ff_n40C_1v95…
Reading timing library for the 'nom_ff_n40C_1v95' corner at '/Users/yomna/.ciel/ciel/sky130/versions/8afc8346a57fe1ab7934ba5a6056ea8b43078e71/sky130A/libs.ref/sky130_fd_sc_hd/lib/sky130_fd_sc_hd__ff_n40C_1v95.lib'…
[WARNING STA-1140] /Users/yomna/.ciel/ciel/sky130/versions/8afc8346a57fe1ab7934ba5a6056ea8b43078e71/sky130A/libs.ref/sky130_fd_sc_hd/lib/sky130_fd_sc_hd__ff_n40C_1v95.lib line 1, library sky130_fd_sc_hd__ff_n40C_1v95 already exists.
Reading timing models for corner max_ss_100C_1v60…
Reading timing library for the 'max_ss_100C_1v60' corner at '/Users/yomna/.ciel/ciel/sky130/versions/8afc8346a57fe1ab7934ba5a6056ea8b43078e71/sky130A/libs.ref/sky130_fd_sc_hd/lib/sky130_fd_sc_hd__ss_100C_1v60.lib'…
[WARNING STA-1140] /Users/yomna/.ciel/ciel/sky130/versions/8afc8346a57fe1ab7934ba5a6056ea8b43078e71/sky130A/libs.ref/sky130_fd_sc_hd/lib/sky130_fd_sc_hd__ss_100C_1v60.lib line 1, library sky130_fd_sc_hd__ss_100C_1v60 already exists.
Reading timing models for corner min_tt_025C_1v80…
Reading timing library for the 'min_tt_025C_1v80' corner at '/Users/yomna/.ciel/ciel/sky130/versions/8afc8346a57fe1ab7934ba5a6056ea8b43078e71/sky130A/libs.ref/sky130_fd_sc_hd/lib/sky130_fd_sc_hd__tt_025C_1v80.lib'…
[WARNING STA-1140] /Users/yomna/.ciel/ciel/sky130/versions/8afc8346a57fe1ab7934ba5a6056ea8b43078e71/sky130A/libs.ref/sky130_fd_sc_hd/lib/sky130_fd_sc_hd__tt_025C_1v80.lib line 1, library sky130_fd_sc_hd__tt_025C_1v80 already exists.
Reading timing models for corner nom_ss_100C_1v60…
Reading timing library for the 'nom_ss_100C_1v60' corner at '/Users/yomna/.ciel/ciel/sky130/versions/8afc8346a57fe1ab7934ba5a6056ea8b43078e71/sky130A/libs.ref/sky130_fd_sc_hd/lib/sky130_fd_sc_hd__ss_100C_1v60.lib'…
[WARNING STA-1140] /Users/yomna/.ciel/ciel/sky130/versions/8afc8346a57fe1ab7934ba5a6056ea8b43078e71/sky130A/libs.ref/sky130_fd_sc_hd/lib/sky130_fd_sc_hd__ss_100C_1v60.lib line 1, library sky130_fd_sc_hd__ss_100C_1v60 already exists.
Reading timing models for corner min_ff_n40C_1v95…
Reading timing library for the 'min_ff_n40C_1v95' corner at '/Users/yomna/.ciel/ciel/sky130/versions/8afc8346a57fe1ab7934ba5a6056ea8b43078e71/sky130A/libs.ref/sky130_fd_sc_hd/lib/sky130_fd_sc_hd__ff_n40C_1v95.lib'…
[WARNING STA-1140] /Users/yomna/.ciel/ciel/sky130/versions/8afc8346a57fe1ab7934ba5a6056ea8b43078e71/sky130A/libs.ref/sky130_fd_sc_hd/lib/sky130_fd_sc_hd__ff_n40C_1v95.lib line 1, library sky130_fd_sc_hd__ff_n40C_1v95 already exists.
Reading OpenROAD database at '/Users/yomna/Documents/projects/harts/flow/openlane/runs/classic-flow/36-openroad-detailedplacement/hw_scheduler_top.odb'…
Reading design constraints file at '/Users/yomna/Documents/projects/harts/flow/openlane/sdc/hw_scheduler_top_pnr.sdc'…
[INFO]: Creating clock {clk} for port clk with period: 25
[INFO]: Setting clock uncertainty to: 0.12
[INFO]: Source clock latency 0 (macro boundary)
[INFO] Configuring cts characterization…
+ configure_cts_characterization 
[INFO] Performing clock tree synthesis…
[INFO] Looking for the following net(s): clk
[INFO] Running Clock Tree Synthesis…
+ clock_tree_synthesis -buf_list sky130_fd_sc_hd__clkbuf_8 sky130_fd_sc_hd__clkbuf_4 sky130_fd_sc_hd__clkbuf_2 -root_buf sky130_fd_sc_hd__clkbuf_16 -sink_clustering_enable -apply_ndr full
[INFO CTS-0050] Root buffer is sky130_fd_sc_hd__clkbuf_16.
[INFO CTS-0051] Sink buffer is sky130_fd_sc_hd__clkbuf_8.
[INFO CTS-0052] The following clock buffers will be used for CTS:
                    sky130_fd_sc_hd__clkbuf_2
                    sky130_fd_sc_hd__clkbuf_4
                    sky130_fd_sc_hd__clkbuf_8
[INFO CTS-0049] Characterization buffer is sky130_fd_sc_hd__clkbuf_8.
[INFO CTS-0007] Net "clk" found for clock "clk".
[INFO CTS-0010]  Clock net "clk" has 2860 sinks.
[INFO CTS-0008] TritonCTS found 1 clock nets.
[INFO CTS-0097] Characterization used 3 buffer(s) types.
[INFO CTS-0201] 0 blockages from hard placement blockages and placed macros will be used.
[INFO CTS-0027] Generating H-Tree topology for net clk.
[INFO CTS-0028]  Total number of sinks: 2860.
[INFO CTS-0090]  Sinks will be clustered based on buffer max cap.
[INFO CTS-0030]  Number of static layers: 0.
[INFO CTS-0020]  Wire segment unit: 13600  dbu (13 um).
[INFO CTS-0206] Best clustering solution was found from clustering size of 16 and clustering diameter of 50.
[INFO CTS-0019]  Total number of sinks after clustering: 320.
[INFO CTS-0024]  Normalized sink region: [(1.00037, 1.28176), (58.475, 60.6)].
[INFO CTS-0025]     Width:  57.4746.
[INFO CTS-0026]     Height: 59.3182.
 Level 1
    Direction: Vertical
    Sinks per sub-region: 160
    Sub-region size: 57.4746 X 29.6591
[INFO CTS-0034]     Segment length (rounded): 14.
 Level 2
    Direction: Horizontal
    Sinks per sub-region: 80
    Sub-region size: 28.7373 X 29.6591
[INFO CTS-0034]     Segment length (rounded): 14.
 Level 3
    Direction: Vertical
    Sinks per sub-region: 40
    Sub-region size: 28.7373 X 14.8296
[INFO CTS-0034]     Segment length (rounded): 8.
 Level 4
    Direction: Horizontal
    Sinks per sub-region: 20
    Sub-region size: 14.3687 X 14.8296
[INFO CTS-0034]     Segment length (rounded): 8.
 Level 5
    Direction: Vertical
    Sinks per sub-region: 10
    Sub-region size: 14.3687 X 7.4148
[INFO CTS-0034]     Segment length (rounded): 4.
[INFO CTS-0032]  Stop criterion found. Max number of sinks is 15.
[INFO CTS-0035]  Number of sinks covered: 320.
[INFO CTS-0018]     Created 357 clock buffers.
[INFO CTS-0012]     Minimum number of buffers in the clock path: 4.
[INFO CTS-0013]     Maximum number of buffers in the clock path: 4.
[INFO CTS-0015]     Created 357 clock nets.
[INFO CTS-0016]     Fanout distribution for the current clock = 4:3, 5:6, 6:26, 7:32, 8:48, 9:73, 10:118, 11:34, 12:5, 13:1, 14:3, 15:1, 16:1, 17:1..
[INFO CTS-0017]     Max level of the clock tree: 5.
[INFO CTS-0098] Clock net "clk"
[INFO CTS-0099]  Sinks 3139
[INFO CTS-0100]  Leaf buffers 320
[INFO CTS-0101]  Average sink wire length 1365.62 um
[INFO CTS-0102]  Path depth 3 - 4
[INFO CTS-0207]  Dummy loads inserted 279
[INFO] Repairing long wires on clock nets…
[INFO RSZ-0058] Using max wire length 6884um.
Setting global connections for newly added cells…
[INFO] Setting global connections...
[INFO ODB-0403] 2544 connections made, 0 conflicts skipped.
Updating metrics…
Cell type report:                       Count       Area
  Fill cell                               602    2259.67
  Tap cell                               9544   11941.45
  Buffer                                 2847   13510.46
  Clock buffer                            541    7148.11
  Timing Repair Buffer                   1941   16630.95
  Inverter                               2201    8992.37
  Clock inverter                           95    1226.18
  Sequential cell                        2860   74503.96
  Multi-Input combinational cell        16407  139204.76
  Total                                 37038  275417.90
Writing OpenROAD database to '/Users/yomna/Documents/projects/harts/flow/openlane/runs/classic-flow/37-openroad-cts/hw_scheduler_top.odb'…
Writing netlist to '/Users/yomna/Documents/projects/harts/flow/openlane/runs/classic-flow/37-openroad-cts/hw_scheduler_top.nl.v'…
Writing powered netlist to '/Users/yomna/Documents/projects/harts/flow/openlane/runs/classic-flow/37-openroad-cts/hw_scheduler_top.pnl.v'…
Writing layout to '/Users/yomna/Documents/projects/harts/flow/openlane/runs/classic-flow/37-openroad-cts/hw_scheduler_top.def'…
Writing timing constraints to '/Users/yomna/Documents/projects/harts/flow/openlane/runs/classic-flow/37-openroad-cts/hw_scheduler_top.sdc'…
[INFO] Legalizing…
+ detailed_placement -max_displacement  500 100 
Placement Analysis
---------------------------------
total displacement       3817.3 u
average displacement        0.1 u
max displacement            9.6 u
original HPWL         1069975.7 u
legalized HPWL        1085650.5 u
delta HPWL                    1 %

[INFO DPL-0020] Mirrored 9686 instances
[INFO DPL-0021] HPWL before          1085650.5 u
[INFO DPL-0022] HPWL after           1071527.3 u
[INFO DPL-0023] HPWL delta               -1.3 %
Setting global connections for newly added cells…
[INFO] Setting global connections...
[INFO ODB-0403] 0 connections made, 0 conflicts skipped.
Updating metrics…
Cell type report:                       Count       Area
  Fill cell                               602    2259.67
  Tap cell                               9544   11941.45
  Buffer                                 2847   13510.46
  Clock buffer                            541    7148.11
  Timing Repair Buffer                   1941   16630.95
  Inverter                               2201    8992.37
  Clock inverter                           95    1226.18
  Sequential cell                        2860   74503.96
  Multi-Input combinational cell        16407  139204.76
  Total                                 37038  275417.90
Writing OpenROAD database to '/Users/yomna/Documents/projects/harts/flow/openlane/runs/classic-flow/37-openroad-cts/hw_scheduler_top.odb'…
Writing netlist to '/Users/yomna/Documents/projects/harts/flow/openlane/runs/classic-flow/37-openroad-cts/hw_scheduler_top.nl.v'…
Writing powered netlist to '/Users/yomna/Documents/projects/harts/flow/openlane/runs/classic-flow/37-openroad-cts/hw_scheduler_top.pnl.v'…
Writing layout to '/Users/yomna/Documents/projects/harts/flow/openlane/runs/classic-flow/37-openroad-cts/hw_scheduler_top.def'…
Writing timing constraints to '/Users/yomna/Documents/projects/harts/flow/openlane/runs/classic-flow/37-openroad-cts/hw_scheduler_top.sdc'…
%OL_CREATE_REPORT cts.rpt
Total number of Clock Roots: 1.
Total number of Buffers Inserted: 357.
Total number of Clock Subnets: 357.
Total number of Sinks: 2860.
Cells used:
  sky130_fd_sc_hd__clkbuf_8: 324
  sky130_fd_sc_hd__clkbuf_16: 33
Dummys used:
  sky130_fd_sc_hd__bufinv_16: 22
  sky130_fd_sc_hd__clkbuf_4: 107
  sky130_fd_sc_hd__clkbuf_8: 77
  sky130_fd_sc_hd__clkinv_1: 3
  sky130_fd_sc_hd__clkinv_2: 27
  sky130_fd_sc_hd__clkinv_4: 4
  sky130_fd_sc_hd__clkinv_8: 4
  sky130_fd_sc_hd__clkinvlp_4: 5
  sky130_fd_sc_hd__inv_4: 12
  sky130_fd_sc_hd__inv_6: 8
  sky130_fd_sc_hd__inv_8: 6
  sky130_fd_sc_hd__inv_12: 3
  sky130_fd_sc_hd__inv_16: 1
%OL_END_REPORT
