Clock: clk
Sources: clk 
Generated: no
Virtual: no
Propagated: no
Period: 25.000000

===========================================================================
report_clock_properties
============================================================================
Clock                   Period          Waveform
----------------------------------------------------
clk                  25.000000    0.000000 12.500000

===========================================================================
report_clock_latency
============================================================================
Clock clk
rise -> rise
    min     max
0.000000 0.000000 source latency
1.711172         network latency _48453_/CLK
        1.846484 network latency _48703_/CLK
---------------
1.711172 1.846484 latency
        0.135312 skew

fall -> fall
    min     max
0.000000 0.000000 source latency
1.685723         network latency _48453_/CLK
        1.786249 network latency _48703_/CLK
---------------
1.685723 1.786249 latency
        0.100527 skew



===========================================================================
report_clock_min_period
============================================================================
clk period_min = 24.03 fmax = 41.61
