
===========================================================================
Violator List
============================================================================
[setup reg-reg] _25462_/Q -> _25569_/D : -21.359644
[setup reg-reg] _25462_/Q -> _25570_/D : -21.359644
[setup reg-reg] _25462_/Q -> _25571_/D : -21.359644
[setup reg-reg] _25462_/Q -> _25572_/D : -21.359644
[setup reg-reg] _25462_/Q -> _25573_/D : -21.359644
[setup reg-reg] _25462_/Q -> _25574_/D : -21.359644
[setup reg-reg] _25462_/Q -> _25575_/D : -21.359644
[setup reg-reg] _25462_/Q -> _25576_/D : -21.359644
[setup reg-reg] _25462_/Q -> _25577_/D : -21.359644
[setup reg-reg] _25462_/Q -> _25578_/D : -21.359644
[setup reg-reg] _25462_/Q -> _25579_/D : -21.359644
[setup reg-reg] _25462_/Q -> _25580_/D : -21.359644
[setup reg-reg] _25462_/Q -> _25581_/D : -21.359644
[setup reg-reg] _25462_/Q -> _25582_/D : -21.359644
[setup reg-reg] _25462_/Q -> _25583_/D : -21.359644
[setup reg-reg] _25462_/Q -> _25584_/D : -21.359644
[setup reg-reg] _25462_/Q -> _25585_/D : -21.359644
[setup reg-reg] _25462_/Q -> _25586_/D : -21.359644
[setup reg-reg] _25462_/Q -> _25587_/D : -21.359644
[setup reg-reg] _25462_/Q -> _25588_/D : -21.359644
[setup reg-reg] _25462_/Q -> _25553_/D : -14.531047
[setup reg-reg] _25462_/Q -> _25554_/D : -14.531047
[setup reg-reg] _25462_/Q -> _25555_/D : -14.531047
[setup reg-reg] _25462_/Q -> _25556_/D : -14.531047
[setup reg-reg] _25462_/Q -> _25557_/D : -14.531047
[setup reg-reg] _25462_/Q -> _25558_/D : -14.531047
[setup reg-reg] _25462_/Q -> _25559_/D : -14.531047
[setup reg-reg] _25462_/Q -> _25560_/D : -14.531047
[setup reg-reg] _25462_/Q -> _25561_/D : -14.531047
[setup reg-reg] _25462_/Q -> _25562_/D : -14.531047
[setup reg-reg] _25462_/Q -> _25563_/D : -14.531047
[setup reg-reg] _25462_/Q -> _25564_/D : -14.531047
[setup reg-reg] _25462_/Q -> _25549_/D : -14.349287
[setup reg-reg] _25462_/Q -> _25550_/D : -14.349287
[setup reg-reg] _25462_/Q -> _25551_/D : -14.349287
[setup reg-reg] _25462_/Q -> _25565_/D : -14.328337
[setup reg-reg] _25462_/Q -> _25548_/D : -14.309234
[setup reg-reg] _25462_/Q -> _25567_/D : -14.230200
[setup reg-reg] _25462_/Q -> _25566_/D : -14.230143
[setup reg-reg] _25462_/Q -> _25552_/D : -13.647466
[setup reg-reg] _25462_/Q -> _25568_/D : -13.504979
[setup reg-reg] _25873_/Q -> _26515_/D : -11.358194
[setup reg-reg] _25873_/Q -> _26169_/D : -11.307668
[setup reg-reg] _25873_/Q -> _26171_/D : -11.307668
[setup reg-reg] _25873_/Q -> _26176_/D : -11.307668
[setup reg-reg] _25873_/Q -> _26177_/D : -11.307668
[setup reg-reg] _25873_/Q -> _26178_/D : -11.307668
[setup reg-reg] _25873_/Q -> _26179_/D : -11.307668
[setup reg-reg] _25873_/Q -> _26181_/D : -11.307668
[setup reg-reg] _25873_/Q -> _26182_/D : -11.307668
[setup reg-reg] _25873_/Q -> _26183_/D : -11.307668
[setup reg-reg] _25873_/Q -> _26184_/D : -11.307668
[setup reg-reg] _25873_/Q -> _26189_/D : -11.307668
[setup reg-reg] _25873_/Q -> _26190_/D : -11.307668
[setup reg-reg] _25873_/Q -> _26192_/D : -11.307668
[setup reg-reg] _25873_/Q -> _26193_/D : -11.307668
[setup reg-reg] _25873_/Q -> _26194_/D : -11.307668
[setup reg-reg] _25873_/Q -> _26195_/D : -11.307668
[setup reg-reg] _25873_/Q -> _26197_/D : -11.307668
[setup reg-reg] _25873_/Q -> _26297_/D : -11.006746
[setup reg-reg] _25873_/Q -> _26301_/D : -11.006746
[setup reg-reg] _25873_/Q -> _26304_/D : -11.006746
[setup reg-reg] _25873_/Q -> _26307_/D : -11.006746
[setup reg-reg] _25873_/Q -> _26308_/D : -11.006746
[setup reg-reg] _25873_/Q -> _26309_/D : -11.006746
[setup reg-reg] _25873_/Q -> _26312_/D : -11.006746
[setup reg-reg] _25873_/Q -> _26314_/D : -11.006746
[setup reg-reg] _25873_/Q -> _26315_/D : -11.006746
[setup reg-reg] _25873_/Q -> _26317_/D : -11.006746
[setup reg-reg] _25873_/Q -> _26321_/D : -11.006746
[setup reg-reg] _25873_/Q -> _26322_/D : -11.006746
[setup reg-reg] _25873_/Q -> _26323_/D : -11.006746
[setup reg-reg] _25873_/Q -> _26326_/D : -11.006746
[setup reg-reg] _25873_/Q -> _26318_/D : -10.802081
[setup reg-reg] _25873_/Q -> _26231_/D : -10.801692
[setup reg-reg] _25873_/Q -> _26233_/D : -10.801692
[setup reg-reg] _25873_/Q -> _26236_/D : -10.801692
[setup reg-reg] _25873_/Q -> _26240_/D : -10.801692
[setup reg-reg] _25873_/Q -> _26241_/D : -10.801692
[setup reg-reg] _25873_/Q -> _26242_/D : -10.801692
[setup reg-reg] _25873_/Q -> _26243_/D : -10.801692
[setup reg-reg] _25873_/Q -> _26245_/D : -10.801692
[setup reg-reg] _25873_/Q -> _26199_/D : -10.770046
[setup reg-reg] _25873_/Q -> _26201_/D : -10.770046
[setup reg-reg] _25873_/Q -> _26203_/D : -10.770046
[setup reg-reg] _25873_/Q -> _26204_/D : -10.770046
[setup reg-reg] _25873_/Q -> _26205_/D : -10.770046
[setup reg-reg] _25873_/Q -> _26208_/D : -10.770046
[setup reg-reg] _25873_/Q -> _26209_/D : -10.770046
[setup reg-reg] _25873_/Q -> _26210_/D : -10.770046
[setup reg-reg] _25873_/Q -> _26211_/D : -10.770046
[setup reg-reg] _25873_/Q -> _26212_/D : -10.770046
[setup reg-reg] _25873_/Q -> _26213_/D : -10.770046
[setup reg-reg] _25873_/Q -> _26214_/D : -10.770046
[setup reg-reg] _25873_/Q -> _26215_/D : -10.770046
[setup reg-reg] _25873_/Q -> _26216_/D : -10.770046
[setup reg-reg] _25873_/Q -> _26217_/D : -10.770046
[setup reg-reg] _25873_/Q -> _26218_/D : -10.770046
[setup reg-reg] _25873_/Q -> _26219_/D : -10.770046
[setup reg-reg] _25873_/Q -> _26221_/D : -10.770046
[setup reg-reg] _25873_/Q -> _26225_/D : -10.770046
[setup reg-reg] _25873_/Q -> _26228_/D : -10.770046
[setup reg-reg] _25873_/Q -> _26229_/D : -10.770046
[setup reg-reg] _25873_/Q -> _26506_/D : -10.720889
[setup reg-reg] _25873_/Q -> _26507_/D : -10.720889
[setup reg-reg] _25873_/Q -> _26509_/D : -10.720889
[setup reg-reg] _25873_/Q -> _26166_/D : -10.661232
[setup reg-reg] _25873_/Q -> _26516_/D : -10.629496
[setup reg-reg] _25873_/Q -> _26103_/D : -10.614873
[setup reg-reg] _25873_/Q -> _26076_/D : -10.608393
[setup reg-reg] _25873_/Q -> _26088_/D : -10.608393
[setup reg-reg] _25873_/Q -> _26089_/D : -10.608393
[setup reg-reg] _25873_/Q -> _26096_/D : -10.608393
[setup reg-reg] _25873_/Q -> _26097_/D : -10.608393
[setup reg-reg] _25873_/Q -> _26107_/D : -10.473604
[setup reg-reg] _25873_/Q -> _26110_/D : -10.473604
[setup reg-reg] _25873_/Q -> _26115_/D : -10.473604
[setup reg-reg] _25873_/Q -> _26116_/D : -10.473604
[setup reg-reg] _25873_/Q -> _26120_/D : -10.473604
[setup reg-reg] _25873_/Q -> _26121_/D : -10.473604
[setup reg-reg] _25873_/Q -> _26124_/D : -10.473604
[setup reg-reg] _25873_/Q -> _26128_/D : -10.473604
[setup reg-reg] _25873_/Q -> _26525_/D : -10.473614
[setup reg-reg] _25873_/Q -> _26526_/D : -10.473614
[setup reg-reg] _25873_/Q -> _26527_/D : -10.473614
[setup reg-reg] _25873_/Q -> _26108_/D : -10.443749
[setup reg-reg] _25873_/Q -> _26127_/D : -10.443749
[setup reg-reg] _25873_/Q -> _26129_/D : -10.443749
[setup reg-reg] _25873_/Q -> _26456_/D : -10.441740
[setup reg-reg] _25873_/Q -> _26102_/D : -10.391915
[setup reg-reg] _25873_/Q -> _26353_/D : -10.391041
[setup reg-reg] _25873_/Q -> _26540_/D : -10.379097
[setup reg-reg] _25873_/Q -> _26539_/D : -10.353320
[setup reg-reg] _25873_/Q -> _26524_/D : -10.347632
[setup reg-reg] _25873_/Q -> _26265_/D : -10.321870
[setup reg-reg] _25873_/Q -> _26244_/D : -10.307624
[setup reg-reg] _25873_/Q -> _26235_/D : -10.307595
[setup reg-reg] _25873_/Q -> _26239_/D : -10.307602
[setup reg-reg] _25873_/Q -> _26246_/D : -10.307602
[setup reg-reg] _25873_/Q -> _26254_/D : -10.307606
[setup reg-reg] _25873_/Q -> _26260_/D : -10.307602
[setup reg-reg] _25873_/Q -> _26234_/D : -10.307581
[setup reg-reg] _25873_/Q -> _26049_/D : -10.299626
[setup reg-reg] _25873_/Q -> _26068_/D : -10.299626
[setup reg-reg] _25873_/Q -> _26093_/D : -10.286501
[setup reg-reg] _25873_/Q -> _26082_/D : -10.285772
[setup reg-reg] _25873_/Q -> _26080_/D : -10.285719
[setup reg-reg] _25873_/Q -> _26237_/D : -10.273961
[setup reg-reg] _25873_/Q -> _26247_/D : -10.273961
[setup reg-reg] _25873_/Q -> _26248_/D : -10.273961
[setup reg-reg] _25873_/Q -> _26249_/D : -10.273961
[setup reg-reg] _25873_/Q -> _26250_/D : -10.273961
[setup reg-reg] _25873_/Q -> _26252_/D : -10.273961
[setup reg-reg] _25873_/Q -> _26253_/D : -10.273961
[setup reg-reg] _25873_/Q -> _26255_/D : -10.273961
[setup reg-reg] _25873_/Q -> _26256_/D : -10.273961
[setup reg-reg] _25873_/Q -> _26257_/D : -10.273961
[setup reg-reg] _25873_/Q -> _26258_/D : -10.273961
[setup reg-reg] _25873_/Q -> _26259_/D : -10.273961
[setup reg-reg] _25873_/Q -> _26261_/D : -10.273961
[setup reg-reg] _25873_/Q -> _25976_/D : -10.266968
[setup reg-reg] _25873_/Q -> _25979_/D : -10.266968
[setup reg-reg] _25873_/Q -> _25982_/D : -10.266968
[setup reg-reg] _25873_/Q -> _25984_/D : -10.266968
[setup reg-reg] _25873_/Q -> _25986_/D : -10.266968
[setup reg-reg] _25873_/Q -> _25987_/D : -10.266968
[setup reg-reg] _25873_/Q -> _25989_/D : -10.266968
[setup reg-reg] _25873_/Q -> _25990_/D : -10.266968
[setup reg-reg] _25873_/Q -> _25993_/D : -10.266968
[setup reg-reg] _25873_/Q -> _25995_/D : -10.266968
[setup reg-reg] _25873_/Q -> _25998_/D : -10.266968
[setup reg-reg] _25873_/Q -> _25999_/D : -10.266968
[setup reg-reg] _25873_/Q -> _26000_/D : -10.266968
[setup reg-reg] _25873_/Q -> _26003_/D : -10.266968
[setup reg-reg] _25873_/Q -> _26004_/D : -10.266968
[setup reg-reg] _25873_/Q -> _26230_/D : -10.249997
[setup reg-reg] _25873_/Q -> _26091_/D : -10.249701
[setup reg-reg] _25873_/Q -> _26300_/D : -10.222156
[setup reg-reg] _25873_/Q -> _26529_/D : -10.213089
[setup reg-reg] _25873_/Q -> _26531_/D : -10.213089
[setup reg-reg] _25873_/Q -> _26533_/D : -10.205342
[setup reg-reg] _25873_/Q -> _26535_/D : -10.205342
[setup reg-reg] _25873_/Q -> _26310_/D : -10.203451
[setup reg-reg] _25873_/Q -> _26168_/D : -10.192363
[setup reg-reg] _25873_/Q -> _26170_/D : -10.192363
[setup reg-reg] _25873_/Q -> _26172_/D : -10.192363
[setup reg-reg] _25873_/Q -> _26173_/D : -10.192363
[setup reg-reg] _25873_/Q -> _26174_/D : -10.192363
[setup reg-reg] _25873_/Q -> _26175_/D : -10.192363
[setup reg-reg] _25873_/Q -> _26180_/D : -10.192363
[setup reg-reg] _25873_/Q -> _26185_/D : -10.192363
[setup reg-reg] _25873_/Q -> _26186_/D : -10.192363
[setup reg-reg] _25873_/Q -> _26187_/D : -10.192363
[setup reg-reg] _25873_/Q -> _26188_/D : -10.192363
[setup reg-reg] _25873_/Q -> _26196_/D : -10.192363
[setup reg-reg] _25873_/Q -> _26517_/D : -10.192363
[setup reg-reg] _25873_/Q -> _26251_/D : -10.173935
[setup reg-reg] _25873_/Q -> _26513_/D : -10.171124
[setup reg-reg] _25873_/Q -> _26558_/D : -10.159790
[setup reg-reg] _25873_/Q -> _26238_/D : -10.133379
[setup reg-reg] _25873_/Q -> _26295_/D : -10.109560
[setup reg-reg] _25873_/Q -> _26296_/D : -10.109560
[setup reg-reg] _25873_/Q -> _26325_/D : -10.109560
[setup reg-reg] _25873_/Q -> _26294_/D : -10.105094
[setup reg-reg] _25873_/Q -> _26423_/D : -10.102337
[setup reg-reg] _25873_/Q -> _26532_/D : -10.079084
[setup reg-reg] _25873_/Q -> _26018_/D : -10.077500
[setup reg-reg] _25873_/Q -> _26024_/D : -10.077500
[setup reg-reg] _25873_/Q -> _26026_/D : -10.077503
[setup reg-reg] _25873_/Q -> _26072_/D : -10.073537
[setup reg-reg] _25873_/Q -> _26503_/D : -10.070971
[setup reg-reg] _25873_/Q -> _26071_/D : -10.070848
[setup reg-reg] _25873_/Q -> _26232_/D : -10.066447
[setup reg-reg] _25873_/Q -> _26264_/D : -10.037797
[setup reg-reg] _25873_/Q -> _26010_/D : -10.028154
[setup reg-reg] _25873_/Q -> _26008_/D : -10.028144
[setup reg-reg] _25873_/Q -> _26016_/D : -10.028069
[setup reg-reg] _25873_/Q -> _26029_/D : -10.028069
[setup reg-reg] _25873_/Q -> _26032_/D : -10.028069
[setup reg-reg] _25873_/Q -> _26354_/D : -10.007860
[setup reg-reg] _25873_/Q -> _26268_/D : -10.006304
[setup reg-reg] _25873_/Q -> _26270_/D : -10.006304
[setup reg-reg] _25873_/Q -> _26271_/D : -10.006304
[setup reg-reg] _25873_/Q -> _26272_/D : -10.006304
[setup reg-reg] _25873_/Q -> _26273_/D : -10.006304
[setup reg-reg] _25873_/Q -> _26274_/D : -10.006304
[setup reg-reg] _25873_/Q -> _26276_/D : -10.006304
[setup reg-reg] _25873_/Q -> _26278_/D : -10.006304
[setup reg-reg] _25873_/Q -> _26280_/D : -10.006304
[setup reg-reg] _25873_/Q -> _26281_/D : -10.006304
[setup reg-reg] _25873_/Q -> _26282_/D : -10.006304
[setup reg-reg] _25873_/Q -> _26283_/D : -10.006304
[setup reg-reg] _25873_/Q -> _26284_/D : -10.006304
[setup reg-reg] _25873_/Q -> _26285_/D : -10.006304
[setup reg-reg] _25873_/Q -> _26286_/D : -10.006304
[setup reg-reg] _25873_/Q -> _26287_/D : -10.006304
[setup reg-reg] _25873_/Q -> _26288_/D : -10.006304
[setup reg-reg] _25873_/Q -> _26289_/D : -10.006304
[setup reg-reg] _25873_/Q -> _26290_/D : -10.006304
[setup reg-reg] _25873_/Q -> _26291_/D : -10.006304
[setup reg-reg] _25873_/Q -> _26292_/D : -10.006304
[setup reg-reg] _25873_/Q -> _26293_/D : -10.006304
[setup reg-reg] _25873_/Q -> _26038_/D : -9.975385
[setup reg-reg] _25873_/Q -> _26039_/D : -9.975385
[setup reg-reg] _25873_/Q -> _26040_/D : -9.975385
[setup reg-reg] _25873_/Q -> _26045_/D : -9.975385
[setup reg-reg] _25873_/Q -> _26048_/D : -9.975385
[setup reg-reg] _25873_/Q -> _26046_/D : -9.974873
[setup reg-reg] _25873_/Q -> _26406_/D : -9.974485
[setup reg-reg] _25873_/Q -> _26054_/D : -9.966578
[setup reg-reg] _25873_/Q -> _26069_/D : -9.965030
[setup reg-reg] _25873_/Q -> _26052_/D : -9.964998
[setup reg-reg] _25873_/Q -> _26041_/D : -9.964976
[setup reg-reg] _25873_/Q -> _26044_/D : -9.964976
[setup reg-reg] _25873_/Q -> _26047_/D : -9.964984
[setup reg-reg] _25873_/Q -> _26050_/D : -9.964976
[setup reg-reg] _25873_/Q -> _26051_/D : -9.964984
[setup reg-reg] _25873_/Q -> _26053_/D : -9.964988
[setup reg-reg] _25873_/Q -> _26056_/D : -9.964994
[setup reg-reg] _25873_/Q -> _26061_/D : -9.965001
[setup reg-reg] _25873_/Q -> _26059_/D : -9.964991
[setup reg-reg] _25873_/Q -> _26064_/D : -9.964994
[setup reg-reg] _25873_/Q -> _26060_/D : -9.964984
[setup reg-reg] _25873_/Q -> _26063_/D : -9.964984
[setup reg-reg] _25873_/Q -> _26058_/D : -9.964973
[setup reg-reg] _25873_/Q -> _26065_/D : -9.964980
[setup reg-reg] _25873_/Q -> _26499_/D : -9.964980
[setup reg-reg] _25873_/Q -> _26055_/D : -9.964931
[setup reg-reg] _25873_/Q -> _26067_/D : -9.964934
[setup reg-reg] _25873_/Q -> _26009_/D : -9.962218
[setup reg-reg] _25873_/Q -> _26011_/D : -9.962218
[setup reg-reg] _25873_/Q -> _26021_/D : -9.962218
[setup reg-reg] _25873_/Q -> _26027_/D : -9.962218
[setup reg-reg] _25873_/Q -> _26036_/D : -9.962218
[setup reg-reg] _25873_/Q -> _26508_/D : -9.955754
[setup reg-reg] _25873_/Q -> _26006_/D : -9.952640
[setup reg-reg] _25873_/Q -> _26007_/D : -9.952640
[setup reg-reg] _25873_/Q -> _26013_/D : -9.952640
[setup reg-reg] _25873_/Q -> _26014_/D : -9.952640
[setup reg-reg] _25873_/Q -> _26017_/D : -9.952640
[setup reg-reg] _25873_/Q -> _26019_/D : -9.952640
[setup reg-reg] _25873_/Q -> _26023_/D : -9.952640
[setup reg-reg] _25873_/Q -> _26035_/D : -9.952640
[setup reg-reg] _25873_/Q -> _26037_/D : -9.952640
[setup reg-reg] _25873_/Q -> _26330_/D : -9.947308
[setup reg-reg] _25873_/Q -> _26566_/D : -9.941353
[setup reg-reg] _25873_/Q -> _26537_/D : -9.938334
[setup reg-reg] _25873_/Q -> _26538_/D : -9.938334
[setup reg-reg] _25873_/Q -> _26394_/D : -9.935006
[setup reg-reg] _25873_/Q -> _26397_/D : -9.935006
[setup reg-reg] _25873_/Q -> _26398_/D : -9.935006
[setup reg-reg] _25873_/Q -> _26399_/D : -9.935006
[setup reg-reg] _25873_/Q -> _26400_/D : -9.935006
[setup reg-reg] _25873_/Q -> _26401_/D : -9.935006
[setup reg-reg] _25873_/Q -> _26402_/D : -9.935006
[setup reg-reg] _25873_/Q -> _26403_/D : -9.935006
[setup reg-reg] _25873_/Q -> _26404_/D : -9.935006
[setup reg-reg] _25873_/Q -> _26405_/D : -9.935006
[setup reg-reg] _25873_/Q -> _26408_/D : -9.935006
[setup reg-reg] _25873_/Q -> _26410_/D : -9.935006
[setup reg-reg] _25873_/Q -> _26411_/D : -9.935006
[setup reg-reg] _25873_/Q -> _26412_/D : -9.935006
[setup reg-reg] _25873_/Q -> _26414_/D : -9.935006
[setup reg-reg] _25873_/Q -> _26415_/D : -9.935006
[setup reg-reg] _25873_/Q -> _26416_/D : -9.935006
[setup reg-reg] _25873_/Q -> _26417_/D : -9.935006
[setup reg-reg] _25873_/Q -> _26419_/D : -9.935006
[setup reg-reg] _25873_/Q -> _26420_/D : -9.935006
[setup reg-reg] _25873_/Q -> _26422_/D : -9.935006
[setup reg-reg] _25873_/Q -> _26275_/D : -9.929673
[setup reg-reg] _25873_/Q -> _26277_/D : -9.929673
[setup reg-reg] _25873_/Q -> _26279_/D : -9.929673
[setup reg-reg] _25873_/Q -> _26497_/D : -9.921303
[setup reg-reg] _25873_/Q -> _26528_/D : -9.918875
[setup reg-reg] _25873_/Q -> _26299_/D : -9.905383
[setup reg-reg] _25873_/Q -> _26302_/D : -9.905383
[setup reg-reg] _25873_/Q -> _26303_/D : -9.905383
[setup reg-reg] _25873_/Q -> _26305_/D : -9.905383
[setup reg-reg] _25873_/Q -> _26306_/D : -9.905383
[setup reg-reg] _25873_/Q -> _26311_/D : -9.905383
[setup reg-reg] _25873_/Q -> _26313_/D : -9.905383
[setup reg-reg] _25873_/Q -> _26316_/D : -9.905383
[setup reg-reg] _25873_/Q -> _26319_/D : -9.905383
[setup reg-reg] _25873_/Q -> _26320_/D : -9.905383
[setup reg-reg] _25873_/Q -> _26324_/D : -9.905383
[setup reg-reg] _25873_/Q -> _26104_/D : -9.884935
[setup reg-reg] _25873_/Q -> _26498_/D : -9.865794
[setup reg-reg] _25873_/Q -> _26500_/D : -9.862665
[setup reg-reg] _25873_/Q -> _26501_/D : -9.862665
[setup reg-reg] _25873_/Q -> _26337_/D : -9.860031
[setup reg-reg] _25873_/Q -> _26341_/D : -9.860031
[setup reg-reg] _25873_/Q -> _26349_/D : -9.860031
[setup reg-reg] _25873_/Q -> _26358_/D : -9.860031
[setup reg-reg] _25873_/Q -> _26547_/D : -9.842168
[setup reg-reg] _25873_/Q -> _26393_/D : -9.832539
[setup reg-reg] _25873_/Q -> _26534_/D : -9.830860
[setup reg-reg] _25873_/Q -> _26122_/D : -9.826530
[setup reg-reg] _25873_/Q -> _26125_/D : -9.826530
[setup reg-reg] _25873_/Q -> _26133_/D : -9.826530
[setup reg-reg] _25873_/Q -> _26043_/D : -9.806840
[setup reg-reg] _25873_/Q -> _26338_/D : -9.802691
[setup reg-reg] _25873_/Q -> _26343_/D : -9.802691
[setup reg-reg] _25873_/Q -> _26496_/D : -9.800509
[setup reg-reg] _25873_/Q -> _26495_/D : -9.786454
[setup reg-reg] _25873_/Q -> _26113_/D : -9.785183
[setup reg-reg] _25873_/Q -> _26131_/D : -9.785190
[setup reg-reg] _25873_/Q -> _26106_/D : -9.785172
[setup reg-reg] _25873_/Q -> _26112_/D : -9.785172
[setup reg-reg] _25873_/Q -> _26118_/D : -9.785175
[setup reg-reg] _25873_/Q -> _26109_/D : -9.785158
[setup reg-reg] _25873_/Q -> _26111_/D : -9.785158
[setup reg-reg] _25873_/Q -> _26114_/D : -9.785158
[setup reg-reg] _25873_/Q -> _26117_/D : -9.785161
[setup reg-reg] _25873_/Q -> _26119_/D : -9.785169
[setup reg-reg] _25873_/Q -> _26130_/D : -9.785169
[setup reg-reg] _25873_/Q -> _26123_/D : -9.785158
[setup reg-reg] _25873_/Q -> _26126_/D : -9.785158
[setup reg-reg] _25873_/Q -> _26132_/D : -9.785158
[setup reg-reg] _25873_/Q -> _26152_/D : -9.772268
[setup reg-reg] _25873_/Q -> _26154_/D : -9.772187
[setup reg-reg] _25873_/Q -> _26157_/D : -9.772183
[setup reg-reg] _25873_/Q -> _26153_/D : -9.772130
[setup reg-reg] _25873_/Q -> _26161_/D : -9.771955
[setup reg-reg] _25873_/Q -> _26146_/D : -9.771786
[setup reg-reg] _25873_/Q -> _26150_/D : -9.771739
[setup reg-reg] _25873_/Q -> _26144_/D : -9.771700
[setup reg-reg] _25873_/Q -> _26160_/D : -9.771356
[setup reg-reg] _25873_/Q -> _26156_/D : -9.770989
[setup reg-reg] _25873_/Q -> _26140_/D : -9.770958
[setup reg-reg] _25873_/Q -> _26163_/D : -9.770510
[setup reg-reg] _25873_/Q -> _26164_/D : -9.770414
[setup reg-reg] _25873_/Q -> _26138_/D : -9.770041
[setup reg-reg] _25873_/Q -> _26141_/D : -9.770041
[setup reg-reg] _25873_/Q -> _26142_/D : -9.770041
[setup reg-reg] _25873_/Q -> _26148_/D : -9.770041
[setup reg-reg] _25873_/Q -> _26149_/D : -9.770041
[setup reg-reg] _25873_/Q -> _26158_/D : -9.770041
[setup reg-reg] _25873_/Q -> _26165_/D : -9.770041
[setup reg-reg] _25873_/Q -> _26298_/D : -9.767977
[setup reg-reg] _25873_/Q -> _26266_/D : -9.760895
[setup reg-reg] _25873_/Q -> _26359_/D : -9.759917
[setup reg-reg] _25873_/Q -> _26191_/D : -9.734926
[setup reg-reg] _25873_/Q -> _26135_/D : -9.729733
[setup reg-reg] _25873_/Q -> _26167_/D : -9.729204
[setup reg-reg] _25873_/Q -> _26202_/D : -9.685057
[setup reg-reg] _25873_/Q -> _26207_/D : -9.685057
[setup reg-reg] _25873_/Q -> _26222_/D : -9.685057
[setup reg-reg] _25873_/Q -> _26224_/D : -9.685057
[setup reg-reg] _25873_/Q -> _26226_/D : -9.685057
[setup reg-reg] _25873_/Q -> _26227_/D : -9.685057
[setup reg-reg] _25873_/Q -> _26489_/D : -9.665879
[setup reg-reg] _25873_/Q -> _26490_/D : -9.665879
[setup reg-reg] _25873_/Q -> _26491_/D : -9.665879
[setup reg-reg] _25873_/Q -> _26070_/D : -9.652435
[setup reg-reg] _25873_/Q -> _26073_/D : -9.652435
[setup reg-reg] _25873_/Q -> _26502_/D : -9.652435
[setup reg-reg] _25873_/Q -> _26267_/D : -9.620618
[setup reg-reg] _25873_/Q -> _26269_/D : -9.620618
[setup reg-reg] _25873_/Q -> _26518_/D : -9.600815
[setup reg-reg] _25873_/Q -> _26075_/D : -9.597873
[setup reg-reg] _25873_/Q -> _26077_/D : -9.597873
[setup reg-reg] _25873_/Q -> _26081_/D : -9.597873
[setup reg-reg] _25873_/Q -> _26057_/D : -9.593695
[setup reg-reg] _25873_/Q -> _26062_/D : -9.593695
[setup reg-reg] _25873_/Q -> _26066_/D : -9.593695
[setup reg-reg] _25873_/Q -> _26327_/D : -9.579482
[setup reg-reg] _25873_/Q -> _26328_/D : -9.579482
[setup reg-reg] _25873_/Q -> _26332_/D : -9.571089
[setup reg-reg] _25873_/Q -> _26342_/D : -9.571089
[setup reg-reg] _25873_/Q -> _26346_/D : -9.571089
[setup reg-reg] _25873_/Q -> _26347_/D : -9.571089
[setup reg-reg] _25873_/Q -> _26350_/D : -9.571089
[setup reg-reg] _25873_/Q -> _26357_/D : -9.571089
[setup reg-reg] _25873_/Q -> _26536_/D : -9.567248
[setup reg-reg] _25873_/Q -> _26386_/D : -9.564202
[setup reg-reg] _25873_/Q -> _26391_/D : -9.563171
[setup reg-reg] _25873_/Q -> _26378_/D : -9.555015
[setup reg-reg] _25873_/Q -> _26380_/D : -9.554930
[setup reg-reg] _25873_/Q -> _26383_/D : -9.554926
[setup reg-reg] _25873_/Q -> _26379_/D : -9.554852
[setup reg-reg] _25873_/Q -> _26387_/D : -9.554588
[setup reg-reg] _25873_/Q -> _26372_/D : -9.554454
[setup reg-reg] _25873_/Q -> _26370_/D : -9.554418
[setup reg-reg] _25873_/Q -> _26376_/D : -9.554425
[setup reg-reg] _25873_/Q -> _26388_/D : -9.554155
[setup reg-reg] _25873_/Q -> _26373_/D : -9.554137
[setup reg-reg] _25873_/Q -> _26382_/D : -9.554119
[setup reg-reg] _25873_/Q -> _26366_/D : -9.554052
[setup reg-reg] _25873_/Q -> _26369_/D : -9.553846
[setup reg-reg] _25873_/Q -> _26389_/D : -9.553843
[setup reg-reg] _25873_/Q -> _26385_/D : -9.553818
[setup reg-reg] _25873_/Q -> _26384_/D : -9.553587
[setup reg-reg] _25873_/Q -> _26331_/D : -9.515994
[setup reg-reg] _25873_/Q -> _26334_/D : -9.515994
[setup reg-reg] _25873_/Q -> _26336_/D : -9.515994
[setup reg-reg] _25873_/Q -> _26344_/D : -9.515994
[setup reg-reg] _25873_/Q -> _26352_/D : -9.515994
[setup reg-reg] _25873_/Q -> _26493_/D : -9.507278
[setup reg-reg] _25873_/Q -> _26494_/D : -9.507278
[setup reg-reg] _25873_/Q -> _26363_/D : -9.503506
[setup reg-reg] _25873_/Q -> _26520_/D : -9.501850
[setup reg-reg] _25873_/Q -> _26559_/D : -9.490736
[setup reg-reg] _25873_/Q -> _26530_/D : -9.477475
[setup reg-reg] _25873_/Q -> _26085_/D : -9.473454
[setup reg-reg] _25873_/Q -> _26086_/D : -9.473454
[setup reg-reg] _25873_/Q -> _26078_/D : -9.470938
[setup reg-reg] _25873_/Q -> _26198_/D : -9.467577
[setup reg-reg] _25873_/Q -> _26220_/D : -9.467577
[setup reg-reg] _25873_/Q -> _26223_/D : -9.467577
[setup reg-reg] _25873_/Q -> _26033_/D : -9.457562
[setup reg-reg] _25873_/Q -> _26263_/D : -9.451814
[setup reg-reg] _25873_/Q -> _26409_/D : -9.448341
[setup reg-reg] _25873_/Q -> _26407_/D : -9.442131
[setup reg-reg] _25873_/Q -> _26074_/D : -9.436038
[setup reg-reg] _25873_/Q -> _26042_/D : -9.434778
[setup reg-reg] _25873_/Q -> _26541_/D : -9.406556
[setup reg-reg] _25873_/Q -> _26374_/D : -9.406318
[setup reg-reg] _25873_/Q -> _26543_/D : -9.406318
[setup reg-reg] _25873_/Q -> _26457_/D : -9.404151
[setup reg-reg] _25873_/Q -> _26458_/D : -9.404151
[setup reg-reg] _25873_/Q -> _26554_/D : -9.404151
[setup reg-reg] _25873_/Q -> _26555_/D : -9.404151
[setup reg-reg] _25873_/Q -> _26556_/D : -9.404151
[setup reg-reg] _25873_/Q -> _26557_/D : -9.404151
[setup reg-reg] _25873_/Q -> _26510_/D : -9.360196
[setup reg-reg] _25873_/Q -> _26012_/D : -9.335484
[setup reg-reg] _25873_/Q -> _26020_/D : -9.335469
[setup reg-reg] _25873_/Q -> _26022_/D : -9.335469
[setup reg-reg] _25873_/Q -> _26025_/D : -9.335469
[setup reg-reg] _25873_/Q -> _26030_/D : -9.335469
[setup reg-reg] _25873_/Q -> _26031_/D : -9.335469
[setup reg-reg] _25873_/Q -> _26034_/D : -9.335466
[setup reg-reg] _25873_/Q -> _26015_/D : -9.335455
[setup reg-reg] _25873_/Q -> _26028_/D : -9.335455
[setup reg-reg] _25873_/Q -> _26364_/D : -9.321767
[setup reg-reg] _25873_/Q -> _26377_/D : -9.321749
[setup reg-reg] _25873_/Q -> _26360_/D : -9.321578
[setup reg-reg] _25873_/Q -> _26375_/D : -9.321578
[setup reg-reg] _25873_/Q -> _26542_/D : -9.321578
[setup reg-reg] _25873_/Q -> _26544_/D : -9.321578
[setup reg-reg] _25873_/Q -> _26329_/D : -9.317527
[setup reg-reg] _25873_/Q -> _26333_/D : -9.317527
[setup reg-reg] _25873_/Q -> _26339_/D : -9.317527
[setup reg-reg] _25873_/Q -> _26340_/D : -9.317527
[setup reg-reg] _25873_/Q -> _26345_/D : -9.317527
[setup reg-reg] _25873_/Q -> _26451_/D : -9.305946
[setup reg-reg] _25873_/Q -> _26442_/D : -9.305065
[setup reg-reg] _25873_/Q -> _26444_/D : -9.304984
[setup reg-reg] _25873_/Q -> _26447_/D : -9.304980
[setup reg-reg] _25873_/Q -> _26434_/D : -9.304497
[setup reg-reg] _25873_/Q -> _26452_/D : -9.303907
[setup reg-reg] _25873_/Q -> _26437_/D : -9.303872
[setup reg-reg] _25873_/Q -> _26446_/D : -9.303786
[setup reg-reg] _25873_/Q -> _26430_/D : -9.303755
[setup reg-reg] _25873_/Q -> _26426_/D : -9.303708
[setup reg-reg] _25873_/Q -> _26433_/D : -9.303304
[setup reg-reg] _25873_/Q -> _26454_/D : -9.303211
[setup reg-reg] _25873_/Q -> _26448_/D : -9.302802
[setup reg-reg] _25873_/Q -> _26431_/D : -9.302696
[setup reg-reg] _25873_/Q -> _26432_/D : -9.302621
[setup reg-reg] _25873_/Q -> _26429_/D : -9.300969
[setup reg-reg] _25873_/Q -> _26435_/D : -9.300976
[setup reg-reg] _25873_/Q -> _26427_/D : -9.300887
[setup reg-reg] _25873_/Q -> _25974_/D : -9.280775
[setup reg-reg] _25873_/Q -> _25978_/D : -9.265218
[setup reg-reg] _25873_/Q -> _25981_/D : -9.265218
[setup reg-reg] _25873_/Q -> _25983_/D : -9.265218
[setup reg-reg] _25873_/Q -> _25988_/D : -9.265218
[setup reg-reg] _25873_/Q -> _25992_/D : -9.265218
[setup reg-reg] _25873_/Q -> _25994_/D : -9.265218
[setup reg-reg] _25873_/Q -> _25996_/D : -9.265218
[setup reg-reg] _25873_/Q -> _26001_/D : -9.265218
[setup reg-reg] _25873_/Q -> _26002_/D : -9.265218
[setup reg-reg] _25873_/Q -> _26206_/D : -9.261221
[setup reg-reg] _25873_/Q -> _26436_/D : -9.247533
[setup reg-reg] _25873_/Q -> _26453_/D : -9.246258
[setup reg-reg] _25873_/Q -> _26335_/D : -9.232993
[setup reg-reg] _25873_/Q -> _26348_/D : -9.232986
[setup reg-reg] _25873_/Q -> _26351_/D : -9.232976
[setup reg-reg] _25873_/Q -> _26355_/D : -9.232976
[setup reg-reg] _25873_/Q -> _26356_/D : -9.232976
[setup reg-reg] _25873_/Q -> _26390_/D : -9.229789
[setup reg-reg] _25873_/Q -> _26368_/D : -9.227863
[setup reg-reg] _25873_/Q -> _26087_/D : -9.214711
[setup reg-reg] _25873_/Q -> _26099_/D : -9.214711
[setup reg-reg] _25873_/Q -> _26090_/D : -9.198135
[setup reg-reg] _25873_/Q -> _26504_/D : -9.198135
[setup reg-reg] _25873_/Q -> _26079_/D : -9.185644
[setup reg-reg] _25873_/Q -> _26083_/D : -9.185644
[setup reg-reg] _25873_/Q -> _26084_/D : -9.185644
[setup reg-reg] _25873_/Q -> _26092_/D : -9.185644
[setup reg-reg] _25873_/Q -> _26094_/D : -9.185644
[setup reg-reg] _25873_/Q -> _26095_/D : -9.185644
[setup reg-reg] _25873_/Q -> _26098_/D : -9.185644
[setup reg-reg] _25873_/Q -> _26100_/D : -9.185644
[setup reg-reg] _25873_/Q -> _26101_/D : -9.185644
[setup reg-reg] _25873_/Q -> _26413_/D : -9.180902
[setup reg-reg] _25873_/Q -> _25970_/D : -9.151869
[setup reg-reg] _25873_/Q -> _26381_/D : -9.115565
[setup reg-reg] _25873_/Q -> _26439_/D : -9.103144
[setup reg-reg] _25873_/Q -> _26105_/D : -9.071461
[setup reg-reg] _25873_/Q -> _26505_/D : -9.035063
[setup reg-reg] _25873_/Q -> _26418_/D : -9.023171
[setup reg-reg] _25873_/Q -> _26428_/D : -9.017263
[setup reg-reg] _25873_/Q -> _26550_/D : -9.017207
[setup reg-reg] _25873_/Q -> _26552_/D : -8.976318
[setup reg-reg] _25873_/Q -> _26459_/D : -8.966901
[setup reg-reg] _25873_/Q -> _26460_/D : -8.966901
[setup reg-reg] _25873_/Q -> _26461_/D : -8.966901
[setup reg-reg] _25873_/Q -> _26462_/D : -8.966901
[setup reg-reg] _25873_/Q -> _26463_/D : -8.966901
[setup reg-reg] _25873_/Q -> _26464_/D : -8.966901
[setup reg-reg] _25873_/Q -> _26465_/D : -8.966901
[setup reg-reg] _25873_/Q -> _26466_/D : -8.966901
[setup reg-reg] _25873_/Q -> _26467_/D : -8.966901
[setup reg-reg] _25873_/Q -> _26468_/D : -8.966901
[setup reg-reg] _25873_/Q -> _26469_/D : -8.966901
[setup reg-reg] _25873_/Q -> _26470_/D : -8.966901
[setup reg-reg] _25873_/Q -> _26471_/D : -8.966901
[setup reg-reg] _25873_/Q -> _26472_/D : -8.966901
[setup reg-reg] _25873_/Q -> _26473_/D : -8.966901
[setup reg-reg] _25873_/Q -> _26474_/D : -8.966901
[setup reg-reg] _25873_/Q -> _26475_/D : -8.966901
[setup reg-reg] _25873_/Q -> _26476_/D : -8.966901
[setup reg-reg] _25873_/Q -> _26477_/D : -8.966901
[setup reg-reg] _25873_/Q -> _26478_/D : -8.966901
[setup reg-reg] _25873_/Q -> _26479_/D : -8.966901
[setup reg-reg] _25873_/Q -> _26480_/D : -8.966901
[setup reg-reg] _25873_/Q -> _26481_/D : -8.966901
[setup reg-reg] _25873_/Q -> _26482_/D : -8.966901
[setup reg-reg] _25873_/Q -> _26483_/D : -8.966901
[setup reg-reg] _25873_/Q -> _26484_/D : -8.966901
[setup reg-reg] _25873_/Q -> _26485_/D : -8.966901
[setup reg-reg] _25873_/Q -> _26486_/D : -8.966901
[setup reg-reg] _25873_/Q -> _26487_/D : -8.966901
[setup reg-reg] _25873_/Q -> _26488_/D : -8.966901
[setup reg-reg] _25873_/Q -> _25975_/D : -8.964506
[setup reg-reg] _25873_/Q -> _25977_/D : -8.964506
[setup reg-reg] _25873_/Q -> _25980_/D : -8.964506
[setup reg-reg] _25873_/Q -> _25985_/D : -8.964506
[setup reg-reg] _25873_/Q -> _25991_/D : -8.964506
[setup reg-reg] _25873_/Q -> _25997_/D : -8.964506
[setup reg-reg] _25873_/Q -> _26005_/D : -8.964506
[setup reg-reg] _25873_/Q -> _26492_/D : -8.964506
[setup reg-reg] _25873_/Q -> _26553_/D : -8.957070
[setup reg-reg] _25873_/Q -> _26425_/D : -8.950570
[setup reg-reg] _25873_/Q -> _25969_/D : -8.941333
[setup reg-reg] _25873_/Q -> _26511_/D : -8.930801
[setup reg-reg] _25873_/Q -> _26551_/D : -8.924358
[setup reg-reg] _25873_/Q -> _26134_/D : -8.912374
[setup reg-reg] _25873_/Q -> _26137_/D : -8.912376
[setup reg-reg] _25873_/Q -> _26514_/D : -8.881863
[setup reg-reg] _25873_/Q -> _26523_/D : -8.880598
[setup reg-reg] _25873_/Q -> _26421_/D : -8.852590
[setup reg-reg] _25873_/Q -> _26549_/D : -8.787520
[setup reg-reg] _25873_/Q -> _26519_/D : -8.776298
[setup reg-reg] _25873_/Q -> _26521_/D : -8.776298
[setup reg-reg] _25873_/Q -> _26522_/D : -8.776298
[setup reg-reg] _25873_/Q -> _25973_/D : -8.769849
[setup reg-reg] _25873_/Q -> _26546_/D : -8.763595
[setup reg-reg] _25873_/Q -> _26395_/D : -8.753636
[setup reg-reg] _25873_/Q -> _26392_/D : -8.753469
[setup reg-reg] _25873_/Q -> _26396_/D : -8.753469
[setup reg-reg] _25873_/Q -> _26545_/D : -8.753469
[setup reg-reg] _25873_/Q -> _26548_/D : -8.753469
[setup reg-reg] _25873_/Q -> _26362_/D : -8.752665
[setup reg-reg] _25873_/Q -> _26424_/D : -8.735445
[setup reg-reg] _25873_/Q -> _26361_/D : -8.728693
[setup reg-reg] _25873_/Q -> _26365_/D : -8.728693
[setup reg-reg] _25873_/Q -> _26367_/D : -8.728693
[setup reg-reg] _25873_/Q -> _26371_/D : -8.728693
[setup reg-reg] _25873_/Q -> _26455_/D : -8.726121
[setup reg-reg] _25873_/Q -> _26438_/D : -8.726031
[setup reg-reg] _25873_/Q -> _26441_/D : -8.726031
[setup reg-reg] _25873_/Q -> _26445_/D : -8.726031
[setup reg-reg] _25873_/Q -> _26450_/D : -8.726031
[setup reg-reg] _25873_/Q -> _26512_/D : -8.723031
[setup reg-reg] _25873_/Q -> _26200_/D : -8.717934
[setup reg-reg] _25462_/Q -> _25531_/D : -8.611766
[setup reg-reg] _25873_/Q -> _26440_/D : -8.584444
[setup reg-reg] _25462_/Q -> _25527_/D : -8.572699
[setup reg-reg] _25873_/Q -> _26139_/D : -8.550032
[setup reg-reg] _25873_/Q -> _26151_/D : -8.550032
[setup reg-reg] _25873_/Q -> _26136_/D : -8.550014
[setup reg-reg] _25873_/Q -> _26143_/D : -8.550000
[setup reg-reg] _25873_/Q -> _26145_/D : -8.550004
[setup reg-reg] _25873_/Q -> _26147_/D : -8.550004
[setup reg-reg] _25873_/Q -> _26155_/D : -8.549996
[setup reg-reg] _25873_/Q -> _26162_/D : -8.550004
[setup reg-reg] _25873_/Q -> _26159_/D : -8.549961
[setup reg-reg] _25873_/Q -> _25971_/D : -8.488266
[setup reg-reg] _25462_/Q -> _25528_/D : -8.385165
[setup reg-reg] _25462_/Q -> _25529_/D : -8.377316
[setup reg-reg] _25462_/Q -> _25530_/D : -8.377316
[setup reg-reg] _25462_/Q -> _25535_/D : -8.377316
[setup reg-reg] _25873_/Q -> _26449_/D : -8.334437
[setup reg-reg] _25873_/Q -> _26262_/D : -8.306317
[setup reg-reg] _25873_/Q -> _26443_/D : -8.282037
[setup reg-reg] _25873_/Q -> _25972_/D : -7.822116
[setup reg-reg] _25462_/Q -> _25532_/D : -7.818136
[setup reg-reg] _25462_/Q -> _25533_/D : -7.818136
[setup reg-reg] _25462_/Q -> _25534_/D : -7.818136
[setup reg-reg] _25462_/Q -> _25536_/D : -7.818136
[setup reg-reg] _25462_/Q -> _25537_/D : -7.818136
[setup reg-reg] _25462_/Q -> _25538_/D : -7.818136
[setup reg-reg] _25462_/Q -> _25539_/D : -7.818136
[setup reg-reg] _25462_/Q -> _25540_/D : -7.818136
[setup reg-reg] _25462_/Q -> _25542_/D : -7.818136
[setup reg-reg] _25462_/Q -> _25543_/D : -7.818136
[setup reg-reg] _25462_/Q -> _25544_/D : -7.818136
[setup reg-reg] _25462_/Q -> _25545_/D : -7.818136
[setup reg-reg] _25462_/Q -> _25546_/D : -7.818136
[setup reg-reg] _25462_/Q -> _25541_/D : -7.716228
[setup reg-reg] _25462_/Q -> _25547_/D : -6.314199
[setup reg-reg] _26680_/Q -> _24072_/D : -0.395190
[setup reg-reg] _26680_/Q -> _24073_/D : -0.395190
[setup reg-reg] _26680_/Q -> _24074_/D : -0.395190
[setup reg-reg] _26680_/Q -> _24108_/D : -0.395190
[setup reg-reg] _26680_/Q -> _24109_/D : -0.395190
[setup reg-reg] _26680_/Q -> _24110_/D : -0.395190
[setup reg-reg] _26680_/Q -> _24133_/D : -0.395190
[setup reg-reg] _26680_/Q -> _24134_/D : -0.395190
[setup reg-reg] _26680_/Q -> _24135_/D : -0.395190
[setup reg-reg] _26680_/Q -> _24136_/D : -0.395190
[setup reg-reg] _26680_/Q -> _24137_/D : -0.395190
[setup reg-reg] _26680_/Q -> _24138_/D : -0.395190
[setup reg-reg] _26680_/Q -> _24139_/D : -0.395190
[setup reg-reg] _26680_/Q -> _24140_/D : -0.395190
[setup reg-reg] _26680_/Q -> _24141_/D : -0.395190
[setup reg-reg] _26680_/Q -> _24142_/D : -0.395190
[setup reg-reg] _26680_/Q -> _24143_/D : -0.395190
[setup reg-reg] _26680_/Q -> _24144_/D : -0.395190
[setup reg-reg] _26680_/Q -> _24145_/D : -0.395190
[setup reg-reg] _26680_/Q -> _24146_/D : -0.395190
[setup reg-reg] _26680_/Q -> _24147_/D : -0.395190
[setup reg-reg] _26680_/Q -> _24148_/D : -0.395190
[setup reg-reg] _26680_/Q -> _24325_/D : -0.395190
[setup reg-reg] _26680_/Q -> _24326_/D : -0.395190
[setup reg-reg] _26680_/Q -> _24327_/D : -0.395190
[setup reg-reg] _26680_/Q -> _24328_/D : -0.395190
[setup reg-reg] _26680_/Q -> _24329_/D : -0.395190
[setup reg-reg] _26680_/Q -> _24330_/D : -0.395190
[setup reg-reg] _26680_/Q -> _24331_/D : -0.395190
[setup reg-reg] _26680_/Q -> _24332_/D : -0.395190
[setup reg-reg] _26680_/Q -> _24333_/D : -0.395190
[setup reg-reg] _26680_/Q -> _24334_/D : -0.395190
[setup reg-reg] _26680_/Q -> _24335_/D : -0.395190
[setup reg-reg] _26680_/Q -> _24336_/D : -0.395190
[setup reg-reg] _26680_/Q -> _24337_/D : -0.395190
[setup reg-reg] _26680_/Q -> _24338_/D : -0.395190
[setup reg-reg] _26680_/Q -> _24339_/D : -0.395190
[setup reg-reg] _26680_/Q -> _24340_/D : -0.395190
[setup reg-reg] _26680_/Q -> _24389_/D : -0.395190
[setup reg-reg] _26680_/Q -> _24390_/D : -0.395190
[setup reg-reg] _26680_/Q -> _24391_/D : -0.395190
[setup reg-reg] _26680_/Q -> _24392_/D : -0.395190
[setup reg-reg] _26680_/Q -> _24393_/D : -0.395190
[setup reg-reg] _26680_/Q -> _24394_/D : -0.395190
[setup reg-reg] _26680_/Q -> _24395_/D : -0.395190
[setup reg-reg] _26680_/Q -> _24396_/D : -0.395190
[setup reg-reg] _26680_/Q -> _24397_/D : -0.395190
[setup reg-reg] _26680_/Q -> _24398_/D : -0.395190
[setup reg-reg] _26680_/Q -> _24399_/D : -0.395190
[setup reg-reg] _26680_/Q -> _24400_/D : -0.395190
[setup reg-reg] _26680_/Q -> _24401_/D : -0.395190
[setup reg-reg] _26680_/Q -> _24402_/D : -0.395190
[setup reg-reg] _26680_/Q -> _24403_/D : -0.395190
[setup reg-reg] _26680_/Q -> _24404_/D : -0.395190
[setup reg-reg] _26680_/Q -> _24581_/D : -0.395190
[setup reg-reg] _26680_/Q -> _24582_/D : -0.395190
[setup reg-reg] _26680_/Q -> _24583_/D : -0.395190
[setup reg-reg] _26680_/Q -> _24584_/D : -0.395190
[setup reg-reg] _26680_/Q -> _24585_/D : -0.395190
[setup reg-reg] _26680_/Q -> _24586_/D : -0.395190
[setup reg-reg] _26680_/Q -> _24587_/D : -0.395190
[setup reg-reg] _26680_/Q -> _24588_/D : -0.395190
[setup reg-reg] _26680_/Q -> _24589_/D : -0.395190
[setup reg-reg] _26680_/Q -> _24590_/D : -0.395190
[setup reg-reg] _26680_/Q -> _24591_/D : -0.395190
[setup reg-reg] _26680_/Q -> _24592_/D : -0.395190
[setup reg-reg] _26680_/Q -> _24593_/D : -0.395190
[setup reg-reg] _26680_/Q -> _24594_/D : -0.395190
[setup reg-reg] _26680_/Q -> _24595_/D : -0.395190
[setup reg-reg] _26680_/Q -> _24596_/D : -0.395190
[setup reg-reg] _26680_/Q -> _24633_/D : -0.395190
[setup reg-reg] _26680_/Q -> _24634_/D : -0.395190
[setup reg-reg] _26680_/Q -> _24635_/D : -0.395190
[setup reg-reg] _26680_/Q -> _24636_/D : -0.395190
[setup reg-reg] _26680_/Q -> _24681_/D : -0.395190
[setup reg-reg] _26680_/Q -> _24682_/D : -0.395190
[setup reg-reg] _26680_/Q -> _24683_/D : -0.395190
[setup reg-reg] _26680_/Q -> _24684_/D : -0.395190
[setup reg-reg] _26680_/Q -> _24709_/D : -0.395190
[setup reg-reg] _26680_/Q -> _24710_/D : -0.395190
[setup reg-reg] _26680_/Q -> _24711_/D : -0.395190
[setup reg-reg] _26680_/Q -> _24712_/D : -0.395190
[setup reg-reg] _26680_/Q -> _24713_/D : -0.395190
[setup reg-reg] _26680_/Q -> _24714_/D : -0.395190
[setup reg-reg] _26680_/Q -> _24715_/D : -0.395190
[setup reg-reg] _26680_/Q -> _24716_/D : -0.395190
[setup reg-reg] _26680_/Q -> _24717_/D : -0.395190
[setup reg-reg] _26680_/Q -> _24718_/D : -0.395190
[setup reg-reg] _26680_/Q -> _24719_/D : -0.395190
[setup reg-reg] _26680_/Q -> _24720_/D : -0.395190
[setup reg-reg] _26680_/Q -> _24721_/D : -0.395190
[setup reg-reg] _26680_/Q -> _24722_/D : -0.395190
[setup reg-reg] _26680_/Q -> _24723_/D : -0.395190
[setup reg-reg] _26680_/Q -> _24724_/D : -0.395190
[setup reg-reg] _26680_/Q -> _24901_/D : -0.395190
[setup reg-reg] _26680_/Q -> _24902_/D : -0.395190
[setup reg-reg] _26680_/Q -> _24903_/D : -0.395190
[setup reg-reg] _26680_/Q -> _24904_/D : -0.395190
[setup reg-reg] _26680_/Q -> _24905_/D : -0.395190
[setup reg-reg] _26680_/Q -> _24906_/D : -0.395190
[setup reg-reg] _26680_/Q -> _24907_/D : -0.395190
[setup reg-reg] _26680_/Q -> _24908_/D : -0.395190
[setup reg-reg] _26680_/Q -> _24909_/D : -0.395190
[setup reg-reg] _26680_/Q -> _24910_/D : -0.395190
[setup reg-reg] _26680_/Q -> _24911_/D : -0.395190
[setup reg-reg] _26680_/Q -> _24912_/D : -0.395190
[setup reg-reg] _26680_/Q -> _24913_/D : -0.395190
[setup reg-reg] _26680_/Q -> _24914_/D : -0.395190
[setup reg-reg] _26680_/Q -> _24915_/D : -0.395190
[setup reg-reg] _26680_/Q -> _24916_/D : -0.395190
[setup reg-reg] _26680_/Q -> _24965_/D : -0.395190
[setup reg-reg] _26680_/Q -> _24966_/D : -0.395190
[setup reg-reg] _26680_/Q -> _24967_/D : -0.395190
[setup reg-reg] _26680_/Q -> _24968_/D : -0.395190
[setup reg-reg] _26680_/Q -> _24969_/D : -0.395190
[setup reg-reg] _26680_/Q -> _24970_/D : -0.395190
[setup reg-reg] _26680_/Q -> _24971_/D : -0.395190
[setup reg-reg] _26680_/Q -> _24972_/D : -0.395190
[setup reg-reg] _26680_/Q -> _24973_/D : -0.395190
[setup reg-reg] _26680_/Q -> _24974_/D : -0.395190
[setup reg-reg] _26680_/Q -> _24975_/D : -0.395190
[setup reg-reg] _26680_/Q -> _24976_/D : -0.395190
[setup reg-reg] _26680_/Q -> _24977_/D : -0.395190
[setup reg-reg] _26680_/Q -> _24978_/D : -0.395190
[setup reg-reg] _26680_/Q -> _24979_/D : -0.395190
[setup reg-reg] _26680_/Q -> _24980_/D : -0.395190
[setup reg-reg] _26680_/Q -> _25157_/D : -0.395190
[setup reg-reg] _26680_/Q -> _25158_/D : -0.395190
[setup reg-reg] _26680_/Q -> _25159_/D : -0.395190
[setup reg-reg] _26680_/Q -> _25160_/D : -0.395190
[setup reg-reg] _26680_/Q -> _25161_/D : -0.395190
[setup reg-reg] _26680_/Q -> _25162_/D : -0.395190
[setup reg-reg] _26680_/Q -> _25163_/D : -0.395190
[setup reg-reg] _26680_/Q -> _25164_/D : -0.395190
[setup reg-reg] _26680_/Q -> _25165_/D : -0.395190
[setup reg-reg] _26680_/Q -> _25166_/D : -0.395190
[setup reg-reg] _26680_/Q -> _25167_/D : -0.395190
[setup reg-reg] _26680_/Q -> _25168_/D : -0.395190
[setup reg-reg] _26680_/Q -> _25169_/D : -0.395190
[setup reg-reg] _26680_/Q -> _25170_/D : -0.395190
[setup reg-reg] _26680_/Q -> _25171_/D : -0.395190
[setup reg-reg] _26680_/Q -> _25172_/D : -0.395190
[setup reg-reg] _26680_/Q -> _25221_/D : -0.395190
[setup reg-reg] _26680_/Q -> _25222_/D : -0.395190
[setup reg-reg] _26680_/Q -> _25223_/D : -0.395190
[setup reg-reg] _26680_/Q -> _25224_/D : -0.395190
[setup reg-reg] _26680_/Q -> _25225_/D : -0.395190
[setup reg-reg] _26680_/Q -> _25226_/D : -0.395190
[setup reg-reg] _26680_/Q -> _25227_/D : -0.395190
[setup reg-reg] _26680_/Q -> _25228_/D : -0.395190
[setup reg-reg] _26680_/Q -> _25229_/D : -0.395190
[setup reg-reg] _26680_/Q -> _25230_/D : -0.395190
[setup reg-reg] _26680_/Q -> _25231_/D : -0.395190
[setup reg-reg] _26680_/Q -> _25232_/D : -0.395190
[setup reg-reg] _26680_/Q -> _25233_/D : -0.395190
[setup reg-reg] _26680_/Q -> _25234_/D : -0.395190
[setup reg-reg] _26680_/Q -> _25235_/D : -0.395190
[setup reg-reg] _26680_/Q -> _25236_/D : -0.395190
[setup reg-reg] _26680_/Q -> _25413_/D : -0.395190
[setup reg-reg] _26680_/Q -> _25414_/D : -0.395190
[setup reg-reg] _26680_/Q -> _25415_/D : -0.395190
[setup reg-reg] _26680_/Q -> _25416_/D : -0.395190
[setup reg-reg] _26680_/Q -> _25417_/D : -0.395190
[setup reg-reg] _26680_/Q -> _25418_/D : -0.395190
[setup reg-reg] _26680_/Q -> _25419_/D : -0.395190
[setup reg-reg] _26680_/Q -> _25420_/D : -0.395190
[setup reg-reg] _26680_/Q -> _25421_/D : -0.395190
[setup reg-reg] _26680_/Q -> _25422_/D : -0.395190
[setup reg-reg] _26680_/Q -> _25423_/D : -0.395190
[setup reg-reg] _26680_/Q -> _25424_/D : -0.395190
[setup reg-reg] _26680_/Q -> _25425_/D : -0.395190
[setup reg-reg] _26680_/Q -> _25426_/D : -0.395190
[setup reg-reg] _26680_/Q -> _25427_/D : -0.395190
[setup reg-reg] _26680_/Q -> _25428_/D : -0.395190
[setup reg-reg] _26680_/Q -> _24069_/D : -0.246430
[setup reg-reg] _26680_/Q -> _24070_/D : -0.246430
[setup reg-reg] _26680_/Q -> _24071_/D : -0.246430
[setup reg-reg] _26680_/Q -> _24081_/D : -0.246430
[setup reg-reg] _26680_/Q -> _24082_/D : -0.246430
[setup reg-reg] _26680_/Q -> _24083_/D : -0.246430
[setup reg-reg] _26680_/Q -> _24093_/D : -0.246430
[setup reg-reg] _26680_/Q -> _24094_/D : -0.246430
[setup reg-reg] _26680_/Q -> _24095_/D : -0.246430
[setup reg-reg] _26680_/Q -> _24105_/D : -0.246430
[setup reg-reg] _26680_/Q -> _24106_/D : -0.246430
[setup reg-reg] _26680_/Q -> _24107_/D : -0.246430
[setup reg-reg] _26680_/Q -> _24117_/D : -0.246430
[setup reg-reg] _26680_/Q -> _24118_/D : -0.246430
[setup reg-reg] _26680_/Q -> _24119_/D : -0.246430
[setup reg-reg] _26680_/Q -> _24120_/D : -0.246430
[setup reg-reg] _26680_/Q -> _24121_/D : -0.246430
[setup reg-reg] _26680_/Q -> _24122_/D : -0.246430
[setup reg-reg] _26680_/Q -> _24123_/D : -0.246430
[setup reg-reg] _26680_/Q -> _24124_/D : -0.246430
[setup reg-reg] _26680_/Q -> _24125_/D : -0.246430
[setup reg-reg] _26680_/Q -> _24126_/D : -0.246430
[setup reg-reg] _26680_/Q -> _24127_/D : -0.246430
[setup reg-reg] _26680_/Q -> _24128_/D : -0.246430
[setup reg-reg] _26680_/Q -> _24129_/D : -0.246430
[setup reg-reg] _26680_/Q -> _24130_/D : -0.246430
[setup reg-reg] _26680_/Q -> _24131_/D : -0.246430
[setup reg-reg] _26680_/Q -> _24132_/D : -0.246430
[setup reg-reg] _26680_/Q -> _24181_/D : -0.246430
[setup reg-reg] _26680_/Q -> _24182_/D : -0.246430
[setup reg-reg] _26680_/Q -> _24183_/D : -0.246430
[setup reg-reg] _26680_/Q -> _24184_/D : -0.246430
[setup reg-reg] _26680_/Q -> _24185_/D : -0.246430
[setup reg-reg] _26680_/Q -> _24186_/D : -0.246430
[setup reg-reg] _26680_/Q -> _24187_/D : -0.246430
[setup reg-reg] _26680_/Q -> _24188_/D : -0.246430
[setup reg-reg] _26680_/Q -> _24189_/D : -0.246430
[setup reg-reg] _26680_/Q -> _24190_/D : -0.246430
[setup reg-reg] _26680_/Q -> _24191_/D : -0.246430
[setup reg-reg] _26680_/Q -> _24192_/D : -0.246430
[setup reg-reg] _26680_/Q -> _24193_/D : -0.246430
[setup reg-reg] _26680_/Q -> _24194_/D : -0.246430
[setup reg-reg] _26680_/Q -> _24195_/D : -0.246430
[setup reg-reg] _26680_/Q -> _24196_/D : -0.246430
[setup reg-reg] _26680_/Q -> _24245_/D : -0.246430
[setup reg-reg] _26680_/Q -> _24246_/D : -0.246430
[setup reg-reg] _26680_/Q -> _24247_/D : -0.246430
[setup reg-reg] _26680_/Q -> _24248_/D : -0.246430
[setup reg-reg] _26680_/Q -> _24249_/D : -0.246430
[setup reg-reg] _26680_/Q -> _24250_/D : -0.246430
[setup reg-reg] _26680_/Q -> _24251_/D : -0.246430
[setup reg-reg] _26680_/Q -> _24252_/D : -0.246430
[setup reg-reg] _26680_/Q -> _24253_/D : -0.246430
[setup reg-reg] _26680_/Q -> _24254_/D : -0.246430
[setup reg-reg] _26680_/Q -> _24255_/D : -0.246430
[setup reg-reg] _26680_/Q -> _24256_/D : -0.246430
[setup reg-reg] _26680_/Q -> _24257_/D : -0.246430
[setup reg-reg] _26680_/Q -> _24258_/D : -0.246430
[setup reg-reg] _26680_/Q -> _24259_/D : -0.246430
[setup reg-reg] _26680_/Q -> _24260_/D : -0.246430
[setup reg-reg] _26680_/Q -> _24309_/D : -0.246430
[setup reg-reg] _26680_/Q -> _24310_/D : -0.246430
[setup reg-reg] _26680_/Q -> _24311_/D : -0.246430
[setup reg-reg] _26680_/Q -> _24312_/D : -0.246430
[setup reg-reg] _26680_/Q -> _24313_/D : -0.246430
[setup reg-reg] _26680_/Q -> _24314_/D : -0.246430
[setup reg-reg] _26680_/Q -> _24315_/D : -0.246430
[setup reg-reg] _26680_/Q -> _24316_/D : -0.246430
[setup reg-reg] _26680_/Q -> _24317_/D : -0.246430
[setup reg-reg] _26680_/Q -> _24318_/D : -0.246430
[setup reg-reg] _26680_/Q -> _24319_/D : -0.246430
[setup reg-reg] _26680_/Q -> _24320_/D : -0.246430
[setup reg-reg] _26680_/Q -> _24321_/D : -0.246430
[setup reg-reg] _26680_/Q -> _24322_/D : -0.246430
[setup reg-reg] _26680_/Q -> _24323_/D : -0.246430
[setup reg-reg] _26680_/Q -> _24324_/D : -0.246430
[setup reg-reg] _26680_/Q -> _24373_/D : -0.246430
[setup reg-reg] _26680_/Q -> _24374_/D : -0.246430
[setup reg-reg] _26680_/Q -> _24375_/D : -0.246430
[setup reg-reg] _26680_/Q -> _24376_/D : -0.246430
[setup reg-reg] _26680_/Q -> _24377_/D : -0.246430
[setup reg-reg] _26680_/Q -> _24378_/D : -0.246430
[setup reg-reg] _26680_/Q -> _24379_/D : -0.246430
[setup reg-reg] _26680_/Q -> _24380_/D : -0.246430
[setup reg-reg] _26680_/Q -> _24381_/D : -0.246430
[setup reg-reg] _26680_/Q -> _24382_/D : -0.246430
[setup reg-reg] _26680_/Q -> _24383_/D : -0.246430
[setup reg-reg] _26680_/Q -> _24384_/D : -0.246430
[setup reg-reg] _26680_/Q -> _24385_/D : -0.246430
[setup reg-reg] _26680_/Q -> _24386_/D : -0.246430
[setup reg-reg] _26680_/Q -> _24387_/D : -0.246430
[setup reg-reg] _26680_/Q -> _24388_/D : -0.246430
[setup reg-reg] _26680_/Q -> _24437_/D : -0.246430
[setup reg-reg] _26680_/Q -> _24438_/D : -0.246430
[setup reg-reg] _26680_/Q -> _24439_/D : -0.246430
[setup reg-reg] _26680_/Q -> _24440_/D : -0.246430
[setup reg-reg] _26680_/Q -> _24441_/D : -0.246430
[setup reg-reg] _26680_/Q -> _24442_/D : -0.246430
[setup reg-reg] _26680_/Q -> _24443_/D : -0.246430
[setup reg-reg] _26680_/Q -> _24444_/D : -0.246430
[setup reg-reg] _26680_/Q -> _24445_/D : -0.246430
[setup reg-reg] _26680_/Q -> _24446_/D : -0.246430
[setup reg-reg] _26680_/Q -> _24447_/D : -0.246430
[setup reg-reg] _26680_/Q -> _24448_/D : -0.246430
[setup reg-reg] _26680_/Q -> _24449_/D : -0.246430
[setup reg-reg] _26680_/Q -> _24450_/D : -0.246430
[setup reg-reg] _26680_/Q -> _24451_/D : -0.246430
[setup reg-reg] _26680_/Q -> _24452_/D : -0.246430
[setup reg-reg] _26680_/Q -> _24501_/D : -0.246430
[setup reg-reg] _26680_/Q -> _24502_/D : -0.246430
[setup reg-reg] _26680_/Q -> _24503_/D : -0.246430
[setup reg-reg] _26680_/Q -> _24504_/D : -0.246430
[setup reg-reg] _26680_/Q -> _24505_/D : -0.246430
[setup reg-reg] _26680_/Q -> _24506_/D : -0.246430
[setup reg-reg] _26680_/Q -> _24507_/D : -0.246430
[setup reg-reg] _26680_/Q -> _24508_/D : -0.246430
[setup reg-reg] _26680_/Q -> _24509_/D : -0.246430
[setup reg-reg] _26680_/Q -> _24510_/D : -0.246430
[setup reg-reg] _26680_/Q -> _24511_/D : -0.246430
[setup reg-reg] _26680_/Q -> _24512_/D : -0.246430
[setup reg-reg] _26680_/Q -> _24513_/D : -0.246430
[setup reg-reg] _26680_/Q -> _24514_/D : -0.246430
[setup reg-reg] _26680_/Q -> _24515_/D : -0.246430
[setup reg-reg] _26680_/Q -> _24516_/D : -0.246430
[setup reg-reg] _26680_/Q -> _24565_/D : -0.246430
[setup reg-reg] _26680_/Q -> _24566_/D : -0.246430
[setup reg-reg] _26680_/Q -> _24567_/D : -0.246430
[setup reg-reg] _26680_/Q -> _24568_/D : -0.246430
[setup reg-reg] _26680_/Q -> _24569_/D : -0.246430
[setup reg-reg] _26680_/Q -> _24570_/D : -0.246430
[setup reg-reg] _26680_/Q -> _24571_/D : -0.246430
[setup reg-reg] _26680_/Q -> _24572_/D : -0.246430
[setup reg-reg] _26680_/Q -> _24573_/D : -0.246430
[setup reg-reg] _26680_/Q -> _24574_/D : -0.246430
[setup reg-reg] _26680_/Q -> _24575_/D : -0.246430
[setup reg-reg] _26680_/Q -> _24576_/D : -0.246430
[setup reg-reg] _26680_/Q -> _24577_/D : -0.246430
[setup reg-reg] _26680_/Q -> _24578_/D : -0.246430
[setup reg-reg] _26680_/Q -> _24579_/D : -0.246430
[setup reg-reg] _26680_/Q -> _24580_/D : -0.246430
[setup reg-reg] _26680_/Q -> _24629_/D : -0.246430
[setup reg-reg] _26680_/Q -> _24630_/D : -0.246430
[setup reg-reg] _26680_/Q -> _24631_/D : -0.246430
[setup reg-reg] _26680_/Q -> _24632_/D : -0.246430
[setup reg-reg] _26680_/Q -> _24645_/D : -0.246430
[setup reg-reg] _26680_/Q -> _24646_/D : -0.246430
[setup reg-reg] _26680_/Q -> _24647_/D : -0.246430
[setup reg-reg] _26680_/Q -> _24648_/D : -0.246430
[setup reg-reg] _26680_/Q -> _24661_/D : -0.246430
[setup reg-reg] _26680_/Q -> _24662_/D : -0.246430
[setup reg-reg] _26680_/Q -> _24663_/D : -0.246430
[setup reg-reg] _26680_/Q -> _24664_/D : -0.246430
[setup reg-reg] _26680_/Q -> _24677_/D : -0.246430
[setup reg-reg] _26680_/Q -> _24678_/D : -0.246430
[setup reg-reg] _26680_/Q -> _24679_/D : -0.246430
[setup reg-reg] _26680_/Q -> _24680_/D : -0.246430
[setup reg-reg] _26680_/Q -> _24693_/D : -0.246430
[setup reg-reg] _26680_/Q -> _24694_/D : -0.246430
[setup reg-reg] _26680_/Q -> _24695_/D : -0.246430
[setup reg-reg] _26680_/Q -> _24696_/D : -0.246430
[setup reg-reg] _26680_/Q -> _24697_/D : -0.246430
[setup reg-reg] _26680_/Q -> _24698_/D : -0.246430
[setup reg-reg] _26680_/Q -> _24699_/D : -0.246430
[setup reg-reg] _26680_/Q -> _24700_/D : -0.246430
[setup reg-reg] _26680_/Q -> _24701_/D : -0.246430
[setup reg-reg] _26680_/Q -> _24702_/D : -0.246430
[setup reg-reg] _26680_/Q -> _24703_/D : -0.246430
[setup reg-reg] _26680_/Q -> _24704_/D : -0.246430
[setup reg-reg] _26680_/Q -> _24705_/D : -0.246430
[setup reg-reg] _26680_/Q -> _24706_/D : -0.246430
[setup reg-reg] _26680_/Q -> _24707_/D : -0.246430
[setup reg-reg] _26680_/Q -> _24708_/D : -0.246430
[setup reg-reg] _26680_/Q -> _24757_/D : -0.246430
[setup reg-reg] _26680_/Q -> _24758_/D : -0.246430
[setup reg-reg] _26680_/Q -> _24759_/D : -0.246430
[setup reg-reg] _26680_/Q -> _24760_/D : -0.246430
[setup reg-reg] _26680_/Q -> _24761_/D : -0.246430
[setup reg-reg] _26680_/Q -> _24762_/D : -0.246430
[setup reg-reg] _26680_/Q -> _24763_/D : -0.246430
[setup reg-reg] _26680_/Q -> _24764_/D : -0.246430
[setup reg-reg] _26680_/Q -> _24765_/D : -0.246430
[setup reg-reg] _26680_/Q -> _24766_/D : -0.246430
[setup reg-reg] _26680_/Q -> _24767_/D : -0.246430
[setup reg-reg] _26680_/Q -> _24768_/D : -0.246430
[setup reg-reg] _26680_/Q -> _24769_/D : -0.246430
[setup reg-reg] _26680_/Q -> _24770_/D : -0.246430
[setup reg-reg] _26680_/Q -> _24771_/D : -0.246430
[setup reg-reg] _26680_/Q -> _24772_/D : -0.246430
[setup reg-reg] _26680_/Q -> _24821_/D : -0.246430
[setup reg-reg] _26680_/Q -> _24822_/D : -0.246430
[setup reg-reg] _26680_/Q -> _24823_/D : -0.246430
[setup reg-reg] _26680_/Q -> _24824_/D : -0.246430
[setup reg-reg] _26680_/Q -> _24825_/D : -0.246430
[setup reg-reg] _26680_/Q -> _24826_/D : -0.246430
[setup reg-reg] _26680_/Q -> _24827_/D : -0.246430
[setup reg-reg] _26680_/Q -> _24828_/D : -0.246430
[setup reg-reg] _26680_/Q -> _24829_/D : -0.246430
[setup reg-reg] _26680_/Q -> _24830_/D : -0.246430
[setup reg-reg] _26680_/Q -> _24831_/D : -0.246430
[setup reg-reg] _26680_/Q -> _24832_/D : -0.246430
[setup reg-reg] _26680_/Q -> _24833_/D : -0.246430
[setup reg-reg] _26680_/Q -> _24834_/D : -0.246430
[setup reg-reg] _26680_/Q -> _24835_/D : -0.246430
[setup reg-reg] _26680_/Q -> _24836_/D : -0.246430
[setup reg-reg] _26680_/Q -> _24885_/D : -0.246430
[setup reg-reg] _26680_/Q -> _24886_/D : -0.246430
[setup reg-reg] _26680_/Q -> _24887_/D : -0.246430
[setup reg-reg] _26680_/Q -> _24888_/D : -0.246430
[setup reg-reg] _26680_/Q -> _24889_/D : -0.246430
[setup reg-reg] _26680_/Q -> _24890_/D : -0.246430
[setup reg-reg] _26680_/Q -> _24891_/D : -0.246430
[setup reg-reg] _26680_/Q -> _24892_/D : -0.246430
[setup reg-reg] _26680_/Q -> _24893_/D : -0.246430
[setup reg-reg] _26680_/Q -> _24894_/D : -0.246430
[setup reg-reg] _26680_/Q -> _24895_/D : -0.246430
[setup reg-reg] _26680_/Q -> _24896_/D : -0.246430
[setup reg-reg] _26680_/Q -> _24897_/D : -0.246430
[setup reg-reg] _26680_/Q -> _24898_/D : -0.246430
[setup reg-reg] _26680_/Q -> _24899_/D : -0.246430
[setup reg-reg] _26680_/Q -> _24900_/D : -0.246430
[setup reg-reg] _26680_/Q -> _24949_/D : -0.246430
[setup reg-reg] _26680_/Q -> _24950_/D : -0.246430
[setup reg-reg] _26680_/Q -> _24951_/D : -0.246430
[setup reg-reg] _26680_/Q -> _24952_/D : -0.246430
[setup reg-reg] _26680_/Q -> _24953_/D : -0.246430
[setup reg-reg] _26680_/Q -> _24954_/D : -0.246430
[setup reg-reg] _26680_/Q -> _24955_/D : -0.246430
[setup reg-reg] _26680_/Q -> _24956_/D : -0.246430
[setup reg-reg] _26680_/Q -> _24957_/D : -0.246430
[setup reg-reg] _26680_/Q -> _24958_/D : -0.246430
[setup reg-reg] _26680_/Q -> _24959_/D : -0.246430
[setup reg-reg] _26680_/Q -> _24960_/D : -0.246430
[setup reg-reg] _26680_/Q -> _24961_/D : -0.246430
[setup reg-reg] _26680_/Q -> _24962_/D : -0.246430
[setup reg-reg] _26680_/Q -> _24963_/D : -0.246430
[setup reg-reg] _26680_/Q -> _24964_/D : -0.246430
[setup reg-reg] _26680_/Q -> _25013_/D : -0.246430
[setup reg-reg] _26680_/Q -> _25014_/D : -0.246430
[setup reg-reg] _26680_/Q -> _25015_/D : -0.246430
[setup reg-reg] _26680_/Q -> _25016_/D : -0.246430
[setup reg-reg] _26680_/Q -> _25017_/D : -0.246430
[setup reg-reg] _26680_/Q -> _25018_/D : -0.246430
[setup reg-reg] _26680_/Q -> _25019_/D : -0.246430
[setup reg-reg] _26680_/Q -> _25020_/D : -0.246430
[setup reg-reg] _26680_/Q -> _25021_/D : -0.246430
[setup reg-reg] _26680_/Q -> _25022_/D : -0.246430
[setup reg-reg] _26680_/Q -> _25023_/D : -0.246430
[setup reg-reg] _26680_/Q -> _25024_/D : -0.246430
[setup reg-reg] _26680_/Q -> _25025_/D : -0.246430
[setup reg-reg] _26680_/Q -> _25026_/D : -0.246430
[setup reg-reg] _26680_/Q -> _25027_/D : -0.246430
[setup reg-reg] _26680_/Q -> _25028_/D : -0.246430
[setup reg-reg] _26680_/Q -> _25077_/D : -0.246430
[setup reg-reg] _26680_/Q -> _25078_/D : -0.246430
[setup reg-reg] _26680_/Q -> _25079_/D : -0.246430
[setup reg-reg] _26680_/Q -> _25080_/D : -0.246430
[setup reg-reg] _26680_/Q -> _25081_/D : -0.246430
[setup reg-reg] _26680_/Q -> _25082_/D : -0.246430
[setup reg-reg] _26680_/Q -> _25083_/D : -0.246430
[setup reg-reg] _26680_/Q -> _25084_/D : -0.246430
[setup reg-reg] _26680_/Q -> _25085_/D : -0.246430
[setup reg-reg] _26680_/Q -> _25086_/D : -0.246430
[setup reg-reg] _26680_/Q -> _25087_/D : -0.246430
[setup reg-reg] _26680_/Q -> _25088_/D : -0.246430
[setup reg-reg] _26680_/Q -> _25089_/D : -0.246430
[setup reg-reg] _26680_/Q -> _25090_/D : -0.246430
[setup reg-reg] _26680_/Q -> _25091_/D : -0.246430
[setup reg-reg] _26680_/Q -> _25092_/D : -0.246430
[setup reg-reg] _26680_/Q -> _25141_/D : -0.246430
[setup reg-reg] _26680_/Q -> _25142_/D : -0.246430
[setup reg-reg] _26680_/Q -> _25143_/D : -0.246430
[setup reg-reg] _26680_/Q -> _25144_/D : -0.246430
[setup reg-reg] _26680_/Q -> _25145_/D : -0.246430
[setup reg-reg] _26680_/Q -> _25146_/D : -0.246430
[setup reg-reg] _26680_/Q -> _25147_/D : -0.246430
[setup reg-reg] _26680_/Q -> _25148_/D : -0.246430
[setup reg-reg] _26680_/Q -> _25149_/D : -0.246430
[setup reg-reg] _26680_/Q -> _25150_/D : -0.246430
[setup reg-reg] _26680_/Q -> _25151_/D : -0.246430
[setup reg-reg] _26680_/Q -> _25152_/D : -0.246430
[setup reg-reg] _26680_/Q -> _25153_/D : -0.246430
[setup reg-reg] _26680_/Q -> _25154_/D : -0.246430
[setup reg-reg] _26680_/Q -> _25155_/D : -0.246430
[setup reg-reg] _26680_/Q -> _25156_/D : -0.246430
[setup reg-reg] _26680_/Q -> _25205_/D : -0.246430
[setup reg-reg] _26680_/Q -> _25206_/D : -0.246430
[setup reg-reg] _26680_/Q -> _25207_/D : -0.246430
[setup reg-reg] _26680_/Q -> _25208_/D : -0.246430
[setup reg-reg] _26680_/Q -> _25209_/D : -0.246430
[setup reg-reg] _26680_/Q -> _25210_/D : -0.246430
[setup reg-reg] _26680_/Q -> _25211_/D : -0.246430
[setup reg-reg] _26680_/Q -> _25212_/D : -0.246430
[setup reg-reg] _26680_/Q -> _25213_/D : -0.246430
[setup reg-reg] _26680_/Q -> _25214_/D : -0.246430
[setup reg-reg] _26680_/Q -> _25215_/D : -0.246430
[setup reg-reg] _26680_/Q -> _25216_/D : -0.246430
[setup reg-reg] _26680_/Q -> _25217_/D : -0.246430
[setup reg-reg] _26680_/Q -> _25218_/D : -0.246430
[setup reg-reg] _26680_/Q -> _25219_/D : -0.246430
[setup reg-reg] _26680_/Q -> _25220_/D : -0.246430
[setup reg-reg] _26680_/Q -> _25269_/D : -0.246430
[setup reg-reg] _26680_/Q -> _25270_/D : -0.246430
[setup reg-reg] _26680_/Q -> _25271_/D : -0.246430
[setup reg-reg] _26680_/Q -> _25272_/D : -0.246430
[setup reg-reg] _26680_/Q -> _25273_/D : -0.246430
[setup reg-reg] _26680_/Q -> _25274_/D : -0.246430
[setup reg-reg] _26680_/Q -> _25275_/D : -0.246430
[setup reg-reg] _26680_/Q -> _25276_/D : -0.246430
[setup reg-reg] _26680_/Q -> _25277_/D : -0.246430
[setup reg-reg] _26680_/Q -> _25278_/D : -0.246430
[setup reg-reg] _26680_/Q -> _25279_/D : -0.246430
[setup reg-reg] _26680_/Q -> _25280_/D : -0.246430
[setup reg-reg] _26680_/Q -> _25281_/D : -0.246430
[setup reg-reg] _26680_/Q -> _25282_/D : -0.246430
[setup reg-reg] _26680_/Q -> _25283_/D : -0.246430
[setup reg-reg] _26680_/Q -> _25284_/D : -0.246430
[setup reg-reg] _26680_/Q -> _25333_/D : -0.246430
[setup reg-reg] _26680_/Q -> _25334_/D : -0.246430
[setup reg-reg] _26680_/Q -> _25335_/D : -0.246430
[setup reg-reg] _26680_/Q -> _25336_/D : -0.246430
[setup reg-reg] _26680_/Q -> _25337_/D : -0.246430
[setup reg-reg] _26680_/Q -> _25338_/D : -0.246430
[setup reg-reg] _26680_/Q -> _25339_/D : -0.246430
[setup reg-reg] _26680_/Q -> _25340_/D : -0.246430
[setup reg-reg] _26680_/Q -> _25341_/D : -0.246430
[setup reg-reg] _26680_/Q -> _25342_/D : -0.246430
[setup reg-reg] _26680_/Q -> _25343_/D : -0.246430
[setup reg-reg] _26680_/Q -> _25344_/D : -0.246430
[setup reg-reg] _26680_/Q -> _25345_/D : -0.246430
[setup reg-reg] _26680_/Q -> _25346_/D : -0.246430
[setup reg-reg] _26680_/Q -> _25347_/D : -0.246430
[setup reg-reg] _26680_/Q -> _25348_/D : -0.246430
[setup reg-reg] _26680_/Q -> _25397_/D : -0.246430
[setup reg-reg] _26680_/Q -> _25398_/D : -0.246430
[setup reg-reg] _26680_/Q -> _25399_/D : -0.246430
[setup reg-reg] _26680_/Q -> _25400_/D : -0.246430
[setup reg-reg] _26680_/Q -> _25401_/D : -0.246430
[setup reg-reg] _26680_/Q -> _25402_/D : -0.246430
[setup reg-reg] _26680_/Q -> _25403_/D : -0.246430
[setup reg-reg] _26680_/Q -> _25404_/D : -0.246430
[setup reg-reg] _26680_/Q -> _25405_/D : -0.246430
[setup reg-reg] _26680_/Q -> _25406_/D : -0.246430
[setup reg-reg] _26680_/Q -> _25407_/D : -0.246430
[setup reg-reg] _26680_/Q -> _25408_/D : -0.246430
[setup reg-reg] _26680_/Q -> _25409_/D : -0.246430
[setup reg-reg] _26680_/Q -> _25410_/D : -0.246430
[setup reg-reg] _26680_/Q -> _25411_/D : -0.246430
[setup reg-reg] _26680_/Q -> _25412_/D : -0.246430
[setup reg-reg] _26680_/Q -> _24075_/D : -0.119471
[setup reg-reg] _26680_/Q -> _24076_/D : -0.119471
[setup reg-reg] _26680_/Q -> _24077_/D : -0.119471
[setup reg-reg] _26680_/Q -> _24087_/D : -0.119471
[setup reg-reg] _26680_/Q -> _24088_/D : -0.119471
[setup reg-reg] _26680_/Q -> _24089_/D : -0.119471
[setup reg-reg] _26680_/Q -> _24099_/D : -0.119471
[setup reg-reg] _26680_/Q -> _24100_/D : -0.119471
[setup reg-reg] _26680_/Q -> _24101_/D : -0.119471
[setup reg-reg] _26680_/Q -> _24111_/D : -0.119471
[setup reg-reg] _26680_/Q -> _24112_/D : -0.119471
[setup reg-reg] _26680_/Q -> _24113_/D : -0.119471
[setup reg-reg] _26680_/Q -> _24149_/D : -0.119471
[setup reg-reg] _26680_/Q -> _24150_/D : -0.119471
[setup reg-reg] _26680_/Q -> _24151_/D : -0.119471
[setup reg-reg] _26680_/Q -> _24152_/D : -0.119471
[setup reg-reg] _26680_/Q -> _24153_/D : -0.119471
[setup reg-reg] _26680_/Q -> _24154_/D : -0.119471
[setup reg-reg] _26680_/Q -> _24155_/D : -0.119471
[setup reg-reg] _26680_/Q -> _24156_/D : -0.119471
[setup reg-reg] _26680_/Q -> _24157_/D : -0.119471
[setup reg-reg] _26680_/Q -> _24158_/D : -0.119471
[setup reg-reg] _26680_/Q -> _24159_/D : -0.119471
[setup reg-reg] _26680_/Q -> _24160_/D : -0.119471
[setup reg-reg] _26680_/Q -> _24161_/D : -0.119471
[setup reg-reg] _26680_/Q -> _24162_/D : -0.119471
[setup reg-reg] _26680_/Q -> _24163_/D : -0.119471
[setup reg-reg] _26680_/Q -> _24164_/D : -0.119471
[setup reg-reg] _26680_/Q -> _24213_/D : -0.119471
[setup reg-reg] _26680_/Q -> _24214_/D : -0.119471
[setup reg-reg] _26680_/Q -> _24215_/D : -0.119471
[setup reg-reg] _26680_/Q -> _24216_/D : -0.119471
[setup reg-reg] _26680_/Q -> _24217_/D : -0.119471
[setup reg-reg] _26680_/Q -> _24218_/D : -0.119471
[setup reg-reg] _26680_/Q -> _24219_/D : -0.119471
[setup reg-reg] _26680_/Q -> _24220_/D : -0.119471
[setup reg-reg] _26680_/Q -> _24221_/D : -0.119471
[setup reg-reg] _26680_/Q -> _24222_/D : -0.119471
[setup reg-reg] _26680_/Q -> _24223_/D : -0.119471
[setup reg-reg] _26680_/Q -> _24224_/D : -0.119471
[setup reg-reg] _26680_/Q -> _24225_/D : -0.119471
[setup reg-reg] _26680_/Q -> _24226_/D : -0.119471
[setup reg-reg] _26680_/Q -> _24227_/D : -0.119471
[setup reg-reg] _26680_/Q -> _24228_/D : -0.119471
[setup reg-reg] _26680_/Q -> _24277_/D : -0.119471
[setup reg-reg] _26680_/Q -> _24278_/D : -0.119471
[setup reg-reg] _26680_/Q -> _24279_/D : -0.119471
[setup reg-reg] _26680_/Q -> _24280_/D : -0.119471
[setup reg-reg] _26680_/Q -> _24281_/D : -0.119471
[setup reg-reg] _26680_/Q -> _24282_/D : -0.119471
[setup reg-reg] _26680_/Q -> _24283_/D : -0.119471
[setup reg-reg] _26680_/Q -> _24284_/D : -0.119471
[setup reg-reg] _26680_/Q -> _24285_/D : -0.119471
[setup reg-reg] _26680_/Q -> _24286_/D : -0.119471
[setup reg-reg] _26680_/Q -> _24287_/D : -0.119471
[setup reg-reg] _26680_/Q -> _24288_/D : -0.119471
[setup reg-reg] _26680_/Q -> _24289_/D : -0.119471
[setup reg-reg] _26680_/Q -> _24290_/D : -0.119471
[setup reg-reg] _26680_/Q -> _24291_/D : -0.119471
[setup reg-reg] _26680_/Q -> _24292_/D : -0.119471
[setup reg-reg] _26680_/Q -> _24341_/D : -0.119471
[setup reg-reg] _26680_/Q -> _24342_/D : -0.119471
[setup reg-reg] _26680_/Q -> _24343_/D : -0.119471
[setup reg-reg] _26680_/Q -> _24344_/D : -0.119471
[setup reg-reg] _26680_/Q -> _24345_/D : -0.119471
[setup reg-reg] _26680_/Q -> _24346_/D : -0.119471
[setup reg-reg] _26680_/Q -> _24347_/D : -0.119471
[setup reg-reg] _26680_/Q -> _24348_/D : -0.119471
[setup reg-reg] _26680_/Q -> _24349_/D : -0.119471
[setup reg-reg] _26680_/Q -> _24350_/D : -0.119471
[setup reg-reg] _26680_/Q -> _24351_/D : -0.119471
[setup reg-reg] _26680_/Q -> _24352_/D : -0.119471
[setup reg-reg] _26680_/Q -> _24353_/D : -0.119471
[setup reg-reg] _26680_/Q -> _24354_/D : -0.119471
[setup reg-reg] _26680_/Q -> _24355_/D : -0.119471
[setup reg-reg] _26680_/Q -> _24356_/D : -0.119471
[setup reg-reg] _26680_/Q -> _24405_/D : -0.119471
[setup reg-reg] _26680_/Q -> _24406_/D : -0.119471
[setup reg-reg] _26680_/Q -> _24407_/D : -0.119471
[setup reg-reg] _26680_/Q -> _24408_/D : -0.119471
[setup reg-reg] _26680_/Q -> _24409_/D : -0.119471
[setup reg-reg] _26680_/Q -> _24410_/D : -0.119471
[setup reg-reg] _26680_/Q -> _24411_/D : -0.119471
[setup reg-reg] _26680_/Q -> _24412_/D : -0.119471
[setup reg-reg] _26680_/Q -> _24413_/D : -0.119471
[setup reg-reg] _26680_/Q -> _24414_/D : -0.119471
[setup reg-reg] _26680_/Q -> _24415_/D : -0.119471
[setup reg-reg] _26680_/Q -> _24416_/D : -0.119471
[setup reg-reg] _26680_/Q -> _24417_/D : -0.119471
[setup reg-reg] _26680_/Q -> _24418_/D : -0.119471
[setup reg-reg] _26680_/Q -> _24419_/D : -0.119471
[setup reg-reg] _26680_/Q -> _24420_/D : -0.119471
[setup reg-reg] _26680_/Q -> _24469_/D : -0.119471
[setup reg-reg] _26680_/Q -> _24470_/D : -0.119471
[setup reg-reg] _26680_/Q -> _24471_/D : -0.119471
[setup reg-reg] _26680_/Q -> _24472_/D : -0.119471
[setup reg-reg] _26680_/Q -> _24473_/D : -0.119471
[setup reg-reg] _26680_/Q -> _24474_/D : -0.119471
[setup reg-reg] _26680_/Q -> _24475_/D : -0.119471
[setup reg-reg] _26680_/Q -> _24476_/D : -0.119471
[setup reg-reg] _26680_/Q -> _24477_/D : -0.119471
[setup reg-reg] _26680_/Q -> _24478_/D : -0.119471
[setup reg-reg] _26680_/Q -> _24479_/D : -0.119471
[setup reg-reg] _26680_/Q -> _24480_/D : -0.119471
[setup reg-reg] _26680_/Q -> _24481_/D : -0.119471
[setup reg-reg] _26680_/Q -> _24482_/D : -0.119471
[setup reg-reg] _26680_/Q -> _24483_/D : -0.119471
[setup reg-reg] _26680_/Q -> _24484_/D : -0.119471
[setup reg-reg] _26680_/Q -> _24533_/D : -0.119471
[setup reg-reg] _26680_/Q -> _24534_/D : -0.119471
[setup reg-reg] _26680_/Q -> _24535_/D : -0.119471
[setup reg-reg] _26680_/Q -> _24536_/D : -0.119471
[setup reg-reg] _26680_/Q -> _24537_/D : -0.119471
[setup reg-reg] _26680_/Q -> _24538_/D : -0.119471
[setup reg-reg] _26680_/Q -> _24539_/D : -0.119471
[setup reg-reg] _26680_/Q -> _24540_/D : -0.119471
[setup reg-reg] _26680_/Q -> _24541_/D : -0.119471
[setup reg-reg] _26680_/Q -> _24542_/D : -0.119471
[setup reg-reg] _26680_/Q -> _24543_/D : -0.119471
[setup reg-reg] _26680_/Q -> _24544_/D : -0.119471
[setup reg-reg] _26680_/Q -> _24545_/D : -0.119471
[setup reg-reg] _26680_/Q -> _24546_/D : -0.119471
[setup reg-reg] _26680_/Q -> _24547_/D : -0.119471
[setup reg-reg] _26680_/Q -> _24548_/D : -0.119471
[setup reg-reg] _26680_/Q -> _24597_/D : -0.119471
[setup reg-reg] _26680_/Q -> _24598_/D : -0.119471
[setup reg-reg] _26680_/Q -> _24599_/D : -0.119471
[setup reg-reg] _26680_/Q -> _24600_/D : -0.119471
[setup reg-reg] _26680_/Q -> _24601_/D : -0.119471
[setup reg-reg] _26680_/Q -> _24602_/D : -0.119471
[setup reg-reg] _26680_/Q -> _24603_/D : -0.119471
[setup reg-reg] _26680_/Q -> _24604_/D : -0.119471
[setup reg-reg] _26680_/Q -> _24605_/D : -0.119471
[setup reg-reg] _26680_/Q -> _24606_/D : -0.119471
[setup reg-reg] _26680_/Q -> _24607_/D : -0.119471
[setup reg-reg] _26680_/Q -> _24608_/D : -0.119471
[setup reg-reg] _26680_/Q -> _24609_/D : -0.119471
[setup reg-reg] _26680_/Q -> _24610_/D : -0.119471
[setup reg-reg] _26680_/Q -> _24611_/D : -0.119471
[setup reg-reg] _26680_/Q -> _24612_/D : -0.119471
[setup reg-reg] _26680_/Q -> _24637_/D : -0.119471
[setup reg-reg] _26680_/Q -> _24638_/D : -0.119471
[setup reg-reg] _26680_/Q -> _24639_/D : -0.119471
[setup reg-reg] _26680_/Q -> _24640_/D : -0.119471
[setup reg-reg] _26680_/Q -> _24653_/D : -0.119471
[setup reg-reg] _26680_/Q -> _24654_/D : -0.119471
[setup reg-reg] _26680_/Q -> _24655_/D : -0.119471
[setup reg-reg] _26680_/Q -> _24656_/D : -0.119471
[setup reg-reg] _26680_/Q -> _24669_/D : -0.119471
[setup reg-reg] _26680_/Q -> _24670_/D : -0.119471
[setup reg-reg] _26680_/Q -> _24671_/D : -0.119471
[setup reg-reg] _26680_/Q -> _24672_/D : -0.119471
[setup reg-reg] _26680_/Q -> _24685_/D : -0.119471
[setup reg-reg] _26680_/Q -> _24686_/D : -0.119471
[setup reg-reg] _26680_/Q -> _24687_/D : -0.119471
[setup reg-reg] _26680_/Q -> _24688_/D : -0.119471
[setup reg-reg] _26680_/Q -> _24725_/D : -0.119471
[setup reg-reg] _26680_/Q -> _24726_/D : -0.119471
[setup reg-reg] _26680_/Q -> _24727_/D : -0.119471
[setup reg-reg] _26680_/Q -> _24728_/D : -0.119471
[setup reg-reg] _26680_/Q -> _24729_/D : -0.119471
[setup reg-reg] _26680_/Q -> _24730_/D : -0.119471
[setup reg-reg] _26680_/Q -> _24731_/D : -0.119471
[setup reg-reg] _26680_/Q -> _24732_/D : -0.119471
[setup reg-reg] _26680_/Q -> _24733_/D : -0.119471
[setup reg-reg] _26680_/Q -> _24734_/D : -0.119471
[setup reg-reg] _26680_/Q -> _24735_/D : -0.119471
[setup reg-reg] _26680_/Q -> _24736_/D : -0.119471
[setup reg-reg] _26680_/Q -> _24737_/D : -0.119471
[setup reg-reg] _26680_/Q -> _24738_/D : -0.119471
[setup reg-reg] _26680_/Q -> _24739_/D : -0.119471
[setup reg-reg] _26680_/Q -> _24740_/D : -0.119471
[setup reg-reg] _26680_/Q -> _24789_/D : -0.119471
[setup reg-reg] _26680_/Q -> _24790_/D : -0.119471
[setup reg-reg] _26680_/Q -> _24791_/D : -0.119471
[setup reg-reg] _26680_/Q -> _24792_/D : -0.119471
[setup reg-reg] _26680_/Q -> _24793_/D : -0.119471
[setup reg-reg] _26680_/Q -> _24794_/D : -0.119471
[setup reg-reg] _26680_/Q -> _24795_/D : -0.119471
[setup reg-reg] _26680_/Q -> _24796_/D : -0.119471
[setup reg-reg] _26680_/Q -> _24797_/D : -0.119471
[setup reg-reg] _26680_/Q -> _24798_/D : -0.119471
[setup reg-reg] _26680_/Q -> _24799_/D : -0.119471
[setup reg-reg] _26680_/Q -> _24800_/D : -0.119471
[setup reg-reg] _26680_/Q -> _24801_/D : -0.119471
[setup reg-reg] _26680_/Q -> _24802_/D : -0.119471
[setup reg-reg] _26680_/Q -> _24803_/D : -0.119471
[setup reg-reg] _26680_/Q -> _24804_/D : -0.119471
[setup reg-reg] _26680_/Q -> _24853_/D : -0.119471
[setup reg-reg] _26680_/Q -> _24854_/D : -0.119471
[setup reg-reg] _26680_/Q -> _24855_/D : -0.119471
[setup reg-reg] _26680_/Q -> _24856_/D : -0.119471
[setup reg-reg] _26680_/Q -> _24857_/D : -0.119471
[setup reg-reg] _26680_/Q -> _24858_/D : -0.119471
[setup reg-reg] _26680_/Q -> _24859_/D : -0.119471
[setup reg-reg] _26680_/Q -> _24860_/D : -0.119471
[setup reg-reg] _26680_/Q -> _24861_/D : -0.119471
[setup reg-reg] _26680_/Q -> _24862_/D : -0.119471
[setup reg-reg] _26680_/Q -> _24863_/D : -0.119471
[setup reg-reg] _26680_/Q -> _24864_/D : -0.119471
[setup reg-reg] _26680_/Q -> _24865_/D : -0.119471
[setup reg-reg] _26680_/Q -> _24866_/D : -0.119471
[setup reg-reg] _26680_/Q -> _24867_/D : -0.119471
[setup reg-reg] _26680_/Q -> _24868_/D : -0.119471
[setup reg-reg] _26680_/Q -> _24917_/D : -0.119471
[setup reg-reg] _26680_/Q -> _24918_/D : -0.119471
[setup reg-reg] _26680_/Q -> _24919_/D : -0.119471
[setup reg-reg] _26680_/Q -> _24920_/D : -0.119471
[setup reg-reg] _26680_/Q -> _24921_/D : -0.119471
[setup reg-reg] _26680_/Q -> _24922_/D : -0.119471
[setup reg-reg] _26680_/Q -> _24923_/D : -0.119471
[setup reg-reg] _26680_/Q -> _24924_/D : -0.119471
[setup reg-reg] _26680_/Q -> _24925_/D : -0.119471
[setup reg-reg] _26680_/Q -> _24926_/D : -0.119471
[setup reg-reg] _26680_/Q -> _24927_/D : -0.119471
[setup reg-reg] _26680_/Q -> _24928_/D : -0.119471
[setup reg-reg] _26680_/Q -> _24929_/D : -0.119471
[setup reg-reg] _26680_/Q -> _24930_/D : -0.119471
[setup reg-reg] _26680_/Q -> _24931_/D : -0.119471
[setup reg-reg] _26680_/Q -> _24932_/D : -0.119471
[setup reg-reg] _26680_/Q -> _24981_/D : -0.119471
[setup reg-reg] _26680_/Q -> _24982_/D : -0.119471
[setup reg-reg] _26680_/Q -> _24983_/D : -0.119471
[setup reg-reg] _26680_/Q -> _24984_/D : -0.119471
[setup reg-reg] _26680_/Q -> _24985_/D : -0.119471
[setup reg-reg] _26680_/Q -> _24986_/D : -0.119471
[setup reg-reg] _26680_/Q -> _24987_/D : -0.119471
[setup reg-reg] _26680_/Q -> _24988_/D : -0.119471
[setup reg-reg] _26680_/Q -> _24989_/D : -0.119471
[setup reg-reg] _26680_/Q -> _24990_/D : -0.119471
[setup reg-reg] _26680_/Q -> _24991_/D : -0.119471
[setup reg-reg] _26680_/Q -> _24992_/D : -0.119471
[setup reg-reg] _26680_/Q -> _24993_/D : -0.119471
[setup reg-reg] _26680_/Q -> _24994_/D : -0.119471
[setup reg-reg] _26680_/Q -> _24995_/D : -0.119471
[setup reg-reg] _26680_/Q -> _24996_/D : -0.119471
[setup reg-reg] _26680_/Q -> _25045_/D : -0.119471
[setup reg-reg] _26680_/Q -> _25046_/D : -0.119471
[setup reg-reg] _26680_/Q -> _25047_/D : -0.119471
[setup reg-reg] _26680_/Q -> _25048_/D : -0.119471
[setup reg-reg] _26680_/Q -> _25049_/D : -0.119471
[setup reg-reg] _26680_/Q -> _25050_/D : -0.119471
[setup reg-reg] _26680_/Q -> _25051_/D : -0.119471
[setup reg-reg] _26680_/Q -> _25052_/D : -0.119471
[setup reg-reg] _26680_/Q -> _25053_/D : -0.119471
[setup reg-reg] _26680_/Q -> _25054_/D : -0.119471
[setup reg-reg] _26680_/Q -> _25055_/D : -0.119471
[setup reg-reg] _26680_/Q -> _25056_/D : -0.119471
[setup reg-reg] _26680_/Q -> _25057_/D : -0.119471
[setup reg-reg] _26680_/Q -> _25058_/D : -0.119471
[setup reg-reg] _26680_/Q -> _25059_/D : -0.119471
[setup reg-reg] _26680_/Q -> _25060_/D : -0.119471
[setup reg-reg] _26680_/Q -> _25109_/D : -0.119471
[setup reg-reg] _26680_/Q -> _25110_/D : -0.119471
[setup reg-reg] _26680_/Q -> _25111_/D : -0.119471
[setup reg-reg] _26680_/Q -> _25112_/D : -0.119471
[setup reg-reg] _26680_/Q -> _25113_/D : -0.119471
[setup reg-reg] _26680_/Q -> _25114_/D : -0.119471
[setup reg-reg] _26680_/Q -> _25115_/D : -0.119471
[setup reg-reg] _26680_/Q -> _25116_/D : -0.119471
[setup reg-reg] _26680_/Q -> _25117_/D : -0.119471
[setup reg-reg] _26680_/Q -> _25118_/D : -0.119471
[setup reg-reg] _26680_/Q -> _25119_/D : -0.119471
[setup reg-reg] _26680_/Q -> _25120_/D : -0.119471
[setup reg-reg] _26680_/Q -> _25121_/D : -0.119471
[setup reg-reg] _26680_/Q -> _25122_/D : -0.119471
[setup reg-reg] _26680_/Q -> _25123_/D : -0.119471
[setup reg-reg] _26680_/Q -> _25124_/D : -0.119471
[setup reg-reg] _26680_/Q -> _25173_/D : -0.119471
[setup reg-reg] _26680_/Q -> _25174_/D : -0.119471
[setup reg-reg] _26680_/Q -> _25175_/D : -0.119471
[setup reg-reg] _26680_/Q -> _25176_/D : -0.119471
[setup reg-reg] _26680_/Q -> _25177_/D : -0.119471
[setup reg-reg] _26680_/Q -> _25178_/D : -0.119471
[setup reg-reg] _26680_/Q -> _25179_/D : -0.119471
[setup reg-reg] _26680_/Q -> _25180_/D : -0.119471
[setup reg-reg] _26680_/Q -> _25181_/D : -0.119471
[setup reg-reg] _26680_/Q -> _25182_/D : -0.119471
[setup reg-reg] _26680_/Q -> _25183_/D : -0.119471
[setup reg-reg] _26680_/Q -> _25184_/D : -0.119471
[setup reg-reg] _26680_/Q -> _25185_/D : -0.119471
[setup reg-reg] _26680_/Q -> _25186_/D : -0.119471
[setup reg-reg] _26680_/Q -> _25187_/D : -0.119471
[setup reg-reg] _26680_/Q -> _25188_/D : -0.119471
[setup reg-reg] _26680_/Q -> _25237_/D : -0.119471
[setup reg-reg] _26680_/Q -> _25238_/D : -0.119471
[setup reg-reg] _26680_/Q -> _25239_/D : -0.119471
[setup reg-reg] _26680_/Q -> _25240_/D : -0.119471
[setup reg-reg] _26680_/Q -> _25241_/D : -0.119471
[setup reg-reg] _26680_/Q -> _25242_/D : -0.119471
[setup reg-reg] _26680_/Q -> _25243_/D : -0.119471
[setup reg-reg] _26680_/Q -> _25244_/D : -0.119471
[setup reg-reg] _26680_/Q -> _25245_/D : -0.119471
[setup reg-reg] _26680_/Q -> _25246_/D : -0.119471
[setup reg-reg] _26680_/Q -> _25247_/D : -0.119471
[setup reg-reg] _26680_/Q -> _25248_/D : -0.119471
[setup reg-reg] _26680_/Q -> _25249_/D : -0.119471
[setup reg-reg] _26680_/Q -> _25250_/D : -0.119471
[setup reg-reg] _26680_/Q -> _25251_/D : -0.119471
[setup reg-reg] _26680_/Q -> _25252_/D : -0.119471
[setup reg-reg] _26680_/Q -> _25301_/D : -0.119471
[setup reg-reg] _26680_/Q -> _25302_/D : -0.119471
[setup reg-reg] _26680_/Q -> _25303_/D : -0.119471
[setup reg-reg] _26680_/Q -> _25304_/D : -0.119471
[setup reg-reg] _26680_/Q -> _25305_/D : -0.119471
[setup reg-reg] _26680_/Q -> _25306_/D : -0.119471
[setup reg-reg] _26680_/Q -> _25307_/D : -0.119471
[setup reg-reg] _26680_/Q -> _25308_/D : -0.119471
[setup reg-reg] _26680_/Q -> _25309_/D : -0.119471
[setup reg-reg] _26680_/Q -> _25310_/D : -0.119471
[setup reg-reg] _26680_/Q -> _25311_/D : -0.119471
[setup reg-reg] _26680_/Q -> _25312_/D : -0.119471
[setup reg-reg] _26680_/Q -> _25313_/D : -0.119471
[setup reg-reg] _26680_/Q -> _25314_/D : -0.119471
[setup reg-reg] _26680_/Q -> _25315_/D : -0.119471
[setup reg-reg] _26680_/Q -> _25316_/D : -0.119471
[setup reg-reg] _26680_/Q -> _25365_/D : -0.119471
[setup reg-reg] _26680_/Q -> _25366_/D : -0.119471
[setup reg-reg] _26680_/Q -> _25367_/D : -0.119471
[setup reg-reg] _26680_/Q -> _25368_/D : -0.119471
[setup reg-reg] _26680_/Q -> _25369_/D : -0.119471
[setup reg-reg] _26680_/Q -> _25370_/D : -0.119471
[setup reg-reg] _26680_/Q -> _25371_/D : -0.119471
[setup reg-reg] _26680_/Q -> _25372_/D : -0.119471
[setup reg-reg] _26680_/Q -> _25373_/D : -0.119471
[setup reg-reg] _26680_/Q -> _25374_/D : -0.119471
[setup reg-reg] _26680_/Q -> _25375_/D : -0.119471
[setup reg-reg] _26680_/Q -> _25376_/D : -0.119471
[setup reg-reg] _26680_/Q -> _25377_/D : -0.119471
[setup reg-reg] _26680_/Q -> _25378_/D : -0.119471
[setup reg-reg] _26680_/Q -> _25379_/D : -0.119471
[setup reg-reg] _26680_/Q -> _25380_/D : -0.119471
[setup reg-reg] _26680_/Q -> _25429_/D : -0.119471
[setup reg-reg] _26680_/Q -> _25430_/D : -0.119471
[setup reg-reg] _26680_/Q -> _25431_/D : -0.119471
[setup reg-reg] _26680_/Q -> _25432_/D : -0.119471
[setup reg-reg] _26680_/Q -> _25433_/D : -0.119471
[setup reg-reg] _26680_/Q -> _25434_/D : -0.119471
[setup reg-reg] _26680_/Q -> _25435_/D : -0.119471
[setup reg-reg] _26680_/Q -> _25436_/D : -0.119471
[setup reg-reg] _26680_/Q -> _25437_/D : -0.119471
[setup reg-reg] _26680_/Q -> _25438_/D : -0.119471
[setup reg-reg] _26680_/Q -> _25439_/D : -0.119471
[setup reg-reg] _26680_/Q -> _25440_/D : -0.119471
[setup reg-reg] _26680_/Q -> _25441_/D : -0.119471
[setup reg-reg] _26680_/Q -> _25442_/D : -0.119471
[setup reg-reg] _26680_/Q -> _25443_/D : -0.119471
[setup reg-reg] _26680_/Q -> _25444_/D : -0.119471
