Reading timing models for corner max_tt_025C_1v80…
Reading timing library for the 'max_tt_025C_1v80' corner at '/Users/yomna/.ciel/ciel/sky130/versions/8afc8346a57fe1ab7934ba5a6056ea8b43078e71/sky130A/libs.ref/sky130_fd_sc_hd/lib/sky130_fd_sc_hd__tt_025C_1v80.lib'…
Reading timing models for corner min_ss_100C_1v60…
Reading timing library for the 'min_ss_100C_1v60' corner at '/Users/yomna/.ciel/ciel/sky130/versions/8afc8346a57fe1ab7934ba5a6056ea8b43078e71/sky130A/libs.ref/sky130_fd_sc_hd/lib/sky130_fd_sc_hd__ss_100C_1v60.lib'…
Reading timing models for corner nom_tt_025C_1v80…
Reading timing library for the 'nom_tt_025C_1v80' corner at '/Users/yomna/.ciel/ciel/sky130/versions/8afc8346a57fe1ab7934ba5a6056ea8b43078e71/sky130A/libs.ref/sky130_fd_sc_hd/lib/sky130_fd_sc_hd__tt_025C_1v80.lib'…
[WARNING STA-1140] /Users/yomna/.ciel/ciel/sky130/versions/8afc8346a57fe1ab7934ba5a6056ea8b43078e71/sky130A/libs.ref/sky130_fd_sc_hd/lib/sky130_fd_sc_hd__tt_025C_1v80.lib line 1, library sky130_fd_sc_hd__tt_025C_1v80 already exists.
Reading timing models for corner max_ff_n40C_1v95…
Reading timing library for the 'max_ff_n40C_1v95' corner at '/Users/yomna/.ciel/ciel/sky130/versions/8afc8346a57fe1ab7934ba5a6056ea8b43078e71/sky130A/libs.ref/sky130_fd_sc_hd/lib/sky130_fd_sc_hd__ff_n40C_1v95.lib'…
Reading timing models for corner nom_ff_n40C_1v95…
Reading timing library for the 'nom_ff_n40C_1v95' corner at '/Users/yomna/.ciel/ciel/sky130/versions/8afc8346a57fe1ab7934ba5a6056ea8b43078e71/sky130A/libs.ref/sky130_fd_sc_hd/lib/sky130_fd_sc_hd__ff_n40C_1v95.lib'…
[WARNING STA-1140] /Users/yomna/.ciel/ciel/sky130/versions/8afc8346a57fe1ab7934ba5a6056ea8b43078e71/sky130A/libs.ref/sky130_fd_sc_hd/lib/sky130_fd_sc_hd__ff_n40C_1v95.lib line 1, library sky130_fd_sc_hd__ff_n40C_1v95 already exists.
Reading timing models for corner max_ss_100C_1v60…
Reading timing library for the 'max_ss_100C_1v60' corner at '/Users/yomna/.ciel/ciel/sky130/versions/8afc8346a57fe1ab7934ba5a6056ea8b43078e71/sky130A/libs.ref/sky130_fd_sc_hd/lib/sky130_fd_sc_hd__ss_100C_1v60.lib'…
[WARNING STA-1140] /Users/yomna/.ciel/ciel/sky130/versions/8afc8346a57fe1ab7934ba5a6056ea8b43078e71/sky130A/libs.ref/sky130_fd_sc_hd/lib/sky130_fd_sc_hd__ss_100C_1v60.lib line 1, library sky130_fd_sc_hd__ss_100C_1v60 already exists.
Reading timing models for corner min_tt_025C_1v80…
Reading timing library for the 'min_tt_025C_1v80' corner at '/Users/yomna/.ciel/ciel/sky130/versions/8afc8346a57fe1ab7934ba5a6056ea8b43078e71/sky130A/libs.ref/sky130_fd_sc_hd/lib/sky130_fd_sc_hd__tt_025C_1v80.lib'…
[WARNING STA-1140] /Users/yomna/.ciel/ciel/sky130/versions/8afc8346a57fe1ab7934ba5a6056ea8b43078e71/sky130A/libs.ref/sky130_fd_sc_hd/lib/sky130_fd_sc_hd__tt_025C_1v80.lib line 1, library sky130_fd_sc_hd__tt_025C_1v80 already exists.
Reading timing models for corner nom_ss_100C_1v60…
Reading timing library for the 'nom_ss_100C_1v60' corner at '/Users/yomna/.ciel/ciel/sky130/versions/8afc8346a57fe1ab7934ba5a6056ea8b43078e71/sky130A/libs.ref/sky130_fd_sc_hd/lib/sky130_fd_sc_hd__ss_100C_1v60.lib'…
[WARNING STA-1140] /Users/yomna/.ciel/ciel/sky130/versions/8afc8346a57fe1ab7934ba5a6056ea8b43078e71/sky130A/libs.ref/sky130_fd_sc_hd/lib/sky130_fd_sc_hd__ss_100C_1v60.lib line 1, library sky130_fd_sc_hd__ss_100C_1v60 already exists.
Reading timing models for corner min_ff_n40C_1v95…
Reading timing library for the 'min_ff_n40C_1v95' corner at '/Users/yomna/.ciel/ciel/sky130/versions/8afc8346a57fe1ab7934ba5a6056ea8b43078e71/sky130A/libs.ref/sky130_fd_sc_hd/lib/sky130_fd_sc_hd__ff_n40C_1v95.lib'…
[WARNING STA-1140] /Users/yomna/.ciel/ciel/sky130/versions/8afc8346a57fe1ab7934ba5a6056ea8b43078e71/sky130A/libs.ref/sky130_fd_sc_hd/lib/sky130_fd_sc_hd__ff_n40C_1v95.lib line 1, library sky130_fd_sc_hd__ff_n40C_1v95 already exists.
Reading OpenROAD database at '/Users/yomna/Documents/projects/harts/flow/openlane/runs/classic-flow/42-openroad-globalrouting/hw_scheduler_top.odb'…
Reading design constraints file at '/Users/yomna/Documents/projects/harts/flow/openlane/sdc/hw_scheduler_top_pnr.sdc'…
[INFO]: Creating clock {clk} for port clk with period: 25
[INFO]: Setting clock uncertainty to: 0.12
[INFO]: Source clock latency 0 (macro boundary)
[INFO] Setting signal min routing layer to: met1 and clock min routing layer to met1. 
[INFO] Setting signal max routing layer to: met4 and clock max routing layer to met4. 
+ global_route -congestion_iterations 50 -verbose
[INFO GRT-0020] Min routing layer: met1
[INFO GRT-0021] Max routing layer: met4
[INFO GRT-0022] Global adjustment: 30%
[INFO GRT-0023] Grid origin: (0, 0)
[INFO GRT-0088] Layer li1     Track-Pitch = 0.4600  line-2-Via Pitch: 0.3400
[INFO GRT-0088] Layer met1    Track-Pitch = 0.3400  line-2-Via Pitch: 0.3400
[INFO GRT-0088] Layer met2    Track-Pitch = 0.4600  line-2-Via Pitch: 0.3500
[INFO GRT-0088] Layer met3    Track-Pitch = 0.6800  line-2-Via Pitch: 0.6150
[INFO GRT-0088] Layer met4    Track-Pitch = 0.9200  line-2-Via Pitch: 0.6150
[INFO GRT-0003] Macros: 0
[INFO GRT-0004] Blockages: 40899
[INFO GRT-0019] Found 358 clock nets.
[INFO GRT-0001] Minimum degree: 2
[INFO GRT-0002] Maximum degree: 18

[INFO GRT-0053] Routing resources analysis:
          Routing      Original      Derated      Resource
Layer     Direction    Resources     Resources    Reduction (%)
---------------------------------------------------------------
li1        Vertical            0             0          0.00%
met1       Horizontal     202972        135068          33.45%
met2       Vertical       210889        140196          33.52%
met3       Horizontal     145307         99755          31.35%
met4       Vertical       105147         63136          39.95%
---------------------------------------------------------------

[INFO GRT-0101] Running extra iterations to remove overflow.
[INFO GRT-0102] Start extra iteration 1/50
[INFO GRT-0102] Start extra iteration 2/50
[INFO GRT-0102] Start extra iteration 3/50
[INFO GRT-0197] Via related to pin nodes: 145467
[INFO GRT-0198] Via related Steiner nodes: 4196
[INFO GRT-0199] Via filling finished.
[INFO GRT-0111] Final number of vias: 187969
[INFO GRT-0112] Final usage 3D: 737695

[INFO GRT-0096] Final congestion report:
Layer         Resource        Demand        Usage (%)    Max H / Max V / Total Overflow
---------------------------------------------------------------------------------------
li1                  0             0            0.00%             0 /  0 /  0
met1            135068         68831           50.96%             0 /  0 /  0
met2            140196         72757           51.90%             0 /  0 /  0
met3             99755         18398           18.44%             0 /  0 /  0
met4             63136         13802           21.86%             0 /  0 /  0
---------------------------------------------------------------------------------------
Total           438155        173788           39.66%             0 /  0 /  0

[INFO GRT-0018] Total wirelength: 1650624 um
[INFO GRT-0014] Routed nets: 26655
[INFO GRT-0303] Global routing runtime = 00:00:08
+ repair_design -verbose -max_wire_length 0 -slew_margin 10 -cap_margin 10
Iteration |   Area    | Resized | Buffers | Nets repaired | Remaining
---------------------------------------------------------------------
        0 |     +0.0% |       0 |       0 |             0 |     26934
     1000 |     +0.0% |       0 |       0 |             0 |     25934
     2000 |     +0.0% |       0 |       0 |             0 |     24934
     3000 |     +0.0% |       0 |       0 |             0 |     23934
     4000 |     +0.0% |       0 |       0 |             0 |     22934
     5000 |     +0.0% |       0 |       0 |             0 |     21934
     6000 |     +0.0% |       0 |       0 |             0 |     20934
     7000 |     +0.0% |       0 |       0 |             0 |     19934
     8000 |     +0.0% |       0 |       0 |             0 |     18934
     9000 |     +0.0% |       0 |       0 |             0 |     17934
    10000 |     +0.0% |       0 |       0 |             0 |     16934
    11000 |     +0.0% |       0 |       0 |             0 |     15934
    12000 |     +0.0% |       0 |       0 |             0 |     14934
    13000 |     +0.0% |       0 |       0 |             0 |     13934
    14000 |     +0.0% |       0 |       0 |             0 |     12934
    15000 |     +0.0% |       0 |       0 |             0 |     11934
    16000 |     +0.0% |       0 |       0 |             0 |     10934
    17000 |     +0.0% |       0 |       0 |             0 |      9934
    18000 |     +0.0% |       0 |       0 |             0 |      8934
    19000 |     +0.0% |       0 |       0 |             0 |      7934
    20000 |     +0.0% |       0 |       0 |             0 |      6934
    21000 |     +0.0% |       0 |       0 |             0 |      5934
    22000 |     +0.0% |       0 |       0 |             0 |      4934
    23000 |     -0.0% |       4 |       0 |             4 |      3934
    24000 |     -0.0% |       4 |       0 |             4 |      2934
    25000 |     -0.0% |       4 |       0 |             4 |      1934
    26000 |     -0.0% |       4 |       0 |             4 |       934
    final |     -0.0% |       4 |       0 |            13 |         0
---------------------------------------------------------------------
[INFO RSZ-0034] Found 13 slew violations.
[INFO RSZ-0039] Resized 4 instances.
+ detailed_placement -max_displacement  500 100 
Placement Analysis
---------------------------------
total displacement          0.0 u
average displacement        0.0 u
max displacement            0.0 u
original HPWL         1071836.1 u
legalized HPWL        1086013.0 u
delta HPWL                    1 %

[INFO DPL-0020] Mirrored 9705 instances
[INFO DPL-0021] HPWL before          1086013.0 u
[INFO DPL-0022] HPWL after           1071836.1 u
[INFO DPL-0023] HPWL delta               -1.3 %
+ global_route -congestion_iterations 50 -verbose
[INFO GRT-0020] Min routing layer: met1
[INFO GRT-0021] Max routing layer: met4
[INFO GRT-0022] Global adjustment: 30%
[INFO GRT-0023] Grid origin: (0, 0)
[INFO GRT-0088] Layer li1     Track-Pitch = 0.4600  line-2-Via Pitch: 0.3400
[INFO GRT-0088] Layer met1    Track-Pitch = 0.3400  line-2-Via Pitch: 0.3400
[INFO GRT-0088] Layer met2    Track-Pitch = 0.4600  line-2-Via Pitch: 0.3500
[INFO GRT-0088] Layer met3    Track-Pitch = 0.6800  line-2-Via Pitch: 0.6150
[INFO GRT-0088] Layer met4    Track-Pitch = 0.9200  line-2-Via Pitch: 0.6150
[INFO GRT-0003] Macros: 0
[INFO GRT-0004] Blockages: 40899
[INFO GRT-0019] Found 358 clock nets.
[INFO GRT-0001] Minimum degree: 2
[INFO GRT-0002] Maximum degree: 18

[INFO GRT-0053] Routing resources analysis:
          Routing      Original      Derated      Resource
Layer     Direction    Resources     Resources    Reduction (%)
---------------------------------------------------------------
li1        Vertical            0             0          0.00%
met1       Horizontal     202972        135068          33.45%
met2       Vertical       210889        140196          33.52%
met3       Horizontal     145307         99755          31.35%
met4       Vertical       105147         63136          39.95%
---------------------------------------------------------------

[INFO GRT-0101] Running extra iterations to remove overflow.
[INFO GRT-0102] Start extra iteration 1/50
[INFO GRT-0102] Start extra iteration 2/50
[INFO GRT-0102] Start extra iteration 3/50
[WARNING EST-0026] Missing route to pin _44727_/D in net _00001_.
[WARNING EST-0026] Missing route to pin _35559_/X in net _00001_.
[WARNING EST-0026] Missing route to pin _44727_/D in net _00001_.
[WARNING EST-0026] Missing route to pin _35559_/X in net _00001_.
[WARNING EST-0026] Missing route to pin _44727_/D in net _00001_.
[WARNING EST-0026] Missing route to pin _35559_/X in net _00001_.
[WARNING EST-0026] Missing route to pin _44727_/D in net _00001_.
[WARNING EST-0026] Missing route to pin _35559_/X in net _00001_.
[WARNING EST-0026] Missing route to pin _44727_/D in net _00001_.
[WARNING EST-0026] Missing route to pin _35559_/X in net _00001_.
[WARNING EST-0026] Missing route to pin _44727_/D in net _00001_.
[WARNING EST-0026] Missing route to pin _35559_/X in net _00001_.
[WARNING EST-0026] Missing route to pin _44727_/D in net _00001_.
[WARNING EST-0026] Missing route to pin _35559_/X in net _00001_.
[WARNING EST-0026] Missing route to pin _44727_/D in net _00001_.
[WARNING EST-0026] Missing route to pin _35559_/X in net _00001_.
[WARNING EST-0026] Missing route to pin _44727_/D in net _00001_.
[WARNING EST-0026] Missing route to pin _35559_/X in net _00001_.
[WARNING EST-0026] Missing route to pin _45406_/D in net _00003_.
[WARNING EST-0026] Missing route to pin _25768_/Y in net _00003_.
[WARNING EST-0026] Missing route to pin _45406_/D in net _00003_.
[WARNING EST-0026] Missing route to pin _25768_/Y in net _00003_.
[WARNING EST-0026] Missing route to pin _45406_/D in net _00003_.
[WARNING EST-0026] Missing route to pin _25768_/Y in net _00003_.
[WARNING EST-0026] Missing route to pin _45406_/D in net _00003_.
[WARNING EST-0026] Missing route to pin _25768_/Y in net _00003_.
[WARNING EST-0026] Missing route to pin _45406_/D in net _00003_.
[WARNING EST-0026] Missing route to pin _25768_/Y in net _00003_.
[WARNING EST-0026] Missing route to pin _45406_/D in net _00003_.
[WARNING EST-0026] Missing route to pin _25768_/Y in net _00003_.
[WARNING EST-0026] Missing route to pin _45406_/D in net _00003_.
[WARNING EST-0026] Missing route to pin _25768_/Y in net _00003_.
[WARNING EST-0026] Missing route to pin _45406_/D in net _00003_.
[WARNING EST-0026] Missing route to pin _25768_/Y in net _00003_.
[WARNING EST-0026] Missing route to pin _45406_/D in net _00003_.
[WARNING EST-0026] Missing route to pin _25768_/Y in net _00003_.
[WARNING EST-0026] Missing route to pin _45461_/D in net _00004_.
[WARNING EST-0026] Missing route to pin _35532_/Y in net _00004_.
[WARNING EST-0026] Missing route to pin _45461_/D in net _00004_.
[WARNING EST-0026] Missing route to pin _35532_/Y in net _00004_.
[WARNING EST-0026] Missing route to pin _45461_/D in net _00004_.
[WARNING EST-0026] Missing route to pin _35532_/Y in net _00004_.
[WARNING EST-0026] Missing route to pin _45461_/D in net _00004_.
[WARNING EST-0026] Missing route to pin _35532_/Y in net _00004_.
[WARNING EST-0026] Missing route to pin _45461_/D in net _00004_.
[WARNING EST-0026] Missing route to pin _35532_/Y in net _00004_.
[WARNING EST-0026] Missing route to pin _45461_/D in net _00004_.
[WARNING EST-0026] Missing route to pin _35532_/Y in net _00004_.
[WARNING EST-0026] Missing route to pin _45461_/D in net _00004_.
[WARNING EST-0026] Missing route to pin _35532_/Y in net _00004_.
[WARNING EST-0026] Missing route to pin _45461_/D in net _00004_.
[WARNING EST-0026] Missing route to pin _35532_/Y in net _00004_.
[WARNING EST-0026] Missing route to pin _45461_/D in net _00004_.
[WARNING EST-0026] Missing route to pin _35532_/Y in net _00004_.
[WARNING EST-0026] Missing route to pin _45462_/D in net _00005_.
[WARNING EST-0026] Missing route to pin _35530_/Y in net _00005_.
[WARNING EST-0026] Missing route to pin _28220_/A in net _00005_.
[WARNING EST-0026] Missing route to pin _45462_/D in net _00005_.
[WARNING EST-0026] Missing route to pin _35530_/Y in net _00005_.
[WARNING EST-0026] Missing route to pin _28220_/A in net _00005_.
[WARNING EST-0026] Missing route to pin _45462_/D in net _00005_.
[WARNING EST-0026] Missing route to pin _35530_/Y in net _00005_.
[WARNING EST-0026] Missing route to pin _28220_/A in net _00005_.
[WARNING EST-0026] Missing route to pin _45462_/D in net _00005_.
[WARNING EST-0026] Missing route to pin _35530_/Y in net _00005_.
[WARNING EST-0026] Missing route to pin _28220_/A in net _00005_.
[WARNING EST-0026] Missing route to pin _45462_/D in net _00005_.
[WARNING EST-0026] Missing route to pin _35530_/Y in net _00005_.
[WARNING EST-0026] Missing route to pin _28220_/A in net _00005_.
[WARNING EST-0026] Missing route to pin _45462_/D in net _00005_.
[WARNING EST-0026] Missing route to pin _35530_/Y in net _00005_.
[WARNING EST-0026] Missing route to pin _28220_/A in net _00005_.
[WARNING EST-0026] Missing route to pin _45462_/D in net _00005_.
[WARNING EST-0026] Missing route to pin _35530_/Y in net _00005_.
[WARNING EST-0026] Missing route to pin _28220_/A in net _00005_.
[WARNING EST-0026] Missing route to pin _45462_/D in net _00005_.
[WARNING EST-0026] Missing route to pin _35530_/Y in net _00005_.
[WARNING EST-0026] Missing route to pin _28220_/A in net _00005_.
[WARNING EST-0026] Missing route to pin _45462_/D in net _00005_.
[WARNING EST-0026] Missing route to pin _35530_/Y in net _00005_.
[WARNING EST-0026] Missing route to pin _28220_/A in net _00005_.
[WARNING EST-0026] Missing route to pin _45443_/D in net _00006_.
[WARNING EST-0026] Missing route to pin _35546_/X in net _00006_.
[WARNING EST-0026] Missing route to pin _25768_/A3 in net _00006_.
[WARNING EST-0026] Missing route to pin _25766_/B1 in net _00006_.
[WARNING EST-0026] Missing route to pin _25764_/A in net _00006_.
[WARNING EST-0026] Missing route to pin _25760_/B1 in net _00006_.
[WARNING EST-0026] Missing route to pin _25759_/B in net _00006_.
[WARNING EST-0026] Missing route to pin _25753_/A in net _00006_.
[WARNING EST-0026] Missing route to pin _25710_/A in net _00006_.
[WARNING EST-0026] Missing route to pin _25702_/A in net _00006_.
[WARNING EST-0026] Missing route to pin _25603_/C1 in net _00006_.
[WARNING EST-0026] Missing route to pin _45443_/D in net _00006_.
[WARNING EST-0026] Missing route to pin _35546_/X in net _00006_.
[WARNING EST-0026] Missing route to pin _25768_/A3 in net _00006_.
[WARNING EST-0026] Missing route to pin _25766_/B1 in net _00006_.
[WARNING EST-0026] Missing route to pin _25764_/A in net _00006_.
[WARNING EST-0026] Missing route to pin _25760_/B1 in net _00006_.
[WARNING EST-0026] Missing route to pin _25759_/B in net _00006_.
[WARNING EST-0026] Missing route to pin _25753_/A in net _00006_.
[WARNING EST-0026] Missing route to pin _25710_/A in net _00006_.
[WARNING EST-0026] Missing route to pin _25702_/A in net _00006_.
[WARNING EST-0026] Missing route to pin _25603_/C1 in net _00006_.
[WARNING EST-0026] Missing route to pin _45443_/D in net _00006_.
[WARNING EST-0026] Missing route to pin _35546_/X in net _00006_.
[WARNING EST-0026] Missing route to pin _25768_/A3 in net _00006_.
[WARNING EST-0026] Missing route to pin _25766_/B1 in net _00006_.
[WARNING EST-0026] Missing route to pin _25764_/A in net _00006_.
[WARNING EST-0026] Missing route to pin _25760_/B1 in net _00006_.
[WARNING EST-0026] Missing route to pin _25759_/B in net _00006_.
[WARNING EST-0026] Missing route to pin _25753_/A in net _00006_.
[WARNING EST-0026] Missing route to pin _25710_/A in net _00006_.
[WARNING EST-0026] Missing route to pin _25702_/A in net _00006_.
[WARNING EST-0026] Missing route to pin _25603_/C1 in net _00006_.
[WARNING EST-0026] Missing route to pin _45443_/D in net _00006_.
[WARNING EST-0026] Missing route to pin _35546_/X in net _00006_.
[WARNING EST-0026] Missing route to pin _25768_/A3 in net _00006_.
[WARNING EST-0026] Missing route to pin _25766_/B1 in net _00006_.
[WARNING EST-0026] Missing route to pin _25764_/A in net _00006_.
[WARNING EST-0026] Missing route to pin _25760_/B1 in net _00006_.
[WARNING EST-0026] Missing route to pin _25759_/B in net _00006_.
[WARNING EST-0026] Missing route to pin _25753_/A in net _00006_.
[WARNING EST-0026] Missing route to pin _25710_/A in net _00006_.
[WARNING EST-0026] Missing route to pin _25702_/A in net _00006_.
[WARNING EST-0026] Missing route to pin _25603_/C1 in net _00006_.
[WARNING EST-0026] Missing route to pin _45443_/D in net _00006_.
[WARNING EST-0026] Missing route to pin _35546_/X in net _00006_.
[WARNING EST-0026] Missing route to pin _25768_/A3 in net _00006_.
[WARNING EST-0026] Missing route to pin _25766_/B1 in net _00006_.
[WARNING EST-0026] Missing route to pin _25764_/A in net _00006_.
[WARNING EST-0026] Missing route to pin _25760_/B1 in net _00006_.
[WARNING EST-0026] Missing route to pin _25759_/B in net _00006_.
[WARNING EST-0026] Missing route to pin _25753_/A in net _00006_.
[WARNING EST-0026] Missing route to pin _25710_/A in net _00006_.
[WARNING EST-0026] Missing route to pin _25702_/A in net _00006_.
[WARNING EST-0026] Missing route to pin _25603_/C1 in net _00006_.
[WARNING EST-0026] Missing route to pin _45443_/D in net _00006_.
[WARNING EST-0026] Missing route to pin _35546_/X in net _00006_.
[WARNING EST-0026] Missing route to pin _25768_/A3 in net _00006_.
[WARNING EST-0026] Missing route to pin _25766_/B1 in net _00006_.
[WARNING EST-0026] Missing route to pin _25764_/A in net _00006_.
[WARNING EST-0026] Missing route to pin _25760_/B1 in net _00006_.
[WARNING EST-0026] Missing route to pin _25759_/B in net _00006_.
[WARNING EST-0026] Missing route to pin _25753_/A in net _00006_.
[WARNING EST-0026] Missing route to pin _25710_/A in net _00006_.
[WARNING EST-0026] Missing route to pin _25702_/A in net _00006_.
[WARNING EST-0026] Missing route to pin _25603_/C1 in net _00006_.
[WARNING EST-0026] Missing route to pin _45443_/D in net _00006_.
[WARNING EST-0026] Missing route to pin _35546_/X in net _00006_.
[WARNING EST-0026] Missing route to pin _25768_/A3 in net _00006_.
[WARNING EST-0026] Missing route to pin _25766_/B1 in net _00006_.
[WARNING EST-0026] Missing route to pin _25764_/A in net _00006_.
[WARNING EST-0026] Missing route to pin _25760_/B1 in net _00006_.
[WARNING EST-0026] Missing route to pin _25759_/B in net _00006_.
[WARNING EST-0026] Missing route to pin _25753_/A in net _00006_.
[WARNING EST-0026] Missing route to pin _25710_/A in net _00006_.
[WARNING EST-0026] Missing route to pin _25702_/A in net _00006_.
[WARNING EST-0026] Missing route to pin _25603_/C1 in net _00006_.
[WARNING EST-0026] Missing route to pin _45443_/D in net _00006_.
[WARNING EST-0026] Missing route to pin _35546_/X in net _00006_.
[WARNING EST-0026] Missing route to pin _25768_/A3 in net _00006_.
[WARNING EST-0026] Missing route to pin _25766_/B1 in net _00006_.
[WARNING EST-0026] Missing route to pin _25764_/A in net _00006_.
[WARNING EST-0026] Missing route to pin _25760_/B1 in net _00006_.
[WARNING EST-0026] Missing route to pin _25759_/B in net _00006_.
[WARNING EST-0026] Missing route to pin _25753_/A in net _00006_.
[WARNING EST-0026] Missing route to pin _25710_/A in net _00006_.
[WARNING EST-0026] Missing route to pin _25702_/A in net _00006_.
[WARNING EST-0026] Missing route to pin _25603_/C1 in net _00006_.
[WARNING EST-0026] Missing route to pin _45443_/D in net _00006_.
[WARNING EST-0026] Missing route to pin _35546_/X in net _00006_.
[WARNING EST-0026] Missing route to pin _25768_/A3 in net _00006_.
[WARNING EST-0026] Missing route to pin _25766_/B1 in net _00006_.
[WARNING EST-0026] Missing route to pin _25764_/A in net _00006_.
[WARNING EST-0026] Missing route to pin _25760_/B1 in net _00006_.
[WARNING EST-0026] Missing route to pin _25759_/B in net _00006_.
[WARNING EST-0026] Missing route to pin _25753_/A in net _00006_.
[WARNING EST-0026] Missing route to pin _25710_/A in net _00006_.
[WARNING EST-0026] Missing route to pin _25702_/A in net _00006_.
[WARNING EST-0026] Missing route to pin _25603_/C1 in net _00006_.
[WARNING EST-0026] Missing route to pin _45479_/D in net _00007_.
[WARNING EST-0026] Missing route to pin _25458_/X in net _00007_.
[WARNING EST-0026] Missing route to pin _45479_/D in net _00007_.
[WARNING EST-0026] Missing route to pin _25458_/X in net _00007_.
[WARNING EST-0026] Missing route to pin _45479_/D in net _00007_.
[WARNING EST-0026] Missing route to pin _25458_/X in net _00007_.
[WARNING EST-0026] Missing route to pin _45479_/D in net _00007_.
[WARNING EST-0026] Missing route to pin _25458_/X in net _00007_.
[WARNING EST-0026] Missing route to pin _45479_/D in net _00007_.
[WARNING EST-0026] Missing route to pin _25458_/X in net _00007_.
[WARNING EST-0026] Missing route to pin _45479_/D in net _00007_.
[WARNING EST-0026] Missing route to pin _25458_/X in net _00007_.
[WARNING EST-0026] Missing route to pin _45479_/D in net _00007_.
[WARNING EST-0026] Missing route to pin _25458_/X in net _00007_.
[WARNING EST-0026] Missing route to pin _45479_/D in net _00007_.
[WARNING EST-0026] Missing route to pin _25458_/X in net _00007_.
[WARNING EST-0026] Missing route to pin _45479_/D in net _00007_.
[WARNING EST-0026] Missing route to pin _25458_/X in net _00007_.
[WARNING EST-0026] Missing route to pin _45489_/D in net _00008_.
[WARNING EST-0026] Missing route to pin _25531_/X in net _00008_.
[WARNING EST-0026] Missing route to pin _45489_/D in net _00008_.
[WARNING EST-0026] Missing route to pin _25531_/X in net _00008_.
[WARNING EST-0026] Missing route to pin _45489_/D in net _00008_.
[WARNING EST-0026] Missing route to pin _25531_/X in net _00008_.
[WARNING EST-0026] Missing route to pin _45489_/D in net _00008_.
[WARNING EST-0026] Missing route to pin _25531_/X in net _00008_.
[WARNING EST-0026] Missing route to pin _45489_/D in net _00008_.
[WARNING EST-0026] Missing route to pin _25531_/X in net _00008_.
[WARNING EST-0026] Missing route to pin _45489_/D in net _00008_.
[WARNING EST-0026] Missing route to pin _25531_/X in net _00008_.
[WARNING EST-0026] Missing route to pin _45489_/D in net _00008_.
[WARNING EST-0026] Missing route to pin _25531_/X in net _00008_.
[WARNING EST-0026] Missing route to pin _45489_/D in net _00008_.
[WARNING EST-0026] Missing route to pin _25531_/X in net _00008_.
[WARNING EST-0026] Missing route to pin _45489_/D in net _00008_.
[WARNING EST-0026] Missing route to pin _25531_/X in net _00008_.
[WARNING EST-0026] Missing route to pin _45490_/D in net _00009_.
[WARNING EST-0026] Missing route to pin _25532_/X in net _00009_.
[WARNING EST-0026] Missing route to pin _45490_/D in net _00009_.
[WARNING EST-0026] Missing route to pin _25532_/X in net _00009_.
[WARNING EST-0026] Missing route to pin _45490_/D in net _00009_.
[WARNING EST-0026] Missing route to pin _25532_/X in net _00009_.
[WARNING EST-0026] Missing route to pin _45490_/D in net _00009_.
[WARNING EST-0026] Missing route to pin _25532_/X in net _00009_.
[WARNING EST-0026] Missing route to pin _45490_/D in net _00009_.
[WARNING EST-0026] Missing route to pin _25532_/X in net _00009_.
[WARNING EST-0026] Missing route to pin _45490_/D in net _00009_.
[WARNING EST-0026] Missing route to pin _25532_/X in net _00009_.
[WARNING EST-0026] Missing route to pin _45490_/D in net _00009_.
[WARNING EST-0026] Missing route to pin _25532_/X in net _00009_.
[WARNING EST-0026] Missing route to pin _45490_/D in net _00009_.
[WARNING EST-0026] Missing route to pin _25532_/X in net _00009_.
[WARNING EST-0026] Missing route to pin _45490_/D in net _00009_.
[WARNING EST-0026] Missing route to pin _25532_/X in net _00009_.
[WARNING EST-0026] Missing route to pin _45492_/D in net _00011_.
[WARNING EST-0026] Missing route to pin _25534_/X in net _00011_.
[WARNING EST-0026] Missing route to pin _45492_/D in net _00011_.
[WARNING EST-0026] Missing route to pin _25534_/X in net _00011_.
[WARNING EST-0026] Missing route to pin _45492_/D in net _00011_.
[WARNING EST-0026] Missing route to pin _25534_/X in net _00011_.
[WARNING EST-0026] Missing route to pin _45492_/D in net _00011_.
[WARNING EST-0026] Missing route to pin _25534_/X in net _00011_.
[WARNING EST-0026] Missing route to pin _45492_/D in net _00011_.
[WARNING EST-0026] Missing route to pin _25534_/X in net _00011_.
[WARNING EST-0026] Missing route to pin _45492_/D in net _00011_.
[WARNING EST-0026] Missing route to pin _25534_/X in net _00011_.
[WARNING EST-0026] Missing route to pin _45492_/D in net _00011_.
[WARNING EST-0026] Missing route to pin _25534_/X in net _00011_.
[WARNING EST-0026] Missing route to pin _45492_/D in net _00011_.
[WARNING EST-0026] Missing route to pin _25534_/X in net _00011_.
[WARNING EST-0026] Missing route to pin _45492_/D in net _00011_.
[WARNING EST-0026] Missing route to pin _25534_/X in net _00011_.
[WARNING EST-0026] Missing route to pin _45494_/D in net _00013_.
[WARNING EST-0026] Missing route to pin _25542_/X in net _00013_.
[WARNING EST-0026] Missing route to pin _45494_/D in net _00013_.
[WARNING EST-0026] Missing route to pin _25542_/X in net _00013_.
[WARNING EST-0026] Missing route to pin _45494_/D in net _00013_.
[WARNING EST-0026] Missing route to pin _25542_/X in net _00013_.
[WARNING EST-0026] Missing route to pin _45494_/D in net _00013_.
[WARNING EST-0026] Missing route to pin _25542_/X in net _00013_.
[WARNING EST-0026] Missing route to pin _45494_/D in net _00013_.
[WARNING EST-0026] Missing route to pin _25542_/X in net _00013_.
[WARNING EST-0026] Missing route to pin _45494_/D in net _00013_.
[WARNING EST-0026] Missing route to pin _25542_/X in net _00013_.
[WARNING EST-0026] Missing route to pin _45494_/D in net _00013_.
[WARNING EST-0026] Missing route to pin _25542_/X in net _00013_.
[WARNING EST-0026] Missing route to pin _45494_/D in net _00013_.
[WARNING EST-0026] Missing route to pin _25542_/X in net _00013_.
[WARNING EST-0026] Missing route to pin _45494_/D in net _00013_.
[WARNING EST-0026] Missing route to pin _25542_/X in net _00013_.
[WARNING EST-0026] Missing route to pin _45495_/D in net _00014_.
[WARNING EST-0026] Missing route to pin _25550_/X in net _00014_.
[WARNING EST-0026] Missing route to pin _45495_/D in net _00014_.
[WARNING EST-0026] Missing route to pin _25550_/X in net _00014_.
[WARNING EST-0026] Missing route to pin _45495_/D in net _00014_.
[WARNING EST-0026] Missing route to pin _25550_/X in net _00014_.
[WARNING EST-0026] Missing route to pin _45495_/D in net _00014_.
[WARNING EST-0026] Missing route to pin _25550_/X in net _00014_.
[WARNING EST-0026] Missing route to pin _45495_/D in net _00014_.
[WARNING EST-0026] Missing route to pin _25550_/X in net _00014_.
[WARNING EST-0026] Missing route to pin _45495_/D in net _00014_.
[WARNING EST-0026] Missing route to pin _25550_/X in net _00014_.
[WARNING EST-0026] Missing route to pin _45495_/D in net _00014_.
[WARNING EST-0026] Missing route to pin _25550_/X in net _00014_.
[WARNING EST-0026] Missing route to pin _45495_/D in net _00014_.
[WARNING EST-0026] Missing route to pin _25550_/X in net _00014_.
[WARNING EST-0026] Missing route to pin _45495_/D in net _00014_.
[WARNING EST-0026] Missing route to pin _25550_/X in net _00014_.
[WARNING EST-0026] Missing route to pin _45496_/D in net _00015_.
[WARNING EST-0026] Missing route to pin _25551_/X in net _00015_.
[WARNING EST-0026] Missing route to pin _45496_/D in net _00015_.
[WARNING EST-0026] Missing route to pin _25551_/X in net _00015_.
[WARNING EST-0026] Missing route to pin _45496_/D in net _00015_.
[WARNING EST-0026] Missing route to pin _25551_/X in net _00015_.
[WARNING EST-0026] Missing route to pin _45496_/D in net _00015_.
[WARNING EST-0026] Missing route to pin _25551_/X in net _00015_.
[WARNING EST-0026] Missing route to pin _45496_/D in net _00015_.
[WARNING EST-0026] Missing route to pin _25551_/X in net _00015_.
[WARNING EST-0026] Missing route to pin _45496_/D in net _00015_.
[WARNING EST-0026] Missing route to pin _25551_/X in net _00015_.
[WARNING EST-0026] Missing route to pin _45496_/D in net _00015_.
[WARNING EST-0026] Missing route to pin _25551_/X in net _00015_.
[WARNING EST-0026] Missing route to pin _45496_/D in net _00015_.
[WARNING EST-0026] Missing route to pin _25551_/X in net _00015_.
[WARNING EST-0026] Missing route to pin _45496_/D in net _00015_.
[WARNING EST-0026] Missing route to pin _25551_/X in net _00015_.
[WARNING EST-0026] Missing route to pin _45498_/D in net _00017_.
[WARNING EST-0026] Missing route to pin _25559_/X in net _00017_.
[WARNING EST-0026] Missing route to pin _45498_/D in net _00017_.
[WARNING EST-0026] Missing route to pin _25559_/X in net _00017_.
[WARNING EST-0026] Missing route to pin _45498_/D in net _00017_.
[WARNING EST-0026] Missing route to pin _25559_/X in net _00017_.
[WARNING EST-0026] Missing route to pin _45498_/D in net _00017_.
[WARNING EST-0026] Missing route to pin _25559_/X in net _00017_.
[WARNING EST-0026] Missing route to pin _45498_/D in net _00017_.
[WARNING EST-0026] Missing route to pin _25559_/X in net _00017_.
[WARNING EST-0026] Missing route to pin _45498_/D in net _00017_.
[WARNING EST-0026] Missing route to pin _25559_/X in net _00017_.
[WARNING EST-0026] Missing route to pin _45498_/D in net _00017_.
[WARNING EST-0026] Missing route to pin _25559_/X in net _00017_.
[WARNING EST-0026] Missing route to pin _45498_/D in net _00017_.
[WARNING EST-0026] Missing route to pin _25559_/X in net _00017_.
[WARNING EST-0026] Missing route to pin _45498_/D in net _00017_.
[WARNING EST-0026] Missing route to pin _25559_/X in net _00017_.
[WARNING EST-0026] Missing route to pin _45480_/D in net _00018_.
[WARNING EST-0026] Missing route to pin _25474_/X in net _00018_.
[WARNING EST-0026] Missing route to pin _45480_/D in net _00018_.
[WARNING EST-0026] Missing route to pin _25474_/X in net _00018_.
[WARNING EST-0026] Missing route to pin _45480_/D in net _00018_.
[WARNING EST-0026] Missing route to pin _25474_/X in net _00018_.
[WARNING EST-0026] Missing route to pin _45480_/D in net _00018_.
[WARNING EST-0026] Missing route to pin _25474_/X in net _00018_.
[WARNING EST-0026] Missing route to pin _45480_/D in net _00018_.
[WARNING EST-0026] Missing route to pin _25474_/X in net _00018_.
[WARNING EST-0026] Missing route to pin _45480_/D in net _00018_.
[WARNING EST-0026] Missing route to pin _25474_/X in net _00018_.
[WARNING EST-0026] Missing route to pin _45480_/D in net _00018_.
[WARNING EST-0026] Missing route to pin _25474_/X in net _00018_.
[WARNING EST-0026] Missing route to pin _45480_/D in net _00018_.
[WARNING EST-0026] Missing route to pin _25474_/X in net _00018_.
[WARNING EST-0026] Missing route to pin _45480_/D in net _00018_.
[WARNING EST-0026] Missing route to pin _25474_/X in net _00018_.
[WARNING EST-0026] Missing route to pin _45499_/D in net _00019_.
[WARNING EST-0026] Missing route to pin _25560_/X in net _00019_.
[WARNING EST-0026] Missing route to pin _45499_/D in net _00019_.
[WARNING EST-0026] Missing route to pin _25560_/X in net _00019_.
[WARNING EST-0026] Missing route to pin _45499_/D in net _00019_.
[WARNING EST-0026] Missing route to pin _25560_/X in net _00019_.
[WARNING EST-0026] Missing route to pin _45499_/D in net _00019_.
[WARNING EST-0026] Missing route to pin _25560_/X in net _00019_.
[WARNING EST-0026] Missing route to pin _45499_/D in net _00019_.
[WARNING EST-0026] Missing route to pin _25560_/X in net _00019_.
[WARNING EST-0026] Missing route to pin _45499_/D in net _00019_.
[WARNING EST-0026] Missing route to pin _25560_/X in net _00019_.
[WARNING EST-0026] Missing route to pin _45499_/D in net _00019_.
[WARNING EST-0026] Missing route to pin _25560_/X in net _00019_.
[WARNING EST-0026] Missing route to pin _45499_/D in net _00019_.
[WARNING EST-0026] Missing route to pin _25560_/X in net _00019_.
[WARNING EST-0026] Missing route to pin _45499_/D in net _00019_.
[WARNING EST-0026] Missing route to pin _25560_/X in net _00019_.
[WARNING EST-0026] Missing route to pin _45501_/D in net _00021_.
[WARNING EST-0026] Missing route to pin _25565_/X in net _00021_.
[WARNING EST-0026] Missing route to pin _45501_/D in net _00021_.
[WARNING EST-0026] Missing route to pin _25565_/X in net _00021_.
[WARNING EST-0026] Missing route to pin _45501_/D in net _00021_.
[WARNING EST-0026] Missing route to pin _25565_/X in net _00021_.
[WARNING EST-0026] Missing route to pin _45501_/D in net _00021_.
[WARNING EST-0026] Missing route to pin _25565_/X in net _00021_.
[WARNING EST-0026] Missing route to pin _45501_/D in net _00021_.
[WARNING EST-0026] Missing route to pin _25565_/X in net _00021_.
[WARNING EST-0026] Missing route to pin _45501_/D in net _00021_.
[WARNING EST-0026] Missing route to pin _25565_/X in net _00021_.
[WARNING EST-0026] Missing route to pin _45501_/D in net _00021_.
[WARNING EST-0026] Missing route to pin _25565_/X in net _00021_.
[WARNING EST-0026] Missing route to pin _45501_/D in net _00021_.
[WARNING EST-0026] Missing route to pin _25565_/X in net _00021_.
[WARNING EST-0026] Missing route to pin _45501_/D in net _00021_.
[WARNING EST-0026] Missing route to pin _25565_/X in net _00021_.
[WARNING EST-0026] Missing route to pin _45502_/D in net _00022_.
[WARNING EST-0026] Missing route to pin _25569_/X in net _00022_.
[WARNING EST-0026] Missing route to pin _45502_/D in net _00022_.
[WARNING EST-0026] Missing route to pin _25569_/X in net _00022_.
[WARNING EST-0026] Missing route to pin _45502_/D in net _00022_.
[WARNING EST-0026] Missing route to pin _25569_/X in net _00022_.
[WARNING EST-0026] Missing route to pin _45502_/D in net _00022_.
[WARNING EST-0026] Missing route to pin _25569_/X in net _00022_.
[WARNING EST-0026] Missing route to pin _45502_/D in net _00022_.
[WARNING EST-0026] Missing route to pin _25569_/X in net _00022_.
[WARNING EST-0026] Missing route to pin _45502_/D in net _00022_.
[WARNING EST-0026] Missing route to pin _25569_/X in net _00022_.
[WARNING EST-0026] Missing route to pin _45502_/D in net _00022_.
[WARNING EST-0026] Missing route to pin _25569_/X in net _00022_.
[WARNING EST-0026] Missing route to pin _45502_/D in net _00022_.
[WARNING EST-0026] Missing route to pin _25569_/X in net _00022_.
[WARNING EST-0026] Missing route to pin _45502_/D in net _00022_.
[WARNING EST-0026] Missing route to pin _25569_/X in net _00022_.
[WARNING EST-0026] Missing route to pin _45504_/D in net _00024_.
[WARNING EST-0026] Missing route to pin _25574_/X in net _00024_.
[WARNING EST-0026] Missing route to pin _45504_/D in net _00024_.
[WARNING EST-0026] Missing route to pin _25574_/X in net _00024_.
[WARNING EST-0026] Missing route to pin _45504_/D in net _00024_.
[WARNING EST-0026] Missing route to pin _25574_/X in net _00024_.
[WARNING EST-0026] Missing route to pin _45504_/D in net _00024_.
[WARNING EST-0026] Missing route to pin _25574_/X in net _00024_.
[WARNING EST-0026] Missing route to pin _45504_/D in net _00024_.
[WARNING EST-0026] Missing route to pin _25574_/X in net _00024_.
[WARNING EST-0026] Missing route to pin _45504_/D in net _00024_.
[WARNING EST-0026] Missing route to pin _25574_/X in net _00024_.
[WARNING EST-0026] Missing route to pin _45504_/D in net _00024_.
[WARNING EST-0026] Missing route to pin _25574_/X in net _00024_.
[WARNING EST-0026] Missing route to pin _45504_/D in net _00024_.
[WARNING EST-0026] Missing route to pin _25574_/X in net _00024_.
[WARNING EST-0026] Missing route to pin _45504_/D in net _00024_.
[WARNING EST-0026] Missing route to pin _25574_/X in net _00024_.
[WARNING EST-0026] Missing route to pin _45508_/D in net _00028_.
[WARNING EST-0026] Missing route to pin _25586_/X in net _00028_.
[WARNING EST-0026] Missing route to pin _45508_/D in net _00028_.
[WARNING EST-0026] Missing route to pin _25586_/X in net _00028_.
[WARNING EST-0026] Missing route to pin _45508_/D in net _00028_.
[WARNING EST-0026] Missing route to pin _25586_/X in net _00028_.
[WARNING EST-0026] Missing route to pin _45508_/D in net _00028_.
[WARNING EST-0026] Missing route to pin _25586_/X in net _00028_.
[WARNING EST-0026] Missing route to pin _45508_/D in net _00028_.
[WARNING EST-0026] Missing route to pin _25586_/X in net _00028_.
[WARNING EST-0026] Missing route to pin _45508_/D in net _00028_.
[WARNING EST-0026] Missing route to pin _25586_/X in net _00028_.
[WARNING EST-0026] Missing route to pin _45508_/D in net _00028_.
[WARNING EST-0026] Missing route to pin _25586_/X in net _00028_.
[WARNING EST-0026] Missing route to pin _45508_/D in net _00028_.
[WARNING EST-0026] Missing route to pin _25586_/X in net _00028_.
[WARNING EST-0026] Missing route to pin _45508_/D in net _00028_.
[WARNING EST-0026] Missing route to pin _25586_/X in net _00028_.
[WARNING EST-0026] Missing route to pin _45509_/D in net _00030_.
[WARNING EST-0026] Missing route to pin _25590_/X in net _00030_.
[WARNING EST-0026] Missing route to pin _45509_/D in net _00030_.
[WARNING EST-0026] Missing route to pin _25590_/X in net _00030_.
[WARNING EST-0026] Missing route to pin _45509_/D in net _00030_.
[WARNING EST-0026] Missing route to pin _25590_/X in net _00030_.
[WARNING EST-0026] Missing route to pin _45509_/D in net _00030_.
[WARNING EST-0026] Missing route to pin _25590_/X in net _00030_.
[WARNING EST-0026] Missing route to pin _45509_/D in net _00030_.
[WARNING EST-0026] Missing route to pin _25590_/X in net _00030_.
[WARNING EST-0026] Missing route to pin _45509_/D in net _00030_.
[WARNING EST-0026] Missing route to pin _25590_/X in net _00030_.
[WARNING EST-0026] Missing route to pin _45509_/D in net _00030_.
[WARNING EST-0026] Missing route to pin _25590_/X in net _00030_.
[WARNING EST-0026] Missing route to pin _45509_/D in net _00030_.
[WARNING EST-0026] Missing route to pin _25590_/X in net _00030_.
[WARNING EST-0026] Missing route to pin _45509_/D in net _00030_.
[WARNING EST-0026] Missing route to pin _25590_/X in net _00030_.
[WARNING EST-0026] Missing route to pin _45482_/D in net _00032_.
[WARNING EST-0026] Missing route to pin _25499_/X in net _00032_.
[WARNING EST-0026] Missing route to pin _45482_/D in net _00032_.
[WARNING EST-0026] Missing route to pin _25499_/X in net _00032_.
[WARNING EST-0026] Missing route to pin _45482_/D in net _00032_.
[WARNING EST-0026] Missing route to pin _25499_/X in net _00032_.
[WARNING EST-0026] Missing route to pin _45482_/D in net _00032_.
[WARNING EST-0026] Missing route to pin _25499_/X in net _00032_.
[WARNING EST-0026] Missing route to pin _45482_/D in net _00032_.
[WARNING EST-0026] Missing route to pin _25499_/X in net _00032_.
[WARNING EST-0026] Missing route to pin _45482_/D in net _00032_.
[WARNING EST-0026] Missing route to pin _25499_/X in net _00032_.
[WARNING EST-0026] Missing route to pin _45482_/D in net _00032_.
[WARNING EST-0026] Missing route to pin _25499_/X in net _00032_.
[WARNING EST-0026] Missing route to pin _45482_/D in net _00032_.
[WARNING EST-0026] Missing route to pin _25499_/X in net _00032_.
[WARNING EST-0026] Missing route to pin _45482_/D in net _00032_.
[WARNING EST-0026] Missing route to pin _25499_/X in net _00032_.
[WARNING EST-0026] Missing route to pin _45483_/D in net _00033_.
[WARNING EST-0026] Missing route to pin _25505_/X in net _00033_.
[WARNING EST-0026] Missing route to pin _45483_/D in net _00033_.
[WARNING EST-0026] Missing route to pin _25505_/X in net _00033_.
[WARNING EST-0026] Missing route to pin _45483_/D in net _00033_.
[WARNING EST-0026] Missing route to pin _25505_/X in net _00033_.
[WARNING EST-0026] Missing route to pin _45483_/D in net _00033_.
[WARNING EST-0026] Missing route to pin _25505_/X in net _00033_.
[WARNING EST-0026] Missing route to pin _45483_/D in net _00033_.
[WARNING EST-0026] Missing route to pin _25505_/X in net _00033_.
[WARNING EST-0026] Missing route to pin _45483_/D in net _00033_.
[WARNING EST-0026] Missing route to pin _25505_/X in net _00033_.
[WARNING EST-0026] Missing route to pin _45483_/D in net _00033_.
[WARNING EST-0026] Missing route to pin _25505_/X in net _00033_.
[WARNING EST-0026] Missing route to pin _45483_/D in net _00033_.
[WARNING EST-0026] Missing route to pin _25505_/X in net _00033_.
[WARNING EST-0026] Missing route to pin _45483_/D in net _00033_.
[WARNING EST-0026] Missing route to pin _25505_/X in net _00033_.
[WARNING EST-0026] Missing route to pin _45484_/D in net _00034_.
[WARNING EST-0026] Missing route to pin _25514_/X in net _00034_.
[WARNING EST-0026] Missing route to pin _45484_/D in net _00034_.
[WARNING EST-0026] Missing route to pin _25514_/X in net _00034_.
[WARNING EST-0026] Missing route to pin _45484_/D in net _00034_.
[WARNING EST-0026] Missing route to pin _25514_/X in net _00034_.
[WARNING EST-0026] Missing route to pin _45484_/D in net _00034_.
[WARNING EST-0026] Missing route to pin _25514_/X in net _00034_.
[WARNING EST-0026] Missing route to pin _45484_/D in net _00034_.
[WARNING EST-0026] Missing route to pin _25514_/X in net _00034_.
[WARNING EST-0026] Missing route to pin _45484_/D in net _00034_.
[WARNING EST-0026] Missing route to pin _25514_/X in net _00034_.
[WARNING EST-0026] Missing route to pin _45484_/D in net _00034_.
[WARNING EST-0026] Missing route to pin _25514_/X in net _00034_.
[WARNING EST-0026] Missing route to pin _45484_/D in net _00034_.
[WARNING EST-0026] Missing route to pin _25514_/X in net _00034_.
[WARNING EST-0026] Missing route to pin _45484_/D in net _00034_.
[WARNING EST-0026] Missing route to pin _25514_/X in net _00034_.
[WARNING EST-0026] Missing route to pin _45488_/D in net _00038_.
[WARNING EST-0026] Missing route to pin _25529_/X in net _00038_.
[WARNING EST-0026] Missing route to pin _45488_/D in net _00038_.
[WARNING EST-0026] Missing route to pin _25529_/X in net _00038_.
[WARNING EST-0026] Missing route to pin _45488_/D in net _00038_.
[WARNING EST-0026] Missing route to pin _25529_/X in net _00038_.
[WARNING EST-0026] Missing route to pin _45488_/D in net _00038_.
[WARNING EST-0026] Missing route to pin _25529_/X in net _00038_.
[WARNING EST-0026] Missing route to pin _45488_/D in net _00038_.
[WARNING EST-0026] Missing route to pin _25529_/X in net _00038_.
[WARNING EST-0026] Missing route to pin _45488_/D in net _00038_.
[WARNING EST-0026] Missing route to pin _25529_/X in net _00038_.
[WARNING EST-0026] Missing route to pin _45488_/D in net _00038_.
[WARNING EST-0026] Missing route to pin _25529_/X in net _00038_.
[WARNING EST-0026] Missing route to pin _45488_/D in net _00038_.
[WARNING EST-0026] Missing route to pin _25529_/X in net _00038_.
[WARNING EST-0026] Missing route to pin _45488_/D in net _00038_.
[WARNING EST-0026] Missing route to pin _25529_/X in net _00038_.
[WARNING EST-0026] Missing route to pin _45444_/D in net _00039_.
[WARNING EST-0026] Missing route to pin _27628_/Y in net _00039_.
[WARNING EST-0026] Missing route to pin _45444_/D in net _00039_.
[WARNING EST-0026] Missing route to pin _27628_/Y in net _00039_.
[WARNING EST-0026] Missing route to pin _45444_/D in net _00039_.
[WARNING EST-0026] Missing route to pin _27628_/Y in net _00039_.
[WARNING EST-0026] Missing route to pin _45444_/D in net _00039_.
[WARNING EST-0026] Missing route to pin _27628_/Y in net _00039_.
[WARNING EST-0026] Missing route to pin _45444_/D in net _00039_.
[WARNING EST-0026] Missing route to pin _27628_/Y in net _00039_.
[WARNING EST-0026] Missing route to pin _45444_/D in net _00039_.
[WARNING EST-0026] Missing route to pin _27628_/Y in net _00039_.
[WARNING EST-0026] Missing route to pin _45444_/D in net _00039_.
[WARNING EST-0026] Missing route to pin _27628_/Y in net _00039_.
[WARNING EST-0026] Missing route to pin _45444_/D in net _00039_.
[WARNING EST-0026] Missing route to pin _27628_/Y in net _00039_.
[WARNING EST-0026] Missing route to pin _45444_/D in net _00039_.
[WARNING EST-0026] Missing route to pin _27628_/Y in net _00039_.
[WARNING EST-0026] Missing route to pin _45407_/D in net _00040_.
[WARNING EST-0026] Missing route to pin _25599_/X in net _00040_.
[WARNING EST-0026] Missing route to pin _45407_/D in net _00040_.
[WARNING EST-0026] Missing route to pin _25599_/X in net _00040_.
[WARNING EST-0026] Missing route to pin _45407_/D in net _00040_.
[WARNING EST-0026] Missing route to pin _25599_/X in net _00040_.
[WARNING EST-0026] Missing route to pin _45407_/D in net _00040_.
[WARNING EST-0026] Missing route to pin _25599_/X in net _00040_.
[WARNING EST-0026] Missing route to pin _45407_/D in net _00040_.
[WARNING EST-0026] Missing route to pin _25599_/X in net _00040_.
[WARNING EST-0026] Missing route to pin _45407_/D in net _00040_.
[WARNING EST-0026] Missing route to pin _25599_/X in net _00040_.
[WARNING EST-0026] Missing route to pin _45407_/D in net _00040_.
[WARNING EST-0026] Missing route to pin _25599_/X in net _00040_.
[WARNING EST-0026] Missing route to pin _45407_/D in net _00040_.
[WARNING EST-0026] Missing route to pin _25599_/X in net _00040_.
[WARNING EST-0026] Missing route to pin _45407_/D in net _00040_.
[WARNING EST-0026] Missing route to pin _25599_/X in net _00040_.
[WARNING EST-0026] Missing route to pin _45417_/D in net _00041_.
[WARNING EST-0026] Missing route to pin _25656_/X in net _00041_.
[WARNING EST-0026] Missing route to pin _45417_/D in net _00041_.
[WARNING EST-0026] Missing route to pin _25656_/X in net _00041_.
[WARNING EST-0026] Missing route to pin _45417_/D in net _00041_.
[WARNING EST-0026] Missing route to pin _25656_/X in net _00041_.
[WARNING EST-0026] Missing route to pin _45417_/D in net _00041_.
[WARNING EST-0026] Missing route to pin _25656_/X in net _00041_.
[WARNING EST-0026] Missing route to pin _45417_/D in net _00041_.
[WARNING EST-0026] Missing route to pin _25656_/X in net _00041_.
[WARNING EST-0026] Missing route to pin _45417_/D in net _00041_.
[WARNING EST-0026] Missing route to pin _25656_/X in net _00041_.
[WARNING EST-0026] Missing route to pin _45417_/D in net _00041_.
[WARNING EST-0026] Missing route to pin _25656_/X in net _00041_.
[WARNING EST-0026] Missing route to pin _45417_/D in net _00041_.
[WARNING EST-0026] Missing route to pin _25656_/X in net _00041_.
[WARNING EST-0026] Missing route to pin _45417_/D in net _00041_.
[WARNING EST-0026] Missing route to pin _25656_/X in net _00041_.
[WARNING EST-0026] Missing route to pin _45421_/D in net _00045_.
[WARNING EST-0026] Missing route to pin _25684_/X in net _00045_.
[WARNING EST-0026] Missing route to pin _45421_/D in net _00045_.
[WARNING EST-0026] Missing route to pin _25684_/X in net _00045_.
[WARNING EST-0026] Missing route to pin _45421_/D in net _00045_.
[WARNING EST-0026] Missing route to pin _25684_/X in net _00045_.
[WARNING EST-0026] Missing route to pin _45421_/D in net _00045_.
[WARNING EST-0026] Missing route to pin _25684_/X in net _00045_.
[WARNING EST-0026] Missing route to pin _45421_/D in net _00045_.
[WARNING EST-0026] Missing route to pin _25684_/X in net _00045_.
[WARNING EST-0026] Missing route to pin _45421_/D in net _00045_.
[WARNING EST-0026] Missing route to pin _25684_/X in net _00045_.
[WARNING EST-0026] Missing route to pin _45421_/D in net _00045_.
[WARNING EST-0026] Missing route to pin _25684_/X in net _00045_.
[WARNING EST-0026] Missing route to pin _45421_/D in net _00045_.
[WARNING EST-0026] Missing route to pin _25684_/X in net _00045_.
[WARNING EST-0026] Missing route to pin _45421_/D in net _00045_.
[WARNING EST-0026] Missing route to pin _25684_/X in net _00045_.
[WARNING EST-0026] Missing route to pin _45426_/D in net _00050_.
[WARNING EST-0026] Missing route to pin _25711_/X in net _00050_.
[WARNING EST-0026] Missing route to pin _45426_/D in net _00050_.
[WARNING EST-0026] Missing route to pin _25711_/X in net _00050_.
[WARNING EST-0026] Missing route to pin _45426_/D in net _00050_.
[WARNING EST-0026] Missing route to pin _25711_/X in net _00050_.
[WARNING EST-0026] Missing route to pin _45426_/D in net _00050_.
[WARNING EST-0026] Missing route to pin _25711_/X in net _00050_.
[WARNING EST-0026] Missing route to pin _45426_/D in net _00050_.
[WARNING EST-0026] Missing route to pin _25711_/X in net _00050_.
[WARNING EST-0026] Missing route to pin _45426_/D in net _00050_.
[WARNING EST-0026] Missing route to pin _25711_/X in net _00050_.
[WARNING EST-0026] Missing route to pin _45426_/D in net _00050_.
[WARNING EST-0026] Missing route to pin _25711_/X in net _00050_.
[WARNING EST-0026] Missing route to pin _45426_/D in net _00050_.
[WARNING EST-0026] Missing route to pin _25711_/X in net _00050_.
[WARNING EST-0026] Missing route to pin _45426_/D in net _00050_.
[WARNING EST-0026] Missing route to pin _25711_/X in net _00050_.
[WARNING EST-0026] Missing route to pin _45427_/D in net _00052_.
[WARNING EST-0026] Missing route to pin _25716_/X in net _00052_.
[WARNING EST-0026] Missing route to pin _45427_/D in net _00052_.
[WARNING EST-0026] Missing route to pin _25716_/X in net _00052_.
[WARNING EST-0026] Missing route to pin _45427_/D in net _00052_.
[WARNING EST-0026] Missing route to pin _25716_/X in net _00052_.
[WARNING EST-0026] Missing route to pin _45427_/D in net _00052_.
[WARNING EST-0026] Missing route to pin _25716_/X in net _00052_.
[WARNING EST-0026] Missing route to pin _45427_/D in net _00052_.
[WARNING EST-0026] Missing route to pin _25716_/X in net _00052_.
[WARNING EST-0026] Missing route to pin _45427_/D in net _00052_.
[WARNING EST-0026] Missing route to pin _25716_/X in net _00052_.
[WARNING EST-0026] Missing route to pin _45427_/D in net _00052_.
[WARNING EST-0026] Missing route to pin _25716_/X in net _00052_.
[WARNING EST-0026] Missing route to pin _45427_/D in net _00052_.
[WARNING EST-0026] Missing route to pin _25716_/X in net _00052_.
[WARNING EST-0026] Missing route to pin _45427_/D in net _00052_.
[WARNING EST-0026] Missing route to pin _25716_/X in net _00052_.
[WARNING EST-0026] Missing route to pin _45428_/D in net _00053_.
[WARNING EST-0026] Missing route to pin _25720_/X in net _00053_.
[WARNING EST-0026] Missing route to pin _45428_/D in net _00053_.
[WARNING EST-0026] Missing route to pin _25720_/X in net _00053_.
[WARNING EST-0026] Missing route to pin _45428_/D in net _00053_.
[WARNING EST-0026] Missing route to pin _25720_/X in net _00053_.
[WARNING EST-0026] Missing route to pin _45428_/D in net _00053_.
[WARNING EST-0026] Missing route to pin _25720_/X in net _00053_.
[WARNING EST-0026] Missing route to pin _45428_/D in net _00053_.
[WARNING EST-0026] Missing route to pin _25720_/X in net _00053_.
[WARNING EST-0026] Missing route to pin _45428_/D in net _00053_.
[WARNING EST-0026] Missing route to pin _25720_/X in net _00053_.
[WARNING EST-0026] Missing route to pin _45428_/D in net _00053_.
[WARNING EST-0026] Missing route to pin _25720_/X in net _00053_.
[WARNING EST-0026] Missing route to pin _45428_/D in net _00053_.
[WARNING EST-0026] Missing route to pin _25720_/X in net _00053_.
[WARNING EST-0026] Missing route to pin _45428_/D in net _00053_.
[WARNING EST-0026] Missing route to pin _25720_/X in net _00053_.
[WARNING EST-0026] Missing route to pin _45434_/D in net _00059_.
[WARNING EST-0026] Missing route to pin _25754_/X in net _00059_.
[WARNING EST-0026] Missing route to pin _45434_/D in net _00059_.
[WARNING EST-0026] Missing route to pin _25754_/X in net _00059_.
[WARNING EST-0026] Missing route to pin _45434_/D in net _00059_.
[WARNING EST-0026] Missing route to pin _25754_/X in net _00059_.
[WARNING EST-0026] Missing route to pin _45434_/D in net _00059_.
[WARNING EST-0026] Missing route to pin _25754_/X in net _00059_.
[WARNING EST-0026] Missing route to pin _45434_/D in net _00059_.
[WARNING EST-0026] Missing route to pin _25754_/X in net _00059_.
[WARNING EST-0026] Missing route to pin _45434_/D in net _00059_.
[WARNING EST-0026] Missing route to pin _25754_/X in net _00059_.
[WARNING EST-0026] Missing route to pin _45434_/D in net _00059_.
[WARNING EST-0026] Missing route to pin _25754_/X in net _00059_.
[WARNING EST-0026] Missing route to pin _45434_/D in net _00059_.
[WARNING EST-0026] Missing route to pin _25754_/X in net _00059_.
[WARNING EST-0026] Missing route to pin _45434_/D in net _00059_.
[WARNING EST-0026] Missing route to pin _25754_/X in net _00059_.
[WARNING EST-0026] Missing route to pin _45437_/D in net _00063_.
[WARNING EST-0026] Missing route to pin _25765_/X in net _00063_.
[WARNING EST-0026] Missing route to pin _45437_/D in net _00063_.
[WARNING EST-0026] Missing route to pin _25765_/X in net _00063_.
[WARNING EST-0026] Missing route to pin _45437_/D in net _00063_.
[WARNING EST-0026] Missing route to pin _25765_/X in net _00063_.
[WARNING EST-0026] Missing route to pin _45437_/D in net _00063_.
[WARNING EST-0026] Missing route to pin _25765_/X in net _00063_.
[WARNING EST-0026] Missing route to pin _45437_/D in net _00063_.
[WARNING EST-0026] Missing route to pin _25765_/X in net _00063_.
[WARNING EST-0026] Missing route to pin _45437_/D in net _00063_.
[WARNING EST-0026] Missing route to pin _25765_/X in net _00063_.
[WARNING EST-0026] Missing route to pin _45437_/D in net _00063_.
[WARNING EST-0026] Missing route to pin _25765_/X in net _00063_.
[WARNING EST-0026] Missing route to pin _45437_/D in net _00063_.
[WARNING EST-0026] Missing route to pin _25765_/X in net _00063_.
[WARNING EST-0026] Missing route to pin _45437_/D in net _00063_.
[WARNING EST-0026] Missing route to pin _25765_/X in net _00063_.
[WARNING EST-0026] Missing route to pin _45438_/D in net _00064_.
[WARNING EST-0026] Missing route to pin _25767_/X in net _00064_.
[WARNING EST-0026] Missing route to pin _45438_/D in net _00064_.
[WARNING EST-0026] Missing route to pin _25767_/X in net _00064_.
[WARNING EST-0026] Missing route to pin _45438_/D in net _00064_.
[WARNING EST-0026] Missing route to pin _25767_/X in net _00064_.
[WARNING EST-0026] Missing route to pin _45438_/D in net _00064_.
[WARNING EST-0026] Missing route to pin _25767_/X in net _00064_.
[WARNING EST-0026] Missing route to pin _45438_/D in net _00064_.
[WARNING EST-0026] Missing route to pin _25767_/X in net _00064_.
[WARNING EST-0026] Missing route to pin _45438_/D in net _00064_.
[WARNING EST-0026] Missing route to pin _25767_/X in net _00064_.
[WARNING EST-0026] Missing route to pin _45438_/D in net _00064_.
[WARNING EST-0026] Missing route to pin _25767_/X in net _00064_.
[WARNING EST-0026] Missing route to pin _45438_/D in net _00064_.
[WARNING EST-0026] Missing route to pin _25767_/X in net _00064_.
[WARNING EST-0026] Missing route to pin _45438_/D in net _00064_.
[WARNING EST-0026] Missing route to pin _25767_/X in net _00064_.
[WARNING EST-0026] Missing route to pin _45410_/D in net _00065_.
[WARNING EST-0026] Missing route to pin _25618_/X in net _00065_.
[WARNING EST-0026] Missing route to pin _45410_/D in net _00065_.
[WARNING EST-0026] Missing route to pin _25618_/X in net _00065_.
[WARNING EST-0026] Missing route to pin _45410_/D in net _00065_.
[WARNING EST-0026] Missing route to pin _25618_/X in net _00065_.
[WARNING EST-0026] Missing route to pin _45410_/D in net _00065_.
[WARNING EST-0026] Missing route to pin _25618_/X in net _00065_.
[WARNING EST-0026] Missing route to pin _45410_/D in net _00065_.
[WARNING EST-0026] Missing route to pin _25618_/X in net _00065_.
[WARNING EST-0026] Missing route to pin _45410_/D in net _00065_.
[WARNING EST-0026] Missing route to pin _25618_/X in net _00065_.
[WARNING EST-0026] Missing route to pin _45410_/D in net _00065_.
[WARNING EST-0026] Missing route to pin _25618_/X in net _00065_.
[WARNING EST-0026] Missing route to pin _45410_/D in net _00065_.
[WARNING EST-0026] Missing route to pin _25618_/X in net _00065_.
[WARNING EST-0026] Missing route to pin _45410_/D in net _00065_.
[WARNING EST-0026] Missing route to pin _25618_/X in net _00065_.
[WARNING EST-0026] Missing route to pin _45412_/D in net _00067_.
[WARNING EST-0026] Missing route to pin _25629_/X in net _00067_.
[WARNING EST-0026] Missing route to pin _45412_/D in net _00067_.
[WARNING EST-0026] Missing route to pin _25629_/X in net _00067_.
[WARNING EST-0026] Missing route to pin _45412_/D in net _00067_.
[WARNING EST-0026] Missing route to pin _25629_/X in net _00067_.
[WARNING EST-0026] Missing route to pin _45412_/D in net _00067_.
[WARNING EST-0026] Missing route to pin _25629_/X in net _00067_.
[WARNING EST-0026] Missing route to pin _45412_/D in net _00067_.
[WARNING EST-0026] Missing route to pin _25629_/X in net _00067_.
[WARNING EST-0026] Missing route to pin _45412_/D in net _00067_.
[WARNING EST-0026] Missing route to pin _25629_/X in net _00067_.
[WARNING EST-0026] Missing route to pin _45412_/D in net _00067_.
[WARNING EST-0026] Missing route to pin _25629_/X in net _00067_.
[WARNING EST-0026] Missing route to pin _45412_/D in net _00067_.
[WARNING EST-0026] Missing route to pin _25629_/X in net _00067_.
[WARNING EST-0026] Missing route to pin _45412_/D in net _00067_.
[WARNING EST-0026] Missing route to pin _25629_/X in net _00067_.
[WARNING EST-0026] Missing route to pin _45413_/D in net _00068_.
[WARNING EST-0026] Missing route to pin _25634_/X in net _00068_.
[WARNING EST-0026] Missing route to pin _45413_/D in net _00068_.
[WARNING EST-0026] Missing route to pin _25634_/X in net _00068_.
[WARNING EST-0026] Missing route to pin _45413_/D in net _00068_.
[WARNING EST-0026] Missing route to pin _25634_/X in net _00068_.
[WARNING EST-0026] Missing route to pin _45413_/D in net _00068_.
[WARNING EST-0026] Missing route to pin _25634_/X in net _00068_.
[WARNING EST-0026] Missing route to pin _45413_/D in net _00068_.
[WARNING EST-0026] Missing route to pin _25634_/X in net _00068_.
[WARNING EST-0026] Missing route to pin _45413_/D in net _00068_.
[WARNING EST-0026] Missing route to pin _25634_/X in net _00068_.
[WARNING EST-0026] Missing route to pin _45413_/D in net _00068_.
[WARNING EST-0026] Missing route to pin _25634_/X in net _00068_.
[WARNING EST-0026] Missing route to pin _45413_/D in net _00068_.
[WARNING EST-0026] Missing route to pin _25634_/X in net _00068_.
[WARNING EST-0026] Missing route to pin _45413_/D in net _00068_.
[WARNING EST-0026] Missing route to pin _25634_/X in net _00068_.
[WARNING EST-0026] Missing route to pin _45463_/D in net _00072_.
[WARNING EST-0026] Missing route to pin _26756_/X in net _00072_.
[WARNING EST-0026] Missing route to pin _45463_/D in net _00072_.
[WARNING EST-0026] Missing route to pin _26756_/X in net _00072_.
[WARNING EST-0026] Missing route to pin _45463_/D in net _00072_.
[WARNING EST-0026] Missing route to pin _26756_/X in net _00072_.
[WARNING EST-0026] Missing route to pin _45463_/D in net _00072_.
[WARNING EST-0026] Missing route to pin _26756_/X in net _00072_.
[WARNING EST-0026] Missing route to pin _45463_/D in net _00072_.
[WARNING EST-0026] Missing route to pin _26756_/X in net _00072_.
[WARNING EST-0026] Missing route to pin _45463_/D in net _00072_.
[WARNING EST-0026] Missing route to pin _26756_/X in net _00072_.
[WARNING EST-0026] Missing route to pin _45463_/D in net _00072_.
[WARNING EST-0026] Missing route to pin _26756_/X in net _00072_.
[WARNING EST-0026] Missing route to pin _45463_/D in net _00072_.
[WARNING EST-0026] Missing route to pin _26756_/X in net _00072_.
[WARNING EST-0026] Missing route to pin _45463_/D in net _00072_.
[WARNING EST-0026] Missing route to pin _26756_/X in net _00072_.
[WARNING EST-0026] Missing route to pin _45474_/D in net _00074_.
[WARNING EST-0026] Missing route to pin _27260_/X in net _00074_.
[WARNING EST-0026] Missing route to pin _45474_/D in net _00074_.
[WARNING EST-0026] Missing route to pin _27260_/X in net _00074_.
[WARNING EST-0026] Missing route to pin _45474_/D in net _00074_.
[WARNING EST-0026] Missing route to pin _27260_/X in net _00074_.
[WARNING EST-0026] Missing route to pin _45474_/D in net _00074_.
[WARNING EST-0026] Missing route to pin _27260_/X in net _00074_.
[WARNING EST-0026] Missing route to pin _45474_/D in net _00074_.
[WARNING EST-0026] Missing route to pin _27260_/X in net _00074_.
[WARNING EST-0026] Missing route to pin _45474_/D in net _00074_.
[WARNING EST-0026] Missing route to pin _27260_/X in net _00074_.
[WARNING EST-0026] Missing route to pin _45474_/D in net _00074_.
[WARNING EST-0026] Missing route to pin _27260_/X in net _00074_.
[WARNING EST-0026] Missing route to pin _45474_/D in net _00074_.
[WARNING EST-0026] Missing route to pin _27260_/X in net _00074_.
[WARNING EST-0026] Missing route to pin _45474_/D in net _00074_.
[WARNING EST-0026] Missing route to pin _27260_/X in net _00074_.
[WARNING EST-0026] Missing route to pin _45475_/D in net _00075_.
[WARNING EST-0026] Missing route to pin _27312_/Y in net _00075_.
[WARNING EST-0026] Missing route to pin _45475_/D in net _00075_.
[WARNING EST-0026] Missing route to pin _27312_/Y in net _00075_.
[WARNING EST-0026] Missing route to pin _45475_/D in net _00075_.
[WARNING EST-0026] Missing route to pin _27312_/Y in net _00075_.
[WARNING EST-0026] Missing route to pin _45475_/D in net _00075_.
[WARNING EST-0026] Missing route to pin _27312_/Y in net _00075_.
[WARNING EST-0026] Missing route to pin _45475_/D in net _00075_.
[WARNING EST-0026] Missing route to pin _27312_/Y in net _00075_.
[WARNING EST-0026] Missing route to pin _45475_/D in net _00075_.
[WARNING EST-0026] Missing route to pin _27312_/Y in net _00075_.
[WARNING EST-0026] Missing route to pin _45475_/D in net _00075_.
[WARNING EST-0026] Missing route to pin _27312_/Y in net _00075_.
[WARNING EST-0026] Missing route to pin _45475_/D in net _00075_.
[WARNING EST-0026] Missing route to pin _27312_/Y in net _00075_.
[WARNING EST-0026] Missing route to pin _45475_/D in net _00075_.
[WARNING EST-0026] Missing route to pin _27312_/Y in net _00075_.
[WARNING EST-0026] Missing route to pin _45476_/D in net _00076_.
[WARNING EST-0026] Missing route to pin _27363_/Y in net _00076_.
[WARNING EST-0026] Missing route to pin _45476_/D in net _00076_.
[WARNING EST-0026] Missing route to pin _27363_/Y in net _00076_.
[WARNING EST-0026] Missing route to pin _45476_/D in net _00076_.
[WARNING EST-0026] Missing route to pin _27363_/Y in net _00076_.
[WARNING EST-0026] Missing route to pin _45476_/D in net _00076_.
[WARNING EST-0026] Missing route to pin _27363_/Y in net _00076_.
[WARNING EST-0026] Missing route to pin _45476_/D in net _00076_.
[WARNING EST-0026] Missing route to pin _27363_/Y in net _00076_.
[WARNING EST-0026] Missing route to pin _45476_/D in net _00076_.
[WARNING EST-0026] Missing route to pin _27363_/Y in net _00076_.
[WARNING EST-0026] Missing route to pin _45476_/D in net _00076_.
[WARNING EST-0026] Missing route to pin _27363_/Y in net _00076_.
[WARNING EST-0026] Missing route to pin _45476_/D in net _00076_.
[WARNING EST-0026] Missing route to pin _27363_/Y in net _00076_.
[WARNING EST-0026] Missing route to pin _45476_/D in net _00076_.
[WARNING EST-0026] Missing route to pin _27363_/Y in net _00076_.
[WARNING EST-0026] Missing route to pin _45477_/D in net _00077_.
[WARNING EST-0026] Missing route to pin _27414_/X in net _00077_.
[WARNING EST-0026] Missing route to pin _45477_/D in net _00077_.
[WARNING EST-0026] Missing route to pin _27414_/X in net _00077_.
[WARNING EST-0026] Missing route to pin _45477_/D in net _00077_.
[WARNING EST-0026] Missing route to pin _27414_/X in net _00077_.
[WARNING EST-0026] Missing route to pin _45477_/D in net _00077_.
[WARNING EST-0026] Missing route to pin _27414_/X in net _00077_.
[WARNING EST-0026] Missing route to pin _45477_/D in net _00077_.
[WARNING EST-0026] Missing route to pin _27414_/X in net _00077_.
[WARNING EST-0026] Missing route to pin _45477_/D in net _00077_.
[WARNING EST-0026] Missing route to pin _27414_/X in net _00077_.
[WARNING EST-0026] Missing route to pin _45477_/D in net _00077_.
[WARNING EST-0026] Missing route to pin _27414_/X in net _00077_.
[WARNING EST-0026] Missing route to pin _45477_/D in net _00077_.
[WARNING EST-0026] Missing route to pin _27414_/X in net _00077_.
[WARNING EST-0026] Missing route to pin _45477_/D in net _00077_.
[WARNING EST-0026] Missing route to pin _27414_/X in net _00077_.
[WARNING EST-0026] Missing route to pin _45478_/D in net _00078_.
[WARNING EST-0026] Missing route to pin _27451_/X in net _00078_.
[WARNING EST-0026] Missing route to pin _45478_/D in net _00078_.
[WARNING EST-0026] Missing route to pin _27451_/X in net _00078_.
[WARNING EST-0026] Missing route to pin _45478_/D in net _00078_.
[WARNING EST-0026] Missing route to pin _27451_/X in net _00078_.
[WARNING EST-0026] Missing route to pin _45478_/D in net _00078_.
[WARNING EST-0026] Missing route to pin _27451_/X in net _00078_.
[WARNING EST-0026] Missing route to pin _45478_/D in net _00078_.
[WARNING EST-0026] Missing route to pin _27451_/X in net _00078_.
[WARNING EST-0026] Missing route to pin _45478_/D in net _00078_.
[WARNING EST-0026] Missing route to pin _27451_/X in net _00078_.
[WARNING EST-0026] Missing route to pin _45478_/D in net _00078_.
[WARNING EST-0026] Missing route to pin _27451_/X in net _00078_.
[WARNING EST-0026] Missing route to pin _45478_/D in net _00078_.
[WARNING EST-0026] Missing route to pin _27451_/X in net _00078_.
[WARNING EST-0026] Missing route to pin _45478_/D in net _00078_.
[WARNING EST-0026] Missing route to pin _27451_/X in net _00078_.
[WARNING EST-0026] Missing route to pin _45464_/D in net _00079_.
[WARNING EST-0026] Missing route to pin _26796_/X in net _00079_.
[WARNING EST-0026] Missing route to pin _45464_/D in net _00079_.
[WARNING EST-0026] Missing route to pin _26796_/X in net _00079_.
[WARNING EST-0026] Missing route to pin _45464_/D in net _00079_.
[WARNING EST-0026] Missing route to pin _26796_/X in net _00079_.
[WARNING EST-0026] Missing route to pin _45464_/D in net _00079_.
[WARNING EST-0026] Missing route to pin _26796_/X in net _00079_.
[WARNING EST-0026] Missing route to pin _45464_/D in net _00079_.
[WARNING EST-0026] Missing route to pin _26796_/X in net _00079_.
[WARNING EST-0026] Missing route to pin _45464_/D in net _00079_.
[WARNING EST-0026] Missing route to pin _26796_/X in net _00079_.
[WARNING EST-0026] Missing route to pin _45464_/D in net _00079_.
[WARNING EST-0026] Missing route to pin _26796_/X in net _00079_.
[WARNING EST-0026] Missing route to pin _45464_/D in net _00079_.
[WARNING EST-0026] Missing route to pin _26796_/X in net _00079_.
[WARNING EST-0026] Missing route to pin _45464_/D in net _00079_.
[WARNING EST-0026] Missing route to pin _26796_/X in net _00079_.
[WARNING EST-0026] Missing route to pin _45465_/D in net _00080_.
[WARNING EST-0026] Missing route to pin _26842_/Y in net _00080_.
[WARNING EST-0026] Missing route to pin _45465_/D in net _00080_.
[WARNING EST-0026] Missing route to pin _26842_/Y in net _00080_.
[WARNING EST-0026] Missing route to pin _45465_/D in net _00080_.
[WARNING EST-0026] Missing route to pin _26842_/Y in net _00080_.
[WARNING EST-0026] Missing route to pin _45465_/D in net _00080_.
[WARNING EST-0026] Missing route to pin _26842_/Y in net _00080_.
[WARNING EST-0026] Missing route to pin _45465_/D in net _00080_.
[WARNING EST-0026] Missing route to pin _26842_/Y in net _00080_.
[WARNING EST-0026] Missing route to pin _45465_/D in net _00080_.
[WARNING EST-0026] Missing route to pin _26842_/Y in net _00080_.
[WARNING EST-0026] Missing route to pin _45465_/D in net _00080_.
[WARNING EST-0026] Missing route to pin _26842_/Y in net _00080_.
[WARNING EST-0026] Missing route to pin _45465_/D in net _00080_.
[WARNING EST-0026] Missing route to pin _26842_/Y in net _00080_.
[WARNING EST-0026] Missing route to pin _45465_/D in net _00080_.
[WARNING EST-0026] Missing route to pin _26842_/Y in net _00080_.
[WARNING EST-0026] Missing route to pin _45467_/D in net _00082_.
[WARNING EST-0026] Missing route to pin _26932_/X in net _00082_.
[WARNING EST-0026] Missing route to pin _45467_/D in net _00082_.
[WARNING EST-0026] Missing route to pin _26932_/X in net _00082_.
[WARNING EST-0026] Missing route to pin _45467_/D in net _00082_.
[WARNING EST-0026] Missing route to pin _26932_/X in net _00082_.
[WARNING EST-0026] Missing route to pin _45467_/D in net _00082_.
[WARNING EST-0026] Missing route to pin _26932_/X in net _00082_.
[WARNING EST-0026] Missing route to pin _45467_/D in net _00082_.
[WARNING EST-0026] Missing route to pin _26932_/X in net _00082_.
[WARNING EST-0026] Missing route to pin _45467_/D in net _00082_.
[WARNING EST-0026] Missing route to pin _26932_/X in net _00082_.
[WARNING EST-0026] Missing route to pin _45467_/D in net _00082_.
[WARNING EST-0026] Missing route to pin _26932_/X in net _00082_.
[WARNING EST-0026] Missing route to pin _45467_/D in net _00082_.
[WARNING EST-0026] Missing route to pin _26932_/X in net _00082_.
[WARNING EST-0026] Missing route to pin _45467_/D in net _00082_.
[WARNING EST-0026] Missing route to pin _26932_/X in net _00082_.
[WARNING EST-0026] Missing route to pin _45470_/D in net _00085_.
[WARNING EST-0026] Missing route to pin _27070_/X in net _00085_.
[WARNING EST-0026] Missing route to pin _45470_/D in net _00085_.
[WARNING EST-0026] Missing route to pin _27070_/X in net _00085_.
[WARNING EST-0026] Missing route to pin _45470_/D in net _00085_.
[WARNING EST-0026] Missing route to pin _27070_/X in net _00085_.
[WARNING EST-0026] Missing route to pin _45470_/D in net _00085_.
[WARNING EST-0026] Missing route to pin _27070_/X in net _00085_.
[WARNING EST-0026] Missing route to pin _45470_/D in net _00085_.
[WARNING EST-0026] Missing route to pin _27070_/X in net _00085_.
[WARNING EST-0026] Missing route to pin _45470_/D in net _00085_.
[WARNING EST-0026] Missing route to pin _27070_/X in net _00085_.
[WARNING EST-0026] Missing route to pin _45470_/D in net _00085_.
[WARNING EST-0026] Missing route to pin _27070_/X in net _00085_.
[WARNING EST-0026] Missing route to pin _45470_/D in net _00085_.
[WARNING EST-0026] Missing route to pin _27070_/X in net _00085_.
[WARNING EST-0026] Missing route to pin _45470_/D in net _00085_.
[WARNING EST-0026] Missing route to pin _27070_/X in net _00085_.
[WARNING EST-0026] Missing route to pin _45472_/D in net _00087_.
[WARNING EST-0026] Missing route to pin _27167_/X in net _00087_.
[WARNING EST-0026] Missing route to pin _45472_/D in net _00087_.
[WARNING EST-0026] Missing route to pin _27167_/X in net _00087_.
[WARNING EST-0026] Missing route to pin _45472_/D in net _00087_.
[WARNING EST-0026] Missing route to pin _27167_/X in net _00087_.
[WARNING EST-0026] Missing route to pin _45472_/D in net _00087_.
[WARNING EST-0026] Missing route to pin _27167_/X in net _00087_.
[WARNING EST-0026] Missing route to pin _45472_/D in net _00087_.
[WARNING EST-0026] Missing route to pin _27167_/X in net _00087_.
[WARNING EST-0026] Missing route to pin _45472_/D in net _00087_.
[WARNING EST-0026] Missing route to pin _27167_/X in net _00087_.
[WARNING EST-0026] Missing route to pin _45472_/D in net _00087_.
[WARNING EST-0026] Missing route to pin _27167_/X in net _00087_.
[WARNING EST-0026] Missing route to pin _45472_/D in net _00087_.
[WARNING EST-0026] Missing route to pin _27167_/X in net _00087_.
[WARNING EST-0026] Missing route to pin _45472_/D in net _00087_.
[WARNING EST-0026] Missing route to pin _27167_/X in net _00087_.
[WARNING EST-0026] Missing route to pin _45365_/D in net _00088_.
[WARNING EST-0026] Missing route to pin _26066_/X in net _00088_.
[WARNING EST-0026] Missing route to pin _45365_/D in net _00088_.
[WARNING EST-0026] Missing route to pin _26066_/X in net _00088_.
[WARNING EST-0026] Missing route to pin _45365_/D in net _00088_.
[WARNING EST-0026] Missing route to pin _26066_/X in net _00088_.
[WARNING EST-0026] Missing route to pin _45365_/D in net _00088_.
[WARNING EST-0026] Missing route to pin _26066_/X in net _00088_.
[WARNING EST-0026] Missing route to pin _45365_/D in net _00088_.
[WARNING EST-0026] Missing route to pin _26066_/X in net _00088_.
[WARNING EST-0026] Missing route to pin _45365_/D in net _00088_.
[WARNING EST-0026] Missing route to pin _26066_/X in net _00088_.
[WARNING EST-0026] Missing route to pin _45365_/D in net _00088_.
[WARNING EST-0026] Missing route to pin _26066_/X in net _00088_.
[WARNING EST-0026] Missing route to pin _45365_/D in net _00088_.
[WARNING EST-0026] Missing route to pin _26066_/X in net _00088_.
[WARNING EST-0026] Missing route to pin _45365_/D in net _00088_.
[WARNING EST-0026] Missing route to pin _26066_/X in net _00088_.
[WARNING EST-0026] Missing route to pin _45375_/D in net _00089_.
[WARNING EST-0026] Missing route to pin _26246_/X in net _00089_.
[WARNING EST-0026] Missing route to pin _45375_/D in net _00089_.
[WARNING EST-0026] Missing route to pin _26246_/X in net _00089_.
[WARNING EST-0026] Missing route to pin _45375_/D in net _00089_.
[WARNING EST-0026] Missing route to pin _26246_/X in net _00089_.
[WARNING EST-0026] Missing route to pin _45375_/D in net _00089_.
[WARNING EST-0026] Missing route to pin _26246_/X in net _00089_.
[WARNING EST-0026] Missing route to pin _45375_/D in net _00089_.
[WARNING EST-0026] Missing route to pin _26246_/X in net _00089_.
[WARNING EST-0026] Missing route to pin _45375_/D in net _00089_.
[WARNING EST-0026] Missing route to pin _26246_/X in net _00089_.
[WARNING EST-0026] Missing route to pin _45375_/D in net _00089_.
[WARNING EST-0026] Missing route to pin _26246_/X in net _00089_.
[WARNING EST-0026] Missing route to pin _45375_/D in net _00089_.
[WARNING EST-0026] Missing route to pin _26246_/X in net _00089_.
[WARNING EST-0026] Missing route to pin _45375_/D in net _00089_.
[WARNING EST-0026] Missing route to pin _26246_/X in net _00089_.
[WARNING EST-0026] Missing route to pin _45379_/D in net _00093_.
[WARNING EST-0026] Missing route to pin _26316_/X in net _00093_.
[WARNING EST-0026] Missing route to pin _45379_/D in net _00093_.
[WARNING EST-0026] Missing route to pin _26316_/X in net _00093_.
[WARNING EST-0026] Missing route to pin _45379_/D in net _00093_.
[WARNING EST-0026] Missing route to pin _26316_/X in net _00093_.
[WARNING EST-0026] Missing route to pin _45379_/D in net _00093_.
[WARNING EST-0026] Missing route to pin _26316_/X in net _00093_.
[WARNING EST-0026] Missing route to pin _45379_/D in net _00093_.
[WARNING EST-0026] Missing route to pin _26316_/X in net _00093_.
[WARNING EST-0026] message limit (1000) reached. This message will no longer print.
[INFO GRT-0197] Via related to pin nodes: 145467
[INFO GRT-0198] Via related Steiner nodes: 4196
[INFO GRT-0199] Via filling finished.
[INFO GRT-0111] Final number of vias: 187969
[INFO GRT-0112] Final usage 3D: 737695

[INFO GRT-0096] Final congestion report:
Layer         Resource        Demand        Usage (%)    Max H / Max V / Total Overflow
---------------------------------------------------------------------------------------
li1                  0             0            0.00%             0 /  0 /  0
met1            135068         68831           50.96%             0 /  0 /  0
met2            140196         72757           51.90%             0 /  0 /  0
met3             99755         18398           18.44%             0 /  0 /  0
met4             63136         13802           21.86%             0 /  0 /  0
---------------------------------------------------------------------------------------
Total           438155        173788           39.66%             0 /  0 /  0

[INFO GRT-0018] Total wirelength: 1650624 um
[INFO GRT-0014] Routed nets: 26655
[INFO GRT-0303] Global routing runtime = 00:00:05
Setting global connections for newly added cells…
[INFO] Setting global connections...
[INFO ODB-0403] 0 connections made, 0 conflicts skipped.
Updating metrics…
Cell type report:                       Count       Area
  Fill cell                               602    2259.67
  Tap cell                               9544   11941.45
  Buffer                                 2847   13510.46
  Clock buffer                            541    7148.11
  Timing Repair Buffer                   1968   16878.69
  Inverter                               2201    8992.37
  Clock inverter                           95    1226.18
  Sequential cell                        2860   74503.96
  Multi-Input combinational cell        16407  139204.76
  Total                                 37065  275665.64
Writing OpenROAD database to '/Users/yomna/Documents/projects/harts/flow/openlane/runs/classic-flow/44-openroad-repairdesignpostgrt/hw_scheduler_top.odb'…
Writing netlist to '/Users/yomna/Documents/projects/harts/flow/openlane/runs/classic-flow/44-openroad-repairdesignpostgrt/hw_scheduler_top.nl.v'…
Writing powered netlist to '/Users/yomna/Documents/projects/harts/flow/openlane/runs/classic-flow/44-openroad-repairdesignpostgrt/hw_scheduler_top.pnl.v'…
Writing layout to '/Users/yomna/Documents/projects/harts/flow/openlane/runs/classic-flow/44-openroad-repairdesignpostgrt/hw_scheduler_top.def'…
Writing timing constraints to '/Users/yomna/Documents/projects/harts/flow/openlane/runs/classic-flow/44-openroad-repairdesignpostgrt/hw_scheduler_top.sdc'…
