167. Printing statistics.

=== hw_scheduler_top ===

        +----------Local Count, excluding submodules.
        |        +-Local Area, excluding submodules.
        |        | 
    15481        - wires
    15488        - wire bits
     3092        - public wires
     3099        - public wire bits
        9        - ports
       16        - port bits
    15475 1.95E+05 cells
       35   437.92   sky130_fd_sc_hd__a2111o_2
        5   75.072   sky130_fd_sc_hd__a2111oi_2
      424  4244.07   sky130_fd_sc_hd__a211o_2
      298 3.73E+03   sky130_fd_sc_hd__a211oi_2
       47  470.451   sky130_fd_sc_hd__a21bo_2
       16  180.173   sky130_fd_sc_hd__a21boi_2
      358 3.14E+03   sky130_fd_sc_hd__a21o_2
      322 2.82E+03   sky130_fd_sc_hd__a21oi_2
      516 5.81E+03   sky130_fd_sc_hd__a221o_2
       59   885.85   sky130_fd_sc_hd__a221oi_2
     2220 2.22E+04   sky130_fd_sc_hd__a22o_2
       21  262.752   sky130_fd_sc_hd__a22oi_2
       79  889.603   sky130_fd_sc_hd__a2bb2o_2
       11  123.869   sky130_fd_sc_hd__a311o_2
        4   60.058   sky130_fd_sc_hd__a311oi_2
      160  1.4E+03   sky130_fd_sc_hd__a31o_2
        8  100.096   sky130_fd_sc_hd__a31oi_2
      114 1.28E+03   sky130_fd_sc_hd__a32o_2
        8   90.086   sky130_fd_sc_hd__a41o_2
      599  4.5E+03   sky130_fd_sc_hd__and2_2
       61  534.262   sky130_fd_sc_hd__and2b_2
      242 1.82E+03   sky130_fd_sc_hd__and3_2
       30  300.288   sky130_fd_sc_hd__and3b_2
       34  340.326   sky130_fd_sc_hd__and4_2
       22  247.738   sky130_fd_sc_hd__and4b_2
       17  212.704   sky130_fd_sc_hd__and4bb_2
     2996 7.87E+04   sky130_fd_sc_hd__dfrtp_2
       28  735.706   sky130_fd_sc_hd__dfstp_2
       62 1.32E+03   sky130_fd_sc_hd__dfxtp_2
      360 1.35E+03   sky130_fd_sc_hd__inv_2
      986 1.11E+04   sky130_fd_sc_hd__mux2_1
      715  4473.04   sky130_fd_sc_hd__nand2_2
       39  341.578   sky130_fd_sc_hd__nand2b_2
       21  210.202   sky130_fd_sc_hd__nand3_2
        6   67.565   sky130_fd_sc_hd__nand3b_2
        6   75.072   sky130_fd_sc_hd__nand4_2
      804 5.03E+03   sky130_fd_sc_hd__nor2_2
       39  390.374   sky130_fd_sc_hd__nor3_2
        6   75.072   sky130_fd_sc_hd__nor3b_2
       13  162.656   sky130_fd_sc_hd__nor4_2
        3   45.043   sky130_fd_sc_hd__nor4b_2
       19  237.728   sky130_fd_sc_hd__o2111a_2
        4   60.058   sky130_fd_sc_hd__o2111ai_2
      332 3.32E+03   sky130_fd_sc_hd__o211a_2
       33  412.896   sky130_fd_sc_hd__o211ai_2
      287 2.51E+03   sky130_fd_sc_hd__o21a_2
      314 2.75E+03   sky130_fd_sc_hd__o21ai_2
       30  300.288   sky130_fd_sc_hd__o21ba_2
       26  292.781   sky130_fd_sc_hd__o21bai_2
      290 3.27E+03   sky130_fd_sc_hd__o221a_2
       16   240.23   sky130_fd_sc_hd__o221ai_2
      416 4.16E+03   sky130_fd_sc_hd__o22a_2
       49  613.088   sky130_fd_sc_hd__o22ai_2
       91 1.02E+03   sky130_fd_sc_hd__o2bb2a_2
       15  168.912   sky130_fd_sc_hd__o311a_2
        1   16.266   sky130_fd_sc_hd__o311ai_2
       46  460.442   sky130_fd_sc_hd__o31a_2
       18  225.216   sky130_fd_sc_hd__o31ai_2
       12   135.13   sky130_fd_sc_hd__o32a_2
        3   48.797   sky130_fd_sc_hd__o32ai_2
       10   125.12   sky130_fd_sc_hd__o41a_2
      789 4.94E+03   sky130_fd_sc_hd__or2_2
      244 1.83E+03   sky130_fd_sc_hd__or3_2
       53  464.195   sky130_fd_sc_hd__or3b_2
      256  2242.15   sky130_fd_sc_hd__or4_2
       35  350.336   sky130_fd_sc_hd__or4b_2
        4   50.048   sky130_fd_sc_hd__or4bb_2
      167 2.72E+03   sky130_fd_sc_hd__xnor2_2
      121 1.97E+03   sky130_fd_sc_hd__xor2_2

   Chip area for module '\hw_scheduler_top': 195207.219200
     of which used for sequential elements: 80774.969600 (41.38%)

